Mon Sep 30 21:30:47 UTC 2019
Mon Sep 30 21:30:47 UTC 2019

real	0m1.155s
user	0m0.114s
sys	0m0.038s
ls: cannot access 1G_6.dat: No such file or directory
Mon Sep 30 21:30:49 UTC 2019

real	0m30.446s
user	0m3.890s
sys	0m6.524s
Mon Sep 30 21:31:19 UTC 2019

real	0m12.120s
user	0m3.031s
sys	0m4.389s
--- Mid run ---
Mon Sep 30 21:31:31 UTC 2019

real	0m4.168s
user	0m2.362s
sys	0m3.876s
=== Mid run end ===
Mon Sep 30 21:31:36 UTC 2019

real	0m4.280s
user	0m2.569s
sys	0m3.632s
Mon Sep 30 21:31:40 UTC 2019

real	0m4.136s
user	0m2.494s
sys	0m4.110s
Mon Sep 30 21:31:45 UTC 2019
