Mon Sep 30 21:26:48 UTC 2019
Mon Sep 30 21:26:48 UTC 2019

real	0m19.268s
user	0m2.535s
sys	0m4.973s
Mon Sep 30 21:27:07 UTC 2019

real	0m6.122s
user	0m2.032s
sys	0m3.757s
Mon Sep 30 21:27:13 UTC 2019

real	0m2.105s
user	0m1.856s
sys	0m3.034s
--- Mid run ---
Mon Sep 30 21:27:16 UTC 2019

real	0m4.115s
user	0m1.905s
sys	0m3.303s
=== Mid run end ===
Mon Sep 30 21:27:20 UTC 2019

real	0m6.102s
user	0m1.933s
sys	0m3.361s
Mon Sep 30 21:27:26 UTC 2019

real	0m2.118s
user	0m1.851s
sys	0m2.947s
Mon Sep 30 21:27:28 UTC 2019
