/dev/shm
Slot slot1
Fetching 1G_1.dat from stashcache.t2.ucsd.edu
Wed Oct  2 22:30:21 UTC 2019
RC 0
-rw-r--r--. 1 cuser1 cuser 1048576000 Oct  2 22:30 1G_1.dat
--- Mid run ---
Wed Oct  2 22:30:53 UTC 2019
RC 0
-rw-r--r--. 1 cuser1 cuser 1048576000 Oct  2 22:31 1G_1.dat
=== Mid run end ===
Wed Oct  2 22:31:23 UTC 2019
RC 0
-rw-r--r--. 1 cuser1 cuser 1048576000 Oct  2 22:31 1G_1.dat
Wed Oct  2 22:31:53 UTC 2019
RC 0
-rw-r--r--. 1 cuser1 cuser 1048576000 Oct  2 22:32 1G_1.dat
Wed Oct  2 22:32:25 UTC 2019
RC 0
-rw-r--r--. 1 cuser1 cuser 1048576000 Oct  2 22:32 1G_1.dat
Wed Oct  2 22:32:57 UTC 2019
RC 0
-rw-r--r--. 1 cuser1 cuser 1048576000 Oct  2 22:33 1G_1.dat
Wed Oct  2 22:33:27 UTC 2019
