/dev/shm
Slot slot4
Fetching 1G_4.dat from osg.newy32aoa.nrp.internet2.edu
Wed Oct  2 18:14:09 UTC 2019
RC 0
-rw-r--r--. 1 cuser4 cuser 1048576000 Oct  2 18:14 1G_4.dat
--- Mid run ---
Wed Oct  2 18:14:37 UTC 2019
RC 0
-rw-r--r--. 1 cuser4 cuser 1048576000 Oct  2 18:15 1G_4.dat
=== Mid run end ===
Wed Oct  2 18:15:09 UTC 2019
RC 0
-rw-r--r--. 1 cuser4 cuser 1048576000 Oct  2 18:15 1G_4.dat
Wed Oct  2 18:15:42 UTC 2019
RC 0
-rw-r--r--. 1 cuser4 cuser 1048576000 Oct  2 18:16 1G_4.dat
Wed Oct  2 18:16:13 UTC 2019
RC 0
-rw-r--r--. 1 cuser4 cuser 1048576000 Oct  2 18:16 1G_4.dat
Wed Oct  2 18:16:45 UTC 2019
RC 0
-rw-r--r--. 1 cuser4 cuser 1048576000 Oct  2 18:17 1G_4.dat
Wed Oct  2 18:17:16 UTC 2019
