/dev/shm
Slot slot4
Fetching 1G_4.dat from osg.newy32aoa.nrp.internet2.edu
Wed Oct  2 18:14:10 UTC 2019
RC 0
-rw-r--r--. 1 cuser4 cuser 1048576000 Oct  2 18:14 1G_4.dat
--- Mid run ---
Wed Oct  2 18:14:41 UTC 2019
RC 0
-rw-r--r--. 1 cuser4 cuser 1048576000 Oct  2 18:15 1G_4.dat
=== Mid run end ===
Wed Oct  2 18:15:17 UTC 2019
RC 0
-rw-r--r--. 1 cuser4 cuser 1048576000 Oct  2 18:15 1G_4.dat
Wed Oct  2 18:15:50 UTC 2019
RC 0
-rw-r--r--. 1 cuser4 cuser 1048576000 Oct  2 18:16 1G_4.dat
Wed Oct  2 18:16:24 UTC 2019
RC 0
-rw-r--r--. 1 cuser4 cuser 1048576000 Oct  2 18:16 1G_4.dat
Wed Oct  2 18:16:58 UTC 2019
RC 0
-rw-r--r--. 1 cuser4 cuser 1048576000 Oct  2 18:17 1G_4.dat
Wed Oct  2 18:17:29 UTC 2019
