/dev/shm
Slot slot7
Fetching 1G_7.dat
Sat Sep 28 19:37:25 UTC 2019
RC 0
-rw-r--r--. 1 centos centos 1048576000 Sep 28 19:37 1G_7.dat
--- Mid run ---
Sat Sep 28 19:37:34 UTC 2019
RC 0
-rw-r--r--. 1 centos centos 1048576000 Sep 28 19:37 1G_7.dat
=== Mid run end ===
Sat Sep 28 19:37:42 UTC 2019
RC 0
-rw-r--r--. 1 centos centos 1048576000 Sep 28 19:37 1G_7.dat
Sat Sep 28 19:37:51 UTC 2019
RC 0
-rw-r--r--. 1 centos centos 1048576000 Sep 28 19:37 1G_7.dat
Sat Sep 28 19:37:59 UTC 2019
RC 0
-rw-r--r--. 1 centos centos 1048576000 Sep 28 19:38 1G_7.dat
Sat Sep 28 19:38:07 UTC 2019
RC 0
-rw-r--r--. 1 centos centos 1048576000 Sep 28 19:38 1G_7.dat
Sat Sep 28 19:38:15 UTC 2019
