/dev/shm
Slot slot2
Fetching 1G_2.dat
Sat Sep 28 22:20:29 UTC 2019
RC 0
-rw-r--r--. 1 centos centos 1048576000 Sep 28 22:20 1G_2.dat
--- Mid run ---
Sat Sep 28 22:20:40 UTC 2019
RC 0
-rw-r--r--. 1 centos centos 1048576000 Sep 28 22:20 1G_2.dat
=== Mid run end ===
Sat Sep 28 22:20:52 UTC 2019
RC 0
-rw-r--r--. 1 centos centos 1048576000 Sep 28 22:21 1G_2.dat
Sat Sep 28 22:21:03 UTC 2019
RC 0
-rw-r--r--. 1 centos centos 1048576000 Sep 28 22:21 1G_2.dat
Sat Sep 28 22:21:12 UTC 2019
RC 0
-rw-r--r--. 1 centos centos 1048576000 Sep 28 22:21 1G_2.dat
Sat Sep 28 22:21:20 UTC 2019
RC 0
-rw-r--r--. 1 centos centos 1048576000 Sep 28 22:21 1G_2.dat
Sat Sep 28 22:21:31 UTC 2019
