/dev/shm/user_slot4
Wed Oct 23 22:45:49 UTC 2019
Job 123
Fetching 1G.dat from /base_b/test./data/1G_123.dat
Wed Oct 23 22:45:49 UTC 2019
INFO: Downloaded https://storage.googleapis.com/exa-us-west-1/8_data/base_b/testm/data/1G_123.dat into /dev/shm/user_slot4/1G_123.dat
RC 0
-rw-r--r--. 1 centos centos 1000000000 Oct 23 22:46 1G_123.dat
--- Mid run ---
Wed Oct 23 22:46:13 UTC 2019
INFO: Downloaded https://storage.googleapis.com/exa-us-west-1/8_data/base_b/testm/data/1G_123.dat into /dev/shm/user_slot4/1G_123.dat
RC 0
-rw-r--r--. 1 centos centos 1000000000 Oct 23 22:46 1G_123.dat
=== Mid run end ===
Wed Oct 23 22:46:17 UTC 2019
INFO: Downloaded https://storage.googleapis.com/exa-us-west-1/8_data/base_b/testm/data/1G_123.dat into /dev/shm/user_slot4/1G_123.dat
RC 0
-rw-r--r--. 1 centos centos 1000000000 Oct 23 22:46 1G_123.dat
Wed Oct 23 22:46:21 UTC 2019
INFO: Downloaded https://storage.googleapis.com/exa-us-west-1/8_data/base_b/testm/data/1G_123.dat into /dev/shm/user_slot4/1G_123.dat
RC 0
-rw-r--r--. 1 centos centos 1000000000 Oct 23 22:46 1G_123.dat
Wed Oct 23 22:46:25 UTC 2019
