/dev/shm/user_slot7
Wed Oct 23 22:45:52 UTC 2019
Job 177
Fetching 1G.dat from /base_1/test./data/1G_177.dat
Wed Oct 23 22:45:52 UTC 2019
INFO: Downloaded https://storage.googleapis.com/exa-us-west-1/4_data/base_1/testa/data/1G_177.dat into /dev/shm/user_slot7/1G_177.dat
RC 0
-rw-r--r--. 1 centos centos 1000000000 Oct 23 22:46 1G_177.dat
--- Mid run ---
Wed Oct 23 22:46:08 UTC 2019
INFO: Downloaded https://storage.googleapis.com/exa-us-west-1/4_data/base_1/testa/data/1G_177.dat into /dev/shm/user_slot7/1G_177.dat
RC 0
-rw-r--r--. 1 centos centos 1000000000 Oct 23 22:46 1G_177.dat
=== Mid run end ===
Wed Oct 23 22:46:24 UTC 2019
INFO: Downloaded https://storage.googleapis.com/exa-us-west-1/4_data/base_1/testa/data/1G_177.dat into /dev/shm/user_slot7/1G_177.dat
RC 0
-rw-r--r--. 1 centos centos 1000000000 Oct 23 22:46 1G_177.dat
Wed Oct 23 22:46:30 UTC 2019
INFO: Downloaded https://storage.googleapis.com/exa-us-west-1/4_data/base_1/testa/data/1G_177.dat into /dev/shm/user_slot7/1G_177.dat
RC 0
-rw-r--r--. 1 centos centos 1000000000 Oct 23 22:46 1G_177.dat
Wed Oct 23 22:46:39 UTC 2019
