/dev/shm/user_slot5
Wed Oct 23 22:45:51 UTC 2019
Job 150
Fetching 1G.dat from /base_6/test./data/1G_150.dat
Wed Oct 23 22:45:51 UTC 2019
INFO: Downloaded https://storage.googleapis.com/exa-us-west-1/2_data/base_6/testa/data/1G_150.dat into /dev/shm/user_slot5/1G_150.dat
RC 0
-rw-r--r--. 1 centos centos 1000000000 Oct 23 22:46 1G_150.dat
--- Mid run ---
Wed Oct 23 22:46:05 UTC 2019
INFO: Downloaded https://storage.googleapis.com/exa-us-west-1/2_data/base_6/testa/data/1G_150.dat into /dev/shm/user_slot5/1G_150.dat
RC 0
-rw-r--r--. 1 centos centos 1000000000 Oct 23 22:46 1G_150.dat
=== Mid run end ===
Wed Oct 23 22:46:11 UTC 2019
INFO: Downloaded https://storage.googleapis.com/exa-us-west-1/2_data/base_6/testa/data/1G_150.dat into /dev/shm/user_slot5/1G_150.dat
RC 0
-rw-r--r--. 1 centos centos 1000000000 Oct 23 22:46 1G_150.dat
Wed Oct 23 22:46:16 UTC 2019
INFO: Downloaded https://storage.googleapis.com/exa-us-west-1/2_data/base_6/testa/data/1G_150.dat into /dev/shm/user_slot5/1G_150.dat
RC 0
-rw-r--r--. 1 centos centos 1000000000 Oct 23 22:46 1G_150.dat
Wed Oct 23 22:46:20 UTC 2019
