/dev/shm/user_slot10
Wed Oct 23 22:45:46 UTC 2019
Job 78
Fetching 1G.dat from /base_e/test./data/1G_78.dat
Wed Oct 23 22:45:46 UTC 2019
INFO: Downloaded https://storage.googleapis.com/exa-us-west-1/d_data/base_e/testm/data/1G_78.dat into /dev/shm/user_slot10/1G_78.dat
RC 0
-rw-r--r--. 1 centos centos 1000000000 Oct 23 22:46 1G_78.dat
--- Mid run ---
Wed Oct 23 22:46:02 UTC 2019
INFO: Downloaded https://storage.googleapis.com/exa-us-west-1/d_data/base_e/testm/data/1G_78.dat into /dev/shm/user_slot10/1G_78.dat
RC 0
-rw-r--r--. 1 centos centos 1000000000 Oct 23 22:46 1G_78.dat
=== Mid run end ===
Wed Oct 23 22:46:06 UTC 2019
INFO: Downloaded https://storage.googleapis.com/exa-us-west-1/d_data/base_e/testm/data/1G_78.dat into /dev/shm/user_slot10/1G_78.dat
RC 0
-rw-r--r--. 1 centos centos 1000000000 Oct 23 22:46 1G_78.dat
Wed Oct 23 22:46:10 UTC 2019
INFO: Downloaded https://storage.googleapis.com/exa-us-west-1/d_data/base_e/testm/data/1G_78.dat into /dev/shm/user_slot10/1G_78.dat
RC 0
-rw-r--r--. 1 centos centos 1000000000 Oct 23 22:46 1G_78.dat
Wed Oct 23 22:46:15 UTC 2019
