/dev/shm/user_slot6
Wed Oct 23 22:45:52 UTC 2019
Job 178
Fetching 1G.dat from /base_2/test./data/1G_178.dat
Wed Oct 23 22:45:52 UTC 2019
INFO: Downloaded https://storage.googleapis.com/exa-us-west-1/c_data/base_2/testm/data/1G_178.dat into /dev/shm/user_slot6/1G_178.dat
RC 0
-rw-r--r--. 1 centos centos 1000000000 Oct 23 22:46 1G_178.dat
--- Mid run ---
Wed Oct 23 22:46:12 UTC 2019
INFO: Downloaded https://storage.googleapis.com/exa-us-west-1/c_data/base_2/testm/data/1G_178.dat into /dev/shm/user_slot6/1G_178.dat
RC 0
-rw-r--r--. 1 centos centos 1000000000 Oct 23 22:46 1G_178.dat
=== Mid run end ===
Wed Oct 23 22:46:18 UTC 2019
INFO: Downloaded https://storage.googleapis.com/exa-us-west-1/c_data/base_2/testm/data/1G_178.dat into /dev/shm/user_slot6/1G_178.dat
RC 0
-rw-r--r--. 1 centos centos 1000000000 Oct 23 22:46 1G_178.dat
Wed Oct 23 22:46:23 UTC 2019
INFO: Downloaded https://storage.googleapis.com/exa-us-west-1/c_data/base_2/testm/data/1G_178.dat into /dev/shm/user_slot6/1G_178.dat
RC 0
-rw-r--r--. 1 centos centos 1000000000 Oct 23 22:46 1G_178.dat
Wed Oct 23 22:46:29 UTC 2019
