/dev/shm/user_slot5
Wed Oct 23 22:45:55 UTC 2019
Job 234
Fetching 1G.dat from /base_a/test./data/1G_234.dat
Wed Oct 23 22:45:55 UTC 2019
INFO: Downloaded https://storage.googleapis.com/exa-us-west-1/0_data/base_a/testm/data/1G_234.dat into /dev/shm/user_slot5/1G_234.dat
RC 0
-rw-r--r--. 1 centos centos 1000000000 Oct 23 22:46 1G_234.dat
--- Mid run ---
Wed Oct 23 22:46:16 UTC 2019
INFO: Downloaded https://storage.googleapis.com/exa-us-west-1/0_data/base_a/testm/data/1G_234.dat into /dev/shm/user_slot5/1G_234.dat
RC 0
-rw-r--r--. 1 centos centos 1000000000 Oct 23 22:46 1G_234.dat
=== Mid run end ===
Wed Oct 23 22:46:22 UTC 2019
INFO: Downloaded https://storage.googleapis.com/exa-us-west-1/0_data/base_a/testm/data/1G_234.dat into /dev/shm/user_slot5/1G_234.dat
RC 0
-rw-r--r--. 1 centos centos 1000000000 Oct 23 22:46 1G_234.dat
Wed Oct 23 22:46:28 UTC 2019
INFO: Downloaded https://storage.googleapis.com/exa-us-west-1/0_data/base_a/testm/data/1G_234.dat into /dev/shm/user_slot5/1G_234.dat
RC 0
-rw-r--r--. 1 centos centos 1000000000 Oct 23 22:46 1G_234.dat
Wed Oct 23 22:46:43 UTC 2019
