/dev/shm/user_slot1
Wed Oct 23 22:45:42 UTC 2019
Job 12
Fetching 1G.dat from /base_c/test./data/1G_12.dat
Wed Oct 23 22:45:42 UTC 2019
INFO: Downloaded https://storage.googleapis.com/exa-us-west-1/f_data/base_c/testm/data/1G_12.dat into /dev/shm/user_slot1/1G_12.dat
RC 0
-rw-r--r--. 1 centos centos 1000000000 Oct 23 22:45 1G_12.dat
--- Mid run ---
Wed Oct 23 22:45:55 UTC 2019
INFO: Downloaded https://storage.googleapis.com/exa-us-west-1/f_data/base_c/testm/data/1G_12.dat into /dev/shm/user_slot1/1G_12.dat
RC 0
-rw-r--r--. 1 centos centos 1000000000 Oct 23 22:46 1G_12.dat
=== Mid run end ===
Wed Oct 23 22:46:14 UTC 2019
INFO: Downloaded https://storage.googleapis.com/exa-us-west-1/f_data/base_c/testm/data/1G_12.dat into /dev/shm/user_slot1/1G_12.dat
RC 0
-rw-r--r--. 1 centos centos 1000000000 Oct 23 22:46 1G_12.dat
Wed Oct 23 22:46:23 UTC 2019
INFO: Downloaded https://storage.googleapis.com/exa-us-west-1/f_data/base_c/testm/data/1G_12.dat into /dev/shm/user_slot1/1G_12.dat
RC 0
-rw-r--r--. 1 centos centos 1000000000 Oct 23 22:46 1G_12.dat
Wed Oct 23 22:46:30 UTC 2019
