/dev/shm/user_slot16
Wed Oct 23 22:45:43 UTC 2019
Job 25
Fetching 1G.dat from /base_9/test./data/1G_25.dat
Wed Oct 23 22:45:43 UTC 2019
INFO: Downloaded https://storage.googleapis.com/exa-us-west-1/2_data/base_9/testb/data/1G_25.dat into /dev/shm/user_slot16/1G_25.dat
RC 0
-rw-r--r--. 1 centos centos 1000000000 Oct 23 22:45 1G_25.dat
--- Mid run ---
Wed Oct 23 22:45:52 UTC 2019
INFO: Downloaded https://storage.googleapis.com/exa-us-west-1/2_data/base_9/testb/data/1G_25.dat into /dev/shm/user_slot16/1G_25.dat
RC 0
-rw-r--r--. 1 centos centos 1000000000 Oct 23 22:46 1G_25.dat
=== Mid run end ===
Wed Oct 23 22:46:02 UTC 2019
INFO: Downloaded https://storage.googleapis.com/exa-us-west-1/2_data/base_9/testb/data/1G_25.dat into /dev/shm/user_slot16/1G_25.dat
RC 0
-rw-r--r--. 1 centos centos 1000000000 Oct 23 22:46 1G_25.dat
Wed Oct 23 22:46:10 UTC 2019
INFO: Downloaded https://storage.googleapis.com/exa-us-west-1/2_data/base_9/testb/data/1G_25.dat into /dev/shm/user_slot16/1G_25.dat
RC 0
-rw-r--r--. 1 centos centos 1000000000 Oct 23 22:46 1G_25.dat
Wed Oct 23 22:46:18 UTC 2019
