/dev/shm/user_slot6
Wed Oct 23 22:45:56 UTC 2019
Job 243
Fetching 1G.dat from /base_3/test./data/1G_243.dat
Wed Oct 23 22:45:56 UTC 2019
INFO: Downloaded https://storage.googleapis.com/exa-us-west-1/f_data/base_3/testb/data/1G_243.dat into /dev/shm/user_slot6/1G_243.dat
RC 0
-rw-r--r--. 1 centos centos 1000000000 Oct 23 22:46 1G_243.dat
--- Mid run ---
Wed Oct 23 22:46:11 UTC 2019
INFO: Downloaded https://storage.googleapis.com/exa-us-west-1/f_data/base_3/testb/data/1G_243.dat into /dev/shm/user_slot6/1G_243.dat
RC 0
-rw-r--r--. 1 centos centos 1000000000 Oct 23 22:46 1G_243.dat
=== Mid run end ===
Wed Oct 23 22:46:19 UTC 2019
INFO: Downloaded https://storage.googleapis.com/exa-us-west-1/f_data/base_3/testb/data/1G_243.dat into /dev/shm/user_slot6/1G_243.dat
RC 0
-rw-r--r--. 1 centos centos 1000000000 Oct 23 22:46 1G_243.dat
Wed Oct 23 22:46:36 UTC 2019
INFO: Downloaded https://storage.googleapis.com/exa-us-west-1/f_data/base_3/testb/data/1G_243.dat into /dev/shm/user_slot6/1G_243.dat
RC 0
-rw-r--r--. 1 centos centos 1000000000 Oct 23 22:46 1G_243.dat
Wed Oct 23 22:46:42 UTC 2019
