/dev/shm/user_slot14
Wed Oct 23 23:54:47 UTC 2019
Job 112
Fetching 1G.dat from /base_0/test./data/1G_112.dat
Wed Oct 23 23:54:47 UTC 2019
INFO: Downloaded https://storage.googleapis.com/exa-us-east-1/1_data/base_0/testb/data/1G_112.dat into /dev/shm/user_slot14/1G_112.dat
RC 0
-rw-r--r--. 1 centos centos 1000000000 Oct 23 23:54 1G_112.dat
--- Mid run ---
Wed Oct 23 23:54:59 UTC 2019
INFO: Downloaded https://storage.googleapis.com/exa-us-east-1/1_data/base_0/testb/data/1G_112.dat into /dev/shm/user_slot14/1G_112.dat
RC 0
-rw-r--r--. 1 centos centos 1000000000 Oct 23 23:55 1G_112.dat
=== Mid run end ===
Wed Oct 23 23:55:08 UTC 2019
INFO: Downloaded https://storage.googleapis.com/exa-us-east-1/1_data/base_0/testb/data/1G_112.dat into /dev/shm/user_slot14/1G_112.dat
RC 0
-rw-r--r--. 1 centos centos 1000000000 Oct 23 23:55 1G_112.dat
Wed Oct 23 23:55:17 UTC 2019
INFO: Downloaded https://storage.googleapis.com/exa-us-east-1/1_data/base_0/testb/data/1G_112.dat into /dev/shm/user_slot14/1G_112.dat
RC 0
-rw-r--r--. 1 centos centos 1000000000 Oct 23 23:55 1G_112.dat
Wed Oct 23 23:55:23 UTC 2019
