/dev/shm/user_slot7
Wed Oct 23 23:54:47 UTC 2019
Job 112
Fetching 1G.dat from /base_0/test./data/1G_112.dat
Wed Oct 23 23:54:47 UTC 2019
INFO: Downloaded https://storage.googleapis.com/exa-us-east-1/e_data/base_0/testm/data/1G_112.dat into /dev/shm/user_slot7/1G_112.dat
RC 0
-rw-r--r--. 1 centos centos 1000000000 Oct 23 23:55 1G_112.dat
--- Mid run ---
Wed Oct 23 23:55:07 UTC 2019
INFO: Downloaded https://storage.googleapis.com/exa-us-east-1/e_data/base_0/testm/data/1G_112.dat into /dev/shm/user_slot7/1G_112.dat
RC 0
-rw-r--r--. 1 centos centos 1000000000 Oct 23 23:55 1G_112.dat
=== Mid run end ===
Wed Oct 23 23:55:16 UTC 2019
INFO: Downloaded https://storage.googleapis.com/exa-us-east-1/e_data/base_0/testm/data/1G_112.dat into /dev/shm/user_slot7/1G_112.dat
RC 0
-rw-r--r--. 1 centos centos 1000000000 Oct 23 23:55 1G_112.dat
Wed Oct 23 23:55:24 UTC 2019
INFO: Downloaded https://storage.googleapis.com/exa-us-east-1/e_data/base_0/testm/data/1G_112.dat into /dev/shm/user_slot7/1G_112.dat
RC 0
-rw-r--r--. 1 centos centos 1000000000 Oct 23 23:55 1G_112.dat
Wed Oct 23 23:55:32 UTC 2019
