/dev/shm/user_slot10
Wed Oct 23 23:54:43 UTC 2019
Job 36
Fetching 1G.dat from /base_4/test./data/1G_36.dat
Wed Oct 23 23:54:43 UTC 2019
INFO: Downloaded https://storage.googleapis.com/exa-us-east-1/b_data/base_4/testb/data/1G_36.dat into /dev/shm/user_slot10/1G_36.dat
RC 0
-rw-r--r--. 1 centos centos 1000000000 Oct 23 23:54 1G_36.dat
--- Mid run ---
Wed Oct 23 23:54:54 UTC 2019
INFO: Downloaded https://storage.googleapis.com/exa-us-east-1/b_data/base_4/testb/data/1G_36.dat into /dev/shm/user_slot10/1G_36.dat
RC 0
-rw-r--r--. 1 centos centos 1000000000 Oct 23 23:55 1G_36.dat
=== Mid run end ===
Wed Oct 23 23:55:03 UTC 2019
INFO: Downloaded https://storage.googleapis.com/exa-us-east-1/b_data/base_4/testb/data/1G_36.dat into /dev/shm/user_slot10/1G_36.dat
RC 0
-rw-r--r--. 1 centos centos 1000000000 Oct 23 23:55 1G_36.dat
Wed Oct 23 23:55:10 UTC 2019
INFO: Downloaded https://storage.googleapis.com/exa-us-east-1/b_data/base_4/testb/data/1G_36.dat into /dev/shm/user_slot10/1G_36.dat
RC 0
-rw-r--r--. 1 centos centos 1000000000 Oct 23 23:55 1G_36.dat
Wed Oct 23 23:55:17 UTC 2019
