/dev/shm/user_slot5
Wed Oct 23 23:54:47 UTC 2019
Job 99
Fetching 1G.dat from /base_3/test./data/1G_99.dat
Wed Oct 23 23:54:47 UTC 2019
INFO: Downloaded https://storage.googleapis.com/exa-us-east-1/5_data/base_3/testb/data/1G_99.dat into /dev/shm/user_slot5/1G_99.dat
RC 0
-rw-r--r--. 1 centos centos 1000000000 Oct 23 23:55 1G_99.dat
--- Mid run ---
Wed Oct 23 23:55:01 UTC 2019
INFO: Downloaded https://storage.googleapis.com/exa-us-east-1/5_data/base_3/testb/data/1G_99.dat into /dev/shm/user_slot5/1G_99.dat
RC 0
-rw-r--r--. 1 centos centos 1000000000 Oct 23 23:55 1G_99.dat
=== Mid run end ===
Wed Oct 23 23:55:07 UTC 2019
INFO: Downloaded https://storage.googleapis.com/exa-us-east-1/5_data/base_3/testb/data/1G_99.dat into /dev/shm/user_slot5/1G_99.dat
RC 0
-rw-r--r--. 1 centos centos 1000000000 Oct 23 23:55 1G_99.dat
Wed Oct 23 23:55:14 UTC 2019
INFO: Downloaded https://storage.googleapis.com/exa-us-east-1/5_data/base_3/testb/data/1G_99.dat into /dev/shm/user_slot5/1G_99.dat
RC 0
-rw-r--r--. 1 centos centos 1000000000 Oct 23 23:55 1G_99.dat
Wed Oct 23 23:55:20 UTC 2019
