/dev/shm/user_slot12
Wed Oct 23 23:54:46 UTC 2019
Job 86
Fetching 1G.dat from /base_6/test./data/1G_86.dat
Wed Oct 23 23:54:46 UTC 2019
INFO: Downloaded https://storage.googleapis.com/exa-us-east-1/7_data/base_6/testm/data/1G_86.dat into /dev/shm/user_slot12/1G_86.dat
RC 0
-rw-r--r--. 1 centos centos 1000000000 Oct 23 23:55 1G_86.dat
--- Mid run ---
Wed Oct 23 23:55:00 UTC 2019
INFO: Downloaded https://storage.googleapis.com/exa-us-east-1/7_data/base_6/testm/data/1G_86.dat into /dev/shm/user_slot12/1G_86.dat
RC 0
-rw-r--r--. 1 centos centos 1000000000 Oct 23 23:55 1G_86.dat
=== Mid run end ===
Wed Oct 23 23:55:09 UTC 2019
INFO: Downloaded https://storage.googleapis.com/exa-us-east-1/7_data/base_6/testm/data/1G_86.dat into /dev/shm/user_slot12/1G_86.dat
RC 0
-rw-r--r--. 1 centos centos 1000000000 Oct 23 23:55 1G_86.dat
Wed Oct 23 23:55:16 UTC 2019
INFO: Downloaded https://storage.googleapis.com/exa-us-east-1/7_data/base_6/testm/data/1G_86.dat into /dev/shm/user_slot12/1G_86.dat
RC 0
-rw-r--r--. 1 centos centos 1000000000 Oct 23 23:55 1G_86.dat
Wed Oct 23 23:55:22 UTC 2019
