/dev/shm/user_slot14
Wed Oct 23 23:54:45 UTC 2019
Job 79
Fetching 1G.dat from /base_f/test./data/1G_79.dat
Wed Oct 23 23:54:45 UTC 2019
INFO: Downloaded https://storage.googleapis.com/exa-us-east-1/c_data/base_f/testb/data/1G_79.dat into /dev/shm/user_slot14/1G_79.dat
RC 0
-rw-r--r--. 1 centos centos 1000000000 Oct 23 23:55 1G_79.dat
--- Mid run ---
Wed Oct 23 23:55:00 UTC 2019
INFO: Downloaded https://storage.googleapis.com/exa-us-east-1/c_data/base_f/testb/data/1G_79.dat into /dev/shm/user_slot14/1G_79.dat
RC 0
-rw-r--r--. 1 centos centos 1000000000 Oct 23 23:55 1G_79.dat
=== Mid run end ===
Wed Oct 23 23:55:11 UTC 2019
INFO: Downloaded https://storage.googleapis.com/exa-us-east-1/c_data/base_f/testb/data/1G_79.dat into /dev/shm/user_slot14/1G_79.dat
RC 0
-rw-r--r--. 1 centos centos 1000000000 Oct 23 23:55 1G_79.dat
Wed Oct 23 23:55:19 UTC 2019
INFO: Downloaded https://storage.googleapis.com/exa-us-east-1/c_data/base_f/testb/data/1G_79.dat into /dev/shm/user_slot14/1G_79.dat
RC 0
-rw-r--r--. 1 centos centos 1000000000 Oct 23 23:55 1G_79.dat
Wed Oct 23 23:55:27 UTC 2019
