/dev/shm/user_slot13
Wed Oct 23 23:54:42 UTC 2019
Job 19
Fetching 1G.dat from /base_3/test./data/1G_19.dat
Wed Oct 23 23:54:42 UTC 2019
INFO: Downloaded https://storage.googleapis.com/exa-us-east-1/d_data/base_3/testb/data/1G_19.dat into /dev/shm/user_slot13/1G_19.dat
RC 0
-rw-r--r--. 1 centos centos 1000000000 Oct 23 23:54 1G_19.dat
--- Mid run ---
Wed Oct 23 23:54:56 UTC 2019
INFO: Downloaded https://storage.googleapis.com/exa-us-east-1/d_data/base_3/testb/data/1G_19.dat into /dev/shm/user_slot13/1G_19.dat
RC 0
-rw-r--r--. 1 centos centos 1000000000 Oct 23 23:55 1G_19.dat
=== Mid run end ===
Wed Oct 23 23:55:00 UTC 2019
INFO: Downloaded https://storage.googleapis.com/exa-us-east-1/d_data/base_3/testb/data/1G_19.dat into /dev/shm/user_slot13/1G_19.dat
RC 0
-rw-r--r--. 1 centos centos 1000000000 Oct 23 23:55 1G_19.dat
Wed Oct 23 23:55:06 UTC 2019
INFO: Downloaded https://storage.googleapis.com/exa-us-east-1/d_data/base_3/testb/data/1G_19.dat into /dev/shm/user_slot13/1G_19.dat
RC 0
-rw-r--r--. 1 centos centos 1000000000 Oct 23 23:55 1G_19.dat
Wed Oct 23 23:55:12 UTC 2019
