/dev/shm
Tue Oct  1 04:01:53 UTC 2019
Job 27
Fetching https://exaeastpb.blob.core.windows.net/exa-east/testm/data/1G_27.dat
Tue Oct  1 04:01:53 UTC 2019
RC 0
-rw-r--r--. 1 centos centos 1000000000 Oct  1 04:01 1G_27.dat
Tue Oct  1 04:01:59 UTC 2019
RC 0
-rw-r--r--. 1 centos centos 1000000000 Oct  1 04:02 1G_27.dat
Tue Oct  1 04:02:05 UTC 2019
RC 0
-rw-r--r--. 1 centos centos 1000000000 Oct  1 04:02 1G_27.dat
--- Mid run ---
Tue Oct  1 04:02:11 UTC 2019
RC 0
-rw-r--r--. 1 centos centos 1000000000 Oct  1 04:02 1G_27.dat
=== Mid run end ===
Tue Oct  1 04:02:17 UTC 2019
RC 0
-rw-r--r--. 1 centos centos 1000000000 Oct  1 04:02 1G_27.dat
Tue Oct  1 04:02:23 UTC 2019
RC 0
-rw-r--r--. 1 centos centos 1000000000 Oct  1 04:02 1G_27.dat
Tue Oct  1 04:02:29 UTC 2019
