/dev/shm
Tue Oct  1 04:01:53 UTC 2019
Job 24
Fetching https://exaeastp8.blob.core.windows.net/exa-east/testm/data/1G_24.dat
Tue Oct  1 04:01:53 UTC 2019
RC 0
-rw-r--r--. 1 centos centos 1000000000 Oct  1 04:01 1G_24.dat
Tue Oct  1 04:01:58 UTC 2019
RC 0
-rw-r--r--. 1 centos centos 1000000000 Oct  1 04:02 1G_24.dat
Tue Oct  1 04:02:04 UTC 2019
RC 0
-rw-r--r--. 1 centos centos 1000000000 Oct  1 04:02 1G_24.dat
--- Mid run ---
Tue Oct  1 04:02:11 UTC 2019
RC 0
-rw-r--r--. 1 centos centos 1000000000 Oct  1 04:02 1G_24.dat
=== Mid run end ===
Tue Oct  1 04:02:17 UTC 2019
RC 0
-rw-r--r--. 1 centos centos 1000000000 Oct  1 04:02 1G_24.dat
Tue Oct  1 04:02:23 UTC 2019
RC 0
-rw-r--r--. 1 centos centos 1000000000 Oct  1 04:02 1G_24.dat
Tue Oct  1 04:02:28 UTC 2019
