/dev/shm/user_slot4
Thu Oct  3 03:15:44 UTC 2019
Job 83
Fetching https://exaeastp0.blob.core.windows.net/exa-east/3_testa/data/1G_83.dat
Thu Oct  3 03:15:44 UTC 2019
RC 0
-rw-r--r--. 1 centos centos 1000000000 Oct  3 03:15 1G_83.dat
Thu Oct  3 03:15:56 UTC 2019
RC 0
-rw-r--r--. 1 centos centos 1000000000 Oct  3 03:16 1G_83.dat
Thu Oct  3 03:16:12 UTC 2019
RC 0
-rw-r--r--. 1 centos centos 1000000000 Oct  3 03:16 1G_83.dat
--- Mid run ---
Thu Oct  3 03:16:34 UTC 2019
RC 0
-rw-r--r--. 1 centos centos 1000000000 Oct  3 03:16 1G_83.dat
=== Mid run end ===
Thu Oct  3 03:16:50 UTC 2019
RC 0
-rw-r--r--. 1 centos centos 1000000000 Oct  3 03:17 1G_83.dat
Thu Oct  3 03:17:00 UTC 2019
RC 0
-rw-r--r--. 1 centos centos 1000000000 Oct  3 03:17 1G_83.dat
Thu Oct  3 03:17:11 UTC 2019
