/dev/shm/user_slot3
Thu Oct  3 03:15:40 UTC 2019
Job 49
Fetching https://exaeastp0.blob.core.windows.net/exa-east/1_testm/data/1G_49.dat
Thu Oct  3 03:15:40 UTC 2019
RC 0
-rw-r--r--. 1 centos centos 1000000000 Oct  3 03:15 1G_49.dat
Thu Oct  3 03:15:47 UTC 2019
RC 0
-rw-r--r--. 1 centos centos 1000000000 Oct  3 03:15 1G_49.dat
Thu Oct  3 03:15:56 UTC 2019
RC 0
-rw-r--r--. 1 centos centos 1000000000 Oct  3 03:16 1G_49.dat
--- Mid run ---
Thu Oct  3 03:16:06 UTC 2019
RC 0
-rw-r--r--. 1 centos centos 1000000000 Oct  3 03:16 1G_49.dat
=== Mid run end ===
Thu Oct  3 03:16:18 UTC 2019
RC 0
-rw-r--r--. 1 centos centos 1000000000 Oct  3 03:16 1G_49.dat
Thu Oct  3 03:16:27 UTC 2019
RC 0
-rw-r--r--. 1 centos centos 1000000000 Oct  3 03:16 1G_49.dat
Thu Oct  3 03:16:36 UTC 2019
