/dev/shm/user_slot14
Wed Oct 23 22:33:25 UTC 2019
Job 1
Fetching 1G.dat from /base_1/test./data/1G_1.dat
Wed Oct 23 22:33:25 UTC 2019
INFO: Downloaded https://storage.googleapis.com/exa-us-west-1/0_data/base_1/testa/data/1G_1.dat into /dev/shm/user_slot14/1G_1.dat
RC 0
-rw-r--r--. 1 centos centos 1000000000 Oct 23 22:33 1G_1.dat
--- Mid run ---
Wed Oct 23 22:33:37 UTC 2019
INFO: Downloaded https://storage.googleapis.com/exa-us-west-1/0_data/base_1/testa/data/1G_1.dat into /dev/shm/user_slot14/1G_1.dat
RC 0
-rw-r--r--. 1 centos centos 1000000000 Oct 23 22:33 1G_1.dat
=== Mid run end ===
Wed Oct 23 22:33:45 UTC 2019
INFO: Downloaded https://storage.googleapis.com/exa-us-west-1/0_data/base_1/testa/data/1G_1.dat into /dev/shm/user_slot14/1G_1.dat
RC 0
-rw-r--r--. 1 centos centos 1000000000 Oct 23 22:33 1G_1.dat
Wed Oct 23 22:33:55 UTC 2019
INFO: Downloaded https://storage.googleapis.com/exa-us-west-1/0_data/base_1/testa/data/1G_1.dat into /dev/shm/user_slot14/1G_1.dat
RC 0
-rw-r--r--. 1 centos centos 1000000000 Oct 23 22:34 1G_1.dat
Wed Oct 23 22:34:03 UTC 2019
