Tue Oct  1 16:11:58 UTC 2019
Tue Oct  1 16:11:58 UTC 2019

real	0m17.090s
user	0m1.488s
sys	0m2.394s
Tue Oct  1 16:12:15 UTC 2019

real	0m12.540s
user	0m1.487s
sys	0m2.118s
Tue Oct  1 16:12:28 UTC 2019

real	0m10.165s
user	0m1.215s
sys	0m2.237s
--- Mid run ---
Tue Oct  1 16:12:38 UTC 2019

real	0m10.186s
user	0m1.583s
sys	0m2.979s
=== Mid run end ===
Tue Oct  1 16:12:48 UTC 2019

real	0m10.101s
user	0m1.396s
sys	0m2.119s
Tue Oct  1 16:12:59 UTC 2019

real	0m10.142s
user	0m1.489s
sys	0m2.637s
Tue Oct  1 16:13:09 UTC 2019

real	0m10.114s
user	0m1.506s
sys	0m2.492s
Tue Oct  1 16:13:19 UTC 2019

real	0m10.331s
user	0m1.352s
sys	0m2.156s
Tue Oct  1 16:13:29 UTC 2019
