Tue Oct  1 16:17:50 UTC 2019
Tue Oct  1 16:17:50 UTC 2019

real	0m10.183s
user	0m1.537s
sys	0m2.893s
Tue Oct  1 16:18:00 UTC 2019

real	0m10.128s
user	0m1.618s
sys	0m3.577s
Tue Oct  1 16:18:10 UTC 2019

real	0m10.119s
user	0m1.510s
sys	0m3.320s
--- Mid run ---
Tue Oct  1 16:18:20 UTC 2019

real	0m10.144s
user	0m1.654s
sys	0m3.509s
=== Mid run end ===
Tue Oct  1 16:18:31 UTC 2019

real	0m10.111s
user	0m1.441s
sys	0m2.533s
Tue Oct  1 16:18:41 UTC 2019

real	0m10.139s
user	0m1.586s
sys	0m3.116s
Tue Oct  1 16:18:51 UTC 2019

real	0m10.121s
user	0m1.664s
sys	0m3.352s
Tue Oct  1 16:19:01 UTC 2019

real	0m10.151s
user	0m1.638s
sys	0m3.828s
Tue Oct  1 16:19:12 UTC 2019
