Tue Oct  1 16:17:53 UTC 2019
Tue Oct  1 16:17:53 UTC 2019

real	0m10.159s
user	0m1.416s
sys	0m2.441s
Tue Oct  1 16:18:04 UTC 2019

real	0m10.113s
user	0m1.675s
sys	0m2.608s
Tue Oct  1 16:18:14 UTC 2019

real	0m10.159s
user	0m1.457s
sys	0m2.631s
--- Mid run ---
Tue Oct  1 16:18:24 UTC 2019

real	0m10.147s
user	0m1.241s
sys	0m2.334s
=== Mid run end ===
Tue Oct  1 16:18:35 UTC 2019

real	0m10.122s
user	0m1.692s
sys	0m2.565s
Tue Oct  1 16:18:45 UTC 2019

real	0m10.258s
user	0m1.272s
sys	0m2.158s
Tue Oct  1 16:18:55 UTC 2019

real	0m10.113s
user	0m1.669s
sys	0m2.700s
Tue Oct  1 16:19:05 UTC 2019

real	0m10.141s
user	0m1.562s
sys	0m2.288s
Tue Oct  1 16:19:15 UTC 2019
