Tue Oct  1 16:11:42 UTC 2019
Tue Oct  1 16:11:42 UTC 2019

real	0m11.241s
user	0m1.386s
sys	0m2.820s
Tue Oct  1 16:11:53 UTC 2019

real	0m10.108s
user	0m1.452s
sys	0m2.807s
Tue Oct  1 16:12:03 UTC 2019

real	0m16.145s
user	0m1.613s
sys	0m2.974s
--- Mid run ---
Tue Oct  1 16:12:19 UTC 2019

real	0m10.113s
user	0m1.501s
sys	0m2.534s
=== Mid run end ===
Tue Oct  1 16:12:30 UTC 2019

real	0m10.126s
user	0m1.393s
sys	0m3.319s
Tue Oct  1 16:12:40 UTC 2019

real	0m10.270s
user	0m1.564s
sys	0m3.233s
Tue Oct  1 16:12:50 UTC 2019

real	0m10.129s
user	0m1.821s
sys	0m3.149s
Tue Oct  1 16:13:00 UTC 2019

real	0m10.144s
user	0m1.750s
sys	0m3.125s
Tue Oct  1 16:13:11 UTC 2019
