Tue Oct  1 16:17:55 UTC 2019
Tue Oct  1 16:17:55 UTC 2019

real	0m10.169s
user	0m1.570s
sys	0m2.891s
Tue Oct  1 16:18:06 UTC 2019

real	0m10.100s
user	0m1.516s
sys	0m3.496s
Tue Oct  1 16:18:16 UTC 2019

real	0m10.128s
user	0m1.700s
sys	0m2.813s
--- Mid run ---
Tue Oct  1 16:18:26 UTC 2019

real	0m10.126s
user	0m1.704s
sys	0m3.256s
=== Mid run end ===
Tue Oct  1 16:18:36 UTC 2019

real	0m10.137s
user	0m1.455s
sys	0m2.603s
Tue Oct  1 16:18:47 UTC 2019

real	0m10.111s
user	0m1.458s
sys	0m2.695s
Tue Oct  1 16:18:57 UTC 2019

real	0m10.159s
user	0m1.460s
sys	0m2.933s
Tue Oct  1 16:19:07 UTC 2019

real	0m10.099s
user	0m1.566s
sys	0m2.764s
Tue Oct  1 16:19:17 UTC 2019
