Tue Oct  1 16:11:57 UTC 2019
Tue Oct  1 16:11:57 UTC 2019

real	0m10.108s
user	0m1.277s
sys	0m2.335s
Tue Oct  1 16:12:07 UTC 2019

real	0m11.058s
user	0m1.600s
sys	0m2.590s
Tue Oct  1 16:12:18 UTC 2019

real	0m10.126s
user	0m1.378s
sys	0m2.361s
--- Mid run ---
Tue Oct  1 16:12:28 UTC 2019

real	0m12.587s
user	0m1.382s
sys	0m2.504s
=== Mid run end ===
Tue Oct  1 16:12:41 UTC 2019

real	0m10.129s
user	0m1.448s
sys	0m2.402s
Tue Oct  1 16:12:51 UTC 2019

real	0m10.130s
user	0m1.527s
sys	0m2.894s
Tue Oct  1 16:13:02 UTC 2019

real	0m10.101s
user	0m1.519s
sys	0m2.245s
Tue Oct  1 16:13:12 UTC 2019

real	0m10.123s
user	0m1.463s
sys	0m2.418s
Tue Oct  1 16:13:22 UTC 2019
