Tue Oct  1 16:17:43 UTC 2019
Tue Oct  1 16:17:43 UTC 2019

real	0m10.117s
user	0m1.483s
sys	0m2.283s
Tue Oct  1 16:17:53 UTC 2019

real	0m10.129s
user	0m1.368s
sys	0m2.366s
Tue Oct  1 16:18:03 UTC 2019

real	0m10.200s
user	0m1.720s
sys	0m2.928s
--- Mid run ---
Tue Oct  1 16:18:14 UTC 2019

real	0m10.147s
user	0m1.325s
sys	0m2.255s
=== Mid run end ===
Tue Oct  1 16:18:24 UTC 2019

real	0m10.122s
user	0m1.433s
sys	0m2.489s
Tue Oct  1 16:18:34 UTC 2019

real	0m10.111s
user	0m1.477s
sys	0m2.252s
Tue Oct  1 16:18:44 UTC 2019

real	0m10.107s
user	0m1.420s
sys	0m2.275s
Tue Oct  1 16:18:55 UTC 2019

real	0m10.108s
user	0m1.620s
sys	0m2.617s
Tue Oct  1 16:19:05 UTC 2019
