Tue Oct  1 16:17:42 UTC 2019
Tue Oct  1 16:17:42 UTC 2019

real	0m10.124s
user	0m2.083s
sys	0m3.413s
Tue Oct  1 16:17:52 UTC 2019

real	0m10.128s
user	0m1.697s
sys	0m2.650s
Tue Oct  1 16:18:02 UTC 2019

real	0m10.103s
user	0m1.814s
sys	0m3.092s
--- Mid run ---
Tue Oct  1 16:18:13 UTC 2019

real	0m10.130s
user	0m1.501s
sys	0m2.768s
=== Mid run end ===
Tue Oct  1 16:18:23 UTC 2019

real	0m10.102s
user	0m1.686s
sys	0m2.660s
Tue Oct  1 16:18:33 UTC 2019

real	0m10.187s
user	0m1.584s
sys	0m2.778s
Tue Oct  1 16:18:43 UTC 2019

real	0m10.106s
user	0m1.423s
sys	0m2.437s
Tue Oct  1 16:18:53 UTC 2019

real	0m10.107s
user	0m1.674s
sys	0m3.725s
Tue Oct  1 16:19:04 UTC 2019
