Tue Oct  1 16:11:51 UTC 2019
Tue Oct  1 16:11:51 UTC 2019

real	0m10.129s
user	0m1.571s
sys	0m2.974s
Tue Oct  1 16:12:01 UTC 2019

real	0m10.103s
user	0m1.548s
sys	0m3.626s
Tue Oct  1 16:12:11 UTC 2019

real	0m10.124s
user	0m1.533s
sys	0m2.895s
--- Mid run ---
Tue Oct  1 16:12:22 UTC 2019

real	0m10.222s
user	0m1.651s
sys	0m3.198s
=== Mid run end ===
Tue Oct  1 16:12:32 UTC 2019

real	0m8.378s
user	0m0.095s
sys	0m0.062s
ls: cannot access 1G_118.dat: No such file or directory
Tue Oct  1 16:12:40 UTC 2019

real	0m10.135s
user	0m1.712s
sys	0m2.812s
Tue Oct  1 16:12:51 UTC 2019

real	0m10.133s
user	0m1.662s
sys	0m3.471s
Tue Oct  1 16:13:01 UTC 2019

real	0m10.188s
user	0m1.775s
sys	0m3.824s
Tue Oct  1 16:13:11 UTC 2019
