Tue Oct  1 16:17:54 UTC 2019
Tue Oct  1 16:17:54 UTC 2019

real	0m10.167s
user	0m1.690s
sys	0m2.709s
Tue Oct  1 16:18:04 UTC 2019

real	0m11.596s
user	0m1.775s
sys	0m2.696s
Tue Oct  1 16:18:16 UTC 2019

real	0m10.245s
user	0m1.425s
sys	0m2.497s
--- Mid run ---
Tue Oct  1 16:18:26 UTC 2019

real	0m10.126s
user	0m1.574s
sys	0m2.592s
=== Mid run end ===
Tue Oct  1 16:18:36 UTC 2019

real	0m10.251s
user	0m1.290s
sys	0m2.411s
Tue Oct  1 16:18:46 UTC 2019

real	0m10.140s
user	0m1.476s
sys	0m2.180s
Tue Oct  1 16:18:57 UTC 2019

real	0m10.139s
user	0m1.730s
sys	0m3.014s
Tue Oct  1 16:19:07 UTC 2019

real	0m10.104s
user	0m1.560s
sys	0m2.807s
Tue Oct  1 16:19:17 UTC 2019
