Tue Oct  1 16:17:36 UTC 2019
Tue Oct  1 16:17:36 UTC 2019

real	0m10.100s
user	0m1.463s
sys	0m2.399s
Tue Oct  1 16:17:46 UTC 2019

real	0m10.100s
user	0m1.466s
sys	0m2.201s
Tue Oct  1 16:17:56 UTC 2019

real	0m10.974s
user	0m1.748s
sys	0m2.423s
--- Mid run ---
Tue Oct  1 16:18:07 UTC 2019

real	0m10.143s
user	0m1.444s
sys	0m2.383s
=== Mid run end ===
Tue Oct  1 16:18:18 UTC 2019

real	0m10.638s
user	0m1.466s
sys	0m2.729s
Tue Oct  1 16:18:28 UTC 2019

real	0m10.469s
user	0m1.281s
sys	0m2.266s
Tue Oct  1 16:18:39 UTC 2019

real	0m10.722s
user	0m1.530s
sys	0m2.455s
Tue Oct  1 16:18:50 UTC 2019

real	0m10.114s
user	0m1.547s
sys	0m2.615s
Tue Oct  1 16:19:00 UTC 2019
