Tue Oct  1 16:11:58 UTC 2019
Tue Oct  1 16:11:58 UTC 2019

real	0m20.489s
user	0m1.874s
sys	0m3.652s
Tue Oct  1 16:12:19 UTC 2019

real	0m12.077s
user	0m1.643s
sys	0m2.908s
Tue Oct  1 16:12:31 UTC 2019

real	0m10.158s
user	0m1.618s
sys	0m3.310s
--- Mid run ---
Tue Oct  1 16:12:41 UTC 2019

real	0m10.568s
user	0m1.531s
sys	0m3.145s
=== Mid run end ===
Tue Oct  1 16:12:52 UTC 2019

real	0m10.127s
user	0m1.732s
sys	0m3.577s
Tue Oct  1 16:13:02 UTC 2019

real	0m10.104s
user	0m1.678s
sys	0m3.141s
Tue Oct  1 16:13:12 UTC 2019

real	0m10.147s
user	0m1.754s
sys	0m2.654s
Tue Oct  1 16:13:22 UTC 2019

real	0m10.114s
user	0m1.605s
sys	0m2.633s
Tue Oct  1 16:13:32 UTC 2019
