Tue Oct  1 16:17:54 UTC 2019
Tue Oct  1 16:17:54 UTC 2019

real	0m10.127s
user	0m1.390s
sys	0m2.119s
Tue Oct  1 16:18:04 UTC 2019

real	0m10.123s
user	0m1.417s
sys	0m2.145s
Tue Oct  1 16:18:14 UTC 2019

real	0m10.113s
user	0m1.541s
sys	0m2.419s
--- Mid run ---
Tue Oct  1 16:18:24 UTC 2019

real	0m10.108s
user	0m1.237s
sys	0m2.031s
=== Mid run end ===
Tue Oct  1 16:18:34 UTC 2019

real	0m10.142s
user	0m1.611s
sys	0m2.348s
Tue Oct  1 16:18:45 UTC 2019

real	0m10.121s
user	0m1.648s
sys	0m2.419s
Tue Oct  1 16:18:55 UTC 2019

real	0m10.107s
user	0m1.429s
sys	0m2.210s
Tue Oct  1 16:19:05 UTC 2019

real	0m10.106s
user	0m1.321s
sys	0m2.026s
Tue Oct  1 16:19:15 UTC 2019
