Tue Oct  1 16:17:49 UTC 2019
Tue Oct  1 16:17:49 UTC 2019

real	0m10.103s
user	0m1.349s
sys	0m2.192s
Tue Oct  1 16:17:59 UTC 2019

real	0m11.078s
user	0m1.575s
sys	0m2.419s
Tue Oct  1 16:18:10 UTC 2019

real	0m10.213s
user	0m1.582s
sys	0m2.558s
--- Mid run ---
Tue Oct  1 16:18:21 UTC 2019

real	0m10.098s
user	0m1.466s
sys	0m2.358s
=== Mid run end ===
Tue Oct  1 16:18:31 UTC 2019

real	0m10.230s
user	0m1.427s
sys	0m2.388s
Tue Oct  1 16:18:41 UTC 2019

real	0m11.304s
user	0m1.494s
sys	0m2.726s
Tue Oct  1 16:18:53 UTC 2019

real	0m10.101s
user	0m3.509s
sys	0m3.486s
Tue Oct  1 16:19:03 UTC 2019

real	0m10.100s
user	0m1.570s
sys	0m2.784s
Tue Oct  1 16:19:13 UTC 2019
