Tue Oct  1 16:12:03 UTC 2019
Tue Oct  1 16:12:03 UTC 2019

real	0m18.932s
user	0m1.482s
sys	0m2.400s
Tue Oct  1 16:12:22 UTC 2019

real	0m11.594s
user	0m1.246s
sys	0m2.456s
Tue Oct  1 16:12:34 UTC 2019

real	0m10.224s
user	0m1.244s
sys	0m2.269s
--- Mid run ---
Tue Oct  1 16:12:44 UTC 2019

real	0m10.387s
user	0m1.439s
sys	0m2.390s
=== Mid run end ===
Tue Oct  1 16:12:55 UTC 2019

real	0m10.115s
user	0m1.402s
sys	0m2.583s
Tue Oct  1 16:13:05 UTC 2019

real	0m10.115s
user	0m1.354s
sys	0m2.296s
Tue Oct  1 16:13:15 UTC 2019

real	0m10.158s
user	0m1.391s
sys	0m2.518s
Tue Oct  1 16:13:25 UTC 2019

real	0m10.281s
user	0m1.538s
sys	0m2.662s
Tue Oct  1 16:13:36 UTC 2019
