Tue Oct  1 16:11:51 UTC 2019
Tue Oct  1 16:11:51 UTC 2019

real	0m10.097s
user	0m1.628s
sys	0m2.476s
Tue Oct  1 16:12:01 UTC 2019

real	0m10.142s
user	0m1.494s
sys	0m2.340s
Tue Oct  1 16:12:11 UTC 2019

real	0m10.321s
user	0m1.292s
sys	0m2.099s
--- Mid run ---
Tue Oct  1 16:12:22 UTC 2019

real	0m10.241s
user	0m1.511s
sys	0m2.527s
=== Mid run end ===
Tue Oct  1 16:12:32 UTC 2019

real	0m10.297s
user	0m1.440s
sys	0m2.365s
Tue Oct  1 16:12:43 UTC 2019

real	0m10.125s
user	0m1.617s
sys	0m2.533s
Tue Oct  1 16:12:53 UTC 2019

real	0m10.139s
user	0m1.530s
sys	0m2.407s
Tue Oct  1 16:13:03 UTC 2019

real	0m10.395s
user	0m1.392s
sys	0m2.191s
Tue Oct  1 16:13:14 UTC 2019
