Tue Oct  1 16:17:35 UTC 2019
Tue Oct  1 16:17:35 UTC 2019

real	0m10.092s
user	0m1.554s
sys	0m2.960s
Tue Oct  1 16:17:45 UTC 2019

real	0m10.550s
user	0m1.596s
sys	0m3.152s
Tue Oct  1 16:17:56 UTC 2019

real	0m10.137s
user	0m1.544s
sys	0m3.171s
--- Mid run ---
Tue Oct  1 16:18:06 UTC 2019

real	0m10.163s
user	0m1.756s
sys	0m3.510s
=== Mid run end ===
Tue Oct  1 16:18:16 UTC 2019

real	0m10.131s
user	0m1.661s
sys	0m3.243s
Tue Oct  1 16:18:27 UTC 2019

real	0m10.129s
user	0m1.501s
sys	0m2.966s
Tue Oct  1 16:18:37 UTC 2019

real	0m10.108s
user	0m1.527s
sys	0m2.850s
Tue Oct  1 16:18:47 UTC 2019

real	0m10.102s
user	0m1.572s
sys	0m3.093s
Tue Oct  1 16:18:57 UTC 2019
