Tue Oct  1 16:11:58 UTC 2019
Tue Oct  1 16:11:58 UTC 2019

real	0m22.406s
user	0m1.288s
sys	0m2.140s
Tue Oct  1 16:12:21 UTC 2019

real	0m11.497s
user	0m1.162s
sys	0m2.396s
Tue Oct  1 16:12:32 UTC 2019

real	0m10.227s
user	0m1.448s
sys	0m2.578s
--- Mid run ---
Tue Oct  1 16:12:43 UTC 2019

real	0m11.216s
user	0m1.490s
sys	0m2.333s
=== Mid run end ===
Tue Oct  1 16:12:54 UTC 2019

real	0m10.103s
user	0m1.467s
sys	0m2.563s
Tue Oct  1 16:13:04 UTC 2019

real	0m10.123s
user	0m1.347s
sys	0m2.475s
Tue Oct  1 16:13:14 UTC 2019

real	0m10.211s
user	0m1.342s
sys	0m2.040s
Tue Oct  1 16:13:25 UTC 2019

real	0m10.101s
user	0m1.443s
sys	0m2.236s
Tue Oct  1 16:13:35 UTC 2019
