Tue Oct  1 16:17:49 UTC 2019
Tue Oct  1 16:17:49 UTC 2019

real	0m10.098s
user	0m1.509s
sys	0m2.170s
Tue Oct  1 16:18:00 UTC 2019

real	0m10.099s
user	0m1.461s
sys	0m2.290s
Tue Oct  1 16:18:10 UTC 2019

real	0m10.140s
user	0m1.327s
sys	0m2.379s
--- Mid run ---
Tue Oct  1 16:18:20 UTC 2019

real	0m10.107s
user	0m1.348s
sys	0m2.253s
=== Mid run end ===
Tue Oct  1 16:18:30 UTC 2019

real	0m10.114s
user	0m1.464s
sys	0m2.306s
Tue Oct  1 16:18:40 UTC 2019

real	0m10.140s
user	0m1.330s
sys	0m2.075s
Tue Oct  1 16:18:51 UTC 2019

real	0m10.127s
user	0m1.405s
sys	0m2.183s
Tue Oct  1 16:19:01 UTC 2019

real	0m10.132s
user	0m1.380s
sys	0m2.370s
Tue Oct  1 16:19:11 UTC 2019
