Tue Oct  1 16:12:03 UTC 2019
Tue Oct  1 16:12:03 UTC 2019

real	0m18.717s
user	0m1.169s
sys	0m2.101s
Tue Oct  1 16:12:21 UTC 2019

real	0m12.676s
user	0m1.246s
sys	0m2.115s
Tue Oct  1 16:12:34 UTC 2019

real	0m10.578s
user	0m1.185s
sys	0m2.153s
--- Mid run ---
Tue Oct  1 16:12:45 UTC 2019

real	0m10.134s
user	0m1.516s
sys	0m3.319s
=== Mid run end ===
Tue Oct  1 16:12:55 UTC 2019

real	0m10.100s
user	0m1.401s
sys	0m2.493s
Tue Oct  1 16:13:05 UTC 2019

real	0m12.991s
user	0m1.218s
sys	0m2.121s
Tue Oct  1 16:13:19 UTC 2019

real	0m10.096s
user	0m1.335s
sys	0m2.425s
Tue Oct  1 16:13:29 UTC 2019

real	0m11.336s
user	0m1.326s
sys	0m2.774s
Tue Oct  1 16:13:40 UTC 2019
