Tue Oct  1 16:11:44 UTC 2019
Tue Oct  1 16:11:44 UTC 2019

real	0m10.100s
user	0m1.623s
sys	0m3.183s
Tue Oct  1 16:11:54 UTC 2019

real	0m10.092s
user	0m1.571s
sys	0m2.944s
Tue Oct  1 16:12:04 UTC 2019

real	0m10.133s
user	0m1.320s
sys	0m2.663s
--- Mid run ---
Tue Oct  1 16:12:15 UTC 2019

real	0m10.101s
user	0m1.669s
sys	0m3.356s
=== Mid run end ===
Tue Oct  1 16:12:25 UTC 2019

real	0m10.126s
user	0m1.827s
sys	0m2.829s
Tue Oct  1 16:12:35 UTC 2019

real	0m10.119s
user	0m1.623s
sys	0m2.955s
Tue Oct  1 16:12:45 UTC 2019

real	0m10.138s
user	0m1.567s
sys	0m2.978s
Tue Oct  1 16:12:56 UTC 2019

real	0m10.245s
user	0m1.555s
sys	0m3.542s
Tue Oct  1 16:13:06 UTC 2019
