/dev/shm
Slot slot5
Fetching 1G_5.dat from osg.chic.nrp.internet2.edu
Wed Oct  2 19:02:25 UTC 2019
RC 0
-rw-r--r--. 1 cuser5 cuser 1048576000 Oct  2 19:08 1G_5.dat
--- Mid run ---
Wed Oct  2 19:08:09 UTC 2019
RC 0
-rw-r--r--. 1 cuser5 cuser 1048576000 Oct  2 19:14 1G_5.dat
=== Mid run end ===
Wed Oct  2 19:14:00 UTC 2019
RC 0
-rw-r--r--. 1 cuser5 cuser 1048576000 Oct  2 19:19 1G_5.dat
Wed Oct  2 19:19:11 UTC 2019
RC 0
-rw-r--r--. 1 cuser5 cuser 1048576000 Oct  2 19:24 1G_5.dat
Wed Oct  2 19:24:35 UTC 2019
RC 0
-rw-r--r--. 1 cuser5 cuser 1048576000 Oct  2 19:29 1G_5.dat
Wed Oct  2 19:29:51 UTC 2019
RC 0
-rw-r--r--. 1 cuser5 cuser 1048576000 Oct  2 19:31 1G_5.dat
Wed Oct  2 19:31:23 UTC 2019
