Tue Oct  1 04:18:21 UTC 2019
Tue Oct  1 04:18:21 UTC 2019

real	0m5.450s
user	0m1.889s
sys	0m2.377s
Tue Oct  1 04:18:26 UTC 2019

real	0m6.056s
user	0m2.327s
sys	0m3.542s
Tue Oct  1 04:18:33 UTC 2019

real	0m11.922s
user	0m2.499s
sys	0m4.250s
--- Mid run ---
Tue Oct  1 04:18:45 UTC 2019

real	0m9.474s
user	0m2.443s
sys	0m3.889s
=== Mid run end ===
Tue Oct  1 04:18:54 UTC 2019

real	0m8.212s
user	0m2.333s
sys	0m3.789s
Tue Oct  1 04:19:03 UTC 2019

real	0m6.710s
user	0m2.209s
sys	0m2.984s
Tue Oct  1 04:19:09 UTC 2019
