Tue Oct  1 04:12:30 UTC 2019
Tue Oct  1 04:12:30 UTC 2019

real	0m6.308s
user	0m1.628s
sys	0m2.102s
Tue Oct  1 04:12:36 UTC 2019

real	0m14.028s
user	0m1.751s
sys	0m2.497s
Tue Oct  1 04:12:50 UTC 2019

real	0m9.330s
user	0m1.651s
sys	0m2.298s
--- Mid run ---
Tue Oct  1 04:13:00 UTC 2019

real	0m7.934s
user	0m1.599s
sys	0m2.824s
=== Mid run end ===
Tue Oct  1 04:13:08 UTC 2019

real	0m9.507s
user	0m1.590s
sys	0m2.833s
Tue Oct  1 04:13:17 UTC 2019

real	0m10.077s
user	0m1.461s
sys	0m1.587s
Tue Oct  1 04:13:28 UTC 2019
