Tue Oct  1 04:18:19 UTC 2019
Tue Oct  1 04:18:19 UTC 2019

real	0m12.622s
user	0m1.963s
sys	0m2.477s
Tue Oct  1 04:18:32 UTC 2019

real	0m11.379s
user	0m2.258s
sys	0m3.003s
Tue Oct  1 04:18:44 UTC 2019

real	0m10.349s
user	0m2.273s
sys	0m3.910s
--- Mid run ---
Tue Oct  1 04:18:54 UTC 2019

real	0m6.974s
user	0m1.814s
sys	0m3.054s
=== Mid run end ===
Tue Oct  1 04:19:01 UTC 2019

real	0m9.162s
user	0m2.133s
sys	0m2.571s
Tue Oct  1 04:19:10 UTC 2019

real	0m6.860s
user	0m2.039s
sys	0m2.635s
Tue Oct  1 04:19:17 UTC 2019
