Tue Oct  1 04:12:31 UTC 2019
Tue Oct  1 04:12:31 UTC 2019

real	0m6.790s
user	0m1.562s
sys	0m1.752s
Tue Oct  1 04:12:38 UTC 2019

real	0m11.340s
user	0m2.180s
sys	0m3.007s
Tue Oct  1 04:12:49 UTC 2019

real	0m9.234s
user	0m2.116s
sys	0m2.985s
--- Mid run ---
Tue Oct  1 04:12:58 UTC 2019

real	0m9.352s
user	0m2.237s
sys	0m2.946s
=== Mid run end ===
Tue Oct  1 04:13:08 UTC 2019

real	0m8.125s
user	0m2.256s
sys	0m2.750s
Tue Oct  1 04:13:16 UTC 2019

real	0m4.189s
user	0m1.931s
sys	0m2.138s
Tue Oct  1 04:13:20 UTC 2019
