Tue Oct  1 04:18:21 UTC 2019
Tue Oct  1 04:18:21 UTC 2019

real	0m12.539s
user	0m2.188s
sys	0m3.578s
Tue Oct  1 04:18:34 UTC 2019

real	0m10.525s
user	0m2.593s
sys	0m4.505s
Tue Oct  1 04:18:44 UTC 2019

real	0m11.347s
user	0m2.224s
sys	0m4.632s
--- Mid run ---
Tue Oct  1 04:18:56 UTC 2019

real	0m6.888s
user	0m2.467s
sys	0m4.344s
=== Mid run end ===
Tue Oct  1 04:19:03 UTC 2019

real	0m8.261s
user	0m2.440s
sys	0m3.713s
Tue Oct  1 04:19:11 UTC 2019

real	0m5.717s
user	0m2.025s
sys	0m2.482s
Tue Oct  1 04:19:17 UTC 2019
