Tue Oct  1 04:18:16 UTC 2019
Tue Oct  1 04:18:16 UTC 2019

real	0m4.423s
user	0m1.838s
sys	0m2.413s
Tue Oct  1 04:18:21 UTC 2019

real	0m9.576s
user	0m1.983s
sys	0m2.451s
Tue Oct  1 04:18:31 UTC 2019

real	0m4.864s
user	0m1.889s
sys	0m2.858s
--- Mid run ---
Tue Oct  1 04:18:36 UTC 2019

real	0m7.955s
user	0m2.100s
sys	0m3.622s
=== Mid run end ===
Tue Oct  1 04:18:44 UTC 2019

real	0m9.689s
user	0m2.131s
sys	0m3.097s
Tue Oct  1 04:18:53 UTC 2019

real	0m8.052s
user	0m2.353s
sys	0m3.254s
Tue Oct  1 04:19:02 UTC 2019
