/dev/shm
Slot slot6
Fetching 1G_6.dat from stashcache.t2.ucsd.edu
Fri Oct  4 21:47:50 UTC 2019
RC 0
-rw-r--r--. 1 cuser6 cuser 1048576000 Oct  4 21:48 1G_6.dat
--- Mid run ---
Fri Oct  4 21:48:17 UTC 2019
RC 0
-rw-r--r--. 1 cuser6 cuser 1048576000 Oct  4 21:48 1G_6.dat
=== Mid run end ===
Fri Oct  4 21:48:43 UTC 2019
RC 0
-rw-r--r--. 1 cuser6 cuser 1048576000 Oct  4 21:48 1G_6.dat
Fri Oct  4 21:48:58 UTC 2019
RC 0
-rw-r--r--. 1 cuser6 cuser 1048576000 Oct  4 21:49 1G_6.dat
Fri Oct  4 21:49:13 UTC 2019
RC 0
-rw-r--r--. 1 cuser6 cuser 1048576000 Oct  4 21:49 1G_6.dat
Fri Oct  4 21:49:27 UTC 2019
RC 0
-rw-r--r--. 1 cuser6 cuser 1048576000 Oct  4 21:49 1G_6.dat
Fri Oct  4 21:49:42 UTC 2019
