/dev/shm
Slot slot6
Fetching 1G_6.dat from stashcache.t2.ucsd.edu
Fri Oct  4 21:47:49 UTC 2019
RC 0
-rw-r--r--. 1 cuser6 cuser 1048576000 Oct  4 21:48 1G_6.dat
--- Mid run ---
Fri Oct  4 21:48:18 UTC 2019
RC 0
-rw-r--r--. 1 cuser6 cuser 1048576000 Oct  4 21:48 1G_6.dat
=== Mid run end ===
Fri Oct  4 21:48:44 UTC 2019
RC 0
-rw-r--r--. 1 cuser6 cuser 1048576000 Oct  4 21:48 1G_6.dat
Fri Oct  4 21:48:58 UTC 2019
RC 0
-rw-r--r--. 1 cuser6 cuser 1048576000 Oct  4 21:49 1G_6.dat
Fri Oct  4 21:49:14 UTC 2019
RC 0
-rw-r--r--. 1 cuser6 cuser 1048576000 Oct  4 21:49 1G_6.dat
Fri Oct  4 21:49:29 UTC 2019
RC 0
-rw-r--r--. 1 cuser6 cuser 1048576000 Oct  4 21:49 1G_6.dat
Fri Oct  4 21:49:44 UTC 2019
