/dev/shm
Slot slot7
Fetching 1G_7.dat
Wed Oct  2 18:14:55 UTC 2019
RC 0
-rw-r--r--. 1 cuser7 cuser 1048576000 Oct  2 18:15 1G_7.dat
--- Mid run ---
Wed Oct  2 18:15:31 UTC 2019
RC 0
-rw-r--r--. 1 cuser7 cuser 1048576000 Oct  2 18:16 1G_7.dat
=== Mid run end ===
Wed Oct  2 18:16:11 UTC 2019
RC 0
-rw-r--r--. 1 cuser7 cuser 1048576000 Oct  2 18:16 1G_7.dat
Wed Oct  2 18:16:45 UTC 2019
RC 0
-rw-r--r--. 1 cuser7 cuser 1048576000 Oct  2 18:17 1G_7.dat
Wed Oct  2 18:17:46 UTC 2019
RC 0
-rw-r--r--. 1 cuser7 cuser 1048576000 Oct  2 18:18 1G_7.dat
Wed Oct  2 18:18:18 UTC 2019
RC 0
-rw-r--r--. 1 cuser7 cuser 1048576000 Oct  2 18:18 1G_7.dat
Wed Oct  2 18:18:41 UTC 2019
