/dev/shm/user_slot12
Wed Oct 23 23:54:44 UTC 2019
Job 67
Fetching 1G.dat from /base_3/test./data/1G_67.dat
Wed Oct 23 23:54:44 UTC 2019
INFO: Downloaded https://storage.googleapis.com/exa-us-east-1/1_data/base_3/testm/data/1G_67.dat into /dev/shm/user_slot12/1G_67.dat
RC 0
-rw-r--r--. 1 centos centos 1000000000 Oct 23 23:54 1G_67.dat
--- Mid run ---
Wed Oct 23 23:55:00 UTC 2019
INFO: Downloaded https://storage.googleapis.com/exa-us-east-1/1_data/base_3/testm/data/1G_67.dat into /dev/shm/user_slot12/1G_67.dat
RC 0
-rw-r--r--. 1 centos centos 1000000000 Oct 23 23:55 1G_67.dat
=== Mid run end ===
Wed Oct 23 23:55:05 UTC 2019
INFO: Downloaded https://storage.googleapis.com/exa-us-east-1/1_data/base_3/testm/data/1G_67.dat into /dev/shm/user_slot12/1G_67.dat
RC 0
-rw-r--r--. 1 centos centos 1000000000 Oct 23 23:55 1G_67.dat
Wed Oct 23 23:55:12 UTC 2019
INFO: Downloaded https://storage.googleapis.com/exa-us-east-1/1_data/base_3/testm/data/1G_67.dat into /dev/shm/user_slot12/1G_67.dat
RC 0
-rw-r--r--. 1 centos centos 1000000000 Oct 23 23:55 1G_67.dat
Wed Oct 23 23:55:17 UTC 2019
