/dev/shm/user_slot4
Wed Oct 23 23:54:40 UTC 2019
Job 8
Fetching 1G.dat from /base_8/test./data/1G_8.dat
Wed Oct 23 23:54:40 UTC 2019
INFO: Downloaded https://storage.googleapis.com/exa-us-east-1/0_data/base_8/testa/data/1G_8.dat into /dev/shm/user_slot4/1G_8.dat
RC 0
-rw-r--r--. 1 centos centos 1000000000 Oct 23 23:54 1G_8.dat
--- Mid run ---
Wed Oct 23 23:54:53 UTC 2019
INFO: Downloaded https://storage.googleapis.com/exa-us-east-1/0_data/base_8/testa/data/1G_8.dat into /dev/shm/user_slot4/1G_8.dat
RC 0
-rw-r--r--. 1 centos centos 1000000000 Oct 23 23:54 1G_8.dat
=== Mid run end ===
Wed Oct 23 23:54:58 UTC 2019
INFO: Downloaded https://storage.googleapis.com/exa-us-east-1/0_data/base_8/testa/data/1G_8.dat into /dev/shm/user_slot4/1G_8.dat
RC 0
-rw-r--r--. 1 centos centos 1000000000 Oct 23 23:55 1G_8.dat
Wed Oct 23 23:55:04 UTC 2019
INFO: Downloaded https://storage.googleapis.com/exa-us-east-1/0_data/base_8/testa/data/1G_8.dat into /dev/shm/user_slot4/1G_8.dat
RC 0
-rw-r--r--. 1 centos centos 1000000000 Oct 23 23:55 1G_8.dat
Wed Oct 23 23:55:10 UTC 2019
