/dev/shm/user_slot3
Wed Oct 23 23:54:48 UTC 2019
Job 124
Fetching 1G.dat from /base_c/test./data/1G_124.dat
Wed Oct 23 23:54:48 UTC 2019
INFO: Downloaded https://storage.googleapis.com/exa-us-east-1/2_data/base_c/testm/data/1G_124.dat into /dev/shm/user_slot3/1G_124.dat
RC 0
-rw-r--r--. 1 centos centos 1000000000 Oct 23 23:55 1G_124.dat
--- Mid run ---
Wed Oct 23 23:55:08 UTC 2019
INFO: Downloaded https://storage.googleapis.com/exa-us-east-1/2_data/base_c/testm/data/1G_124.dat into /dev/shm/user_slot3/1G_124.dat
RC 0
-rw-r--r--. 1 centos centos 1000000000 Oct 23 23:55 1G_124.dat
=== Mid run end ===
Wed Oct 23 23:55:15 UTC 2019
INFO: Downloaded https://storage.googleapis.com/exa-us-east-1/2_data/base_c/testm/data/1G_124.dat into /dev/shm/user_slot3/1G_124.dat
RC 0
-rw-r--r--. 1 centos centos 1000000000 Oct 23 23:55 1G_124.dat
Wed Oct 23 23:55:20 UTC 2019
INFO: Downloaded https://storage.googleapis.com/exa-us-east-1/2_data/base_c/testm/data/1G_124.dat into /dev/shm/user_slot3/1G_124.dat
RC 0
-rw-r--r--. 1 centos centos 1000000000 Oct 23 23:55 1G_124.dat
Wed Oct 23 23:55:24 UTC 2019
