/dev/shm/user_slot8
Wed Oct 23 23:54:42 UTC 2019
Job 21
Fetching 1G.dat from /base_5/test./data/1G_21.dat
Wed Oct 23 23:54:42 UTC 2019
INFO: Downloaded https://storage.googleapis.com/exa-us-east-1/5_data/base_5/testa/data/1G_21.dat into /dev/shm/user_slot8/1G_21.dat
RC 0
-rw-r--r--. 1 centos centos 1000000000 Oct 23 23:54 1G_21.dat
--- Mid run ---
Wed Oct 23 23:54:56 UTC 2019
INFO: Downloaded https://storage.googleapis.com/exa-us-east-1/5_data/base_5/testa/data/1G_21.dat into /dev/shm/user_slot8/1G_21.dat
RC 0
-rw-r--r--. 1 centos centos 1000000000 Oct 23 23:55 1G_21.dat
=== Mid run end ===
Wed Oct 23 23:55:05 UTC 2019
INFO: Downloaded https://storage.googleapis.com/exa-us-east-1/5_data/base_5/testa/data/1G_21.dat into /dev/shm/user_slot8/1G_21.dat
RC 0
-rw-r--r--. 1 centos centos 1000000000 Oct 23 23:55 1G_21.dat
Wed Oct 23 23:55:15 UTC 2019
INFO: Downloaded https://storage.googleapis.com/exa-us-east-1/5_data/base_5/testa/data/1G_21.dat into /dev/shm/user_slot8/1G_21.dat
RC 0
-rw-r--r--. 1 centos centos 1000000000 Oct 23 23:55 1G_21.dat
Wed Oct 23 23:55:20 UTC 2019
