/dev/shm/user_slot2
Wed Oct 23 23:54:41 UTC 2019
Job 15
Fetching 1G.dat from /base_f/test./data/1G_15.dat
Wed Oct 23 23:54:41 UTC 2019
INFO: Downloaded https://storage.googleapis.com/exa-us-east-1/e_data/base_f/testb/data/1G_15.dat into /dev/shm/user_slot2/1G_15.dat
RC 0
-rw-r--r--. 1 centos centos 1000000000 Oct 23 23:54 1G_15.dat
--- Mid run ---
Wed Oct 23 23:54:55 UTC 2019
INFO: Downloaded https://storage.googleapis.com/exa-us-east-1/e_data/base_f/testb/data/1G_15.dat into /dev/shm/user_slot2/1G_15.dat
RC 0
-rw-r--r--. 1 centos centos 1000000000 Oct 23 23:55 1G_15.dat
=== Mid run end ===
Wed Oct 23 23:55:03 UTC 2019
INFO: Downloaded https://storage.googleapis.com/exa-us-east-1/e_data/base_f/testb/data/1G_15.dat into /dev/shm/user_slot2/1G_15.dat
RC 0
-rw-r--r--. 1 centos centos 1000000000 Oct 23 23:55 1G_15.dat
Wed Oct 23 23:55:11 UTC 2019
INFO: Downloaded https://storage.googleapis.com/exa-us-east-1/e_data/base_f/testb/data/1G_15.dat into /dev/shm/user_slot2/1G_15.dat
RC 0
-rw-r--r--. 1 centos centos 1000000000 Oct 23 23:55 1G_15.dat
Wed Oct 23 23:55:21 UTC 2019
