/dev/shm/user_slot16
Wed Oct 23 23:54:41 UTC 2019
Job 13
Fetching 1G.dat from /base_d/test./data/1G_13.dat
Wed Oct 23 23:54:41 UTC 2019
INFO: Downloaded https://storage.googleapis.com/exa-us-east-1/9_data/base_d/testm/data/1G_13.dat into /dev/shm/user_slot16/1G_13.dat
RC 0
-rw-r--r--. 1 centos centos 1000000000 Oct 23 23:54 1G_13.dat
--- Mid run ---
Wed Oct 23 23:54:57 UTC 2019
INFO: Downloaded https://storage.googleapis.com/exa-us-east-1/9_data/base_d/testm/data/1G_13.dat into /dev/shm/user_slot16/1G_13.dat
RC 0
-rw-r--r--. 1 centos centos 1000000000 Oct 23 23:55 1G_13.dat
=== Mid run end ===
Wed Oct 23 23:55:09 UTC 2019
INFO: Downloaded https://storage.googleapis.com/exa-us-east-1/9_data/base_d/testm/data/1G_13.dat into /dev/shm/user_slot16/1G_13.dat
RC 0
-rw-r--r--. 1 centos centos 1000000000 Oct 23 23:55 1G_13.dat
Wed Oct 23 23:55:19 UTC 2019
INFO: Downloaded https://storage.googleapis.com/exa-us-east-1/9_data/base_d/testm/data/1G_13.dat into /dev/shm/user_slot16/1G_13.dat
RC 0
-rw-r--r--. 1 centos centos 1000000000 Oct 23 23:55 1G_13.dat
Wed Oct 23 23:55:31 UTC 2019
