/dev/shm/user_slot8
Wed Oct 23 10:58:53 UTC 2019
Job 213
Fetching 1G.dat from /base_5/test./data/1G_213.dat
Wed Oct 23 10:58:53 UTC 2019
INFO: Downloaded https://storage.googleapis.com/exa-us-west-1/1_data/base_5/testa/data/1G_213.dat into /dev/shm/user_slot8/1G_213.dat
RC 0
-rw-r--r--. 1 centos centos 1000000000 Oct 23 10:58 1G_213.dat
--- Mid run ---
Wed Oct 23 10:58:57 UTC 2019
INFO: Downloaded https://storage.googleapis.com/exa-us-west-1/1_data/base_5/testa/data/1G_213.dat into /dev/shm/user_slot8/1G_213.dat
RC 0
-rw-r--r--. 1 centos centos 1000000000 Oct 23 10:59 1G_213.dat
=== Mid run end ===
Wed Oct 23 10:59:03 UTC 2019
INFO: Downloaded https://storage.googleapis.com/exa-us-west-1/1_data/base_5/testa/data/1G_213.dat into /dev/shm/user_slot8/1G_213.dat
RC 0
-rw-r--r--. 1 centos centos 1000000000 Oct 23 10:59 1G_213.dat
Wed Oct 23 10:59:08 UTC 2019
INFO: Downloaded https://storage.googleapis.com/exa-us-west-1/1_data/base_5/testa/data/1G_213.dat into /dev/shm/user_slot8/1G_213.dat
RC 0
-rw-r--r--. 1 centos centos 1000000000 Oct 23 10:59 1G_213.dat
Wed Oct 23 10:59:13 UTC 2019
