/dev/shm/user_slot9
Wed Oct 23 11:00:25 UTC 2019
Job 17
Fetching 1G.dat from /base_1/test./data/1G_17.dat
Wed Oct 23 11:00:25 UTC 2019
INFO: Downloaded https://storage.googleapis.com/exa-us-west-1/0_data/base_1/testa/data/1G_17.dat into /dev/shm/user_slot9/1G_17.dat
RC 0
-rw-r--r--. 1 centos centos 1000000000 Oct 23 11:00 1G_17.dat
--- Mid run ---
Wed Oct 23 11:00:30 UTC 2019
INFO: Downloaded https://storage.googleapis.com/exa-us-west-1/0_data/base_1/testa/data/1G_17.dat into /dev/shm/user_slot9/1G_17.dat
RC 0
-rw-r--r--. 1 centos centos 1000000000 Oct 23 11:00 1G_17.dat
=== Mid run end ===
Wed Oct 23 11:00:35 UTC 2019
INFO: Downloaded https://storage.googleapis.com/exa-us-west-1/0_data/base_1/testa/data/1G_17.dat into /dev/shm/user_slot9/1G_17.dat
RC 0
-rw-r--r--. 1 centos centos 1000000000 Oct 23 11:00 1G_17.dat
Wed Oct 23 11:00:40 UTC 2019
INFO: Downloaded https://storage.googleapis.com/exa-us-west-1/0_data/base_1/testa/data/1G_17.dat into /dev/shm/user_slot9/1G_17.dat
RC 0
-rw-r--r--. 1 centos centos 1000000000 Oct 23 11:00 1G_17.dat
Wed Oct 23 11:00:46 UTC 2019
