/dev/shm/user_slot8
Wed Oct 23 11:00:41 UTC 2019
Job 289
Fetching 1G.dat from /base_1/test./data/1G_289.dat
Wed Oct 23 11:00:41 UTC 2019
INFO: Downloaded https://storage.googleapis.com/exa-us-west-1/0_data/base_1/testa/data/1G_289.dat into /dev/shm/user_slot8/1G_289.dat
RC 0
-rw-r--r--. 1 centos centos 1000000000 Oct 23 11:00 1G_289.dat
--- Mid run ---
Wed Oct 23 11:00:47 UTC 2019
INFO: Downloaded https://storage.googleapis.com/exa-us-west-1/0_data/base_1/testa/data/1G_289.dat into /dev/shm/user_slot8/1G_289.dat
RC 0
-rw-r--r--. 1 centos centos 1000000000 Oct 23 11:00 1G_289.dat
=== Mid run end ===
Wed Oct 23 11:00:51 UTC 2019
INFO: Downloaded https://storage.googleapis.com/exa-us-west-1/0_data/base_1/testa/data/1G_289.dat into /dev/shm/user_slot8/1G_289.dat
RC 0
-rw-r--r--. 1 centos centos 1000000000 Oct 23 11:00 1G_289.dat
Wed Oct 23 11:00:58 UTC 2019
INFO: Downloaded https://storage.googleapis.com/exa-us-west-1/0_data/base_1/testa/data/1G_289.dat into /dev/shm/user_slot8/1G_289.dat
RC 0
-rw-r--r--. 1 centos centos 1000000000 Oct 23 11:01 1G_289.dat
Wed Oct 23 11:01:01 UTC 2019
