/dev/shm/user_slot11
Wed Oct 23 11:00:26 UTC 2019
Job 40
Fetching 1G.dat from /base_8/test./data/1G_40.dat
Wed Oct 23 11:00:26 UTC 2019
INFO: Downloaded https://storage.googleapis.com/exa-us-west-1/f_data/base_8/testa/data/1G_40.dat into /dev/shm/user_slot11/1G_40.dat
RC 0
-rw-r--r--. 1 centos centos 1000000000 Oct 23 11:00 1G_40.dat
--- Mid run ---
Wed Oct 23 11:00:30 UTC 2019
INFO: Downloaded https://storage.googleapis.com/exa-us-west-1/f_data/base_8/testa/data/1G_40.dat into /dev/shm/user_slot11/1G_40.dat
RC 0
-rw-r--r--. 1 centos centos 1000000000 Oct 23 11:00 1G_40.dat
=== Mid run end ===
Wed Oct 23 11:00:34 UTC 2019
INFO: Downloaded https://storage.googleapis.com/exa-us-west-1/f_data/base_8/testa/data/1G_40.dat into /dev/shm/user_slot11/1G_40.dat
RC 0
-rw-r--r--. 1 centos centos 1000000000 Oct 23 11:00 1G_40.dat
Wed Oct 23 11:00:38 UTC 2019
INFO: Downloaded https://storage.googleapis.com/exa-us-west-1/f_data/base_8/testa/data/1G_40.dat into /dev/shm/user_slot11/1G_40.dat
RC 0
-rw-r--r--. 1 centos centos 1000000000 Oct 23 11:00 1G_40.dat
Wed Oct 23 11:00:42 UTC 2019
