/dev/shm/user_slot7
Wed Oct 23 11:00:38 UTC 2019
Job 224
Fetching 1G.dat from /base_0/test./data/1G_224.dat
Wed Oct 23 11:00:38 UTC 2019
INFO: Downloaded https://storage.googleapis.com/exa-us-west-1/a_data/base_0/testa/data/1G_224.dat into /dev/shm/user_slot7/1G_224.dat
RC 0
-rw-r--r--. 1 centos centos 1000000000 Oct 23 11:00 1G_224.dat
--- Mid run ---
Wed Oct 23 11:00:42 UTC 2019
INFO: Downloaded https://storage.googleapis.com/exa-us-west-1/a_data/base_0/testa/data/1G_224.dat into /dev/shm/user_slot7/1G_224.dat
RC 0
-rw-r--r--. 1 centos centos 1000000000 Oct 23 11:00 1G_224.dat
=== Mid run end ===
Wed Oct 23 11:00:47 UTC 2019
INFO: Downloaded https://storage.googleapis.com/exa-us-west-1/a_data/base_0/testa/data/1G_224.dat into /dev/shm/user_slot7/1G_224.dat
RC 0
-rw-r--r--. 1 centos centos 1000000000 Oct 23 11:00 1G_224.dat
Wed Oct 23 11:00:51 UTC 2019
INFO: Downloaded https://storage.googleapis.com/exa-us-west-1/a_data/base_0/testa/data/1G_224.dat into /dev/shm/user_slot7/1G_224.dat
RC 0
-rw-r--r--. 1 centos centos 1000000000 Oct 23 11:00 1G_224.dat
Wed Oct 23 11:00:56 UTC 2019
