/dev/shm/user_slot10
Wed Oct 23 11:00:32 UTC 2019
Job 154
Fetching 1G.dat from /base_a/test./data/1G_154.dat
Wed Oct 23 11:00:32 UTC 2019
INFO: Downloaded https://storage.googleapis.com/exa-us-west-1/9_data/base_a/testm/data/1G_154.dat into /dev/shm/user_slot10/1G_154.dat
RC 0
-rw-r--r--. 1 centos centos 1000000000 Oct 23 11:00 1G_154.dat
--- Mid run ---
Wed Oct 23 11:00:36 UTC 2019
INFO: Downloaded https://storage.googleapis.com/exa-us-west-1/9_data/base_a/testm/data/1G_154.dat into /dev/shm/user_slot10/1G_154.dat
RC 0
-rw-r--r--. 1 centos centos 1000000000 Oct 23 11:00 1G_154.dat
=== Mid run end ===
Wed Oct 23 11:00:40 UTC 2019
INFO: Downloaded https://storage.googleapis.com/exa-us-west-1/9_data/base_a/testm/data/1G_154.dat into /dev/shm/user_slot10/1G_154.dat
RC 0
-rw-r--r--. 1 centos centos 1000000000 Oct 23 11:00 1G_154.dat
Wed Oct 23 11:00:45 UTC 2019
INFO: Downloaded https://storage.googleapis.com/exa-us-west-1/9_data/base_a/testm/data/1G_154.dat into /dev/shm/user_slot10/1G_154.dat
RC 0
-rw-r--r--. 1 centos centos 1000000000 Oct 23 11:00 1G_154.dat
Wed Oct 23 11:00:49 UTC 2019
