/dev/shm/user_slot4
Wed Oct 23 11:00:27 UTC 2019
Job 61
Fetching 1G.dat from /base_d/test./data/1G_61.dat
Wed Oct 23 11:00:27 UTC 2019
INFO: Downloaded https://storage.googleapis.com/exa-us-west-1/9_data/base_d/testb/data/1G_61.dat into /dev/shm/user_slot4/1G_61.dat
RC 0
-rw-r--r--. 1 centos centos 1000000000 Oct 23 11:00 1G_61.dat
--- Mid run ---
Wed Oct 23 11:00:31 UTC 2019
INFO: Downloaded https://storage.googleapis.com/exa-us-west-1/9_data/base_d/testb/data/1G_61.dat into /dev/shm/user_slot4/1G_61.dat
RC 0
-rw-r--r--. 1 centos centos 1000000000 Oct 23 11:00 1G_61.dat
=== Mid run end ===
Wed Oct 23 11:00:35 UTC 2019
INFO: Downloaded https://storage.googleapis.com/exa-us-west-1/9_data/base_d/testb/data/1G_61.dat into /dev/shm/user_slot4/1G_61.dat
RC 0
-rw-r--r--. 1 centos centos 1000000000 Oct 23 11:00 1G_61.dat
Wed Oct 23 11:00:39 UTC 2019
INFO: Downloaded https://storage.googleapis.com/exa-us-west-1/9_data/base_d/testb/data/1G_61.dat into /dev/shm/user_slot4/1G_61.dat
RC 0
-rw-r--r--. 1 centos centos 1000000000 Oct 23 11:00 1G_61.dat
Wed Oct 23 11:00:43 UTC 2019
