/dev/shm/user_slot9
Wed Oct 23 10:58:47 UTC 2019
Job 137
Fetching 1G.dat from /base_9/test./data/1G_137.dat
Wed Oct 23 10:58:47 UTC 2019
INFO: Downloaded https://storage.googleapis.com/exa-us-west-1/4_data/base_9/testm/data/1G_137.dat into /dev/shm/user_slot9/1G_137.dat
RC 0
-rw-r--r--. 1 centos centos 1000000000 Oct 23 10:58 1G_137.dat
--- Mid run ---
Wed Oct 23 10:58:55 UTC 2019
INFO: Downloaded https://storage.googleapis.com/exa-us-west-1/4_data/base_9/testm/data/1G_137.dat into /dev/shm/user_slot9/1G_137.dat
RC 0
-rw-r--r--. 1 centos centos 1000000000 Oct 23 10:59 1G_137.dat
=== Mid run end ===
Wed Oct 23 10:59:03 UTC 2019
INFO: Downloaded https://storage.googleapis.com/exa-us-west-1/4_data/base_9/testm/data/1G_137.dat into /dev/shm/user_slot9/1G_137.dat
RC 0
-rw-r--r--. 1 centos centos 1000000000 Oct 23 10:59 1G_137.dat
Wed Oct 23 10:59:10 UTC 2019
INFO: Downloaded https://storage.googleapis.com/exa-us-west-1/4_data/base_9/testm/data/1G_137.dat into /dev/shm/user_slot9/1G_137.dat
RC 0
-rw-r--r--. 1 centos centos 1000000000 Oct 23 10:59 1G_137.dat
Wed Oct 23 10:59:14 UTC 2019
