/dev/shm/user_slot2
Wed Oct 23 10:58:59 UTC 2019
Job 265
Fetching 1G.dat from /base_9/test./data/1G_265.dat
Wed Oct 23 10:58:59 UTC 2019
INFO: Downloaded https://storage.googleapis.com/exa-us-west-1/e_data/base_9/testm/data/1G_265.dat into /dev/shm/user_slot2/1G_265.dat
RC 0
-rw-r--r--. 1 centos centos 1000000000 Oct 23 10:59 1G_265.dat
--- Mid run ---
Wed Oct 23 10:59:06 UTC 2019
INFO: Downloaded https://storage.googleapis.com/exa-us-west-1/e_data/base_9/testm/data/1G_265.dat into /dev/shm/user_slot2/1G_265.dat
RC 0
-rw-r--r--. 1 centos centos 1000000000 Oct 23 10:59 1G_265.dat
=== Mid run end ===
Wed Oct 23 10:59:13 UTC 2019
INFO: Downloaded https://storage.googleapis.com/exa-us-west-1/e_data/base_9/testm/data/1G_265.dat into /dev/shm/user_slot2/1G_265.dat
RC 0
-rw-r--r--. 1 centos centos 1000000000 Oct 23 10:59 1G_265.dat
Wed Oct 23 10:59:19 UTC 2019
INFO: Downloaded https://storage.googleapis.com/exa-us-west-1/e_data/base_9/testm/data/1G_265.dat into /dev/shm/user_slot2/1G_265.dat
RC 0
-rw-r--r--. 1 centos centos 1000000000 Oct 23 10:59 1G_265.dat
Wed Oct 23 10:59:25 UTC 2019
