/dev/shm/user_slot13
Wed Oct 23 11:00:34 UTC 2019
Job 128
Fetching 1G.dat from /base_0/test./data/1G_128.dat
Wed Oct 23 11:00:34 UTC 2019
INFO: Downloaded https://storage.googleapis.com/exa-us-west-1/9_data/base_0/testa/data/1G_128.dat into /dev/shm/user_slot13/1G_128.dat
RC 0
-rw-r--r--. 1 centos centos 1000000000 Oct 23 11:00 1G_128.dat
--- Mid run ---
Wed Oct 23 11:00:39 UTC 2019
INFO: Downloaded https://storage.googleapis.com/exa-us-west-1/9_data/base_0/testa/data/1G_128.dat into /dev/shm/user_slot13/1G_128.dat
RC 0
-rw-r--r--. 1 centos centos 1000000000 Oct 23 11:00 1G_128.dat
=== Mid run end ===
Wed Oct 23 11:00:45 UTC 2019
INFO: Downloaded https://storage.googleapis.com/exa-us-west-1/9_data/base_0/testa/data/1G_128.dat into /dev/shm/user_slot13/1G_128.dat
RC 0
-rw-r--r--. 1 centos centos 1000000000 Oct 23 11:00 1G_128.dat
Wed Oct 23 11:00:49 UTC 2019
INFO: Downloaded https://storage.googleapis.com/exa-us-west-1/9_data/base_0/testa/data/1G_128.dat into /dev/shm/user_slot13/1G_128.dat
RC 0
-rw-r--r--. 1 centos centos 1000000000 Oct 23 11:00 1G_128.dat
Wed Oct 23 11:00:54 UTC 2019
