/dev/shm/user_slot12
Wed Oct 23 10:58:43 UTC 2019
Job 63
Fetching 1G.dat from /base_f/test./data/1G_63.dat
Wed Oct 23 10:58:43 UTC 2019
INFO: Downloaded https://storage.googleapis.com/exa-us-west-1/5_data/base_f/testb/data/1G_63.dat into /dev/shm/user_slot12/1G_63.dat
RC 0
-rw-r--r--. 1 centos centos 1000000000 Oct 23 10:58 1G_63.dat
--- Mid run ---
Wed Oct 23 10:58:52 UTC 2019
INFO: Downloaded https://storage.googleapis.com/exa-us-west-1/5_data/base_f/testb/data/1G_63.dat into /dev/shm/user_slot12/1G_63.dat
RC 0
-rw-r--r--. 1 centos centos 1000000000 Oct 23 10:58 1G_63.dat
=== Mid run end ===
Wed Oct 23 10:58:59 UTC 2019
INFO: Downloaded https://storage.googleapis.com/exa-us-west-1/5_data/base_f/testb/data/1G_63.dat into /dev/shm/user_slot12/1G_63.dat
RC 0
-rw-r--r--. 1 centos centos 1000000000 Oct 23 10:59 1G_63.dat
Wed Oct 23 10:59:09 UTC 2019
INFO: Downloaded https://storage.googleapis.com/exa-us-west-1/5_data/base_f/testb/data/1G_63.dat into /dev/shm/user_slot12/1G_63.dat
RC 0
-rw-r--r--. 1 centos centos 1000000000 Oct 23 10:59 1G_63.dat
Wed Oct 23 10:59:14 UTC 2019
