/dev/shm/user_slot15
Wed Oct 23 11:00:28 UTC 2019
Job 69
Fetching 1G.dat from /base_5/test./data/1G_69.dat
Wed Oct 23 11:00:28 UTC 2019
INFO: Downloaded https://storage.googleapis.com/exa-us-west-1/6_data/base_5/testb/data/1G_69.dat into /dev/shm/user_slot15/1G_69.dat
RC 0
-rw-r--r--. 1 centos centos 1000000000 Oct 23 11:00 1G_69.dat
--- Mid run ---
Wed Oct 23 11:00:32 UTC 2019
INFO: Downloaded https://storage.googleapis.com/exa-us-west-1/6_data/base_5/testb/data/1G_69.dat into /dev/shm/user_slot15/1G_69.dat
RC 0
-rw-r--r--. 1 centos centos 1000000000 Oct 23 11:00 1G_69.dat
=== Mid run end ===
Wed Oct 23 11:00:37 UTC 2019
INFO: Downloaded https://storage.googleapis.com/exa-us-west-1/6_data/base_5/testb/data/1G_69.dat into /dev/shm/user_slot15/1G_69.dat
RC 0
-rw-r--r--. 1 centos centos 1000000000 Oct 23 11:00 1G_69.dat
Wed Oct 23 11:00:41 UTC 2019
INFO: Downloaded https://storage.googleapis.com/exa-us-west-1/6_data/base_5/testb/data/1G_69.dat into /dev/shm/user_slot15/1G_69.dat
RC 0
-rw-r--r--. 1 centos centos 1000000000 Oct 23 11:00 1G_69.dat
Wed Oct 23 11:00:45 UTC 2019
