/dev/shm
Mon Sep 30 23:02:37 UTC 2019
Job 19
Fetching https://exaeastp0.blob.core.windows.net/exa-east/3_testm/data/1G_19.dat
Mon Sep 30 23:02:37 UTC 2019
RC 0
-rw-r--r--. 1 centos centos 1000000000 Sep 30 23:02 1G_19.dat
Mon Sep 30 23:02:43 UTC 2019
RC 0
-rw-r--r--. 1 centos centos 1000000000 Sep 30 23:02 1G_19.dat
Mon Sep 30 23:02:50 UTC 2019
RC 0
-rw-r--r--. 1 centos centos 1000000000 Sep 30 23:02 1G_19.dat
--- Mid run ---
Mon Sep 30 23:02:56 UTC 2019
RC 0
-rw-r--r--. 1 centos centos 1000000000 Sep 30 23:03 1G_19.dat
=== Mid run end ===
Mon Sep 30 23:03:02 UTC 2019
RC 0
-rw-r--r--. 1 centos centos 1000000000 Sep 30 23:03 1G_19.dat
Mon Sep 30 23:03:08 UTC 2019
RC 0
-rw-r--r--. 1 centos centos 1000000000 Sep 30 23:03 1G_19.dat
Mon Sep 30 23:03:13 UTC 2019
