/dev/shm
Mon Sep 30 23:02:32 UTC 2019
Job 13
Fetching https://exaeastp0.blob.core.windows.net/exa-east/d_testa/data/1G_13.dat
Mon Sep 30 23:02:32 UTC 2019
RC 0
-rw-r--r--. 1 centos centos 1000000000 Sep 30 23:02 1G_13.dat
Mon Sep 30 23:02:38 UTC 2019
RC 0
-rw-r--r--. 1 centos centos 1000000000 Sep 30 23:02 1G_13.dat
Mon Sep 30 23:02:45 UTC 2019
RC 0
-rw-r--r--. 1 centos centos 1000000000 Sep 30 23:02 1G_13.dat
--- Mid run ---
Mon Sep 30 23:02:51 UTC 2019
RC 0
-rw-r--r--. 1 centos centos 1000000000 Sep 30 23:02 1G_13.dat
=== Mid run end ===
Mon Sep 30 23:02:57 UTC 2019
RC 0
-rw-r--r--. 1 centos centos 1000000000 Sep 30 23:03 1G_13.dat
Mon Sep 30 23:03:03 UTC 2019
RC 29
Mon Sep 30 23:03:03 UTC 2019
