/dev/shm
Mon Sep 30 23:03:51 UTC 2019
Job 7
Fetching https://exaeastp0.blob.core.windows.net/exa-east/7_testb/data/1G_7.dat
Mon Sep 30 23:03:51 UTC 2019
RC 0
-rw-r--r--. 1 centos centos 1000000000 Sep 30 23:03 1G_7.dat
Mon Sep 30 23:03:58 UTC 2019
RC 0
-rw-r--r--. 1 centos centos 1000000000 Sep 30 23:04 1G_7.dat
Mon Sep 30 23:04:05 UTC 2019
RC 0
-rw-r--r--. 1 centos centos 1000000000 Sep 30 23:04 1G_7.dat
--- Mid run ---
Mon Sep 30 23:04:11 UTC 2019
RC 0
-rw-r--r--. 1 centos centos 1000000000 Sep 30 23:04 1G_7.dat
=== Mid run end ===
Mon Sep 30 23:04:18 UTC 2019
RC 29
Mon Sep 30 23:04:19 UTC 2019
RC 0
-rw-r--r--. 1 centos centos 1000000000 Sep 30 23:04 1G_7.dat
Mon Sep 30 23:04:25 UTC 2019
