/dev/shm
Slot slot8
Fetching 1G_8.dat from stashcache.t2.ucsd.edu
Wed Oct  2 19:51:57 UTC 2019
RC 0
-rw-r--r--. 1 cuser8 cuser 1048576000 Oct  2 19:52 1G_8.dat
--- Mid run ---
Wed Oct  2 19:52:25 UTC 2019
RC 0
-rw-r--r--. 1 cuser8 cuser 1048576000 Oct  2 19:52 1G_8.dat
=== Mid run end ===
Wed Oct  2 19:52:50 UTC 2019
RC 0
-rw-r--r--. 1 cuser8 cuser 1048576000 Oct  2 19:53 1G_8.dat
Wed Oct  2 19:53:15 UTC 2019
RC 0
-rw-r--r--. 1 cuser8 cuser 1048576000 Oct  2 19:53 1G_8.dat
Wed Oct  2 19:53:42 UTC 2019
RC 0
-rw-r--r--. 1 cuser8 cuser 1048576000 Oct  2 19:54 1G_8.dat
Wed Oct  2 19:54:07 UTC 2019
RC 0
-rw-r--r--. 1 cuser8 cuser 1048576000 Oct  2 19:54 1G_8.dat
Wed Oct  2 19:54:32 UTC 2019
