GPU 0: NVIDIA A100 80GB PCIe (UUID: GPU-a3ee3caa-96bb-83ab-376b-3a770da61348)
GPU 1: NVIDIA A100 80GB PCIe (UUID: GPU-954fa517-a6da-e072-6979-9953530eb75f)
GPU 2: NVIDIA A100 80GB PCIe (UUID: GPU-b898368e-d2a8-dc50-a041-67949308db04)
GPU 3: NVIDIA A100 80GB PCIe (UUID: GPU-78558d40-8a65-ab6d-fd35-e44cd1b8a854)
GPU 4: NVIDIA A100 80GB PCIe (UUID: GPU-758a737a-a01c-2cd1-7c29-bf314322f739)
GPU 5: NVIDIA A100 80GB PCIe (UUID: GPU-2f40ec6c-3ce1-9c07-c29c-360bd0a20381)
GPU 6: NVIDIA A100 80GB PCIe (UUID: GPU-ed01d6ad-b673-30ac-3501-763022903663)
GPU 7: NVIDIA A100 80GB PCIe (UUID: GPU-3c3b7940-4082-9d83-7898-b68d074381bb)
=======================================
Architecture:                    x86_64
CPU op-mode(s):                  32-bit, 64-bit
Byte Order:                      Little Endian
Address sizes:                   43 bits physical, 48 bits virtual
CPU(s):                          256
On-line CPU(s) list:             0-255
Thread(s) per core:              2
Core(s) per socket:              64
Socket(s):                       2
NUMA node(s):                    2
Vendor ID:                       AuthenticAMD
CPU family:                      23
Model:                           49
Model name:                      AMD EPYC 7742 64-Core Processor
Stepping:                        0
Frequency boost:                 enabled
CPU MHz:                         1499.506
CPU max MHz:                     2250.0000
CPU min MHz:                     1500.0000
BogoMIPS:                        4499.75
Virtualization:                  AMD-V
L1d cache:                       4 MiB
L1i cache:                       4 MiB
L2 cache:                        64 MiB
L3 cache:                        512 MiB
NUMA node0 CPU(s):               0-63,128-191
NUMA node1 CPU(s):               64-127,192-255
Vulnerability L1tf:              Not affected
Vulnerability Mds:               Not affected
Vulnerability Meltdown:          Not affected
Vulnerability Spec store bypass: Mitigation; Speculative Store Bypass disabled via prctl and seccomp
Vulnerability Spectre v1:        Mitigation; usercopy/swapgs barriers and __user pointer sanitization
Vulnerability Spectre v2:        Mitigation; Full AMD retpoline, IBPB conditional, IBRS_FW, STIBP conditional, RSB filling
Flags:                           fpu vme de pse tsc msr pae mce cx8 apic sep mtrr pge mca cmov pat pse36 clflush mmx fxsr sse sse2 ht syscall nx mmxext fxsr_opt pdpe1gb rdtscp lm constant_tsc rep_good nopl nonstop_tsc cpuid extd_apicid aperfmperf pni pclmulqdq monitor ssse3 fma cx16 sse4_1 sse4_2 x2apic movbe popcnt aes xsave avx f16c rdrand lahf_lm cmp_legacy svm extapic cr8_legacy abm sse4a misalignsse 3dnowprefetch osvw ibs skinit wdt tce topoext perfctr_core perfctr_nb bpext perfctr_llc mwaitx cpb cat_l3 cdp_l3 hw_pstate sme ssbd mba sev ibrs ibpb stibp vmmcall fsgsbase bmi1 avx2 smep bmi2 cqm rdt_a rdseed adx smap clflushopt clwb sha_ni xsaveopt xsavec xgetbv1 xsaves cqm_llc cqm_occup_llc cqm_mbm_total cqm_mbm_local clzero irperf xsaveerptr wbnoinvd arat npt lbrv svm_lock nrip_save tsc_scale vmcb_clean flushbyasid decodeassists pausefilter pfthreshold avic v_vmsave_vmload vgif umip rdpid overflow_recov succor smca
=======================================
Wed Jan 11 01:03:51 2023       
+-----------------------------------------------------------------------------+
| NVIDIA-SMI 515.65.01    Driver Version: 515.65.01    CUDA Version: 11.7     |
|-------------------------------+----------------------+----------------------+
| GPU  Name        Persistence-M| Bus-Id        Disp.A | Volatile Uncorr. ECC |
| Fan  Temp  Perf  Pwr:Usage/Cap|         Memory-Usage | GPU-Util  Compute M. |
|                               |                      |               MIG M. |
|===============================+======================+======================|
|   0  NVIDIA A100 80G...  On   | 00000000:AC:00.0 Off |                    0 |
| N/A   57C    P0    53W / 300W |      0MiB / 81920MiB |      0%      Default |
|                               |                      |             Disabled |
+-------------------------------+----------------------+----------------------+
|   1  NVIDIA A100 80G...  On   | 00000000:AD:00.0 Off |                    0 |
| N/A   59C    P0    54W / 300W |      0MiB / 81920MiB |      0%      Default |
|                               |                      |             Disabled |
+-------------------------------+----------------------+----------------------+
|   2  NVIDIA A100 80G...  On   | 00000000:AE:00.0 Off |                    0 |
| N/A   52C    P0    47W / 300W |      0MiB / 81920MiB |      0%      Default |
|                               |                      |             Disabled |
+-------------------------------+----------------------+----------------------+
|   3  NVIDIA A100 80G...  On   | 00000000:AF:00.0 Off |                    0 |
| N/A   59C    P0    54W / 300W |      0MiB / 81920MiB |      0%      Default |
|                               |                      |             Disabled |
+-------------------------------+----------------------+----------------------+
|   4  NVIDIA A100 80G...  On   | 00000000:B2:00.0 Off |                    0 |
| N/A   54C    P0    53W / 300W |      0MiB / 81920MiB |      0%      Default |
|                               |                      |             Disabled |
+-------------------------------+----------------------+----------------------+
|   5  NVIDIA A100 80G...  On   | 00000000:B3:00.0 Off |                    0 |
| N/A   58C    P0    56W / 300W |      0MiB / 81920MiB |      0%      Default |
|                               |                      |             Disabled |
+-------------------------------+----------------------+----------------------+
|   6  NVIDIA A100 80G...  On   | 00000000:B4:00.0 Off |                    0 |
| N/A   63C    P0    60W / 300W |      0MiB / 81920MiB |      0%      Default |
|                               |                      |             Disabled |
+-------------------------------+----------------------+----------------------+
|   7  NVIDIA A100 80G...  On   | 00000000:B5:00.0 Off |                    0 |
| N/A   61C    P0    55W / 300W |      0MiB / 81920MiB |      0%      Default |
|                               |                      |             Disabled |
+-------------------------------+----------------------+----------------------+
                                                                               
+-----------------------------------------------------------------------------+
| Processes:                                                                  |
|  GPU   GI   CI        PID   Type   Process name                  GPU Memory |
|        ID   ID                                                   Usage      |
|=============================================================================|
|  No running processes found                                                 |
+-----------------------------------------------------------------------------+
=======================================
Wed Jan 11 01:03:55 UTC 2023
NRP TEST Start: 1673399035
start 0 stop 6416 gpu 0 cores 0-15
start 19248 stop 25664 gpu 1 cores 16-31
start 38496 stop 44912 gpu 2 cores 32-47
start 57744 stop 64160 gpu 3 cores 48-63
start 76992 stop 83408 gpu 4 cores 64-79
start 96240 stop 102656 gpu 5 cores 80-95
start 115488 stop 121904 gpu 6 cores 96-111
start 134736 stop 141152 gpu 7 cores 112-127
INFO (unifrac): Starting partial
INFO (unifrac): dt   26 : Completed partial.load_files
INFO (unifrac): Using GPU
INFO (unifrac): dt  211 : Completed partial.process_stripes
INFO (unifrac): dt    0 : Completed partial.partial_mat

real	4m34.125s
user	10m36.260s
sys	0m17.419s
rc:  0
-rw------- 1 root root 10993693713 Jan 11 01:08 a.p115488
start 121904 stop 128320 gpu 6 cores 96-111
INFO (unifrac): Starting partial
INFO (unifrac): dt   26 : Completed partial.load_files
INFO (unifrac): Using GPU
INFO (unifrac): dt  214 : Completed partial.process_stripes
INFO (unifrac): dt    0 : Completed partial.partial_mat
INFO (unifrac): Starting partial
INFO (unifrac): dt   26 : Completed partial.load_files
INFO (unifrac): Using GPU
INFO (unifrac): dt  214 : Completed partial.process_stripes
INFO (unifrac): dt    0 : Completed partial.partial_mat

real	4m37.554s
user	10m39.284s
sys	0m17.781s
rc:  0
-rw------- 1 root root 10993649541 Jan 11 01:08 a.p96240
INFO (unifrac): Starting partial
INFO (unifrac): dt   26 : Completed partial.load_files
INFO (unifrac): Using GPU
INFO (unifrac): dt  214 : Completed partial.process_stripes
INFO (unifrac): dt    0 : Completed partial.partial_mat
rc:  0

real	4m37.960s
user	10m39.773s
sys	0m17.705s
-rw------- 1 root root 10993667488 Jan 11 01:08 a.p76992
start 102656 stop 109072 gpu 5 cores 80-95

real	4m38.814s
user	10m41.051s
sys	0m17.769s
rc:  0
-rw------- 1 root root 10993660816 Jan 11 01:08 a.p134736
start 83408 stop 89824 gpu 4 cores 64-79
start 141152 stop 147568 gpu 7 cores 112-127
INFO (unifrac): Starting partial
INFO (unifrac): dt   26 : Completed partial.load_files
INFO (unifrac): Using GPU
INFO (unifrac): dt  224 : Completed partial.process_stripes
INFO (unifrac): dt    0 : Completed partial.partial_mat
INFO (unifrac): Starting partial
INFO (unifrac): dt   26 : Completed partial.load_files
INFO (unifrac): Using GPU
INFO (unifrac): dt  224 : Completed partial.process_stripes
INFO (unifrac): dt    0 : Completed partial.partial_mat
INFO (unifrac): Starting partial
INFO (unifrac): dt   26 : Completed partial.load_files
INFO (unifrac): Using GPU
INFO (unifrac): dt  224 : Completed partial.process_stripes
INFO (unifrac): dt    0 : Completed partial.partial_mat
INFO (unifrac): Starting partial
INFO (unifrac): dt   26 : Completed partial.load_files
INFO (unifrac): Using GPU
INFO (unifrac): dt  223 : Completed partial.process_stripes
INFO (unifrac): dt    0 : Completed partial.partial_mat

real	4m47.225s
user	10m49.532s
sys	0m17.761s
rc:  0
-rw------- 1 root root 10993617436 Jan 11 01:08 a.p57744

real	4m48.108s
user	10m49.429s
rc:  0
sys	0m18.463s
-rw------- 1 root root 10993670482 Jan 11 01:08 a.p38496

real	4m48.192s
user	10m51.575s
sys	0m18.308s
rc:  0
-rw------- 1 root root 10993645380 Jan 11 01:08 a.p0
start 64160 stop 70576 gpu 3 cores 48-63

real	4m48.911s
user	10m51.383s
sys	0m19.487s
rc:  0
-rw------- 1 root root 10993673368 Jan 11 01:08 a.p19248
start 44912 stop 51328 gpu 2 cores 32-47
start 6416 stop 12832 gpu 0 cores 0-15
start 25664 stop 32080 gpu 1 cores 16-31
INFO (unifrac): Starting partial
INFO (unifrac): dt   26 : Completed partial.load_files
INFO (unifrac): Using GPU
INFO (unifrac): dt  151 : Completed partial.process_stripes
INFO (unifrac): dt    0 : Completed partial.partial_mat

real	3m34.801s
user	9m36.990s
sys	0m17.174s
rc:  0
-rw------- 1 root root 10993637406 Jan 11 01:12 a.p121904
start 128320 stop 134736 gpu 6 cores 96-111
INFO (unifrac): Starting partial
INFO (unifrac): dt   26 : Completed partial.load_files
INFO (unifrac): Using GPU
INFO (unifrac): dt  154 : Completed partial.process_stripes
INFO (unifrac): dt    0 : Completed partial.partial_mat
INFO (unifrac): Starting partial
INFO (unifrac): dt   26 : Completed partial.load_files
INFO (unifrac): Using GPU
INFO (unifrac): dt  154 : Completed partial.process_stripes
INFO (unifrac): dt    0 : Completed partial.partial_mat
INFO (unifrac): Starting partial
INFO (unifrac): dt   26 : Completed partial.load_files
INFO (unifrac): Using GPU
INFO (unifrac): dt  154 : Completed partial.process_stripes
INFO (unifrac): dt    0 : Completed partial.partial_mat

real	3m37.767s
user	9m39.694s
sys	0m17.450s
rc:  0
-rw------- 1 root root 10993652723 Jan 11 01:12 a.p102656

real	3m38.212s
user	9m40.171s
sys	0m17.730s
rc:  0
-rw------- 1 root root 10993679169 Jan 11 01:12 a.p83408

real	3m37.730s
user	9m39.525s
sys	0m17.575s
rc:  0
-rw------- 1 root root 10993659146 Jan 11 01:12 a.p141152
start 109072 stop 115488 gpu 5 cores 80-95
start 147568 stop 153619 gpu 7 cores 112-127
start 89824 stop 96240 gpu 4 cores 64-79
INFO (unifrac): Starting partial
INFO (unifrac): dt   26 : Completed partial.load_files
INFO (unifrac): Using GPU
INFO (unifrac): dt  156 : Completed partial.process_stripes
INFO (unifrac): dt    0 : Completed partial.partial_mat

real	3m39.072s
user	9m40.759s
sys	0m16.846s
rc:  0
-rw------- 1 root root 10993648335 Jan 11 01:12 a.p64160
INFO (unifrac): Starting partial
INFO (unifrac): dt   26 : Completed partial.load_files
INFO (unifrac): Using GPU
INFO (unifrac): dt  156 : Completed partial.process_stripes
INFO (unifrac): dt    0 : Completed partial.partial_mat
start 70576 stop 76992 gpu 3 cores 48-63

real	3m39.611s
rc:  0
user	9m41.133s
sys	0m17.551s
-rw------- 1 root root 10993705590 Jan 11 01:12 a.p6416
start 12832 stop 19248 gpu 0 cores 0-15
INFO (unifrac): Starting partial
INFO (unifrac): dt   26 : Completed partial.load_files
INFO (unifrac): Using GPU
INFO (unifrac): dt  158 : Completed partial.process_stripes
INFO (unifrac): dt    0 : Completed partial.partial_mat

real	3m42.101s
user	9m39.553s
sys	0m20.787s
rc:  0
-rw------- 1 root root 10993629694 Jan 11 01:12 a.p25664
INFO (unifrac): Starting partial
INFO (unifrac): dt   26 : Completed partial.load_files
INFO (unifrac): Using GPU
INFO (unifrac): dt  159 : Completed partial.process_stripes
INFO (unifrac): dt    0 : Completed partial.partial_mat
start 32080 stop 38496 gpu 1 cores 16-31

real	3m44.362s
user	9m46.616s
sys	0m17.418s
rc:  0
-rw------- 1 root root 10993674220 Jan 11 01:12 a.p44912
start 51328 stop 57744 gpu 2 cores 32-47
INFO (unifrac): Starting partial
INFO (unifrac): dt   26 : Completed partial.load_files
INFO (unifrac): Using GPU
INFO (unifrac): dt  142 : Completed partial.process_stripes
INFO (unifrac): dt    0 : Completed partial.partial_mat

real	3m23.909s
user	9m26.809s
sys	0m16.162s
rc:  0
-rw------- 1 root root 10368432972 Jan 11 01:15 a.p147568
INFO (unifrac): Starting partial
INFO (unifrac): dt   26 : Completed partial.load_files
INFO (unifrac): Using GPU
INFO (unifrac): dt  149 : Completed partial.process_stripes
INFO (unifrac): dt    0 : Completed partial.partial_mat

rc:  0
real	3m33.209s
user	9m35.379s
sys	0m16.476s
-rw------- 1 root root 10993662263 Jan 11 01:15 a.p128320
INFO (unifrac): Starting partial
INFO (unifrac): dt   26 : Completed partial.load_files
INFO (unifrac): Using GPU
INFO (unifrac): dt  151 : Completed partial.process_stripes
INFO (unifrac): dt    0 : Completed partial.partial_mat
INFO (unifrac): Starting partial
INFO (unifrac): dt   26 : Completed partial.load_files
INFO (unifrac): Using GPU
INFO (unifrac): dt  150 : Completed partial.process_stripes
INFO (unifrac): dt    0 : Completed partial.partial_mat

real	3m34.884s
user	9m36.676s
sys	0m17.463s
rc:  0
-rw------- 1 root root 10993710813 Jan 11 01:15 a.p109072

real	3m34.132s
user	9m36.435s
sys	0m17.111s
rc:  0
-rw------- 1 root root 10993662896 Jan 11 01:15 a.p89824
INFO (unifrac): Starting partial
INFO (unifrac): dt   26 : Completed partial.load_files
INFO (unifrac): Using GPU
INFO (unifrac): dt  154 : Completed partial.process_stripes
INFO (unifrac): dt    0 : Completed partial.partial_mat

real	3m37.549s
user	9m38.943s
rc:  0
sys	0m17.079s
-rw------- 1 root root 10993685198 Jan 11 01:16 a.p70576
INFO (unifrac): Starting partial
INFO (unifrac): dt   26 : Completed partial.load_files
INFO (unifrac): Using GPU
INFO (unifrac): dt  157 : Completed partial.process_stripes
INFO (unifrac): dt    0 : Completed partial.partial_mat

real	3m40.181s
user	9m41.628s
sys	0m16.764s
rc:  0
-rw------- 1 root root 10993671610 Jan 11 01:16 a.p12832
INFO (unifrac): Starting partial
INFO (unifrac): dt   26 : Completed partial.load_files
INFO (unifrac): Using GPU
INFO (unifrac): dt  156 : Completed partial.process_stripes
INFO (unifrac): dt    0 : Completed partial.partial_mat
INFO (unifrac): Starting partial
INFO (unifrac): dt   27 : Completed partial.load_files
INFO (unifrac): Using GPU
INFO (unifrac): dt  156 : Completed partial.process_stripes
INFO (unifrac): dt    0 : Completed partial.partial_mat

real	3m39.208s
user	9m39.678s
sys	0m18.350s
rc:  0
-rw------- 1 root root 10993613323 Jan 11 01:16 a.p51328

real	3m41.406s
user	9m42.218s
sys	0m18.103s
rc:  0
-rw------- 1 root root 10993701486 Jan 11 01:16 a.p32080
NRP TEST End: 1673399770
Total runtime: 735
Wed Jan 11 01:16:10 UTC 2023
NRP TEST Start: 1673399770
start 0 stop 6416 gpu 0 cores 0-15
start 19248 stop 25664 gpu 1 cores 16-31
start 38496 stop 44912 gpu 2 cores 32-47
start 57744 stop 64160 gpu 3 cores 48-63
start 76992 stop 83408 gpu 4 cores 64-79
start 96240 stop 102656 gpu 5 cores 80-95
start 115488 stop 121904 gpu 6 cores 96-111
start 134736 stop 141152 gpu 7 cores 112-127
INFO (unifrac): Starting partial
INFO (unifrac): dt   26 : Completed partial.load_files
INFO (unifrac): Using GPU
INFO (unifrac): dt  211 : Completed partial.process_stripes
INFO (unifrac): dt    0 : Completed partial.partial_mat

real	4m33.834s
user	10m35.735s
rc:  0
sys	0m17.661s
-rw------- 1 root root 10993667488 Jan 11 01:20 a.p76992
start 83408 stop 89824 gpu 4 cores 64-79
INFO (unifrac): Starting partial
INFO (unifrac): dt   26 : Completed partial.load_files
INFO (unifrac): Using GPU
INFO (unifrac): dt  213 : Completed partial.process_stripes
INFO (unifrac): dt    0 : Completed partial.partial_mat

real	4m36.054s
user	10m38.002s
sys	0m17.298s
rc:  0
-rw------- 1 root root 10993660816 Jan 11 01:20 a.p134736
start 141152 stop 147568 gpu 7 cores 112-127
INFO (unifrac): Starting partial
INFO (unifrac): dt   26 : Completed partial.load_files
INFO (unifrac): Using GPU
INFO (unifrac): dt  220 : Completed partial.process_stripes
INFO (unifrac): dt    0 : Completed partial.partial_mat

real	4m43.991s
user	10m46.916s
sys	0m17.337s
rc:  0
-rw------- 1 root root 10993693713 Jan 11 01:20 a.p115488
INFO (unifrac): Starting partial
INFO (unifrac): dt   26 : Completed partial.load_files
INFO (unifrac): Using GPU
INFO (unifrac): dt  222 : Completed partial.process_stripes
INFO (unifrac): dt    0 : Completed partial.partial_mat
start 121904 stop 128320 gpu 6 cores 96-111

real	4m45.105s
user	10m48.204s
sys	0m17.304s
rc:  0
-rw------- 1 root root 10993649541 Jan 11 01:20 a.p96240
start 102656 stop 109072 gpu 5 cores 80-95
INFO (unifrac): Starting partial
INFO (unifrac): dt   26 : Completed partial.load_files
INFO (unifrac): Using GPU
INFO (unifrac): dt  229 : Completed partial.process_stripes
INFO (unifrac): dt    0 : Completed partial.partial_mat
INFO (unifrac): Starting partial
INFO (unifrac): dt   26 : Completed partial.load_files
INFO (unifrac): Using GPU
INFO (unifrac): dt  229 : Completed partial.process_stripes
INFO (unifrac): dt    0 : Completed partial.partial_mat
INFO (unifrac): Starting partial
INFO (unifrac): dt   26 : Completed partial.load_files
INFO (unifrac): Using GPU
INFO (unifrac): dt  230 : Completed partial.process_stripes
INFO (unifrac): dt    0 : Completed partial.partial_mat

real	4m53.215s
user	11m1.081s
sys	0m19.858s
rc:  0
-rw------- 1 root root 10993617436 Jan 11 01:21 a.p57744

real	4m53.689s
user	10m56.952s
sys	0m19.071s
rc:  0
-rw------- 1 root root 10993670482 Jan 11 01:21 a.p38496

real	4m53.823s
user	10m59.690s
sys	0m20.687s
rc:  0
-rw------- 1 root root 10993673368 Jan 11 01:21 a.p19248
INFO (unifrac): Starting partial
INFO (unifrac): dt   26 : Completed partial.load_files
INFO (unifrac): Using GPU
INFO (unifrac): dt  230 : Completed partial.process_stripes
INFO (unifrac): dt    0 : Completed partial.partial_mat
start 64160 stop 70576 gpu 3 cores 48-63
start 44912 stop 51328 gpu 2 cores 32-47
start 25664 stop 32080 gpu 1 cores 16-31

real	4m55.633s
user	11m6.492s
sys	0m23.680s
rc:  0
-rw------- 1 root root 10993645380 Jan 11 01:21 a.p0
start 6416 stop 12832 gpu 0 cores 0-15
INFO (unifrac): Starting partial
INFO (unifrac): dt   27 : Completed partial.load_files
INFO (unifrac): Using GPU
INFO (unifrac): dt  150 : Completed partial.process_stripes
INFO (unifrac): dt    0 : Completed partial.partial_mat
INFO (unifrac): Starting partial
INFO (unifrac): dt   26 : Completed partial.load_files
INFO (unifrac): Using GPU
INFO (unifrac): dt  150 : Completed partial.process_stripes
INFO (unifrac): dt    0 : Completed partial.partial_mat

real	3m34.776s
user	9m36.456s
sys	0m17.612s
rc:  0
-rw------- 1 root root 10993679169 Jan 11 01:24 a.p83408
start 89824 stop 96240 gpu 4 cores 64-79

real	3m33.330s
user	9m34.180s
sys	0m16.885s
rc:  0
-rw------- 1 root root 10993659146 Jan 11 01:24 a.p141152
start 147568 stop 153619 gpu 7 cores 112-127
INFO (unifrac): Starting partial
INFO (unifrac): dt   25 : Completed partial.load_files
INFO (unifrac): Using GPU
INFO (unifrac): dt  153 : Completed partial.process_stripes
INFO (unifrac): dt    0 : Completed partial.partial_mat

rc:  0
real	3m35.291s
user	9m37.710s
sys	0m17.040s
-rw------- 1 root root 10993652723 Jan 11 01:24 a.p102656
INFO (unifrac): Starting partial
INFO (unifrac): dt   27 : Completed partial.load_files
INFO (unifrac): Using GPU
INFO (unifrac): dt  153 : Completed partial.process_stripes
INFO (unifrac): dt    0 : Completed partial.partial_mat
start 109072 stop 115488 gpu 5 cores 80-95

real	3m37.650s
user	9m40.054s
sys	0m16.971s
rc:  0
-rw------- 1 root root 10993637406 Jan 11 01:24 a.p121904
start 128320 stop 134736 gpu 6 cores 96-111
INFO (unifrac): Starting partial
INFO (unifrac): dt   26 : Completed partial.load_files
INFO (unifrac): Using GPU
INFO (unifrac): dt  153 : Completed partial.process_stripes
INFO (unifrac): dt    0 : Completed partial.partial_mat

real	3m35.731s
user	9m37.544s
sys	0m17.218s
rc:  0
-rw------- 1 root root 10993648335 Jan 11 01:24 a.p64160
start 70576 stop 76992 gpu 3 cores 48-63
INFO (unifrac): Starting partial
INFO (unifrac): dt   25 : Completed partial.load_files
INFO (unifrac): Using GPU
INFO (unifrac): dt  155 : Completed partial.process_stripes
INFO (unifrac): dt    0 : Completed partial.partial_mat
INFO (unifrac): Starting partial
INFO (unifrac): dt   26 : Completed partial.load_files
INFO (unifrac): Using GPU
INFO (unifrac): dt  154 : Completed partial.process_stripes
INFO (unifrac): dt    0 : Completed partial.partial_mat

real	3m37.562s
user	9m38.873s
sys	0m17.367s
rc:  0
-rw------- 1 root root 10993674220 Jan 11 01:24 a.p44912

real	3m38.178s
user	9m39.078s
sys	0m18.279s
rc:  0
-rw------- 1 root root 10993629694 Jan 11 01:24 a.p25664
start 51328 stop 57744 gpu 2 cores 32-47
start 32080 stop 38496 gpu 1 cores 16-31
INFO (unifrac): Starting partial
INFO (unifrac): dt   26 : Completed partial.load_files
INFO (unifrac): Using GPU
INFO (unifrac): dt  153 : Completed partial.process_stripes
INFO (unifrac): dt    0 : Completed partial.partial_mat

real	3m39.048s
user	9m39.969s
sys	0m17.651s
rc:  0
-rw------- 1 root root 10993705590 Jan 11 01:24 a.p6416
start 12832 stop 19248 gpu 0 cores 0-15
INFO (unifrac): Starting partial
INFO (unifrac): dt   26 : Completed partial.load_files
INFO (unifrac): Using GPU
INFO (unifrac): dt  142 : Completed partial.process_stripes
INFO (unifrac): dt    0 : Completed partial.partial_mat

real	3m23.815s
user	9m26.072s
sys	0m16.708s
rc:  0
-rw------- 1 root root 10368432972 Jan 11 01:27 a.p147568
INFO (unifrac): Starting partial
INFO (unifrac): dt   26 : Completed partial.load_files
INFO (unifrac): Using GPU
INFO (unifrac): dt  150 : Completed partial.process_stripes
INFO (unifrac): dt    0 : Completed partial.partial_mat

real	3m34.086s
user	9m35.952s
sys	0m17.251s
rc:  0
-rw------- 1 root root 10993662896 Jan 11 01:27 a.p89824
INFO (unifrac): Starting partial
INFO (unifrac): dt   27 : Completed partial.load_files
INFO (unifrac): Using GPU
INFO (unifrac): dt  149 : Completed partial.process_stripes
INFO (unifrac): dt    0 : Completed partial.partial_mat

real	3m33.907s
user	9m36.407s
sys	0m17.189s
rc:  0
-rw------- 1 root root 10993710813 Jan 11 01:28 a.p109072
INFO (unifrac): Starting partial
INFO (unifrac): dt   27 : Completed partial.load_files
INFO (unifrac): Using GPU
INFO (unifrac): dt  150 : Completed partial.process_stripes
INFO (unifrac): dt    0 : Completed partial.partial_mat

real	3m35.376s
user	9m38.532s
sys	0m17.202s
rc:  0
-rw------- 1 root root 10993662263 Jan 11 01:28 a.p128320
INFO (unifrac): Starting partial
INFO (unifrac): dt   27 : Completed partial.load_files
INFO (unifrac): Using GPU
INFO (unifrac): dt  154 : Completed partial.process_stripes
INFO (unifrac): dt    0 : Completed partial.partial_mat

real	3m38.210s
user	9m39.595s
sys	0m17.571s
rc:  0
-rw------- 1 root root 10993685198 Jan 11 01:28 a.p70576
INFO (unifrac): Starting partial
INFO (unifrac): dt   26 : Completed partial.load_files
INFO (unifrac): Using GPU
INFO (unifrac): dt  154 : Completed partial.process_stripes
INFO (unifrac): dt    0 : Completed partial.partial_mat

real	3m37.842s
rc:  0
user	9m39.355s
sys	0m18.081s
-rw------- 1 root root 10993613323 Jan 11 01:28 a.p51328
INFO (unifrac): Starting partial
INFO (unifrac): dt   26 : Completed partial.load_files
INFO (unifrac): Using GPU
INFO (unifrac): dt  155 : Completed partial.process_stripes
INFO (unifrac): dt    0 : Completed partial.partial_mat

real	3m39.387s
user	9m41.258s
sys	0m17.791s
rc:  0
-rw------- 1 root root 10993701486 Jan 11 01:28 a.p32080
INFO (unifrac): Starting partial
INFO (unifrac): dt   27 : Completed partial.load_files
INFO (unifrac): Using GPU
INFO (unifrac): dt  154 : Completed partial.process_stripes
INFO (unifrac): dt    0 : Completed partial.partial_mat

real	3m38.590s
user	9m40.083s
sys	0m17.994s
rc:  0
-rw------- 1 root root 10993671610 Jan 11 01:28 a.p12832
NRP TEST End: 1673400506
Total runtime: 736
