/dev/shm
Slot slot3
Fetching 1G_3.dat from stashcache.t2.ucsd.edu
Thu Oct  3 16:50:13 UTC 2019
RC 0
-rw-r--r--. 1 cuser3 cuser 1048576000 Oct  3 16:51 1G_3.dat
--- Mid run ---
Thu Oct  3 16:51:12 UTC 2019
RC 0
-rw-r--r--. 1 cuser3 cuser 1048576000 Oct  3 16:52 1G_3.dat
=== Mid run end ===
Thu Oct  3 16:52:09 UTC 2019
RC 0
-rw-r--r--. 1 cuser3 cuser 1048576000 Oct  3 16:53 1G_3.dat
Thu Oct  3 16:53:26 UTC 2019
RC 0
-rw-r--r--. 1 cuser3 cuser 1048576000 Oct  3 16:54 1G_3.dat
Thu Oct  3 16:54:25 UTC 2019
RC 0
-rw-r--r--. 1 cuser3 cuser 1048576000 Oct  3 16:55 1G_3.dat
Thu Oct  3 16:55:34 UTC 2019
RC 0
-rw-r--r--. 1 cuser3 cuser 1048576000 Oct  3 16:56 1G_3.dat
Thu Oct  3 16:56:27 UTC 2019
