/dev/shm
Slot slot8
Fetching 1G_8.dat from osg.chic.nrp.internet2.edu
Wed Oct  2 21:18:39 UTC 2019
RC 0
-rw-r--r--. 1 cuser8 cuser 1048576000 Oct  2 21:23 1G_8.dat
--- Mid run ---
Wed Oct  2 21:23:41 UTC 2019
RC 0
-rw-r--r--. 1 cuser8 cuser 1048576000 Oct  2 21:28 1G_8.dat
=== Mid run end ===
Wed Oct  2 21:28:45 UTC 2019
RC 0
-rw-r--r--. 1 cuser8 cuser 1048576000 Oct  2 21:33 1G_8.dat
Wed Oct  2 21:33:40 UTC 2019
RC 0
-rw-r--r--. 1 cuser8 cuser 1048576000 Oct  2 21:39 1G_8.dat
Wed Oct  2 21:39:10 UTC 2019
RC 0
-rw-r--r--. 1 cuser8 cuser 1048576000 Oct  2 21:43 1G_8.dat
Wed Oct  2 21:43:59 UTC 2019
RC 0
-rw-r--r--. 1 cuser8 cuser 1048576000 Oct  2 21:48 1G_8.dat
Wed Oct  2 21:48:36 UTC 2019
