/dev/shm
Tue Oct  1 16:17:37 UTC 2019
Job 97
Fetching https://prp-test-us-east1.S3.amazonaws.com/1_testb/data/1G_97.dat
Tue Oct  1 16:17:37 UTC 2019
RC 0
-rw-r--r--. 1 centos centos 1000000000 Oct  1 16:17 1G_97.dat
Tue Oct  1 16:17:47 UTC 2019
RC 0
-rw-r--r--. 1 centos centos 1000000000 Oct  1 16:17 1G_97.dat
Tue Oct  1 16:17:58 UTC 2019
RC 0
-rw-r--r--. 1 centos centos 1000000000 Oct  1 16:18 1G_97.dat
--- Mid run ---
Tue Oct  1 16:18:08 UTC 2019
RC 0
-rw-r--r--. 1 centos centos 1000000000 Oct  1 16:18 1G_97.dat
=== Mid run end ===
Tue Oct  1 16:18:18 UTC 2019
RC 0
-rw-r--r--. 1 centos centos 1000000000 Oct  1 16:18 1G_97.dat
Tue Oct  1 16:18:28 UTC 2019
RC 0
-rw-r--r--. 1 centos centos 1000000000 Oct  1 16:18 1G_97.dat
Tue Oct  1 16:18:39 UTC 2019
RC 0
-rw-r--r--. 1 centos centos 1000000000 Oct  1 16:18 1G_97.dat
Tue Oct  1 16:18:49 UTC 2019
RC 0
-rw-r--r--. 1 centos centos 1000000000 Oct  1 16:19 1G_97.dat
Tue Oct  1 16:19:00 UTC 2019
