/dev/shm
Tue Oct  1 16:11:57 UTC 2019
Job 173
Fetching https://prp-test-us-east1.S3.amazonaws.com/d_testb/data/1G_173.dat
Tue Oct  1 16:11:57 UTC 2019
RC 0
-rw-r--r--. 1 centos centos 1000000000 Oct  1 16:12 1G_173.dat
Tue Oct  1 16:12:16 UTC 2019
RC 0
-rw-r--r--. 1 centos centos 1000000000 Oct  1 16:12 1G_173.dat
Tue Oct  1 16:12:28 UTC 2019
RC 0
-rw-r--r--. 1 centos centos 1000000000 Oct  1 16:12 1G_173.dat
--- Mid run ---
Tue Oct  1 16:12:39 UTC 2019
RC 0
-rw-r--r--. 1 centos centos 1000000000 Oct  1 16:12 1G_173.dat
=== Mid run end ===
Tue Oct  1 16:12:49 UTC 2019
RC 0
-rw-r--r--. 1 centos centos 1000000000 Oct  1 16:13 1G_173.dat
Tue Oct  1 16:13:04 UTC 2019
RC 0
-rw-r--r--. 1 centos centos 1000000000 Oct  1 16:13 1G_173.dat
Tue Oct  1 16:13:14 UTC 2019
RC 0
-rw-r--r--. 1 centos centos 1000000000 Oct  1 16:14 1G_173.dat
Tue Oct  1 16:14:02 UTC 2019
RC 0
-rw-r--r--. 1 centos centos 1000000000 Oct  1 16:14 1G_173.dat
Tue Oct  1 16:14:12 UTC 2019
