/dev/shm
Tue Oct  1 16:11:44 UTC 2019
Job 76
Fetching https://prp-test-us-east1.S3.amazonaws.com/c_testm/data/1G_76.dat
Tue Oct  1 16:11:44 UTC 2019
RC 0
-rw-r--r--. 1 centos centos 1000000000 Oct  1 16:11 1G_76.dat
Tue Oct  1 16:11:55 UTC 2019
RC 0
-rw-r--r--. 1 centos centos 1000000000 Oct  1 16:12 1G_76.dat
Tue Oct  1 16:12:05 UTC 2019
RC 0
-rw-r--r--. 1 centos centos 1000000000 Oct  1 16:12 1G_76.dat
--- Mid run ---
Tue Oct  1 16:12:15 UTC 2019
RC 0
-rw-r--r--. 1 centos centos 1000000000 Oct  1 16:12 1G_76.dat
=== Mid run end ===
Tue Oct  1 16:12:25 UTC 2019
RC 0
-rw-r--r--. 1 centos centos 1000000000 Oct  1 16:12 1G_76.dat
Tue Oct  1 16:12:36 UTC 2019
RC 0
-rw-r--r--. 1 centos centos 1000000000 Oct  1 16:12 1G_76.dat
Tue Oct  1 16:12:46 UTC 2019
RC 0
-rw-r--r--. 1 centos centos 1000000000 Oct  1 16:12 1G_76.dat
Tue Oct  1 16:12:56 UTC 2019
RC 0
-rw-r--r--. 1 centos centos 1000000000 Oct  1 16:13 1G_76.dat
Tue Oct  1 16:13:07 UTC 2019
