/dev/shm
Tue Oct  1 16:17:35 UTC 2019
Job 40
Fetching https://prp-test-us-east1.S3.amazonaws.com/8_testm/data/1G_40.dat
Tue Oct  1 16:17:35 UTC 2019
RC 0
-rw-r--r--. 1 centos centos 1000000000 Oct  1 16:17 1G_40.dat
Tue Oct  1 16:17:45 UTC 2019
RC 0
-rw-r--r--. 1 centos centos 1000000000 Oct  1 16:17 1G_40.dat
Tue Oct  1 16:17:55 UTC 2019
RC 0
-rw-r--r--. 1 centos centos 1000000000 Oct  1 16:18 1G_40.dat
--- Mid run ---
Tue Oct  1 16:18:05 UTC 2019
RC 0
-rw-r--r--. 1 centos centos 1000000000 Oct  1 16:18 1G_40.dat
=== Mid run end ===
Tue Oct  1 16:18:15 UTC 2019
RC 0
-rw-r--r--. 1 centos centos 1000000000 Oct  1 16:18 1G_40.dat
Tue Oct  1 16:18:26 UTC 2019
RC 0
-rw-r--r--. 1 centos centos 1000000000 Oct  1 16:18 1G_40.dat
Tue Oct  1 16:18:36 UTC 2019
RC 0
-rw-r--r--. 1 centos centos 1000000000 Oct  1 16:18 1G_40.dat
Tue Oct  1 16:18:46 UTC 2019
RC 0
-rw-r--r--. 1 centos centos 1000000000 Oct  1 16:18 1G_40.dat
Tue Oct  1 16:18:56 UTC 2019
