/dev/shm
Tue Oct  1 16:17:49 UTC 2019
Job 194
Fetching https://prp-test-us-east1.S3.amazonaws.com/2_testb/data/1G_194.dat
Tue Oct  1 16:17:49 UTC 2019
RC 0
-rw-r--r--. 1 centos centos 1000000000 Oct  1 16:17 1G_194.dat
Tue Oct  1 16:18:00 UTC 2019
RC 0
-rw-r--r--. 1 centos centos 1000000000 Oct  1 16:18 1G_194.dat
Tue Oct  1 16:18:11 UTC 2019
RC 0
-rw-r--r--. 1 centos centos 1000000000 Oct  1 16:18 1G_194.dat
--- Mid run ---
Tue Oct  1 16:18:21 UTC 2019
RC 0
-rw-r--r--. 1 centos centos 1000000000 Oct  1 16:18 1G_194.dat
=== Mid run end ===
Tue Oct  1 16:18:32 UTC 2019
RC 0
-rw-r--r--. 1 centos centos 1000000000 Oct  1 16:18 1G_194.dat
Tue Oct  1 16:18:46 UTC 2019
RC 0
-rw-r--r--. 1 centos centos 1000000000 Oct  1 16:18 1G_194.dat
Tue Oct  1 16:18:56 UTC 2019
RC 0
-rw-r--r--. 1 centos centos 1000000000 Oct  1 16:19 1G_194.dat
Tue Oct  1 16:19:06 UTC 2019
RC 0
-rw-r--r--. 1 centos centos 1000000000 Oct  1 16:19 1G_194.dat
Tue Oct  1 16:19:17 UTC 2019
