/dev/shm
Tue Oct  1 16:17:49 UTC 2019
Job 173
Fetching https://prp-test-us-east1.S3.amazonaws.com/d_testm/data/1G_173.dat
Tue Oct  1 16:17:49 UTC 2019
RC 0
-rw-r--r--. 1 centos centos 1000000000 Oct  1 16:18 1G_173.dat
Tue Oct  1 16:18:00 UTC 2019
RC 0
-rw-r--r--. 1 centos centos 1000000000 Oct  1 16:18 1G_173.dat
Tue Oct  1 16:18:15 UTC 2019
RC 0
-rw-r--r--. 1 centos centos 1000000000 Oct  1 16:18 1G_173.dat
--- Mid run ---
Tue Oct  1 16:18:25 UTC 2019
RC 0
-rw-r--r--. 1 centos centos 1000000000 Oct  1 16:18 1G_173.dat
=== Mid run end ===
Tue Oct  1 16:18:35 UTC 2019
RC 0
-rw-r--r--. 1 centos centos 1000000000 Oct  1 16:18 1G_173.dat
Tue Oct  1 16:18:46 UTC 2019
RC 0
-rw-r--r--. 1 centos centos 1000000000 Oct  1 16:18 1G_173.dat
Tue Oct  1 16:18:56 UTC 2019
RC 0
-rw-r--r--. 1 centos centos 1000000000 Oct  1 16:19 1G_173.dat
Tue Oct  1 16:19:06 UTC 2019
RC 0
-rw-r--r--. 1 centos centos 1000000000 Oct  1 16:19 1G_173.dat
Tue Oct  1 16:19:17 UTC 2019
