/dev/shm
Tue Oct  1 16:11:52 UTC 2019
Job 152
Fetching https://prp-test-us-east1.S3.amazonaws.com/8_testb/data/1G_152.dat
Tue Oct  1 16:11:52 UTC 2019
RC 0
-rw-r--r--. 1 centos centos 1000000000 Oct  1 16:12 1G_152.dat
Tue Oct  1 16:12:02 UTC 2019
RC 0
-rw-r--r--. 1 centos centos 1000000000 Oct  1 16:12 1G_152.dat
Tue Oct  1 16:12:12 UTC 2019
RC 0
-rw-r--r--. 1 centos centos 1000000000 Oct  1 16:12 1G_152.dat
--- Mid run ---
Tue Oct  1 16:12:22 UTC 2019
RC 0
-rw-r--r--. 1 centos centos 1000000000 Oct  1 16:12 1G_152.dat
=== Mid run end ===
Tue Oct  1 16:12:32 UTC 2019
RC 0
-rw-r--r--. 1 centos centos 1000000000 Oct  1 16:12 1G_152.dat
Tue Oct  1 16:12:43 UTC 2019
RC 0
-rw-r--r--. 1 centos centos 1000000000 Oct  1 16:12 1G_152.dat
Tue Oct  1 16:12:53 UTC 2019
RC 0
-rw-r--r--. 1 centos centos 1000000000 Oct  1 16:13 1G_152.dat
Tue Oct  1 16:13:03 UTC 2019
RC 0
-rw-r--r--. 1 centos centos 1000000000 Oct  1 16:13 1G_152.dat
Tue Oct  1 16:13:13 UTC 2019
