/dev/shm
Tue Oct  1 16:17:55 UTC 2019
Job 290
Fetching https://prp-test-us-east1.S3.amazonaws.com/2_testm/data/1G_290.dat
Tue Oct  1 16:17:55 UTC 2019
RC 0
-rw-r--r--. 1 centos centos 1000000000 Oct  1 16:18 1G_290.dat
Tue Oct  1 16:18:06 UTC 2019
RC 0
-rw-r--r--. 1 centos centos 1000000000 Oct  1 16:18 1G_290.dat
Tue Oct  1 16:18:16 UTC 2019
RC 0
-rw-r--r--. 1 centos centos 1000000000 Oct  1 16:18 1G_290.dat
--- Mid run ---
Tue Oct  1 16:18:26 UTC 2019
RC 0
-rw-r--r--. 1 centos centos 1000000000 Oct  1 16:18 1G_290.dat
=== Mid run end ===
Tue Oct  1 16:18:39 UTC 2019
RC 0
-rw-r--r--. 1 centos centos 1000000000 Oct  1 16:18 1G_290.dat
Tue Oct  1 16:18:49 UTC 2019
RC 0
-rw-r--r--. 1 centos centos 1000000000 Oct  1 16:19 1G_290.dat
Tue Oct  1 16:19:00 UTC 2019
RC 0
-rw-r--r--. 1 centos centos 1000000000 Oct  1 16:19 1G_290.dat
Tue Oct  1 16:19:10 UTC 2019
RC 0
-rw-r--r--. 1 centos centos 1000000000 Oct  1 16:19 1G_290.dat
Tue Oct  1 16:19:20 UTC 2019
