/dev/shm
Tue Oct  1 16:17:55 UTC 2019
Job 266
Fetching https://prp-test-us-east1.S3.amazonaws.com/a_testm/data/1G_266.dat
Tue Oct  1 16:17:55 UTC 2019
RC 0
-rw-r--r--. 1 centos centos 1000000000 Oct  1 16:18 1G_266.dat
Tue Oct  1 16:18:06 UTC 2019
RC 0
-rw-r--r--. 1 centos centos 1000000000 Oct  1 16:18 1G_266.dat
Tue Oct  1 16:18:16 UTC 2019
RC 0
-rw-r--r--. 1 centos centos 1000000000 Oct  1 16:18 1G_266.dat
--- Mid run ---
Tue Oct  1 16:18:26 UTC 2019
RC 0
-rw-r--r--. 1 centos centos 1000000000 Oct  1 16:18 1G_266.dat
=== Mid run end ===
Tue Oct  1 16:18:45 UTC 2019
RC 0
-rw-r--r--. 1 centos centos 1000000000 Oct  1 16:18 1G_266.dat
Tue Oct  1 16:18:55 UTC 2019
RC 0
-rw-r--r--. 1 centos centos 1000000000 Oct  1 16:19 1G_266.dat
Tue Oct  1 16:19:06 UTC 2019
RC 0
-rw-r--r--. 1 centos centos 1000000000 Oct  1 16:19 1G_266.dat
Tue Oct  1 16:19:16 UTC 2019
RC 0
-rw-r--r--. 1 centos centos 1000000000 Oct  1 16:19 1G_266.dat
Tue Oct  1 16:19:26 UTC 2019
