/dev/shm
Tue Oct  1 16:17:37 UTC 2019
Job 99
Fetching https://prp-test-us-east1.S3.amazonaws.com/3_testa/data/1G_99.dat
Tue Oct  1 16:17:37 UTC 2019
RC 0
-rw-r--r--. 1 centos centos 1000000000 Oct  1 16:17 1G_99.dat
Tue Oct  1 16:17:47 UTC 2019
RC 0
-rw-r--r--. 1 centos centos 1000000000 Oct  1 16:17 1G_99.dat
Tue Oct  1 16:17:57 UTC 2019
RC 0
-rw-r--r--. 1 centos centos 1000000000 Oct  1 16:18 1G_99.dat
--- Mid run ---
Tue Oct  1 16:18:07 UTC 2019
RC 0
-rw-r--r--. 1 centos centos 1000000000 Oct  1 16:18 1G_99.dat
=== Mid run end ===
Tue Oct  1 16:18:18 UTC 2019
RC 0
-rw-r--r--. 1 centos centos 1000000000 Oct  1 16:18 1G_99.dat
Tue Oct  1 16:18:28 UTC 2019
RC 0
-rw-r--r--. 1 centos centos 1000000000 Oct  1 16:18 1G_99.dat
Tue Oct  1 16:18:38 UTC 2019
RC 0
-rw-r--r--. 1 centos centos 1000000000 Oct  1 16:18 1G_99.dat
Tue Oct  1 16:18:49 UTC 2019
RC 0
-rw-r--r--. 1 centos centos 1000000000 Oct  1 16:18 1G_99.dat
Tue Oct  1 16:18:59 UTC 2019
