/dev/shm
Slot slot5
Fetching 1G_5.dat from osg.chic.nrp.internet2.edu
Wed Oct  2 17:57:30 UTC 2019
RC 0
-rw-r--r--. 1 cuser5 cuser 1048576000 Oct  2 17:58 1G_5.dat
--- Mid run ---
Wed Oct  2 17:58:04 UTC 2019
RC 0
-rw-r--r--. 1 cuser5 cuser 1048576000 Oct  2 17:58 1G_5.dat
=== Mid run end ===
Wed Oct  2 17:58:37 UTC 2019
RC 0
-rw-r--r--. 1 cuser5 cuser 1048576000 Oct  2 17:59 1G_5.dat
Wed Oct  2 17:59:10 UTC 2019
RC 0
-rw-r--r--. 1 cuser5 cuser 1048576000 Oct  2 17:59 1G_5.dat
Wed Oct  2 17:59:45 UTC 2019
RC 0
-rw-r--r--. 1 cuser5 cuser 1048576000 Oct  2 18:00 1G_5.dat
Wed Oct  2 18:00:20 UTC 2019
RC 0
-rw-r--r--. 1 cuser5 cuser 1048576000 Oct  2 18:00 1G_5.dat
Wed Oct  2 18:00:53 UTC 2019
