/dev/shm
Slot slot1
Fetching 1G_1.dat from osg.chic.nrp.internet2.edu
Wed Oct  2 17:57:30 UTC 2019
RC 0
-rw-r--r--. 1 cuser1 cuser 1048576000 Oct  2 17:58 1G_1.dat
--- Mid run ---
Wed Oct  2 17:58:01 UTC 2019
RC 0
-rw-r--r--. 1 cuser1 cuser 1048576000 Oct  2 17:58 1G_1.dat
=== Mid run end ===
Wed Oct  2 17:58:35 UTC 2019
RC 0
-rw-r--r--. 1 cuser1 cuser 1048576000 Oct  2 17:59 1G_1.dat
Wed Oct  2 17:59:07 UTC 2019
RC 0
-rw-r--r--. 1 cuser1 cuser 1048576000 Oct  2 17:59 1G_1.dat
Wed Oct  2 17:59:42 UTC 2019
RC 0
-rw-r--r--. 1 cuser1 cuser 1048576000 Oct  2 18:00 1G_1.dat
Wed Oct  2 18:00:13 UTC 2019
RC 0
-rw-r--r--. 1 cuser1 cuser 1048576000 Oct  2 18:00 1G_1.dat
Wed Oct  2 18:00:47 UTC 2019
