/dev/shm/user_slot2
Thu Oct  3 03:25:16 UTC 2019
Job 80
Fetching https://exaeastp0.blob.core.windows.net/exa-east/0_testa/data/1G_80.dat
Thu Oct  3 03:25:16 UTC 2019
RC 0
-rw-r--r--. 1 centos centos 1000000000 Oct  3 03:25 1G_80.dat
Thu Oct  3 03:25:36 UTC 2019
RC 0
-rw-r--r--. 1 centos centos 1000000000 Oct  3 03:25 1G_80.dat
Thu Oct  3 03:25:47 UTC 2019
RC 0
-rw-r--r--. 1 centos centos 1000000000 Oct  3 03:26 1G_80.dat
--- Mid run ---
Thu Oct  3 03:26:08 UTC 2019
RC 0
-rw-r--r--. 1 centos centos 1000000000 Oct  3 03:26 1G_80.dat
=== Mid run end ===
Thu Oct  3 03:26:18 UTC 2019
RC 0
-rw-r--r--. 1 centos centos 1000000000 Oct  3 03:26 1G_80.dat
Thu Oct  3 03:26:38 UTC 2019
RC 0
-rw-r--r--. 1 centos centos 1000000000 Oct  3 03:26 1G_80.dat
Thu Oct  3 03:26:49 UTC 2019
