/dev/shm/user_slot4
Thu Oct  3 03:25:23 UTC 2019
Job 0
Fetching https://exaeastp0.blob.core.windows.net/exa-east/0_testb/data/1G_0.dat
Thu Oct  3 03:25:23 UTC 2019
RC 0
-rw-r--r--. 1 centos centos 1000000000 Oct  3 03:25 1G_0.dat
Thu Oct  3 03:25:33 UTC 2019
RC 0
-rw-r--r--. 1 centos centos 1000000000 Oct  3 03:25 1G_0.dat
Thu Oct  3 03:25:44 UTC 2019
RC 0
-rw-r--r--. 1 centos centos 1000000000 Oct  3 03:25 1G_0.dat
--- Mid run ---
Thu Oct  3 03:25:58 UTC 2019
RC 0
-rw-r--r--. 1 centos centos 1000000000 Oct  3 03:26 1G_0.dat
=== Mid run end ===
Thu Oct  3 03:26:07 UTC 2019
RC 0
-rw-r--r--. 1 centos centos 1000000000 Oct  3 03:26 1G_0.dat
Thu Oct  3 03:26:17 UTC 2019
RC 0
-rw-r--r--. 1 centos centos 1000000000 Oct  3 03:26 1G_0.dat
Thu Oct  3 03:26:35 UTC 2019
