/dev/shm/user_slot3
Thu Oct  3 03:25:17 UTC 2019
Job 98
Fetching https://exaeastp0.blob.core.windows.net/exa-east/2_testa/data/1G_98.dat
Thu Oct  3 03:25:17 UTC 2019
RC 0
-rw-r--r--. 1 centos centos 1000000000 Oct  3 03:25 1G_98.dat
Thu Oct  3 03:25:33 UTC 2019
RC 0
-rw-r--r--. 1 centos centos 1000000000 Oct  3 03:25 1G_98.dat
Thu Oct  3 03:25:56 UTC 2019
RC 0
-rw-r--r--. 1 centos centos 1000000000 Oct  3 03:26 1G_98.dat
--- Mid run ---
Thu Oct  3 03:26:07 UTC 2019
RC 0
-rw-r--r--. 1 centos centos 1000000000 Oct  3 03:26 1G_98.dat
=== Mid run end ===
Thu Oct  3 03:26:26 UTC 2019
RC 0
-rw-r--r--. 1 centos centos 1000000000 Oct  3 03:26 1G_98.dat
Thu Oct  3 03:26:46 UTC 2019
RC 0
-rw-r--r--. 1 centos centos 1000000000 Oct  3 03:26 1G_98.dat
Thu Oct  3 03:26:54 UTC 2019
