/dev/shm/user_slot8
Thu Oct  3 03:22:52 UTC 2019
Job 144
Fetching https://exaeastp0.blob.core.windows.net/exa-east/0_testa/data/1G_144.dat
Thu Oct  3 03:22:52 UTC 2019
RC 0
-rw-r--r--. 1 centos centos 1000000000 Oct  3 03:23 1G_144.dat
Thu Oct  3 03:23:00 UTC 2019
RC 0
-rw-r--r--. 1 centos centos 1000000000 Oct  3 03:23 1G_144.dat
Thu Oct  3 03:23:14 UTC 2019
RC 0
-rw-r--r--. 1 centos centos 1000000000 Oct  3 03:23 1G_144.dat
--- Mid run ---
Thu Oct  3 03:23:23 UTC 2019
RC 0
-rw-r--r--. 1 centos centos 1000000000 Oct  3 03:23 1G_144.dat
=== Mid run end ===
Thu Oct  3 03:23:36 UTC 2019
RC 0
-rw-r--r--. 1 centos centos 1000000000 Oct  3 03:23 1G_144.dat
Thu Oct  3 03:23:50 UTC 2019
RC 0
-rw-r--r--. 1 centos centos 1000000000 Oct  3 03:23 1G_144.dat
Thu Oct  3 03:23:59 UTC 2019
