/dev/shm/user_slot2
Thu Oct  3 03:25:15 UTC 2019
Job 76
Fetching https://exaeastp0.blob.core.windows.net/exa-east/c_testm/data/1G_76.dat
Thu Oct  3 03:25:15 UTC 2019
RC 0
-rw-r--r--. 1 centos centos 1000000000 Oct  3 03:25 1G_76.dat
Thu Oct  3 03:25:34 UTC 2019
RC 0
-rw-r--r--. 1 centos centos 1000000000 Oct  3 03:25 1G_76.dat
Thu Oct  3 03:25:46 UTC 2019
RC 0
-rw-r--r--. 1 centos centos 1000000000 Oct  3 03:25 1G_76.dat
--- Mid run ---
Thu Oct  3 03:25:58 UTC 2019
RC 0
-rw-r--r--. 1 centos centos 1000000000 Oct  3 03:26 1G_76.dat
=== Mid run end ===
Thu Oct  3 03:26:17 UTC 2019
RC 0
-rw-r--r--. 1 centos centos 1000000000 Oct  3 03:26 1G_76.dat
Thu Oct  3 03:26:38 UTC 2019
RC 0
-rw-r--r--. 1 centos centos 1000000000 Oct  3 03:26 1G_76.dat
Thu Oct  3 03:26:47 UTC 2019
