/dev/shm/user_slot4
Thu Oct  3 03:25:20 UTC 2019
Job 126
Fetching https://exaeastp0.blob.core.windows.net/exa-east/e_testm/data/1G_126.dat
Thu Oct  3 03:25:20 UTC 2019
RC 0
-rw-r--r--. 1 centos centos 1000000000 Oct  3 03:25 1G_126.dat
Thu Oct  3 03:25:35 UTC 2019
RC 0
-rw-r--r--. 1 centos centos 1000000000 Oct  3 03:25 1G_126.dat
Thu Oct  3 03:25:45 UTC 2019
RC 0
-rw-r--r--. 1 centos centos 1000000000 Oct  3 03:25 1G_126.dat
--- Mid run ---
Thu Oct  3 03:25:56 UTC 2019
RC 0
-rw-r--r--. 1 centos centos 1000000000 Oct  3 03:26 1G_126.dat
=== Mid run end ===
Thu Oct  3 03:26:16 UTC 2019
RC 0
-rw-r--r--. 1 centos centos 1000000000 Oct  3 03:26 1G_126.dat
Thu Oct  3 03:26:26 UTC 2019
RC 0
-rw-r--r--. 1 centos centos 1000000000 Oct  3 03:26 1G_126.dat
Thu Oct  3 03:26:45 UTC 2019
