/dev/shm/user_slot6
Thu Oct  3 03:25:29 UTC 2019
Job 62
Fetching https://exaeastp0.blob.core.windows.net/exa-east/e_testa/data/1G_62.dat
Thu Oct  3 03:25:29 UTC 2019
RC 0
-rw-r--r--. 1 centos centos 1000000000 Oct  3 03:25 1G_62.dat
Thu Oct  3 03:25:35 UTC 2019
RC 0
-rw-r--r--. 1 centos centos 1000000000 Oct  3 03:25 1G_62.dat
Thu Oct  3 03:25:46 UTC 2019
RC 0
-rw-r--r--. 1 centos centos 1000000000 Oct  3 03:25 1G_62.dat
--- Mid run ---
Thu Oct  3 03:25:59 UTC 2019
RC 0
-rw-r--r--. 1 centos centos 1000000000 Oct  3 03:26 1G_62.dat
=== Mid run end ===
Thu Oct  3 03:26:18 UTC 2019
RC 0
-rw-r--r--. 1 centos centos 1000000000 Oct  3 03:26 1G_62.dat
Thu Oct  3 03:26:27 UTC 2019
RC 0
-rw-r--r--. 1 centos centos 1000000000 Oct  3 03:26 1G_62.dat
Thu Oct  3 03:26:36 UTC 2019
