/dev/shm/user_slot1
Thu Oct  3 03:22:25 UTC 2019
Job 22
Fetching https://exaeastp0.blob.core.windows.net/exa-east/6_testa/data/1G_22.dat
Thu Oct  3 03:22:25 UTC 2019
RC 0
-rw-r--r--. 1 centos centos 1000000000 Oct  3 03:22 1G_22.dat
Thu Oct  3 03:22:32 UTC 2019
RC 0
-rw-r--r--. 1 centos centos 1000000000 Oct  3 03:22 1G_22.dat
Thu Oct  3 03:22:42 UTC 2019
RC 0
-rw-r--r--. 1 centos centos 1000000000 Oct  3 03:22 1G_22.dat
--- Mid run ---
Thu Oct  3 03:22:52 UTC 2019
RC 0
-rw-r--r--. 1 centos centos 1000000000 Oct  3 03:23 1G_22.dat
=== Mid run end ===
Thu Oct  3 03:23:03 UTC 2019
RC 0
-rw-r--r--. 1 centos centos 1000000000 Oct  3 03:23 1G_22.dat
Thu Oct  3 03:23:13 UTC 2019
RC 0
-rw-r--r--. 1 centos centos 1000000000 Oct  3 03:23 1G_22.dat
Thu Oct  3 03:23:26 UTC 2019
