/dev/shm/user_slot2
Thu Oct  3 03:22:28 UTC 2019
Job 54
Fetching https://exaeastp0.blob.core.windows.net/exa-east/6_testa/data/1G_54.dat
Thu Oct  3 03:22:28 UTC 2019
RC 0
-rw-r--r--. 1 centos centos 1000000000 Oct  3 03:22 1G_54.dat
Thu Oct  3 03:22:36 UTC 2019
RC 0
-rw-r--r--. 1 centos centos 1000000000 Oct  3 03:22 1G_54.dat
Thu Oct  3 03:22:41 UTC 2019
RC 0
-rw-r--r--. 1 centos centos 1000000000 Oct  3 03:22 1G_54.dat
--- Mid run ---
Thu Oct  3 03:22:53 UTC 2019
RC 0
-rw-r--r--. 1 centos centos 1000000000 Oct  3 03:23 1G_54.dat
=== Mid run end ===
Thu Oct  3 03:23:02 UTC 2019
RC 0
-rw-r--r--. 1 centos centos 1000000000 Oct  3 03:23 1G_54.dat
Thu Oct  3 03:23:12 UTC 2019
RC 0
-rw-r--r--. 1 centos centos 1000000000 Oct  3 03:23 1G_54.dat
Thu Oct  3 03:23:26 UTC 2019
