/dev/shm/user_slot4
Thu Oct  3 03:22:38 UTC 2019
Job 152
Fetching https://exaeastp0.blob.core.windows.net/exa-east/8_testm/data/1G_152.dat
Thu Oct  3 03:22:38 UTC 2019
RC 0
-rw-r--r--. 1 centos centos 1000000000 Oct  3 03:23 1G_152.dat
Thu Oct  3 03:23:02 UTC 2019
RC 0
-rw-r--r--. 1 centos centos 1000000000 Oct  3 03:23 1G_152.dat
Thu Oct  3 03:23:15 UTC 2019
RC 0
-rw-r--r--. 1 centos centos 1000000000 Oct  3 03:23 1G_152.dat
--- Mid run ---
Thu Oct  3 03:23:25 UTC 2019
RC 0
-rw-r--r--. 1 centos centos 1000000000 Oct  3 03:23 1G_152.dat
=== Mid run end ===
Thu Oct  3 03:23:37 UTC 2019
RC 0
-rw-r--r--. 1 centos centos 1000000000 Oct  3 03:23 1G_152.dat
Thu Oct  3 03:23:41 UTC 2019
RC 0
-rw-r--r--. 1 centos centos 1000000000 Oct  3 03:23 1G_152.dat
Thu Oct  3 03:23:50 UTC 2019
