/dev/shm/user_slot3
Thu Oct  3 03:25:17 UTC 2019
Job 95
Fetching https://exaeastp0.blob.core.windows.net/exa-east/f_testm/data/1G_95.dat
Thu Oct  3 03:25:17 UTC 2019
RC 0
-rw-r--r--. 1 centos centos 1000000000 Oct  3 03:25 1G_95.dat
Thu Oct  3 03:25:32 UTC 2019
RC 0
-rw-r--r--. 1 centos centos 1000000000 Oct  3 03:25 1G_95.dat
Thu Oct  3 03:25:45 UTC 2019
RC 0
-rw-r--r--. 1 centos centos 1000000000 Oct  3 03:25 1G_95.dat
--- Mid run ---
Thu Oct  3 03:25:57 UTC 2019
RC 0
-rw-r--r--. 1 centos centos 1000000000 Oct  3 03:26 1G_95.dat
=== Mid run end ===
Thu Oct  3 03:26:06 UTC 2019
RC 0
-rw-r--r--. 1 centos centos 1000000000 Oct  3 03:26 1G_95.dat
Thu Oct  3 03:26:25 UTC 2019
RC 0
-rw-r--r--. 1 centos centos 1000000000 Oct  3 03:26 1G_95.dat
Thu Oct  3 03:26:33 UTC 2019
