/dev/shm/user_slot5
Thu Oct  3 03:22:39 UTC 2019
Job 7
Fetching https://exaeastp0.blob.core.windows.net/exa-east/7_testm/data/1G_7.dat
Thu Oct  3 03:22:39 UTC 2019
RC 0
-rw-r--r--. 1 centos centos 1000000000 Oct  3 03:22 1G_7.dat
Thu Oct  3 03:22:52 UTC 2019
RC 0
-rw-r--r--. 1 centos centos 1000000000 Oct  3 03:23 1G_7.dat
Thu Oct  3 03:23:01 UTC 2019
RC 0
-rw-r--r--. 1 centos centos 1000000000 Oct  3 03:23 1G_7.dat
--- Mid run ---
Thu Oct  3 03:23:13 UTC 2019
RC 0
-rw-r--r--. 1 centos centos 1000000000 Oct  3 03:23 1G_7.dat
=== Mid run end ===
Thu Oct  3 03:23:24 UTC 2019
RC 0
-rw-r--r--. 1 centos centos 1000000000 Oct  3 03:23 1G_7.dat
Thu Oct  3 03:23:37 UTC 2019
RC 0
-rw-r--r--. 1 centos centos 1000000000 Oct  3 03:23 1G_7.dat
Thu Oct  3 03:23:48 UTC 2019
