/dev/shm/user_slot2
Thu Oct  3 03:22:30 UTC 2019
Job 67
Fetching https://exaeastp0.blob.core.windows.net/exa-east/3_testb/data/1G_67.dat
Thu Oct  3 03:22:30 UTC 2019
RC 0
-rw-r--r--. 1 centos centos 1000000000 Oct  3 03:22 1G_67.dat
Thu Oct  3 03:22:34 UTC 2019
RC 0
-rw-r--r--. 1 centos centos 1000000000 Oct  3 03:22 1G_67.dat
Thu Oct  3 03:22:43 UTC 2019
RC 0
-rw-r--r--. 1 centos centos 1000000000 Oct  3 03:22 1G_67.dat
--- Mid run ---
Thu Oct  3 03:22:52 UTC 2019
RC 0
-rw-r--r--. 1 centos centos 1000000000 Oct  3 03:23 1G_67.dat
=== Mid run end ===
Thu Oct  3 03:23:24 UTC 2019
RC 0
-rw-r--r--. 1 centos centos 1000000000 Oct  3 03:23 1G_67.dat
Thu Oct  3 03:23:38 UTC 2019
RC 0
-rw-r--r--. 1 centos centos 1000000000 Oct  3 03:23 1G_67.dat
Thu Oct  3 03:23:50 UTC 2019
