/dev/shm/user_slot5
Thu Oct  3 03:25:25 UTC 2019
Job 25
Fetching https://exaeastp0.blob.core.windows.net/exa-east/9_testm/data/1G_25.dat
Thu Oct  3 03:25:25 UTC 2019
RC 0
-rw-r--r--. 1 centos centos 1000000000 Oct  3 03:25 1G_25.dat
Thu Oct  3 03:25:33 UTC 2019
RC 0
-rw-r--r--. 1 centos centos 1000000000 Oct  3 03:25 1G_25.dat
Thu Oct  3 03:25:47 UTC 2019
RC 0
-rw-r--r--. 1 centos centos 1000000000 Oct  3 03:25 1G_25.dat
--- Mid run ---
Thu Oct  3 03:25:58 UTC 2019
RC 0
-rw-r--r--. 1 centos centos 1000000000 Oct  3 03:26 1G_25.dat
=== Mid run end ===
Thu Oct  3 03:26:07 UTC 2019
RC 0
-rw-r--r--. 1 centos centos 1000000000 Oct  3 03:26 1G_25.dat
Thu Oct  3 03:26:25 UTC 2019
RC 0
-rw-r--r--. 1 centos centos 1000000000 Oct  3 03:26 1G_25.dat
Thu Oct  3 03:26:34 UTC 2019
