/dev/shm/user_slot2
Thu Oct  3 03:25:15 UTC 2019
Job 77
Fetching https://exaeastp0.blob.core.windows.net/exa-east/d_testa/data/1G_77.dat
Thu Oct  3 03:25:15 UTC 2019
RC 0
-rw-r--r--. 1 centos centos 1000000000 Oct  3 03:25 1G_77.dat
Thu Oct  3 03:25:27 UTC 2019
RC 0
-rw-r--r--. 1 centos centos 1000000000 Oct  3 03:25 1G_77.dat
Thu Oct  3 03:25:35 UTC 2019
RC 0
-rw-r--r--. 1 centos centos 1000000000 Oct  3 03:25 1G_77.dat
--- Mid run ---
Thu Oct  3 03:25:48 UTC 2019
RC 0
-rw-r--r--. 1 centos centos 1000000000 Oct  3 03:25 1G_77.dat
=== Mid run end ===
Thu Oct  3 03:25:58 UTC 2019
RC 0
-rw-r--r--. 1 centos centos 1000000000 Oct  3 03:26 1G_77.dat
Thu Oct  3 03:26:09 UTC 2019
RC 0
-rw-r--r--. 1 centos centos 1000000000 Oct  3 03:26 1G_77.dat
Thu Oct  3 03:26:17 UTC 2019
