Wed Sep 25 23:16:04 UTC 2019
Wed Sep 25 23:16:04 UTC 2019

real	0m5.284s
user	0m1.461s
sys	0m2.112s
Wed Sep 25 23:16:09 UTC 2019

real	0m7.780s
user	0m1.897s
sys	0m2.250s
Wed Sep 25 23:16:17 UTC 2019

real	0m9.429s
user	0m2.319s
sys	0m2.550s
--- Mid run ---
Wed Sep 25 23:16:26 UTC 2019

real	0m4.806s
user	0m1.621s
sys	0m2.012s
=== Mid run end ===
Wed Sep 25 23:16:31 UTC 2019

real	0m4.615s
user	0m1.608s
sys	0m2.491s
Wed Sep 25 23:16:36 UTC 2019

real	0m4.741s
user	0m1.450s
sys	0m1.980s
Wed Sep 25 23:16:41 UTC 2019

real	0m2.969s
user	0m1.098s
sys	0m1.737s
Wed Sep 25 23:16:44 UTC 2019

real	0m2.981s
user	0m1.247s
sys	0m1.706s
Wed Sep 25 23:16:47 UTC 2019
