Wed Sep 25 23:17:43 UTC 2019
Wed Sep 25 23:17:43 UTC 2019

real	0m4.251s
user	0m1.520s
sys	0m2.572s
Wed Sep 25 23:17:47 UTC 2019

real	0m4.344s
user	0m1.563s
sys	0m2.709s
Wed Sep 25 23:17:52 UTC 2019

real	0m4.821s
user	0m1.641s
sys	0m3.152s
--- Mid run ---
Wed Sep 25 23:17:57 UTC 2019

real	0m4.644s
user	0m1.574s
sys	0m2.986s
=== Mid run end ===
Wed Sep 25 23:18:02 UTC 2019

real	0m4.954s
user	0m1.508s
sys	0m2.952s
Wed Sep 25 23:18:07 UTC 2019

real	0m4.075s
user	0m1.394s
sys	0m2.637s
Wed Sep 25 23:18:11 UTC 2019

real	0m4.158s
user	0m1.322s
sys	0m2.789s
Wed Sep 25 23:18:15 UTC 2019

real	0m4.464s
user	0m1.343s
sys	0m3.011s
Wed Sep 25 23:18:20 UTC 2019
