Wed Sep 25 23:17:34 UTC 2019
Wed Sep 25 23:17:34 UTC 2019

real	0m4.137s
user	0m1.228s
sys	0m2.772s
Wed Sep 25 23:17:38 UTC 2019

real	0m4.300s
user	0m1.259s
sys	0m2.944s
Wed Sep 25 23:17:43 UTC 2019

real	0m5.451s
user	0m1.547s
sys	0m3.691s
--- Mid run ---
Wed Sep 25 23:17:48 UTC 2019

real	0m4.763s
user	0m1.582s
sys	0m3.088s
=== Mid run end ===
Wed Sep 25 23:17:53 UTC 2019

real	0m5.039s
user	0m1.570s
sys	0m3.434s
Wed Sep 25 23:17:58 UTC 2019

real	0m4.779s
user	0m1.467s
sys	0m3.292s
Wed Sep 25 23:18:03 UTC 2019

real	0m5.098s
user	0m1.491s
sys	0m3.443s
Wed Sep 25 23:18:09 UTC 2019

real	0m4.825s
user	0m1.395s
sys	0m3.215s
Wed Sep 25 23:18:14 UTC 2019
