Wed Sep 25 23:16:10 UTC 2019
Wed Sep 25 23:16:10 UTC 2019

real	0m4.433s
user	0m1.472s
sys	0m2.930s
Wed Sep 25 23:16:15 UTC 2019

real	0m4.867s
user	0m1.483s
sys	0m3.355s
Wed Sep 25 23:16:20 UTC 2019

real	0m4.791s
user	0m1.457s
sys	0m3.283s
--- Mid run ---
Wed Sep 25 23:16:25 UTC 2019

real	0m4.755s
user	0m1.577s
sys	0m3.101s
=== Mid run end ===
Wed Sep 25 23:16:30 UTC 2019

real	0m5.009s
user	0m1.547s
sys	0m3.350s
Wed Sep 25 23:16:35 UTC 2019

real	0m3.921s
user	0m1.163s
sys	0m2.605s
Wed Sep 25 23:16:39 UTC 2019

real	0m3.723s
user	0m1.217s
sys	0m2.427s
Wed Sep 25 23:16:43 UTC 2019

real	0m2.901s
user	0m1.048s
sys	0m1.731s
Wed Sep 25 23:16:46 UTC 2019
