Wed Sep 25 23:15:56 UTC 2019
Wed Sep 25 23:15:56 UTC 2019

real	0m3.276s
user	0m1.111s
sys	0m1.500s
Wed Sep 25 23:16:00 UTC 2019

real	0m3.135s
user	0m1.176s
sys	0m1.843s
Wed Sep 25 23:16:03 UTC 2019

real	0m3.284s
user	0m1.193s
sys	0m1.905s
--- Mid run ---
Wed Sep 25 23:16:06 UTC 2019

real	0m3.893s
user	0m1.512s
sys	0m2.077s
=== Mid run end ===
Wed Sep 25 23:16:10 UTC 2019

real	0m6.842s
user	0m2.429s
sys	0m2.619s
Wed Sep 25 23:16:17 UTC 2019

real	0m4.967s
user	0m1.707s
sys	0m2.056s
Wed Sep 25 23:16:22 UTC 2019

real	0m4.457s
user	0m1.513s
sys	0m2.293s
Wed Sep 25 23:16:27 UTC 2019

real	0m3.975s
user	0m1.391s
sys	0m1.860s
Wed Sep 25 23:16:31 UTC 2019
