Wed Sep 25 23:16:10 UTC 2019
Wed Sep 25 23:16:10 UTC 2019

real	0m4.998s
user	0m1.489s
sys	0m2.438s
Wed Sep 25 23:16:15 UTC 2019

real	0m4.756s
user	0m1.515s
sys	0m2.568s
Wed Sep 25 23:16:20 UTC 2019

real	0m4.095s
user	0m1.399s
sys	0m2.289s
--- Mid run ---
Wed Sep 25 23:16:24 UTC 2019

real	0m3.885s
user	0m1.413s
sys	0m2.298s
=== Mid run end ===
Wed Sep 25 23:16:28 UTC 2019

real	0m3.279s
user	0m1.160s
sys	0m2.043s
Wed Sep 25 23:16:32 UTC 2019

real	0m3.345s
user	0m1.225s
sys	0m1.866s
Wed Sep 25 23:16:35 UTC 2019

real	0m3.249s
user	0m1.168s
sys	0m1.995s
Wed Sep 25 23:16:39 UTC 2019

real	0m3.066s
user	0m1.398s
sys	0m1.632s
Wed Sep 25 23:16:42 UTC 2019
