Wed Sep 25 23:17:43 UTC 2019
Wed Sep 25 23:17:43 UTC 2019

real	0m4.146s
user	0m1.640s
sys	0m2.410s
Wed Sep 25 23:17:48 UTC 2019

real	0m3.927s
user	0m1.340s
sys	0m2.316s
Wed Sep 25 23:17:52 UTC 2019

real	0m4.126s
user	0m1.479s
sys	0m2.332s
--- Mid run ---
Wed Sep 25 23:17:56 UTC 2019

real	0m4.968s
user	0m1.719s
sys	0m2.764s
=== Mid run end ===
Wed Sep 25 23:18:01 UTC 2019

real	0m4.076s
user	0m1.456s
sys	0m2.470s
Wed Sep 25 23:18:05 UTC 2019

real	0m3.166s
user	0m1.243s
sys	0m1.780s
Wed Sep 25 23:18:08 UTC 2019

real	0m3.395s
user	0m1.420s
sys	0m1.842s
Wed Sep 25 23:18:12 UTC 2019

real	0m4.397s
user	0m1.351s
sys	0m2.006s
Wed Sep 25 23:18:16 UTC 2019
