/dev/shm
Slot slot7
Fetching 1G_7.dat from osg.chic.nrp.internet2.edu
Wed Oct  2 23:52:53 UTC 2019
RC 0
-rw-r--r--. 1 cuser7 cuser 1048576000 Oct  2 23:53 1G_7.dat
--- Mid run ---
Wed Oct  2 23:53:12 UTC 2019
RC 0
-rw-r--r--. 1 cuser7 cuser 1048576000 Oct  2 23:53 1G_7.dat
=== Mid run end ===
Wed Oct  2 23:53:30 UTC 2019
RC 0
-rw-r--r--. 1 cuser7 cuser 1048576000 Oct  2 23:53 1G_7.dat
Wed Oct  2 23:53:51 UTC 2019
RC 0
-rw-r--r--. 1 cuser7 cuser 1048576000 Oct  2 23:54 1G_7.dat
Wed Oct  2 23:54:07 UTC 2019
RC 0
-rw-r--r--. 1 cuser7 cuser 1048576000 Oct  2 23:54 1G_7.dat
Wed Oct  2 23:54:16 UTC 2019
RC 0
-rw-r--r--. 1 cuser7 cuser 1048576000 Oct  2 23:54 1G_7.dat
Wed Oct  2 23:54:40 UTC 2019
