/dev/shm
Slot slot3
Fetching 1G_3.dat from osg.chic.nrp.internet2.edu
Wed Oct  2 22:36:08 UTC 2019
RC 0
-rw-r--r--. 1 cuser3 cuser 1048576000 Oct  2 22:36 1G_3.dat
--- Mid run ---
Wed Oct  2 22:36:19 UTC 2019
RC 0
-rw-r--r--. 1 cuser3 cuser 1048576000 Oct  2 22:36 1G_3.dat
=== Mid run end ===
Wed Oct  2 22:36:32 UTC 2019
RC 0
-rw-r--r--. 1 cuser3 cuser 1048576000 Oct  2 22:36 1G_3.dat
Wed Oct  2 22:36:47 UTC 2019
RC 0
-rw-r--r--. 1 cuser3 cuser 1048576000 Oct  2 22:37 1G_3.dat
Wed Oct  2 22:37:04 UTC 2019
RC 0
-rw-r--r--. 1 cuser3 cuser 1048576000 Oct  2 22:37 1G_3.dat
Wed Oct  2 22:37:22 UTC 2019
RC 0
-rw-r--r--. 1 cuser3 cuser 1048576000 Oct  2 22:37 1G_3.dat
Wed Oct  2 22:37:43 UTC 2019
