/dev/shm
Mon Sep 30 22:57:05 UTC 2019
Job 20
Fetching https://exaeastp0.blob.core.windows.net/exa-east/4_testb/data/1G_20.dat
Mon Sep 30 22:57:05 UTC 2019
RC 0
-rw-r--r--. 1 centos centos 1000000000 Sep 30 22:57 1G_20.dat
Mon Sep 30 22:57:13 UTC 2019
RC 0
-rw-r--r--. 1 centos centos 1000000000 Sep 30 22:57 1G_20.dat
Mon Sep 30 22:57:20 UTC 2019
RC 0
-rw-r--r--. 1 centos centos 1000000000 Sep 30 22:57 1G_20.dat
--- Mid run ---
Mon Sep 30 22:57:29 UTC 2019
RC 0
-rw-r--r--. 1 centos centos 1000000000 Sep 30 22:57 1G_20.dat
=== Mid run end ===
Mon Sep 30 22:57:37 UTC 2019
RC 0
-rw-r--r--. 1 centos centos 1000000000 Sep 30 22:57 1G_20.dat
Mon Sep 30 22:57:44 UTC 2019
RC 0
-rw-r--r--. 1 centos centos 1000000000 Sep 30 22:57 1G_20.dat
Mon Sep 30 22:57:52 UTC 2019
