Tue Oct  1 16:11:51 UTC 2019
Tue Oct  1 16:11:51 UTC 2019

real	0m10.112s
user	0m1.602s
sys	0m2.753s
Tue Oct  1 16:12:02 UTC 2019

real	0m10.096s
user	0m1.799s
sys	0m2.937s
Tue Oct  1 16:12:12 UTC 2019

real	0m10.090s
user	0m1.435s
sys	0m2.984s
--- Mid run ---
Tue Oct  1 16:12:22 UTC 2019

real	0m10.116s
user	0m1.534s
sys	0m2.958s
=== Mid run end ===
Tue Oct  1 16:12:32 UTC 2019

real	0m10.143s
user	0m1.620s
sys	0m3.084s
Tue Oct  1 16:12:43 UTC 2019

real	0m10.131s
user	0m1.516s
sys	0m3.062s
Tue Oct  1 16:12:53 UTC 2019

real	0m10.181s
user	0m1.862s
sys	0m3.620s
Tue Oct  1 16:13:03 UTC 2019

real	0m10.179s
user	0m1.460s
sys	0m2.915s
Tue Oct  1 16:13:13 UTC 2019
