Tue Oct  1 16:17:43 UTC 2019
Tue Oct  1 16:17:43 UTC 2019

real	0m10.092s
user	0m1.746s
sys	0m2.946s
Tue Oct  1 16:17:53 UTC 2019

real	0m10.125s
user	0m1.631s
sys	0m2.858s
Tue Oct  1 16:18:03 UTC 2019

real	0m10.152s
user	0m1.453s
sys	0m2.920s
--- Mid run ---
Tue Oct  1 16:18:13 UTC 2019

real	0m10.150s
user	0m1.579s
sys	0m2.807s
=== Mid run end ===
Tue Oct  1 16:18:24 UTC 2019

real	0m10.204s
user	0m1.616s
sys	0m3.074s
Tue Oct  1 16:18:34 UTC 2019

real	0m10.149s
user	0m1.511s
sys	0m3.405s
Tue Oct  1 16:18:44 UTC 2019

real	0m10.131s
user	0m1.789s
sys	0m3.268s
Tue Oct  1 16:18:54 UTC 2019

real	0m10.291s
user	0m1.419s
sys	0m2.419s
Tue Oct  1 16:19:05 UTC 2019
