Tue Oct  1 16:17:54 UTC 2019
Tue Oct  1 16:17:54 UTC 2019

real	0m10.930s
user	0m1.508s
sys	0m2.507s
Tue Oct  1 16:18:05 UTC 2019

real	0m10.118s
user	0m1.385s
sys	0m2.196s
Tue Oct  1 16:18:15 UTC 2019

real	0m10.124s
user	0m1.465s
sys	0m2.359s
--- Mid run ---
Tue Oct  1 16:18:26 UTC 2019

real	0m10.159s
user	0m1.696s
sys	0m2.788s
=== Mid run end ===
Tue Oct  1 16:18:36 UTC 2019

real	0m10.113s
user	0m1.292s
sys	0m2.161s
Tue Oct  1 16:18:46 UTC 2019

real	0m10.133s
user	0m1.503s
sys	0m2.380s
Tue Oct  1 16:18:56 UTC 2019

real	0m10.104s
user	0m1.277s
sys	0m2.099s
Tue Oct  1 16:19:07 UTC 2019

real	0m10.110s
user	0m1.363s
sys	0m2.182s
Tue Oct  1 16:19:17 UTC 2019
