Tue Oct  1 16:17:44 UTC 2019
Tue Oct  1 16:17:44 UTC 2019

real	0m10.096s
user	0m1.411s
sys	0m2.317s
Tue Oct  1 16:17:54 UTC 2019

real	0m10.110s
user	0m1.406s
sys	0m2.225s
Tue Oct  1 16:18:04 UTC 2019

real	0m10.113s
user	0m1.477s
sys	0m2.606s
--- Mid run ---
Tue Oct  1 16:18:15 UTC 2019

real	0m10.120s
user	0m1.536s
sys	0m2.427s
=== Mid run end ===
Tue Oct  1 16:18:25 UTC 2019

real	0m16.523s
user	0m1.287s
sys	0m2.084s
Tue Oct  1 16:18:41 UTC 2019

real	0m10.103s
user	0m1.535s
sys	0m2.878s
Tue Oct  1 16:18:52 UTC 2019

real	0m10.112s
user	0m1.466s
sys	0m2.234s
Tue Oct  1 16:19:02 UTC 2019

real	0m10.098s
user	0m1.301s
sys	0m2.372s
Tue Oct  1 16:19:12 UTC 2019
