Tue Oct  1 16:17:49 UTC 2019
Tue Oct  1 16:17:49 UTC 2019

real	0m10.091s
user	0m1.407s
sys	0m2.756s
Tue Oct  1 16:18:00 UTC 2019

real	0m10.382s
user	0m1.379s
sys	0m2.450s
Tue Oct  1 16:18:10 UTC 2019

real	0m10.152s
user	0m1.375s
sys	0m2.423s
--- Mid run ---
Tue Oct  1 16:18:20 UTC 2019

real	0m10.142s
user	0m1.391s
sys	0m2.667s
=== Mid run end ===
Tue Oct  1 16:18:31 UTC 2019

real	0m10.136s
user	0m1.425s
sys	0m3.019s
Tue Oct  1 16:18:41 UTC 2019

real	0m10.123s
user	0m1.416s
sys	0m2.321s
Tue Oct  1 16:18:51 UTC 2019

real	0m10.124s
user	0m1.379s
sys	0m2.507s
Tue Oct  1 16:19:01 UTC 2019

real	0m10.119s
user	0m1.617s
sys	0m2.722s
Tue Oct  1 16:19:12 UTC 2019
