Tue Oct  1 16:11:51 UTC 2019
Tue Oct  1 16:11:51 UTC 2019

real	0m10.144s
user	0m1.262s
sys	0m1.790s
Tue Oct  1 16:12:02 UTC 2019

real	0m10.115s
user	0m1.355s
sys	0m2.195s
Tue Oct  1 16:12:12 UTC 2019

real	0m10.095s
user	0m1.487s
sys	0m2.409s
--- Mid run ---
Tue Oct  1 16:12:22 UTC 2019

real	0m10.128s
user	0m1.462s
sys	0m2.160s
=== Mid run end ===
Tue Oct  1 16:12:32 UTC 2019

real	0m10.134s
user	0m1.305s
sys	0m2.320s
Tue Oct  1 16:12:42 UTC 2019

real	0m10.092s
user	0m1.387s
sys	0m2.198s
Tue Oct  1 16:12:53 UTC 2019

real	0m10.143s
user	0m1.528s
sys	0m2.232s
Tue Oct  1 16:13:03 UTC 2019

real	0m10.105s
user	0m1.388s
sys	0m2.171s
Tue Oct  1 16:13:13 UTC 2019
