Tue Oct  1 16:11:57 UTC 2019
Tue Oct  1 16:11:57 UTC 2019

real	0m18.448s
user	0m1.228s
sys	0m2.252s
Tue Oct  1 16:12:15 UTC 2019

real	0m10.953s
user	0m1.171s
sys	0m2.440s
Tue Oct  1 16:12:26 UTC 2019

real	0m10.151s
user	0m1.293s
sys	0m2.229s
--- Mid run ---
Tue Oct  1 16:12:37 UTC 2019

real	0m10.382s
user	0m1.444s
sys	0m2.657s
=== Mid run end ===
Tue Oct  1 16:12:47 UTC 2019

real	0m10.112s
user	0m1.419s
sys	0m2.734s
Tue Oct  1 16:12:57 UTC 2019

real	0m10.130s
user	0m1.562s
sys	0m2.911s
Tue Oct  1 16:13:08 UTC 2019

real	0m10.130s
user	0m1.405s
sys	0m2.190s
Tue Oct  1 16:13:18 UTC 2019

real	0m10.097s
user	0m1.532s
sys	0m2.651s
Tue Oct  1 16:13:28 UTC 2019
