Tue Oct  1 16:17:49 UTC 2019
Tue Oct  1 16:17:49 UTC 2019

real	0m10.111s
user	0m1.574s
sys	0m2.267s
Tue Oct  1 16:18:00 UTC 2019

real	0m10.120s
user	0m1.455s
sys	0m2.560s
Tue Oct  1 16:18:10 UTC 2019

real	0m10.096s
user	0m1.367s
sys	0m2.371s
--- Mid run ---
Tue Oct  1 16:18:20 UTC 2019

real	0m10.128s
user	0m1.690s
sys	0m2.627s
=== Mid run end ===
Tue Oct  1 16:18:30 UTC 2019

real	0m10.150s
user	0m1.570s
sys	0m3.084s
Tue Oct  1 16:18:40 UTC 2019

real	0m10.153s
user	0m1.420s
sys	0m2.719s
Tue Oct  1 16:18:51 UTC 2019

real	0m10.106s
user	0m1.510s
sys	0m2.278s
Tue Oct  1 16:19:01 UTC 2019

real	0m10.123s
user	0m1.511s
sys	0m2.349s
Tue Oct  1 16:19:11 UTC 2019
