Tue Oct  1 16:17:50 UTC 2019
Tue Oct  1 16:17:50 UTC 2019

real	0m10.341s
user	0m1.409s
sys	0m2.469s
Tue Oct  1 16:18:00 UTC 2019

real	0m10.105s
user	0m1.318s
sys	0m2.195s
Tue Oct  1 16:18:10 UTC 2019

real	0m10.124s
user	0m1.437s
sys	0m2.499s
--- Mid run ---
Tue Oct  1 16:18:20 UTC 2019

real	0m10.116s
user	0m1.440s
sys	0m2.172s
=== Mid run end ===
Tue Oct  1 16:18:31 UTC 2019

real	0m10.111s
user	0m1.402s
sys	0m2.242s
Tue Oct  1 16:18:41 UTC 2019

real	0m10.097s
user	0m1.322s
sys	0m2.195s
Tue Oct  1 16:18:51 UTC 2019

real	0m10.131s
user	0m1.485s
sys	0m2.500s
Tue Oct  1 16:19:01 UTC 2019

real	0m10.106s
user	0m1.597s
sys	0m2.352s
Tue Oct  1 16:19:12 UTC 2019
