Tue Oct  1 16:11:45 UTC 2019
Tue Oct  1 16:11:45 UTC 2019

real	0m10.104s
user	0m1.509s
sys	0m2.125s
Tue Oct  1 16:11:55 UTC 2019

real	0m10.096s
user	0m1.572s
sys	0m2.346s
Tue Oct  1 16:12:05 UTC 2019

real	0m10.123s
user	0m1.468s
sys	0m2.233s
--- Mid run ---
Tue Oct  1 16:12:16 UTC 2019

real	0m10.122s
user	0m1.318s
sys	0m2.117s
=== Mid run end ===
Tue Oct  1 16:12:26 UTC 2019

real	0m10.125s
user	0m1.336s
sys	0m2.526s
Tue Oct  1 16:12:36 UTC 2019

real	0m10.139s
user	0m1.648s
sys	0m2.277s
Tue Oct  1 16:12:46 UTC 2019

real	0m10.137s
user	0m1.347s
sys	0m2.165s
Tue Oct  1 16:12:57 UTC 2019

real	0m21.500s
user	0m1.748s
sys	0m2.689s
Tue Oct  1 16:13:18 UTC 2019
