Tue Oct  1 16:12:04 UTC 2019
Tue Oct  1 16:12:04 UTC 2019

real	0m21.503s
user	0m1.786s
sys	0m3.195s
Tue Oct  1 16:12:26 UTC 2019

real	0m11.491s
user	0m1.398s
sys	0m2.797s
Tue Oct  1 16:12:37 UTC 2019

real	0m10.150s
user	0m1.812s
sys	0m3.249s
--- Mid run ---
Tue Oct  1 16:12:48 UTC 2019

real	0m10.560s
user	0m1.506s
sys	0m2.826s
=== Mid run end ===
Tue Oct  1 16:12:58 UTC 2019

real	0m10.133s
user	0m1.490s
sys	0m3.586s
Tue Oct  1 16:13:08 UTC 2019

real	0m10.126s
user	0m1.355s
sys	0m2.301s
Tue Oct  1 16:13:19 UTC 2019

real	0m10.122s
user	0m1.464s
sys	0m2.797s
Tue Oct  1 16:13:29 UTC 2019

real	0m10.101s
user	0m1.688s
sys	0m2.623s
Tue Oct  1 16:13:39 UTC 2019
