Tue Oct  1 16:11:45 UTC 2019
Tue Oct  1 16:11:45 UTC 2019

real	0m10.097s
user	0m1.440s
sys	0m2.159s
Tue Oct  1 16:11:55 UTC 2019

real	0m10.119s
user	0m1.379s
sys	0m2.101s
Tue Oct  1 16:12:05 UTC 2019

real	0m17.740s
user	0m1.714s
sys	0m2.758s
--- Mid run ---
Tue Oct  1 16:12:23 UTC 2019

real	0m10.137s
user	0m1.341s
sys	0m2.068s
=== Mid run end ===
Tue Oct  1 16:12:33 UTC 2019

real	0m10.109s
user	0m1.411s
sys	0m2.343s
Tue Oct  1 16:12:43 UTC 2019

real	0m10.189s
user	0m1.497s
sys	0m2.364s
Tue Oct  1 16:12:54 UTC 2019

real	0m10.131s
user	0m1.523s
sys	0m2.443s
Tue Oct  1 16:13:04 UTC 2019

real	0m10.139s
user	0m1.511s
sys	0m2.371s
Tue Oct  1 16:13:14 UTC 2019
