Tue Oct  1 16:11:45 UTC 2019
Tue Oct  1 16:11:45 UTC 2019

real	0m10.140s
user	0m1.264s
sys	0m1.962s
Tue Oct  1 16:11:55 UTC 2019

real	0m10.100s
user	0m1.494s
sys	0m2.342s
Tue Oct  1 16:12:05 UTC 2019

real	0m14.275s
user	0m1.294s
sys	0m2.055s
--- Mid run ---
Tue Oct  1 16:12:20 UTC 2019

real	0m10.353s
user	0m1.350s
sys	0m2.238s
=== Mid run end ===
Tue Oct  1 16:12:30 UTC 2019

real	0m10.134s
user	0m1.392s
sys	0m2.215s
Tue Oct  1 16:12:40 UTC 2019

real	0m10.146s
user	0m1.616s
sys	0m2.357s
Tue Oct  1 16:12:51 UTC 2019

real	0m10.178s
user	0m1.600s
sys	0m2.662s
Tue Oct  1 16:13:01 UTC 2019

real	0m10.152s
user	0m1.459s
sys	0m2.311s
Tue Oct  1 16:13:11 UTC 2019
