Tue Oct  1 16:17:55 UTC 2019
Tue Oct  1 16:17:55 UTC 2019

real	0m10.176s
user	0m1.377s
sys	0m2.143s
Tue Oct  1 16:18:06 UTC 2019

real	0m10.125s
user	0m1.456s
sys	0m2.188s
Tue Oct  1 16:18:16 UTC 2019

real	0m10.153s
user	0m1.619s
sys	0m2.376s
--- Mid run ---
Tue Oct  1 16:18:26 UTC 2019

real	0m10.135s
user	0m1.567s
sys	0m2.281s
=== Mid run end ===
Tue Oct  1 16:18:36 UTC 2019

real	0m10.147s
user	0m1.243s
sys	0m2.144s
Tue Oct  1 16:18:47 UTC 2019

real	0m10.124s
user	0m1.566s
sys	0m2.513s
Tue Oct  1 16:18:57 UTC 2019

real	0m10.118s
user	0m1.550s
sys	0m2.164s
Tue Oct  1 16:19:07 UTC 2019

real	0m10.126s
user	0m1.424s
sys	0m2.084s
Tue Oct  1 16:19:17 UTC 2019
