Tue Oct  1 16:17:36 UTC 2019
Tue Oct  1 16:17:36 UTC 2019

real	0m10.237s
user	0m1.598s
sys	0m2.676s
Tue Oct  1 16:17:46 UTC 2019

real	0m10.125s
user	0m1.307s
sys	0m2.261s
Tue Oct  1 16:17:57 UTC 2019

real	0m10.144s
user	0m1.680s
sys	0m2.548s
--- Mid run ---
Tue Oct  1 16:18:07 UTC 2019

real	0m10.121s
user	0m1.529s
sys	0m2.501s
=== Mid run end ===
Tue Oct  1 16:18:17 UTC 2019

real	0m10.118s
user	0m1.473s
sys	0m2.650s
Tue Oct  1 16:18:27 UTC 2019

real	0m10.146s
user	0m1.346s
sys	0m2.145s
Tue Oct  1 16:18:37 UTC 2019

real	0m10.111s
user	0m1.682s
sys	0m2.494s
Tue Oct  1 16:18:48 UTC 2019

real	0m10.221s
user	0m1.663s
sys	0m2.452s
Tue Oct  1 16:18:58 UTC 2019
