Tue Oct  1 16:17:49 UTC 2019
Tue Oct  1 16:17:50 UTC 2019

real	0m10.157s
user	0m1.391s
sys	0m2.237s
Tue Oct  1 16:18:00 UTC 2019

real	0m10.140s
user	0m1.429s
sys	0m2.342s
Tue Oct  1 16:18:10 UTC 2019

real	0m10.100s
user	0m1.504s
sys	0m2.295s
--- Mid run ---
Tue Oct  1 16:18:20 UTC 2019

real	0m10.099s
user	0m1.352s
sys	0m2.299s
=== Mid run end ===
Tue Oct  1 16:18:30 UTC 2019

real	0m10.127s
user	0m1.527s
sys	0m2.578s
Tue Oct  1 16:18:41 UTC 2019

real	0m10.098s
user	0m1.363s
sys	0m2.639s
Tue Oct  1 16:18:51 UTC 2019

real	0m10.126s
user	0m1.416s
sys	0m2.568s
Tue Oct  1 16:19:01 UTC 2019

real	0m13.225s
user	0m1.407s
sys	0m2.167s
Tue Oct  1 16:19:14 UTC 2019
