Tue Oct  1 16:11:45 UTC 2019
Tue Oct  1 16:11:45 UTC 2019

real	0m10.109s
user	0m1.574s
sys	0m2.621s
Tue Oct  1 16:11:55 UTC 2019

real	0m15.004s
user	0m1.262s
sys	0m2.143s
Tue Oct  1 16:12:10 UTC 2019

real	0m10.124s
user	0m1.320s
sys	0m2.258s
--- Mid run ---
Tue Oct  1 16:12:20 UTC 2019

real	0m10.182s
user	0m3.076s
sys	0m2.507s
=== Mid run end ===
Tue Oct  1 16:12:30 UTC 2019

real	0m10.143s
user	0m1.383s
sys	0m2.508s
Tue Oct  1 16:12:41 UTC 2019

real	0m10.125s
user	0m1.835s
sys	0m3.452s
Tue Oct  1 16:12:51 UTC 2019

real	0m10.129s
user	0m1.391s
sys	0m2.518s
Tue Oct  1 16:13:01 UTC 2019

real	0m10.141s
user	0m1.703s
sys	0m2.690s
Tue Oct  1 16:13:11 UTC 2019
