Tue Oct  1 16:17:56 UTC 2019
Tue Oct  1 16:17:56 UTC 2019

real	0m10.100s
user	0m1.371s
sys	0m2.406s
Tue Oct  1 16:18:06 UTC 2019

real	0m10.116s
user	0m1.535s
sys	0m2.415s
Tue Oct  1 16:18:16 UTC 2019

real	0m10.137s
user	0m1.469s
sys	0m2.201s
--- Mid run ---
Tue Oct  1 16:18:26 UTC 2019

real	0m10.108s
user	0m1.454s
sys	0m2.333s
=== Mid run end ===
Tue Oct  1 16:18:36 UTC 2019

real	0m12.255s
user	0m1.370s
sys	0m2.290s
Tue Oct  1 16:18:49 UTC 2019

real	0m10.112s
user	0m1.451s
sys	0m2.390s
Tue Oct  1 16:18:59 UTC 2019

real	0m10.289s
user	0m1.439s
sys	0m2.349s
Tue Oct  1 16:19:09 UTC 2019

real	0m10.114s
user	0m1.626s
sys	0m2.583s
Tue Oct  1 16:19:20 UTC 2019
