Tue Oct  1 16:12:04 UTC 2019
Tue Oct  1 16:12:04 UTC 2019

real	0m19.042s
user	0m1.982s
sys	0m3.122s
Tue Oct  1 16:12:23 UTC 2019

real	0m16.328s
user	0m1.439s
sys	0m2.318s
Tue Oct  1 16:12:40 UTC 2019

real	0m10.166s
user	0m1.349s
sys	0m2.336s
--- Mid run ---
Tue Oct  1 16:12:50 UTC 2019

real	0m10.174s
user	0m1.457s
sys	0m2.602s
=== Mid run end ===
Tue Oct  1 16:13:00 UTC 2019

real	0m10.116s
user	0m1.482s
sys	0m2.760s
Tue Oct  1 16:13:10 UTC 2019

real	0m10.146s
user	0m1.375s
sys	0m2.209s
Tue Oct  1 16:13:21 UTC 2019

real	0m10.116s
user	0m1.305s
sys	0m2.191s
Tue Oct  1 16:13:31 UTC 2019

real	0m10.097s
user	0m1.342s
sys	0m2.376s
Tue Oct  1 16:13:41 UTC 2019
