Tue Oct  1 16:11:58 UTC 2019
Tue Oct  1 16:11:58 UTC 2019

real	0m20.170s
user	0m1.678s
sys	0m2.863s
Tue Oct  1 16:12:18 UTC 2019

real	0m11.983s
user	0m1.250s
sys	0m2.247s
Tue Oct  1 16:12:30 UTC 2019

real	0m10.118s
user	0m1.292s
sys	0m2.266s
--- Mid run ---
Tue Oct  1 16:12:41 UTC 2019

real	0m10.133s
user	0m1.493s
sys	0m2.629s
=== Mid run end ===
Tue Oct  1 16:12:51 UTC 2019

real	0m10.124s
user	0m1.583s
sys	0m2.518s
Tue Oct  1 16:13:01 UTC 2019

real	0m10.150s
user	0m1.454s
sys	0m2.518s
Tue Oct  1 16:13:11 UTC 2019

real	0m10.125s
user	0m1.444s
sys	0m2.293s
Tue Oct  1 16:13:22 UTC 2019

real	0m10.109s
user	0m1.543s
sys	0m3.018s
Tue Oct  1 16:13:32 UTC 2019
