Tue Oct  1 16:11:44 UTC 2019
Tue Oct  1 16:11:44 UTC 2019

real	0m10.107s
user	0m1.550s
sys	0m2.231s
Tue Oct  1 16:11:54 UTC 2019

real	0m10.119s
user	0m1.521s
sys	0m2.369s
Tue Oct  1 16:12:04 UTC 2019

real	0m10.119s
user	0m1.351s
sys	0m2.124s
--- Mid run ---
Tue Oct  1 16:12:15 UTC 2019

real	0m10.111s
user	0m1.298s
sys	0m2.158s
=== Mid run end ===
Tue Oct  1 16:12:25 UTC 2019

real	0m10.132s
user	0m1.692s
sys	0m2.509s
Tue Oct  1 16:12:35 UTC 2019

real	0m10.129s
user	0m1.324s
sys	0m2.111s
Tue Oct  1 16:12:45 UTC 2019

real	0m10.148s
user	0m1.537s
sys	0m2.217s
Tue Oct  1 16:12:56 UTC 2019

real	0m10.114s
user	0m1.447s
sys	0m2.197s
Tue Oct  1 16:13:06 UTC 2019
