Tue Oct  1 16:17:55 UTC 2019
Tue Oct  1 16:17:55 UTC 2019

real	0m10.124s
user	0m1.481s
sys	0m3.113s
Tue Oct  1 16:18:06 UTC 2019

real	0m10.231s
user	0m1.567s
sys	0m3.242s
Tue Oct  1 16:18:16 UTC 2019

real	0m10.111s
user	0m1.740s
sys	0m3.332s
--- Mid run ---
Tue Oct  1 16:18:26 UTC 2019

real	0m10.351s
user	0m1.489s
sys	0m2.533s
=== Mid run end ===
Tue Oct  1 16:18:37 UTC 2019

real	0m10.111s
user	0m1.359s
sys	0m3.018s
Tue Oct  1 16:18:47 UTC 2019

real	0m10.114s
user	0m1.598s
sys	0m3.157s
Tue Oct  1 16:18:57 UTC 2019

real	0m10.219s
user	0m1.702s
sys	0m2.551s
Tue Oct  1 16:19:07 UTC 2019

real	0m10.120s
user	0m1.587s
sys	0m3.059s
Tue Oct  1 16:19:17 UTC 2019
