Tue Oct  1 16:17:34 UTC 2019
Tue Oct  1 16:17:34 UTC 2019

real	0m10.094s
user	0m1.640s
sys	0m2.844s
Tue Oct  1 16:17:44 UTC 2019

real	0m10.099s
user	0m1.420s
sys	0m2.230s
Tue Oct  1 16:17:55 UTC 2019

real	0m10.111s
user	0m1.472s
sys	0m2.732s
--- Mid run ---
Tue Oct  1 16:18:05 UTC 2019

real	0m10.124s
user	0m1.601s
sys	0m2.683s
=== Mid run end ===
Tue Oct  1 16:18:15 UTC 2019

real	0m10.131s
user	0m1.643s
sys	0m2.612s
Tue Oct  1 16:18:25 UTC 2019

real	0m10.131s
user	0m1.619s
sys	0m2.901s
Tue Oct  1 16:18:36 UTC 2019

real	0m10.148s
user	0m1.709s
sys	0m2.531s
Tue Oct  1 16:18:46 UTC 2019

real	0m10.179s
user	0m1.683s
sys	0m3.389s
Tue Oct  1 16:18:56 UTC 2019
