Tue Oct  1 16:11:51 UTC 2019
Tue Oct  1 16:11:51 UTC 2019

real	0m14.045s
user	0m1.235s
sys	0m1.983s
Tue Oct  1 16:12:05 UTC 2019

real	0m21.818s
user	0m1.802s
sys	0m2.592s
Tue Oct  1 16:12:27 UTC 2019

real	0m10.131s
user	0m1.448s
sys	0m2.235s
--- Mid run ---
Tue Oct  1 16:12:37 UTC 2019

real	0m10.908s
user	0m1.334s
sys	0m2.304s
=== Mid run end ===
Tue Oct  1 16:12:48 UTC 2019

real	0m10.107s
user	0m1.391s
sys	0m2.437s
Tue Oct  1 16:12:58 UTC 2019

real	0m10.244s
user	0m1.543s
sys	0m2.437s
Tue Oct  1 16:13:09 UTC 2019

real	0m10.130s
user	0m1.409s
sys	0m2.135s
Tue Oct  1 16:13:19 UTC 2019

real	0m10.109s
user	0m1.412s
sys	0m2.112s
Tue Oct  1 16:13:29 UTC 2019
