Tue Oct  1 16:11:51 UTC 2019
Tue Oct  1 16:11:51 UTC 2019

real	0m10.153s
user	0m1.197s
sys	0m1.885s
Tue Oct  1 16:12:01 UTC 2019

real	0m10.134s
user	0m1.333s
sys	0m2.227s
Tue Oct  1 16:12:12 UTC 2019

real	0m10.114s
user	0m1.344s
sys	0m2.084s
--- Mid run ---
Tue Oct  1 16:12:22 UTC 2019

real	0m10.115s
user	0m1.537s
sys	0m2.389s
=== Mid run end ===
Tue Oct  1 16:12:32 UTC 2019

real	0m10.454s
user	0m1.250s
sys	0m2.072s
Tue Oct  1 16:12:43 UTC 2019

real	0m10.139s
user	0m1.517s
sys	0m2.109s
Tue Oct  1 16:12:53 UTC 2019

real	0m10.117s
user	0m1.308s
sys	0m2.198s
Tue Oct  1 16:13:03 UTC 2019

real	0m10.133s
user	0m1.339s
sys	0m1.952s
Tue Oct  1 16:13:13 UTC 2019
