Tue Oct  1 16:17:55 UTC 2019
Tue Oct  1 16:17:55 UTC 2019

real	0m10.159s
user	0m1.841s
sys	0m3.522s
Tue Oct  1 16:18:06 UTC 2019

real	0m10.150s
user	0m1.537s
sys	0m2.961s
Tue Oct  1 16:18:16 UTC 2019

real	0m10.105s
user	0m1.366s
sys	0m3.007s
--- Mid run ---
Tue Oct  1 16:18:26 UTC 2019

real	0m10.106s
user	0m1.622s
sys	0m3.007s
=== Mid run end ===
Tue Oct  1 16:18:36 UTC 2019

real	0m10.115s
user	0m1.582s
sys	0m2.668s
Tue Oct  1 16:18:46 UTC 2019

real	0m10.101s
user	0m1.488s
sys	0m2.526s
Tue Oct  1 16:18:57 UTC 2019

real	0m11.296s
user	0m1.388s
sys	0m2.743s
Tue Oct  1 16:19:08 UTC 2019

real	0m10.300s
user	0m1.872s
sys	0m3.101s
Tue Oct  1 16:19:18 UTC 2019
