Tue Oct  1 16:17:37 UTC 2019
Tue Oct  1 16:17:37 UTC 2019

real	0m10.109s
user	0m1.437s
sys	0m2.323s
Tue Oct  1 16:17:47 UTC 2019

real	0m10.195s
user	0m1.481s
sys	0m2.780s
Tue Oct  1 16:17:57 UTC 2019

real	0m10.136s
user	0m1.503s
sys	0m2.841s
--- Mid run ---
Tue Oct  1 16:18:07 UTC 2019

real	0m10.136s
user	0m1.562s
sys	0m2.625s
=== Mid run end ===
Tue Oct  1 16:18:18 UTC 2019

real	0m10.143s
user	0m1.682s
sys	0m2.780s
Tue Oct  1 16:18:28 UTC 2019

real	0m10.168s
user	0m1.607s
sys	0m2.884s
Tue Oct  1 16:18:38 UTC 2019

real	0m10.276s
user	0m1.453s
sys	0m2.783s
Tue Oct  1 16:18:48 UTC 2019

real	0m10.340s
user	0m1.406s
sys	0m2.377s
Tue Oct  1 16:18:59 UTC 2019
