Tue Oct  1 16:17:35 UTC 2019
Tue Oct  1 16:17:35 UTC 2019

real	0m10.108s
user	0m1.472s
sys	0m2.439s
Tue Oct  1 16:17:46 UTC 2019

real	0m10.146s
user	0m1.402s
sys	0m2.357s
Tue Oct  1 16:17:56 UTC 2019

real	0m10.138s
user	0m1.456s
sys	0m2.027s
--- Mid run ---
Tue Oct  1 16:18:06 UTC 2019

real	0m10.113s
user	0m1.550s
sys	0m2.509s
=== Mid run end ===
Tue Oct  1 16:18:16 UTC 2019

real	0m10.126s
user	0m1.339s
sys	0m2.359s
Tue Oct  1 16:18:27 UTC 2019

real	0m10.120s
user	0m1.520s
sys	0m2.413s
Tue Oct  1 16:18:37 UTC 2019

real	0m10.136s
user	0m1.320s
sys	0m2.383s
Tue Oct  1 16:18:47 UTC 2019

real	0m12.115s
user	0m1.435s
sys	0m2.195s
Tue Oct  1 16:18:59 UTC 2019
