Tue Oct  1 16:17:54 UTC 2019
Tue Oct  1 16:17:54 UTC 2019

real	0m10.116s
user	0m1.450s
sys	0m3.364s
Tue Oct  1 16:18:04 UTC 2019

real	0m10.105s
user	0m1.412s
sys	0m2.560s
Tue Oct  1 16:18:14 UTC 2019

real	0m10.149s
user	0m1.724s
sys	0m3.129s
--- Mid run ---
Tue Oct  1 16:18:24 UTC 2019

real	0m11.085s
user	0m1.584s
sys	0m3.341s
=== Mid run end ===
Tue Oct  1 16:18:35 UTC 2019

real	0m10.140s
user	0m1.604s
sys	0m3.624s
Tue Oct  1 16:18:46 UTC 2019

real	0m10.134s
user	0m1.497s
sys	0m2.741s
Tue Oct  1 16:18:56 UTC 2019

real	0m10.167s
user	0m1.570s
sys	0m3.215s
Tue Oct  1 16:19:06 UTC 2019

real	0m10.095s
user	0m1.490s
sys	0m2.781s
Tue Oct  1 16:19:16 UTC 2019
