Tue Oct  1 16:11:45 UTC 2019
Tue Oct  1 16:11:45 UTC 2019

real	0m10.134s
user	0m1.261s
sys	0m1.871s
Tue Oct  1 16:11:55 UTC 2019

real	0m10.115s
user	0m1.563s
sys	0m2.405s
Tue Oct  1 16:12:06 UTC 2019

real	0m10.153s
user	0m1.494s
sys	0m2.357s
--- Mid run ---
Tue Oct  1 16:12:16 UTC 2019

real	0m10.135s
user	0m1.365s
sys	0m2.152s
=== Mid run end ===
Tue Oct  1 16:12:26 UTC 2019

real	0m10.142s
user	0m1.400s
sys	0m2.189s
Tue Oct  1 16:12:36 UTC 2019

real	0m10.126s
user	0m1.381s
sys	0m2.345s
Tue Oct  1 16:12:46 UTC 2019

real	0m12.065s
user	0m1.306s
sys	0m2.228s
Tue Oct  1 16:12:59 UTC 2019

real	0m10.126s
user	0m1.447s
sys	0m2.404s
Tue Oct  1 16:13:09 UTC 2019
