Tue Oct  1 16:17:49 UTC 2019
Tue Oct  1 16:17:49 UTC 2019

real	0m10.091s
user	0m1.415s
sys	0m2.533s
Tue Oct  1 16:17:59 UTC 2019

real	0m10.161s
user	0m1.576s
sys	0m2.845s
Tue Oct  1 16:18:10 UTC 2019

real	0m10.148s
user	0m1.468s
sys	0m2.537s
--- Mid run ---
Tue Oct  1 16:18:20 UTC 2019

real	0m10.129s
user	0m1.431s
sys	0m4.293s
=== Mid run end ===
Tue Oct  1 16:18:30 UTC 2019

real	0m10.122s
user	0m1.406s
sys	0m2.735s
Tue Oct  1 16:18:40 UTC 2019

real	0m10.138s
user	0m1.481s
sys	0m2.604s
Tue Oct  1 16:18:51 UTC 2019

real	0m10.101s
user	0m1.678s
sys	0m3.051s
Tue Oct  1 16:19:01 UTC 2019

real	0m10.128s
user	0m1.543s
sys	0m2.480s
Tue Oct  1 16:19:11 UTC 2019
