Tue Oct  1 16:11:44 UTC 2019
Tue Oct  1 16:11:44 UTC 2019

real	0m10.189s
user	0m1.373s
sys	0m2.627s
Tue Oct  1 16:11:54 UTC 2019

real	0m10.131s
user	0m1.458s
sys	0m2.538s
Tue Oct  1 16:12:04 UTC 2019

real	0m10.350s
user	0m3.058s
sys	0m3.531s
--- Mid run ---
Tue Oct  1 16:12:15 UTC 2019

real	0m10.287s
user	0m2.201s
sys	0m3.428s
=== Mid run end ===
Tue Oct  1 16:12:25 UTC 2019

real	0m10.144s
user	0m1.680s
sys	0m2.851s
Tue Oct  1 16:12:35 UTC 2019

real	0m10.171s
user	0m1.581s
sys	0m3.030s
Tue Oct  1 16:12:45 UTC 2019

real	0m10.328s
user	0m1.439s
sys	0m3.003s
Tue Oct  1 16:12:56 UTC 2019

real	0m10.120s
user	0m1.720s
sys	0m3.549s
Tue Oct  1 16:13:06 UTC 2019
