Tue Oct  1 16:17:43 UTC 2019
Tue Oct  1 16:17:43 UTC 2019

real	0m10.103s
user	0m1.617s
sys	0m2.563s
Tue Oct  1 16:17:53 UTC 2019

real	0m10.193s
user	0m1.615s
sys	0m3.215s
Tue Oct  1 16:18:03 UTC 2019

real	0m10.405s
user	0m1.750s
sys	0m2.945s
--- Mid run ---
Tue Oct  1 16:18:14 UTC 2019

real	0m10.107s
user	0m1.517s
sys	0m3.015s
=== Mid run end ===
Tue Oct  1 16:18:24 UTC 2019

real	0m10.156s
user	0m1.334s
sys	0m2.413s
Tue Oct  1 16:18:34 UTC 2019

real	0m10.158s
user	0m1.628s
sys	0m3.219s
Tue Oct  1 16:18:45 UTC 2019

real	0m10.126s
user	0m1.509s
sys	0m3.155s
Tue Oct  1 16:18:55 UTC 2019

real	0m10.116s
user	0m1.371s
sys	0m2.393s
Tue Oct  1 16:19:05 UTC 2019
