Tue Oct  1 16:17:55 UTC 2019
Tue Oct  1 16:17:55 UTC 2019

real	0m10.120s
user	0m1.723s
sys	0m3.258s
Tue Oct  1 16:18:06 UTC 2019

real	0m10.684s
user	0m1.790s
sys	0m3.429s
Tue Oct  1 16:18:16 UTC 2019

real	0m26.330s
user	0m1.691s
sys	0m3.004s
--- Mid run ---
Tue Oct  1 16:18:43 UTC 2019

real	0m10.104s
user	0m1.576s
sys	0m2.874s
=== Mid run end ===
Tue Oct  1 16:18:53 UTC 2019

real	0m10.154s
user	0m1.437s
sys	0m4.248s
Tue Oct  1 16:19:03 UTC 2019

real	0m10.122s
user	0m1.715s
sys	0m2.688s
Tue Oct  1 16:19:14 UTC 2019

real	0m10.091s
user	0m1.593s
sys	0m3.000s
Tue Oct  1 16:19:24 UTC 2019

real	0m10.102s
user	0m1.543s
sys	0m2.632s
Tue Oct  1 16:19:34 UTC 2019
