/dev/shm
Mon Sep 30 23:15:52 UTC 2019
Job 23
Fetching http://exaeastb0.blob.core.windows.net/exa-east/7_testb/data/1G_23.dat
Mon Sep 30 23:15:52 UTC 2019
RC 0
-rw-r--r--. 1 centos centos 1000000000 Sep 30 23:15 1G_23.dat
Mon Sep 30 23:15:57 UTC 2019
RC 0
-rw-r--r--. 1 centos centos 1000000000 Sep 30 23:16 1G_23.dat
Mon Sep 30 23:16:05 UTC 2019
RC 0
-rw-r--r--. 1 centos centos 1000000000 Sep 30 23:16 1G_23.dat
--- Mid run ---
Mon Sep 30 23:16:12 UTC 2019
RC 0
-rw-r--r--. 1 centos centos 1000000000 Sep 30 23:16 1G_23.dat
=== Mid run end ===
Mon Sep 30 23:16:19 UTC 2019
RC 0
-rw-r--r--. 1 centos centos 1000000000 Sep 30 23:16 1G_23.dat
Mon Sep 30 23:16:26 UTC 2019
RC 0
-rw-r--r--. 1 centos centos 1000000000 Sep 30 23:16 1G_23.dat
Mon Sep 30 23:16:34 UTC 2019
