/dev/shm
Mon Sep 30 23:18:58 UTC 2019
Job 30
Fetching http://exaeastb0.blob.core.windows.net/exa-east/e_testa/data/1G_30.dat
Mon Sep 30 23:18:58 UTC 2019
RC 0
-rw-r--r--. 1 centos centos 1000000000 Sep 30 23:19 1G_30.dat
Mon Sep 30 23:19:02 UTC 2019
RC 0
-rw-r--r--. 1 centos centos 1000000000 Sep 30 23:19 1G_30.dat
Mon Sep 30 23:19:05 UTC 2019
RC 0
-rw-r--r--. 1 centos centos 1000000000 Sep 30 23:19 1G_30.dat
--- Mid run ---
Mon Sep 30 23:19:12 UTC 2019
RC 0
-rw-r--r--. 1 centos centos 1000000000 Sep 30 23:19 1G_30.dat
=== Mid run end ===
Mon Sep 30 23:19:19 UTC 2019
RC 0
-rw-r--r--. 1 centos centos 1000000000 Sep 30 23:19 1G_30.dat
Mon Sep 30 23:19:35 UTC 2019
RC 0
-rw-r--r--. 1 centos centos 1000000000 Sep 30 23:19 1G_30.dat
Mon Sep 30 23:19:44 UTC 2019
