/dev/shm/user_slot9
Wed Oct 23 22:36:38 UTC 2019
Job 125
Fetching 1G.dat from /base_d/test./data/1G_125.dat
Wed Oct 23 22:36:38 UTC 2019
INFO: Downloaded https://storage.googleapis.com/exa-us-west-1/d_data/base_d/testb/data/1G_125.dat into /dev/shm/user_slot9/1G_125.dat
RC 0
-rw-r--r--. 1 centos centos 1000000000 Oct 23 22:36 1G_125.dat
--- Mid run ---
Wed Oct 23 22:36:53 UTC 2019
INFO: Downloaded https://storage.googleapis.com/exa-us-west-1/d_data/base_d/testb/data/1G_125.dat into /dev/shm/user_slot9/1G_125.dat
RC 0
-rw-r--r--. 1 centos centos 1000000000 Oct 23 22:36 1G_125.dat
=== Mid run end ===
Wed Oct 23 22:36:59 UTC 2019
INFO: Downloaded https://storage.googleapis.com/exa-us-west-1/d_data/base_d/testb/data/1G_125.dat into /dev/shm/user_slot9/1G_125.dat
RC 0
-rw-r--r--. 1 centos centos 1000000000 Oct 23 22:37 1G_125.dat
Wed Oct 23 22:37:06 UTC 2019
INFO: Downloaded https://storage.googleapis.com/exa-us-west-1/d_data/base_d/testb/data/1G_125.dat into /dev/shm/user_slot9/1G_125.dat
RC 0
-rw-r--r--. 1 centos centos 1000000000 Oct 23 22:37 1G_125.dat
Wed Oct 23 22:37:14 UTC 2019
