/dev/shm
Mon Sep 30 23:15:51 UTC 2019
Job 5
Fetching http://exaeastb0.blob.core.windows.net/exa-east/5_testa/data/1G_5.dat
Mon Sep 30 23:15:51 UTC 2019
RC 0
-rw-r--r--. 1 centos centos 1000000000 Sep 30 23:15 1G_5.dat
Mon Sep 30 23:15:54 UTC 2019
RC 0
-rw-r--r--. 1 centos centos 1000000000 Sep 30 23:16 1G_5.dat
Mon Sep 30 23:16:05 UTC 2019
RC 0
-rw-r--r--. 1 centos centos 1000000000 Sep 30 23:16 1G_5.dat
--- Mid run ---
Mon Sep 30 23:16:09 UTC 2019
RC 0
-rw-r--r--. 1 centos centos 1000000000 Sep 30 23:16 1G_5.dat
=== Mid run end ===
Mon Sep 30 23:16:17 UTC 2019
RC 0
-rw-r--r--. 1 centos centos 1000000000 Sep 30 23:16 1G_5.dat
Mon Sep 30 23:16:25 UTC 2019
RC 0
-rw-r--r--. 1 centos centos 1000000000 Sep 30 23:16 1G_5.dat
Mon Sep 30 23:16:34 UTC 2019
