/dev/shm
Mon Sep 30 23:15:52 UTC 2019
Job 27
Fetching http://exaeastb0.blob.core.windows.net/exa-east/b_testb/data/1G_27.dat
Mon Sep 30 23:15:52 UTC 2019
RC 0
-rw-r--r--. 1 centos centos 1000000000 Sep 30 23:15 1G_27.dat
Mon Sep 30 23:15:59 UTC 2019
RC 0
-rw-r--r--. 1 centos centos 1000000000 Sep 30 23:16 1G_27.dat
Mon Sep 30 23:16:09 UTC 2019
RC 0
-rw-r--r--. 1 centos centos 1000000000 Sep 30 23:16 1G_27.dat
--- Mid run ---
Mon Sep 30 23:16:19 UTC 2019
RC 0
-rw-r--r--. 1 centos centos 1000000000 Sep 30 23:16 1G_27.dat
=== Mid run end ===
Mon Sep 30 23:16:25 UTC 2019
RC 0
-rw-r--r--. 1 centos centos 1000000000 Sep 30 23:16 1G_27.dat
Mon Sep 30 23:16:34 UTC 2019
RC 0
-rw-r--r--. 1 centos centos 1000000000 Sep 30 23:16 1G_27.dat
Mon Sep 30 23:16:42 UTC 2019
