/dev/shm
Mon Sep 30 23:19:03 UTC 2019
Job 19
Fetching http://exaeastb0.blob.core.windows.net/exa-east/3_testm/data/1G_19.dat
Mon Sep 30 23:19:03 UTC 2019
RC 0
-rw-r--r--. 1 centos centos 1000000000 Sep 30 23:19 1G_19.dat
Mon Sep 30 23:19:16 UTC 2019
RC 0
-rw-r--r--. 1 centos centos 1000000000 Sep 30 23:19 1G_19.dat
Mon Sep 30 23:19:24 UTC 2019
RC 0
-rw-r--r--. 1 centos centos 1000000000 Sep 30 23:19 1G_19.dat
--- Mid run ---
Mon Sep 30 23:19:40 UTC 2019
RC 0
-rw-r--r--. 1 centos centos 1000000000 Sep 30 23:19 1G_19.dat
=== Mid run end ===
Mon Sep 30 23:19:53 UTC 2019
RC 0
-rw-r--r--. 1 centos centos 1000000000 Sep 30 23:20 1G_19.dat
Mon Sep 30 23:20:07 UTC 2019
RC 0
-rw-r--r--. 1 centos centos 1000000000 Sep 30 23:20 1G_19.dat
Mon Sep 30 23:20:18 UTC 2019
