Sat Sep 28 22:13:29 UTC 2019

real	52m8.330s
user	0m1.662s
sys	0m3.121s
--- Mid run ---
Sat Sep 28 23:05:37 UTC 2019

real	49m6.802s
user	0m1.611s
sys	0m2.921s
=== Mid run end ===
Sat Sep 28 23:54:44 UTC 2019

real	6m15.181s
user	0m0.277s
sys	0m0.490s
Sun Sep 29 00:00:59 UTC 2019

real	0m0.272s
user	0m0.055s
sys	0m0.025s
ls: cannot access 1G_1.dat: No such file or directory
Sun Sep 29 00:00:59 UTC 2019

real	0m0.789s
user	0m0.054s
sys	0m0.028s
Sun Sep 29 00:01:00 UTC 2019

real	0m4.956s
user	0m0.069s
sys	0m0.158s
Sun Sep 29 00:01:05 UTC 2019
