Thu Oct  3 03:51:12 UTC 2019
Thu Oct  3 03:51:12 UTC 2019

real	0m6.531s
user	0m1.619s
sys	0m3.133s
Thu Oct  3 03:51:19 UTC 2019

real	0m6.602s
user	0m1.867s
sys	0m3.759s
Thu Oct  3 03:51:26 UTC 2019

real	0m6.773s
user	0m1.887s
sys	0m3.505s
--- Mid run ---
Thu Oct  3 03:51:32 UTC 2019

real	0m6.768s
user	0m1.758s
sys	0m3.917s
=== Mid run end ===
Thu Oct  3 03:51:39 UTC 2019

real	0m5.410s
user	0m1.601s
sys	0m2.959s
Thu Oct  3 03:51:45 UTC 2019

real	0m5.953s
user	0m1.720s
sys	0m2.610s
Thu Oct  3 03:51:51 UTC 2019
