Thu Oct  3 03:48:57 UTC 2019
Thu Oct  3 03:48:57 UTC 2019

real	0m6.096s
user	0m1.465s
sys	0m2.077s
Thu Oct  3 03:49:03 UTC 2019

real	0m5.129s
user	0m1.683s
sys	0m2.456s
Thu Oct  3 03:49:09 UTC 2019

real	0m5.431s
user	0m1.700s
sys	0m2.550s
--- Mid run ---
Thu Oct  3 03:49:14 UTC 2019

real	0m5.754s
user	0m1.805s
sys	0m2.895s
=== Mid run end ===
Thu Oct  3 03:49:20 UTC 2019

real	0m7.493s
user	0m1.991s
sys	0m3.320s
Thu Oct  3 03:49:28 UTC 2019

real	0m7.626s
user	0m2.152s
sys	0m3.504s
Thu Oct  3 03:49:36 UTC 2019
