Thu Oct  3 03:49:16 UTC 2019
Thu Oct  3 03:49:16 UTC 2019

real	0m5.218s
user	0m2.123s
sys	0m2.946s
Thu Oct  3 03:49:22 UTC 2019

real	0m6.653s
user	0m2.229s
sys	0m3.477s
Thu Oct  3 03:49:28 UTC 2019

real	0m5.628s
user	0m2.131s
sys	0m3.071s
--- Mid run ---
Thu Oct  3 03:49:34 UTC 2019

real	0m4.327s
user	0m1.768s
sys	0m2.372s
=== Mid run end ===
Thu Oct  3 03:49:39 UTC 2019

real	0m5.233s
user	0m1.937s
sys	0m2.774s
Thu Oct  3 03:49:44 UTC 2019

real	0m3.952s
user	0m1.499s
sys	0m2.240s
Thu Oct  3 03:49:48 UTC 2019
