Thu Oct  3 03:49:05 UTC 2019
Thu Oct  3 03:49:05 UTC 2019

real	0m5.849s
user	0m1.518s
sys	0m2.556s
Thu Oct  3 03:49:11 UTC 2019

real	0m5.626s
user	0m1.570s
sys	0m2.734s
Thu Oct  3 03:49:16 UTC 2019

real	0m7.546s
user	0m1.772s
sys	0m3.580s
--- Mid run ---
Thu Oct  3 03:49:24 UTC 2019

real	0m6.710s
user	0m1.836s
sys	0m3.534s
=== Mid run end ===
Thu Oct  3 03:49:31 UTC 2019

real	0m8.266s
user	0m1.767s
sys	0m3.825s
Thu Oct  3 03:49:40 UTC 2019

real	0m8.248s
user	0m1.856s
sys	0m3.829s
Thu Oct  3 03:49:48 UTC 2019
