Thu Oct  3 03:49:24 UTC 2019
Thu Oct  3 03:49:24 UTC 2019

real	0m7.580s
user	0m1.673s
sys	0m2.904s
Thu Oct  3 03:49:32 UTC 2019

real	0m9.213s
user	0m1.748s
sys	0m2.756s
Thu Oct  3 03:49:41 UTC 2019

real	0m9.453s
user	0m1.767s
sys	0m2.722s
--- Mid run ---
Thu Oct  3 03:49:51 UTC 2019

real	0m7.441s
user	0m1.697s
sys	0m1.844s
=== Mid run end ===
Thu Oct  3 03:49:58 UTC 2019

real	0m6.509s
user	0m1.559s
sys	0m1.648s
Thu Oct  3 03:50:05 UTC 2019

real	0m7.105s
user	0m1.438s
sys	0m1.564s
Thu Oct  3 03:50:12 UTC 2019
