Thu Oct  3 03:51:21 UTC 2019
Thu Oct  3 03:51:21 UTC 2019

real	0m7.280s
user	0m2.054s
sys	0m3.426s
Thu Oct  3 03:51:28 UTC 2019

real	0m6.736s
user	0m2.062s
sys	0m3.356s
Thu Oct  3 03:51:35 UTC 2019

real	0m6.398s
user	0m1.859s
sys	0m2.712s
--- Mid run ---
Thu Oct  3 03:51:42 UTC 2019

real	0m4.880s
user	0m1.839s
sys	0m2.700s
=== Mid run end ===
Thu Oct  3 03:51:47 UTC 2019

real	0m4.752s
user	0m1.548s
sys	0m2.389s
Thu Oct  3 03:51:52 UTC 2019

real	0m3.692s
user	0m1.607s
sys	0m1.999s
Thu Oct  3 03:51:56 UTC 2019
