Thu Oct  3 03:51:13 UTC 2019
Thu Oct  3 03:51:13 UTC 2019

real	0m8.302s
user	0m1.613s
sys	0m2.106s
Thu Oct  3 03:51:22 UTC 2019

real	0m7.093s
user	0m1.654s
sys	0m2.849s
Thu Oct  3 03:51:29 UTC 2019

real	0m8.151s
user	0m1.759s
sys	0m2.885s
--- Mid run ---
Thu Oct  3 03:51:37 UTC 2019

real	0m8.649s
user	0m1.609s
sys	0m2.686s
=== Mid run end ===
Thu Oct  3 03:51:46 UTC 2019

real	0m6.092s
user	0m1.538s
sys	0m2.278s
Thu Oct  3 03:51:52 UTC 2019

real	0m7.826s
user	0m1.486s
sys	0m1.949s
Thu Oct  3 03:52:00 UTC 2019
