Thu Oct  3 03:51:21 UTC 2019
Thu Oct  3 03:51:21 UTC 2019

real	0m6.550s
user	0m1.995s
sys	0m3.435s
Thu Oct  3 03:51:28 UTC 2019

real	0m7.878s
user	0m2.128s
sys	0m3.515s
Thu Oct  3 03:51:36 UTC 2019

real	0m8.042s
user	0m2.018s
sys	0m3.005s
--- Mid run ---
Thu Oct  3 03:51:44 UTC 2019

real	0m5.885s
user	0m1.903s
sys	0m2.923s
=== Mid run end ===
Thu Oct  3 03:51:50 UTC 2019

real	0m5.829s
user	0m1.627s
sys	0m2.266s
Thu Oct  3 03:51:56 UTC 2019

real	0m5.101s
user	0m1.343s
sys	0m2.178s
Thu Oct  3 03:52:01 UTC 2019
