Thu Oct  3 03:51:14 UTC 2019
Thu Oct  3 03:51:14 UTC 2019

real	0m6.164s
user	0m1.692s
sys	0m4.003s
Thu Oct  3 03:51:20 UTC 2019

real	0m7.090s
user	0m1.862s
sys	0m4.204s
Thu Oct  3 03:51:27 UTC 2019

real	0m9.492s
user	0m1.945s
sys	0m4.829s
--- Mid run ---
Thu Oct  3 03:51:37 UTC 2019

real	0m7.400s
user	0m1.925s
sys	0m4.153s
=== Mid run end ===
Thu Oct  3 03:51:44 UTC 2019

real	0m6.794s
user	0m1.641s
sys	0m3.713s
Thu Oct  3 03:51:51 UTC 2019

real	0m5.039s
user	0m1.477s
sys	0m3.220s
Thu Oct  3 03:51:57 UTC 2019
