Thu Oct  3 03:49:00 UTC 2019
Thu Oct  3 03:49:00 UTC 2019

real	0m3.475s
user	0m1.546s
sys	0m1.759s
Thu Oct  3 03:49:03 UTC 2019

real	0m3.464s
user	0m1.458s
sys	0m1.785s
Thu Oct  3 03:49:07 UTC 2019

real	0m4.061s
user	0m1.585s
sys	0m1.995s
--- Mid run ---
Thu Oct  3 03:49:11 UTC 2019

real	0m4.386s
user	0m1.745s
sys	0m2.235s
=== Mid run end ===
Thu Oct  3 03:49:16 UTC 2019

real	0m4.653s
user	0m1.696s
sys	0m2.557s
Thu Oct  3 03:49:21 UTC 2019

real	0m5.100s
user	0m1.980s
sys	0m2.667s
Thu Oct  3 03:49:26 UTC 2019
