Thu Oct  3 03:49:16 UTC 2019
Thu Oct  3 03:49:16 UTC 2019

real	0m6.820s
user	0m1.654s
sys	0m3.182s
Thu Oct  3 03:49:23 UTC 2019

real	0m6.305s
user	0m1.721s
sys	0m3.200s
Thu Oct  3 03:49:29 UTC 2019

real	0m5.938s
user	0m1.767s
sys	0m3.476s
--- Mid run ---
Thu Oct  3 03:49:36 UTC 2019

real	0m5.863s
user	0m1.604s
sys	0m2.847s
=== Mid run end ===
Thu Oct  3 03:49:42 UTC 2019

real	0m5.701s
user	0m1.544s
sys	0m2.567s
Thu Oct  3 03:49:47 UTC 2019

real	0m5.031s
user	0m1.305s
sys	0m2.178s
Thu Oct  3 03:49:52 UTC 2019
