Thu Oct  3 03:49:19 UTC 2019
Thu Oct  3 03:49:19 UTC 2019

real	0m6.507s
user	0m2.049s
sys	0m2.887s
Thu Oct  3 03:49:25 UTC 2019

real	0m6.240s
user	0m2.161s
sys	0m3.519s
Thu Oct  3 03:49:32 UTC 2019

real	0m8.416s
user	0m2.368s
sys	0m4.065s
--- Mid run ---
Thu Oct  3 03:49:40 UTC 2019

real	0m6.334s
user	0m2.136s
sys	0m3.271s
=== Mid run end ===
Thu Oct  3 03:49:47 UTC 2019

real	0m5.002s
user	0m1.828s
sys	0m2.294s
Thu Oct  3 03:49:52 UTC 2019

real	0m3.903s
user	0m1.849s
sys	0m1.926s
Thu Oct  3 03:49:56 UTC 2019
