Thu Oct  3 03:51:03 UTC 2019
Thu Oct  3 03:51:03 UTC 2019

real	0m5.219s
user	0m1.335s
sys	0m2.608s
Thu Oct  3 03:51:08 UTC 2019

real	0m5.297s
user	0m1.593s
sys	0m2.745s
Thu Oct  3 03:51:14 UTC 2019

real	0m6.606s
user	0m1.706s
sys	0m3.684s
--- Mid run ---
Thu Oct  3 03:51:20 UTC 2019

real	0m7.017s
user	0m1.774s
sys	0m4.015s
=== Mid run end ===
Thu Oct  3 03:51:28 UTC 2019

real	0m6.406s
user	0m1.843s
sys	0m3.526s
Thu Oct  3 03:51:34 UTC 2019

real	0m6.500s
user	0m1.750s
sys	0m4.073s
Thu Oct  3 03:51:41 UTC 2019
