Thu Oct  3 03:51:00 UTC 2019
Thu Oct  3 03:51:00 UTC 2019

real	0m5.286s
user	0m1.338s
sys	0m2.196s
Thu Oct  3 03:51:06 UTC 2019

real	0m5.970s
user	0m1.471s
sys	0m2.435s
Thu Oct  3 03:51:12 UTC 2019

real	0m6.335s
user	0m1.702s
sys	0m3.061s
--- Mid run ---
Thu Oct  3 03:51:18 UTC 2019

real	0m6.306s
user	0m1.697s
sys	0m3.421s
=== Mid run end ===
Thu Oct  3 03:51:25 UTC 2019

real	0m8.275s
user	0m1.752s
sys	0m3.829s
Thu Oct  3 03:51:33 UTC 2019

real	0m8.019s
user	0m1.777s
sys	0m3.495s
Thu Oct  3 03:51:41 UTC 2019
