Thu Oct  3 03:49:07 UTC 2019
Thu Oct  3 03:49:07 UTC 2019

real	0m4.695s
user	0m1.978s
sys	0m2.543s
Thu Oct  3 03:49:12 UTC 2019

real	0m4.974s
user	0m2.010s
sys	0m2.759s
Thu Oct  3 03:49:17 UTC 2019

real	0m6.287s
user	0m2.074s
sys	0m3.752s
--- Mid run ---
Thu Oct  3 03:49:24 UTC 2019

real	0m6.171s
user	0m2.031s
sys	0m3.390s
=== Mid run end ===
Thu Oct  3 03:49:30 UTC 2019

real	0m5.028s
user	0m1.876s
sys	0m2.764s
Thu Oct  3 03:49:35 UTC 2019

real	0m5.176s
user	0m2.148s
sys	0m2.977s
Thu Oct  3 03:49:41 UTC 2019
