Thu Oct  3 03:50:55 UTC 2019
Thu Oct  3 03:50:55 UTC 2019

real	0m3.650s
user	0m1.470s
sys	0m1.518s
Thu Oct  3 03:50:59 UTC 2019

real	0m4.446s
user	0m1.933s
sys	0m2.301s
Thu Oct  3 03:51:03 UTC 2019

real	0m4.218s
user	0m1.804s
sys	0m2.248s
--- Mid run ---
Thu Oct  3 03:51:08 UTC 2019

real	0m4.540s
user	0m1.814s
sys	0m2.540s
=== Mid run end ===
Thu Oct  3 03:51:12 UTC 2019

real	0m5.056s
user	0m1.803s
sys	0m2.727s
Thu Oct  3 03:51:18 UTC 2019

real	0m6.043s
user	0m2.079s
sys	0m2.878s
Thu Oct  3 03:51:24 UTC 2019
