Thu Oct  3 03:48:59 UTC 2019
Thu Oct  3 03:48:59 UTC 2019

real	0m6.116s
user	0m1.312s
sys	0m2.108s
Thu Oct  3 03:49:05 UTC 2019

real	0m5.346s
user	0m1.438s
sys	0m2.412s
Thu Oct  3 03:49:11 UTC 2019

real	0m5.840s
user	0m1.595s
sys	0m2.677s
--- Mid run ---
Thu Oct  3 03:49:17 UTC 2019

real	0m5.452s
user	0m1.656s
sys	0m2.748s
=== Mid run end ===
Thu Oct  3 03:49:22 UTC 2019

real	0m6.037s
user	0m1.832s
sys	0m3.553s
Thu Oct  3 03:49:29 UTC 2019

real	0m7.180s
user	0m1.933s
sys	0m4.073s
Thu Oct  3 03:49:36 UTC 2019
