Thu Oct  3 03:49:21 UTC 2019
Thu Oct  3 03:49:21 UTC 2019

real	0m6.864s
user	0m1.778s
sys	0m4.227s
Thu Oct  3 03:49:28 UTC 2019

real	0m7.819s
user	0m1.793s
sys	0m4.827s
Thu Oct  3 03:49:36 UTC 2019

real	0m6.615s
user	0m1.818s
sys	0m4.254s
--- Mid run ---
Thu Oct  3 03:49:43 UTC 2019

real	0m7.480s
user	0m1.840s
sys	0m3.954s
=== Mid run end ===
Thu Oct  3 03:49:50 UTC 2019

real	0m6.585s
user	0m1.797s
sys	0m3.830s
Thu Oct  3 03:49:57 UTC 2019

real	0m4.873s
user	0m1.400s
sys	0m2.420s
Thu Oct  3 03:50:02 UTC 2019
