Thu Oct  3 03:49:02 UTC 2019
Thu Oct  3 03:49:02 UTC 2019

real	0m6.226s
user	0m1.474s
sys	0m2.513s
Thu Oct  3 03:49:08 UTC 2019

real	0m7.015s
user	0m1.698s
sys	0m3.286s
Thu Oct  3 03:49:15 UTC 2019

real	0m6.738s
user	0m1.786s
sys	0m3.951s
--- Mid run ---
Thu Oct  3 03:49:22 UTC 2019

real	0m9.732s
user	0m1.926s
sys	0m4.883s
=== Mid run end ===
Thu Oct  3 03:49:32 UTC 2019

real	0m9.139s
user	0m1.943s
sys	0m4.730s
Thu Oct  3 03:49:41 UTC 2019

real	0m7.882s
user	0m1.825s
sys	0m4.519s
Thu Oct  3 03:49:50 UTC 2019
