Thu Oct  3 03:51:15 UTC 2019
Thu Oct  3 03:51:15 UTC 2019

real	0m6.015s
user	0m1.608s
sys	0m2.948s
Thu Oct  3 03:51:21 UTC 2019

real	0m5.904s
user	0m1.665s
sys	0m3.564s
Thu Oct  3 03:51:27 UTC 2019

real	0m7.820s
user	0m1.776s
sys	0m4.707s
--- Mid run ---
Thu Oct  3 03:51:35 UTC 2019

real	0m6.846s
user	0m1.626s
sys	0m3.658s
=== Mid run end ===
Thu Oct  3 03:51:42 UTC 2019

real	0m5.651s
user	0m1.534s
sys	0m3.141s
Thu Oct  3 03:51:48 UTC 2019

real	0m5.287s
user	0m1.454s
sys	0m2.463s
Thu Oct  3 03:51:53 UTC 2019
