/dev/shm
Tue Oct  1 04:18:17 UTC 2019
Job 35
Fetching https://exaeastp0.blob.core.windows.net/exa-east/3_testb/data/1G_35.dat
Tue Oct  1 04:18:17 UTC 2019
RC 0
-rw-r--r--. 1 centos centos 1000000000 Oct  1 04:18 1G_35.dat
Tue Oct  1 04:18:25 UTC 2019
RC 0
-rw-r--r--. 1 centos centos 1000000000 Oct  1 04:18 1G_35.dat
Tue Oct  1 04:18:37 UTC 2019
RC 0
-rw-r--r--. 1 centos centos 1000000000 Oct  1 04:18 1G_35.dat
--- Mid run ---
Tue Oct  1 04:18:45 UTC 2019
RC 0
-rw-r--r--. 1 centos centos 1000000000 Oct  1 04:18 1G_35.dat
=== Mid run end ===
Tue Oct  1 04:18:55 UTC 2019
RC 0
-rw-r--r--. 1 centos centos 1000000000 Oct  1 04:19 1G_35.dat
Tue Oct  1 04:19:02 UTC 2019
RC 0
-rw-r--r--. 1 centos centos 1000000000 Oct  1 04:19 1G_35.dat
Tue Oct  1 04:19:11 UTC 2019
