/dev/shm
Tue Oct  1 04:18:15 UTC 2019
Job 7
Fetching https://exaeastp0.blob.core.windows.net/exa-east/7_testb/data/1G_7.dat
Tue Oct  1 04:18:15 UTC 2019
RC 0
-rw-r--r--. 1 centos centos 1000000000 Oct  1 04:18 1G_7.dat
Tue Oct  1 04:18:20 UTC 2019
RC 0
-rw-r--r--. 1 centos centos 1000000000 Oct  1 04:18 1G_7.dat
Tue Oct  1 04:18:42 UTC 2019
RC 0
-rw-r--r--. 1 centos centos 1000000000 Oct  1 04:18 1G_7.dat
--- Mid run ---
Tue Oct  1 04:18:53 UTC 2019
RC 0
-rw-r--r--. 1 centos centos 1000000000 Oct  1 04:19 1G_7.dat
=== Mid run end ===
Tue Oct  1 04:19:01 UTC 2019
RC 0
-rw-r--r--. 1 centos centos 1000000000 Oct  1 04:19 1G_7.dat
Tue Oct  1 04:19:09 UTC 2019
RC 0
-rw-r--r--. 1 centos centos 1000000000 Oct  1 04:19 1G_7.dat
Tue Oct  1 04:19:14 UTC 2019
