====== env ======
_CONDOR_JOB_PIDS=
TMPDIR=/var/lib/condor/execute/dir_5918
_CONDOR_ANCESTOR_5918=7036:1571873450:430867291
_CONDOR_SCRATCH_DIR=/var/lib/condor/execute/dir_5918
_CHIRP_DELAYED_UPDATE_PREFIX=Chirp*
TEMP=/var/lib/condor/execute/dir_5918
BATCH_SYSTEM=HTCondor
_CONDOR_CHIRP_CONFIG=/var/lib/condor/execute/dir_5918/.chirp.config
_CONDOR_ANCESTOR_3835=5918:1571873448:2673953639
_CONDOR_ANCESTOR_3523=3835:1571872304:3844993662
PWD=/var/lib/condor/execute/dir_5918
_CONDOR_AssignedGPUs=10000
CUDA_VISIBLE_DEVICES=10000
_CONDOR_SLOT=slot12
SHLVL=1
_CONDOR_MACHINE_AD=/var/lib/condor/execute/dir_5918/.machine.ad
TMP=/var/lib/condor/execute/dir_5918
GPU_DEVICE_ORDINAL=10000
OMP_NUM_THREADS=1
_CONDOR_JOB_AD=/var/lib/condor/execute/dir_5918/.job.ad
_CONDOR_JOB_IWD=/var/lib/condor/execute/dir_5918
_=/usr/bin/env
====== env ======
/dev/shm/user_slot12
Wed Oct 23 23:30:50 UTC 2019
Job 242
Uploading 1G.dat to /base_2/test./data/1G_242.dat
INFO: Uploading to gs://exa-us-east-1/0_data/base_2/testa/data/1G_242.dat (https://storage.googleapis.com/exa-us-east-1/0_data/base_2/testa/data/1G_242.dat)
RC 0
--- Mid run ---
Wed Oct 23 23:31:10 UTC 2019
INFO: Uploading to gs://exa-us-east-1/c_data/base_2/testm/data/1G_242.dat (https://storage.googleapis.com/exa-us-east-1/c_data/base_2/testm/data/1G_242.dat)
RC 0
=== Mid run end ===
Wed Oct 23 23:31:28 UTC 2019
INFO: Uploading to gs://exa-us-east-1/f_data/base_2/testb/data/1G_242.dat (https://storage.googleapis.com/exa-us-east-1/f_data/base_2/testb/data/1G_242.dat)
RC 0
Wed Oct 23 23:32:03 UTC 2019
