====== env ======
_CONDOR_JOB_PIDS=
TMPDIR=/var/lib/condor/execute/dir_6613
_CONDOR_SCRATCH_DIR=/var/lib/condor/execute/dir_6613
_CHIRP_DELAYED_UPDATE_PREFIX=Chirp*
TEMP=/var/lib/condor/execute/dir_6613
BATCH_SYSTEM=HTCondor
_CONDOR_CHIRP_CONFIG=/var/lib/condor/execute/dir_6613/.chirp.config
_CONDOR_ANCESTOR_3838=6613:1571873445:4287367520
PWD=/var/lib/condor/execute/dir_6613
_CONDOR_AssignedGPUs=10000
CUDA_VISIBLE_DEVICES=10000
_CONDOR_ANCESTOR_3497=3838:1571872081:1798400076
_CONDOR_ANCESTOR_6613=7009:1571873447:723515463
_CONDOR_SLOT=slot9
SHLVL=1
_CONDOR_MACHINE_AD=/var/lib/condor/execute/dir_6613/.machine.ad
TMP=/var/lib/condor/execute/dir_6613
GPU_DEVICE_ORDINAL=10000
OMP_NUM_THREADS=1
_CONDOR_JOB_AD=/var/lib/condor/execute/dir_6613/.job.ad
_CONDOR_JOB_IWD=/var/lib/condor/execute/dir_6613
_=/usr/bin/env
====== env ======
/dev/shm/user_slot9
Wed Oct 23 23:30:47 UTC 2019
Job 121
Uploading 1G.dat to /base_9/test./data/1G_121.dat
INFO: Uploading to gs://exa-us-east-1/5_data/base_9/testa/data/1G_121.dat (https://storage.googleapis.com/exa-us-east-1/5_data/base_9/testa/data/1G_121.dat)
RC 0
--- Mid run ---
Wed Oct 23 23:31:05 UTC 2019
INFO: Uploading to gs://exa-us-east-1/1_data/base_9/testm/data/1G_121.dat (https://storage.googleapis.com/exa-us-east-1/1_data/base_9/testm/data/1G_121.dat)
RC 0
=== Mid run end ===
Wed Oct 23 23:31:29 UTC 2019
INFO: Uploading to gs://exa-us-east-1/a_data/base_9/testb/data/1G_121.dat (https://storage.googleapis.com/exa-us-east-1/a_data/base_9/testb/data/1G_121.dat)
RC 0
Wed Oct 23 23:31:52 UTC 2019
