====== env ======
_CONDOR_JOB_PIDS=
TMPDIR=/var/lib/condor/execute/dir_6644
_CONDOR_SCRATCH_DIR=/var/lib/condor/execute/dir_6644
_CHIRP_DELAYED_UPDATE_PREFIX=Chirp*
TEMP=/var/lib/condor/execute/dir_6644
BATCH_SYSTEM=HTCondor
_CONDOR_CHIRP_CONFIG=/var/lib/condor/execute/dir_6644/.chirp.config
_CONDOR_ANCESTOR_3834=6644:1571873445:3567804797
_CONDOR_ANCESTOR_6644=7021:1571873447:1490773168
PWD=/var/lib/condor/execute/dir_6644
_CONDOR_AssignedGPUs=10000
CUDA_VISIBLE_DEVICES=10000
_CONDOR_SLOT=slot10
SHLVL=1
_CONDOR_MACHINE_AD=/var/lib/condor/execute/dir_6644/.machine.ad
TMP=/var/lib/condor/execute/dir_6644
GPU_DEVICE_ORDINAL=10000
_CONDOR_ANCESTOR_3431=3834:1571872081:4201989266
OMP_NUM_THREADS=1
_CONDOR_JOB_AD=/var/lib/condor/execute/dir_6644/.job.ad
_CONDOR_JOB_IWD=/var/lib/condor/execute/dir_6644
_=/usr/bin/env
====== env ======
/dev/shm/user_slot10
Wed Oct 23 23:30:47 UTC 2019
Job 143
Uploading 1G.dat to /base_f/test./data/1G_143.dat
INFO: Uploading to gs://exa-us-east-1/2_data/base_f/testa/data/1G_143.dat (https://storage.googleapis.com/exa-us-east-1/2_data/base_f/testa/data/1G_143.dat)
RC 0
--- Mid run ---
Wed Oct 23 23:31:13 UTC 2019
INFO: Uploading to gs://exa-us-east-1/a_data/base_f/testm/data/1G_143.dat (https://storage.googleapis.com/exa-us-east-1/a_data/base_f/testm/data/1G_143.dat)
RC 0
=== Mid run end ===
Wed Oct 23 23:31:27 UTC 2019
INFO: Uploading to gs://exa-us-east-1/b_data/base_f/testb/data/1G_143.dat (https://storage.googleapis.com/exa-us-east-1/b_data/base_f/testb/data/1G_143.dat)
RC 0
Wed Oct 23 23:31:55 UTC 2019
