/dev/shm/user_slot5
Thu Oct  3 03:49:14 UTC 2019
Job 190
Fetching https://exaeastpe.blob.core.windows.net/exa-east/testb/data/1G_190.dat
Thu Oct  3 03:49:14 UTC 2019
RC 0
-rw-r--r--. 1 centos centos 1000000000 Oct  3 03:49 1G_190.dat
Thu Oct  3 03:49:20 UTC 2019
RC 0
-rw-r--r--. 1 centos centos 1000000000 Oct  3 03:49 1G_190.dat
Thu Oct  3 03:49:31 UTC 2019
RC 0
-rw-r--r--. 1 centos centos 1000000000 Oct  3 03:49 1G_190.dat
--- Mid run ---
Thu Oct  3 03:49:40 UTC 2019
RC 0
-rw-r--r--. 1 centos centos 1000000000 Oct  3 03:49 1G_190.dat
=== Mid run end ===
Thu Oct  3 03:49:48 UTC 2019
RC 0
-rw-r--r--. 1 centos centos 1000000000 Oct  3 03:49 1G_190.dat
Thu Oct  3 03:49:54 UTC 2019
RC 0
-rw-r--r--. 1 centos centos 1000000000 Oct  3 03:50 1G_190.dat
Thu Oct  3 03:50:00 UTC 2019
