/dev/shm/user_slot7
Thu Oct  3 03:49:21 UTC 2019
Job 268
Fetching https://exaeastpc.blob.core.windows.net/exa-east/testa/data/1G_268.dat
Thu Oct  3 03:49:21 UTC 2019
RC 0
-rw-r--r--. 1 centos centos 1000000000 Oct  3 03:49 1G_268.dat
Thu Oct  3 03:49:28 UTC 2019
RC 0
-rw-r--r--. 1 centos centos 1000000000 Oct  3 03:49 1G_268.dat
Thu Oct  3 03:49:36 UTC 2019
RC 0
-rw-r--r--. 1 centos centos 1000000000 Oct  3 03:49 1G_268.dat
--- Mid run ---
Thu Oct  3 03:49:43 UTC 2019
RC 0
-rw-r--r--. 1 centos centos 1000000000 Oct  3 03:49 1G_268.dat
=== Mid run end ===
Thu Oct  3 03:49:49 UTC 2019
RC 0
-rw-r--r--. 1 centos centos 1000000000 Oct  3 03:49 1G_268.dat
Thu Oct  3 03:49:55 UTC 2019
RC 0
-rw-r--r--. 1 centos centos 1000000000 Oct  3 03:50 1G_268.dat
Thu Oct  3 03:50:01 UTC 2019
