/dev/shm/user_slot7
Thu Oct  3 03:51:21 UTC 2019
Job 288
Fetching https://exaeastp0.blob.core.windows.net/exa-east/testa/data/1G_288.dat
Thu Oct  3 03:51:21 UTC 2019
RC 0
-rw-r--r--. 1 centos centos 1000000000 Oct  3 03:51 1G_288.dat
Thu Oct  3 03:51:27 UTC 2019
RC 0
-rw-r--r--. 1 centos centos 1000000000 Oct  3 03:51 1G_288.dat
Thu Oct  3 03:51:33 UTC 2019
RC 0
-rw-r--r--. 1 centos centos 1000000000 Oct  3 03:51 1G_288.dat
--- Mid run ---
Thu Oct  3 03:51:39 UTC 2019
RC 0
-rw-r--r--. 1 centos centos 1000000000 Oct  3 03:51 1G_288.dat
=== Mid run end ===
Thu Oct  3 03:51:44 UTC 2019
RC 0
-rw-r--r--. 1 centos centos 1000000000 Oct  3 03:51 1G_288.dat
Thu Oct  3 03:51:49 UTC 2019
RC 0
-rw-r--r--. 1 centos centos 1000000000 Oct  3 03:51 1G_288.dat
Thu Oct  3 03:51:55 UTC 2019
