/dev/shm/user_slot8
Thu Oct  3 03:51:22 UTC 2019
Job 298
Fetching https://exaeastpa.blob.core.windows.net/exa-east/testa/data/1G_298.dat
Thu Oct  3 03:51:22 UTC 2019
RC 0
-rw-r--r--. 1 centos centos 1000000000 Oct  3 03:51 1G_298.dat
Thu Oct  3 03:51:30 UTC 2019
RC 0
-rw-r--r--. 1 centos centos 1000000000 Oct  3 03:51 1G_298.dat
Thu Oct  3 03:51:38 UTC 2019
RC 0
-rw-r--r--. 1 centos centos 1000000000 Oct  3 03:51 1G_298.dat
--- Mid run ---
Thu Oct  3 03:51:45 UTC 2019
RC 0
-rw-r--r--. 1 centos centos 1000000000 Oct  3 03:51 1G_298.dat
=== Mid run end ===
Thu Oct  3 03:51:53 UTC 2019
RC 0
-rw-r--r--. 1 centos centos 1000000000 Oct  3 03:51 1G_298.dat
Thu Oct  3 03:51:59 UTC 2019
RC 0
-rw-r--r--. 1 centos centos 1000000000 Oct  3 03:52 1G_298.dat
Thu Oct  3 03:52:06 UTC 2019
