/dev/shm/user_slot7
Thu Oct  3 03:51:19 UTC 2019
Job 273
Fetching https://exaeastp1.blob.core.windows.net/exa-east/testa/data/1G_273.dat
Thu Oct  3 03:51:19 UTC 2019
RC 0
-rw-r--r--. 1 centos centos 1000000000 Oct  3 03:51 1G_273.dat
Thu Oct  3 03:51:25 UTC 2019
RC 0
-rw-r--r--. 1 centos centos 1000000000 Oct  3 03:51 1G_273.dat
Thu Oct  3 03:51:32 UTC 2019
RC 0
-rw-r--r--. 1 centos centos 1000000000 Oct  3 03:51 1G_273.dat
--- Mid run ---
Thu Oct  3 03:51:38 UTC 2019
RC 0
-rw-r--r--. 1 centos centos 1000000000 Oct  3 03:51 1G_273.dat
=== Mid run end ===
Thu Oct  3 03:51:44 UTC 2019
RC 0
-rw-r--r--. 1 centos centos 1000000000 Oct  3 03:51 1G_273.dat
Thu Oct  3 03:51:49 UTC 2019
RC 0
-rw-r--r--. 1 centos centos 1000000000 Oct  3 03:51 1G_273.dat
Thu Oct  3 03:51:53 UTC 2019
