/dev/shm/user_slot6
Thu Oct  3 03:49:18 UTC 2019
Job 233
Fetching https://exaeastp9.blob.core.windows.net/exa-east/testb/data/1G_233.dat
Thu Oct  3 03:49:18 UTC 2019
RC 0
-rw-r--r--. 1 centos centos 1000000000 Oct  3 03:49 1G_233.dat
Thu Oct  3 03:49:27 UTC 2019
RC 0
-rw-r--r--. 1 centos centos 1000000000 Oct  3 03:49 1G_233.dat
Thu Oct  3 03:49:39 UTC 2019
RC 0
-rw-r--r--. 1 centos centos 1000000000 Oct  3 03:49 1G_233.dat
--- Mid run ---
Thu Oct  3 03:49:51 UTC 2019
RC 0
-rw-r--r--. 1 centos centos 1000000000 Oct  3 03:49 1G_233.dat
=== Mid run end ===
Thu Oct  3 03:49:58 UTC 2019
RC 0
-rw-r--r--. 1 centos centos 1000000000 Oct  3 03:50 1G_233.dat
Thu Oct  3 03:50:07 UTC 2019
RC 0
-rw-r--r--. 1 centos centos 1000000000 Oct  3 03:50 1G_233.dat
Thu Oct  3 03:50:14 UTC 2019
