/dev/shm/user_slot1
Thu Oct  3 03:50:58 UTC 2019
Job 39
Fetching https://exaeastp7.blob.core.windows.net/exa-east/testa/data/1G_39.dat
Thu Oct  3 03:50:58 UTC 2019
RC 0
-rw-r--r--. 1 centos centos 1000000000 Oct  3 03:51 1G_39.dat
Thu Oct  3 03:51:05 UTC 2019
RC 0
-rw-r--r--. 1 centos centos 1000000000 Oct  3 03:51 1G_39.dat
Thu Oct  3 03:51:12 UTC 2019
RC 0
-rw-r--r--. 1 centos centos 1000000000 Oct  3 03:51 1G_39.dat
--- Mid run ---
Thu Oct  3 03:51:19 UTC 2019
RC 0
-rw-r--r--. 1 centos centos 1000000000 Oct  3 03:51 1G_39.dat
=== Mid run end ===
Thu Oct  3 03:51:27 UTC 2019
RC 0
-rw-r--r--. 1 centos centos 1000000000 Oct  3 03:51 1G_39.dat
Thu Oct  3 03:51:36 UTC 2019
RC 0
-rw-r--r--. 1 centos centos 1000000000 Oct  3 03:51 1G_39.dat
Thu Oct  3 03:51:46 UTC 2019
