/dev/shm/user_slot4
Thu Oct  3 03:51:06 UTC 2019
Job 132
Fetching https://exaeastp4.blob.core.windows.net/exa-east/testa/data/1G_132.dat
Thu Oct  3 03:51:06 UTC 2019
RC 0
-rw-r--r--. 1 centos centos 1000000000 Oct  3 03:51 1G_132.dat
Thu Oct  3 03:51:12 UTC 2019
RC 0
-rw-r--r--. 1 centos centos 1000000000 Oct  3 03:51 1G_132.dat
Thu Oct  3 03:51:18 UTC 2019
RC 0
-rw-r--r--. 1 centos centos 1000000000 Oct  3 03:51 1G_132.dat
--- Mid run ---
Thu Oct  3 03:51:27 UTC 2019
RC 0
-rw-r--r--. 1 centos centos 1000000000 Oct  3 03:51 1G_132.dat
=== Mid run end ===
Thu Oct  3 03:51:34 UTC 2019
RC 0
-rw-r--r--. 1 centos centos 1000000000 Oct  3 03:51 1G_132.dat
Thu Oct  3 03:51:42 UTC 2019
RC 0
-rw-r--r--. 1 centos centos 1000000000 Oct  3 03:51 1G_132.dat
Thu Oct  3 03:51:48 UTC 2019
