/dev/shm/user_slot1
Thu Oct  3 03:50:57 UTC 2019
Job 31
Fetching https://exaeastpf.blob.core.windows.net/exa-east/testm/data/1G_31.dat
Thu Oct  3 03:50:57 UTC 2019
RC 0
-rw-r--r--. 1 centos centos 1000000000 Oct  3 03:51 1G_31.dat
Thu Oct  3 03:51:03 UTC 2019
RC 0
-rw-r--r--. 1 centos centos 1000000000 Oct  3 03:51 1G_31.dat
Thu Oct  3 03:51:10 UTC 2019
RC 0
-rw-r--r--. 1 centos centos 1000000000 Oct  3 03:51 1G_31.dat
--- Mid run ---
Thu Oct  3 03:51:15 UTC 2019
RC 0
-rw-r--r--. 1 centos centos 1000000000 Oct  3 03:51 1G_31.dat
=== Mid run end ===
Thu Oct  3 03:51:24 UTC 2019
RC 0
-rw-r--r--. 1 centos centos 1000000000 Oct  3 03:51 1G_31.dat
Thu Oct  3 03:51:31 UTC 2019
RC 0
-rw-r--r--. 1 centos centos 1000000000 Oct  3 03:51 1G_31.dat
Thu Oct  3 03:51:38 UTC 2019
