/dev/shm/user_slot7
Thu Oct  3 03:49:23 UTC 2019
Job 285
Fetching https://exaeastpd.blob.core.windows.net/exa-east/testm/data/1G_285.dat
Thu Oct  3 03:49:23 UTC 2019
RC 0
-rw-r--r--. 1 centos centos 1000000000 Oct  3 03:49 1G_285.dat
Thu Oct  3 03:49:30 UTC 2019
RC 0
-rw-r--r--. 1 centos centos 1000000000 Oct  3 03:49 1G_285.dat
Thu Oct  3 03:49:41 UTC 2019
RC 0
-rw-r--r--. 1 centos centos 1000000000 Oct  3 03:49 1G_285.dat
--- Mid run ---
Thu Oct  3 03:49:51 UTC 2019
RC 0
-rw-r--r--. 1 centos centos 1000000000 Oct  3 03:49 1G_285.dat
=== Mid run end ===
Thu Oct  3 03:49:56 UTC 2019
RC 0
-rw-r--r--. 1 centos centos 1000000000 Oct  3 03:50 1G_285.dat
Thu Oct  3 03:50:04 UTC 2019
RC 0
-rw-r--r--. 1 centos centos 1000000000 Oct  3 03:50 1G_285.dat
Thu Oct  3 03:50:10 UTC 2019
