/dev/shm/user_slot2
Thu Oct  3 03:50:59 UTC 2019
Job 47
Fetching https://exaeastpf.blob.core.windows.net/exa-east/testb/data/1G_47.dat
Thu Oct  3 03:50:59 UTC 2019
RC 0
-rw-r--r--. 1 centos centos 1000000000 Oct  3 03:51 1G_47.dat
Thu Oct  3 03:51:04 UTC 2019
RC 0
-rw-r--r--. 1 centos centos 1000000000 Oct  3 03:51 1G_47.dat
Thu Oct  3 03:51:10 UTC 2019
RC 0
-rw-r--r--. 1 centos centos 1000000000 Oct  3 03:51 1G_47.dat
--- Mid run ---
Thu Oct  3 03:51:17 UTC 2019
RC 0
-rw-r--r--. 1 centos centos 1000000000 Oct  3 03:51 1G_47.dat
=== Mid run end ===
Thu Oct  3 03:51:26 UTC 2019
RC 0
-rw-r--r--. 1 centos centos 1000000000 Oct  3 03:51 1G_47.dat
Thu Oct  3 03:51:33 UTC 2019
RC 0
-rw-r--r--. 1 centos centos 1000000000 Oct  3 03:51 1G_47.dat
Thu Oct  3 03:51:41 UTC 2019
