/dev/shm
Slot slot4
Fetching 1G_4.dat
Sat Sep 28 22:33:37 UTC 2019
RC 0
-rw-r--r--. 1 centos centos 1048576000 Sep 28 22:34 1G_4.dat
--- Mid run ---
Sat Sep 28 22:34:01 UTC 2019
RC 0
-rw-r--r--. 1 centos centos 1048576000 Sep 28 22:34 1G_4.dat
=== Mid run end ===
Sat Sep 28 22:34:36 UTC 2019
RC 0
-rw-r--r--. 1 centos centos 1048576000 Sep 28 22:34 1G_4.dat
Sat Sep 28 22:34:59 UTC 2019
RC 0
-rw-r--r--. 1 centos centos 1048576000 Sep 28 22:35 1G_4.dat
Sat Sep 28 22:35:41 UTC 2019
RC 0
-rw-r--r--. 1 centos centos 1048576000 Sep 28 22:36 1G_4.dat
Sat Sep 28 22:36:36 UTC 2019
RC 0
-rw-r--r--. 1 centos centos 1048576000 Sep 28 22:37 1G_4.dat
Sat Sep 28 22:37:12 UTC 2019
