hostname wns-ucsd-1-5ff85579f9-7rrsj
/export/shm
Slot slot3
Fetching 1G_3.dat from stashcache.t2.ucsd.edu
Thu Oct  3 20:02:45 UTC 2019
RC 0
-rw-r--r--. 1 cuser3 cuser 1048576000 Oct  3 20:03 1G_3.dat
--- Mid run ---
Thu Oct  3 20:03:17 UTC 2019
RC 0
-rw-r--r--. 1 cuser3 cuser 1048576000 Oct  3 20:03 1G_3.dat
=== Mid run end ===
Thu Oct  3 20:03:53 UTC 2019
RC 0
-rw-r--r--. 1 cuser3 cuser 1048576000 Oct  3 20:04 1G_3.dat
Thu Oct  3 20:04:26 UTC 2019
RC 0
-rw-r--r--. 1 cuser3 cuser 1048576000 Oct  3 20:04 1G_3.dat
Thu Oct  3 20:04:55 UTC 2019
RC 0
-rw-r--r--. 1 cuser3 cuser 1048576000 Oct  3 20:05 1G_3.dat
Thu Oct  3 20:05:20 UTC 2019
RC 0
-rw-r--r--. 1 cuser3 cuser 1048576000 Oct  3 20:05 1G_3.dat
Thu Oct  3 20:05:38 UTC 2019
