Tue Oct  1 04:03:38 UTC 2019
Tue Oct  1 04:03:38 UTC 2019

real	0m4.858s
user	0m1.917s
sys	0m2.577s
Tue Oct  1 04:03:43 UTC 2019

real	0m5.256s
user	0m1.946s
sys	0m2.711s
Tue Oct  1 04:03:49 UTC 2019

real	0m5.024s
user	0m2.041s
sys	0m2.651s
--- Mid run ---
Tue Oct  1 04:03:54 UTC 2019

real	0m5.176s
user	0m2.013s
sys	0m2.639s
=== Mid run end ===
Tue Oct  1 04:03:59 UTC 2019

real	0m5.158s
user	0m1.997s
sys	0m2.768s
Tue Oct  1 04:04:04 UTC 2019

real	0m5.507s
user	0m2.046s
sys	0m3.062s
Tue Oct  1 04:04:10 UTC 2019
