Tue Oct  1 04:01:53 UTC 2019
Tue Oct  1 04:01:53 UTC 2019

real	0m4.719s
user	0m2.152s
sys	0m2.426s
Tue Oct  1 04:01:57 UTC 2019

real	0m5.456s
user	0m2.216s
sys	0m3.029s
Tue Oct  1 04:02:03 UTC 2019

real	0m5.851s
user	0m2.120s
sys	0m3.304s
--- Mid run ---
Tue Oct  1 04:02:09 UTC 2019

real	0m6.210s
user	0m2.220s
sys	0m3.321s
=== Mid run end ===
Tue Oct  1 04:02:16 UTC 2019

real	0m5.530s
user	0m2.239s
sys	0m3.150s
Tue Oct  1 04:02:21 UTC 2019

real	0m5.731s
user	0m2.145s
sys	0m2.485s
Tue Oct  1 04:02:27 UTC 2019
