Tue Oct  1 04:03:38 UTC 2019
Tue Oct  1 04:03:38 UTC 2019

real	0m5.363s
user	0m1.532s
sys	0m2.442s
Tue Oct  1 04:03:43 UTC 2019

real	0m6.728s
user	0m1.670s
sys	0m3.188s
Tue Oct  1 04:03:50 UTC 2019

real	0m5.973s
user	0m1.741s
sys	0m2.622s
--- Mid run ---
Tue Oct  1 04:03:56 UTC 2019

real	0m5.511s
user	0m1.793s
sys	0m2.676s
=== Mid run end ===
Tue Oct  1 04:04:02 UTC 2019

real	0m5.653s
user	0m1.789s
sys	0m2.793s
Tue Oct  1 04:04:08 UTC 2019

real	0m5.824s
user	0m1.785s
sys	0m2.948s
Tue Oct  1 04:04:14 UTC 2019
