/dev/shm
Slot slot1
Fetching 1G_1.dat
Wed Oct  2 18:30:36 UTC 2019
RC 0
-rw-r--r--. 1 cuser1 cuser 1048576000 Oct  2 18:30 1G_1.dat
--- Mid run ---
Wed Oct  2 18:30:53 UTC 2019
RC 0
-rw-r--r--. 1 cuser1 cuser 1048576000 Oct  2 18:31 1G_1.dat
=== Mid run end ===
Wed Oct  2 18:31:10 UTC 2019
RC 0
-rw-r--r--. 1 cuser1 cuser 1048576000 Oct  2 18:31 1G_1.dat
Wed Oct  2 18:31:26 UTC 2019
RC 0
-rw-r--r--. 1 cuser1 cuser 1048576000 Oct  2 18:31 1G_1.dat
Wed Oct  2 18:31:45 UTC 2019
RC 0
-rw-r--r--. 1 cuser1 cuser 1048576000 Oct  2 18:32 1G_1.dat
Wed Oct  2 18:32:01 UTC 2019
RC 0
-rw-r--r--. 1 cuser1 cuser 1048576000 Oct  2 18:32 1G_1.dat
Wed Oct  2 18:32:16 UTC 2019
