/dev/shm/user_slot6
Thu Oct  3 00:26:53 UTC 2019
Job 13
Fetching https://exaeastp0.blob.core.windows.net/exa-east/d_testm/data/1G_13.dat
Thu Oct  3 00:26:53 UTC 2019
RC 0
-rw-r--r--. 1 cuser6 cuser 1000000000 Oct  3 00:27 1G_13.dat
Thu Oct  3 00:27:32 UTC 2019
RC 0
-rw-r--r--. 1 cuser6 cuser 1000000000 Oct  3 00:28 1G_13.dat
Thu Oct  3 00:28:25 UTC 2019
RC 0
-rw-r--r--. 1 cuser6 cuser 1000000000 Oct  3 00:29 1G_13.dat
--- Mid run ---
Thu Oct  3 00:29:02 UTC 2019
RC 0
-rw-r--r--. 1 cuser6 cuser 1000000000 Oct  3 00:29 1G_13.dat
=== Mid run end ===
Thu Oct  3 00:29:39 UTC 2019
RC 0
-rw-r--r--. 1 cuser6 cuser 1000000000 Oct  3 00:30 1G_13.dat
Thu Oct  3 00:30:15 UTC 2019
RC 0
-rw-r--r--. 1 cuser6 cuser 1000000000 Oct  3 00:31 1G_13.dat
Thu Oct  3 00:31:07 UTC 2019
