/dev/shm
Slot slot4
Fetching 1G_4.dat
Sat Sep 28 23:17:59 UTC 2019
RC 0
-rw-r--r--. 1 centos centos 1048576000 Sep 28 23:18 1G_4.dat
--- Mid run ---
Sat Sep 28 23:18:06 UTC 2019
RC 0
-rw-r--r--. 1 centos centos 1048576000 Sep 28 23:18 1G_4.dat
=== Mid run end ===
Sat Sep 28 23:18:12 UTC 2019
RC 0
-rw-r--r--. 1 centos centos 1048576000 Sep 28 23:18 1G_4.dat
Sat Sep 28 23:18:19 UTC 2019
RC 0
-rw-r--r--. 1 centos centos 1048576000 Sep 28 23:18 1G_4.dat
Sat Sep 28 23:18:25 UTC 2019
RC 0
-rw-r--r--. 1 centos centos 1048576000 Sep 28 23:18 1G_4.dat
Sat Sep 28 23:18:31 UTC 2019
RC 0
-rw-r--r--. 1 centos centos 1048576000 Sep 28 23:18 1G_4.dat
Sat Sep 28 23:18:38 UTC 2019
