/export/shm/user_slot9
Thu Oct 24 04:53:57 UTC 2019
Job 9
Fetching 1G.dat from /base_9/test./data/1G_9.dat
Thu Oct 24 04:53:57 UTC 2019
INFO: Downloaded https://storage.googleapis.com/exa-us-west-1/4_data/base_9/testm/data/1G_9.dat into /export/shm/user_slot9/1G_9.dat
RC 0
-rw-r--r-- 1 cuser9 cuser 1000000000 Oct 24 04:56 1G_9.dat
--- Mid run ---
Thu Oct 24 04:56:09 UTC 2019
INFO: Downloaded https://storage.googleapis.com/exa-us-west-1/4_data/base_9/testm/data/1G_9.dat into /export/shm/user_slot9/1G_9.dat
RC 0
-rw-r--r-- 1 cuser9 cuser 1000000000 Oct 24 05:00 1G_9.dat
=== Mid run end ===
Thu Oct 24 05:00:21 UTC 2019
INFO: Downloaded https://storage.googleapis.com/exa-us-west-1/4_data/base_9/testm/data/1G_9.dat into /export/shm/user_slot9/1G_9.dat
RC 0
-rw-r--r-- 1 cuser9 cuser 1000000000 Oct 24 05:03 1G_9.dat
Thu Oct 24 05:03:19 UTC 2019
INFO: Downloaded https://storage.googleapis.com/exa-us-west-1/4_data/base_9/testm/data/1G_9.dat into /export/shm/user_slot9/1G_9.dat
RC 0
-rw-r--r-- 1 cuser9 cuser 1000000000 Oct 24 05:07 1G_9.dat
Thu Oct 24 05:07:32 UTC 2019
