/dev/shm/user_slot10
Wed Oct 23 23:58:18 UTC 2019
Job 195
Fetching 1G.dat from /base_3/test./data/1G_195.dat
Wed Oct 23 23:58:18 UTC 2019
INFO: Downloaded https://storage.googleapis.com/exa-us-east-1/a_data/base_3/testa/data/1G_195.dat into /dev/shm/user_slot10/1G_195.dat
RC 0
-rw-r--r--. 1 centos centos 1000000000 Oct 23 23:58 1G_195.dat
--- Mid run ---
Wed Oct 23 23:58:36 UTC 2019
INFO: Downloaded https://storage.googleapis.com/exa-us-east-1/a_data/base_3/testa/data/1G_195.dat into /dev/shm/user_slot10/1G_195.dat
RC 0
-rw-r--r--. 1 centos centos 1000000000 Oct 23 23:58 1G_195.dat
=== Mid run end ===
Wed Oct 23 23:58:46 UTC 2019
INFO: Downloaded https://storage.googleapis.com/exa-us-east-1/a_data/base_3/testa/data/1G_195.dat into /dev/shm/user_slot10/1G_195.dat
RC 0
-rw-r--r--. 1 centos centos 1000000000 Oct 23 23:58 1G_195.dat
Wed Oct 23 23:58:53 UTC 2019
INFO: Downloaded https://storage.googleapis.com/exa-us-east-1/a_data/base_3/testa/data/1G_195.dat into /dev/shm/user_slot10/1G_195.dat
RC 0
-rw-r--r--. 1 centos centos 1000000000 Oct 23 23:59 1G_195.dat
Wed Oct 23 23:59:00 UTC 2019
