/dev/shm/user_slot3
Wed Oct 23 23:58:21 UTC 2019
Job 257
Fetching 1G.dat from /base_1/test./data/1G_257.dat
Wed Oct 23 23:58:21 UTC 2019
INFO: Downloaded https://storage.googleapis.com/exa-us-east-1/5_data/base_1/testa/data/1G_257.dat into /dev/shm/user_slot3/1G_257.dat
RC 0
-rw-r--r--. 1 centos centos 1000000000 Oct 23 23:58 1G_257.dat
--- Mid run ---
Wed Oct 23 23:58:43 UTC 2019
INFO: Downloaded https://storage.googleapis.com/exa-us-east-1/5_data/base_1/testa/data/1G_257.dat into /dev/shm/user_slot3/1G_257.dat
RC 0
-rw-r--r--. 1 centos centos 1000000000 Oct 23 23:58 1G_257.dat
=== Mid run end ===
Wed Oct 23 23:58:49 UTC 2019
INFO: Downloaded https://storage.googleapis.com/exa-us-east-1/5_data/base_1/testa/data/1G_257.dat into /dev/shm/user_slot3/1G_257.dat
RC 0
-rw-r--r--. 1 centos centos 1000000000 Oct 23 23:58 1G_257.dat
Wed Oct 23 23:58:53 UTC 2019
INFO: Downloaded https://storage.googleapis.com/exa-us-east-1/5_data/base_1/testa/data/1G_257.dat into /dev/shm/user_slot3/1G_257.dat
RC 0
-rw-r--r--. 1 centos centos 1000000000 Oct 23 23:58 1G_257.dat
Wed Oct 23 23:58:58 UTC 2019
