/dev/shm/user_slot8
Wed Oct 23 23:58:10 UTC 2019
Job 76
Fetching 1G.dat from /base_c/test./data/1G_76.dat
Wed Oct 23 23:58:10 UTC 2019
INFO: Downloaded https://storage.googleapis.com/exa-us-east-1/4_data/base_c/testb/data/1G_76.dat into /dev/shm/user_slot8/1G_76.dat
RC 0
-rw-r--r--. 1 centos centos 1000000000 Oct 23 23:58 1G_76.dat
--- Mid run ---
Wed Oct 23 23:58:17 UTC 2019
INFO: Downloaded https://storage.googleapis.com/exa-us-east-1/4_data/base_c/testb/data/1G_76.dat into /dev/shm/user_slot8/1G_76.dat
RC 0
-rw-r--r--. 1 centos centos 1000000000 Oct 23 23:58 1G_76.dat
=== Mid run end ===
Wed Oct 23 23:58:23 UTC 2019
INFO: Downloaded https://storage.googleapis.com/exa-us-east-1/4_data/base_c/testb/data/1G_76.dat into /dev/shm/user_slot8/1G_76.dat
RC 0
-rw-r--r--. 1 centos centos 1000000000 Oct 23 23:58 1G_76.dat
Wed Oct 23 23:58:29 UTC 2019
INFO: Downloaded https://storage.googleapis.com/exa-us-east-1/4_data/base_c/testb/data/1G_76.dat into /dev/shm/user_slot8/1G_76.dat
RC 0
-rw-r--r--. 1 centos centos 1000000000 Oct 23 23:58 1G_76.dat
Wed Oct 23 23:58:37 UTC 2019
