/dev/shm/user_slot3
Wed Oct 23 23:58:14 UTC 2019
Job 125
Fetching 1G.dat from /base_d/test./data/1G_125.dat
Wed Oct 23 23:58:14 UTC 2019
INFO: Downloaded https://storage.googleapis.com/exa-us-east-1/d_data/base_d/testb/data/1G_125.dat into /dev/shm/user_slot3/1G_125.dat
RC 0
-rw-r--r--. 1 centos centos 1000000000 Oct 23 23:58 1G_125.dat
--- Mid run ---
Wed Oct 23 23:58:27 UTC 2019
INFO: Downloaded https://storage.googleapis.com/exa-us-east-1/d_data/base_d/testb/data/1G_125.dat into /dev/shm/user_slot3/1G_125.dat
RC 0
-rw-r--r--. 1 centos centos 1000000000 Oct 23 23:58 1G_125.dat
=== Mid run end ===
Wed Oct 23 23:58:33 UTC 2019
INFO: Downloaded https://storage.googleapis.com/exa-us-east-1/d_data/base_d/testb/data/1G_125.dat into /dev/shm/user_slot3/1G_125.dat
RC 0
-rw-r--r--. 1 centos centos 1000000000 Oct 23 23:58 1G_125.dat
Wed Oct 23 23:58:39 UTC 2019
INFO: Downloaded https://storage.googleapis.com/exa-us-east-1/d_data/base_d/testb/data/1G_125.dat into /dev/shm/user_slot3/1G_125.dat
RC 0
-rw-r--r--. 1 centos centos 1000000000 Oct 23 23:58 1G_125.dat
Wed Oct 23 23:58:44 UTC 2019
