/dev/shm/user_slot16
Wed Oct 23 23:58:05 UTC 2019
Job 7
Fetching 1G.dat from /base_7/test./data/1G_7.dat
Wed Oct 23 23:58:05 UTC 2019
INFO: Downloaded https://storage.googleapis.com/exa-us-east-1/b_data/base_7/testb/data/1G_7.dat into /dev/shm/user_slot16/1G_7.dat
RC 0
-rw-r--r--. 1 centos centos 1000000000 Oct 23 23:58 1G_7.dat
--- Mid run ---
Wed Oct 23 23:58:28 UTC 2019
INFO: Downloaded https://storage.googleapis.com/exa-us-east-1/b_data/base_7/testb/data/1G_7.dat into /dev/shm/user_slot16/1G_7.dat
RC 0
-rw-r--r--. 1 centos centos 1000000000 Oct 23 23:58 1G_7.dat
=== Mid run end ===
Wed Oct 23 23:58:37 UTC 2019
INFO: Downloaded https://storage.googleapis.com/exa-us-east-1/b_data/base_7/testb/data/1G_7.dat into /dev/shm/user_slot16/1G_7.dat
RC 0
-rw-r--r--. 1 centos centos 1000000000 Oct 23 23:58 1G_7.dat
Wed Oct 23 23:58:43 UTC 2019
INFO: Downloaded https://storage.googleapis.com/exa-us-east-1/b_data/base_7/testb/data/1G_7.dat into /dev/shm/user_slot16/1G_7.dat
RC 0
-rw-r--r--. 1 centos centos 1000000000 Oct 23 23:58 1G_7.dat
Wed Oct 23 23:58:50 UTC 2019
