/dev/shm/user_slot7
Wed Oct 23 23:58:08 UTC 2019
Job 30
Fetching 1G.dat from /base_e/test./data/1G_30.dat
Wed Oct 23 23:58:08 UTC 2019
INFO: Downloaded https://storage.googleapis.com/exa-us-east-1/4_data/base_e/testb/data/1G_30.dat into /dev/shm/user_slot7/1G_30.dat
RC 0
-rw-r--r--. 1 centos centos 1000000000 Oct 23 23:58 1G_30.dat
--- Mid run ---
Wed Oct 23 23:58:22 UTC 2019
INFO: Downloaded https://storage.googleapis.com/exa-us-east-1/4_data/base_e/testb/data/1G_30.dat into /dev/shm/user_slot7/1G_30.dat
RC 0
-rw-r--r--. 1 centos centos 1000000000 Oct 23 23:58 1G_30.dat
=== Mid run end ===
Wed Oct 23 23:58:30 UTC 2019
INFO: Downloaded https://storage.googleapis.com/exa-us-east-1/4_data/base_e/testb/data/1G_30.dat into /dev/shm/user_slot7/1G_30.dat
RC 0
-rw-r--r--. 1 centos centos 1000000000 Oct 23 23:58 1G_30.dat
Wed Oct 23 23:58:40 UTC 2019
INFO: Downloaded https://storage.googleapis.com/exa-us-east-1/4_data/base_e/testb/data/1G_30.dat into /dev/shm/user_slot7/1G_30.dat
RC 0
-rw-r--r--. 1 centos centos 1000000000 Oct 23 23:58 1G_30.dat
Wed Oct 23 23:58:47 UTC 2019
