/dev/shm/user_slot16
Wed Oct 23 23:58:18 UTC 2019
Job 203
Fetching 1G.dat from /base_b/test./data/1G_203.dat
Wed Oct 23 23:58:18 UTC 2019
INFO: Downloaded https://storage.googleapis.com/exa-us-east-1/3_data/base_b/testa/data/1G_203.dat into /dev/shm/user_slot16/1G_203.dat
RC 0
-rw-r--r--. 1 centos centos 1000000000 Oct 23 23:58 1G_203.dat
--- Mid run ---
Wed Oct 23 23:58:37 UTC 2019
INFO: Downloaded https://storage.googleapis.com/exa-us-east-1/3_data/base_b/testa/data/1G_203.dat into /dev/shm/user_slot16/1G_203.dat
RC 0
-rw-r--r--. 1 centos centos 1000000000 Oct 23 23:58 1G_203.dat
=== Mid run end ===
Wed Oct 23 23:58:44 UTC 2019
INFO: Downloaded https://storage.googleapis.com/exa-us-east-1/3_data/base_b/testa/data/1G_203.dat into /dev/shm/user_slot16/1G_203.dat
RC 0
-rw-r--r--. 1 centos centos 1000000000 Oct 23 23:58 1G_203.dat
Wed Oct 23 23:58:51 UTC 2019
INFO: Downloaded https://storage.googleapis.com/exa-us-east-1/3_data/base_b/testa/data/1G_203.dat into /dev/shm/user_slot16/1G_203.dat
RC 0
-rw-r--r--. 1 centos centos 1000000000 Oct 23 23:58 1G_203.dat
Wed Oct 23 23:58:58 UTC 2019
