Wed Sep 25 23:16:04 UTC 2019
Wed Sep 25 23:16:04 UTC 2019

real	0m4.800s
user	0m1.714s
sys	0m2.252s
Wed Sep 25 23:16:09 UTC 2019

real	0m4.421s
user	0m1.403s
sys	0m2.088s
Wed Sep 25 23:16:13 UTC 2019

real	0m4.313s
user	0m1.560s
sys	0m2.257s
--- Mid run ---
Wed Sep 25 23:16:18 UTC 2019

real	0m3.767s
user	0m1.509s
sys	0m2.152s
=== Mid run end ===
Wed Sep 25 23:16:22 UTC 2019

real	0m4.223s
user	0m1.584s
sys	0m2.202s
Wed Sep 25 23:16:26 UTC 2019

real	0m3.648s
user	0m1.386s
sys	0m2.129s
Wed Sep 25 23:16:30 UTC 2019

real	0m2.824s
user	0m1.065s
sys	0m1.647s
Wed Sep 25 23:16:33 UTC 2019

real	0m3.370s
user	0m1.157s
sys	0m2.138s
Wed Sep 25 23:16:36 UTC 2019
