Wed Sep 25 23:15:53 UTC 2019
Wed Sep 25 23:15:53 UTC 2019

real	0m4.358s
user	0m1.276s
sys	0m1.938s
Wed Sep 25 23:15:57 UTC 2019

real	0m3.761s
user	0m1.376s
sys	0m2.073s
Wed Sep 25 23:16:01 UTC 2019

real	0m2.800s
user	0m1.189s
sys	0m1.512s
--- Mid run ---
Wed Sep 25 23:16:04 UTC 2019

real	0m3.652s
user	0m1.380s
sys	0m2.224s
=== Mid run end ===
Wed Sep 25 23:16:08 UTC 2019

real	0m4.081s
user	0m1.474s
sys	0m2.019s
Wed Sep 25 23:16:12 UTC 2019

real	0m4.143s
user	0m1.482s
sys	0m2.409s
Wed Sep 25 23:16:16 UTC 2019

real	0m3.959s
user	0m1.444s
sys	0m2.199s
Wed Sep 25 23:16:20 UTC 2019

real	0m4.639s
user	0m1.636s
sys	0m2.298s
Wed Sep 25 23:16:25 UTC 2019
