Wed Sep 25 23:15:57 UTC 2019
Wed Sep 25 23:15:57 UTC 2019

real	0m4.652s
user	0m1.343s
sys	0m2.209s
Wed Sep 25 23:16:02 UTC 2019

real	0m3.675s
user	0m1.323s
sys	0m2.263s
Wed Sep 25 23:16:05 UTC 2019

real	0m3.838s
user	0m1.424s
sys	0m2.311s
--- Mid run ---
Wed Sep 25 23:16:09 UTC 2019

real	0m4.355s
user	0m1.527s
sys	0m2.708s
=== Mid run end ===
Wed Sep 25 23:16:14 UTC 2019

real	0m4.906s
user	0m1.524s
sys	0m2.672s
Wed Sep 25 23:16:19 UTC 2019

real	0m4.611s
user	0m1.495s
sys	0m2.879s
Wed Sep 25 23:16:24 UTC 2019

real	0m4.390s
user	0m1.509s
sys	0m2.770s
Wed Sep 25 23:16:28 UTC 2019

real	0m3.558s
user	0m1.300s
sys	0m2.055s
Wed Sep 25 23:16:32 UTC 2019
