Wed Sep 25 23:15:55 UTC 2019
Wed Sep 25 23:15:55 UTC 2019

real	0m5.106s
user	0m1.589s
sys	0m2.683s
Wed Sep 25 23:16:00 UTC 2019

real	0m3.941s
user	0m1.205s
sys	0m2.446s
Wed Sep 25 23:16:04 UTC 2019

real	0m4.011s
user	0m1.237s
sys	0m2.604s
--- Mid run ---
Wed Sep 25 23:16:09 UTC 2019

real	0m4.626s
user	0m1.384s
sys	0m3.192s
=== Mid run end ===
Wed Sep 25 23:16:13 UTC 2019

real	0m5.843s
user	0m1.533s
sys	0m4.243s
Wed Sep 25 23:16:19 UTC 2019

real	0m4.877s
user	0m1.472s
sys	0m3.377s
Wed Sep 25 23:16:24 UTC 2019

real	0m5.070s
user	0m1.547s
sys	0m3.419s
Wed Sep 25 23:16:30 UTC 2019

real	0m4.851s
user	0m1.465s
sys	0m3.358s
Wed Sep 25 23:16:35 UTC 2019
