Wed Sep 25 23:17:42 UTC 2019
Wed Sep 25 23:17:42 UTC 2019

real	0m4.348s
user	0m1.637s
sys	0m2.160s
Wed Sep 25 23:17:46 UTC 2019

real	0m5.617s
user	0m1.684s
sys	0m2.272s
Wed Sep 25 23:17:52 UTC 2019

real	0m5.483s
user	0m1.774s
sys	0m2.380s
--- Mid run ---
Wed Sep 25 23:17:58 UTC 2019

real	0m5.856s
user	0m2.125s
sys	0m2.575s
=== Mid run end ===
Wed Sep 25 23:18:04 UTC 2019

real	0m3.794s
user	0m1.360s
sys	0m2.355s
Wed Sep 25 23:18:08 UTC 2019

real	0m3.484s
user	0m1.283s
sys	0m1.975s
Wed Sep 25 23:18:11 UTC 2019

real	0m3.184s
user	0m1.238s
sys	0m1.849s
Wed Sep 25 23:18:14 UTC 2019

real	0m4.314s
user	0m1.209s
sys	0m1.763s
Wed Sep 25 23:18:19 UTC 2019
