Wed Sep 25 23:17:43 UTC 2019
Wed Sep 25 23:17:43 UTC 2019

real	0m3.995s
user	0m1.427s
sys	0m2.298s
Wed Sep 25 23:17:47 UTC 2019

real	0m4.104s
user	0m1.524s
sys	0m2.480s
Wed Sep 25 23:17:51 UTC 2019

real	0m4.358s
user	0m1.523s
sys	0m2.472s
--- Mid run ---
Wed Sep 25 23:17:56 UTC 2019

real	0m4.607s
user	0m1.561s
sys	0m2.877s
=== Mid run end ===
Wed Sep 25 23:18:01 UTC 2019

real	0m4.090s
user	0m1.524s
sys	0m2.403s
Wed Sep 25 23:18:05 UTC 2019

real	0m3.581s
user	0m1.371s
sys	0m2.106s
Wed Sep 25 23:18:09 UTC 2019

real	0m3.068s
user	0m1.219s
sys	0m1.756s
Wed Sep 25 23:18:12 UTC 2019

real	0m3.365s
user	0m1.254s
sys	0m1.928s
Wed Sep 25 23:18:15 UTC 2019
