Wed Sep 25 23:17:33 UTC 2019
Wed Sep 25 23:17:33 UTC 2019

real	0m2.673s
user	0m1.121s
sys	0m1.488s
Wed Sep 25 23:17:35 UTC 2019

real	0m3.064s
user	0m1.089s
sys	0m1.867s
Wed Sep 25 23:17:39 UTC 2019

real	0m2.690s
user	0m1.130s
sys	0m1.436s
--- Mid run ---
Wed Sep 25 23:17:41 UTC 2019

real	0m4.432s
user	0m1.515s
sys	0m2.317s
=== Mid run end ===
Wed Sep 25 23:17:46 UTC 2019

real	0m3.962s
user	0m1.442s
sys	0m2.463s
Wed Sep 25 23:17:50 UTC 2019

real	0m3.980s
user	0m1.467s
sys	0m2.418s
Wed Sep 25 23:17:54 UTC 2019

real	0m4.613s
user	0m1.567s
sys	0m2.635s
Wed Sep 25 23:17:59 UTC 2019

real	0m3.991s
user	0m1.443s
sys	0m2.323s
Wed Sep 25 23:18:03 UTC 2019
