Wed Sep 25 23:17:34 UTC 2019
Wed Sep 25 23:17:34 UTC 2019

real	0m3.423s
user	0m1.184s
sys	0m2.155s
Wed Sep 25 23:17:37 UTC 2019

real	0m3.762s
user	0m1.186s
sys	0m2.077s
Wed Sep 25 23:17:41 UTC 2019

real	0m4.044s
user	0m1.448s
sys	0m2.277s
--- Mid run ---
Wed Sep 25 23:17:45 UTC 2019

real	0m4.297s
user	0m1.502s
sys	0m2.528s
=== Mid run end ===
Wed Sep 25 23:17:50 UTC 2019

real	0m4.710s
user	0m1.521s
sys	0m2.276s
Wed Sep 25 23:17:55 UTC 2019

real	0m4.126s
user	0m1.408s
sys	0m2.598s
Wed Sep 25 23:17:59 UTC 2019

real	0m3.686s
user	0m1.354s
sys	0m2.236s
Wed Sep 25 23:18:03 UTC 2019

real	0m3.628s
user	0m1.379s
sys	0m2.203s
Wed Sep 25 23:18:07 UTC 2019
