Wed Sep 25 23:15:55 UTC 2019
Wed Sep 25 23:15:55 UTC 2019

real	0m4.659s
user	0m1.296s
sys	0m1.946s
Wed Sep 25 23:15:59 UTC 2019

real	0m5.777s
user	0m1.465s
sys	0m2.312s
Wed Sep 25 23:16:05 UTC 2019

real	0m3.522s
user	0m1.278s
sys	0m2.072s
--- Mid run ---
Wed Sep 25 23:16:09 UTC 2019

real	0m5.515s
user	0m1.789s
sys	0m2.829s
=== Mid run end ===
Wed Sep 25 23:16:15 UTC 2019

real	0m5.327s
user	0m1.775s
sys	0m2.569s
Wed Sep 25 23:16:20 UTC 2019

real	0m4.019s
user	0m1.413s
sys	0m2.566s
Wed Sep 25 23:16:24 UTC 2019

real	0m3.795s
user	0m1.434s
sys	0m2.222s
Wed Sep 25 23:16:28 UTC 2019

real	0m3.861s
user	0m1.376s
sys	0m2.353s
Wed Sep 25 23:16:32 UTC 2019
