/dev/shm
Tue Oct  1 04:12:29 UTC 2019
Job 57
Fetching https://exaeastp0.blob.core.windows.net/exa-east/9_testb/data/1G_57.dat
Tue Oct  1 04:12:29 UTC 2019
RC 0
-rw-r--r--. 1 centos centos 1000000000 Oct  1 04:12 1G_57.dat
Tue Oct  1 04:12:34 UTC 2019
RC 0
-rw-r--r--. 1 centos centos 1000000000 Oct  1 04:12 1G_57.dat
Tue Oct  1 04:12:42 UTC 2019
RC 0
-rw-r--r--. 1 centos centos 1000000000 Oct  1 04:12 1G_57.dat
--- Mid run ---
Tue Oct  1 04:12:51 UTC 2019
RC 0
-rw-r--r--. 1 centos centos 1000000000 Oct  1 04:12 1G_57.dat
=== Mid run end ===
Tue Oct  1 04:12:59 UTC 2019
RC 0
-rw-r--r--. 1 centos centos 1000000000 Oct  1 04:13 1G_57.dat
Tue Oct  1 04:13:08 UTC 2019
RC 0
-rw-r--r--. 1 centos centos 1000000000 Oct  1 04:13 1G_57.dat
Tue Oct  1 04:13:17 UTC 2019
