/dev/shm/user_slot1
Fri Oct 25 13:29:49 UTC 2019
Job 87
Fetching 1G.dat from /base_7/test./data/1G_87.dat
Fri Oct 25 13:29:49 UTC 2019
INFO: Downloaded https://exaasiasep1.blob.core.windows.net/exa-asia-se/base_7/testm/data/1G_87.dat into /dev/shm/user_slot1/1G_87.dat
RC 0
-rw-r--r--. 1 centos centos 1000000000 Oct 25 13:32 1G_87.dat
--- Mid run ---
Fri Oct 25 13:32:46 UTC 2019
INFO: Downloaded https://exaasiasep1.blob.core.windows.net/exa-asia-se/base_7/testm/data/1G_87.dat into /dev/shm/user_slot1/1G_87.dat
RC 0
-rw-r--r--. 1 centos centos 1000000000 Oct 25 13:35 1G_87.dat
=== Mid run end ===
Fri Oct 25 13:35:41 UTC 2019
INFO: Downloaded https://exaasiasep1.blob.core.windows.net/exa-asia-se/base_7/testm/data/1G_87.dat into /dev/shm/user_slot1/1G_87.dat
RC 0
-rw-r--r--. 1 centos centos 1000000000 Oct 25 13:37 1G_87.dat
Fri Oct 25 13:37:59 UTC 2019
INFO: Downloaded https://exaasiasep1.blob.core.windows.net/exa-asia-se/base_7/testm/data/1G_87.dat into /dev/shm/user_slot1/1G_87.dat
RC 0
-rw-r--r--. 1 centos centos 1000000000 Oct 25 13:39 1G_87.dat
Fri Oct 25 13:39:55 UTC 2019
