/dev/shm/user_slot2
Fri Oct 25 13:29:46 UTC 2019
Job 45
Fetching 1G.dat from /base_d/test./data/1G_45.dat
Fri Oct 25 13:29:46 UTC 2019
INFO: Downloaded https://exaasiasepd.blob.core.windows.net/exa-asia-se/base_d/testb/data/1G_45.dat into /dev/shm/user_slot2/1G_45.dat
RC 0
-rw-r--r--. 1 centos centos 1000000000 Oct 25 13:31 1G_45.dat
--- Mid run ---
Fri Oct 25 13:31:03 UTC 2019
INFO: Downloaded https://exaasiasepd.blob.core.windows.net/exa-asia-se/base_d/testb/data/1G_45.dat into /dev/shm/user_slot2/1G_45.dat
RC 0
-rw-r--r--. 1 centos centos 1000000000 Oct 25 13:32 1G_45.dat
=== Mid run end ===
Fri Oct 25 13:32:23 UTC 2019
INFO: Downloaded https://exaasiasepd.blob.core.windows.net/exa-asia-se/base_d/testb/data/1G_45.dat into /dev/shm/user_slot2/1G_45.dat
RC 0
-rw-r--r--. 1 centos centos 1000000000 Oct 25 13:33 1G_45.dat
Fri Oct 25 13:33:32 UTC 2019
INFO: Downloaded https://exaasiasepd.blob.core.windows.net/exa-asia-se/base_d/testb/data/1G_45.dat into /dev/shm/user_slot2/1G_45.dat
RC 0
-rw-r--r--. 1 centos centos 1000000000 Oct 25 13:34 1G_45.dat
Fri Oct 25 13:34:46 UTC 2019
