/dev/shm/user_slot2
Fri Oct 25 13:29:51 UTC 2019
Job 112
Fetching 1G.dat from /base_0/test./data/1G_112.dat
Fri Oct 25 13:29:51 UTC 2019
INFO: Downloaded https://exaasiasepe.blob.core.windows.net/exa-asia-se/base_0/testm/data/1G_112.dat into /dev/shm/user_slot2/1G_112.dat
RC 0
-rw-r--r--. 1 centos centos 1000000000 Oct 25 13:31 1G_112.dat
--- Mid run ---
Fri Oct 25 13:31:41 UTC 2019
INFO: Downloaded https://exaasiasepe.blob.core.windows.net/exa-asia-se/base_0/testm/data/1G_112.dat into /dev/shm/user_slot2/1G_112.dat
RC 0
-rw-r--r--. 1 centos centos 1000000000 Oct 25 13:34 1G_112.dat
=== Mid run end ===
Fri Oct 25 13:34:42 UTC 2019
INFO: Downloaded https://exaasiasepe.blob.core.windows.net/exa-asia-se/base_0/testm/data/1G_112.dat into /dev/shm/user_slot2/1G_112.dat
RC 0
-rw-r--r--. 1 centos centos 1000000000 Oct 25 13:37 1G_112.dat
Fri Oct 25 13:37:29 UTC 2019
INFO: Downloaded https://exaasiasepe.blob.core.windows.net/exa-asia-se/base_0/testm/data/1G_112.dat into /dev/shm/user_slot2/1G_112.dat
RC 0
-rw-r--r--. 1 centos centos 1000000000 Oct 25 13:40 1G_112.dat
Fri Oct 25 13:40:13 UTC 2019
