/dev/shm/user_slot1
Fri Oct 25 13:29:45 UTC 2019
Job 19
Fetching 1G.dat from /base_3/test./data/1G_19.dat
Fri Oct 25 13:29:45 UTC 2019
INFO: Downloaded https://exaasiasep0.blob.core.windows.net/exa-asia-se/base_3/testm/data/1G_19.dat into /dev/shm/user_slot1/1G_19.dat
RC 0
-rw-r--r--. 1 centos centos 1000000000 Oct 25 13:32 1G_19.dat
--- Mid run ---
Fri Oct 25 13:32:43 UTC 2019
INFO: Downloaded https://exaasiasep0.blob.core.windows.net/exa-asia-se/base_3/testm/data/1G_19.dat into /dev/shm/user_slot1/1G_19.dat
RC 0
-rw-r--r--. 1 centos centos 1000000000 Oct 25 13:35 1G_19.dat
=== Mid run end ===
Fri Oct 25 13:35:41 UTC 2019
INFO: Downloaded https://exaasiasep0.blob.core.windows.net/exa-asia-se/base_3/testm/data/1G_19.dat into /dev/shm/user_slot1/1G_19.dat
RC 0
-rw-r--r--. 1 centos centos 1000000000 Oct 25 13:38 1G_19.dat
Fri Oct 25 13:38:32 UTC 2019
INFO: Downloaded https://exaasiasep0.blob.core.windows.net/exa-asia-se/base_3/testm/data/1G_19.dat into /dev/shm/user_slot1/1G_19.dat
RC 0
-rw-r--r--. 1 centos centos 1000000000 Oct 25 13:40 1G_19.dat
Fri Oct 25 13:40:45 UTC 2019
