/dev/shm
Slot slot3
Fetching 1G_3.dat
Sat Sep 28 20:00:31 UTC 2019
RC 0
-rw-r--r--. 1 centos centos 1048576000 Sep 28 20:00 1G_3.dat
--- Mid run ---
Sat Sep 28 20:00:47 UTC 2019
RC 0
-rw-r--r--. 1 centos centos 1048576000 Sep 28 20:01 1G_3.dat
=== Mid run end ===
Sat Sep 28 20:01:04 UTC 2019
RC 0
-rw-r--r--. 1 centos centos 1048576000 Sep 28 20:01 1G_3.dat
Sat Sep 28 20:01:21 UTC 2019
RC 0
-rw-r--r--. 1 centos centos 1048576000 Sep 28 20:01 1G_3.dat
Sat Sep 28 20:01:37 UTC 2019
RC 0
-rw-r--r--. 1 centos centos 1048576000 Sep 28 20:01 1G_3.dat
Sat Sep 28 20:01:53 UTC 2019
RC 0
-rw-r--r--. 1 centos centos 1048576000 Sep 28 20:02 1G_3.dat
Sat Sep 28 20:02:09 UTC 2019
