INFO: Login with identity succeeded.
/dev/shm
Mon Sep 30 22:52:35 UTC 2019
Job 15
Fetching https://exaeastp0.blob.core.windows.net/exa-east/f_testm/data/1G_15.dat
Mon Sep 30 22:52:35 UTC 2019
INFO: Scanning...

Job ca349ef1-1ea3-5841-4b82-b1b4be4b277f has started
Log file is located at: .azcopy/ca349ef1-1ea3-5841-4b82-b1b4be4b277f.log

0 Done, 0 Failed, 1 Pending, 0 Skipped, 1 Total, 0 Done, 0 Failed, 1 Pending, 0 Skipped, 1 Total, 2-sec Throughput (Mb/s): 3944.7149


Job ca349ef1-1ea3-5841-4b82-b1b4be4b277f summary
Elapsed Time (Minutes): 0.067
Total Number Of Transfers: 1
Number of Transfers Completed: 1
Number of Transfers Failed: 0
Number of Transfers Skipped: 0
TotalBytesTransferred: 1000000000
Final Job Status: Completed

RC 0
-rw-r--r--. 1 centos centos 1000000000 Sep 30 22:52 1G_15.dat
Mon Sep 30 22:52:40 UTC 2019
INFO: Scanning...

Job 6c444e24-86bc-4149-7b05-27af477f811d has started
Log file is located at: .azcopy/6c444e24-86bc-4149-7b05-27af477f811d.log

0 Done, 0 Failed, 1 Pending, 0 Skipped, 1 Total, 0 Done, 0 Failed, 1 Pending, 0 Skipped, 1 Total, 2-sec Throughput (Mb/s): 3427.08590 Done, 0 Failed, 1 Pending, 0 Skipped, 1 Total, 2-sec Throughput (Mb/s): 369.0087 


Job 6c444e24-86bc-4149-7b05-27af477f811d summary
Elapsed Time (Minutes): 0.1013
Total Number Of Transfers: 1
Number of Transfers Completed: 1
Number of Transfers Failed: 0
Number of Transfers Skipped: 0
TotalBytesTransferred: 1000000000
Final Job Status: Completed

RC 0
-rw-r--r--. 1 centos centos 1000000000 Sep 30 22:52 1G_15.dat
Mon Sep 30 22:52:47 UTC 2019
INFO: Scanning...

Job 6b37b39f-a74f-1e4e-7ffa-3b7446659538 has started
Log file is located at: .azcopy/6b37b39f-a74f-1e4e-7ffa-3b7446659538.log

0 Done, 0 Failed, 1 Pending, 0 Skipped, 1 Total, 0 Done, 0 Failed, 1 Pending, 0 Skipped, 1 Total, 2-sec Throughput (Mb/s): 3629.14160 Done, 0 Failed, 1 Pending, 0 Skipped, 1 Total, 2-sec Throughput (Mb/s): 167.7533 


Job 6b37b39f-a74f-1e4e-7ffa-3b7446659538 summary
Elapsed Time (Minutes): 0.1002
Total Number Of Transfers: 1
Number of Transfers Completed: 1
Number of Transfers Failed: 0
Number of Transfers Skipped: 0
TotalBytesTransferred: 1000000000
Final Job Status: Completed

RC 0
-rw-r--r--. 1 centos centos 1000000000 Sep 30 22:52 1G_15.dat
--- Mid run ---
Mon Sep 30 22:52:53 UTC 2019
INFO: Scanning...

Job c3fe8941-70c1-3145-62a4-da2786789302 has started
Log file is located at: .azcopy/c3fe8941-70c1-3145-62a4-da2786789302.log

0 Done, 0 Failed, 1 Pending, 0 Skipped, 1 Total, 


Job c3fe8941-70c1-3145-62a4-da2786789302 summary
Elapsed Time (Minutes): 0.0335
Total Number Of Transfers: 1
Number of Transfers Completed: 1
Number of Transfers Failed: 0
Number of Transfers Skipped: 0
TotalBytesTransferred: 1000000000
Final Job Status: Completed

RC 0
-rw-r--r--. 1 centos centos 1000000000 Sep 30 22:52 1G_15.dat
=== Mid run end ===
Mon Sep 30 22:52:55 UTC 2019
INFO: Scanning...

Job 5060527e-b8b1-7f49-5fa7-af1048c85275 has started
Log file is located at: .azcopy/5060527e-b8b1-7f49-5fa7-af1048c85275.log

0 Done, 0 Failed, 1 Pending, 0 Skipped, 1 Total, 0 Done, 0 Failed, 1 Pending, 0 Skipped, 1 Total, 2-sec Throughput (Mb/s): 3692.9723


Job 5060527e-b8b1-7f49-5fa7-af1048c85275 summary
Elapsed Time (Minutes): 0.0674
Total Number Of Transfers: 1
Number of Transfers Completed: 1
Number of Transfers Failed: 0
Number of Transfers Skipped: 0
TotalBytesTransferred: 1000000000
Final Job Status: Completed

RC 0
-rw-r--r--. 1 centos centos 1000000000 Sep 30 22:52 1G_15.dat
Mon Sep 30 22:53:00 UTC 2019
INFO: Scanning...

Job 810c048e-bea0-4349-7e98-ff4dd5432e32 has started
Log file is located at: .azcopy/810c048e-bea0-4349-7e98-ff4dd5432e32.log

0 Done, 0 Failed, 1 Pending, 0 Skipped, 1 Total, 0 Done, 0 Failed, 1 Pending, 0 Skipped, 1 Total, 2-sec Throughput (Mb/s): 3106.11390 Done, 0 Failed, 1 Pending, 0 Skipped, 1 Total, 2-sec Throughput (Mb/s): 498.5239 0 Done, 0 Failed, 1 Pending, 0 Skipped, 1 Total, 2-sec Throughput (Mb/s): 201.2549


Job 810c048e-bea0-4349-7e98-ff4dd5432e32 summary
Elapsed Time (Minutes): 0.1355
Total Number Of Transfers: 1
Number of Transfers Completed: 1
Number of Transfers Failed: 0
Number of Transfers Skipped: 0
TotalBytesTransferred: 1000000000
Final Job Status: Completed

RC 0
-rw-r--r--. 1 centos centos 1000000000 Sep 30 22:53 1G_15.dat
Mon Sep 30 22:53:08 UTC 2019
