/dev/shm
Slot slot2
Fetching 1G_2.dat
Wed Oct  2 00:01:10 UTC 2019
RC 0
-rw-r--r--. 1 cuser2 cuser 1048576000 Oct  2 00:02 1G_2.dat
--- Mid run ---
Wed Oct  2 00:02:07 UTC 2019
RC 0
-rw-r--r--. 1 cuser2 cuser 1048576000 Oct  2 00:02 1G_2.dat
=== Mid run end ===
Wed Oct  2 00:02:50 UTC 2019
RC 0
-rw-r--r--. 1 cuser2 cuser 1048576000 Oct  2 00:03 1G_2.dat
Wed Oct  2 00:03:41 UTC 2019
RC 0
-rw-r--r--. 1 cuser2 cuser 1048576000 Oct  2 00:04 1G_2.dat
Wed Oct  2 00:04:29 UTC 2019
RC 0
-rw-r--r--. 1 cuser2 cuser 1048576000 Oct  2 00:05 1G_2.dat
Wed Oct  2 00:05:06 UTC 2019
RC 0
-rw-r--r--. 1 cuser2 cuser 1048576000 Oct  2 00:05 1G_2.dat
Wed Oct  2 00:05:25 UTC 2019
