Tue Oct  1 04:10:32 UTC 2019
Tue Oct  1 04:10:32 UTC 2019

real	0m5.524s
user	0m1.494s
sys	0m2.306s
Tue Oct  1 04:10:37 UTC 2019

real	0m5.307s
user	0m1.708s
sys	0m2.532s
Tue Oct  1 04:10:43 UTC 2019

real	0m7.597s
user	0m1.762s
sys	0m2.706s
--- Mid run ---
Tue Oct  1 04:10:51 UTC 2019

real	0m6.503s
user	0m1.749s
sys	0m2.523s
=== Mid run end ===
Tue Oct  1 04:10:57 UTC 2019

real	0m5.195s
user	0m1.776s
sys	0m2.654s
Tue Oct  1 04:11:03 UTC 2019

real	0m4.887s
user	0m1.692s
sys	0m2.965s
Tue Oct  1 04:11:08 UTC 2019
