Tue Oct  1 04:10:31 UTC 2019
Tue Oct  1 04:10:31 UTC 2019

real	0m4.990s
user	0m1.940s
sys	0m2.778s
Tue Oct  1 04:10:37 UTC 2019

real	0m4.763s
user	0m1.948s
sys	0m2.452s
Tue Oct  1 04:10:42 UTC 2019

real	0m5.392s
user	0m2.056s
sys	0m2.997s
--- Mid run ---
Tue Oct  1 04:10:47 UTC 2019

real	0m5.296s
user	0m2.035s
sys	0m2.934s
=== Mid run end ===
Tue Oct  1 04:10:53 UTC 2019

real	0m5.238s
user	0m1.990s
sys	0m3.038s
Tue Oct  1 04:10:58 UTC 2019

real	0m5.873s
user	0m2.083s
sys	0m3.011s
Tue Oct  1 04:11:04 UTC 2019
