Tue Oct  1 04:10:31 UTC 2019
Tue Oct  1 04:10:31 UTC 2019

real	0m5.814s
user	0m1.720s
sys	0m2.869s
Tue Oct  1 04:10:37 UTC 2019

real	0m6.146s
user	0m1.993s
sys	0m3.053s
Tue Oct  1 04:10:44 UTC 2019

real	0m5.865s
user	0m2.071s
sys	0m3.486s
--- Mid run ---
Tue Oct  1 04:10:50 UTC 2019

real	0m5.518s
user	0m2.072s
sys	0m3.159s
=== Mid run end ===
Tue Oct  1 04:10:56 UTC 2019

real	0m5.311s
user	0m1.979s
sys	0m3.113s
Tue Oct  1 04:11:01 UTC 2019

real	0m6.674s
user	0m2.070s
sys	0m3.239s
Tue Oct  1 04:11:08 UTC 2019
