Tue Oct  1 04:10:38 UTC 2019
Tue Oct  1 04:10:38 UTC 2019

real	0m6.271s
user	0m2.372s
sys	0m3.467s
Tue Oct  1 04:10:44 UTC 2019

real	0m6.655s
user	0m2.261s
sys	0m3.906s
Tue Oct  1 04:10:51 UTC 2019

real	0m8.012s
user	0m2.433s
sys	0m5.339s
--- Mid run ---
Tue Oct  1 04:10:59 UTC 2019

real	0m6.772s
user	0m2.388s
sys	0m4.105s
=== Mid run end ===
Tue Oct  1 04:11:06 UTC 2019

real	0m6.350s
user	0m2.304s
sys	0m3.680s
Tue Oct  1 04:11:13 UTC 2019

real	0m4.562s
user	0m1.523s
sys	0m2.382s
Tue Oct  1 04:11:17 UTC 2019
