Tue Oct  1 04:13:57 UTC 2019
Tue Oct  1 04:13:57 UTC 2019

real	0m7.252s
user	0m2.328s
sys	0m3.623s
Tue Oct  1 04:14:04 UTC 2019

real	0m6.344s
user	0m2.246s
sys	0m3.886s
Tue Oct  1 04:14:11 UTC 2019

real	0m6.756s
user	0m2.348s
sys	0m4.130s
--- Mid run ---
Tue Oct  1 04:14:18 UTC 2019

real	0m7.137s
user	0m2.338s
sys	0m4.364s
=== Mid run end ===
Tue Oct  1 04:14:25 UTC 2019

real	0m7.112s
user	0m2.381s
sys	0m4.552s
Tue Oct  1 04:14:32 UTC 2019

real	0m4.909s
user	0m1.630s
sys	0m2.593s
Tue Oct  1 04:14:37 UTC 2019
