Tue Oct  1 04:10:36 UTC 2019
Tue Oct  1 04:10:36 UTC 2019

real	0m5.537s
user	0m2.136s
sys	0m3.219s
Tue Oct  1 04:10:41 UTC 2019

real	0m5.537s
user	0m2.157s
sys	0m3.135s
Tue Oct  1 04:10:47 UTC 2019

real	0m5.474s
user	0m2.141s
sys	0m3.073s
--- Mid run ---
Tue Oct  1 04:10:53 UTC 2019

real	0m5.522s
user	0m2.100s
sys	0m3.296s
=== Mid run end ===
Tue Oct  1 04:10:59 UTC 2019

real	0m6.121s
user	0m2.187s
sys	0m3.649s
Tue Oct  1 04:11:05 UTC 2019

real	0m5.436s
user	0m1.982s
sys	0m2.826s
Tue Oct  1 04:11:10 UTC 2019
