Tue Oct  1 04:10:33 UTC 2019
Tue Oct  1 04:10:33 UTC 2019

real	0m6.084s
user	0m1.839s
sys	0m2.550s
Tue Oct  1 04:10:39 UTC 2019

real	0m6.383s
user	0m2.014s
sys	0m2.924s
Tue Oct  1 04:10:46 UTC 2019

real	0m5.735s
user	0m1.902s
sys	0m2.866s
--- Mid run ---
Tue Oct  1 04:10:52 UTC 2019

real	0m6.997s
user	0m2.052s
sys	0m3.167s
=== Mid run end ===
Tue Oct  1 04:10:59 UTC 2019

real	0m6.356s
user	0m2.061s
sys	0m2.979s
Tue Oct  1 04:11:05 UTC 2019

real	0m5.609s
user	0m1.850s
sys	0m2.402s
Tue Oct  1 04:11:11 UTC 2019
