Tue Oct  1 04:10:31 UTC 2019
Tue Oct  1 04:10:31 UTC 2019

real	0m4.679s
user	0m1.942s
sys	0m2.210s
Tue Oct  1 04:10:36 UTC 2019

real	0m5.496s
user	0m2.032s
sys	0m3.143s
Tue Oct  1 04:10:42 UTC 2019

real	0m5.562s
user	0m2.063s
sys	0m3.221s
--- Mid run ---
Tue Oct  1 04:10:48 UTC 2019

real	0m5.778s
user	0m2.123s
sys	0m2.664s
=== Mid run end ===
Tue Oct  1 04:10:54 UTC 2019

real	0m6.870s
user	0m2.140s
sys	0m4.301s
Tue Oct  1 04:11:01 UTC 2019

real	0m5.346s
user	0m2.062s
sys	0m2.755s
Tue Oct  1 04:11:06 UTC 2019
