/dev/shm
Slot slot3
Fetching 1G_3.dat from stashcache.t2.ucsd.edu
Wed Oct  2 21:08:58 UTC 2019
RC 0
-rw-r--r--. 1 cuser3 cuser 1048576000 Oct  2 21:09 1G_3.dat
--- Mid run ---
Wed Oct  2 21:09:43 UTC 2019
RC 0
-rw-r--r--. 1 cuser3 cuser 1048576000 Oct  2 21:10 1G_3.dat
=== Mid run end ===
Wed Oct  2 21:10:36 UTC 2019
RC 0
-rw-r--r--. 1 cuser3 cuser 1048576000 Oct  2 21:11 1G_3.dat
Wed Oct  2 21:11:22 UTC 2019
RC 0
-rw-r--r--. 1 cuser3 cuser 1048576000 Oct  2 21:12 1G_3.dat
Wed Oct  2 21:12:20 UTC 2019
RC 0
-rw-r--r--. 1 cuser3 cuser 1048576000 Oct  2 21:13 1G_3.dat
Wed Oct  2 21:13:11 UTC 2019
RC 0
-rw-r--r--. 1 cuser3 cuser 1048576000 Oct  2 21:13 1G_3.dat
Wed Oct  2 21:13:56 UTC 2019
