/dev/shm
Slot slot1
Fetching 1G_1.dat from stashcache.t2.ucsd.edu
Wed Oct  2 21:08:58 UTC 2019
RC 0
-rw-r--r--. 1 cuser1 cuser 1048576000 Oct  2 21:09 1G_1.dat
--- Mid run ---
Wed Oct  2 21:09:49 UTC 2019
RC 0
-rw-r--r--. 1 cuser1 cuser 1048576000 Oct  2 21:10 1G_1.dat
=== Mid run end ===
Wed Oct  2 21:10:47 UTC 2019
RC 0
-rw-r--r--. 1 cuser1 cuser 1048576000 Oct  2 21:11 1G_1.dat
Wed Oct  2 21:11:29 UTC 2019
RC 0
-rw-r--r--. 1 cuser1 cuser 1048576000 Oct  2 21:12 1G_1.dat
Wed Oct  2 21:12:16 UTC 2019
RC 0
-rw-r--r--. 1 cuser1 cuser 1048576000 Oct  2 21:12 1G_1.dat
Wed Oct  2 21:12:59 UTC 2019
RC 0
-rw-r--r--. 1 cuser1 cuser 1048576000 Oct  2 21:13 1G_1.dat
Wed Oct  2 21:13:48 UTC 2019
