/dev/shm
Slot slot5
Fetching 1G_5.dat from stashcache.t2.ucsd.edu
Wed Oct  2 21:08:57 UTC 2019
RC 0
-rw-r--r--. 1 cuser5 cuser 1048576000 Oct  2 21:09 1G_5.dat
--- Mid run ---
Wed Oct  2 21:09:48 UTC 2019
RC 0
-rw-r--r--. 1 cuser5 cuser 1048576000 Oct  2 21:10 1G_5.dat
=== Mid run end ===
Wed Oct  2 21:10:38 UTC 2019
RC 0
-rw-r--r--. 1 cuser5 cuser 1048576000 Oct  2 21:11 1G_5.dat
Wed Oct  2 21:11:36 UTC 2019
RC 0
-rw-r--r--. 1 cuser5 cuser 1048576000 Oct  2 21:12 1G_5.dat
Wed Oct  2 21:12:24 UTC 2019
RC 0
-rw-r--r--. 1 cuser5 cuser 1048576000 Oct  2 21:13 1G_5.dat
Wed Oct  2 21:13:25 UTC 2019
RC 0
-rw-r--r--. 1 cuser5 cuser 1048576000 Oct  2 21:14 1G_5.dat
Wed Oct  2 21:14:05 UTC 2019
