Tue Oct  1 16:06:23 UTC 2019
Tue Oct  1 16:06:23 UTC 2019

real	0m10.125s
user	0m1.558s
sys	0m2.338s
Tue Oct  1 16:06:34 UTC 2019

real	0m10.123s
user	0m1.395s
sys	0m2.434s
Tue Oct  1 16:06:44 UTC 2019

real	0m10.117s
user	0m1.576s
sys	0m2.386s
--- Mid run ---
Tue Oct  1 16:06:54 UTC 2019

real	0m10.123s
user	0m1.711s
sys	0m2.323s
=== Mid run end ===
Tue Oct  1 16:07:04 UTC 2019

real	0m10.157s
user	0m1.500s
sys	0m2.466s
Tue Oct  1 16:07:14 UTC 2019

real	0m10.137s
user	0m1.345s
sys	0m2.363s
Tue Oct  1 16:07:25 UTC 2019

real	0m10.142s
user	0m1.596s
sys	0m2.675s
Tue Oct  1 16:07:35 UTC 2019

real	0m10.552s
user	0m1.261s
sys	0m2.281s
Tue Oct  1 16:07:46 UTC 2019
