Tue Oct  1 15:55:39 UTC 2019
Tue Oct  1 15:55:39 UTC 2019

real	0m10.097s
user	0m1.304s
sys	0m2.271s
Tue Oct  1 15:55:50 UTC 2019

real	0m10.101s
user	0m1.555s
sys	0m2.681s
Tue Oct  1 15:56:00 UTC 2019

real	0m10.105s
user	0m1.282s
sys	0m2.091s
--- Mid run ---
Tue Oct  1 15:56:10 UTC 2019

real	0m10.151s
user	0m1.586s
sys	0m2.491s
=== Mid run end ===
Tue Oct  1 15:56:20 UTC 2019

real	0m10.119s
user	0m1.455s
sys	0m2.328s
Tue Oct  1 15:56:30 UTC 2019

real	0m10.153s
user	0m1.441s
sys	0m2.656s
Tue Oct  1 15:56:41 UTC 2019

real	0m10.105s
user	0m1.319s
sys	0m2.312s
Tue Oct  1 15:56:51 UTC 2019

real	0m10.117s
user	0m1.316s
sys	0m2.093s
Tue Oct  1 15:57:01 UTC 2019
