Tue Oct  1 16:06:24 UTC 2019
Tue Oct  1 16:06:24 UTC 2019

real	0m10.095s
user	0m1.478s
sys	0m2.220s
Tue Oct  1 16:06:34 UTC 2019

real	0m10.122s
user	0m1.375s
sys	0m2.246s
Tue Oct  1 16:06:44 UTC 2019

real	0m10.155s
user	0m1.503s
sys	0m2.484s
--- Mid run ---
Tue Oct  1 16:06:55 UTC 2019

real	0m10.127s
user	0m1.268s
sys	0m2.375s
=== Mid run end ===
Tue Oct  1 16:07:05 UTC 2019

real	0m10.134s
user	0m1.352s
sys	0m2.625s
Tue Oct  1 16:07:15 UTC 2019

real	0m10.128s
user	0m1.549s
sys	0m2.890s
Tue Oct  1 16:07:25 UTC 2019

real	0m10.112s
user	0m1.600s
sys	0m2.891s
Tue Oct  1 16:07:36 UTC 2019

real	0m10.128s
user	0m1.447s
sys	0m2.247s
Tue Oct  1 16:07:46 UTC 2019
