Tue Oct  1 16:06:36 UTC 2019
Tue Oct  1 16:06:36 UTC 2019

real	0m10.211s
user	0m1.534s
sys	0m2.494s
Tue Oct  1 16:06:46 UTC 2019

real	0m10.164s
user	0m1.440s
sys	0m2.247s
Tue Oct  1 16:06:57 UTC 2019

real	0m10.438s
user	0m1.696s
sys	0m2.642s
--- Mid run ---
Tue Oct  1 16:07:07 UTC 2019

real	0m10.181s
user	0m1.430s
sys	0m2.370s
=== Mid run end ===
Tue Oct  1 16:07:17 UTC 2019

real	0m10.137s
user	0m1.517s
sys	0m2.167s
Tue Oct  1 16:07:28 UTC 2019

real	0m10.127s
user	0m1.394s
sys	0m2.149s
Tue Oct  1 16:07:38 UTC 2019

real	0m10.419s
user	0m1.315s
sys	0m2.173s
Tue Oct  1 16:07:48 UTC 2019

real	0m10.130s
user	0m1.492s
sys	0m2.111s
Tue Oct  1 16:07:59 UTC 2019
