Tue Oct  1 15:55:33 UTC 2019
Tue Oct  1 15:55:33 UTC 2019

real	0m10.099s
user	0m1.419s
sys	0m2.296s
Tue Oct  1 15:55:44 UTC 2019

real	0m10.141s
user	0m1.587s
sys	0m2.541s
Tue Oct  1 15:55:54 UTC 2019

real	0m10.101s
user	0m1.371s
sys	0m2.390s
--- Mid run ---
Tue Oct  1 15:56:04 UTC 2019

real	0m10.114s
user	0m1.338s
sys	0m2.329s
=== Mid run end ===
Tue Oct  1 15:56:14 UTC 2019

real	0m10.151s
user	0m1.422s
sys	0m2.433s
Tue Oct  1 15:56:24 UTC 2019

real	0m10.194s
user	0m1.451s
sys	0m2.673s
Tue Oct  1 15:56:35 UTC 2019

real	0m10.115s
user	0m3.456s
sys	0m2.662s
Tue Oct  1 15:56:45 UTC 2019

real	0m10.165s
user	0m1.484s
sys	0m2.381s
Tue Oct  1 15:56:55 UTC 2019
