Tue Oct  1 16:06:23 UTC 2019
Tue Oct  1 16:06:23 UTC 2019

real	0m10.113s
user	0m1.533s
sys	0m2.430s
Tue Oct  1 16:06:33 UTC 2019

real	0m10.109s
user	0m1.362s
sys	0m2.453s
Tue Oct  1 16:06:44 UTC 2019

real	0m10.112s
user	0m1.304s
sys	0m2.182s
--- Mid run ---
Tue Oct  1 16:06:54 UTC 2019

real	0m10.127s
user	0m1.347s
sys	0m2.229s
=== Mid run end ===
Tue Oct  1 16:07:04 UTC 2019

real	0m10.114s
user	0m1.430s
sys	0m2.626s
Tue Oct  1 16:07:14 UTC 2019

real	0m10.176s
user	0m1.683s
sys	0m2.545s
Tue Oct  1 16:07:25 UTC 2019

real	0m10.150s
user	0m1.404s
sys	0m2.435s
Tue Oct  1 16:07:35 UTC 2019

real	0m10.113s
user	0m1.421s
sys	0m2.478s
Tue Oct  1 16:07:45 UTC 2019
