Tue Oct  1 16:06:24 UTC 2019
Tue Oct  1 16:06:24 UTC 2019

real	0m10.136s
user	0m1.308s
sys	0m2.224s
Tue Oct  1 16:06:34 UTC 2019

real	0m10.136s
user	0m1.447s
sys	0m2.193s
Tue Oct  1 16:06:44 UTC 2019

real	0m10.208s
user	0m1.400s
sys	0m2.280s
--- Mid run ---
Tue Oct  1 16:06:55 UTC 2019

real	0m10.134s
user	0m1.590s
sys	0m2.477s
=== Mid run end ===
Tue Oct  1 16:07:05 UTC 2019

real	0m10.157s
user	0m1.284s
sys	0m2.369s
Tue Oct  1 16:07:15 UTC 2019

real	0m10.142s
user	0m1.613s
sys	0m2.515s
Tue Oct  1 16:07:25 UTC 2019

real	0m13.145s
user	0m1.357s
sys	0m2.559s
Tue Oct  1 16:07:39 UTC 2019

real	0m10.124s
user	0m1.470s
sys	0m2.315s
Tue Oct  1 16:07:49 UTC 2019
