Tue Oct  1 15:55:31 UTC 2019
Tue Oct  1 15:55:31 UTC 2019

real	0m10.102s
user	0m1.585s
sys	0m2.556s
Tue Oct  1 15:55:42 UTC 2019

real	0m10.131s
user	0m1.699s
sys	0m2.732s
Tue Oct  1 15:55:52 UTC 2019

real	0m10.178s
user	0m1.389s
sys	0m2.879s
--- Mid run ---
Tue Oct  1 15:56:02 UTC 2019

real	0m10.112s
user	0m1.669s
sys	0m2.279s
=== Mid run end ===
Tue Oct  1 15:56:12 UTC 2019

real	0m10.128s
user	0m1.404s
sys	0m2.357s
Tue Oct  1 15:56:22 UTC 2019

real	0m10.142s
user	0m1.562s
sys	0m2.506s
Tue Oct  1 15:56:33 UTC 2019

real	0m10.108s
user	0m1.505s
sys	0m2.383s
Tue Oct  1 15:56:43 UTC 2019

real	0m10.129s
user	0m1.308s
sys	0m2.201s
Tue Oct  1 15:56:53 UTC 2019
