Tue Oct  1 15:55:45 UTC 2019
Tue Oct  1 15:55:45 UTC 2019

real	0m10.134s
user	0m1.347s
sys	0m2.175s
Tue Oct  1 15:55:55 UTC 2019

real	0m10.289s
user	0m1.387s
sys	0m2.202s
Tue Oct  1 15:56:05 UTC 2019

real	0m10.193s
user	0m1.393s
sys	0m2.270s
--- Mid run ---
Tue Oct  1 15:56:16 UTC 2019

real	0m10.116s
user	0m1.389s
sys	0m2.154s
=== Mid run end ===
Tue Oct  1 15:56:26 UTC 2019

real	0m10.250s
user	0m1.674s
sys	0m2.379s
Tue Oct  1 15:56:36 UTC 2019

real	0m10.124s
user	0m1.798s
sys	0m2.418s
Tue Oct  1 15:56:46 UTC 2019

real	0m10.365s
user	0m1.268s
sys	0m2.187s
Tue Oct  1 15:56:57 UTC 2019

real	0m10.093s
user	0m1.451s
sys	0m2.362s
Tue Oct  1 15:57:07 UTC 2019
