Tue Oct  1 15:55:45 UTC 2019
Tue Oct  1 15:55:45 UTC 2019

real	0m10.116s
user	0m1.465s
sys	0m2.450s
Tue Oct  1 15:55:55 UTC 2019

real	0m10.117s
user	0m1.590s
sys	0m2.616s
Tue Oct  1 15:56:05 UTC 2019

real	0m10.297s
user	0m1.594s
sys	0m2.732s
--- Mid run ---
Tue Oct  1 15:56:16 UTC 2019

real	0m10.164s
user	0m1.603s
sys	0m2.983s
=== Mid run end ===
Tue Oct  1 15:56:26 UTC 2019

real	0m10.140s
user	0m1.411s
sys	0m2.166s
Tue Oct  1 15:56:36 UTC 2019

real	0m10.144s
user	0m1.830s
sys	0m3.321s
Tue Oct  1 15:56:47 UTC 2019

real	0m10.699s
user	0m1.437s
sys	0m2.581s
Tue Oct  1 15:56:57 UTC 2019

real	0m10.105s
user	0m1.569s
sys	0m3.023s
Tue Oct  1 15:57:07 UTC 2019
