Tue Oct  1 16:06:36 UTC 2019
Tue Oct  1 16:06:36 UTC 2019

real	0m10.179s
user	0m1.450s
sys	0m3.195s
Tue Oct  1 16:06:46 UTC 2019

real	0m10.092s
user	0m1.591s
sys	0m3.016s
Tue Oct  1 16:06:56 UTC 2019

real	0m14.467s
user	0m2.672s
sys	0m4.381s
--- Mid run ---
Tue Oct  1 16:07:11 UTC 2019

real	0m13.249s
user	0m1.574s
sys	0m2.866s
=== Mid run end ===
Tue Oct  1 16:07:24 UTC 2019

real	0m10.106s
user	0m1.570s
sys	0m3.746s
Tue Oct  1 16:07:35 UTC 2019

real	0m10.189s
user	0m1.508s
sys	0m3.222s
Tue Oct  1 16:07:45 UTC 2019

real	0m10.097s
user	0m1.402s
sys	0m2.843s
Tue Oct  1 16:07:55 UTC 2019

real	0m10.097s
user	0m1.494s
sys	0m2.366s
Tue Oct  1 16:08:05 UTC 2019
