Tue Oct  1 16:06:36 UTC 2019
Tue Oct  1 16:06:36 UTC 2019

real	0m10.260s
user	0m1.347s
sys	0m2.261s
Tue Oct  1 16:06:46 UTC 2019

real	0m10.141s
user	0m1.281s
sys	0m2.338s
Tue Oct  1 16:06:56 UTC 2019

real	0m10.282s
user	0m1.450s
sys	0m2.326s
--- Mid run ---
Tue Oct  1 16:07:06 UTC 2019

real	0m10.318s
user	0m1.257s
sys	0m2.056s
=== Mid run end ===
Tue Oct  1 16:07:17 UTC 2019

real	0m10.144s
user	0m1.274s
sys	0m2.174s
Tue Oct  1 16:07:27 UTC 2019

real	0m10.135s
user	0m1.375s
sys	0m2.184s
Tue Oct  1 16:07:37 UTC 2019

real	0m10.126s
user	0m1.463s
sys	0m2.264s
Tue Oct  1 16:07:48 UTC 2019

real	0m10.095s
user	0m1.325s
sys	0m2.213s
Tue Oct  1 16:07:58 UTC 2019
