Tue Oct  1 16:06:30 UTC 2019
Tue Oct  1 16:06:30 UTC 2019

real	0m10.112s
user	0m1.555s
sys	0m2.323s
Tue Oct  1 16:06:41 UTC 2019

real	0m10.619s
user	0m1.344s
sys	0m2.115s
Tue Oct  1 16:06:51 UTC 2019

real	0m10.134s
user	0m1.369s
sys	0m2.147s
--- Mid run ---
Tue Oct  1 16:07:01 UTC 2019

real	0m10.106s
user	0m1.422s
sys	0m2.674s
=== Mid run end ===
Tue Oct  1 16:07:12 UTC 2019

real	0m10.118s
user	0m1.592s
sys	0m2.355s
Tue Oct  1 16:07:22 UTC 2019

real	0m10.134s
user	0m1.458s
sys	0m2.043s
Tue Oct  1 16:07:32 UTC 2019

real	0m10.173s
user	0m1.546s
sys	0m2.276s
Tue Oct  1 16:07:42 UTC 2019

real	0m10.130s
user	0m1.320s
sys	0m2.306s
Tue Oct  1 16:07:53 UTC 2019
