Tue Oct  1 15:55:45 UTC 2019
Tue Oct  1 15:55:45 UTC 2019

real	0m10.493s
user	0m1.703s
sys	0m2.915s
Tue Oct  1 15:55:56 UTC 2019

real	0m10.116s
user	0m1.543s
sys	0m2.627s
Tue Oct  1 15:56:06 UTC 2019

real	0m10.176s
user	0m1.904s
sys	0m2.988s
--- Mid run ---
Tue Oct  1 15:56:16 UTC 2019

real	0m10.189s
user	0m1.741s
sys	0m4.230s
=== Mid run end ===
Tue Oct  1 15:56:26 UTC 2019

real	0m10.215s
user	0m1.568s
sys	0m2.858s
Tue Oct  1 15:56:37 UTC 2019

real	0m10.125s
user	0m1.623s
sys	0m3.259s
Tue Oct  1 15:56:47 UTC 2019

real	0m10.115s
user	0m1.486s
sys	0m2.397s
Tue Oct  1 15:56:57 UTC 2019

real	0m10.795s
user	0m1.413s
sys	0m2.604s
Tue Oct  1 15:57:08 UTC 2019
