Tue Oct  1 16:06:30 UTC 2019
Tue Oct  1 16:06:30 UTC 2019

real	0m10.135s
user	0m1.220s
sys	0m1.997s
Tue Oct  1 16:06:40 UTC 2019

real	0m10.109s
user	0m1.332s
sys	0m2.538s
Tue Oct  1 16:06:51 UTC 2019

real	0m10.130s
user	0m1.405s
sys	0m2.459s
--- Mid run ---
Tue Oct  1 16:07:01 UTC 2019

real	0m10.648s
user	0m1.679s
sys	0m2.740s
=== Mid run end ===
Tue Oct  1 16:07:12 UTC 2019

real	0m10.131s
user	0m1.730s
sys	0m2.555s
Tue Oct  1 16:07:22 UTC 2019

real	0m26.883s
user	0m1.785s
sys	0m2.831s
Tue Oct  1 16:07:49 UTC 2019

real	0m10.131s
user	0m1.380s
sys	0m2.545s
Tue Oct  1 16:07:59 UTC 2019

real	0m10.130s
user	0m1.811s
sys	0m3.256s
Tue Oct  1 16:08:09 UTC 2019
