Tue Oct  1 15:55:32 UTC 2019
Tue Oct  1 15:55:32 UTC 2019

real	0m10.112s
user	0m1.391s
sys	0m2.028s
Tue Oct  1 15:55:43 UTC 2019

real	0m10.120s
user	0m1.496s
sys	0m2.529s
Tue Oct  1 15:55:53 UTC 2019

real	0m10.140s
user	0m1.369s
sys	0m2.009s
--- Mid run ---
Tue Oct  1 15:56:03 UTC 2019

real	0m10.131s
user	0m1.485s
sys	0m2.338s
=== Mid run end ===
Tue Oct  1 15:56:13 UTC 2019

real	0m10.127s
user	0m1.456s
sys	0m2.597s
Tue Oct  1 15:56:23 UTC 2019

real	0m10.160s
user	0m1.745s
sys	0m2.730s
Tue Oct  1 15:56:34 UTC 2019

real	0m10.130s
user	0m1.516s
sys	0m2.255s
Tue Oct  1 15:56:44 UTC 2019

real	0m10.123s
user	0m1.461s
sys	0m2.459s
Tue Oct  1 15:56:54 UTC 2019
