Tue Oct  1 15:55:31 UTC 2019
Tue Oct  1 15:55:31 UTC 2019

real	0m10.090s
user	0m1.365s
sys	0m2.246s
Tue Oct  1 15:55:41 UTC 2019

real	0m10.125s
user	0m1.321s
sys	0m2.376s
Tue Oct  1 15:55:51 UTC 2019

real	0m10.136s
user	0m1.379s
sys	0m2.211s
--- Mid run ---
Tue Oct  1 15:56:01 UTC 2019

real	0m10.147s
user	0m1.482s
sys	0m2.294s
=== Mid run end ===
Tue Oct  1 15:56:11 UTC 2019

real	0m10.137s
user	0m1.306s
sys	0m2.261s
Tue Oct  1 15:56:22 UTC 2019

real	0m10.125s
user	0m1.442s
sys	0m2.341s
Tue Oct  1 15:56:32 UTC 2019

real	0m10.183s
user	0m1.567s
sys	0m2.512s
Tue Oct  1 15:56:42 UTC 2019

real	0m10.110s
user	0m1.305s
sys	0m2.211s
Tue Oct  1 15:56:52 UTC 2019
