Tue Oct  1 15:55:31 UTC 2019
Tue Oct  1 15:55:31 UTC 2019

real	0m10.117s
user	0m1.480s
sys	0m2.423s
Tue Oct  1 15:55:41 UTC 2019

real	0m10.876s
user	0m1.575s
sys	0m2.383s
Tue Oct  1 15:55:52 UTC 2019

real	0m10.139s
user	0m1.373s
sys	0m2.446s
--- Mid run ---
Tue Oct  1 15:56:02 UTC 2019

real	0m10.112s
user	0m1.585s
sys	0m2.530s
=== Mid run end ===
Tue Oct  1 15:56:13 UTC 2019

real	0m11.038s
user	0m1.473s
sys	0m2.553s
Tue Oct  1 15:56:24 UTC 2019

real	0m10.140s
user	0m1.392s
sys	0m2.224s
Tue Oct  1 15:56:34 UTC 2019

real	0m10.140s
user	0m1.379s
sys	0m2.469s
Tue Oct  1 15:56:44 UTC 2019

real	0m10.163s
user	0m1.397s
sys	0m2.066s
Tue Oct  1 15:56:55 UTC 2019
