Tue Oct  1 16:06:30 UTC 2019
Tue Oct  1 16:06:30 UTC 2019

real	0m10.140s
user	0m1.379s
sys	0m2.368s
Tue Oct  1 16:06:41 UTC 2019

real	0m10.111s
user	0m1.276s
sys	0m2.262s
Tue Oct  1 16:06:51 UTC 2019

real	0m10.099s
user	0m1.589s
sys	0m2.837s
--- Mid run ---
Tue Oct  1 16:07:01 UTC 2019

real	0m10.125s
user	0m1.269s
sys	0m2.197s
=== Mid run end ===
Tue Oct  1 16:07:11 UTC 2019

real	0m12.969s
user	0m1.394s
sys	0m2.186s
Tue Oct  1 16:07:24 UTC 2019

real	0m10.139s
user	0m1.469s
sys	0m2.468s
Tue Oct  1 16:07:35 UTC 2019

real	0m10.105s
user	0m1.513s
sys	0m2.257s
Tue Oct  1 16:07:45 UTC 2019

real	0m10.113s
user	0m1.395s
sys	0m2.458s
Tue Oct  1 16:07:55 UTC 2019
