/dev/shm/user_slot1
Fri Oct 25 14:05:25 UTC 2019
Job 6
Fetching 1G.dat from /base_6/test./data/1G_6.dat
Fri Oct 25 14:05:25 UTC 2019
INFO: Downloaded https://exaasiasepd.blob.core.windows.net/exa-asia-se/base_6/testb/data/1G_6.dat into /dev/shm/user_slot1/1G_6.dat
RC 0
-rw-r--r--. 1 centos centos 1000000000 Oct 25 14:06 1G_6.dat
--- Mid run ---
Fri Oct 25 14:06:04 UTC 2019
INFO: Downloaded https://exaasiasepd.blob.core.windows.net/exa-asia-se/base_6/testb/data/1G_6.dat into /dev/shm/user_slot1/1G_6.dat
RC 0
-rw-r--r--. 1 centos centos 1000000000 Oct 25 14:06 1G_6.dat
=== Mid run end ===
Fri Oct 25 14:06:35 UTC 2019
INFO: Downloaded https://exaasiasepd.blob.core.windows.net/exa-asia-se/base_6/testb/data/1G_6.dat into /dev/shm/user_slot1/1G_6.dat
RC 0
-rw-r--r--. 1 centos centos 1000000000 Oct 25 14:07 1G_6.dat
Fri Oct 25 14:07:24 UTC 2019
INFO: Downloaded https://exaasiasepd.blob.core.windows.net/exa-asia-se/base_6/testb/data/1G_6.dat into /dev/shm/user_slot1/1G_6.dat
RC 0
-rw-r--r--. 1 centos centos 1000000000 Oct 25 14:07 1G_6.dat
Fri Oct 25 14:07:50 UTC 2019
