/dev/shm/user_slot2
Fri Oct 25 14:05:32 UTC 2019
Job 107
Fetching 1G.dat from /base_b/test./data/1G_107.dat
Fri Oct 25 14:05:32 UTC 2019
INFO: Downloaded https://exaasiasep6.blob.core.windows.net/exa-asia-se/base_b/testa/data/1G_107.dat into /dev/shm/user_slot2/1G_107.dat
RC 0
-rw-r--r--. 1 centos centos 1000000000 Oct 25 14:06 1G_107.dat
--- Mid run ---
Fri Oct 25 14:06:08 UTC 2019
INFO: Downloaded https://exaasiasep6.blob.core.windows.net/exa-asia-se/base_b/testa/data/1G_107.dat into /dev/shm/user_slot2/1G_107.dat
RC 0
-rw-r--r--. 1 centos centos 1000000000 Oct 25 14:06 1G_107.dat
=== Mid run end ===
Fri Oct 25 14:06:31 UTC 2019
INFO: Downloaded https://exaasiasep6.blob.core.windows.net/exa-asia-se/base_b/testa/data/1G_107.dat into /dev/shm/user_slot2/1G_107.dat
RC 0
-rw-r--r--. 1 centos centos 1000000000 Oct 25 14:07 1G_107.dat
Fri Oct 25 14:07:08 UTC 2019
INFO: Downloaded https://exaasiasep6.blob.core.windows.net/exa-asia-se/base_b/testa/data/1G_107.dat into /dev/shm/user_slot2/1G_107.dat
RC 0
-rw-r--r--. 1 centos centos 1000000000 Oct 25 14:07 1G_107.dat
Fri Oct 25 14:07:37 UTC 2019
