Tue Oct  1 16:16:19 UTC 2019
Tue Oct  1 16:16:19 UTC 2019

real	0m4.864s
user	0m1.618s
sys	0m2.111s
Tue Oct  1 16:16:24 UTC 2019

real	0m5.392s
user	0m1.579s
sys	0m1.912s
Tue Oct  1 16:16:29 UTC 2019

real	0m10.481s
user	0m2.395s
sys	0m2.339s
--- Mid run ---
Tue Oct  1 16:16:40 UTC 2019

real	0m5.203s
user	0m1.602s
sys	0m2.461s
=== Mid run end ===
Tue Oct  1 16:16:45 UTC 2019

real	0m4.240s
user	0m1.335s
sys	0m1.784s
Tue Oct  1 16:16:50 UTC 2019

real	0m4.015s
user	0m1.397s
sys	0m1.991s
Tue Oct  1 16:16:54 UTC 2019

real	0m4.947s
user	0m1.462s
sys	0m1.933s
Tue Oct  1 16:16:59 UTC 2019

real	0m3.332s
user	0m1.283s
sys	0m1.789s
Tue Oct  1 16:17:02 UTC 2019
