Tue Oct  1 16:20:16 UTC 2019
Tue Oct  1 16:20:16 UTC 2019

real	0m5.241s
user	0m1.631s
sys	0m2.452s
Tue Oct  1 16:20:21 UTC 2019

real	0m6.230s
user	0m1.738s
sys	0m2.800s
Tue Oct  1 16:20:27 UTC 2019

real	0m4.020s
user	0m1.434s
sys	0m2.122s
--- Mid run ---
Tue Oct  1 16:20:31 UTC 2019

real	0m4.133s
user	0m1.416s
sys	0m2.176s
=== Mid run end ===
Tue Oct  1 16:20:36 UTC 2019

real	0m4.642s
user	0m1.576s
sys	0m2.002s
Tue Oct  1 16:20:40 UTC 2019

real	0m3.479s
user	0m1.298s
sys	0m1.943s
Tue Oct  1 16:20:44 UTC 2019

real	0m3.436s
user	0m1.320s
sys	0m2.024s
Tue Oct  1 16:20:48 UTC 2019

real	0m3.098s
user	0m1.171s
sys	0m1.832s
Tue Oct  1 16:20:51 UTC 2019
