Tue Oct  1 16:19:56 UTC 2019
Tue Oct  1 16:19:56 UTC 2019

real	0m4.296s
user	0m1.357s
sys	0m2.773s
Tue Oct  1 16:20:01 UTC 2019

real	0m4.546s
user	0m1.207s
sys	0m2.863s
Tue Oct  1 16:20:05 UTC 2019

real	0m4.088s
user	0m1.310s
sys	0m2.751s
--- Mid run ---
Tue Oct  1 16:20:09 UTC 2019

real	0m4.640s
user	0m1.545s
sys	0m3.058s
=== Mid run end ===
Tue Oct  1 16:20:14 UTC 2019

real	0m5.799s
user	0m1.522s
sys	0m3.385s
Tue Oct  1 16:20:20 UTC 2019

real	0m5.427s
user	0m1.565s
sys	0m3.790s
Tue Oct  1 16:20:26 UTC 2019

real	0m4.658s
user	0m1.540s
sys	0m3.059s
Tue Oct  1 16:20:31 UTC 2019

real	0m5.174s
user	0m1.527s
sys	0m3.221s
Tue Oct  1 16:20:36 UTC 2019
