Tue Oct  1 16:16:06 UTC 2019
Tue Oct  1 16:16:06 UTC 2019

real	0m2.781s
user	0m1.126s
sys	0m1.541s
Tue Oct  1 16:16:09 UTC 2019

real	0m2.878s
user	0m1.267s
sys	0m1.572s
Tue Oct  1 16:16:12 UTC 2019

real	0m2.928s
user	0m1.210s
sys	0m1.623s
--- Mid run ---
Tue Oct  1 16:16:15 UTC 2019

real	0m3.456s
user	0m1.233s
sys	0m1.801s
=== Mid run end ===
Tue Oct  1 16:16:19 UTC 2019

real	0m4.604s
user	0m1.637s
sys	0m1.961s
Tue Oct  1 16:16:23 UTC 2019

real	0m5.916s
user	0m1.852s
sys	0m2.362s
Tue Oct  1 16:16:29 UTC 2019

real	0m6.233s
user	0m1.698s
sys	0m2.230s
Tue Oct  1 16:16:36 UTC 2019

real	0m7.495s
user	0m2.025s
sys	0m2.350s
Tue Oct  1 16:16:43 UTC 2019
