Tue Oct  1 16:19:56 UTC 2019
Tue Oct  1 16:19:56 UTC 2019

real	0m2.957s
user	0m1.128s
sys	0m1.772s
Tue Oct  1 16:19:59 UTC 2019

real	0m3.045s
user	0m1.084s
sys	0m1.825s
Tue Oct  1 16:20:02 UTC 2019

real	0m3.805s
user	0m1.482s
sys	0m1.796s
--- Mid run ---
Tue Oct  1 16:20:06 UTC 2019

real	0m3.368s
user	0m1.205s
sys	0m2.062s
=== Mid run end ===
Tue Oct  1 16:20:09 UTC 2019

real	0m5.017s
user	0m1.323s
sys	0m2.064s
Tue Oct  1 16:20:14 UTC 2019

real	0m6.215s
user	0m1.774s
sys	0m2.317s
Tue Oct  1 16:20:21 UTC 2019

real	0m5.793s
user	0m1.745s
sys	0m2.164s
Tue Oct  1 16:20:27 UTC 2019

real	0m4.005s
user	0m1.426s
sys	0m2.103s
Tue Oct  1 16:20:31 UTC 2019
