Tue Oct  1 16:16:25 UTC 2019
Tue Oct  1 16:16:25 UTC 2019

real	0m5.943s
user	0m1.792s
sys	0m2.261s
Tue Oct  1 16:16:31 UTC 2019

real	0m7.243s
user	0m1.729s
sys	0m2.113s
Tue Oct  1 16:16:38 UTC 2019

real	0m6.453s
user	0m1.725s
sys	0m2.199s
--- Mid run ---
Tue Oct  1 16:16:45 UTC 2019

real	0m6.410s
user	0m1.433s
sys	0m1.979s
=== Mid run end ===
Tue Oct  1 16:16:52 UTC 2019

real	0m4.190s
user	0m1.292s
sys	0m2.003s
Tue Oct  1 16:16:56 UTC 2019

real	0m3.830s
user	0m1.276s
sys	0m1.867s
Tue Oct  1 16:17:00 UTC 2019

real	0m2.908s
user	0m1.071s
sys	0m1.644s
Tue Oct  1 16:17:03 UTC 2019

real	0m2.850s
user	0m1.110s
sys	0m1.561s
Tue Oct  1 16:17:06 UTC 2019
