Tue Oct  1 16:16:03 UTC 2019
Tue Oct  1 16:16:03 UTC 2019

real	0m3.152s
user	0m1.140s
sys	0m1.972s
Tue Oct  1 16:16:06 UTC 2019

real	0m4.044s
user	0m1.196s
sys	0m2.675s
Tue Oct  1 16:16:10 UTC 2019

real	0m4.131s
user	0m1.245s
sys	0m2.469s
--- Mid run ---
Tue Oct  1 16:16:14 UTC 2019

real	0m3.736s
user	0m1.305s
sys	0m2.402s
=== Mid run end ===
Tue Oct  1 16:16:18 UTC 2019

real	0m4.829s
user	0m1.407s
sys	0m3.374s
Tue Oct  1 16:16:23 UTC 2019

real	0m5.163s
user	0m1.501s
sys	0m3.630s
Tue Oct  1 16:16:29 UTC 2019

real	0m5.339s
user	0m1.585s
sys	0m3.623s
Tue Oct  1 16:16:34 UTC 2019

real	0m6.208s
user	0m1.625s
sys	0m4.547s
Tue Oct  1 16:16:41 UTC 2019
