Tue Oct  1 16:16:04 UTC 2019
Tue Oct  1 16:16:04 UTC 2019

real	0m2.965s
user	0m0.981s
sys	0m1.812s
Tue Oct  1 16:16:07 UTC 2019

real	0m3.212s
user	0m1.122s
sys	0m2.057s
Tue Oct  1 16:16:10 UTC 2019

real	0m3.596s
user	0m1.131s
sys	0m2.365s
--- Mid run ---
Tue Oct  1 16:16:14 UTC 2019

real	0m5.221s
user	0m1.667s
sys	0m2.566s
=== Mid run end ===
Tue Oct  1 16:16:19 UTC 2019

real	0m3.973s
user	0m1.411s
sys	0m2.529s
Tue Oct  1 16:16:23 UTC 2019

real	0m4.757s
user	0m1.628s
sys	0m3.057s
Tue Oct  1 16:16:28 UTC 2019

real	0m4.940s
user	0m1.462s
sys	0m3.321s
Tue Oct  1 16:16:33 UTC 2019

real	0m4.817s
user	0m1.505s
sys	0m3.005s
Tue Oct  1 16:16:38 UTC 2019
