Tue Oct  1 16:19:56 UTC 2019
Tue Oct  1 16:19:56 UTC 2019

real	0m2.643s
user	0m1.062s
sys	0m1.428s
Tue Oct  1 16:19:59 UTC 2019

real	0m3.068s
user	0m1.116s
sys	0m1.564s
Tue Oct  1 16:20:02 UTC 2019

real	0m3.551s
user	0m1.272s
sys	0m1.707s
--- Mid run ---
Tue Oct  1 16:20:05 UTC 2019

real	0m3.343s
user	0m1.310s
sys	0m1.867s
=== Mid run end ===
Tue Oct  1 16:20:09 UTC 2019

real	0m6.993s
user	0m2.011s
sys	0m2.394s
Tue Oct  1 16:20:16 UTC 2019

real	0m5.549s
user	0m1.735s
sys	0m2.142s
Tue Oct  1 16:20:22 UTC 2019

real	0m6.654s
user	0m1.827s
sys	0m2.022s
Tue Oct  1 16:20:28 UTC 2019

real	0m6.060s
user	0m1.609s
sys	0m2.308s
Tue Oct  1 16:20:35 UTC 2019
