Tue Oct  1 16:16:18 UTC 2019
Tue Oct  1 16:16:18 UTC 2019

real	0m9.029s
user	0m2.329s
sys	0m2.464s
Tue Oct  1 16:16:27 UTC 2019

real	0m8.055s
user	0m2.056s
sys	0m2.302s
Tue Oct  1 16:16:35 UTC 2019

real	0m6.103s
user	0m1.843s
sys	0m2.179s
--- Mid run ---
Tue Oct  1 16:16:41 UTC 2019

real	0m5.759s
user	0m1.700s
sys	0m1.964s
=== Mid run end ===
Tue Oct  1 16:16:47 UTC 2019

real	0m6.355s
user	0m1.540s
sys	0m1.888s
Tue Oct  1 16:16:53 UTC 2019

real	0m4.595s
user	0m1.471s
sys	0m1.731s
Tue Oct  1 16:16:58 UTC 2019

real	0m4.529s
user	0m1.392s
sys	0m1.829s
Tue Oct  1 16:17:03 UTC 2019

real	0m3.892s
user	0m1.662s
sys	0m2.145s
Tue Oct  1 16:17:07 UTC 2019
