Tue Oct  1 16:16:25 UTC 2019
Tue Oct  1 16:16:25 UTC 2019

real	0m5.172s
user	0m1.630s
sys	0m3.474s
Tue Oct  1 16:16:30 UTC 2019

real	0m6.050s
user	0m1.656s
sys	0m4.188s
Tue Oct  1 16:16:36 UTC 2019

real	0m5.744s
user	0m1.651s
sys	0m3.917s
--- Mid run ---
Tue Oct  1 16:16:42 UTC 2019

real	0m4.702s
user	0m1.468s
sys	0m3.171s
=== Mid run end ===
Tue Oct  1 16:16:47 UTC 2019

real	0m4.171s
user	0m1.431s
sys	0m2.700s
Tue Oct  1 16:16:51 UTC 2019

real	0m4.218s
user	0m1.261s
sys	0m2.598s
Tue Oct  1 16:16:56 UTC 2019

real	0m3.775s
user	0m1.218s
sys	0m2.442s
Tue Oct  1 16:17:00 UTC 2019

real	0m3.438s
user	0m1.113s
sys	0m2.297s
Tue Oct  1 16:17:03 UTC 2019
