Tue Oct  1 16:19:54 UTC 2019
Tue Oct  1 16:19:54 UTC 2019

real	0m2.889s
user	0m1.015s
sys	0m1.843s
Tue Oct  1 16:19:57 UTC 2019

real	0m4.177s
user	0m1.318s
sys	0m1.711s
Tue Oct  1 16:20:02 UTC 2019

real	0m3.068s
user	0m1.206s
sys	0m1.820s
--- Mid run ---
Tue Oct  1 16:20:05 UTC 2019

real	0m3.849s
user	0m1.073s
sys	0m1.641s
=== Mid run end ===
Tue Oct  1 16:20:09 UTC 2019

real	0m5.665s
user	0m1.829s
sys	0m2.088s
Tue Oct  1 16:20:15 UTC 2019

real	0m6.291s
user	0m1.804s
sys	0m2.135s
Tue Oct  1 16:20:21 UTC 2019

real	0m10.646s
user	0m1.872s
sys	0m2.289s
Tue Oct  1 16:20:32 UTC 2019

real	0m4.573s
user	0m1.517s
sys	0m2.787s
Tue Oct  1 16:20:37 UTC 2019
