Tue Oct  1 16:16:06 UTC 2019
Tue Oct  1 16:16:06 UTC 2019

real	0m3.981s
user	0m1.238s
sys	0m2.631s
Tue Oct  1 16:16:10 UTC 2019

real	0m3.923s
user	0m1.284s
sys	0m2.192s
Tue Oct  1 16:16:14 UTC 2019

real	0m4.073s
user	0m1.252s
sys	0m2.600s
--- Mid run ---
Tue Oct  1 16:16:18 UTC 2019

real	0m4.235s
user	0m1.490s
sys	0m2.652s
=== Mid run end ===
Tue Oct  1 16:16:23 UTC 2019

real	0m5.577s
user	0m1.560s
sys	0m3.280s
Tue Oct  1 16:16:29 UTC 2019

real	0m4.974s
user	0m1.599s
sys	0m3.307s
Tue Oct  1 16:16:34 UTC 2019

real	0m4.962s
user	0m1.636s
sys	0m3.283s
Tue Oct  1 16:16:39 UTC 2019

real	0m4.407s
user	0m1.486s
sys	0m2.885s
Tue Oct  1 16:16:43 UTC 2019
