Tue Oct  1 16:16:19 UTC 2019
Tue Oct  1 16:16:19 UTC 2019

real	0m5.976s
user	0m1.678s
sys	0m2.282s
Tue Oct  1 16:16:25 UTC 2019

real	0m4.150s
user	0m1.512s
sys	0m2.366s
Tue Oct  1 16:16:30 UTC 2019

real	0m3.976s
user	0m1.402s
sys	0m2.028s
--- Mid run ---
Tue Oct  1 16:16:34 UTC 2019

real	0m4.590s
user	0m1.514s
sys	0m2.162s
=== Mid run end ===
Tue Oct  1 16:16:39 UTC 2019

real	0m4.037s
user	0m1.574s
sys	0m2.340s
Tue Oct  1 16:16:43 UTC 2019

real	0m5.077s
user	0m2.097s
sys	0m2.525s
Tue Oct  1 16:16:48 UTC 2019

real	0m3.740s
user	0m1.380s
sys	0m1.943s
Tue Oct  1 16:16:52 UTC 2019

real	0m3.759s
user	0m1.276s
sys	0m2.107s
Tue Oct  1 16:16:56 UTC 2019
