Tue Oct  1 16:19:57 UTC 2019
Tue Oct  1 16:19:57 UTC 2019

real	0m3.905s
user	0m1.303s
sys	0m2.510s
Tue Oct  1 16:20:01 UTC 2019

real	0m3.964s
user	0m1.704s
sys	0m2.214s
Tue Oct  1 16:20:05 UTC 2019

real	0m3.837s
user	0m1.185s
sys	0m2.600s
--- Mid run ---
Tue Oct  1 16:20:09 UTC 2019

real	0m5.011s
user	0m1.428s
sys	0m3.320s
=== Mid run end ===
Tue Oct  1 16:20:14 UTC 2019

real	0m6.261s
user	0m1.699s
sys	0m3.903s
Tue Oct  1 16:20:20 UTC 2019

real	0m6.138s
user	0m1.674s
sys	0m4.238s
Tue Oct  1 16:20:27 UTC 2019

real	0m6.143s
user	0m1.681s
sys	0m4.429s
Tue Oct  1 16:20:33 UTC 2019

real	0m5.933s
user	0m1.549s
sys	0m4.260s
Tue Oct  1 16:20:39 UTC 2019
