Tue Oct  1 16:20:09 UTC 2019
Tue Oct  1 16:20:09 UTC 2019

real	0m3.893s
user	0m1.229s
sys	0m2.485s
Tue Oct  1 16:20:13 UTC 2019

real	0m4.654s
user	0m1.491s
sys	0m3.082s
Tue Oct  1 16:20:18 UTC 2019

real	0m5.522s
user	0m2.004s
sys	0m3.383s
--- Mid run ---
Tue Oct  1 16:20:24 UTC 2019

real	0m4.870s
user	0m1.455s
sys	0m3.270s
=== Mid run end ===
Tue Oct  1 16:20:29 UTC 2019

real	0m3.677s
user	0m1.314s
sys	0m2.339s
Tue Oct  1 16:20:33 UTC 2019

real	0m4.332s
user	0m1.390s
sys	0m2.601s
Tue Oct  1 16:20:37 UTC 2019

real	0m5.247s
user	0m1.336s
sys	0m2.744s
Tue Oct  1 16:20:42 UTC 2019

real	0m5.429s
user	0m1.329s
sys	0m3.006s
Tue Oct  1 16:20:48 UTC 2019
