Tue Oct  1 16:16:05 UTC 2019
Tue Oct  1 16:16:05 UTC 2019

real	0m2.920s
user	0m1.218s
sys	0m1.596s
Tue Oct  1 16:16:08 UTC 2019

real	0m4.538s
user	0m1.239s
sys	0m1.649s
Tue Oct  1 16:16:13 UTC 2019

real	0m3.402s
user	0m1.345s
sys	0m1.835s
--- Mid run ---
Tue Oct  1 16:16:16 UTC 2019

real	0m6.120s
user	0m1.591s
sys	0m2.060s
=== Mid run end ===
Tue Oct  1 16:16:22 UTC 2019

real	0m5.823s
user	0m1.671s
sys	0m2.312s
Tue Oct  1 16:16:28 UTC 2019

real	0m4.277s
user	0m1.556s
sys	0m2.191s
Tue Oct  1 16:16:33 UTC 2019

real	0m4.309s
user	0m1.572s
sys	0m2.022s
Tue Oct  1 16:16:37 UTC 2019

real	0m4.677s
user	0m1.527s
sys	0m1.985s
Tue Oct  1 16:16:42 UTC 2019
