Tue Oct  1 16:16:02 UTC 2019
Tue Oct  1 16:16:02 UTC 2019

real	0m3.200s
user	0m1.050s
sys	0m2.018s
Tue Oct  1 16:16:06 UTC 2019

real	0m3.124s
user	0m1.091s
sys	0m1.856s
Tue Oct  1 16:16:09 UTC 2019

real	0m3.298s
user	0m1.201s
sys	0m1.805s
--- Mid run ---
Tue Oct  1 16:16:12 UTC 2019

real	0m4.066s
user	0m1.486s
sys	0m2.044s
=== Mid run end ===
Tue Oct  1 16:16:17 UTC 2019

real	0m4.083s
user	0m1.441s
sys	0m1.848s
Tue Oct  1 16:16:21 UTC 2019

real	0m5.149s
user	0m1.725s
sys	0m2.215s
Tue Oct  1 16:16:26 UTC 2019

real	0m5.944s
user	0m1.893s
sys	0m2.247s
Tue Oct  1 16:16:32 UTC 2019

real	0m5.485s
user	0m1.726s
sys	0m2.333s
Tue Oct  1 16:16:38 UTC 2019
