Tue Oct  1 16:19:53 UTC 2019
Tue Oct  1 16:19:53 UTC 2019

real	0m3.177s
user	0m1.180s
sys	0m1.959s
Tue Oct  1 16:19:56 UTC 2019

real	0m2.698s
user	0m1.152s
sys	0m1.361s
Tue Oct  1 16:19:59 UTC 2019

real	0m3.055s
user	0m1.192s
sys	0m1.758s
--- Mid run ---
Tue Oct  1 16:20:02 UTC 2019

real	0m3.099s
user	0m1.265s
sys	0m1.775s
=== Mid run end ===
Tue Oct  1 16:20:05 UTC 2019

real	0m3.819s
user	0m1.455s
sys	0m2.147s
Tue Oct  1 16:20:09 UTC 2019

real	0m6.103s
user	0m1.918s
sys	0m2.260s
Tue Oct  1 16:20:16 UTC 2019

real	0m4.347s
user	0m1.381s
sys	0m2.269s
Tue Oct  1 16:20:20 UTC 2019

real	0m7.110s
user	0m1.782s
sys	0m2.424s
Tue Oct  1 16:20:27 UTC 2019
