Tue Oct  1 16:20:10 UTC 2019
Tue Oct  1 16:20:10 UTC 2019

real	0m8.587s
user	0m2.153s
sys	0m2.347s
Tue Oct  1 16:20:18 UTC 2019

real	0m7.882s
user	0m2.140s
sys	0m2.227s
Tue Oct  1 16:20:26 UTC 2019

real	0m10.469s
user	0m2.297s
sys	0m2.527s
--- Mid run ---
Tue Oct  1 16:20:37 UTC 2019

real	0m6.501s
user	0m1.727s
sys	0m2.041s
=== Mid run end ===
Tue Oct  1 16:20:44 UTC 2019

real	0m3.270s
user	0m1.233s
sys	0m1.857s
Tue Oct  1 16:20:47 UTC 2019

real	0m4.463s
user	0m1.494s
sys	0m2.114s
Tue Oct  1 16:20:52 UTC 2019

real	0m2.918s
user	0m1.143s
sys	0m1.607s
Tue Oct  1 16:20:55 UTC 2019

real	0m3.748s
user	0m1.220s
sys	0m2.377s
Tue Oct  1 16:20:58 UTC 2019
