Tue Oct  1 16:16:19 UTC 2019
Tue Oct  1 16:16:19 UTC 2019

real	0m3.678s
user	0m1.375s
sys	0m2.018s
Tue Oct  1 16:16:23 UTC 2019

real	0m5.170s
user	0m1.595s
sys	0m2.222s
Tue Oct  1 16:16:28 UTC 2019

real	0m5.402s
user	0m1.559s
sys	0m2.249s
--- Mid run ---
Tue Oct  1 16:16:34 UTC 2019

real	0m5.314s
user	0m1.724s
sys	0m2.407s
=== Mid run end ===
Tue Oct  1 16:16:39 UTC 2019

real	0m3.812s
user	0m1.384s
sys	0m1.838s
Tue Oct  1 16:16:43 UTC 2019

real	0m4.266s
user	0m1.484s
sys	0m2.082s
Tue Oct  1 16:16:48 UTC 2019

real	0m4.057s
user	0m1.299s
sys	0m1.980s
Tue Oct  1 16:16:52 UTC 2019

real	0m11.416s
user	0m1.115s
sys	0m1.778s
Tue Oct  1 16:17:03 UTC 2019
