Tue Oct  1 16:20:14 UTC 2019
Tue Oct  1 16:20:14 UTC 2019

real	0m6.572s
user	0m1.697s
sys	0m2.117s
Tue Oct  1 16:20:21 UTC 2019

real	0m8.585s
user	0m1.914s
sys	0m2.268s
Tue Oct  1 16:20:30 UTC 2019

real	0m6.902s
user	0m1.890s
sys	0m2.182s
--- Mid run ---
Tue Oct  1 16:20:37 UTC 2019

real	0m5.824s
user	0m1.609s
sys	0m2.026s
=== Mid run end ===
Tue Oct  1 16:20:42 UTC 2019

real	0m4.882s
user	0m1.453s
sys	0m1.998s
Tue Oct  1 16:20:47 UTC 2019

real	0m3.946s
user	0m1.327s
sys	0m1.846s
Tue Oct  1 16:20:51 UTC 2019

real	0m2.805s
user	0m1.139s
sys	0m1.581s
Tue Oct  1 16:20:54 UTC 2019

real	0m3.161s
user	0m1.259s
sys	0m1.833s
Tue Oct  1 16:20:58 UTC 2019
