Tue Oct  1 16:20:04 UTC 2019
Tue Oct  1 16:20:04 UTC 2019

real	0m4.365s
user	0m1.417s
sys	0m2.313s
Tue Oct  1 16:20:09 UTC 2019

real	0m6.494s
user	0m1.790s
sys	0m2.210s
Tue Oct  1 16:20:15 UTC 2019

real	0m10.675s
user	0m2.432s
sys	0m2.547s
--- Mid run ---
Tue Oct  1 16:20:26 UTC 2019

real	0m6.900s
user	0m1.889s
sys	0m2.336s
=== Mid run end ===
Tue Oct  1 16:20:33 UTC 2019

real	0m5.692s
user	0m1.541s
sys	0m2.095s
Tue Oct  1 16:20:39 UTC 2019

real	0m3.809s
user	0m1.426s
sys	0m2.193s
Tue Oct  1 16:20:43 UTC 2019

real	0m4.512s
user	0m1.587s
sys	0m2.172s
Tue Oct  1 16:20:47 UTC 2019

real	0m3.381s
user	0m1.183s
sys	0m1.702s
Tue Oct  1 16:20:51 UTC 2019
