Tue Oct  1 16:19:55 UTC 2019
Tue Oct  1 16:19:55 UTC 2019

real	0m3.497s
user	0m1.151s
sys	0m2.160s
Tue Oct  1 16:19:59 UTC 2019

real	0m3.579s
user	0m1.263s
sys	0m2.213s
Tue Oct  1 16:20:03 UTC 2019

real	0m3.959s
user	0m1.343s
sys	0m2.462s
--- Mid run ---
Tue Oct  1 16:20:07 UTC 2019

real	0m3.803s
user	0m1.280s
sys	0m2.411s
=== Mid run end ===
Tue Oct  1 16:20:11 UTC 2019

real	0m4.356s
user	0m1.917s
sys	0m2.419s
Tue Oct  1 16:20:15 UTC 2019

real	0m4.982s
user	0m1.626s
sys	0m2.566s
Tue Oct  1 16:20:20 UTC 2019

real	0m11.047s
user	0m1.759s
sys	0m2.292s
Tue Oct  1 16:20:31 UTC 2019

real	0m3.395s
user	0m1.315s
sys	0m2.044s
Tue Oct  1 16:20:35 UTC 2019
