Tue Oct  1 16:16:19 UTC 2019
Tue Oct  1 16:16:19 UTC 2019

real	0m5.120s
user	0m1.402s
sys	0m2.158s
Tue Oct  1 16:16:24 UTC 2019

real	0m4.787s
user	0m1.602s
sys	0m3.104s
Tue Oct  1 16:16:29 UTC 2019

real	0m4.938s
user	0m1.637s
sys	0m3.176s
--- Mid run ---
Tue Oct  1 16:16:34 UTC 2019

real	0m4.493s
user	0m1.504s
sys	0m2.759s
=== Mid run end ===
Tue Oct  1 16:16:39 UTC 2019

real	0m4.625s
user	0m1.882s
sys	0m2.523s
Tue Oct  1 16:16:44 UTC 2019

real	0m4.985s
user	0m1.369s
sys	0m2.471s
Tue Oct  1 16:16:49 UTC 2019

real	0m3.898s
user	0m1.290s
sys	0m2.275s
Tue Oct  1 16:16:53 UTC 2019

real	0m3.339s
user	0m1.131s
sys	0m2.143s
Tue Oct  1 16:16:56 UTC 2019
