Tue Oct  1 16:16:25 UTC 2019
Tue Oct  1 16:16:25 UTC 2019

real	0m4.510s
user	0m1.637s
sys	0m2.731s
Tue Oct  1 16:16:30 UTC 2019

real	0m4.405s
user	0m1.622s
sys	0m2.703s
Tue Oct  1 16:16:34 UTC 2019

real	0m4.177s
user	0m1.443s
sys	0m2.605s
--- Mid run ---
Tue Oct  1 16:16:38 UTC 2019

real	0m3.940s
user	0m1.435s
sys	0m2.435s
=== Mid run end ===
Tue Oct  1 16:16:43 UTC 2019

real	0m4.036s
user	0m1.408s
sys	0m2.360s
Tue Oct  1 16:16:47 UTC 2019

real	0m4.110s
user	0m1.390s
sys	0m2.648s
Tue Oct  1 16:16:51 UTC 2019

real	0m3.819s
user	0m1.264s
sys	0m2.448s
Tue Oct  1 16:16:55 UTC 2019

real	0m3.414s
user	0m1.233s
sys	0m2.110s
Tue Oct  1 16:16:58 UTC 2019
