Tue Oct  1 16:16:19 UTC 2019
Tue Oct  1 16:16:19 UTC 2019

real	0m5.733s
user	0m1.696s
sys	0m2.137s
Tue Oct  1 16:16:25 UTC 2019

real	0m6.697s
user	0m1.859s
sys	0m2.439s
Tue Oct  1 16:16:32 UTC 2019

real	0m4.286s
user	0m1.495s
sys	0m2.096s
--- Mid run ---
Tue Oct  1 16:16:36 UTC 2019

real	0m4.154s
user	0m1.431s
sys	0m2.168s
=== Mid run end ===
Tue Oct  1 16:16:41 UTC 2019

real	0m4.933s
user	0m1.852s
sys	0m2.155s
Tue Oct  1 16:16:46 UTC 2019

real	0m4.611s
user	0m1.422s
sys	0m2.114s
Tue Oct  1 16:16:50 UTC 2019

real	0m3.619s
user	0m1.315s
sys	0m1.783s
Tue Oct  1 16:16:54 UTC 2019

real	0m4.007s
user	0m1.529s
sys	0m1.980s
Tue Oct  1 16:16:58 UTC 2019
