Tue Oct  1 16:20:03 UTC 2019
Tue Oct  1 16:20:03 UTC 2019

real	0m3.462s
user	0m1.361s
sys	0m1.922s
Tue Oct  1 16:20:07 UTC 2019

real	0m3.828s
user	0m1.351s
sys	0m1.819s
Tue Oct  1 16:20:10 UTC 2019

real	0m6.323s
user	0m1.762s
sys	0m2.311s
--- Mid run ---
Tue Oct  1 16:20:17 UTC 2019

real	0m5.694s
user	0m1.653s
sys	0m2.311s
=== Mid run end ===
Tue Oct  1 16:20:23 UTC 2019

real	0m6.417s
user	0m1.705s
sys	0m2.334s
Tue Oct  1 16:20:29 UTC 2019

real	0m3.958s
user	0m1.591s
sys	0m2.073s
Tue Oct  1 16:20:33 UTC 2019

real	0m4.077s
user	0m1.482s
sys	0m2.162s
Tue Oct  1 16:20:37 UTC 2019

real	0m4.828s
user	0m1.555s
sys	0m2.125s
Tue Oct  1 16:20:42 UTC 2019
