/dev/shm
Slot slot7
Fetching 1G_7.dat (http://osg.newy32aoa.nrp.internet2.edu:9001/user/dweitzel/public/chep/file.cvmfs.1000)
Sat Sep 28 23:47:41 UTC 2019
RC 0
-rw-r--r--. 1 centos centos 1048576000 Sep 28 23:47 1G_7.dat
--- Mid run ---
Sat Sep 28 23:47:49 UTC 2019
RC 0
-rw-r--r--. 1 centos centos 1048576000 Sep 28 23:47 1G_7.dat
=== Mid run end ===
Sat Sep 28 23:47:58 UTC 2019
RC 0
-rw-r--r--. 1 centos centos 1048576000 Sep 28 23:48 1G_7.dat
Sat Sep 28 23:48:05 UTC 2019
RC 0
-rw-r--r--. 1 centos centos 1048576000 Sep 28 23:48 1G_7.dat
Sat Sep 28 23:48:13 UTC 2019
RC 0
-rw-r--r--. 1 centos centos 1048576000 Sep 28 23:48 1G_7.dat
Sat Sep 28 23:48:21 UTC 2019
RC 0
-rw-r--r--. 1 centos centos 1048576000 Sep 28 23:48 1G_7.dat
Sat Sep 28 23:48:28 UTC 2019
