/dev/shm
Slot slot5
Fetching 1G_5.dat (http://osg.newy32aoa.nrp.internet2.edu:9001/user/dweitzel/public/chep/file.cvmfs.1000)
Sat Sep 28 23:47:40 UTC 2019
RC 0
-rw-r--r--. 1 centos centos 1048576000 Sep 28 23:47 1G_5.dat
--- Mid run ---
Sat Sep 28 23:47:49 UTC 2019
RC 0
-rw-r--r--. 1 centos centos 1048576000 Sep 28 23:47 1G_5.dat
=== Mid run end ===
Sat Sep 28 23:47:57 UTC 2019
RC 0
-rw-r--r--. 1 centos centos 1048576000 Sep 28 23:48 1G_5.dat
Sat Sep 28 23:48:04 UTC 2019
RC 0
-rw-r--r--. 1 centos centos 1048576000 Sep 28 23:48 1G_5.dat
Sat Sep 28 23:48:11 UTC 2019
RC 0
-rw-r--r--. 1 centos centos 1048576000 Sep 28 23:48 1G_5.dat
Sat Sep 28 23:48:19 UTC 2019
RC 0
-rw-r--r--. 1 centos centos 1048576000 Sep 28 23:48 1G_5.dat
Sat Sep 28 23:48:27 UTC 2019
