Tue Oct  1 15:44:29 UTC 2019
Tue Oct  1 15:44:29 UTC 2019

real	0m10.107s
user	0m1.521s
sys	0m3.013s
Tue Oct  1 15:44:39 UTC 2019

real	0m10.153s
user	0m1.608s
sys	0m3.406s
Tue Oct  1 15:44:49 UTC 2019

real	0m10.120s
user	0m1.517s
sys	0m3.153s
--- Mid run ---
Tue Oct  1 15:44:59 UTC 2019

real	0m10.146s
user	0m1.627s
sys	0m3.403s
=== Mid run end ===
Tue Oct  1 15:45:10 UTC 2019

real	0m10.233s
user	0m1.644s
sys	0m3.800s
Tue Oct  1 15:45:20 UTC 2019

real	0m10.121s
user	0m1.767s
sys	0m2.915s
Tue Oct  1 15:45:30 UTC 2019

real	0m10.184s
user	0m1.651s
sys	0m3.607s
Tue Oct  1 15:45:41 UTC 2019

real	0m10.106s
user	0m1.642s
sys	0m2.807s
Tue Oct  1 15:45:51 UTC 2019
