Tue Oct  1 15:40:39 UTC 2019
Tue Oct  1 15:40:39 UTC 2019

real	0m10.150s
user	0m1.574s
sys	0m2.468s
Tue Oct  1 15:40:49 UTC 2019

real	0m10.120s
user	0m1.555s
sys	0m2.401s
Tue Oct  1 15:41:00 UTC 2019

real	0m10.117s
user	0m1.244s
sys	0m2.248s
--- Mid run ---
Tue Oct  1 15:41:10 UTC 2019

real	0m10.138s
user	0m1.454s
sys	0m2.333s
=== Mid run end ===
Tue Oct  1 15:41:20 UTC 2019

real	0m10.164s
user	0m1.336s
sys	0m2.298s
Tue Oct  1 15:41:30 UTC 2019

real	0m10.109s
user	0m1.687s
sys	0m2.989s
Tue Oct  1 15:41:41 UTC 2019

real	0m10.164s
user	0m1.314s
sys	0m2.341s
Tue Oct  1 15:41:51 UTC 2019

real	0m10.136s
user	0m1.330s
sys	0m2.157s
Tue Oct  1 15:42:01 UTC 2019
