Tue Oct  1 15:40:37 UTC 2019
Tue Oct  1 15:40:37 UTC 2019

real	0m10.091s
user	0m1.510s
sys	0m2.496s
Tue Oct  1 15:40:47 UTC 2019

real	0m10.294s
user	0m1.437s
sys	0m2.177s
Tue Oct  1 15:40:58 UTC 2019

real	0m10.177s
user	0m1.416s
sys	0m2.384s
--- Mid run ---
Tue Oct  1 15:41:08 UTC 2019

real	0m10.108s
user	0m1.589s
sys	0m2.965s
=== Mid run end ===
Tue Oct  1 15:41:18 UTC 2019

real	0m10.272s
user	0m1.648s
sys	0m2.474s
Tue Oct  1 15:41:28 UTC 2019

real	0m10.138s
user	0m1.583s
sys	0m2.459s
Tue Oct  1 15:41:39 UTC 2019

real	0m10.122s
user	0m1.513s
sys	0m2.117s
Tue Oct  1 15:41:49 UTC 2019

real	0m10.109s
user	0m1.487s
sys	0m2.766s
Tue Oct  1 15:41:59 UTC 2019
