Tue Oct  1 15:44:29 UTC 2019
Tue Oct  1 15:44:29 UTC 2019

real	0m10.092s
user	0m1.556s
sys	0m3.049s
Tue Oct  1 15:44:40 UTC 2019

real	0m10.129s
user	0m1.542s
sys	0m2.608s
Tue Oct  1 15:44:50 UTC 2019

real	0m10.132s
user	0m1.441s
sys	0m2.543s
--- Mid run ---
Tue Oct  1 15:45:00 UTC 2019

real	0m10.576s
user	0m3.185s
sys	0m3.130s
=== Mid run end ===
Tue Oct  1 15:45:11 UTC 2019

real	0m10.125s
user	0m1.533s
sys	0m2.509s
Tue Oct  1 15:45:21 UTC 2019

real	0m10.125s
user	0m1.581s
sys	0m2.709s
Tue Oct  1 15:45:31 UTC 2019

real	0m10.139s
user	0m1.550s
sys	0m3.029s
Tue Oct  1 15:45:41 UTC 2019

real	0m10.100s
user	0m1.509s
sys	0m2.502s
Tue Oct  1 15:45:52 UTC 2019
