Mon Sep 30 22:52:29 UTC 2019
Mon Sep 30 22:52:29 UTC 2019

real	0m6.911s
user	0m1.797s
sys	0m3.612s
Mon Sep 30 22:52:36 UTC 2019

real	0m6.466s
user	0m1.825s
sys	0m3.486s
Mon Sep 30 22:52:43 UTC 2019

real	0m4.253s
user	0m1.755s
sys	0m3.580s
--- Mid run ---
Mon Sep 30 22:52:47 UTC 2019

real	0m6.087s
user	0m1.684s
sys	0m3.258s
=== Mid run end ===
Mon Sep 30 22:52:53 UTC 2019

real	0m4.108s
user	0m1.738s
sys	0m3.075s
Mon Sep 30 22:52:58 UTC 2019

real	0m8.456s
user	0m1.821s
sys	0m3.411s
Mon Sep 30 22:53:06 UTC 2019
