Mon Sep 30 22:58:49 UTC 2019
Mon Sep 30 22:58:49 UTC 2019

real	0m4.225s
user	0m1.678s
sys	0m3.133s
Mon Sep 30 22:58:54 UTC 2019

real	0m6.290s
user	0m1.863s
sys	0m3.167s
Mon Sep 30 22:59:00 UTC 2019

real	0m6.265s
user	0m1.847s
sys	0m3.564s
--- Mid run ---
Mon Sep 30 22:59:07 UTC 2019

real	0m28.381s
user	0m2.417s
sys	0m4.548s
=== Mid run end ===
Mon Sep 30 22:59:35 UTC 2019

real	0m2.078s
user	0m1.647s
sys	0m3.335s
Mon Sep 30 22:59:37 UTC 2019

real	0m2.080s
user	0m1.640s
sys	0m3.468s
Mon Sep 30 22:59:40 UTC 2019
