Mon Sep 30 22:52:30 UTC 2019
Mon Sep 30 22:52:30 UTC 2019

real	0m4.246s
user	0m1.698s
sys	0m3.422s
Mon Sep 30 22:52:34 UTC 2019

real	0m14.464s
user	0m2.113s
sys	0m4.117s
Mon Sep 30 22:52:49 UTC 2019

real	0m6.218s
user	0m1.974s
sys	0m3.618s
--- Mid run ---
Mon Sep 30 22:52:55 UTC 2019

real	0m4.224s
user	0m1.753s
sys	0m3.165s
=== Mid run end ===
Mon Sep 30 22:53:00 UTC 2019

real	0m6.184s
user	0m1.919s
sys	0m2.876s
Mon Sep 30 22:53:06 UTC 2019

real	0m2.100s
user	0m1.784s
sys	0m2.646s
Mon Sep 30 22:53:08 UTC 2019
