Thu Oct  3 03:12:59 UTC 2019
Thu Oct  3 03:12:59 UTC 2019

real	0m4.382s
user	0m1.364s
sys	0m2.036s
Thu Oct  3 03:13:04 UTC 2019

real	0m8.773s
user	0m1.662s
sys	0m2.855s
Thu Oct  3 03:13:13 UTC 2019

real	0m11.208s
user	0m1.896s
sys	0m3.159s
--- Mid run ---
Thu Oct  3 03:13:24 UTC 2019

real	0m9.306s
user	0m1.779s
sys	0m3.549s
=== Mid run end ===
Thu Oct  3 03:13:34 UTC 2019

real	0m10.439s
user	0m1.839s
sys	0m2.814s
Thu Oct  3 03:13:44 UTC 2019

real	0m17.954s
user	0m1.724s
sys	0m2.441s
Thu Oct  3 03:14:02 UTC 2019
