Thu Oct  3 03:12:58 UTC 2019
Thu Oct  3 03:12:58 UTC 2019

real	0m5.342s
user	0m1.354s
sys	0m2.103s
Thu Oct  3 03:13:04 UTC 2019

real	0m8.783s
user	0m1.755s
sys	0m3.460s
Thu Oct  3 03:13:13 UTC 2019

real	0m11.518s
user	0m1.938s
sys	0m3.744s
--- Mid run ---
Thu Oct  3 03:13:24 UTC 2019

real	0m8.166s
user	0m1.692s
sys	0m3.144s
=== Mid run end ===
Thu Oct  3 03:13:33 UTC 2019

real	0m11.034s
user	0m1.823s
sys	0m3.477s
Thu Oct  3 03:13:44 UTC 2019

real	0m9.313s
user	0m1.684s
sys	0m2.956s
Thu Oct  3 03:13:53 UTC 2019
