Thu Oct  3 03:13:00 UTC 2019
Thu Oct  3 03:13:00 UTC 2019

real	0m13.841s
user	0m1.843s
sys	0m3.772s
Thu Oct  3 03:13:14 UTC 2019

real	0m10.709s
user	0m1.851s
sys	0m4.056s
Thu Oct  3 03:13:25 UTC 2019

real	0m9.614s
user	0m1.824s
sys	0m3.932s
--- Mid run ---
Thu Oct  3 03:13:34 UTC 2019

real	0m10.976s
user	0m1.775s
sys	0m3.814s
=== Mid run end ===
Thu Oct  3 03:13:45 UTC 2019

real	0m8.321s
user	0m1.746s
sys	0m3.012s
Thu Oct  3 03:13:54 UTC 2019

real	0m6.988s
user	0m1.415s
sys	0m2.428s
Thu Oct  3 03:14:01 UTC 2019
