Thu Oct  3 03:12:47 UTC 2019
Thu Oct  3 03:12:47 UTC 2019

real	0m5.480s
user	0m1.296s
sys	0m1.801s
Thu Oct  3 03:12:53 UTC 2019

real	0m4.392s
user	0m1.395s
sys	0m1.931s
Thu Oct  3 03:12:57 UTC 2019

real	0m6.153s
user	0m1.428s
sys	0m1.968s
--- Mid run ---
Thu Oct  3 03:13:04 UTC 2019

real	0m9.717s
user	0m1.852s
sys	0m2.754s
=== Mid run end ===
Thu Oct  3 03:13:14 UTC 2019

real	0m10.415s
user	0m1.763s
sys	0m2.903s
Thu Oct  3 03:13:24 UTC 2019

real	0m10.735s
user	0m1.801s
sys	0m2.641s
Thu Oct  3 03:13:35 UTC 2019
