Thu Oct  3 03:15:50 UTC 2019
Thu Oct  3 03:15:50 UTC 2019

real	0m6.777s
user	0m1.849s
sys	0m2.357s
Thu Oct  3 03:15:56 UTC 2019

real	0m10.302s
user	0m1.795s
sys	0m2.498s
Thu Oct  3 03:16:07 UTC 2019

real	0m9.404s
user	0m1.833s
sys	0m1.916s
--- Mid run ---
Thu Oct  3 03:16:16 UTC 2019

real	0m11.122s
user	0m1.916s
sys	0m2.275s
=== Mid run end ===
Thu Oct  3 03:16:28 UTC 2019

real	0m8.913s
user	0m1.692s
sys	0m1.917s
Thu Oct  3 03:16:37 UTC 2019

real	0m7.038s
user	0m1.511s
sys	0m1.645s
Thu Oct  3 03:16:44 UTC 2019
