Thu Oct  3 03:13:00 UTC 2019
Thu Oct  3 03:13:00 UTC 2019

real	0m12.293s
user	0m2.160s
sys	0m2.807s
Thu Oct  3 03:13:13 UTC 2019

real	0m10.102s
user	0m1.979s
sys	0m2.659s
Thu Oct  3 03:13:23 UTC 2019

real	0m10.789s
user	0m2.133s
sys	0m2.763s
--- Mid run ---
Thu Oct  3 03:13:34 UTC 2019

real	0m11.127s
user	0m1.875s
sys	0m2.433s
=== Mid run end ===
Thu Oct  3 03:13:45 UTC 2019

real	0m7.541s
user	0m1.993s
sys	0m2.726s
Thu Oct  3 03:13:53 UTC 2019

real	0m7.985s
user	0m2.003s
sys	0m2.813s
Thu Oct  3 03:14:01 UTC 2019
