Thu Oct  3 03:15:34 UTC 2019
Thu Oct  3 03:15:34 UTC 2019

real	0m6.862s
user	0m1.271s
sys	0m1.716s
Thu Oct  3 03:15:41 UTC 2019

real	0m22.689s
user	0m1.817s
sys	0m2.398s
Thu Oct  3 03:16:04 UTC 2019

real	0m20.347s
user	0m1.760s
sys	0m2.159s
--- Mid run ---
Thu Oct  3 03:16:24 UTC 2019

real	0m18.357s
user	0m1.659s
sys	0m2.263s
=== Mid run end ===
Thu Oct  3 03:16:42 UTC 2019

real	0m16.826s
user	0m1.783s
sys	0m2.088s
Thu Oct  3 03:16:59 UTC 2019

real	0m8.843s
user	0m1.603s
sys	0m1.936s
Thu Oct  3 03:17:08 UTC 2019
