Thu Oct  3 03:12:59 UTC 2019
Thu Oct  3 03:12:59 UTC 2019

real	0m3.926s
user	0m1.481s
sys	0m2.210s
Thu Oct  3 03:13:03 UTC 2019

real	0m9.034s
user	0m1.744s
sys	0m2.437s
Thu Oct  3 03:13:12 UTC 2019

real	0m11.127s
user	0m1.815s
sys	0m2.764s
--- Mid run ---
Thu Oct  3 03:13:23 UTC 2019

real	0m11.601s
user	0m1.858s
sys	0m2.539s
=== Mid run end ===
Thu Oct  3 03:13:35 UTC 2019

real	0m8.132s
user	0m1.661s
sys	0m2.147s
Thu Oct  3 03:13:43 UTC 2019

real	0m17.806s
user	0m1.934s
sys	0m2.549s
Thu Oct  3 03:14:01 UTC 2019
