Thu Oct  3 03:15:46 UTC 2019
Thu Oct  3 03:15:46 UTC 2019

real	0m10.764s
user	0m1.748s
sys	0m2.780s
Thu Oct  3 03:15:57 UTC 2019

real	0m10.855s
user	0m1.981s
sys	0m3.182s
Thu Oct  3 03:16:08 UTC 2019

real	0m10.267s
user	0m1.638s
sys	0m2.701s
--- Mid run ---
Thu Oct  3 03:16:19 UTC 2019

real	0m8.723s
user	0m1.677s
sys	0m2.649s
=== Mid run end ===
Thu Oct  3 03:16:28 UTC 2019

real	0m8.724s
user	0m1.497s
sys	0m2.533s
Thu Oct  3 03:16:36 UTC 2019

real	0m10.311s
user	0m1.884s
sys	0m2.990s
Thu Oct  3 03:16:47 UTC 2019
