Thu Oct  3 03:15:41 UTC 2019
Thu Oct  3 03:15:41 UTC 2019

real	0m4.964s
user	0m1.366s
sys	0m2.053s
Thu Oct  3 03:15:46 UTC 2019

real	0m10.319s
user	0m1.810s
sys	0m2.820s
Thu Oct  3 03:15:56 UTC 2019

real	0m10.742s
user	0m1.957s
sys	0m3.319s
--- Mid run ---
Thu Oct  3 03:16:07 UTC 2019

real	0m8.880s
user	0m1.654s
sys	0m2.672s
=== Mid run end ===
Thu Oct  3 03:16:16 UTC 2019

real	0m11.864s
user	0m2.010s
sys	0m3.439s
Thu Oct  3 03:16:28 UTC 2019

real	0m9.205s
user	0m1.764s
sys	0m3.077s
Thu Oct  3 03:16:38 UTC 2019
