Thu Oct  3 03:15:40 UTC 2019
Thu Oct  3 03:15:40 UTC 2019

real	0m5.051s
user	0m1.599s
sys	0m1.901s
Thu Oct  3 03:15:45 UTC 2019

real	0m12.935s
user	0m2.175s
sys	0m3.181s
Thu Oct  3 03:15:58 UTC 2019

real	0m8.311s
user	0m2.262s
sys	0m2.820s
--- Mid run ---
Thu Oct  3 03:16:07 UTC 2019

real	0m11.400s
user	0m2.089s
sys	0m2.700s
=== Mid run end ===
Thu Oct  3 03:16:18 UTC 2019

real	0m9.197s
user	0m2.184s
sys	0m3.807s
Thu Oct  3 03:16:28 UTC 2019

real	0m7.167s
user	0m1.758s
sys	0m2.092s
Thu Oct  3 03:16:35 UTC 2019
