Thu Oct  3 03:12:45 UTC 2019
Thu Oct  3 03:12:45 UTC 2019

real	0m5.538s
user	0m1.320s
sys	0m1.755s
Thu Oct  3 03:12:50 UTC 2019

real	0m4.081s
user	0m1.371s
sys	0m1.797s
Thu Oct  3 03:12:55 UTC 2019

real	0m7.360s
user	0m1.504s
sys	0m2.200s
--- Mid run ---
Thu Oct  3 03:13:02 UTC 2019

real	0m9.472s
user	0m1.723s
sys	0m2.785s
=== Mid run end ===
Thu Oct  3 03:13:12 UTC 2019

real	0m10.955s
user	0m1.881s
sys	0m2.411s
Thu Oct  3 03:13:23 UTC 2019

real	0m11.002s
user	0m1.816s
sys	0m2.746s
Thu Oct  3 03:13:34 UTC 2019
