Thu Oct  3 03:15:40 UTC 2019
Thu Oct  3 03:15:40 UTC 2019

real	0m10.110s
user	0m1.771s
sys	0m1.989s
Thu Oct  3 03:15:50 UTC 2019

real	0m6.939s
user	0m2.126s
sys	0m2.678s
Thu Oct  3 03:15:57 UTC 2019

real	0m10.340s
user	0m2.143s
sys	0m2.926s
--- Mid run ---
Thu Oct  3 03:16:08 UTC 2019

real	0m8.774s
user	0m1.964s
sys	0m2.716s
=== Mid run end ===
Thu Oct  3 03:16:17 UTC 2019

real	0m11.551s
user	0m1.942s
sys	0m2.980s
Thu Oct  3 03:16:28 UTC 2019

real	0m7.947s
user	0m2.082s
sys	0m2.729s
Thu Oct  3 03:16:36 UTC 2019
