Thu Oct  3 03:12:59 UTC 2019
Thu Oct  3 03:12:59 UTC 2019

real	0m14.872s
user	0m1.902s
sys	0m2.752s
Thu Oct  3 03:13:14 UTC 2019

real	0m8.440s
user	0m1.593s
sys	0m2.560s
Thu Oct  3 03:13:22 UTC 2019

real	0m12.031s
user	0m1.893s
sys	0m3.124s
--- Mid run ---
Thu Oct  3 03:13:34 UTC 2019

real	0m10.165s
user	0m1.730s
sys	0m3.003s
=== Mid run end ===
Thu Oct  3 03:13:45 UTC 2019

real	0m8.604s
user	0m1.505s
sys	0m2.368s
Thu Oct  3 03:13:53 UTC 2019

real	0m8.307s
user	0m1.530s
sys	0m2.582s
Thu Oct  3 03:14:02 UTC 2019
