Thu Oct  3 03:12:58 UTC 2019
Thu Oct  3 03:12:58 UTC 2019

real	0m6.408s
user	0m1.599s
sys	0m2.337s
Thu Oct  3 03:13:05 UTC 2019

real	0m9.226s
user	0m1.739s
sys	0m2.647s
Thu Oct  3 03:13:14 UTC 2019

real	0m9.171s
user	0m1.716s
sys	0m2.785s
--- Mid run ---
Thu Oct  3 03:13:23 UTC 2019

real	0m10.466s
user	0m1.727s
sys	0m2.412s
=== Mid run end ===
Thu Oct  3 03:13:34 UTC 2019

real	0m11.013s
user	0m1.562s
sys	0m2.267s
Thu Oct  3 03:13:45 UTC 2019

real	0m8.987s
user	0m1.637s
sys	0m2.372s
Thu Oct  3 03:13:54 UTC 2019
