Thu Oct  3 03:12:59 UTC 2019
Thu Oct  3 03:12:59 UTC 2019

real	0m11.962s
user	0m2.020s
sys	0m2.405s
Thu Oct  3 03:13:11 UTC 2019

real	0m10.078s
user	0m1.951s
sys	0m2.586s
Thu Oct  3 03:13:21 UTC 2019

real	0m10.991s
user	0m2.160s
sys	0m2.665s
--- Mid run ---
Thu Oct  3 03:13:32 UTC 2019

real	0m10.136s
user	0m1.959s
sys	0m2.970s
=== Mid run end ===
Thu Oct  3 03:13:43 UTC 2019

real	0m9.897s
user	0m1.982s
sys	0m2.520s
Thu Oct  3 03:13:53 UTC 2019

real	0m7.117s
user	0m1.821s
sys	0m2.155s
Thu Oct  3 03:14:00 UTC 2019
