Mon Sep 30 22:18:45 UTC 2019
Mon Sep 30 22:18:45 UTC 2019

real	0m6.904s
user	0m0.876s
sys	0m2.987s
Mon Sep 30 22:18:52 UTC 2019

real	0m8.519s
user	0m0.732s
sys	0m2.406s
Mon Sep 30 22:19:00 UTC 2019

real	0m6.935s
user	0m0.914s
sys	0m3.073s
--- Mid run ---
Mon Sep 30 22:19:07 UTC 2019

real	0m7.697s
user	0m0.830s
sys	0m2.703s
=== Mid run end ===
Mon Sep 30 22:19:15 UTC 2019

real	0m8.052s
user	0m0.858s
sys	0m2.865s
Mon Sep 30 22:19:23 UTC 2019

real	0m6.943s
user	0m0.821s
sys	0m2.497s
Mon Sep 30 22:19:30 UTC 2019
