/dev/shm
Slot slot7
Fetching 1G_7.dat
Sat Sep 28 23:40:40 UTC 2019
RC 0
-rw-r--r--. 1 centos centos 1048576000 Sep 28 23:43 1G_7.dat
--- Mid run ---
Sat Sep 28 23:43:30 UTC 2019
RC 0
-rw-r--r--. 1 centos centos 1048576000 Sep 28 23:46 1G_7.dat
=== Mid run end ===
Sat Sep 28 23:46:47 UTC 2019
RC 0
-rw-r--r--. 1 centos centos 1048576000 Sep 28 23:48 1G_7.dat
Sat Sep 28 23:48:14 UTC 2019
RC 0
-rw-r--r--. 1 centos centos 1048576000 Sep 28 23:50 1G_7.dat
Sat Sep 28 23:50:33 UTC 2019
RC 0
-rw-r--r--. 1 centos centos 1048576000 Sep 28 23:53 1G_7.dat
Sat Sep 28 23:53:51 UTC 2019
RC 0
-rw-r--r--. 1 centos centos 1048576000 Sep 28 23:57 1G_7.dat
Sat Sep 28 23:57:03 UTC 2019
