/dev/shm
Slot slot4
Fetching 1G_4.dat
Mon Sep 30 20:53:26 UTC 2019
RC 0
-rw-r--r--. 1 centos centos 1048576000 Sep 30 20:53 1G_4.dat
--- Mid run ---
Mon Sep 30 20:53:42 UTC 2019
RC 0
-rw-r--r--. 1 centos centos 1048576000 Sep 30 20:53 1G_4.dat
=== Mid run end ===
Mon Sep 30 20:53:56 UTC 2019
RC 0
-rw-r--r--. 1 centos centos 1048576000 Sep 30 20:54 1G_4.dat
Mon Sep 30 20:54:09 UTC 2019
RC 0
-rw-r--r--. 1 centos centos 1048576000 Sep 30 20:54 1G_4.dat
Mon Sep 30 20:54:24 UTC 2019
RC 0
-rw-r--r--. 1 centos centos 1048576000 Sep 30 20:54 1G_4.dat
Mon Sep 30 20:54:36 UTC 2019
RC 0
-rw-r--r--. 1 centos centos 1048576000 Sep 30 20:54 1G_4.dat
Mon Sep 30 20:54:47 UTC 2019
