/dev/shm
Slot slot2
Fetching 1G_2.dat
Mon Sep 30 20:58:08 UTC 2019
RC 0
-rw-r--r--. 1 centos centos 1048576000 Sep 30 20:58 1G_2.dat
--- Mid run ---
Mon Sep 30 20:58:23 UTC 2019
RC 0
-rw-r--r--. 1 centos centos 1048576000 Sep 30 20:58 1G_2.dat
=== Mid run end ===
Mon Sep 30 20:58:39 UTC 2019
RC 0
-rw-r--r--. 1 centos centos 1048576000 Sep 30 20:58 1G_2.dat
Mon Sep 30 20:58:55 UTC 2019
RC 0
-rw-r--r--. 1 centos centos 1048576000 Sep 30 20:59 1G_2.dat
Mon Sep 30 20:59:08 UTC 2019
RC 0
-rw-r--r--. 1 centos centos 1048576000 Sep 30 20:59 1G_2.dat
Mon Sep 30 20:59:28 UTC 2019
RC 0
-rw-r--r--. 1 centos centos 1048576000 Sep 30 20:59 1G_2.dat
Mon Sep 30 20:59:41 UTC 2019
