# Number of 1 GB files per second, averaged over 5s, over time
0.447
2.951
4.869
4.893
4.893
4.893
4.893
4.929
4.937
4.956
4.968
5.034
5.008
4.997
5.046
5.165
5.287
5.398
5.627
5.773
5.918
5.952
5.944
6.061
5.864
5.711
5.742
5.820
5.915
5.959
6.347
6.427
6.570
6.549
5.961
5.521
5.047
4.689
4.345
4.122
3.987
3.943
3.911
3.769
3.585
3.137
2.628
2.018
1.375
0.581
0.234
0.098
0.020
0.020
0.020
0.020
0.020
0.020
0.020
0.020
0.020
0.020
0.020
0.020
0.020
0.020
0.020
0.020
0.020
0.020
0.043
0.056
0.056
0.056
0.056
0.039
0.053
0.053
0.053
0.053
0.018
0.026
0.088
0.087
0.087
0.087
0.035
# max: 6.570
