/dev/shm
Slot slot7
Fetching 1G_7.dat
Mon Sep 30 20:53:26 UTC 2019
RC 0
-rw-r--r--. 1 centos centos 1048576000 Sep 30 20:53 1G_7.dat
--- Mid run ---
Mon Sep 30 20:53:46 UTC 2019
RC 0
-rw-r--r--. 1 centos centos 1048576000 Sep 30 20:54 1G_7.dat
=== Mid run end ===
Mon Sep 30 20:54:03 UTC 2019
RC 0
-rw-r--r--. 1 centos centos 1048576000 Sep 30 20:54 1G_7.dat
Mon Sep 30 20:54:25 UTC 2019
RC 0
-rw-r--r--. 1 centos centos 1048576000 Sep 30 20:54 1G_7.dat
Mon Sep 30 20:54:36 UTC 2019
RC 0
-rw-r--r--. 1 centos centos 1048576000 Sep 30 20:54 1G_7.dat
Mon Sep 30 20:54:50 UTC 2019
RC 0
-rw-r--r--. 1 centos centos 1048576000 Sep 30 20:55 1G_7.dat
Mon Sep 30 20:55:05 UTC 2019
