/dev/shm
Slot slot6
Fetching 1G_6.dat
Mon Sep 30 20:58:09 UTC 2019
RC 0
-rw-r--r--. 1 centos centos 1048576000 Sep 30 20:58 1G_6.dat
--- Mid run ---
Mon Sep 30 20:58:27 UTC 2019
RC 0
-rw-r--r--. 1 centos centos 1048576000 Sep 30 20:58 1G_6.dat
=== Mid run end ===
Mon Sep 30 20:58:42 UTC 2019
RC 0
-rw-r--r--. 1 centos centos 1048576000 Sep 30 20:58 1G_6.dat
Mon Sep 30 20:58:57 UTC 2019
RC 0
-rw-r--r--. 1 centos centos 1048576000 Sep 30 20:59 1G_6.dat
Mon Sep 30 20:59:14 UTC 2019
RC 0
-rw-r--r--. 1 centos centos 1048576000 Sep 30 20:59 1G_6.dat
Mon Sep 30 20:59:29 UTC 2019
RC 0
-rw-r--r--. 1 centos centos 1048576000 Sep 30 20:59 1G_6.dat
Mon Sep 30 20:59:42 UTC 2019
