Thu Oct  3 03:43:14 UTC 2019
Thu Oct  3 03:43:14 UTC 2019

real	0m3.990s
user	0m1.576s
sys	0m2.149s
Thu Oct  3 03:43:19 UTC 2019

real	0m4.739s
user	0m2.014s
sys	0m2.524s
Thu Oct  3 03:43:23 UTC 2019

real	0m7.930s
user	0m2.721s
sys	0m3.745s
--- Mid run ---
Thu Oct  3 03:43:32 UTC 2019

real	0m8.313s
user	0m2.756s
sys	0m3.810s
=== Mid run end ===
Thu Oct  3 03:43:40 UTC 2019

real	0m5.682s
user	0m2.318s
sys	0m3.214s
Thu Oct  3 03:43:46 UTC 2019

real	0m5.884s
user	0m2.147s
sys	0m3.557s
Thu Oct  3 03:43:52 UTC 2019
