Thu Oct  3 03:41:55 UTC 2019
Thu Oct  3 03:41:55 UTC 2019

real	0m6.632s
user	0m2.203s
sys	0m3.466s
Thu Oct  3 03:42:02 UTC 2019

real	0m5.556s
user	0m2.209s
sys	0m3.247s
Thu Oct  3 03:42:08 UTC 2019

real	0m5.277s
user	0m1.980s
sys	0m3.107s
--- Mid run ---
Thu Oct  3 03:42:13 UTC 2019

real	0m5.153s
user	0m2.044s
sys	0m2.890s
=== Mid run end ===
Thu Oct  3 03:42:19 UTC 2019

real	0m5.389s
user	0m2.049s
sys	0m3.119s
Thu Oct  3 03:42:24 UTC 2019

real	0m5.655s
user	0m2.217s
sys	0m3.278s
Thu Oct  3 03:42:30 UTC 2019
