Thu Oct  3 03:43:12 UTC 2019
Thu Oct  3 03:43:12 UTC 2019

real	0m5.976s
user	0m1.477s
sys	0m2.108s
Thu Oct  3 03:43:19 UTC 2019

real	0m6.434s
user	0m1.656s
sys	0m2.336s
Thu Oct  3 03:43:25 UTC 2019

real	0m5.966s
user	0m1.698s
sys	0m2.829s
--- Mid run ---
Thu Oct  3 03:43:31 UTC 2019

real	0m8.316s
user	0m1.778s
sys	0m3.040s
=== Mid run end ===
Thu Oct  3 03:43:40 UTC 2019

real	0m9.000s
user	0m1.651s
sys	0m2.578s
Thu Oct  3 03:43:49 UTC 2019

real	0m6.382s
user	0m1.490s
sys	0m2.549s
Thu Oct  3 03:43:55 UTC 2019
