Thu Oct  3 03:41:55 UTC 2019
Thu Oct  3 03:41:55 UTC 2019

real	0m6.990s
user	0m2.197s
sys	0m3.387s
Thu Oct  3 03:42:03 UTC 2019

real	0m6.695s
user	0m2.172s
sys	0m3.470s
Thu Oct  3 03:42:09 UTC 2019

real	0m6.520s
user	0m2.180s
sys	0m3.520s
--- Mid run ---
Thu Oct  3 03:42:16 UTC 2019

real	0m5.526s
user	0m2.142s
sys	0m2.982s
=== Mid run end ===
Thu Oct  3 03:42:22 UTC 2019

real	0m5.133s
user	0m1.915s
sys	0m2.840s
Thu Oct  3 03:42:27 UTC 2019

real	0m5.656s
user	0m2.051s
sys	0m3.007s
Thu Oct  3 03:42:33 UTC 2019
