Thu Oct  3 03:41:54 UTC 2019
Thu Oct  3 03:41:54 UTC 2019

real	0m4.985s
user	0m1.657s
sys	0m2.458s
Thu Oct  3 03:41:59 UTC 2019

real	0m5.801s
user	0m1.696s
sys	0m3.014s
Thu Oct  3 03:42:05 UTC 2019

real	0m6.733s
user	0m1.737s
sys	0m2.867s
--- Mid run ---
Thu Oct  3 03:42:12 UTC 2019

real	0m7.402s
user	0m1.769s
sys	0m2.824s
=== Mid run end ===
Thu Oct  3 03:42:20 UTC 2019

real	0m5.983s
user	0m1.782s
sys	0m2.687s
Thu Oct  3 03:42:26 UTC 2019

real	0m6.973s
user	0m1.673s
sys	0m2.334s
Thu Oct  3 03:42:33 UTC 2019
