Thu Oct  3 03:43:14 UTC 2019
Thu Oct  3 03:43:14 UTC 2019

real	0m4.772s
user	0m1.295s
sys	0m1.859s
Thu Oct  3 03:43:19 UTC 2019

real	0m7.152s
user	0m1.767s
sys	0m2.732s
Thu Oct  3 03:43:26 UTC 2019

real	0m6.012s
user	0m1.786s
sys	0m2.660s
--- Mid run ---
Thu Oct  3 03:43:32 UTC 2019

real	0m5.453s
user	0m1.682s
sys	0m3.070s
=== Mid run end ===
Thu Oct  3 03:43:38 UTC 2019

real	0m6.057s
user	0m1.760s
sys	0m2.653s
Thu Oct  3 03:43:44 UTC 2019

real	0m5.827s
user	0m1.610s
sys	0m2.624s
Thu Oct  3 03:43:50 UTC 2019
