Thu Oct  3 03:43:16 UTC 2019
Thu Oct  3 03:43:16 UTC 2019

real	0m5.201s
user	0m1.626s
sys	0m2.532s
Thu Oct  3 03:43:22 UTC 2019

real	0m9.448s
user	0m1.940s
sys	0m3.013s
Thu Oct  3 03:43:31 UTC 2019

real	0m7.497s
user	0m1.792s
sys	0m2.978s
--- Mid run ---
Thu Oct  3 03:43:39 UTC 2019

real	0m7.125s
user	0m1.791s
sys	0m3.212s
=== Mid run end ===
Thu Oct  3 03:43:46 UTC 2019

real	0m6.579s
user	0m1.751s
sys	0m3.207s
Thu Oct  3 03:43:53 UTC 2019

real	0m5.386s
user	0m1.693s
sys	0m2.976s
Thu Oct  3 03:43:58 UTC 2019
