Thu Oct  3 03:43:18 UTC 2019
Thu Oct  3 03:43:18 UTC 2019

real	0m5.285s
user	0m1.699s
sys	0m2.619s
Thu Oct  3 03:43:23 UTC 2019

real	0m6.881s
user	0m2.265s
sys	0m3.542s
Thu Oct  3 03:43:30 UTC 2019

real	0m6.907s
user	0m2.211s
sys	0m3.932s
--- Mid run ---
Thu Oct  3 03:43:37 UTC 2019

real	0m5.387s
user	0m2.103s
sys	0m3.107s
=== Mid run end ===
Thu Oct  3 03:43:43 UTC 2019

real	0m5.847s
user	0m1.960s
sys	0m3.235s
Thu Oct  3 03:43:49 UTC 2019

real	0m5.494s
user	0m1.992s
sys	0m2.976s
Thu Oct  3 03:43:54 UTC 2019
