Thu Oct  3 03:43:20 UTC 2019
Thu Oct  3 03:43:20 UTC 2019

real	0m7.590s
user	0m2.406s
sys	0m3.856s
Thu Oct  3 03:43:28 UTC 2019

real	0m7.708s
user	0m2.359s
sys	0m4.014s
Thu Oct  3 03:43:36 UTC 2019

real	0m6.552s
user	0m2.335s
sys	0m3.331s
--- Mid run ---
Thu Oct  3 03:43:43 UTC 2019

real	0m6.491s
user	0m2.381s
sys	0m3.987s
=== Mid run end ===
Thu Oct  3 03:43:49 UTC 2019

real	0m6.968s
user	0m2.409s
sys	0m3.649s
Thu Oct  3 03:43:56 UTC 2019

real	0m5.543s
user	0m2.299s
sys	0m3.063s
Thu Oct  3 03:44:02 UTC 2019
