Thu Oct  3 03:41:55 UTC 2019
Thu Oct  3 03:41:55 UTC 2019

real	0m6.687s
user	0m1.729s
sys	0m3.253s
Thu Oct  3 03:42:02 UTC 2019

real	0m5.643s
user	0m1.641s
sys	0m2.707s
Thu Oct  3 03:42:08 UTC 2019

real	0m7.610s
user	0m1.769s
sys	0m2.738s
--- Mid run ---
Thu Oct  3 03:42:15 UTC 2019

real	0m5.401s
user	0m1.652s
sys	0m2.600s
=== Mid run end ===
Thu Oct  3 03:42:21 UTC 2019

real	0m8.382s
user	0m1.874s
sys	0m2.801s
Thu Oct  3 03:42:29 UTC 2019

real	0m6.585s
user	0m1.711s
sys	0m2.742s
Thu Oct  3 03:42:36 UTC 2019
