Thu Oct  3 03:43:21 UTC 2019
Thu Oct  3 03:43:21 UTC 2019

real	0m6.866s
user	0m1.978s
sys	0m2.702s
Thu Oct  3 03:43:28 UTC 2019

real	0m8.396s
user	0m2.304s
sys	0m3.435s
Thu Oct  3 03:43:37 UTC 2019

real	0m7.235s
user	0m2.124s
sys	0m2.894s
--- Mid run ---
Thu Oct  3 03:43:44 UTC 2019

real	0m8.171s
user	0m2.120s
sys	0m2.701s
=== Mid run end ===
Thu Oct  3 03:43:53 UTC 2019

real	0m5.376s
user	0m1.682s
sys	0m2.160s
Thu Oct  3 03:43:58 UTC 2019

real	0m5.273s
user	0m1.962s
sys	0m2.645s
Thu Oct  3 03:44:03 UTC 2019
