Thu Oct  3 03:41:55 UTC 2019
Thu Oct  3 03:41:55 UTC 2019

real	0m5.604s
user	0m1.773s
sys	0m3.031s
Thu Oct  3 03:42:01 UTC 2019

real	0m9.128s
user	0m1.889s
sys	0m2.632s
Thu Oct  3 03:42:10 UTC 2019

real	0m6.900s
user	0m1.723s
sys	0m3.044s
--- Mid run ---
Thu Oct  3 03:42:18 UTC 2019

real	0m7.409s
user	0m1.783s
sys	0m2.780s
=== Mid run end ===
Thu Oct  3 03:42:25 UTC 2019

real	0m7.611s
user	0m1.871s
sys	0m2.661s
Thu Oct  3 03:42:33 UTC 2019

real	0m5.510s
user	0m1.625s
sys	0m2.550s
Thu Oct  3 03:42:39 UTC 2019
