Thu Oct  3 03:41:55 UTC 2019
Thu Oct  3 03:41:55 UTC 2019

real	0m8.008s
user	0m2.010s
sys	0m3.015s
Thu Oct  3 03:42:03 UTC 2019

real	0m7.710s
user	0m2.138s
sys	0m2.921s
Thu Oct  3 03:42:11 UTC 2019

real	0m7.964s
user	0m2.043s
sys	0m2.836s
--- Mid run ---
Thu Oct  3 03:42:19 UTC 2019

real	0m9.343s
user	0m2.120s
sys	0m2.660s
=== Mid run end ===
Thu Oct  3 03:42:29 UTC 2019

real	0m6.459s
user	0m1.758s
sys	0m2.565s
Thu Oct  3 03:42:36 UTC 2019

real	0m5.508s
user	0m1.686s
sys	0m1.900s
Thu Oct  3 03:42:41 UTC 2019
