Thu Oct  3 03:41:55 UTC 2019
Thu Oct  3 03:41:55 UTC 2019

real	0m5.869s
user	0m2.075s
sys	0m2.957s
Thu Oct  3 03:42:01 UTC 2019

real	0m6.711s
user	0m2.148s
sys	0m3.382s
Thu Oct  3 03:42:08 UTC 2019

real	0m7.184s
user	0m2.230s
sys	0m4.111s
--- Mid run ---
Thu Oct  3 03:42:15 UTC 2019

real	0m5.618s
user	0m2.031s
sys	0m2.923s
=== Mid run end ===
Thu Oct  3 03:42:21 UTC 2019

real	0m6.139s
user	0m2.019s
sys	0m2.799s
Thu Oct  3 03:42:27 UTC 2019

real	0m4.806s
user	0m1.707s
sys	0m2.544s
Thu Oct  3 03:42:32 UTC 2019
