Thu Oct  3 03:43:04 UTC 2019
Thu Oct  3 03:43:04 UTC 2019

real	0m5.583s
user	0m1.348s
sys	0m1.845s
Thu Oct  3 03:43:10 UTC 2019

real	0m5.217s
user	0m1.344s
sys	0m1.722s
Thu Oct  3 03:43:15 UTC 2019

real	0m6.046s
user	0m1.635s
sys	0m2.126s
--- Mid run ---
Thu Oct  3 03:43:21 UTC 2019

real	0m7.992s
user	0m1.793s
sys	0m3.089s
=== Mid run end ===
Thu Oct  3 03:43:29 UTC 2019

real	0m9.594s
user	0m1.876s
sys	0m2.741s
Thu Oct  3 03:43:39 UTC 2019

real	0m5.514s
user	0m1.748s
sys	0m2.970s
Thu Oct  3 03:43:45 UTC 2019
