/dev/shm
Tue Oct  1 16:19:53 UTC 2019
Job 15
Fetching https://prp-test-us-east1.S3.amazonaws.com/f_testb/data/1G_15.dat
Tue Oct  1 16:19:53 UTC 2019
RC 0
-rw-r--r--. 1 centos centos 1000000000 Oct  1 16:19 1G_15.dat
Tue Oct  1 16:19:56 UTC 2019
RC 0
-rw-r--r--. 1 centos centos 1000000000 Oct  1 16:19 1G_15.dat
Tue Oct  1 16:20:00 UTC 2019
RC 0
-rw-r--r--. 1 centos centos 1000000000 Oct  1 16:20 1G_15.dat
--- Mid run ---
Tue Oct  1 16:20:03 UTC 2019
RC 0
-rw-r--r--. 1 centos centos 1000000000 Oct  1 16:20 1G_15.dat
=== Mid run end ===
Tue Oct  1 16:20:07 UTC 2019
RC 0
-rw-r--r--. 1 centos centos 1000000000 Oct  1 16:20 1G_15.dat
Tue Oct  1 16:20:10 UTC 2019
RC 0
-rw-r--r--. 1 centos centos 1000000000 Oct  1 16:20 1G_15.dat
Tue Oct  1 16:20:16 UTC 2019
RC 0
-rw-r--r--. 1 centos centos 1000000000 Oct  1 16:20 1G_15.dat
Tue Oct  1 16:20:21 UTC 2019
RC 0
-rw-r--r--. 1 centos centos 1000000000 Oct  1 16:20 1G_15.dat
Tue Oct  1 16:20:28 UTC 2019
