/dev/shm
Tue Oct  1 16:20:10 UTC 2019
Job 192
Fetching https://prp-test-us-east1.S3.amazonaws.com/0_testb/data/1G_192.dat
Tue Oct  1 16:20:10 UTC 2019
RC 0
-rw-r--r--. 1 centos centos 1000000000 Oct  1 16:20 1G_192.dat
Tue Oct  1 16:20:15 UTC 2019
RC 0
-rw-r--r--. 1 centos centos 1000000000 Oct  1 16:20 1G_192.dat
Tue Oct  1 16:20:20 UTC 2019
RC 0
-rw-r--r--. 1 centos centos 1000000000 Oct  1 16:20 1G_192.dat
--- Mid run ---
Tue Oct  1 16:20:25 UTC 2019
RC 0
-rw-r--r--. 1 centos centos 1000000000 Oct  1 16:20 1G_192.dat
=== Mid run end ===
Tue Oct  1 16:20:31 UTC 2019
RC 0
-rw-r--r--. 1 centos centos 1000000000 Oct  1 16:20 1G_192.dat
Tue Oct  1 16:20:36 UTC 2019
RC 0
-rw-r--r--. 1 centos centos 1000000000 Oct  1 16:20 1G_192.dat
Tue Oct  1 16:20:41 UTC 2019
RC 0
-rw-r--r--. 1 centos centos 1000000000 Oct  1 16:20 1G_192.dat
Tue Oct  1 16:20:45 UTC 2019
RC 0
-rw-r--r--. 1 centos centos 1000000000 Oct  1 16:20 1G_192.dat
Tue Oct  1 16:20:49 UTC 2019
