/dev/shm
Tue Oct  1 16:20:03 UTC 2019
Job 132
Fetching https://prp-test-us-east1.S3.amazonaws.com/4_testm/data/1G_132.dat
Tue Oct  1 16:20:03 UTC 2019
RC 0
-rw-r--r--. 1 centos centos 1000000000 Oct  1 16:20 1G_132.dat
Tue Oct  1 16:20:07 UTC 2019
RC 0
-rw-r--r--. 1 centos centos 1000000000 Oct  1 16:20 1G_132.dat
Tue Oct  1 16:20:11 UTC 2019
RC 0
-rw-r--r--. 1 centos centos 1000000000 Oct  1 16:20 1G_132.dat
--- Mid run ---
Tue Oct  1 16:20:16 UTC 2019
RC 0
-rw-r--r--. 1 centos centos 1000000000 Oct  1 16:20 1G_132.dat
=== Mid run end ===
Tue Oct  1 16:20:21 UTC 2019
RC 0
-rw-r--r--. 1 centos centos 1000000000 Oct  1 16:20 1G_132.dat
Tue Oct  1 16:20:25 UTC 2019
RC 0
-rw-r--r--. 1 centos centos 1000000000 Oct  1 16:20 1G_132.dat
Tue Oct  1 16:20:30 UTC 2019
RC 0
-rw-r--r--. 1 centos centos 1000000000 Oct  1 16:20 1G_132.dat
Tue Oct  1 16:20:34 UTC 2019
RC 0
-rw-r--r--. 1 centos centos 1000000000 Oct  1 16:20 1G_132.dat
Tue Oct  1 16:20:37 UTC 2019
