/dev/shm
Tue Oct  1 16:16:25 UTC 2019
Job 296
Fetching https://prp-test-us-east1.S3.amazonaws.com/8_testa/data/1G_296.dat
Tue Oct  1 16:16:25 UTC 2019
RC 0
-rw-r--r--. 1 centos centos 1000000000 Oct  1 16:16 1G_296.dat
Tue Oct  1 16:16:31 UTC 2019
RC 0
-rw-r--r--. 1 centos centos 1000000000 Oct  1 16:16 1G_296.dat
Tue Oct  1 16:16:37 UTC 2019
RC 0
-rw-r--r--. 1 centos centos 1000000000 Oct  1 16:16 1G_296.dat
--- Mid run ---
Tue Oct  1 16:16:44 UTC 2019
RC 0
-rw-r--r--. 1 centos centos 1000000000 Oct  1 16:16 1G_296.dat
=== Mid run end ===
Tue Oct  1 16:16:49 UTC 2019
RC 0
-rw-r--r--. 1 centos centos 1000000000 Oct  1 16:16 1G_296.dat
Tue Oct  1 16:16:53 UTC 2019
RC 0
-rw-r--r--. 1 centos centos 1000000000 Oct  1 16:16 1G_296.dat
Tue Oct  1 16:16:58 UTC 2019
RC 0
-rw-r--r--. 1 centos centos 1000000000 Oct  1 16:17 1G_296.dat
Tue Oct  1 16:17:02 UTC 2019
RC 0
-rw-r--r--. 1 centos centos 1000000000 Oct  1 16:17 1G_296.dat
Tue Oct  1 16:17:06 UTC 2019
