/dev/shm
Tue Oct  1 16:16:06 UTC 2019
Job 87
Fetching https://prp-test-us-east1.S3.amazonaws.com/7_testm/data/1G_87.dat
Tue Oct  1 16:16:06 UTC 2019
RC 0
-rw-r--r--. 1 centos centos 1000000000 Oct  1 16:16 1G_87.dat
Tue Oct  1 16:16:09 UTC 2019
RC 0
-rw-r--r--. 1 centos centos 1000000000 Oct  1 16:16 1G_87.dat
Tue Oct  1 16:16:13 UTC 2019
RC 0
-rw-r--r--. 1 centos centos 1000000000 Oct  1 16:16 1G_87.dat
--- Mid run ---
Tue Oct  1 16:16:17 UTC 2019
RC 0
-rw-r--r--. 1 centos centos 1000000000 Oct  1 16:16 1G_87.dat
=== Mid run end ===
Tue Oct  1 16:16:22 UTC 2019
RC 0
-rw-r--r--. 1 centos centos 1000000000 Oct  1 16:16 1G_87.dat
Tue Oct  1 16:16:28 UTC 2019
RC 0
-rw-r--r--. 1 centos centos 1000000000 Oct  1 16:16 1G_87.dat
Tue Oct  1 16:16:33 UTC 2019
RC 0
-rw-r--r--. 1 centos centos 1000000000 Oct  1 16:16 1G_87.dat
Tue Oct  1 16:16:38 UTC 2019
RC 0
-rw-r--r--. 1 centos centos 1000000000 Oct  1 16:16 1G_87.dat
Tue Oct  1 16:16:43 UTC 2019
