/dev/shm
Tue Oct  1 16:20:15 UTC 2019
Job 243
Fetching https://prp-test-us-east1.S3.amazonaws.com/3_testm/data/1G_243.dat
Tue Oct  1 16:20:15 UTC 2019
RC 0
-rw-r--r--. 1 centos centos 1000000000 Oct  1 16:20 1G_243.dat
Tue Oct  1 16:20:23 UTC 2019
RC 0
-rw-r--r--. 1 centos centos 1000000000 Oct  1 16:20 1G_243.dat
Tue Oct  1 16:20:33 UTC 2019
RC 0
-rw-r--r--. 1 centos centos 1000000000 Oct  1 16:20 1G_243.dat
--- Mid run ---
Tue Oct  1 16:20:37 UTC 2019
RC 0
-rw-r--r--. 1 centos centos 1000000000 Oct  1 16:20 1G_243.dat
=== Mid run end ===
Tue Oct  1 16:20:41 UTC 2019
RC 0
-rw-r--r--. 1 centos centos 1000000000 Oct  1 16:20 1G_243.dat
Tue Oct  1 16:20:47 UTC 2019
RC 0
-rw-r--r--. 1 centos centos 1000000000 Oct  1 16:20 1G_243.dat
Tue Oct  1 16:20:51 UTC 2019
RC 0
-rw-r--r--. 1 centos centos 1000000000 Oct  1 16:21 1G_243.dat
Tue Oct  1 16:21:00 UTC 2019
RC 0
-rw-r--r--. 1 centos centos 1000000000 Oct  1 16:21 1G_243.dat
Tue Oct  1 16:21:04 UTC 2019
