/dev/shm
Tue Oct  1 16:16:05 UTC 2019
Job 62
Fetching https://prp-test-us-east1.S3.amazonaws.com/e_testa/data/1G_62.dat
Tue Oct  1 16:16:05 UTC 2019
RC 0
-rw-r--r--. 1 centos centos 1000000000 Oct  1 16:16 1G_62.dat
Tue Oct  1 16:16:09 UTC 2019
RC 0
-rw-r--r--. 1 centos centos 1000000000 Oct  1 16:16 1G_62.dat
Tue Oct  1 16:16:12 UTC 2019
RC 0
-rw-r--r--. 1 centos centos 1000000000 Oct  1 16:16 1G_62.dat
--- Mid run ---
Tue Oct  1 16:16:15 UTC 2019
RC 0
-rw-r--r--. 1 centos centos 1000000000 Oct  1 16:16 1G_62.dat
=== Mid run end ===
Tue Oct  1 16:16:21 UTC 2019
RC 0
-rw-r--r--. 1 centos centos 1000000000 Oct  1 16:16 1G_62.dat
Tue Oct  1 16:16:26 UTC 2019
RC 0
-rw-r--r--. 1 centos centos 1000000000 Oct  1 16:16 1G_62.dat
Tue Oct  1 16:16:35 UTC 2019
RC 0
-rw-r--r--. 1 centos centos 1000000000 Oct  1 16:16 1G_62.dat
Tue Oct  1 16:16:42 UTC 2019
RC 0
-rw-r--r--. 1 centos centos 1000000000 Oct  1 16:16 1G_62.dat
Tue Oct  1 16:16:47 UTC 2019
