/dev/shm
Tue Oct  1 16:19:54 UTC 2019
Job 32
Fetching https://prp-test-us-east1.S3.amazonaws.com/0_testm/data/1G_32.dat
Tue Oct  1 16:19:54 UTC 2019
RC 0
-rw-r--r--. 1 centos centos 1000000000 Oct  1 16:19 1G_32.dat
Tue Oct  1 16:19:57 UTC 2019
RC 0
-rw-r--r--. 1 centos centos 1000000000 Oct  1 16:20 1G_32.dat
Tue Oct  1 16:20:01 UTC 2019
RC 0
-rw-r--r--. 1 centos centos 1000000000 Oct  1 16:20 1G_32.dat
--- Mid run ---
Tue Oct  1 16:20:05 UTC 2019
RC 0
-rw-r--r--. 1 centos centos 1000000000 Oct  1 16:20 1G_32.dat
=== Mid run end ===
Tue Oct  1 16:20:08 UTC 2019
RC 0
-rw-r--r--. 1 centos centos 1000000000 Oct  1 16:20 1G_32.dat
Tue Oct  1 16:20:14 UTC 2019
RC 0
-rw-r--r--. 1 centos centos 1000000000 Oct  1 16:20 1G_32.dat
Tue Oct  1 16:20:19 UTC 2019
RC 0
-rw-r--r--. 1 centos centos 1000000000 Oct  1 16:20 1G_32.dat
Tue Oct  1 16:20:24 UTC 2019
RC 0
-rw-r--r--. 1 centos centos 1000000000 Oct  1 16:20 1G_32.dat
Tue Oct  1 16:20:33 UTC 2019
