/dev/shm
Tue Oct  1 16:16:03 UTC 2019
Job 10
Fetching https://prp-test-us-east1.S3.amazonaws.com/a_testm/data/1G_10.dat
Tue Oct  1 16:16:03 UTC 2019
RC 0
-rw-r--r--. 1 centos centos 1000000000 Oct  1 16:16 1G_10.dat
Tue Oct  1 16:16:06 UTC 2019
RC 0
-rw-r--r--. 1 centos centos 1000000000 Oct  1 16:16 1G_10.dat
Tue Oct  1 16:16:09 UTC 2019
RC 0
-rw-r--r--. 1 centos centos 1000000000 Oct  1 16:16 1G_10.dat
--- Mid run ---
Tue Oct  1 16:16:11 UTC 2019
RC 0
-rw-r--r--. 1 centos centos 1000000000 Oct  1 16:16 1G_10.dat
=== Mid run end ===
Tue Oct  1 16:16:16 UTC 2019
RC 0
-rw-r--r--. 1 centos centos 1000000000 Oct  1 16:16 1G_10.dat
Tue Oct  1 16:16:21 UTC 2019
RC 0
-rw-r--r--. 1 centos centos 1000000000 Oct  1 16:16 1G_10.dat
Tue Oct  1 16:16:26 UTC 2019
RC 0
-rw-r--r--. 1 centos centos 1000000000 Oct  1 16:16 1G_10.dat
Tue Oct  1 16:16:32 UTC 2019
RC 0
-rw-r--r--. 1 centos centos 1000000000 Oct  1 16:16 1G_10.dat
Tue Oct  1 16:16:38 UTC 2019
