/dev/shm
Tue Oct  1 16:16:13 UTC 2019
Job 131
Fetching https://prp-test-us-east1.S3.amazonaws.com/3_testm/data/1G_131.dat
Tue Oct  1 16:16:13 UTC 2019
RC 0
-rw-r--r--. 1 centos centos 1000000000 Oct  1 16:16 1G_131.dat
Tue Oct  1 16:16:17 UTC 2019
RC 0
-rw-r--r--. 1 centos centos 1000000000 Oct  1 16:16 1G_131.dat
Tue Oct  1 16:16:20 UTC 2019
RC 0
-rw-r--r--. 1 centos centos 1000000000 Oct  1 16:16 1G_131.dat
--- Mid run ---
Tue Oct  1 16:16:24 UTC 2019
RC 0
-rw-r--r--. 1 centos centos 1000000000 Oct  1 16:16 1G_131.dat
=== Mid run end ===
Tue Oct  1 16:16:33 UTC 2019
RC 0
-rw-r--r--. 1 centos centos 1000000000 Oct  1 16:16 1G_131.dat
Tue Oct  1 16:16:38 UTC 2019
RC 0
-rw-r--r--. 1 centos centos 1000000000 Oct  1 16:16 1G_131.dat
Tue Oct  1 16:16:44 UTC 2019
RC 0
-rw-r--r--. 1 centos centos 1000000000 Oct  1 16:16 1G_131.dat
Tue Oct  1 16:16:48 UTC 2019
RC 0
-rw-r--r--. 1 centos centos 1000000000 Oct  1 16:16 1G_131.dat
Tue Oct  1 16:16:52 UTC 2019
