/dev/shm
Tue Oct  1 16:19:55 UTC 2019
Job 45
Fetching https://prp-test-us-east1.S3.amazonaws.com/d_testb/data/1G_45.dat
Tue Oct  1 16:19:55 UTC 2019
RC 0
-rw-r--r--. 1 centos centos 1000000000 Oct  1 16:19 1G_45.dat
Tue Oct  1 16:19:57 UTC 2019
RC 0
-rw-r--r--. 1 centos centos 1000000000 Oct  1 16:20 1G_45.dat
Tue Oct  1 16:20:01 UTC 2019
RC 0
-rw-r--r--. 1 centos centos 1000000000 Oct  1 16:20 1G_45.dat
--- Mid run ---
Tue Oct  1 16:20:05 UTC 2019
RC 0
-rw-r--r--. 1 centos centos 1000000000 Oct  1 16:20 1G_45.dat
=== Mid run end ===
Tue Oct  1 16:20:10 UTC 2019
RC 0
-rw-r--r--. 1 centos centos 1000000000 Oct  1 16:20 1G_45.dat
Tue Oct  1 16:20:19 UTC 2019
RC 0
-rw-r--r--. 1 centos centos 1000000000 Oct  1 16:20 1G_45.dat
Tue Oct  1 16:20:26 UTC 2019
RC 0
-rw-r--r--. 1 centos centos 1000000000 Oct  1 16:20 1G_45.dat
Tue Oct  1 16:20:34 UTC 2019
RC 0
-rw-r--r--. 1 centos centos 1000000000 Oct  1 16:20 1G_45.dat
Tue Oct  1 16:20:39 UTC 2019
