/dev/shm
Tue Oct  1 16:19:57 UTC 2019
Job 107
Fetching https://prp-test-us-east1.S3.amazonaws.com/b_testb/data/1G_107.dat
Tue Oct  1 16:19:57 UTC 2019
RC 0
-rw-r--r--. 1 centos centos 1000000000 Oct  1 16:20 1G_107.dat
Tue Oct  1 16:20:01 UTC 2019
RC 0
-rw-r--r--. 1 centos centos 1000000000 Oct  1 16:20 1G_107.dat
Tue Oct  1 16:20:05 UTC 2019
RC 0
-rw-r--r--. 1 centos centos 1000000000 Oct  1 16:20 1G_107.dat
--- Mid run ---
Tue Oct  1 16:20:09 UTC 2019
RC 0
-rw-r--r--. 1 centos centos 1000000000 Oct  1 16:20 1G_107.dat
=== Mid run end ===
Tue Oct  1 16:20:14 UTC 2019
RC 0
-rw-r--r--. 1 centos centos 1000000000 Oct  1 16:20 1G_107.dat
Tue Oct  1 16:20:20 UTC 2019
RC 0
-rw-r--r--. 1 centos centos 1000000000 Oct  1 16:20 1G_107.dat
Tue Oct  1 16:20:25 UTC 2019
RC 0
-rw-r--r--. 1 centos centos 1000000000 Oct  1 16:20 1G_107.dat
Tue Oct  1 16:20:31 UTC 2019
RC 0
-rw-r--r--. 1 centos centos 1000000000 Oct  1 16:20 1G_107.dat
Tue Oct  1 16:20:37 UTC 2019
