/dev/shm
Tue Oct  1 16:20:09 UTC 2019
Job 179
Fetching https://prp-test-us-east1.S3.amazonaws.com/3_testm/data/1G_179.dat
Tue Oct  1 16:20:09 UTC 2019
RC 0
-rw-r--r--. 1 centos centos 1000000000 Oct  1 16:20 1G_179.dat
Tue Oct  1 16:20:14 UTC 2019
RC 0
-rw-r--r--. 1 centos centos 1000000000 Oct  1 16:20 1G_179.dat
Tue Oct  1 16:20:19 UTC 2019
RC 0
-rw-r--r--. 1 centos centos 1000000000 Oct  1 16:20 1G_179.dat
--- Mid run ---
Tue Oct  1 16:20:25 UTC 2019
RC 0
-rw-r--r--. 1 centos centos 1000000000 Oct  1 16:20 1G_179.dat
=== Mid run end ===
Tue Oct  1 16:20:29 UTC 2019
RC 0
-rw-r--r--. 1 centos centos 1000000000 Oct  1 16:20 1G_179.dat
Tue Oct  1 16:20:33 UTC 2019
RC 0
-rw-r--r--. 1 centos centos 1000000000 Oct  1 16:20 1G_179.dat
Tue Oct  1 16:20:37 UTC 2019
RC 0
-rw-r--r--. 1 centos centos 1000000000 Oct  1 16:20 1G_179.dat
Tue Oct  1 16:20:41 UTC 2019
RC 0
-rw-r--r--. 1 centos centos 1000000000 Oct  1 16:20 1G_179.dat
Tue Oct  1 16:20:45 UTC 2019
