/dev/shm/user_slot1
Thu Oct  3 00:39:11 UTC 2019
Job 2
Fetching https://exaeastp0.blob.core.windows.net/exa-east/2_testa/data/1G_2.dat
Thu Oct  3 00:39:11 UTC 2019
RC 0
-rw-r--r--. 1 cuser1 cuser 1000000000 Oct  3 00:39 1G_2.dat
Thu Oct  3 00:39:25 UTC 2019
RC 0
-rw-r--r--. 1 cuser1 cuser 1000000000 Oct  3 00:39 1G_2.dat
Thu Oct  3 00:39:37 UTC 2019
RC 0
-rw-r--r--. 1 cuser1 cuser 1000000000 Oct  3 00:39 1G_2.dat
--- Mid run ---
Thu Oct  3 00:39:50 UTC 2019
RC 0
-rw-r--r--. 1 cuser1 cuser 1000000000 Oct  3 00:40 1G_2.dat
=== Mid run end ===
Thu Oct  3 00:40:02 UTC 2019
RC 0
-rw-r--r--. 1 cuser1 cuser 1000000000 Oct  3 00:40 1G_2.dat
Thu Oct  3 00:40:15 UTC 2019
RC 0
-rw-r--r--. 1 cuser1 cuser 1000000000 Oct  3 00:40 1G_2.dat
Thu Oct  3 00:40:28 UTC 2019
