/dev/shm/user_slot2
Thu Oct  3 00:39:10 UTC 2019
Job 9
Fetching https://exaeastp0.blob.core.windows.net/exa-east/9_testb/data/1G_9.dat
Thu Oct  3 00:39:10 UTC 2019
RC 0
-rw-r--r--. 1 cuser2 cuser 1000000000 Oct  3 00:39 1G_9.dat
Thu Oct  3 00:39:24 UTC 2019
RC 0
-rw-r--r--. 1 cuser2 cuser 1000000000 Oct  3 00:39 1G_9.dat
Thu Oct  3 00:39:38 UTC 2019
RC 0
-rw-r--r--. 1 cuser2 cuser 1000000000 Oct  3 00:39 1G_9.dat
--- Mid run ---
Thu Oct  3 00:39:50 UTC 2019
RC 0
-rw-r--r--. 1 cuser2 cuser 1000000000 Oct  3 00:40 1G_9.dat
=== Mid run end ===
Thu Oct  3 00:40:03 UTC 2019
RC 0
-rw-r--r--. 1 cuser2 cuser 1000000000 Oct  3 00:40 1G_9.dat
Thu Oct  3 00:40:14 UTC 2019
RC 0
-rw-r--r--. 1 cuser2 cuser 1000000000 Oct  3 00:40 1G_9.dat
Thu Oct  3 00:40:28 UTC 2019
