/dev/shm/user_slot4
Thu Oct  3 00:39:10 UTC 2019
Job 17
Fetching https://exaeastp0.blob.core.windows.net/exa-east/1_testa/data/1G_17.dat
Thu Oct  3 00:39:10 UTC 2019
RC 0
-rw-r--r--. 1 cuser4 cuser 1000000000 Oct  3 00:39 1G_17.dat
Thu Oct  3 00:39:21 UTC 2019
RC 0
-rw-r--r--. 1 cuser4 cuser 1000000000 Oct  3 00:39 1G_17.dat
Thu Oct  3 00:39:33 UTC 2019
RC 0
-rw-r--r--. 1 cuser4 cuser 1000000000 Oct  3 00:39 1G_17.dat
--- Mid run ---
Thu Oct  3 00:39:45 UTC 2019
RC 0
-rw-r--r--. 1 cuser4 cuser 1000000000 Oct  3 00:39 1G_17.dat
=== Mid run end ===
Thu Oct  3 00:39:58 UTC 2019
RC 0
-rw-r--r--. 1 cuser4 cuser 1000000000 Oct  3 00:40 1G_17.dat
Thu Oct  3 00:40:10 UTC 2019
RC 0
-rw-r--r--. 1 cuser4 cuser 1000000000 Oct  3 00:40 1G_17.dat
Thu Oct  3 00:40:27 UTC 2019
