Mon Sep 30 23:02:37 UTC 2019
Mon Sep 30 23:02:37 UTC 2019

real	0m6.325s
user	0m1.706s
sys	0m3.996s
Mon Sep 30 23:02:43 UTC 2019

real	0m6.099s
user	0m1.732s
sys	0m3.670s
Mon Sep 30 23:02:50 UTC 2019

real	0m0.260s
user	0m0.155s
sys	0m0.075s
ls: cannot access 1G_14.dat: No such file or directory
--- Mid run ---
Mon Sep 30 23:02:50 UTC 2019

real	0m0.272s
user	0m0.158s
sys	0m0.085s
ls: cannot access 1G_14.dat: No such file or directory
=== Mid run end ===
Mon Sep 30 23:02:50 UTC 2019

real	0m5.371s
user	0m1.687s
sys	0m3.289s
Mon Sep 30 23:02:56 UTC 2019

real	0m5.851s
user	0m1.684s
sys	0m3.305s
Mon Sep 30 23:03:02 UTC 2019
