Mon Sep 30 23:02:31 UTC 2019
Mon Sep 30 23:02:31 UTC 2019

real	0m8.490s
user	0m1.658s
sys	0m2.676s
Mon Sep 30 23:02:40 UTC 2019

real	0m6.781s
user	0m1.854s
sys	0m3.361s
Mon Sep 30 23:02:47 UTC 2019

real	0m0.279s
user	0m0.153s
sys	0m0.093s
ls: cannot access 1G_7.dat: No such file or directory
--- Mid run ---
Mon Sep 30 23:02:47 UTC 2019

real	0m7.346s
user	0m1.842s
sys	0m2.804s
=== Mid run end ===
Mon Sep 30 23:02:55 UTC 2019

real	0m7.091s
user	0m1.703s
sys	0m3.024s
Mon Sep 30 23:03:02 UTC 2019

real	0m7.572s
user	0m1.786s
sys	0m2.739s
Mon Sep 30 23:03:10 UTC 2019
