Mon Sep 30 23:03:51 UTC 2019
Mon Sep 30 23:03:51 UTC 2019

real	0m5.604s
user	0m2.130s
sys	0m3.298s
Mon Sep 30 23:03:57 UTC 2019

real	0m6.489s
user	0m2.195s
sys	0m3.790s
Mon Sep 30 23:04:04 UTC 2019

real	0m7.869s
user	0m2.131s
sys	0m5.429s
--- Mid run ---
Mon Sep 30 23:04:12 UTC 2019

real	0m6.556s
user	0m2.273s
sys	0m4.077s
=== Mid run end ===
Mon Sep 30 23:04:19 UTC 2019

real	0m7.104s
user	0m2.163s
sys	0m4.399s
Mon Sep 30 23:04:26 UTC 2019

real	0m6.330s
user	0m1.972s
sys	0m3.592s
Mon Sep 30 23:04:33 UTC 2019
