Thu Oct  3 03:25:36 UTC 2019
Thu Oct  3 03:25:36 UTC 2019

real	0m8.847s
user	0m2.051s
sys	0m3.147s
Thu Oct  3 03:25:45 UTC 2019

real	0m11.616s
user	0m1.999s
sys	0m2.223s
Thu Oct  3 03:25:57 UTC 2019

real	0m18.566s
user	0m2.019s
sys	0m2.227s
--- Mid run ---
Thu Oct  3 03:26:15 UTC 2019

real	0m10.776s
user	0m2.075s
sys	0m2.536s
=== Mid run end ===
Thu Oct  3 03:26:26 UTC 2019

real	0m9.010s
user	0m1.601s
sys	0m1.995s
Thu Oct  3 03:26:36 UTC 2019

real	0m10.133s
user	0m1.663s
sys	0m1.962s
Thu Oct  3 03:26:46 UTC 2019
