Thu Oct  3 03:25:20 UTC 2019
Thu Oct  3 03:25:20 UTC 2019

real	0m17.122s
user	0m1.570s
sys	0m1.912s
Thu Oct  3 03:25:37 UTC 2019

real	0m12.555s
user	0m1.695s
sys	0m2.414s
Thu Oct  3 03:25:49 UTC 2019

real	0m20.283s
user	0m1.867s
sys	0m2.199s
--- Mid run ---
Thu Oct  3 03:26:10 UTC 2019

real	0m19.376s
user	0m1.670s
sys	0m2.012s
=== Mid run end ===
Thu Oct  3 03:26:29 UTC 2019

real	0m9.434s
user	0m1.638s
sys	0m2.180s
Thu Oct  3 03:26:39 UTC 2019

real	0m8.749s
user	0m1.590s
sys	0m2.160s
Thu Oct  3 03:26:48 UTC 2019
