Thu Oct  3 03:22:43 UTC 2019
Thu Oct  3 03:22:43 UTC 2019

real	0m9.088s
user	0m1.616s
sys	0m2.822s
Thu Oct  3 03:22:52 UTC 2019

real	0m11.144s
user	0m1.862s
sys	0m2.941s
Thu Oct  3 03:23:04 UTC 2019

real	0m9.545s
user	0m1.940s
sys	0m2.848s
--- Mid run ---
Thu Oct  3 03:23:13 UTC 2019

real	0m10.801s
user	0m1.845s
sys	0m3.016s
=== Mid run end ===
Thu Oct  3 03:23:24 UTC 2019

real	0m14.496s
user	0m1.951s
sys	0m3.287s
Thu Oct  3 03:23:39 UTC 2019

real	0m11.443s
user	0m1.560s
sys	0m2.147s
Thu Oct  3 03:23:50 UTC 2019
