Thu Oct  3 03:25:08 UTC 2019
Thu Oct  3 03:25:08 UTC 2019

real	0m6.932s
user	0m1.221s
sys	0m1.696s
Thu Oct  3 03:25:15 UTC 2019

real	0m13.479s
user	0m1.619s
sys	0m1.667s
Thu Oct  3 03:25:29 UTC 2019

real	0m9.535s
user	0m1.681s
sys	0m2.443s
--- Mid run ---
Thu Oct  3 03:25:39 UTC 2019

real	0m10.097s
user	0m1.756s
sys	0m2.582s
=== Mid run end ===
Thu Oct  3 03:25:49 UTC 2019

real	0m13.115s
user	0m1.745s
sys	0m2.054s
Thu Oct  3 03:26:02 UTC 2019

real	0m8.764s
user	0m1.662s
sys	0m2.202s
Thu Oct  3 03:26:11 UTC 2019
