Thu Oct  3 03:22:48 UTC 2019
Thu Oct  3 03:22:48 UTC 2019

real	0m13.747s
user	0m2.128s
sys	0m2.894s
Thu Oct  3 03:23:02 UTC 2019

real	0m9.803s
user	0m1.935s
sys	0m2.869s
Thu Oct  3 03:23:12 UTC 2019

real	0m12.219s
user	0m2.220s
sys	0m3.013s
--- Mid run ---
Thu Oct  3 03:23:24 UTC 2019

real	0m12.282s
user	0m2.227s
sys	0m2.648s
=== Mid run end ===
Thu Oct  3 03:23:37 UTC 2019

real	0m4.982s
user	0m1.809s
sys	0m2.429s
Thu Oct  3 03:23:42 UTC 2019

real	0m8.341s
user	0m1.688s
sys	0m2.307s
Thu Oct  3 03:23:50 UTC 2019
