Thu Oct  3 03:22:45 UTC 2019
Thu Oct  3 03:22:45 UTC 2019

real	0m8.165s
user	0m1.538s
sys	0m2.133s
Thu Oct  3 03:22:53 UTC 2019

real	0m10.143s
user	0m1.784s
sys	0m2.332s
Thu Oct  3 03:23:03 UTC 2019

real	0m10.719s
user	0m1.750s
sys	0m2.887s
--- Mid run ---
Thu Oct  3 03:23:14 UTC 2019

real	0m16.173s
user	0m1.709s
sys	0m2.399s
=== Mid run end ===
Thu Oct  3 03:23:31 UTC 2019

real	0m7.762s
user	0m1.624s
sys	0m2.711s
Thu Oct  3 03:23:38 UTC 2019

real	0m13.523s
user	0m1.710s
sys	0m2.453s
Thu Oct  3 03:23:52 UTC 2019
