Thu Oct  3 03:22:37 UTC 2019
Thu Oct  3 03:22:37 UTC 2019

real	0m16.213s
user	0m1.687s
sys	0m2.221s
Thu Oct  3 03:22:54 UTC 2019

real	0m20.259s
user	0m1.933s
sys	0m2.674s
Thu Oct  3 03:23:14 UTC 2019

real	0m14.327s
user	0m1.872s
sys	0m2.917s
--- Mid run ---
Thu Oct  3 03:23:29 UTC 2019

real	0m13.628s
user	0m1.757s
sys	0m2.515s
=== Mid run end ===
Thu Oct  3 03:23:42 UTC 2019

real	0m10.127s
user	0m1.699s
sys	0m2.544s
Thu Oct  3 03:23:53 UTC 2019

real	0m12.337s
user	0m1.606s
sys	0m2.289s
Thu Oct  3 03:24:05 UTC 2019
