Thu Oct  3 03:22:34 UTC 2019
Thu Oct  3 03:22:34 UTC 2019

real	0m16.560s
user	0m2.067s
sys	0m2.699s
Thu Oct  3 03:22:51 UTC 2019

real	0m11.901s
user	0m2.271s
sys	0m4.128s
Thu Oct  3 03:23:03 UTC 2019

real	0m8.715s
user	0m1.940s
sys	0m3.013s
--- Mid run ---
Thu Oct  3 03:23:12 UTC 2019

real	0m11.363s
user	0m1.999s
sys	0m2.521s
=== Mid run end ===
Thu Oct  3 03:23:23 UTC 2019

real	0m14.278s
user	0m2.087s
sys	0m3.052s
Thu Oct  3 03:23:38 UTC 2019

real	0m12.657s
user	0m1.804s
sys	0m2.161s
Thu Oct  3 03:23:50 UTC 2019
