Thu Oct  3 03:22:27 UTC 2019
Thu Oct  3 03:22:27 UTC 2019

real	0m7.948s
user	0m1.377s
sys	0m1.709s
Thu Oct  3 03:22:35 UTC 2019

real	0m30.048s
user	0m2.131s
sys	0m2.051s
Thu Oct  3 03:23:05 UTC 2019

real	0m36.117s
user	0m2.473s
sys	0m2.397s
--- Mid run ---
Thu Oct  3 03:23:41 UTC 2019

real	0m13.418s
user	0m1.805s
sys	0m2.195s
=== Mid run end ===
Thu Oct  3 03:23:55 UTC 2019

real	0m9.900s
user	0m1.580s
sys	0m1.816s
Thu Oct  3 03:24:05 UTC 2019

real	0m8.419s
user	0m1.242s
sys	0m1.733s
Thu Oct  3 03:24:13 UTC 2019
