Thu Oct  3 03:22:48 UTC 2019
Thu Oct  3 03:22:48 UTC 2019

real	0m13.745s
user	0m2.025s
sys	0m2.735s
Thu Oct  3 03:23:02 UTC 2019

real	0m10.531s
user	0m2.035s
sys	0m2.869s
Thu Oct  3 03:23:12 UTC 2019

real	0m11.958s
user	0m1.904s
sys	0m2.265s
--- Mid run ---
Thu Oct  3 03:23:24 UTC 2019

real	0m13.640s
user	0m1.614s
sys	0m2.236s
=== Mid run end ===
Thu Oct  3 03:23:38 UTC 2019

real	0m9.249s
user	0m1.523s
sys	0m1.724s
Thu Oct  3 03:23:48 UTC 2019

real	0m10.835s
user	0m1.474s
sys	0m1.625s
Thu Oct  3 03:23:59 UTC 2019
