Thu Oct  3 03:25:19 UTC 2019
Thu Oct  3 03:25:19 UTC 2019

real	0m4.374s
user	0m1.253s
sys	0m1.523s
Thu Oct  3 03:25:23 UTC 2019

real	0m9.636s
user	0m1.648s
sys	0m2.070s
Thu Oct  3 03:25:33 UTC 2019

real	0m11.434s
user	0m2.091s
sys	0m2.718s
--- Mid run ---
Thu Oct  3 03:25:45 UTC 2019

real	0m12.201s
user	0m1.941s
sys	0m2.408s
=== Mid run end ===
Thu Oct  3 03:25:57 UTC 2019

real	0m32.102s
user	0m0.734s
sys	0m0.094s
ls: cannot access 1G_115.dat: No such file or directory
Thu Oct  3 03:26:29 UTC 2019

real	0m5.665s
user	0m1.794s
sys	0m2.192s
Thu Oct  3 03:26:35 UTC 2019
