Thu Oct  3 03:22:32 UTC 2019
Thu Oct  3 03:22:32 UTC 2019

real	0m11.323s
user	0m1.685s
sys	0m1.730s
Thu Oct  3 03:22:44 UTC 2019

real	0m9.121s
user	0m1.832s
sys	0m2.237s
Thu Oct  3 03:22:53 UTC 2019

real	0m8.880s
user	0m1.782s
sys	0m2.509s
--- Mid run ---
Thu Oct  3 03:23:02 UTC 2019

real	0m12.623s
user	0m1.821s
sys	0m2.307s
=== Mid run end ===
Thu Oct  3 03:23:15 UTC 2019

real	0m8.295s
user	0m1.767s
sys	0m2.263s
Thu Oct  3 03:23:23 UTC 2019

real	0m16.176s
user	0m2.059s
sys	0m3.072s
Thu Oct  3 03:23:40 UTC 2019
