Thu Oct  3 03:22:31 UTC 2019
Thu Oct  3 03:22:31 UTC 2019

real	0m8.410s
user	0m1.341s
sys	0m2.140s
Thu Oct  3 03:22:40 UTC 2019

real	0m14.808s
user	0m1.476s
sys	0m2.224s
Thu Oct  3 03:22:55 UTC 2019

real	0m7.805s
user	0m1.482s
sys	0m2.667s
--- Mid run ---
Thu Oct  3 03:23:03 UTC 2019

real	0m24.756s
user	0m1.950s
sys	0m2.787s
=== Mid run end ===
Thu Oct  3 03:23:27 UTC 2019

real	0m9.656s
user	0m1.574s
sys	0m2.622s
Thu Oct  3 03:23:37 UTC 2019

real	0m14.268s
user	0m1.745s
sys	0m2.755s
Thu Oct  3 03:23:52 UTC 2019
