Thu Oct  3 03:22:35 UTC 2019
Thu Oct  3 03:22:35 UTC 2019

real	0m15.676s
user	0m2.097s
sys	0m2.403s
Thu Oct  3 03:22:51 UTC 2019

real	0m20.729s
user	0m2.336s
sys	0m2.626s
Thu Oct  3 03:23:12 UTC 2019

real	0m13.495s
user	0m2.084s
sys	0m2.734s
--- Mid run ---
Thu Oct  3 03:23:25 UTC 2019

real	0m12.032s
user	0m2.140s
sys	0m2.699s
=== Mid run end ===
Thu Oct  3 03:23:38 UTC 2019

real	0m3.712s
user	0m1.314s
sys	0m1.698s
Thu Oct  3 03:23:41 UTC 2019

real	0m7.513s
user	0m1.989s
sys	0m3.057s
Thu Oct  3 03:23:49 UTC 2019
