Thu Oct  3 03:22:25 UTC 2019
Thu Oct  3 03:22:25 UTC 2019

real	0m4.011s
user	0m1.152s
sys	0m1.486s
Thu Oct  3 03:22:29 UTC 2019

real	0m5.267s
user	0m1.235s
sys	0m1.371s
Thu Oct  3 03:22:34 UTC 2019

real	0m8.134s
user	0m1.687s
sys	0m2.020s
--- Mid run ---
Thu Oct  3 03:22:43 UTC 2019

real	0m8.084s
user	0m1.560s
sys	0m1.800s
=== Mid run end ===
Thu Oct  3 03:22:51 UTC 2019

real	0m9.451s
user	0m1.718s
sys	0m2.166s
Thu Oct  3 03:23:00 UTC 2019

real	0m23.780s
user	0m2.217s
sys	0m2.830s
Thu Oct  3 03:23:24 UTC 2019
