Thu Oct  3 03:25:09 UTC 2019
Thu Oct  3 03:25:09 UTC 2019

real	0m3.287s
user	0m1.324s
sys	0m1.561s
Thu Oct  3 03:25:13 UTC 2019

real	0m3.845s
user	0m1.347s
sys	0m1.556s
Thu Oct  3 03:25:17 UTC 2019

real	0m16.128s
user	0m1.984s
sys	0m2.321s
--- Mid run ---
Thu Oct  3 03:25:33 UTC 2019

real	0m15.977s
user	0m2.081s
sys	0m2.881s
=== Mid run end ===
Thu Oct  3 03:25:49 UTC 2019

real	0m9.034s
user	0m2.216s
sys	0m3.174s
Thu Oct  3 03:25:58 UTC 2019

real	0m9.330s
user	0m2.056s
sys	0m2.811s
Thu Oct  3 03:26:07 UTC 2019
