Thu Oct  3 03:22:25 UTC 2019
Thu Oct  3 03:22:25 UTC 2019

real	0m4.447s
user	0m1.265s
sys	0m1.578s
Thu Oct  3 03:22:29 UTC 2019

real	0m8.408s
user	0m1.397s
sys	0m1.524s
Thu Oct  3 03:22:38 UTC 2019

real	0m4.360s
user	0m1.624s
sys	0m1.992s
--- Mid run ---
Thu Oct  3 03:22:42 UTC 2019

real	0m9.860s
user	0m1.860s
sys	0m2.829s
=== Mid run end ===
Thu Oct  3 03:22:52 UTC 2019

real	0m8.701s
user	0m2.169s
sys	0m2.987s
Thu Oct  3 03:23:01 UTC 2019

real	0m13.611s
user	0m2.345s
sys	0m3.844s
Thu Oct  3 03:23:15 UTC 2019
