Thu Oct  3 03:22:41 UTC 2019
Thu Oct  3 03:22:41 UTC 2019

real	0m13.314s
user	0m1.516s
sys	0m1.822s
Thu Oct  3 03:22:54 UTC 2019

real	0m9.861s
user	0m1.647s
sys	0m2.639s
Thu Oct  3 03:23:04 UTC 2019

real	0m10.485s
user	0m1.820s
sys	0m2.383s
--- Mid run ---
Thu Oct  3 03:23:15 UTC 2019

real	0m11.651s
user	0m1.655s
sys	0m2.586s
=== Mid run end ===
Thu Oct  3 03:23:26 UTC 2019

real	0m13.836s
user	0m1.769s
sys	0m2.393s
Thu Oct  3 03:23:40 UTC 2019

real	0m10.519s
user	0m1.493s
sys	0m1.808s
Thu Oct  3 03:23:51 UTC 2019
