Thu Oct  3 03:22:53 UTC 2019
Thu Oct  3 03:22:53 UTC 2019

real	0m9.641s
user	0m1.796s
sys	0m4.054s
Thu Oct  3 03:23:03 UTC 2019

real	0m12.068s
user	0m2.031s
sys	0m4.928s
Thu Oct  3 03:23:15 UTC 2019

real	0m12.319s
user	0m1.876s
sys	0m4.990s
--- Mid run ---
Thu Oct  3 03:23:27 UTC 2019

real	0m11.906s
user	0m1.942s
sys	0m4.452s
=== Mid run end ===
Thu Oct  3 03:23:39 UTC 2019

real	0m11.788s
user	0m1.773s
sys	0m3.996s
Thu Oct  3 03:23:51 UTC 2019

real	0m12.201s
user	0m1.802s
sys	0m3.617s
Thu Oct  3 03:24:04 UTC 2019
