Thu Oct  3 03:25:28 UTC 2019
Thu Oct  3 03:25:28 UTC 2019

real	0m7.175s
user	0m1.507s
sys	0m2.627s
Thu Oct  3 03:25:35 UTC 2019

real	0m22.060s
user	0m1.815s
sys	0m2.598s
Thu Oct  3 03:25:57 UTC 2019

real	0m29.017s
user	0m1.790s
sys	0m2.125s
--- Mid run ---
Thu Oct  3 03:26:26 UTC 2019

real	0m9.635s
user	0m1.482s
sys	0m2.133s
=== Mid run end ===
Thu Oct  3 03:26:36 UTC 2019

real	0m10.696s
user	0m1.596s
sys	0m2.505s
Thu Oct  3 03:26:47 UTC 2019

real	0m9.414s
user	0m1.370s
sys	0m1.902s
Thu Oct  3 03:26:56 UTC 2019
