Thu Oct  3 03:25:34 UTC 2019
Thu Oct  3 03:25:34 UTC 2019

real	0m10.411s
user	0m1.997s
sys	0m2.638s
Thu Oct  3 03:25:44 UTC 2019

real	0m10.967s
user	0m2.053s
sys	0m2.682s
Thu Oct  3 03:25:55 UTC 2019

real	0m11.085s
user	0m1.975s
sys	0m2.563s
--- Mid run ---
Thu Oct  3 03:26:07 UTC 2019

real	0m8.499s
user	0m1.576s
sys	0m2.125s
=== Mid run end ===
Thu Oct  3 03:26:15 UTC 2019

real	0m11.158s
user	0m1.955s
sys	0m2.496s
Thu Oct  3 03:26:27 UTC 2019

real	0m9.584s
user	0m1.763s
sys	0m2.300s
Thu Oct  3 03:26:36 UTC 2019
