Thu Oct  3 03:25:10 UTC 2019
Thu Oct  3 03:25:10 UTC 2019

real	0m9.078s
user	0m1.210s
sys	0m1.784s
Thu Oct  3 03:25:19 UTC 2019

real	0m17.313s
user	0m1.600s
sys	0m1.973s
Thu Oct  3 03:25:36 UTC 2019

real	0m12.301s
user	0m1.771s
sys	0m2.537s
--- Mid run ---
Thu Oct  3 03:25:49 UTC 2019

real	0m9.949s
user	0m1.761s
sys	0m2.323s
=== Mid run end ===
Thu Oct  3 03:25:59 UTC 2019

real	0m11.072s
user	0m1.776s
sys	0m2.330s
Thu Oct  3 03:26:10 UTC 2019

real	0m9.149s
user	0m1.502s
sys	0m1.978s
Thu Oct  3 03:26:19 UTC 2019
