Thu Oct  3 03:25:25 UTC 2019
Thu Oct  3 03:25:25 UTC 2019

real	0m8.518s
user	0m1.872s
sys	0m2.449s
Thu Oct  3 03:25:34 UTC 2019

real	0m11.247s
user	0m2.043s
sys	0m2.688s
Thu Oct  3 03:25:45 UTC 2019

real	0m12.567s
user	0m2.199s
sys	0m3.723s
--- Mid run ---
Thu Oct  3 03:25:58 UTC 2019

real	0m18.834s
user	0m2.340s
sys	0m2.520s
=== Mid run end ===
Thu Oct  3 03:26:17 UTC 2019

real	0m8.387s
user	0m2.018s
sys	0m2.218s
Thu Oct  3 03:26:25 UTC 2019

real	0m18.002s
user	0m1.754s
sys	0m1.694s
Thu Oct  3 03:26:44 UTC 2019
