Thu Oct  3 03:22:42 UTC 2019
Thu Oct  3 03:22:42 UTC 2019

real	0m9.895s
user	0m1.585s
sys	0m2.317s
Thu Oct  3 03:22:52 UTC 2019

real	0m11.094s
user	0m1.886s
sys	0m3.153s
Thu Oct  3 03:23:03 UTC 2019

real	0m12.622s
user	0m1.765s
sys	0m2.891s
--- Mid run ---
Thu Oct  3 03:23:16 UTC 2019

real	0m11.645s
user	0m1.756s
sys	0m3.551s
=== Mid run end ===
Thu Oct  3 03:23:28 UTC 2019

real	0m11.215s
user	0m1.740s
sys	0m2.867s
Thu Oct  3 03:23:39 UTC 2019

real	0m12.359s
user	0m1.654s
sys	0m2.273s
Thu Oct  3 03:23:51 UTC 2019
