Thu Oct  3 03:25:16 UTC 2019
Thu Oct  3 03:25:16 UTC 2019

real	0m7.343s
user	0m1.351s
sys	0m1.544s
Thu Oct  3 03:25:24 UTC 2019

real	0m9.662s
user	0m1.776s
sys	0m2.247s
Thu Oct  3 03:25:34 UTC 2019

real	0m8.955s
user	0m1.996s
sys	0m2.459s
--- Mid run ---
Thu Oct  3 03:25:43 UTC 2019

real	0m13.552s
user	0m2.375s
sys	0m2.542s
=== Mid run end ===
Thu Oct  3 03:25:57 UTC 2019

real	0m19.529s
user	0m2.398s
sys	0m2.792s
Thu Oct  3 03:26:16 UTC 2019

real	0m8.984s
user	0m2.059s
sys	0m2.668s
Thu Oct  3 03:26:25 UTC 2019
