Thu Oct  3 03:25:32 UTC 2019
Thu Oct  3 03:25:32 UTC 2019

real	0m14.240s
user	0m2.036s
sys	0m2.769s
Thu Oct  3 03:25:47 UTC 2019

real	0m10.127s
user	0m1.952s
sys	0m2.674s
Thu Oct  3 03:25:57 UTC 2019

real	0m9.193s
user	0m2.072s
sys	0m2.670s
--- Mid run ---
Thu Oct  3 03:26:06 UTC 2019

real	0m10.495s
user	0m1.932s
sys	0m2.885s
=== Mid run end ===
Thu Oct  3 03:26:17 UTC 2019

real	0m7.272s
user	0m1.534s
sys	0m2.244s
Thu Oct  3 03:26:24 UTC 2019

real	0m11.306s
user	0m1.901s
sys	0m2.416s
Thu Oct  3 03:26:36 UTC 2019
