Thu Oct  3 03:22:38 UTC 2019
Thu Oct  3 03:22:38 UTC 2019

real	0m12.414s
user	0m1.418s
sys	0m2.048s
Thu Oct  3 03:22:51 UTC 2019

real	0m13.266s
user	0m1.620s
sys	0m2.415s
Thu Oct  3 03:23:04 UTC 2019

real	0m9.383s
user	0m1.687s
sys	0m2.552s
--- Mid run ---
Thu Oct  3 03:23:14 UTC 2019

real	0m13.988s
user	0m1.616s
sys	0m2.408s
=== Mid run end ===
Thu Oct  3 03:23:28 UTC 2019

real	0m10.033s
user	0m1.691s
sys	0m2.362s
Thu Oct  3 03:23:38 UTC 2019

real	0m13.196s
user	0m1.749s
sys	0m2.524s
Thu Oct  3 03:23:51 UTC 2019
