Thu Oct  3 03:25:36 UTC 2019
Thu Oct  3 03:25:36 UTC 2019

real	0m12.066s
user	0m1.789s
sys	0m2.555s
Thu Oct  3 03:25:48 UTC 2019

real	0m13.090s
user	0m1.796s
sys	0m2.339s
Thu Oct  3 03:26:01 UTC 2019

real	0m9.348s
user	0m1.684s
sys	0m2.655s
--- Mid run ---
Thu Oct  3 03:26:11 UTC 2019

real	0m9.379s
user	0m1.610s
sys	0m2.161s
=== Mid run end ===
Thu Oct  3 03:26:20 UTC 2019

real	0m10.121s
user	0m1.625s
sys	0m2.575s
Thu Oct  3 03:26:31 UTC 2019

real	0m8.961s
user	0m1.547s
sys	0m2.226s
Thu Oct  3 03:26:40 UTC 2019
