/dev/shm
Slot slot1
Fetching 1G_1.dat from osg.newy32aoa.nrp.internet2.edu
Wed Oct  2 19:01:24 UTC 2019
RC 0
-rw-r--r--. 1 cuser1 cuser 1048576000 Oct  2 19:01 1G_1.dat
--- Mid run ---
Wed Oct  2 19:01:46 UTC 2019
RC 0
-rw-r--r--. 1 cuser1 cuser 1048576000 Oct  2 19:02 1G_1.dat
=== Mid run end ===
Wed Oct  2 19:02:03 UTC 2019
RC 0
-rw-r--r--. 1 cuser1 cuser 1048576000 Oct  2 19:02 1G_1.dat
Wed Oct  2 19:02:20 UTC 2019
RC 0
-rw-r--r--. 1 cuser1 cuser 1048576000 Oct  2 19:02 1G_1.dat
Wed Oct  2 19:02:37 UTC 2019
RC 0
-rw-r--r--. 1 cuser1 cuser 1048576000 Oct  2 19:02 1G_1.dat
Wed Oct  2 19:02:56 UTC 2019
RC 0
-rw-r--r--. 1 cuser1 cuser 1048576000 Oct  2 19:03 1G_1.dat
Wed Oct  2 19:03:13 UTC 2019
