/dev/shm
Slot slot4
Fetching 1G_4.dat from osg.newy32aoa.nrp.internet2.edu
Wed Oct  2 19:01:24 UTC 2019
RC 0
-rw-r--r--. 1 cuser4 cuser 1048576000 Oct  2 19:01 1G_4.dat
--- Mid run ---
Wed Oct  2 19:01:42 UTC 2019
RC 0
-rw-r--r--. 1 cuser4 cuser 1048576000 Oct  2 19:01 1G_4.dat
=== Mid run end ===
Wed Oct  2 19:01:59 UTC 2019
RC 0
-rw-r--r--. 1 cuser4 cuser 1048576000 Oct  2 19:02 1G_4.dat
Wed Oct  2 19:02:17 UTC 2019
RC 0
-rw-r--r--. 1 cuser4 cuser 1048576000 Oct  2 19:02 1G_4.dat
Wed Oct  2 19:02:34 UTC 2019
RC 0
-rw-r--r--. 1 cuser4 cuser 1048576000 Oct  2 19:02 1G_4.dat
Wed Oct  2 19:02:51 UTC 2019
RC 0
-rw-r--r--. 1 cuser4 cuser 1048576000 Oct  2 19:03 1G_4.dat
Wed Oct  2 19:03:08 UTC 2019
