Mon Sep 30 22:13:04 UTC 2019
Mon Sep 30 22:13:04 UTC 2019

real	0m6.517s
user	0m0.726s
sys	0m2.926s
Mon Sep 30 22:13:11 UTC 2019

real	0m6.585s
user	0m0.670s
sys	0m2.965s
Mon Sep 30 22:13:18 UTC 2019

real	0m8.034s
user	0m0.735s
sys	0m2.500s
--- Mid run ---
Mon Sep 30 22:13:26 UTC 2019

real	0m7.418s
user	0m0.777s
sys	0m2.658s
=== Mid run end ===
Mon Sep 30 22:13:33 UTC 2019

real	0m7.091s
user	0m0.760s
sys	0m2.891s
Mon Sep 30 22:13:41 UTC 2019

real	0m6.829s
user	0m0.719s
sys	0m2.518s
Mon Sep 30 22:13:48 UTC 2019
