/dev/shm/user_slot3
Thu Oct  3 03:25:19 UTC 2019
Job 114
Fetching https://exaeastp0.blob.core.windows.net/exa-east/2_testb/data/1G_114.dat
Thu Oct  3 03:25:19 UTC 2019
RC 0
-rw-r--r--. 1 centos centos 1000000000 Oct  3 03:25 1G_114.dat
Thu Oct  3 03:25:24 UTC 2019
RC 0
-rw-r--r--. 1 centos centos 1000000000 Oct  3 03:25 1G_114.dat
Thu Oct  3 03:25:34 UTC 2019
RC 0
-rw-r--r--. 1 centos centos 1000000000 Oct  3 03:25 1G_114.dat
--- Mid run ---
Thu Oct  3 03:25:43 UTC 2019
RC 0
-rw-r--r--. 1 centos centos 1000000000 Oct  3 03:25 1G_114.dat
=== Mid run end ===
Thu Oct  3 03:25:58 UTC 2019
RC 0
-rw-r--r--. 1 centos centos 1000000000 Oct  3 03:26 1G_114.dat
Thu Oct  3 03:26:07 UTC 2019
RC 0
-rw-r--r--. 1 centos centos 1000000000 Oct  3 03:26 1G_114.dat
Thu Oct  3 03:26:17 UTC 2019
