/dev/shm/user_slot2
Thu Oct  3 03:25:13 UTC 2019
Job 47
Fetching https://exaeastp0.blob.core.windows.net/exa-east/f_testa/data/1G_47.dat
Thu Oct  3 03:25:13 UTC 2019
RC 0
-rw-r--r--. 1 centos centos 1000000000 Oct  3 03:25 1G_47.dat
Thu Oct  3 03:25:19 UTC 2019
RC 0
-rw-r--r--. 1 centos centos 1000000000 Oct  3 03:25 1G_47.dat
Thu Oct  3 03:25:41 UTC 2019
RC 0
-rw-r--r--. 1 centos centos 1000000000 Oct  3 03:26 1G_47.dat
--- Mid run ---
Thu Oct  3 03:26:01 UTC 2019
RC 0
-rw-r--r--. 1 centos centos 1000000000 Oct  3 03:26 1G_47.dat
=== Mid run end ===
Thu Oct  3 03:26:20 UTC 2019
RC 0
-rw-r--r--. 1 centos centos 1000000000 Oct  3 03:26 1G_47.dat
Thu Oct  3 03:26:37 UTC 2019
RC 0
-rw-r--r--. 1 centos centos 1000000000 Oct  3 03:26 1G_47.dat
Thu Oct  3 03:26:50 UTC 2019
