/dev/shm/user_slot6
Thu Oct  3 03:25:29 UTC 2019
Job 66
Fetching https://exaeastp0.blob.core.windows.net/exa-east/2_testm/data/1G_66.dat
Thu Oct  3 03:25:29 UTC 2019
RC 0
-rw-r--r--. 1 centos centos 1000000000 Oct  3 03:25 1G_66.dat
Thu Oct  3 03:25:38 UTC 2019
RC 0
-rw-r--r--. 1 centos centos 1000000000 Oct  3 03:25 1G_66.dat
Thu Oct  3 03:25:48 UTC 2019
RC 0
-rw-r--r--. 1 centos centos 1000000000 Oct  3 03:26 1G_66.dat
--- Mid run ---
Thu Oct  3 03:26:01 UTC 2019
RC 0
-rw-r--r--. 1 centos centos 1000000000 Oct  3 03:26 1G_66.dat
=== Mid run end ===
Thu Oct  3 03:26:21 UTC 2019
RC 0
-rw-r--r--. 1 centos centos 1000000000 Oct  3 03:26 1G_66.dat
Thu Oct  3 03:26:28 UTC 2019
RC 0
-rw-r--r--. 1 centos centos 1000000000 Oct  3 03:26 1G_66.dat
Thu Oct  3 03:26:50 UTC 2019
