/dev/shm/user_slot1
Thu Oct  3 03:25:12 UTC 2019
Job 36
Fetching https://exaeastp0.blob.core.windows.net/exa-east/4_testb/data/1G_36.dat
Thu Oct  3 03:25:12 UTC 2019
RC 0
-rw-r--r--. 1 centos centos 1000000000 Oct  3 03:25 1G_36.dat
Thu Oct  3 03:25:15 UTC 2019
RC 0
-rw-r--r--. 1 centos centos 1000000000 Oct  3 03:25 1G_36.dat
Thu Oct  3 03:25:23 UTC 2019
RC 0
-rw-r--r--. 1 centos centos 1000000000 Oct  3 03:25 1G_36.dat
--- Mid run ---
Thu Oct  3 03:25:34 UTC 2019
RC 0
-rw-r--r--. 1 centos centos 1000000000 Oct  3 03:25 1G_36.dat
=== Mid run end ===
Thu Oct  3 03:25:47 UTC 2019
RC 0
-rw-r--r--. 1 centos centos 1000000000 Oct  3 03:25 1G_36.dat
Thu Oct  3 03:25:59 UTC 2019
RC 0
-rw-r--r--. 1 centos centos 1000000000 Oct  3 03:26 1G_36.dat
Thu Oct  3 03:26:10 UTC 2019
