/dev/shm/user_slot6
Thu Oct  3 03:22:47 UTC 2019
Job 89
Fetching https://exaeastp0.blob.core.windows.net/exa-east/9_testm/data/1G_89.dat
Thu Oct  3 03:22:47 UTC 2019
RC 0
-rw-r--r--. 1 centos centos 1000000000 Oct  3 03:22 1G_89.dat
Thu Oct  3 03:22:53 UTC 2019
RC 0
-rw-r--r--. 1 centos centos 1000000000 Oct  3 03:23 1G_89.dat
Thu Oct  3 03:23:13 UTC 2019
RC 0
-rw-r--r--. 1 centos centos 1000000000 Oct  3 03:23 1G_89.dat
--- Mid run ---
Thu Oct  3 03:23:26 UTC 2019
RC 0
-rw-r--r--. 1 centos centos 1000000000 Oct  3 03:23 1G_89.dat
=== Mid run end ===
Thu Oct  3 03:23:38 UTC 2019
RC 0
-rw-r--r--. 1 centos centos 1000000000 Oct  3 03:23 1G_89.dat
Thu Oct  3 03:23:51 UTC 2019
RC 0
-rw-r--r--. 1 centos centos 1000000000 Oct  3 03:24 1G_89.dat
Thu Oct  3 03:24:01 UTC 2019
