/dev/shm/user_slot4
Thu Oct  3 03:22:38 UTC 2019
Job 159
Fetching https://exaeastp0.blob.core.windows.net/exa-east/f_testm/data/1G_159.dat
Thu Oct  3 03:22:38 UTC 2019
RC 0
-rw-r--r--. 1 centos centos 1000000000 Oct  3 03:22 1G_159.dat
Thu Oct  3 03:22:42 UTC 2019
RC 0
-rw-r--r--. 1 centos centos 1000000000 Oct  3 03:22 1G_159.dat
Thu Oct  3 03:22:51 UTC 2019
RC 0
-rw-r--r--. 1 centos centos 1000000000 Oct  3 03:23 1G_159.dat
--- Mid run ---
Thu Oct  3 03:23:02 UTC 2019
RC 0
-rw-r--r--. 1 centos centos 1000000000 Oct  3 03:23 1G_159.dat
=== Mid run end ===
Thu Oct  3 03:23:12 UTC 2019
RC 0
-rw-r--r--. 1 centos centos 1000000000 Oct  3 03:23 1G_159.dat
Thu Oct  3 03:23:26 UTC 2019
RC 0
-rw-r--r--. 1 centos centos 1000000000 Oct  3 03:23 1G_159.dat
Thu Oct  3 03:23:39 UTC 2019
