/dev/shm/user_slot2
Thu Oct  3 03:22:29 UTC 2019
Job 64
Fetching https://exaeastp0.blob.core.windows.net/exa-east/0_testm/data/1G_64.dat
Thu Oct  3 03:22:29 UTC 2019
RC 0
-rw-r--r--. 1 centos centos 1000000000 Oct  3 03:22 1G_64.dat
Thu Oct  3 03:22:39 UTC 2019
RC 0
-rw-r--r--. 1 centos centos 1000000000 Oct  3 03:22 1G_64.dat
Thu Oct  3 03:22:56 UTC 2019
RC 0
-rw-r--r--. 1 centos centos 1000000000 Oct  3 03:23 1G_64.dat
--- Mid run ---
Thu Oct  3 03:23:05 UTC 2019
RC 0
-rw-r--r--. 1 centos centos 1000000000 Oct  3 03:23 1G_64.dat
=== Mid run end ===
Thu Oct  3 03:23:14 UTC 2019
RC 0
-rw-r--r--. 1 centos centos 1000000000 Oct  3 03:23 1G_64.dat
Thu Oct  3 03:23:28 UTC 2019
RC 0
-rw-r--r--. 1 centos centos 1000000000 Oct  3 03:23 1G_64.dat
Thu Oct  3 03:23:39 UTC 2019
