/dev/shm/user_slot7
Thu Oct  3 03:25:34 UTC 2019
Job 124
Fetching https://exaeastp0.blob.core.windows.net/exa-east/c_testa/data/1G_124.dat
Thu Oct  3 03:25:34 UTC 2019
RC 0
-rw-r--r--. 1 centos centos 1000000000 Oct  3 03:25 1G_124.dat
Thu Oct  3 03:25:47 UTC 2019
RC 0
-rw-r--r--. 1 centos centos 1000000000 Oct  3 03:26 1G_124.dat
Thu Oct  3 03:26:01 UTC 2019
RC 0
-rw-r--r--. 1 centos centos 1000000000 Oct  3 03:26 1G_124.dat
--- Mid run ---
Thu Oct  3 03:26:09 UTC 2019
RC 0
-rw-r--r--. 1 centos centos 1000000000 Oct  3 03:26 1G_124.dat
=== Mid run end ===
Thu Oct  3 03:26:19 UTC 2019
RC 0
-rw-r--r--. 1 centos centos 1000000000 Oct  3 03:26 1G_124.dat
Thu Oct  3 03:26:37 UTC 2019
RC 0
-rw-r--r--. 1 centos centos 1000000000 Oct  3 03:26 1G_124.dat
Thu Oct  3 03:26:49 UTC 2019
