/dev/shm/user_slot1
Thu Oct  3 03:22:26 UTC 2019
Job 23
Fetching https://exaeastp0.blob.core.windows.net/exa-east/7_testb/data/1G_23.dat
Thu Oct  3 03:22:26 UTC 2019
RC 0
-rw-r--r--. 1 centos centos 1000000000 Oct  3 03:22 1G_23.dat
Thu Oct  3 03:22:33 UTC 2019
RC 0
-rw-r--r--. 1 centos centos 1000000000 Oct  3 03:22 1G_23.dat
Thu Oct  3 03:22:47 UTC 2019
RC 0
-rw-r--r--. 1 centos centos 1000000000 Oct  3 03:23 1G_23.dat
--- Mid run ---
Thu Oct  3 03:23:05 UTC 2019
RC 0
-rw-r--r--. 1 centos centos 1000000000 Oct  3 03:23 1G_23.dat
=== Mid run end ===
Thu Oct  3 03:23:17 UTC 2019
RC 0
-rw-r--r--. 1 centos centos 1000000000 Oct  3 03:23 1G_23.dat
Thu Oct  3 03:23:28 UTC 2019
RC 0
-rw-r--r--. 1 centos centos 1000000000 Oct  3 03:23 1G_23.dat
Thu Oct  3 03:23:44 UTC 2019
