/dev/shm/user_slot4
Thu Oct  3 03:22:36 UTC 2019
Job 130
Fetching https://exaeastp0.blob.core.windows.net/exa-east/2_testa/data/1G_130.dat
Thu Oct  3 03:22:36 UTC 2019
RC 0
-rw-r--r--. 1 centos centos 1000000000 Oct  3 03:22 1G_130.dat
Thu Oct  3 03:22:54 UTC 2019
RC 0
-rw-r--r--. 1 centos centos 1000000000 Oct  3 03:23 1G_130.dat
Thu Oct  3 03:23:03 UTC 2019
RC 0
-rw-r--r--. 1 centos centos 1000000000 Oct  3 03:23 1G_130.dat
--- Mid run ---
Thu Oct  3 03:23:12 UTC 2019
RC 0
-rw-r--r--. 1 centos centos 1000000000 Oct  3 03:23 1G_130.dat
=== Mid run end ===
Thu Oct  3 03:23:25 UTC 2019
RC 0
-rw-r--r--. 1 centos centos 1000000000 Oct  3 03:23 1G_130.dat
Thu Oct  3 03:23:39 UTC 2019
RC 0
-rw-r--r--. 1 centos centos 1000000000 Oct  3 03:23 1G_130.dat
Thu Oct  3 03:23:51 UTC 2019
