/dev/shm/user_slot8
Thu Oct  3 03:25:38 UTC 2019
Job 6
Fetching https://exaeastp0.blob.core.windows.net/exa-east/6_testb/data/1G_6.dat
Thu Oct  3 03:25:38 UTC 2019
RC 0
-rw-r--r--. 1 centos centos 1000000000 Oct  3 03:25 1G_6.dat
Thu Oct  3 03:25:48 UTC 2019
RC 0
-rw-r--r--. 1 centos centos 1000000000 Oct  3 03:26 1G_6.dat
Thu Oct  3 03:26:01 UTC 2019
RC 0
-rw-r--r--. 1 centos centos 1000000000 Oct  3 03:26 1G_6.dat
--- Mid run ---
Thu Oct  3 03:26:08 UTC 2019
RC 0
-rw-r--r--. 1 centos centos 1000000000 Oct  3 03:26 1G_6.dat
=== Mid run end ===
Thu Oct  3 03:26:21 UTC 2019
RC 0
-rw-r--r--. 1 centos centos 1000000000 Oct  3 03:26 1G_6.dat
Thu Oct  3 03:26:30 UTC 2019
RC 0
-rw-r--r--. 1 centos centos 1000000000 Oct  3 03:26 1G_6.dat
Thu Oct  3 03:26:38 UTC 2019
