/dev/shm/user_slot5
Thu Oct  3 03:25:24 UTC 2019
Job 16
Fetching https://exaeastp0.blob.core.windows.net/exa-east/0_testb/data/1G_16.dat
Thu Oct  3 03:25:24 UTC 2019
RC 0
-rw-r--r--. 1 centos centos 1000000000 Oct  3 03:25 1G_16.dat
Thu Oct  3 03:25:35 UTC 2019
RC 0
-rw-r--r--. 1 centos centos 1000000000 Oct  3 03:25 1G_16.dat
Thu Oct  3 03:25:48 UTC 2019
RC 0
-rw-r--r--. 1 centos centos 1000000000 Oct  3 03:25 1G_16.dat
--- Mid run ---
Thu Oct  3 03:25:59 UTC 2019
RC 0
-rw-r--r--. 1 centos centos 1000000000 Oct  3 03:26 1G_16.dat
=== Mid run end ===
Thu Oct  3 03:26:19 UTC 2019
RC 0
-rw-r--r--. 1 centos centos 1000000000 Oct  3 03:26 1G_16.dat
Thu Oct  3 03:26:47 UTC 2019
RC 0
-rw-r--r--. 1 centos centos 1000000000 Oct  3 03:26 1G_16.dat
Thu Oct  3 03:26:57 UTC 2019
