/dev/shm/user_slot7
Thu Oct  3 03:22:49 UTC 2019
Job 118
Fetching https://exaeastp0.blob.core.windows.net/exa-east/6_testa/data/1G_118.dat
Thu Oct  3 03:22:49 UTC 2019
RC 0
-rw-r--r--. 1 centos centos 1000000000 Oct  3 03:23 1G_118.dat
Thu Oct  3 03:23:04 UTC 2019
RC 0
-rw-r--r--. 1 centos centos 1000000000 Oct  3 03:23 1G_118.dat
Thu Oct  3 03:23:13 UTC 2019
RC 0
-rw-r--r--. 1 centos centos 1000000000 Oct  3 03:23 1G_118.dat
--- Mid run ---
Thu Oct  3 03:23:26 UTC 2019
RC 0
-rw-r--r--. 1 centos centos 1000000000 Oct  3 03:23 1G_118.dat
=== Mid run end ===
Thu Oct  3 03:23:41 UTC 2019
RC 0
-rw-r--r--. 1 centos centos 1000000000 Oct  3 03:23 1G_118.dat
Thu Oct  3 03:23:52 UTC 2019
RC 0
-rw-r--r--. 1 centos centos 1000000000 Oct  3 03:24 1G_118.dat
Thu Oct  3 03:24:03 UTC 2019
