/dev/shm/user_slot6
Thu Oct  3 03:22:47 UTC 2019
Job 87
Fetching https://exaeastp0.blob.core.windows.net/exa-east/7_testa/data/1G_87.dat
Thu Oct  3 03:22:47 UTC 2019
RC 0
-rw-r--r--. 1 centos centos 1000000000 Oct  3 03:23 1G_87.dat
Thu Oct  3 03:23:12 UTC 2019
RC 0
-rw-r--r--. 1 centos centos 1000000000 Oct  3 03:23 1G_87.dat
Thu Oct  3 03:23:25 UTC 2019
RC 0
-rw-r--r--. 1 centos centos 1000000000 Oct  3 03:23 1G_87.dat
--- Mid run ---
Thu Oct  3 03:23:38 UTC 2019
RC 0
-rw-r--r--. 1 centos centos 1000000000 Oct  3 03:23 1G_87.dat
=== Mid run end ===
Thu Oct  3 03:23:50 UTC 2019
RC 0
-rw-r--r--. 1 centos centos 1000000000 Oct  3 03:24 1G_87.dat
Thu Oct  3 03:24:00 UTC 2019
RC 0
-rw-r--r--. 1 centos centos 1000000000 Oct  3 03:24 1G_87.dat
Thu Oct  3 03:24:09 UTC 2019
