Tue Oct  1 16:04:10 UTC 2019
Tue Oct  1 16:04:10 UTC 2019

real	0m5.330s
user	0m1.564s
sys	0m2.474s
Tue Oct  1 16:04:16 UTC 2019

real	0m4.162s
user	0m1.439s
sys	0m2.270s
Tue Oct  1 16:04:20 UTC 2019

real	0m5.300s
user	0m2.024s
sys	0m2.972s
--- Mid run ---
Tue Oct  1 16:04:26 UTC 2019

real	0m5.311s
user	0m1.700s
sys	0m2.569s
=== Mid run end ===
Tue Oct  1 16:04:31 UTC 2019

real	0m5.243s
user	0m1.638s
sys	0m2.691s
Tue Oct  1 16:04:37 UTC 2019

real	0m5.472s
user	0m1.645s
sys	0m2.790s
Tue Oct  1 16:04:42 UTC 2019

real	0m4.328s
user	0m1.522s
sys	0m2.731s
Tue Oct  1 16:04:47 UTC 2019

real	0m3.053s
user	0m1.236s
sys	0m1.767s
Tue Oct  1 16:04:50 UTC 2019
