Tue Oct  1 15:50:24 UTC 2019
Tue Oct  1 15:50:24 UTC 2019

real	0m6.747s
user	0m1.660s
sys	0m2.723s
Tue Oct  1 15:50:31 UTC 2019

real	0m4.901s
user	0m1.566s
sys	0m2.542s
Tue Oct  1 15:50:36 UTC 2019

real	0m5.049s
user	0m1.641s
sys	0m2.883s
--- Mid run ---
Tue Oct  1 15:50:41 UTC 2019

real	0m4.590s
user	0m1.571s
sys	0m2.456s
=== Mid run end ===
Tue Oct  1 15:50:46 UTC 2019

real	0m4.185s
user	0m1.482s
sys	0m2.527s
Tue Oct  1 15:50:50 UTC 2019

real	0m3.306s
user	0m1.455s
sys	0m1.790s
Tue Oct  1 15:50:54 UTC 2019

real	0m3.570s
user	0m1.264s
sys	0m2.058s
Tue Oct  1 15:50:57 UTC 2019

real	0m3.668s
user	0m1.186s
sys	0m2.322s
Tue Oct  1 15:51:01 UTC 2019
