Tue Oct  1 15:50:10 UTC 2019
Tue Oct  1 15:50:10 UTC 2019

real	0m3.722s
user	0m1.251s
sys	0m2.038s
Tue Oct  1 15:50:14 UTC 2019

real	0m2.829s
user	0m1.204s
sys	0m1.572s
Tue Oct  1 15:50:17 UTC 2019

real	0m3.868s
user	0m1.377s
sys	0m1.824s
--- Mid run ---
Tue Oct  1 15:50:21 UTC 2019

real	0m4.912s
user	0m1.556s
sys	0m2.265s
=== Mid run end ===
Tue Oct  1 15:50:26 UTC 2019

real	0m4.538s
user	0m1.394s
sys	0m1.963s
Tue Oct  1 15:50:31 UTC 2019

real	0m4.954s
user	0m1.635s
sys	0m2.034s
Tue Oct  1 15:50:36 UTC 2019

real	0m10.210s
user	0m2.318s
sys	0m2.460s
Tue Oct  1 15:50:46 UTC 2019

real	0m6.310s
user	0m1.809s
sys	0m2.201s
Tue Oct  1 15:50:53 UTC 2019
