Tue Oct  1 15:50:10 UTC 2019
Tue Oct  1 15:50:10 UTC 2019

real	0m3.329s
user	0m1.226s
sys	0m1.682s
Tue Oct  1 15:50:14 UTC 2019

real	0m3.066s
user	0m1.238s
sys	0m1.675s
Tue Oct  1 15:50:17 UTC 2019

real	0m4.169s
user	0m1.508s
sys	0m1.920s
--- Mid run ---
Tue Oct  1 15:50:21 UTC 2019

real	0m4.623s
user	0m1.502s
sys	0m2.058s
=== Mid run end ===
Tue Oct  1 15:50:26 UTC 2019

real	0m6.693s
user	0m1.926s
sys	0m2.268s
Tue Oct  1 15:50:33 UTC 2019

real	0m8.296s
user	0m2.025s
sys	0m2.567s
Tue Oct  1 15:50:41 UTC 2019

real	0m6.203s
user	0m1.855s
sys	0m2.286s
Tue Oct  1 15:50:48 UTC 2019

real	0m5.499s
user	0m1.752s
sys	0m2.286s
Tue Oct  1 15:50:53 UTC 2019
