Tue Oct  1 16:04:11 UTC 2019
Tue Oct  1 16:04:11 UTC 2019

real	0m3.920s
user	0m1.495s
sys	0m2.206s
Tue Oct  1 16:04:15 UTC 2019

real	0m6.628s
user	0m1.923s
sys	0m2.265s
Tue Oct  1 16:04:21 UTC 2019

real	0m6.268s
user	0m1.655s
sys	0m2.268s
--- Mid run ---
Tue Oct  1 16:04:28 UTC 2019

real	0m10.334s
user	0m2.287s
sys	0m2.496s
=== Mid run end ===
Tue Oct  1 16:04:38 UTC 2019

real	0m10.007s
user	0m2.063s
sys	0m2.327s
Tue Oct  1 16:04:48 UTC 2019

real	0m5.322s
user	0m1.535s
sys	0m2.111s
Tue Oct  1 16:04:54 UTC 2019

real	0m4.154s
user	0m1.548s
sys	0m2.113s
Tue Oct  1 16:04:58 UTC 2019

real	0m3.436s
user	0m1.326s
sys	0m2.003s
Tue Oct  1 16:05:02 UTC 2019
