Tue Oct  1 16:04:10 UTC 2019
Tue Oct  1 16:04:10 UTC 2019

real	0m6.163s
user	0m1.742s
sys	0m2.096s
Tue Oct  1 16:04:16 UTC 2019

real	0m5.572s
user	0m1.797s
sys	0m2.140s
Tue Oct  1 16:04:22 UTC 2019

real	0m7.489s
user	0m1.973s
sys	0m2.153s
--- Mid run ---
Tue Oct  1 16:04:29 UTC 2019

real	0m8.984s
user	0m2.007s
sys	0m2.322s
=== Mid run end ===
Tue Oct  1 16:04:38 UTC 2019

real	0m5.096s
user	0m1.742s
sys	0m2.334s
Tue Oct  1 16:04:44 UTC 2019

real	0m8.980s
user	0m2.167s
sys	0m2.453s
Tue Oct  1 16:04:53 UTC 2019

real	0m4.158s
user	0m1.535s
sys	0m2.126s
Tue Oct  1 16:04:57 UTC 2019

real	0m5.318s
user	0m1.132s
sys	0m1.682s
Tue Oct  1 16:05:02 UTC 2019
