Tue Oct  1 15:50:11 UTC 2019
Tue Oct  1 15:50:11 UTC 2019

real	0m3.716s
user	0m1.329s
sys	0m1.741s
Tue Oct  1 15:50:15 UTC 2019

real	0m2.853s
user	0m1.173s
sys	0m1.647s
Tue Oct  1 15:50:18 UTC 2019

real	0m5.234s
user	0m1.691s
sys	0m1.835s
--- Mid run ---
Tue Oct  1 15:50:23 UTC 2019

real	0m8.503s
user	0m2.084s
sys	0m2.370s
=== Mid run end ===
Tue Oct  1 15:50:32 UTC 2019

real	0m5.748s
user	0m1.563s
sys	0m2.168s
Tue Oct  1 15:50:38 UTC 2019

real	0m10.494s
user	0m2.378s
sys	0m2.446s
Tue Oct  1 15:50:48 UTC 2019

real	0m5.830s
user	0m1.731s
sys	0m2.350s
Tue Oct  1 15:50:54 UTC 2019

real	0m5.569s
user	0m1.812s
sys	0m2.129s
Tue Oct  1 15:51:00 UTC 2019
