Tue Oct  1 15:50:12 UTC 2019
Tue Oct  1 15:50:12 UTC 2019

real	0m3.661s
user	0m1.421s
sys	0m1.875s
Tue Oct  1 15:50:16 UTC 2019

real	0m3.341s
user	0m1.221s
sys	0m1.734s
Tue Oct  1 15:50:19 UTC 2019

real	0m4.226s
user	0m1.498s
sys	0m2.014s
--- Mid run ---
Tue Oct  1 15:50:24 UTC 2019

real	0m7.765s
user	0m2.167s
sys	0m2.408s
=== Mid run end ===
Tue Oct  1 15:50:31 UTC 2019

real	0m8.782s
user	0m2.090s
sys	0m2.499s
Tue Oct  1 15:50:40 UTC 2019

real	0m5.312s
user	0m1.643s
sys	0m1.974s
Tue Oct  1 15:50:46 UTC 2019

real	0m5.938s
user	0m1.748s
sys	0m2.292s
Tue Oct  1 15:50:52 UTC 2019

real	0m4.882s
user	0m1.613s
sys	0m2.205s
Tue Oct  1 15:50:57 UTC 2019
