Tue Oct  1 15:50:13 UTC 2019
Tue Oct  1 15:50:13 UTC 2019

real	0m3.496s
user	0m1.293s
sys	0m1.857s
Tue Oct  1 15:50:16 UTC 2019

real	0m5.022s
user	0m1.623s
sys	0m2.120s
Tue Oct  1 15:50:21 UTC 2019

real	0m5.647s
user	0m1.709s
sys	0m2.117s
--- Mid run ---
Tue Oct  1 15:50:27 UTC 2019

real	0m9.141s
user	0m2.297s
sys	0m2.671s
=== Mid run end ===
Tue Oct  1 15:50:36 UTC 2019

real	0m8.556s
user	0m2.264s
sys	0m2.616s
Tue Oct  1 15:50:45 UTC 2019

real	0m7.440s
user	0m2.162s
sys	0m2.476s
Tue Oct  1 15:50:53 UTC 2019

real	0m4.182s
user	0m1.589s
sys	0m2.235s
Tue Oct  1 15:50:57 UTC 2019

real	0m3.658s
user	0m1.404s
sys	0m2.048s
Tue Oct  1 15:51:01 UTC 2019
