Tue Oct  1 16:04:04 UTC 2019
Tue Oct  1 16:04:04 UTC 2019

real	0m3.623s
user	0m1.405s
sys	0m1.886s
Tue Oct  1 16:04:08 UTC 2019

real	0m4.810s
user	0m1.377s
sys	0m1.836s
Tue Oct  1 16:04:13 UTC 2019

real	0m4.372s
user	0m1.366s
sys	0m2.097s
--- Mid run ---
Tue Oct  1 16:04:17 UTC 2019

real	0m9.495s
user	0m2.244s
sys	0m2.461s
=== Mid run end ===
Tue Oct  1 16:04:27 UTC 2019

real	0m8.681s
user	0m1.976s
sys	0m2.227s
Tue Oct  1 16:04:36 UTC 2019

real	0m8.607s
user	0m2.114s
sys	0m2.390s
Tue Oct  1 16:04:44 UTC 2019

real	0m4.500s
user	0m1.524s
sys	0m2.080s
Tue Oct  1 16:04:49 UTC 2019

real	0m5.418s
user	0m1.665s
sys	0m1.902s
Tue Oct  1 16:04:55 UTC 2019
