Tue Oct  1 16:04:03 UTC 2019
Tue Oct  1 16:04:03 UTC 2019

real	0m3.299s
user	0m1.279s
sys	0m1.728s
Tue Oct  1 16:04:07 UTC 2019

real	0m3.627s
user	0m1.404s
sys	0m1.934s
Tue Oct  1 16:04:10 UTC 2019

real	0m5.439s
user	0m1.721s
sys	0m1.957s
--- Mid run ---
Tue Oct  1 16:04:16 UTC 2019

real	0m7.779s
user	0m1.934s
sys	0m2.329s
=== Mid run end ===
Tue Oct  1 16:04:24 UTC 2019

real	0m6.622s
user	0m1.899s
sys	0m2.271s
Tue Oct  1 16:04:30 UTC 2019

real	0m5.038s
user	0m1.584s
sys	0m2.129s
Tue Oct  1 16:04:36 UTC 2019

real	0m8.659s
user	0m1.842s
sys	0m2.272s
Tue Oct  1 16:04:44 UTC 2019

real	0m6.416s
user	0m1.968s
sys	0m2.290s
Tue Oct  1 16:04:51 UTC 2019
