Tue Oct  1 15:50:11 UTC 2019
Tue Oct  1 15:50:11 UTC 2019

real	0m3.250s
user	0m1.211s
sys	0m1.902s
Tue Oct  1 15:50:14 UTC 2019

real	0m3.114s
user	0m1.239s
sys	0m1.739s
Tue Oct  1 15:50:17 UTC 2019

real	0m3.774s
user	0m1.394s
sys	0m1.927s
--- Mid run ---
Tue Oct  1 15:50:21 UTC 2019

real	0m3.322s
user	0m1.241s
sys	0m1.943s
=== Mid run end ===
Tue Oct  1 15:50:24 UTC 2019

real	0m6.888s
user	0m1.806s
sys	0m2.230s
Tue Oct  1 15:50:31 UTC 2019

real	0m8.257s
user	0m2.061s
sys	0m2.394s
Tue Oct  1 15:50:40 UTC 2019

real	0m7.461s
user	0m1.997s
sys	0m2.351s
Tue Oct  1 15:50:47 UTC 2019

real	0m5.347s
user	0m1.642s
sys	0m2.147s
Tue Oct  1 15:50:53 UTC 2019
