Tue Oct  1 15:50:10 UTC 2019
Tue Oct  1 15:50:10 UTC 2019

real	0m4.212s
user	0m1.201s
sys	0m2.498s
Tue Oct  1 15:50:14 UTC 2019

real	0m3.709s
user	0m1.266s
sys	0m2.376s
Tue Oct  1 15:50:18 UTC 2019

real	0m4.060s
user	0m1.474s
sys	0m2.458s
--- Mid run ---
Tue Oct  1 15:50:22 UTC 2019

real	0m4.023s
user	0m1.510s
sys	0m2.477s
=== Mid run end ===
Tue Oct  1 15:50:26 UTC 2019

real	0m4.753s
user	0m1.604s
sys	0m2.535s
Tue Oct  1 15:50:31 UTC 2019

real	0m4.638s
user	0m1.683s
sys	0m2.873s
Tue Oct  1 15:50:36 UTC 2019

real	0m6.813s
user	0m1.725s
sys	0m2.617s
Tue Oct  1 15:50:43 UTC 2019

real	0m4.212s
user	0m1.499s
sys	0m2.605s
Tue Oct  1 15:50:47 UTC 2019
