Tue Oct  1 16:04:16 UTC 2019
Tue Oct  1 16:04:16 UTC 2019

real	0m8.457s
user	0m2.118s
sys	0m2.271s
Tue Oct  1 16:04:24 UTC 2019

real	0m9.426s
user	0m2.562s
sys	0m2.573s
Tue Oct  1 16:04:34 UTC 2019

real	0m6.474s
user	0m1.698s
sys	0m2.218s
--- Mid run ---
Tue Oct  1 16:04:40 UTC 2019

real	0m6.685s
user	0m1.646s
sys	0m2.108s
=== Mid run end ===
Tue Oct  1 16:04:47 UTC 2019

real	0m5.492s
user	0m1.625s
sys	0m2.376s
Tue Oct  1 16:04:53 UTC 2019

real	0m3.775s
user	0m1.346s
sys	0m1.775s
Tue Oct  1 16:04:57 UTC 2019

real	0m3.778s
user	0m1.178s
sys	0m1.728s
Tue Oct  1 16:05:01 UTC 2019

real	0m2.604s
user	0m1.032s
sys	0m1.415s
Tue Oct  1 16:05:03 UTC 2019
