/dev/shm
Mon Sep 30 23:25:33 UTC 2019
Job 48
Fetching https://exaeastp0.blob.core.windows.net/exa-east/0_testb/data/1G_48.dat
Mon Sep 30 23:25:33 UTC 2019
RC 0
-rw-r--r--. 1 centos centos 1000000000 Sep 30 23:25 1G_48.dat
Mon Sep 30 23:25:39 UTC 2019
RC 0
-rw-r--r--. 1 centos centos 1000000000 Sep 30 23:25 1G_48.dat
Mon Sep 30 23:25:46 UTC 2019
RC 0
-rw-r--r--. 1 centos centos 1000000000 Sep 30 23:25 1G_48.dat
--- Mid run ---
Mon Sep 30 23:25:55 UTC 2019
RC 0
-rw-r--r--. 1 centos centos 1000000000 Sep 30 23:26 1G_48.dat
=== Mid run end ===
Mon Sep 30 23:26:03 UTC 2019
RC 0
-rw-r--r--. 1 centos centos 1000000000 Sep 30 23:26 1G_48.dat
Mon Sep 30 23:26:11 UTC 2019
RC 0
-rw-r--r--. 1 centos centos 1000000000 Sep 30 23:26 1G_48.dat
Mon Sep 30 23:26:18 UTC 2019
