/dev/shm
Slot slot1
Fetching 1G_1.dat
Sat Sep 28 22:33:36 UTC 2019
RC 0
-rw-r--r--. 1 centos centos 1048576000 Sep 28 22:34 1G_1.dat
--- Mid run ---
Sat Sep 28 22:34:03 UTC 2019
RC 0
-rw-r--r--. 1 centos centos 1048576000 Sep 28 22:34 1G_1.dat
=== Mid run end ===
Sat Sep 28 22:34:52 UTC 2019
RC 0
-rw-r--r--. 1 centos centos 1048576000 Sep 28 22:35 1G_1.dat
Sat Sep 28 22:35:40 UTC 2019
RC 0
-rw-r--r--. 1 centos centos 1048576000 Sep 28 22:36 1G_1.dat
Sat Sep 28 22:36:29 UTC 2019
RC 0
-rw-r--r--. 1 centos centos 1048576000 Sep 28 22:37 1G_1.dat
Sat Sep 28 22:37:12 UTC 2019
RC 0
-rw-r--r--. 1 centos centos 1048576000 Sep 28 22:37 1G_1.dat
Sat Sep 28 22:37:38 UTC 2019
