/dev/shm
Slot slot4
Fetching 1G_4.dat from osg.chic.nrp.internet2.edu
Wed Oct  2 18:34:55 UTC 2019
RC 0
-rw-r--r--. 1 cuser4 cuser 1048576000 Oct  2 18:35 1G_4.dat
--- Mid run ---
Wed Oct  2 18:35:14 UTC 2019
RC 0
-rw-r--r--. 1 cuser4 cuser 1048576000 Oct  2 18:35 1G_4.dat
=== Mid run end ===
Wed Oct  2 18:35:33 UTC 2019
RC 0
-rw-r--r--. 1 cuser4 cuser 1048576000 Oct  2 18:35 1G_4.dat
Wed Oct  2 18:35:50 UTC 2019
RC 0
-rw-r--r--. 1 cuser4 cuser 1048576000 Oct  2 18:36 1G_4.dat
Wed Oct  2 18:36:07 UTC 2019
RC 0
-rw-r--r--. 1 cuser4 cuser 1048576000 Oct  2 18:36 1G_4.dat
Wed Oct  2 18:36:25 UTC 2019
RC 0
-rw-r--r--. 1 cuser4 cuser 1048576000 Oct  2 18:36 1G_4.dat
Wed Oct  2 18:36:43 UTC 2019
