Tue Oct  1 15:40:39 UTC 2019
Tue Oct  1 15:40:39 UTC 2019

real	0m10.130s
user	0m1.371s
sys	0m2.323s
Tue Oct  1 15:40:49 UTC 2019

real	0m10.124s
user	0m1.428s
sys	0m2.422s
Tue Oct  1 15:41:00 UTC 2019

real	0m10.172s
user	0m1.706s
sys	0m2.557s
--- Mid run ---
Tue Oct  1 15:41:10 UTC 2019

real	0m10.096s
user	0m1.309s
sys	0m2.463s
=== Mid run end ===
Tue Oct  1 15:41:20 UTC 2019

real	0m10.145s
user	0m1.498s
sys	0m2.659s
Tue Oct  1 15:41:30 UTC 2019

real	0m10.104s
user	0m3.143s
sys	0m2.789s
Tue Oct  1 15:41:41 UTC 2019

real	0m10.104s
user	0m1.419s
sys	0m2.226s
Tue Oct  1 15:41:51 UTC 2019

real	0m10.116s
user	0m1.348s
sys	0m2.126s
Tue Oct  1 15:42:01 UTC 2019
