Tue Oct  1 15:40:39 UTC 2019
Tue Oct  1 15:40:39 UTC 2019

real	0m10.113s
user	0m1.383s
sys	0m2.109s
Tue Oct  1 15:40:49 UTC 2019

real	0m10.110s
user	0m1.458s
sys	0m2.410s
Tue Oct  1 15:40:59 UTC 2019

real	0m10.173s
user	0m1.403s
sys	0m2.419s
--- Mid run ---
Tue Oct  1 15:41:09 UTC 2019

real	0m10.125s
user	0m1.336s
sys	0m2.278s
=== Mid run end ===
Tue Oct  1 15:41:20 UTC 2019

real	0m10.125s
user	0m1.279s
sys	0m2.133s
Tue Oct  1 15:41:30 UTC 2019

real	0m10.357s
user	0m1.451s
sys	0m2.263s
Tue Oct  1 15:41:40 UTC 2019

real	0m10.127s
user	0m1.379s
sys	0m2.311s
Tue Oct  1 15:41:51 UTC 2019

real	0m10.146s
user	0m1.424s
sys	0m2.313s
Tue Oct  1 15:42:01 UTC 2019
