Tue Oct  1 15:40:39 UTC 2019
Tue Oct  1 15:40:39 UTC 2019

real	0m10.104s
user	0m1.812s
sys	0m3.412s
Tue Oct  1 15:40:49 UTC 2019

real	0m13.620s
user	0m1.472s
sys	0m2.912s
Tue Oct  1 15:41:03 UTC 2019

real	0m10.159s
user	0m1.552s
sys	0m3.687s
--- Mid run ---
Tue Oct  1 15:41:13 UTC 2019

real	0m10.118s
user	0m1.643s
sys	0m3.001s
=== Mid run end ===
Tue Oct  1 15:41:23 UTC 2019

real	0m10.098s
user	0m1.468s
sys	0m3.293s
Tue Oct  1 15:41:34 UTC 2019

real	0m10.156s
user	0m1.583s
sys	0m2.962s
Tue Oct  1 15:41:44 UTC 2019

real	0m10.199s
user	0m1.801s
sys	0m3.528s
Tue Oct  1 15:41:54 UTC 2019

real	0m10.096s
user	0m1.572s
sys	0m3.174s
Tue Oct  1 15:42:04 UTC 2019
