Tue Oct  1 15:44:29 UTC 2019
Tue Oct  1 15:44:29 UTC 2019

real	0m10.094s
user	0m1.426s
sys	0m2.659s
Tue Oct  1 15:44:39 UTC 2019

real	0m10.193s
user	0m1.460s
sys	0m2.749s
Tue Oct  1 15:44:50 UTC 2019

real	0m10.152s
user	0m1.708s
sys	0m2.926s
--- Mid run ---
Tue Oct  1 15:45:00 UTC 2019

real	0m10.132s
user	0m1.423s
sys	0m2.552s
=== Mid run end ===
Tue Oct  1 15:45:10 UTC 2019

real	0m10.179s
user	0m1.517s
sys	0m2.929s
Tue Oct  1 15:45:21 UTC 2019

real	0m10.156s
user	0m1.454s
sys	0m2.413s
Tue Oct  1 15:45:31 UTC 2019

real	0m10.212s
user	0m1.418s
sys	0m2.424s
Tue Oct  1 15:45:41 UTC 2019

real	0m10.111s
user	0m1.506s
sys	0m2.651s
Tue Oct  1 15:45:51 UTC 2019
