Tue Oct  1 15:44:29 UTC 2019
Tue Oct  1 15:44:29 UTC 2019

real	0m10.094s
user	0m1.838s
sys	0m2.857s
Tue Oct  1 15:44:39 UTC 2019

real	0m10.341s
user	0m1.391s
sys	0m2.524s
Tue Oct  1 15:44:49 UTC 2019

real	0m10.181s
user	0m1.575s
sys	0m2.803s
--- Mid run ---
Tue Oct  1 15:45:00 UTC 2019

real	0m10.142s
user	0m1.515s
sys	0m2.191s
=== Mid run end ===
Tue Oct  1 15:45:10 UTC 2019

real	0m10.123s
user	0m1.625s
sys	0m2.855s
Tue Oct  1 15:45:20 UTC 2019

real	0m10.124s
user	0m1.738s
sys	0m3.034s
Tue Oct  1 15:45:30 UTC 2019

real	0m10.183s
user	0m1.770s
sys	0m3.202s
Tue Oct  1 15:45:41 UTC 2019

real	0m10.187s
user	0m1.496s
sys	0m2.766s
Tue Oct  1 15:45:51 UTC 2019
