Tue Oct  1 15:40:37 UTC 2019
Tue Oct  1 15:40:37 UTC 2019

real	0m12.741s
user	0m1.443s
sys	0m2.243s
Tue Oct  1 15:40:49 UTC 2019

real	0m10.130s
user	0m1.539s
sys	0m2.623s
Tue Oct  1 15:41:00 UTC 2019

real	0m10.123s
user	0m1.535s
sys	0m2.649s
--- Mid run ---
Tue Oct  1 15:41:10 UTC 2019

real	0m10.137s
user	0m1.457s
sys	0m2.344s
=== Mid run end ===
Tue Oct  1 15:41:20 UTC 2019

real	0m10.132s
user	0m1.509s
sys	0m2.449s
Tue Oct  1 15:41:30 UTC 2019

real	0m10.149s
user	0m1.451s
sys	0m2.635s
Tue Oct  1 15:41:41 UTC 2019

real	0m10.165s
user	0m1.654s
sys	0m2.986s
Tue Oct  1 15:41:51 UTC 2019

real	0m10.134s
user	0m1.520s
sys	0m2.769s
Tue Oct  1 15:42:01 UTC 2019
