Tue Oct  1 15:40:38 UTC 2019
Tue Oct  1 15:40:38 UTC 2019

real	0m10.097s
user	0m1.666s
sys	0m2.857s
Tue Oct  1 15:40:48 UTC 2019

real	0m10.121s
user	0m1.574s
sys	0m2.657s
Tue Oct  1 15:40:58 UTC 2019

real	0m10.125s
user	0m1.548s
sys	0m2.996s
--- Mid run ---
Tue Oct  1 15:41:08 UTC 2019

real	0m10.132s
user	0m1.626s
sys	0m2.958s
=== Mid run end ===
Tue Oct  1 15:41:19 UTC 2019

real	0m10.109s
user	0m3.334s
sys	0m3.340s
Tue Oct  1 15:41:29 UTC 2019

real	0m10.118s
user	0m1.528s
sys	0m2.498s
Tue Oct  1 15:41:39 UTC 2019

real	0m10.133s
user	0m1.625s
sys	0m3.092s
Tue Oct  1 15:41:49 UTC 2019

real	0m10.324s
user	0m1.632s
sys	0m2.849s
Tue Oct  1 15:42:00 UTC 2019
