Tue Oct  1 15:40:39 UTC 2019
Tue Oct  1 15:40:39 UTC 2019

real	0m10.716s
user	0m1.514s
sys	0m2.321s
Tue Oct  1 15:40:50 UTC 2019

real	0m10.259s
user	0m1.356s
sys	0m2.140s
Tue Oct  1 15:41:00 UTC 2019

real	0m10.121s
user	0m1.356s
sys	0m2.371s
--- Mid run ---
Tue Oct  1 15:41:10 UTC 2019

real	0m10.124s
user	0m1.578s
sys	0m2.441s
=== Mid run end ===
Tue Oct  1 15:41:20 UTC 2019

real	0m10.145s
user	0m1.435s
sys	0m2.556s
Tue Oct  1 15:41:31 UTC 2019

real	0m12.807s
user	0m1.493s
sys	0m2.248s
Tue Oct  1 15:41:43 UTC 2019

real	0m10.113s
user	0m1.441s
sys	0m2.187s
Tue Oct  1 15:41:54 UTC 2019

real	0m10.291s
user	0m1.285s
sys	0m2.061s
Tue Oct  1 15:42:04 UTC 2019
