Tue Oct  1 15:40:37 UTC 2019
Tue Oct  1 15:40:37 UTC 2019

real	0m10.093s
user	0m1.420s
sys	0m2.359s
Tue Oct  1 15:40:47 UTC 2019

real	0m10.108s
user	0m1.470s
sys	0m2.311s
Tue Oct  1 15:40:57 UTC 2019

real	0m10.151s
user	0m1.327s
sys	0m2.174s
--- Mid run ---
Tue Oct  1 15:41:07 UTC 2019

real	0m10.140s
user	0m1.503s
sys	0m2.533s
=== Mid run end ===
Tue Oct  1 15:41:18 UTC 2019

real	0m10.351s
user	0m1.482s
sys	0m2.366s
Tue Oct  1 15:41:28 UTC 2019

real	0m10.130s
user	0m1.360s
sys	0m2.460s
Tue Oct  1 15:41:38 UTC 2019

real	0m10.125s
user	0m1.501s
sys	0m2.182s
Tue Oct  1 15:41:49 UTC 2019

real	0m10.264s
user	0m1.327s
sys	0m2.075s
Tue Oct  1 15:41:59 UTC 2019
