/dev/shm
Slot slot8
Fetching 1G_8.dat
Sat Sep 28 23:44:01 UTC 2019
RC 0
-rw-r--r--. 1 centos centos 1048576000 Sep 28 23:44 1G_8.dat
--- Mid run ---
Sat Sep 28 23:44:46 UTC 2019
RC 0
-rw-r--r--. 1 centos centos 1048576000 Sep 28 23:44 1G_8.dat
=== Mid run end ===
Sat Sep 28 23:44:59 UTC 2019
RC 0
-rw-r--r--. 1 centos centos 1048576000 Sep 28 23:45 1G_8.dat
Sat Sep 28 23:45:13 UTC 2019
RC 0
-rw-r--r--. 1 centos centos 1048576000 Sep 28 23:45 1G_8.dat
Sat Sep 28 23:45:32 UTC 2019
RC 0
-rw-r--r--. 1 centos centos 1048576000 Sep 28 23:45 1G_8.dat
Sat Sep 28 23:45:58 UTC 2019
RC 0
-rw-r--r--. 1 centos centos 1048576000 Sep 28 23:46 1G_8.dat
Sat Sep 28 23:46:05 UTC 2019
