/dev/shm
Slot slot4
Fetching 1G_4.dat
Sat Sep 28 23:37:09 UTC 2019
RC 0
-rw-r--r--. 1 centos centos 1048576000 Sep 28 23:37 1G_4.dat
--- Mid run ---
Sat Sep 28 23:37:42 UTC 2019
RC 0
-rw-r--r--. 1 centos centos 1048576000 Sep 28 23:38 1G_4.dat
=== Mid run end ===
Sat Sep 28 23:38:14 UTC 2019
RC 0
-rw-r--r--. 1 centos centos 1048576000 Sep 28 23:38 1G_4.dat
Sat Sep 28 23:38:42 UTC 2019
RC 0
-rw-r--r--. 1 centos centos 1048576000 Sep 28 23:39 1G_4.dat
Sat Sep 28 23:39:05 UTC 2019
RC 0
-rw-r--r--. 1 centos centos 1048576000 Sep 28 23:39 1G_4.dat
Sat Sep 28 23:39:29 UTC 2019
RC 0
-rw-r--r--. 1 centos centos 1048576000 Sep 28 23:39 1G_4.dat
Sat Sep 28 23:39:46 UTC 2019
