/dev/shm
Slot slot7
Fetching 1G_7.dat
Sat Sep 28 23:37:10 UTC 2019
RC 0
-rw-r--r--. 1 centos centos 1048576000 Sep 28 23:37 1G_7.dat
--- Mid run ---
Sat Sep 28 23:37:41 UTC 2019
RC 0
-rw-r--r--. 1 centos centos 1048576000 Sep 28 23:38 1G_7.dat
=== Mid run end ===
Sat Sep 28 23:38:19 UTC 2019
RC 0
-rw-r--r--. 1 centos centos 1048576000 Sep 28 23:38 1G_7.dat
Sat Sep 28 23:38:48 UTC 2019
RC 0
-rw-r--r--. 1 centos centos 1048576000 Sep 28 23:39 1G_7.dat
Sat Sep 28 23:39:23 UTC 2019
RC 0
-rw-r--r--. 1 centos centos 1048576000 Sep 28 23:39 1G_7.dat
Sat Sep 28 23:39:30 UTC 2019
RC 0
-rw-r--r--. 1 centos centos 1048576000 Sep 28 23:39 1G_7.dat
Sat Sep 28 23:39:42 UTC 2019
