/dev/shm
Slot slot3
Fetching 1G_3.dat
Sat Sep 28 23:37:09 UTC 2019
RC 0
-rw-r--r--. 1 centos centos 1048576000 Sep 28 23:37 1G_3.dat
--- Mid run ---
Sat Sep 28 23:37:41 UTC 2019
RC 0
-rw-r--r--. 1 centos centos 1048576000 Sep 28 23:38 1G_3.dat
=== Mid run end ===
Sat Sep 28 23:38:11 UTC 2019
RC 0
-rw-r--r--. 1 centos centos 1048576000 Sep 28 23:38 1G_3.dat
Sat Sep 28 23:38:34 UTC 2019
RC 0
-rw-r--r--. 1 centos centos 1048576000 Sep 28 23:38 1G_3.dat
Sat Sep 28 23:38:54 UTC 2019
RC 0
-rw-r--r--. 1 centos centos 1048576000 Sep 28 23:39 1G_3.dat
Sat Sep 28 23:39:16 UTC 2019
RC 0
-rw-r--r--. 1 centos centos 1048576000 Sep 28 23:39 1G_3.dat
Sat Sep 28 23:39:24 UTC 2019
