/dev/shm
Slot slot5
Fetching 1G_5.dat from stashcache.t2.ucsd.edu
Thu Oct  3 16:09:00 UTC 2019
RC 0
-rw-r--r--. 1 cuser5 cuser 1048576000 Oct  3 16:11 1G_5.dat
--- Mid run ---
Thu Oct  3 16:11:00 UTC 2019
RC 0
-rw-r--r--. 1 cuser5 cuser 1048576000 Oct  3 16:12 1G_5.dat
=== Mid run end ===
Thu Oct  3 16:12:34 UTC 2019
RC 0
-rw-r--r--. 1 cuser5 cuser 1048576000 Oct  3 16:14 1G_5.dat
Thu Oct  3 16:14:28 UTC 2019
RC 0
-rw-r--r--. 1 cuser5 cuser 1048576000 Oct  3 16:16 1G_5.dat
Thu Oct  3 16:16:07 UTC 2019
RC 0
-rw-r--r--. 1 cuser5 cuser 1048576000 Oct  3 16:17 1G_5.dat
Thu Oct  3 16:17:17 UTC 2019
RC 0
-rw-r--r--. 1 cuser5 cuser 1048576000 Oct  3 16:18 1G_5.dat
Thu Oct  3 16:18:41 UTC 2019
