INFO: Login with identity succeeded.
/dev/shm
Tue Oct  1 03:55:19 UTC 2019
Job 395
Uploading 1G.dat to https://exaeastpb.blob.core.windows.net/exa-east/test./data/1G_395.dat
INFO: Scanning...
INFO: Using OAuth token for authentication.

Job 9025008a-af38-7c4d-7f96-ff9c8a63a2b7 has started
Log file is located at: .azcopy/9025008a-af38-7c4d-7f96-ff9c8a63a2b7.log

0 Done, 0 Failed, 1 Pending, 0 Skipped, 1 Total, 0 Done, 0 Failed, 1 Pending, 0 Skipped, 1 Total, 2-sec Throughput (Mb/s): 423.55360 Done, 0 Failed, 1 Pending, 0 Skipped, 1 Total, 2-sec Throughput (Mb/s): 391.19570 Done, 0 Failed, 1 Pending, 0 Skipped, 1 Total, 2-sec Throughput (Mb/s): 430.01330 Done, 0 Failed, 1 Pending, 0 Skipped, 1 Total, 2-sec Throughput (Mb/s): 592.34250 Done, 0 Failed, 1 Pending, 0 Skipped, 1 Total, 2-sec Throughput (Mb/s): 573.85370 Done, 0 Failed, 1 Pending, 0 Skipped, 1 Total, 2-sec Throughput (Mb/s): 512.13680 Done, 0 Failed, 1 Pending, 0 Skipped, 1 Total, 2-sec Throughput (Mb/s): 570.0569


Job 9025008a-af38-7c4d-7f96-ff9c8a63a2b7 summary
Elapsed Time (Minutes): 0.2668
Total Number Of Transfers: 1
Number of Transfers Completed: 1
Number of Transfers Failed: 0
Number of Transfers Skipped: 0
TotalBytesTransferred: 1000000000
Final Job Status: Completed

RC 0
--- Mid run ---
Tue Oct  1 03:55:35 UTC 2019
INFO: Scanning...
INFO: Using OAuth token for authentication.

Job ce143aa8-14df-ce49-544d-485a6c4cde7e has started
Log file is located at: .azcopy/ce143aa8-14df-ce49-544d-485a6c4cde7e.log

0 Done, 0 Failed, 1 Pending, 0 Skipped, 1 Total, 0 Done, 0 Failed, 1 Pending, 0 Skipped, 1 Total, 2-sec Throughput (Mb/s): 3053.30350 Done, 0 Failed, 1 Pending, 0 Skipped, 1 Total, 2-sec Throughput (Mb/s): 690.9083 0 Done, 0 Failed, 1 Pending, 0 Skipped, 1 Total, 2-sec Throughput (Mb/s): 171.41170 Done, 0 Failed, 1 Pending, 0 Skipped, 1 Total, 2-sec Throughput (Mb/s): 59.642  0 Done, 0 Failed, 1 Pending, 0 Skipped, 1 Total, 2-sec Throughput (Mb/s): 21.5415


Job ce143aa8-14df-ce49-544d-485a6c4cde7e summary
Elapsed Time (Minutes): 0.2
Total Number Of Transfers: 1
Number of Transfers Completed: 1
Number of Transfers Failed: 0
Number of Transfers Skipped: 0
TotalBytesTransferred: 1000000000
Final Job Status: Completed

RC 0
=== Mid run end ===
Tue Oct  1 03:55:47 UTC 2019
INFO: Scanning...
INFO: Using OAuth token for authentication.

Job 607c7a0e-fd32-1642-50d2-bc7ebbd56a0d has started
Log file is located at: .azcopy/607c7a0e-fd32-1642-50d2-bc7ebbd56a0d.log

0 Done, 0 Failed, 1 Pending, 0 Skipped, 1 Total, 0 Done, 0 Failed, 1 Pending, 0 Skipped, 1 Total, 2-sec Throughput (Mb/s): 1105.09880 Done, 0 Failed, 1 Pending, 0 Skipped, 1 Total, 2-sec Throughput (Mb/s): 1115.67660 Done, 0 Failed, 1 Pending, 0 Skipped, 1 Total, 2-sec Throughput (Mb/s): 833.781  0 Done, 0 Failed, 1 Pending, 0 Skipped, 1 Total, 2-sec Throughput (Mb/s): 565.6276


Job 607c7a0e-fd32-1642-50d2-bc7ebbd56a0d summary
Elapsed Time (Minutes): 0.1667
Total Number Of Transfers: 1
Number of Transfers Completed: 1
Number of Transfers Failed: 0
Number of Transfers Skipped: 0
TotalBytesTransferred: 1000000000
Final Job Status: Completed

RC 0
Tue Oct  1 03:55:57 UTC 2019
