====== env ======
_CONDOR_JOB_PIDS=
_CONDOR_ANCESTOR_3718=3828:1571827211:4162060021
TMPDIR=/var/lib/condor/execute/dir_4352
_CONDOR_SCRATCH_DIR=/var/lib/condor/execute/dir_4352
_CHIRP_DELAYED_UPDATE_PREFIX=Chirp*
TEMP=/var/lib/condor/execute/dir_4352
BATCH_SYSTEM=HTCondor
_CONDOR_CHIRP_CONFIG=/var/lib/condor/execute/dir_4352/.chirp.config
PWD=/var/lib/condor/execute/dir_4352
_CONDOR_AssignedGPUs=10000
CUDA_VISIBLE_DEVICES=10000
_CONDOR_SLOT=slot5
_CONDOR_ANCESTOR_3828=4352:1571827337:340977027
SHLVL=1
_CONDOR_MACHINE_AD=/var/lib/condor/execute/dir_4352/.machine.ad
TMP=/var/lib/condor/execute/dir_4352
GPU_DEVICE_ORDINAL=10000
OMP_NUM_THREADS=1
_CONDOR_JOB_AD=/var/lib/condor/execute/dir_4352/.job.ad
_CONDOR_ANCESTOR_4352=4998:1571827339:1353846779
_CONDOR_JOB_IWD=/var/lib/condor/execute/dir_4352
_=/usr/bin/env
====== env ======
/dev/shm/user_slot5
Wed Oct 23 10:42:19 UTC 2019
Job 176
Uploading 1G.dat to /base_0/test./data/1G_176.dat
INFO: Uploading to gs://exa-us-west-1/4_data/base_0/testa/data/1G_176.dat (https://storage.googleapis.com/exa-us-west-1/4_data/base_0/testa/data/1G_176.dat)
RC 0
--- Mid run ---
Wed Oct 23 10:42:36 UTC 2019
INFO: Uploading to gs://exa-us-west-1/8_data/base_0/testm/data/1G_176.dat (https://storage.googleapis.com/exa-us-west-1/8_data/base_0/testm/data/1G_176.dat)
RC 0
=== Mid run end ===
Wed Oct 23 10:42:51 UTC 2019
INFO: Uploading to gs://exa-us-west-1/f_data/base_0/testb/data/1G_176.dat (https://storage.googleapis.com/exa-us-west-1/f_data/base_0/testb/data/1G_176.dat)
RC 0
Wed Oct 23 10:43:09 UTC 2019
