====== env ======
_CONDOR_JOB_PIDS=
_CONDOR_ANCESTOR_4635=5297:1571827341:1264327885
TMPDIR=/var/lib/condor/execute/dir_4635
_CONDOR_SCRATCH_DIR=/var/lib/condor/execute/dir_4635
_CHIRP_DELAYED_UPDATE_PREFIX=Chirp*
TEMP=/var/lib/condor/execute/dir_4635
BATCH_SYSTEM=HTCondor
_CONDOR_CHIRP_CONFIG=/var/lib/condor/execute/dir_4635/.chirp.config
_CONDOR_ANCESTOR_3721=3838:1571827211:929193388
_CONDOR_ANCESTOR_3838=4635:1571827339:4287367487
PWD=/var/lib/condor/execute/dir_4635
_CONDOR_AssignedGPUs=10000
CUDA_VISIBLE_DEVICES=10000
_CONDOR_SLOT=slot12
SHLVL=1
_CONDOR_MACHINE_AD=/var/lib/condor/execute/dir_4635/.machine.ad
TMP=/var/lib/condor/execute/dir_4635
GPU_DEVICE_ORDINAL=10000
OMP_NUM_THREADS=1
_CONDOR_JOB_AD=/var/lib/condor/execute/dir_4635/.job.ad
_CONDOR_JOB_IWD=/var/lib/condor/execute/dir_4635
_=/usr/bin/env
====== env ======
/dev/shm/user_slot12
Wed Oct 23 10:42:21 UTC 2019
Job 239
Uploading 1G.dat to /base_f/test./data/1G_239.dat
INFO: Uploading to gs://exa-us-west-1/2_data/base_f/testa/data/1G_239.dat (https://storage.googleapis.com/exa-us-west-1/2_data/base_f/testa/data/1G_239.dat)
RC 0
--- Mid run ---
Wed Oct 23 10:42:36 UTC 2019
INFO: Uploading to gs://exa-us-west-1/2_data/base_f/testm/data/1G_239.dat (https://storage.googleapis.com/exa-us-west-1/2_data/base_f/testm/data/1G_239.dat)
RC 0
=== Mid run end ===
Wed Oct 23 10:42:59 UTC 2019
INFO: Uploading to gs://exa-us-west-1/7_data/base_f/testb/data/1G_239.dat (https://storage.googleapis.com/exa-us-west-1/7_data/base_f/testb/data/1G_239.dat)
RC 0
Wed Oct 23 10:43:13 UTC 2019
