====== env ======
_CONDOR_JOB_PIDS=
TMPDIR=/var/lib/condor/execute/dir_3981
_CONDOR_SCRATCH_DIR=/var/lib/condor/execute/dir_3981
_CHIRP_DELAYED_UPDATE_PREFIX=Chirp*
TEMP=/var/lib/condor/execute/dir_3981
BATCH_SYSTEM=HTCondor
_CONDOR_CHIRP_CONFIG=/var/lib/condor/execute/dir_3981/.chirp.config
PWD=/var/lib/condor/execute/dir_3981
_CONDOR_AssignedGPUs=10000
CUDA_VISIBLE_DEVICES=10000
_CONDOR_ANCESTOR_3981=4301:1571827337:3047151506
_CONDOR_SLOT=slot5
_CONDOR_ANCESTOR_3827=3981:1571827336:1234828166
_CONDOR_ANCESTOR_3709=3827:1571827182:975758032
SHLVL=1
_CONDOR_MACHINE_AD=/var/lib/condor/execute/dir_3981/.machine.ad
TMP=/var/lib/condor/execute/dir_3981
GPU_DEVICE_ORDINAL=10000
OMP_NUM_THREADS=1
_CONDOR_JOB_AD=/var/lib/condor/execute/dir_3981/.job.ad
_CONDOR_JOB_IWD=/var/lib/condor/execute/dir_3981
_=/usr/bin/env
====== env ======
/dev/shm/user_slot5
Wed Oct 23 10:42:17 UTC 2019
Job 98
Uploading 1G.dat to /base_2/test./data/1G_98.dat
INFO: Uploading to gs://exa-us-west-1/e_data/base_2/testa/data/1G_98.dat (https://storage.googleapis.com/exa-us-west-1/e_data/base_2/testa/data/1G_98.dat)
RC 0
--- Mid run ---
Wed Oct 23 10:42:36 UTC 2019
INFO: Uploading to gs://exa-us-west-1/e_data/base_2/testm/data/1G_98.dat (https://storage.googleapis.com/exa-us-west-1/e_data/base_2/testm/data/1G_98.dat)
RC 0
=== Mid run end ===
Wed Oct 23 10:42:56 UTC 2019
INFO: Uploading to gs://exa-us-west-1/7_data/base_2/testb/data/1G_98.dat (https://storage.googleapis.com/exa-us-west-1/7_data/base_2/testb/data/1G_98.dat)
RC 0
Wed Oct 23 10:43:12 UTC 2019
