====== env ======
_CONDOR_JOB_PIDS=
TMPDIR=/var/lib/condor/execute/dir_5825
_CONDOR_SCRATCH_DIR=/var/lib/condor/execute/dir_5825
_CHIRP_DELAYED_UPDATE_PREFIX=Chirp*
TEMP=/var/lib/condor/execute/dir_5825
_CONDOR_ANCESTOR_3728=3838:1571827211:1975772503
BATCH_SYSTEM=HTCondor
_CONDOR_CHIRP_CONFIG=/var/lib/condor/execute/dir_5825/.chirp.config
_CONDOR_ANCESTOR_5825=6308:1571827344:3265752689
_CONDOR_ANCESTOR_3838=5825:1571827342:4287367493
PWD=/var/lib/condor/execute/dir_5825
_CONDOR_AssignedGPUs=10000
CUDA_VISIBLE_DEVICES=10000
_CONDOR_SLOT=slot15
SHLVL=1
_CONDOR_MACHINE_AD=/var/lib/condor/execute/dir_5825/.machine.ad
TMP=/var/lib/condor/execute/dir_5825
GPU_DEVICE_ORDINAL=10000
OMP_NUM_THREADS=1
_CONDOR_JOB_AD=/var/lib/condor/execute/dir_5825/.job.ad
_CONDOR_JOB_IWD=/var/lib/condor/execute/dir_5825
_=/usr/bin/env
====== env ======
/dev/shm/user_slot15
Wed Oct 23 10:42:24 UTC 2019
Job 371
Uploading 1G.dat to /base_3/test./data/1G_371.dat
INFO: Uploading to gs://exa-us-west-1/6_data/base_3/testa/data/1G_371.dat (https://storage.googleapis.com/exa-us-west-1/6_data/base_3/testa/data/1G_371.dat)
RC 0
--- Mid run ---
Wed Oct 23 10:42:39 UTC 2019
INFO: Uploading to gs://exa-us-west-1/2_data/base_3/testm/data/1G_371.dat (https://storage.googleapis.com/exa-us-west-1/2_data/base_3/testm/data/1G_371.dat)
RC 0
=== Mid run end ===
Wed Oct 23 10:42:57 UTC 2019
INFO: Uploading to gs://exa-us-west-1/1_data/base_3/testb/data/1G_371.dat (https://storage.googleapis.com/exa-us-west-1/1_data/base_3/testb/data/1G_371.dat)
RC 0
Wed Oct 23 10:43:16 UTC 2019
