Wed Sep 25 23:28:59 UTC 2019
Wed Sep 25 23:28:59 UTC 2019

real	0m3.111s
user	0m1.160s
sys	0m1.829s
Wed Sep 25 23:29:02 UTC 2019

real	0m4.268s
user	0m1.275s
sys	0m1.938s
Wed Sep 25 23:29:06 UTC 2019

real	0m3.177s
user	0m1.245s
sys	0m1.789s
--- Mid run ---
Wed Sep 25 23:29:09 UTC 2019

real	0m3.264s
user	0m1.206s
sys	0m1.992s
=== Mid run end ===
Wed Sep 25 23:29:13 UTC 2019

real	0m4.526s
user	0m1.639s
sys	0m2.836s
Wed Sep 25 23:29:18 UTC 2019

real	0m4.436s
user	0m1.552s
sys	0m2.602s
Wed Sep 25 23:29:22 UTC 2019

real	0m4.770s
user	0m1.555s
sys	0m2.837s
Wed Sep 25 23:29:27 UTC 2019

real	0m3.787s
user	0m1.350s
sys	0m2.330s
Wed Sep 25 23:29:31 UTC 2019
