Wed Sep 25 23:25:52 UTC 2019
Wed Sep 25 23:25:52 UTC 2019

real	0m4.492s
user	0m1.594s
sys	0m1.974s
Wed Sep 25 23:25:57 UTC 2019

real	0m4.513s
user	0m1.548s
sys	0m2.211s
Wed Sep 25 23:26:01 UTC 2019

real	0m3.960s
user	0m1.500s
sys	0m2.048s
--- Mid run ---
Wed Sep 25 23:26:05 UTC 2019

real	0m2.847s
user	0m1.146s
sys	0m1.563s
=== Mid run end ===
Wed Sep 25 23:26:08 UTC 2019

real	0m2.937s
user	0m1.215s
sys	0m1.619s
Wed Sep 25 23:26:11 UTC 2019

real	0m2.706s
user	0m1.116s
sys	0m1.518s
Wed Sep 25 23:26:14 UTC 2019

real	0m2.924s
user	0m1.076s
sys	0m1.688s
Wed Sep 25 23:26:17 UTC 2019

real	0m2.797s
user	0m1.068s
sys	0m1.570s
Wed Sep 25 23:26:20 UTC 2019
