Wed Sep 25 23:22:16 UTC 2019
Wed Sep 25 23:22:16 UTC 2019

real	0m3.280s
user	0m1.109s
sys	0m2.031s
Wed Sep 25 23:22:19 UTC 2019

real	0m3.131s
user	0m1.188s
sys	0m1.822s
Wed Sep 25 23:22:22 UTC 2019

real	0m3.656s
user	0m1.235s
sys	0m2.356s
--- Mid run ---
Wed Sep 25 23:22:26 UTC 2019

real	0m4.446s
user	0m1.668s
sys	0m2.637s
=== Mid run end ===
Wed Sep 25 23:22:31 UTC 2019

real	0m4.282s
user	0m1.524s
sys	0m2.705s
Wed Sep 25 23:22:35 UTC 2019

real	0m5.093s
user	0m1.562s
sys	0m2.918s
Wed Sep 25 23:22:40 UTC 2019

real	0m3.970s
user	0m1.425s
sys	0m2.208s
Wed Sep 25 23:22:44 UTC 2019

real	0m4.233s
user	0m1.396s
sys	0m2.660s
Wed Sep 25 23:22:49 UTC 2019
