Wed Sep 25 23:29:05 UTC 2019
Wed Sep 25 23:29:05 UTC 2019

real	0m3.112s
user	0m1.252s
sys	0m1.750s
Wed Sep 25 23:29:09 UTC 2019

real	0m3.682s
user	0m1.470s
sys	0m1.968s
Wed Sep 25 23:29:12 UTC 2019

real	0m5.144s
user	0m1.656s
sys	0m2.139s
--- Mid run ---
Wed Sep 25 23:29:18 UTC 2019

real	0m6.068s
user	0m1.671s
sys	0m2.316s
=== Mid run end ===
Wed Sep 25 23:29:24 UTC 2019

real	0m3.619s
user	0m1.475s
sys	0m2.039s
Wed Sep 25 23:29:28 UTC 2019

real	0m3.576s
user	0m1.422s
sys	0m1.908s
Wed Sep 25 23:29:31 UTC 2019

real	0m3.067s
user	0m1.149s
sys	0m1.748s
Wed Sep 25 23:29:34 UTC 2019

real	0m3.036s
user	0m1.199s
sys	0m1.777s
Wed Sep 25 23:29:38 UTC 2019
