Wed Sep 25 23:25:52 UTC 2019
Wed Sep 25 23:25:52 UTC 2019

real	0m4.592s
user	0m1.407s
sys	0m3.135s
Wed Sep 25 23:25:57 UTC 2019

real	0m4.487s
user	0m1.409s
sys	0m2.831s
Wed Sep 25 23:26:01 UTC 2019

real	0m4.068s
user	0m1.274s
sys	0m2.693s
--- Mid run ---
Wed Sep 25 23:26:06 UTC 2019

real	0m3.832s
user	0m1.345s
sys	0m2.365s
=== Mid run end ===
Wed Sep 25 23:26:09 UTC 2019

real	0m3.120s
user	0m1.118s
sys	0m1.870s
Wed Sep 25 23:26:13 UTC 2019

real	0m3.285s
user	0m1.114s
sys	0m2.112s
Wed Sep 25 23:26:16 UTC 2019

real	0m3.316s
user	0m1.069s
sys	0m2.137s
Wed Sep 25 23:26:19 UTC 2019

real	0m3.329s
user	0m1.097s
sys	0m2.166s
Wed Sep 25 23:26:23 UTC 2019
