Wed Sep 25 23:22:17 UTC 2019
Wed Sep 25 23:22:17 UTC 2019

real	0m3.340s
user	0m1.255s
sys	0m1.951s
Wed Sep 25 23:22:20 UTC 2019

real	0m3.456s
user	0m1.165s
sys	0m2.267s
Wed Sep 25 23:22:24 UTC 2019

real	0m4.021s
user	0m1.409s
sys	0m2.558s
--- Mid run ---
Wed Sep 25 23:22:28 UTC 2019

real	0m4.038s
user	0m1.387s
sys	0m2.027s
=== Mid run end ===
Wed Sep 25 23:22:32 UTC 2019

real	0m3.412s
user	0m1.281s
sys	0m2.010s
Wed Sep 25 23:22:35 UTC 2019

real	0m3.423s
user	0m1.309s
sys	0m1.910s
Wed Sep 25 23:22:39 UTC 2019

real	0m5.136s
user	0m1.566s
sys	0m2.417s
Wed Sep 25 23:22:44 UTC 2019

real	0m3.706s
user	0m1.296s
sys	0m2.319s
Wed Sep 25 23:22:48 UTC 2019
