Wed Sep 25 23:22:11 UTC 2019
Wed Sep 25 23:22:11 UTC 2019

real	0m3.202s
user	0m1.154s
sys	0m1.917s
Wed Sep 25 23:22:14 UTC 2019

real	0m3.509s
user	0m1.184s
sys	0m2.274s
Wed Sep 25 23:22:18 UTC 2019

real	0m2.950s
user	0m1.155s
sys	0m1.759s
--- Mid run ---
Wed Sep 25 23:22:21 UTC 2019

real	0m3.015s
user	0m1.154s
sys	0m1.772s
=== Mid run end ===
Wed Sep 25 23:22:24 UTC 2019

real	0m4.044s
user	0m1.483s
sys	0m2.324s
Wed Sep 25 23:22:28 UTC 2019

real	0m4.515s
user	0m1.607s
sys	0m2.535s
Wed Sep 25 23:22:33 UTC 2019

real	0m5.363s
user	0m1.635s
sys	0m2.410s
Wed Sep 25 23:22:38 UTC 2019

real	0m5.057s
user	0m1.655s
sys	0m2.528s
Wed Sep 25 23:22:44 UTC 2019
