Wed Sep 25 23:28:57 UTC 2019
Wed Sep 25 23:28:57 UTC 2019

real	0m2.809s
user	0m1.159s
sys	0m1.624s
Wed Sep 25 23:28:59 UTC 2019

real	0m3.045s
user	0m1.251s
sys	0m1.685s
Wed Sep 25 23:29:03 UTC 2019

real	0m3.044s
user	0m1.132s
sys	0m1.777s
--- Mid run ---
Wed Sep 25 23:29:06 UTC 2019

real	0m3.546s
user	0m1.358s
sys	0m2.089s
=== Mid run end ===
Wed Sep 25 23:29:09 UTC 2019

real	0m3.529s
user	0m1.333s
sys	0m2.101s
Wed Sep 25 23:29:13 UTC 2019

real	0m5.728s
user	0m1.588s
sys	0m2.733s
Wed Sep 25 23:29:19 UTC 2019

real	0m5.652s
user	0m1.540s
sys	0m2.477s
Wed Sep 25 23:29:25 UTC 2019

real	0m4.948s
user	0m1.817s
sys	0m2.701s
Wed Sep 25 23:29:30 UTC 2019
