Wed Sep 25 23:28:59 UTC 2019
Wed Sep 25 23:28:59 UTC 2019

real	0m3.619s
user	0m1.208s
sys	0m2.303s
Wed Sep 25 23:29:03 UTC 2019

real	0m3.323s
user	0m1.169s
sys	0m2.113s
Wed Sep 25 23:29:06 UTC 2019

real	0m4.150s
user	0m1.399s
sys	0m2.660s
--- Mid run ---
Wed Sep 25 23:29:11 UTC 2019

real	0m4.045s
user	0m1.340s
sys	0m2.345s
=== Mid run end ===
Wed Sep 25 23:29:15 UTC 2019

real	0m3.816s
user	0m1.384s
sys	0m2.318s
Wed Sep 25 23:29:19 UTC 2019

real	0m4.187s
user	0m1.305s
sys	0m2.861s
Wed Sep 25 23:29:23 UTC 2019

real	0m4.623s
user	0m1.498s
sys	0m3.044s
Wed Sep 25 23:29:28 UTC 2019

real	0m3.678s
user	0m1.287s
sys	0m2.313s
Wed Sep 25 23:29:32 UTC 2019
