Wed Sep 25 23:20:01 UTC 2019
Wed Sep 25 23:20:01 UTC 2019

real	0m4.096s
user	0m1.232s
sys	0m2.543s
Wed Sep 25 23:20:06 UTC 2019

real	0m3.822s
user	0m1.229s
sys	0m2.558s
Wed Sep 25 23:20:10 UTC 2019

real	0m4.532s
user	0m1.523s
sys	0m2.986s
--- Mid run ---
Wed Sep 25 23:20:14 UTC 2019

real	0m4.780s
user	0m1.563s
sys	0m3.133s
=== Mid run end ===
Wed Sep 25 23:20:19 UTC 2019

real	0m4.470s
user	0m1.605s
sys	0m2.822s
Wed Sep 25 23:20:24 UTC 2019

real	0m4.167s
user	0m1.347s
sys	0m2.718s
Wed Sep 25 23:20:28 UTC 2019

real	0m3.792s
user	0m1.315s
sys	0m2.358s
Wed Sep 25 23:20:32 UTC 2019

real	0m6.055s
user	0m1.421s
sys	0m2.337s
Wed Sep 25 23:20:38 UTC 2019
