Wed Sep 25 23:22:30 UTC 2019
Wed Sep 25 23:22:30 UTC 2019

real	0m3.536s
user	0m1.371s
sys	0m2.096s
Wed Sep 25 23:22:34 UTC 2019

real	0m3.889s
user	0m1.505s
sys	0m2.174s
Wed Sep 25 23:22:38 UTC 2019

real	0m5.229s
user	0m1.522s
sys	0m2.477s
--- Mid run ---
Wed Sep 25 23:22:43 UTC 2019

real	0m3.179s
user	0m1.364s
sys	0m1.790s
=== Mid run end ===
Wed Sep 25 23:22:47 UTC 2019

real	0m3.236s
user	0m1.191s
sys	0m1.858s
Wed Sep 25 23:22:50 UTC 2019

real	0m3.305s
user	0m1.261s
sys	0m1.978s
Wed Sep 25 23:22:53 UTC 2019

real	0m3.257s
user	0m1.168s
sys	0m1.975s
Wed Sep 25 23:22:57 UTC 2019

real	0m3.269s
user	0m1.107s
sys	0m2.072s
Wed Sep 25 23:23:00 UTC 2019
