Wed Sep 25 23:20:09 UTC 2019
Wed Sep 25 23:20:09 UTC 2019

real	0m4.022s
user	0m1.459s
sys	0m2.201s
Wed Sep 25 23:20:13 UTC 2019

real	0m3.988s
user	0m1.448s
sys	0m2.407s
Wed Sep 25 23:20:17 UTC 2019

real	0m3.538s
user	0m1.316s
sys	0m2.162s
--- Mid run ---
Wed Sep 25 23:20:21 UTC 2019

real	0m3.968s
user	0m1.371s
sys	0m2.274s
=== Mid run end ===
Wed Sep 25 23:20:25 UTC 2019

real	0m3.038s
user	0m1.225s
sys	0m1.791s
Wed Sep 25 23:20:28 UTC 2019

real	0m3.259s
user	0m1.239s
sys	0m1.939s
Wed Sep 25 23:20:32 UTC 2019

real	0m2.965s
user	0m1.130s
sys	0m1.712s
Wed Sep 25 23:20:35 UTC 2019

real	0m3.265s
user	0m1.244s
sys	0m1.809s
Wed Sep 25 23:20:38 UTC 2019
