Wed Sep 25 23:29:06 UTC 2019
Wed Sep 25 23:29:06 UTC 2019

real	0m4.176s
user	0m1.523s
sys	0m2.629s
Wed Sep 25 23:29:10 UTC 2019

real	0m4.065s
user	0m1.450s
sys	0m2.531s
Wed Sep 25 23:29:14 UTC 2019

real	0m4.351s
user	0m1.575s
sys	0m2.643s
--- Mid run ---
Wed Sep 25 23:29:19 UTC 2019

real	0m4.149s
user	0m1.595s
sys	0m2.443s
=== Mid run end ===
Wed Sep 25 23:29:23 UTC 2019

real	0m4.542s
user	0m1.635s
sys	0m2.875s
Wed Sep 25 23:29:28 UTC 2019

real	0m3.837s
user	0m1.427s
sys	0m2.347s
Wed Sep 25 23:29:31 UTC 2019

real	0m3.670s
user	0m1.510s
sys	0m2.066s
Wed Sep 25 23:29:35 UTC 2019

real	0m3.763s
user	0m1.303s
sys	0m2.372s
Wed Sep 25 23:29:39 UTC 2019
