Wed Sep 25 23:29:13 UTC 2019
Wed Sep 25 23:29:13 UTC 2019

real	0m4.346s
user	0m1.478s
sys	0m2.802s
Wed Sep 25 23:29:17 UTC 2019

real	0m4.665s
user	0m1.575s
sys	0m3.058s
Wed Sep 25 23:29:22 UTC 2019

real	0m4.838s
user	0m1.558s
sys	0m3.105s
--- Mid run ---
Wed Sep 25 23:29:27 UTC 2019

real	0m4.503s
user	0m1.405s
sys	0m3.067s
=== Mid run end ===
Wed Sep 25 23:29:32 UTC 2019

real	0m4.309s
user	0m1.267s
sys	0m2.868s
Wed Sep 25 23:29:36 UTC 2019

real	0m3.609s
user	0m1.268s
sys	0m2.318s
Wed Sep 25 23:29:40 UTC 2019

real	0m3.885s
user	0m1.234s
sys	0m2.583s
Wed Sep 25 23:29:44 UTC 2019

real	0m3.214s
user	0m1.082s
sys	0m2.103s
Wed Sep 25 23:29:47 UTC 2019
