Wed Sep 25 23:19:51 UTC 2019
Wed Sep 25 23:19:51 UTC 2019

real	0m3.155s
user	0m1.047s
sys	0m1.984s
Wed Sep 25 23:19:54 UTC 2019

real	0m3.183s
user	0m1.086s
sys	0m2.036s
Wed Sep 25 23:19:58 UTC 2019

real	0m3.498s
user	0m1.223s
sys	0m2.193s
--- Mid run ---
Wed Sep 25 23:20:01 UTC 2019

real	0m6.068s
user	0m1.811s
sys	0m2.453s
=== Mid run end ===
Wed Sep 25 23:20:07 UTC 2019

real	0m3.581s
user	0m1.290s
sys	0m2.176s
Wed Sep 25 23:20:11 UTC 2019

real	0m4.428s
user	0m1.428s
sys	0m2.890s
Wed Sep 25 23:20:16 UTC 2019

real	0m4.779s
user	0m1.573s
sys	0m3.031s
Wed Sep 25 23:20:21 UTC 2019

real	0m4.220s
user	0m1.553s
sys	0m2.625s
Wed Sep 25 23:20:25 UTC 2019
