Wed Sep 25 23:25:33 UTC 2019
Wed Sep 25 23:25:33 UTC 2019

real	0m2.737s
user	0m0.973s
sys	0m1.714s
Wed Sep 25 23:25:35 UTC 2019

real	0m3.350s
user	0m1.183s
sys	0m2.121s
Wed Sep 25 23:25:39 UTC 2019

real	0m3.044s
user	0m1.153s
sys	0m1.856s
--- Mid run ---
Wed Sep 25 23:25:42 UTC 2019

real	0m3.622s
user	0m1.212s
sys	0m2.293s
=== Mid run end ===
Wed Sep 25 23:25:46 UTC 2019

real	0m3.659s
user	0m1.221s
sys	0m2.360s
Wed Sep 25 23:25:49 UTC 2019

real	0m4.359s
user	0m1.271s
sys	0m2.952s
Wed Sep 25 23:25:54 UTC 2019

real	0m3.899s
user	0m1.440s
sys	0m2.385s
Wed Sep 25 23:25:58 UTC 2019

real	0m4.464s
user	0m1.573s
sys	0m2.733s
Wed Sep 25 23:26:03 UTC 2019
