Wed Sep 25 23:28:57 UTC 2019
Wed Sep 25 23:28:57 UTC 2019

real	0m3.129s
user	0m1.090s
sys	0m1.954s
Wed Sep 25 23:29:00 UTC 2019

real	0m2.773s
user	0m1.077s
sys	0m1.569s
Wed Sep 25 23:29:03 UTC 2019

real	0m3.515s
user	0m1.209s
sys	0m1.959s
--- Mid run ---
Wed Sep 25 23:29:07 UTC 2019

real	0m4.040s
user	0m1.759s
sys	0m2.201s
=== Mid run end ===
Wed Sep 25 23:29:11 UTC 2019

real	0m5.156s
user	0m1.729s
sys	0m2.604s
Wed Sep 25 23:29:16 UTC 2019

real	0m7.714s
user	0m2.266s
sys	0m2.772s
Wed Sep 25 23:29:24 UTC 2019

real	0m4.973s
user	0m1.419s
sys	0m2.214s
Wed Sep 25 23:29:29 UTC 2019

real	0m4.201s
user	0m1.419s
sys	0m2.372s
Wed Sep 25 23:29:34 UTC 2019
