Wed Sep 25 23:25:45 UTC 2019
Wed Sep 25 23:25:45 UTC 2019

real	0m3.477s
user	0m1.530s
sys	0m1.857s
Wed Sep 25 23:25:49 UTC 2019

real	0m8.194s
user	0m1.922s
sys	0m2.236s
Wed Sep 25 23:25:57 UTC 2019

real	0m4.418s
user	0m1.370s
sys	0m1.782s
--- Mid run ---
Wed Sep 25 23:26:02 UTC 2019

real	0m5.885s
user	0m1.765s
sys	0m1.998s
=== Mid run end ===
Wed Sep 25 23:26:08 UTC 2019

real	0m3.095s
user	0m1.286s
sys	0m1.589s
Wed Sep 25 23:26:11 UTC 2019

real	0m3.643s
user	0m1.411s
sys	0m1.686s
Wed Sep 25 23:26:14 UTC 2019

real	0m3.282s
user	0m1.242s
sys	0m1.846s
Wed Sep 25 23:26:18 UTC 2019

real	0m2.829s
user	0m1.132s
sys	0m1.526s
Wed Sep 25 23:26:21 UTC 2019
