Wed Sep 25 23:25:34 UTC 2019
Wed Sep 25 23:25:34 UTC 2019

real	0m3.231s
user	0m1.094s
sys	0m2.080s
Wed Sep 25 23:25:37 UTC 2019

real	0m3.492s
user	0m1.090s
sys	0m2.205s
Wed Sep 25 23:25:41 UTC 2019

real	0m3.237s
user	0m1.118s
sys	0m2.072s
--- Mid run ---
Wed Sep 25 23:25:44 UTC 2019

real	0m4.172s
user	0m1.241s
sys	0m2.844s
=== Mid run end ===
Wed Sep 25 23:25:48 UTC 2019

real	0m3.871s
user	0m1.303s
sys	0m2.481s
Wed Sep 25 23:25:52 UTC 2019

real	0m4.151s
user	0m1.517s
sys	0m2.583s
Wed Sep 25 23:25:57 UTC 2019

real	0m4.887s
user	0m1.463s
sys	0m3.044s
Wed Sep 25 23:26:02 UTC 2019

real	0m3.806s
user	0m1.406s
sys	0m2.235s
Wed Sep 25 23:26:06 UTC 2019
