Wed Sep 25 23:15:52 UTC 2019
Wed Sep 25 23:15:52 UTC 2019

real	0m3.301s
user	0m1.061s
sys	0m2.077s
Wed Sep 25 23:15:56 UTC 2019

real	0m3.234s
user	0m1.152s
sys	0m1.988s
Wed Sep 25 23:15:59 UTC 2019

real	0m3.992s
user	0m1.203s
sys	0m2.278s
--- Mid run ---
Wed Sep 25 23:16:03 UTC 2019

real	0m4.193s
user	0m1.303s
sys	0m2.822s
=== Mid run end ===
Wed Sep 25 23:16:07 UTC 2019

real	0m4.489s
user	0m1.337s
sys	0m3.106s
Wed Sep 25 23:16:12 UTC 2019

real	0m4.483s
user	0m1.489s
sys	0m2.974s
Wed Sep 25 23:16:17 UTC 2019

real	0m4.452s
user	0m1.494s
sys	0m2.898s
Wed Sep 25 23:16:21 UTC 2019

real	0m4.334s
user	0m1.404s
sys	0m2.801s
Wed Sep 25 23:16:26 UTC 2019
