Wed Sep 25 23:20:08 UTC 2019
Wed Sep 25 23:20:08 UTC 2019

real	0m4.017s
user	0m1.388s
sys	0m2.363s
Wed Sep 25 23:20:12 UTC 2019

real	0m4.003s
user	0m1.371s
sys	0m2.424s
Wed Sep 25 23:20:16 UTC 2019

real	0m5.303s
user	0m1.425s
sys	0m2.969s
--- Mid run ---
Wed Sep 25 23:20:22 UTC 2019

real	0m3.756s
user	0m1.309s
sys	0m2.369s
=== Mid run end ===
Wed Sep 25 23:20:25 UTC 2019

real	0m3.702s
user	0m1.293s
sys	0m2.354s
Wed Sep 25 23:20:29 UTC 2019

real	0m3.146s
user	0m1.119s
sys	0m1.870s
Wed Sep 25 23:20:33 UTC 2019

real	0m3.436s
user	0m1.242s
sys	0m2.144s
Wed Sep 25 23:20:36 UTC 2019

real	0m3.413s
user	0m1.131s
sys	0m2.134s
Wed Sep 25 23:20:40 UTC 2019
