Wed Sep 25 23:20:03 UTC 2019
Wed Sep 25 23:20:03 UTC 2019

real	0m3.948s
user	0m1.482s
sys	0m1.973s
Wed Sep 25 23:20:07 UTC 2019

real	0m5.673s
user	0m1.728s
sys	0m2.017s
Wed Sep 25 23:20:13 UTC 2019

real	0m5.710s
user	0m1.591s
sys	0m2.003s
--- Mid run ---
Wed Sep 25 23:20:18 UTC 2019

real	0m4.918s
user	0m1.653s
sys	0m2.231s
=== Mid run end ===
Wed Sep 25 23:20:23 UTC 2019

real	0m4.171s
user	0m1.471s
sys	0m2.170s
Wed Sep 25 23:20:28 UTC 2019

real	0m4.627s
user	0m1.363s
sys	0m1.913s
Wed Sep 25 23:20:32 UTC 2019

real	0m3.326s
user	0m1.282s
sys	0m1.906s
Wed Sep 25 23:20:36 UTC 2019

real	0m3.385s
user	0m1.504s
sys	0m1.823s
Wed Sep 25 23:20:39 UTC 2019
