Wed Sep 25 23:16:04 UTC 2019
Wed Sep 25 23:16:04 UTC 2019

real	0m4.670s
user	0m1.860s
sys	0m1.879s
Wed Sep 25 23:16:08 UTC 2019

real	0m5.189s
user	0m1.509s
sys	0m2.294s
Wed Sep 25 23:16:14 UTC 2019

real	0m8.694s
user	0m2.167s
sys	0m2.551s
--- Mid run ---
Wed Sep 25 23:16:22 UTC 2019

real	0m7.304s
user	0m2.196s
sys	0m2.286s
=== Mid run end ===
Wed Sep 25 23:16:30 UTC 2019

real	0m4.564s
user	0m1.579s
sys	0m1.940s
Wed Sep 25 23:16:35 UTC 2019

real	0m4.020s
user	0m1.459s
sys	0m2.102s
Wed Sep 25 23:16:39 UTC 2019

real	0m3.462s
user	0m1.277s
sys	0m1.531s
Wed Sep 25 23:16:42 UTC 2019

real	0m2.884s
user	0m1.148s
sys	0m1.554s
Wed Sep 25 23:16:45 UTC 2019
