Wed Sep 25 23:19:52 UTC 2019
Wed Sep 25 23:19:52 UTC 2019

real	0m2.591s
user	0m1.004s
sys	0m1.471s
Wed Sep 25 23:19:55 UTC 2019

real	0m3.332s
user	0m1.177s
sys	0m2.107s
Wed Sep 25 23:19:58 UTC 2019

real	0m3.941s
user	0m1.595s
sys	0m2.277s
--- Mid run ---
Wed Sep 25 23:20:02 UTC 2019

real	0m3.905s
user	0m1.154s
sys	0m2.605s
=== Mid run end ===
Wed Sep 25 23:20:06 UTC 2019

real	0m2.851s
user	0m1.159s
sys	0m1.618s
Wed Sep 25 23:20:09 UTC 2019

real	0m4.972s
user	0m1.361s
sys	0m3.540s
Wed Sep 25 23:20:14 UTC 2019

real	0m4.821s
user	0m1.422s
sys	0m3.352s
Wed Sep 25 23:20:19 UTC 2019

real	0m4.566s
user	0m1.419s
sys	0m3.002s
Wed Sep 25 23:20:24 UTC 2019
