Wed Sep 25 23:15:53 UTC 2019
Wed Sep 25 23:15:53 UTC 2019

real	0m3.064s
user	0m1.070s
sys	0m1.915s
Wed Sep 25 23:15:57 UTC 2019

real	0m3.261s
user	0m1.080s
sys	0m2.140s
Wed Sep 25 23:16:00 UTC 2019

real	0m3.501s
user	0m1.150s
sys	0m2.287s
--- Mid run ---
Wed Sep 25 23:16:04 UTC 2019

real	0m3.704s
user	0m1.358s
sys	0m2.318s
=== Mid run end ===
Wed Sep 25 23:16:07 UTC 2019

real	0m3.824s
user	0m1.452s
sys	0m2.271s
Wed Sep 25 23:16:11 UTC 2019

real	0m5.069s
user	0m1.601s
sys	0m3.274s
Wed Sep 25 23:16:17 UTC 2019

real	0m5.138s
user	0m1.566s
sys	0m3.540s
Wed Sep 25 23:16:22 UTC 2019

real	0m11.605s
user	0m2.017s
sys	0m3.488s
Wed Sep 25 23:16:34 UTC 2019
