Wed Sep 25 23:22:30 UTC 2019
Wed Sep 25 23:22:30 UTC 2019

real	0m5.175s
user	0m1.510s
sys	0m3.286s
Wed Sep 25 23:22:35 UTC 2019

real	0m5.186s
user	0m1.556s
sys	0m3.503s
Wed Sep 25 23:22:40 UTC 2019

real	0m5.494s
user	0m1.562s
sys	0m3.779s
--- Mid run ---
Wed Sep 25 23:22:46 UTC 2019

real	0m4.587s
user	0m1.527s
sys	0m2.972s
=== Mid run end ===
Wed Sep 25 23:22:51 UTC 2019

real	0m4.831s
user	0m1.369s
sys	0m3.438s
Wed Sep 25 23:22:56 UTC 2019

real	0m4.539s
user	0m1.356s
sys	0m3.095s
Wed Sep 25 23:23:00 UTC 2019

real	0m4.392s
user	0m1.319s
sys	0m2.826s
Wed Sep 25 23:23:05 UTC 2019

real	0m4.465s
user	0m1.154s
sys	0m2.170s
Wed Sep 25 23:23:09 UTC 2019
