Wed Sep 25 23:28:54 UTC 2019
Wed Sep 25 23:28:54 UTC 2019

real	0m3.124s
user	0m1.162s
sys	0m1.924s
Wed Sep 25 23:28:57 UTC 2019

real	0m4.208s
user	0m1.238s
sys	0m2.502s
Wed Sep 25 23:29:02 UTC 2019

real	0m3.943s
user	0m1.285s
sys	0m2.616s
--- Mid run ---
Wed Sep 25 23:29:06 UTC 2019

real	0m3.968s
user	0m1.211s
sys	0m2.697s
=== Mid run end ===
Wed Sep 25 23:29:10 UTC 2019

real	0m4.645s
user	0m1.363s
sys	0m3.252s
Wed Sep 25 23:29:15 UTC 2019

real	0m5.657s
user	0m1.568s
sys	0m3.986s
Wed Sep 25 23:29:20 UTC 2019

real	0m4.287s
user	0m1.473s
sys	0m2.748s
Wed Sep 25 23:29:25 UTC 2019

real	0m5.400s
user	0m1.524s
sys	0m3.784s
Wed Sep 25 23:29:31 UTC 2019
