Wed Sep 25 23:25:45 UTC 2019
Wed Sep 25 23:25:45 UTC 2019

real	0m4.107s
user	0m1.304s
sys	0m2.627s
Wed Sep 25 23:25:49 UTC 2019

real	0m3.676s
user	0m1.137s
sys	0m2.513s
Wed Sep 25 23:25:53 UTC 2019

real	0m4.709s
user	0m1.468s
sys	0m3.180s
--- Mid run ---
Wed Sep 25 23:25:58 UTC 2019

real	0m4.152s
user	0m1.411s
sys	0m2.694s
=== Mid run end ===
Wed Sep 25 23:26:02 UTC 2019

real	0m5.204s
user	0m1.489s
sys	0m3.009s
Wed Sep 25 23:26:07 UTC 2019

real	0m4.815s
user	0m1.752s
sys	0m2.870s
Wed Sep 25 23:26:12 UTC 2019

real	0m3.434s
user	0m1.306s
sys	0m2.097s
Wed Sep 25 23:26:16 UTC 2019

real	0m4.215s
user	0m1.326s
sys	0m2.769s
Wed Sep 25 23:26:20 UTC 2019
