Wed Sep 25 23:29:13 UTC 2019
Wed Sep 25 23:29:13 UTC 2019

real	0m4.097s
user	0m1.698s
sys	0m2.075s
Wed Sep 25 23:29:17 UTC 2019

real	0m5.969s
user	0m1.821s
sys	0m2.478s
Wed Sep 25 23:29:23 UTC 2019

real	0m6.768s
user	0m1.779s
sys	0m2.352s
--- Mid run ---
Wed Sep 25 23:29:30 UTC 2019

real	0m3.937s
user	0m1.456s
sys	0m2.187s
=== Mid run end ===
Wed Sep 25 23:29:34 UTC 2019

real	0m3.521s
user	0m1.414s
sys	0m1.976s
Wed Sep 25 23:29:37 UTC 2019

real	0m3.907s
user	0m1.522s
sys	0m2.274s
Wed Sep 25 23:29:41 UTC 2019

real	0m3.714s
user	0m1.223s
sys	0m1.935s
Wed Sep 25 23:29:45 UTC 2019

real	0m3.773s
user	0m1.201s
sys	0m2.358s
Wed Sep 25 23:29:49 UTC 2019
