Wed Sep 25 23:22:25 UTC 2019
Wed Sep 25 23:22:25 UTC 2019

real	0m6.766s
user	0m1.789s
sys	0m2.595s
Wed Sep 25 23:22:32 UTC 2019

real	0m4.997s
user	0m1.587s
sys	0m2.273s
Wed Sep 25 23:22:37 UTC 2019

real	0m4.593s
user	0m1.593s
sys	0m2.106s
--- Mid run ---
Wed Sep 25 23:22:42 UTC 2019

real	0m6.900s
user	0m1.767s
sys	0m2.124s
=== Mid run end ===
Wed Sep 25 23:22:49 UTC 2019

real	0m4.683s
user	0m1.671s
sys	0m2.215s
Wed Sep 25 23:22:53 UTC 2019

real	0m4.547s
user	0m1.623s
sys	0m2.033s
Wed Sep 25 23:22:58 UTC 2019

real	0m4.329s
user	0m1.609s
sys	0m2.361s
Wed Sep 25 23:23:02 UTC 2019

real	0m4.593s
user	0m1.342s
sys	0m1.888s
Wed Sep 25 23:23:07 UTC 2019
