Wed Sep 25 23:28:57 UTC 2019
Wed Sep 25 23:28:57 UTC 2019

real	0m2.617s
user	0m1.104s
sys	0m1.379s
Wed Sep 25 23:29:00 UTC 2019

real	0m3.321s
user	0m1.212s
sys	0m1.858s
Wed Sep 25 23:29:03 UTC 2019

real	0m4.551s
user	0m1.392s
sys	0m1.998s
--- Mid run ---
Wed Sep 25 23:29:08 UTC 2019

real	0m4.000s
user	0m1.462s
sys	0m2.443s
=== Mid run end ===
Wed Sep 25 23:29:12 UTC 2019

real	0m3.903s
user	0m1.483s
sys	0m2.325s
Wed Sep 25 23:29:16 UTC 2019

real	0m4.131s
user	0m1.507s
sys	0m2.330s
Wed Sep 25 23:29:21 UTC 2019

real	0m4.688s
user	0m1.685s
sys	0m2.322s
Wed Sep 25 23:29:25 UTC 2019

real	0m3.941s
user	0m1.573s
sys	0m2.268s
Wed Sep 25 23:29:30 UTC 2019
