Wed Sep 25 23:29:05 UTC 2019
Wed Sep 25 23:29:05 UTC 2019

real	0m4.798s
user	0m1.453s
sys	0m2.181s
Wed Sep 25 23:29:10 UTC 2019

real	0m4.110s
user	0m1.430s
sys	0m2.043s
Wed Sep 25 23:29:14 UTC 2019

real	0m4.467s
user	0m1.571s
sys	0m2.178s
--- Mid run ---
Wed Sep 25 23:29:19 UTC 2019

real	0m3.976s
user	0m1.401s
sys	0m2.205s
=== Mid run end ===
Wed Sep 25 23:29:23 UTC 2019

real	0m6.076s
user	0m1.855s
sys	0m2.601s
Wed Sep 25 23:29:29 UTC 2019

real	0m3.353s
user	0m1.300s
sys	0m2.016s
Wed Sep 25 23:29:33 UTC 2019

real	0m3.220s
user	0m1.247s
sys	0m1.937s
Wed Sep 25 23:29:36 UTC 2019

real	0m3.262s
user	0m1.231s
sys	0m1.976s
Wed Sep 25 23:29:39 UTC 2019
