Wed Sep 25 23:29:12 UTC 2019
Wed Sep 25 23:29:12 UTC 2019

real	0m5.320s
user	0m1.965s
sys	0m3.329s
Wed Sep 25 23:29:17 UTC 2019

real	0m4.469s
user	0m1.564s
sys	0m2.875s
Wed Sep 25 23:29:22 UTC 2019

real	0m4.872s
user	0m1.484s
sys	0m3.360s
--- Mid run ---
Wed Sep 25 23:29:27 UTC 2019

real	0m4.281s
user	0m1.478s
sys	0m2.718s
=== Mid run end ===
Wed Sep 25 23:29:31 UTC 2019

real	0m3.766s
user	0m1.261s
sys	0m2.461s
Wed Sep 25 23:29:35 UTC 2019

real	0m3.383s
user	0m1.152s
sys	0m2.194s
Wed Sep 25 23:29:39 UTC 2019

real	0m3.564s
user	0m1.190s
sys	0m2.179s
Wed Sep 25 23:29:42 UTC 2019

real	0m3.288s
user	0m1.199s
sys	0m2.032s
Wed Sep 25 23:29:46 UTC 2019
