Wed Sep 25 23:17:44 UTC 2019
Wed Sep 25 23:17:44 UTC 2019

real	0m5.199s
user	0m1.555s
sys	0m3.406s
Wed Sep 25 23:17:49 UTC 2019

real	0m4.878s
user	0m1.624s
sys	0m3.221s
Wed Sep 25 23:17:54 UTC 2019

real	0m5.288s
user	0m1.524s
sys	0m3.585s
--- Mid run ---
Wed Sep 25 23:17:59 UTC 2019

real	0m4.801s
user	0m1.490s
sys	0m3.283s
=== Mid run end ===
Wed Sep 25 23:18:04 UTC 2019

real	0m5.610s
user	0m1.622s
sys	0m3.932s
Wed Sep 25 23:18:10 UTC 2019

real	0m3.893s
user	0m1.166s
sys	0m2.699s
Wed Sep 25 23:18:14 UTC 2019

real	0m3.581s
user	0m1.147s
sys	0m2.416s
Wed Sep 25 23:18:18 UTC 2019

real	0m6.674s
user	0m1.181s
sys	0m2.427s
Wed Sep 25 23:18:25 UTC 2019
