Wed Sep 25 23:28:56 UTC 2019
Wed Sep 25 23:28:56 UTC 2019

real	0m2.914s
user	0m1.110s
sys	0m1.713s
Wed Sep 25 23:28:59 UTC 2019

real	0m3.423s
user	0m1.165s
sys	0m2.135s
Wed Sep 25 23:29:02 UTC 2019

real	0m4.003s
user	0m1.259s
sys	0m2.561s
--- Mid run ---
Wed Sep 25 23:29:07 UTC 2019

real	0m3.645s
user	0m1.246s
sys	0m2.365s
=== Mid run end ===
Wed Sep 25 23:29:10 UTC 2019

real	0m4.192s
user	0m1.377s
sys	0m2.772s
Wed Sep 25 23:29:15 UTC 2019

real	0m4.275s
user	0m1.379s
sys	0m2.841s
Wed Sep 25 23:29:19 UTC 2019

real	0m4.265s
user	0m1.408s
sys	0m2.829s
Wed Sep 25 23:29:24 UTC 2019

real	0m4.694s
user	0m1.537s
sys	0m3.113s
Wed Sep 25 23:29:28 UTC 2019
