Wed Sep 25 23:20:09 UTC 2019
Wed Sep 25 23:20:09 UTC 2019

real	0m4.041s
user	0m1.549s
sys	0m2.384s
Wed Sep 25 23:20:13 UTC 2019

real	0m3.884s
user	0m1.324s
sys	0m2.469s
Wed Sep 25 23:20:17 UTC 2019

real	0m3.674s
user	0m1.248s
sys	0m2.393s
--- Mid run ---
Wed Sep 25 23:20:21 UTC 2019

real	0m3.921s
user	0m1.357s
sys	0m2.499s
=== Mid run end ===
Wed Sep 25 23:20:25 UTC 2019

real	0m3.779s
user	0m1.268s
sys	0m2.373s
Wed Sep 25 23:20:29 UTC 2019

real	0m3.441s
user	0m1.297s
sys	0m2.067s
Wed Sep 25 23:20:33 UTC 2019

real	0m3.215s
user	0m1.104s
sys	0m1.955s
Wed Sep 25 23:20:36 UTC 2019

real	0m2.838s
user	0m1.043s
sys	0m1.662s
Wed Sep 25 23:20:39 UTC 2019
