Wed Sep 25 23:25:52 UTC 2019
Wed Sep 25 23:25:52 UTC 2019

real	0m5.239s
user	0m1.607s
sys	0m2.563s
Wed Sep 25 23:25:58 UTC 2019

real	0m4.466s
user	0m1.571s
sys	0m2.329s
Wed Sep 25 23:26:02 UTC 2019

real	0m3.785s
user	0m1.372s
sys	0m2.239s
--- Mid run ---
Wed Sep 25 23:26:06 UTC 2019

real	0m3.649s
user	0m1.399s
sys	0m2.116s
=== Mid run end ===
Wed Sep 25 23:26:10 UTC 2019

real	0m3.679s
user	0m1.361s
sys	0m2.240s
Wed Sep 25 23:26:14 UTC 2019

real	0m3.429s
user	0m1.308s
sys	0m1.956s
Wed Sep 25 23:26:17 UTC 2019

real	0m3.154s
user	0m1.246s
sys	0m1.832s
Wed Sep 25 23:26:20 UTC 2019

real	0m3.023s
user	0m1.046s
sys	0m1.947s
Wed Sep 25 23:26:24 UTC 2019
