Wed Sep 25 23:22:14 UTC 2019
Wed Sep 25 23:22:14 UTC 2019

real	0m3.061s
user	0m1.111s
sys	0m1.910s
Wed Sep 25 23:22:17 UTC 2019

real	0m2.992s
user	0m1.060s
sys	0m1.886s
Wed Sep 25 23:22:20 UTC 2019

real	0m3.207s
user	0m1.107s
sys	0m1.930s
--- Mid run ---
Wed Sep 25 23:22:24 UTC 2019

real	0m3.508s
user	0m1.214s
sys	0m2.252s
=== Mid run end ===
Wed Sep 25 23:22:27 UTC 2019

real	0m3.696s
user	0m1.297s
sys	0m2.322s
Wed Sep 25 23:22:31 UTC 2019

real	0m4.534s
user	0m1.424s
sys	0m2.949s
Wed Sep 25 23:22:36 UTC 2019

real	0m4.205s
user	0m1.444s
sys	0m2.692s
Wed Sep 25 23:22:40 UTC 2019

real	0m4.501s
user	0m1.482s
sys	0m2.935s
Wed Sep 25 23:22:45 UTC 2019
