Wed Sep 25 23:19:50 UTC 2019
Wed Sep 25 23:19:50 UTC 2019

real	0m3.306s
user	0m1.104s
sys	0m1.944s
Wed Sep 25 23:19:54 UTC 2019

real	0m3.709s
user	0m1.127s
sys	0m2.365s
Wed Sep 25 23:19:57 UTC 2019

real	0m2.911s
user	0m1.162s
sys	0m1.591s
--- Mid run ---
Wed Sep 25 23:20:00 UTC 2019

real	0m3.187s
user	0m1.236s
sys	0m1.782s
=== Mid run end ===
Wed Sep 25 23:20:04 UTC 2019

real	0m3.438s
user	0m1.273s
sys	0m2.072s
Wed Sep 25 23:20:07 UTC 2019

real	0m3.461s
user	0m1.291s
sys	0m2.059s
Wed Sep 25 23:20:11 UTC 2019

real	0m4.491s
user	0m1.878s
sys	0m2.050s
Wed Sep 25 23:20:15 UTC 2019

real	0m4.124s
user	0m1.595s
sys	0m2.502s
Wed Sep 25 23:20:20 UTC 2019
