Wed Sep 25 23:25:38 UTC 2019
Wed Sep 25 23:25:38 UTC 2019

real	0m3.528s
user	0m1.188s
sys	0m2.029s
Wed Sep 25 23:25:42 UTC 2019

real	0m3.512s
user	0m1.229s
sys	0m2.204s
Wed Sep 25 23:25:45 UTC 2019

real	0m4.026s
user	0m1.360s
sys	0m2.525s
--- Mid run ---
Wed Sep 25 23:25:50 UTC 2019

real	0m4.177s
user	0m1.380s
sys	0m2.689s
=== Mid run end ===
Wed Sep 25 23:25:54 UTC 2019

real	0m4.635s
user	0m1.418s
sys	0m3.165s
Wed Sep 25 23:25:59 UTC 2019

real	0m4.188s
user	0m1.509s
sys	0m2.577s
Wed Sep 25 23:26:03 UTC 2019

real	0m4.253s
user	0m1.576s
sys	0m2.628s
Wed Sep 25 23:26:07 UTC 2019

real	0m3.838s
user	0m1.294s
sys	0m2.437s
Wed Sep 25 23:26:11 UTC 2019
