Wed Sep 25 23:25:33 UTC 2019
Wed Sep 25 23:25:33 UTC 2019

real	0m3.159s
user	0m1.076s
sys	0m1.893s
Wed Sep 25 23:25:36 UTC 2019

real	0m2.696s
user	0m1.094s
sys	0m1.445s
Wed Sep 25 23:25:39 UTC 2019

real	0m3.223s
user	0m1.212s
sys	0m1.889s
--- Mid run ---
Wed Sep 25 23:25:42 UTC 2019

real	0m3.332s
user	0m1.323s
sys	0m1.883s
=== Mid run end ===
Wed Sep 25 23:25:45 UTC 2019

real	0m3.674s
user	0m1.504s
sys	0m2.068s
Wed Sep 25 23:25:49 UTC 2019

real	0m4.968s
user	0m1.532s
sys	0m2.009s
Wed Sep 25 23:25:54 UTC 2019

real	0m3.511s
user	0m1.323s
sys	0m2.100s
Wed Sep 25 23:25:58 UTC 2019

real	0m6.194s
user	0m1.596s
sys	0m2.017s
Wed Sep 25 23:26:04 UTC 2019
