Wed Sep 25 23:28:54 UTC 2019
Wed Sep 25 23:28:54 UTC 2019

real	0m3.277s
user	0m1.124s
sys	0m2.042s
Wed Sep 25 23:28:58 UTC 2019

real	0m3.206s
user	0m1.414s
sys	0m1.737s
Wed Sep 25 23:29:01 UTC 2019

real	0m3.045s
user	0m1.083s
sys	0m1.829s
--- Mid run ---
Wed Sep 25 23:29:04 UTC 2019

real	0m3.209s
user	0m1.280s
sys	0m1.843s
=== Mid run end ===
Wed Sep 25 23:29:07 UTC 2019

real	0m3.711s
user	0m1.335s
sys	0m2.295s
Wed Sep 25 23:29:11 UTC 2019

real	0m4.349s
user	0m1.466s
sys	0m2.380s
Wed Sep 25 23:29:16 UTC 2019

real	0m3.629s
user	0m1.298s
sys	0m2.157s
Wed Sep 25 23:29:19 UTC 2019

real	0m4.187s
user	0m1.509s
sys	0m2.491s
Wed Sep 25 23:29:24 UTC 2019
