Wed Sep 25 23:20:09 UTC 2019
Wed Sep 25 23:20:09 UTC 2019

real	0m3.612s
user	0m1.400s
sys	0m2.101s
Wed Sep 25 23:20:13 UTC 2019

real	0m4.017s
user	0m1.590s
sys	0m2.291s
Wed Sep 25 23:20:17 UTC 2019

real	0m4.401s
user	0m1.693s
sys	0m2.049s
--- Mid run ---
Wed Sep 25 23:20:22 UTC 2019

real	0m4.008s
user	0m1.534s
sys	0m2.151s
=== Mid run end ===
Wed Sep 25 23:20:26 UTC 2019

real	0m2.904s
user	0m1.105s
sys	0m1.629s
Wed Sep 25 23:20:29 UTC 2019

real	0m2.943s
user	0m1.197s
sys	0m1.687s
Wed Sep 25 23:20:32 UTC 2019

real	0m2.890s
user	0m1.148s
sys	0m1.701s
Wed Sep 25 23:20:35 UTC 2019

real	0m3.137s
user	0m1.355s
sys	0m1.735s
Wed Sep 25 23:20:38 UTC 2019
