Wed Sep 25 23:25:34 UTC 2019
Wed Sep 25 23:25:34 UTC 2019

real	0m3.062s
user	0m1.054s
sys	0m1.907s
Wed Sep 25 23:25:37 UTC 2019

real	0m3.720s
user	0m1.556s
sys	0m1.890s
Wed Sep 25 23:25:41 UTC 2019

real	0m3.192s
user	0m1.098s
sys	0m2.006s
--- Mid run ---
Wed Sep 25 23:25:44 UTC 2019

real	0m3.178s
user	0m1.279s
sys	0m1.869s
=== Mid run end ===
Wed Sep 25 23:25:48 UTC 2019

real	0m3.634s
user	0m1.411s
sys	0m2.071s
Wed Sep 25 23:25:51 UTC 2019

real	0m6.149s
user	0m1.770s
sys	0m2.416s
Wed Sep 25 23:25:58 UTC 2019

real	0m4.680s
user	0m1.650s
sys	0m2.391s
Wed Sep 25 23:26:02 UTC 2019

real	0m4.523s
user	0m1.630s
sys	0m2.430s
Wed Sep 25 23:26:07 UTC 2019
