Wed Sep 25 23:29:17 UTC 2019
Wed Sep 25 23:29:17 UTC 2019

real	0m4.867s
user	0m1.611s
sys	0m2.279s
Wed Sep 25 23:29:22 UTC 2019

real	0m4.162s
user	0m1.573s
sys	0m2.460s
Wed Sep 25 23:29:27 UTC 2019

real	0m3.356s
user	0m1.294s
sys	0m1.924s
--- Mid run ---
Wed Sep 25 23:29:30 UTC 2019

real	0m4.350s
user	0m1.433s
sys	0m2.167s
=== Mid run end ===
Wed Sep 25 23:29:35 UTC 2019

real	0m2.847s
user	0m1.161s
sys	0m1.647s
Wed Sep 25 23:29:38 UTC 2019

real	0m3.904s
user	0m1.228s
sys	0m2.052s
Wed Sep 25 23:29:42 UTC 2019

real	0m3.061s
user	0m1.048s
sys	0m1.797s
Wed Sep 25 23:29:45 UTC 2019

real	0m3.291s
user	0m1.086s
sys	0m2.182s
Wed Sep 25 23:29:48 UTC 2019
