Wed Sep 25 23:25:38 UTC 2019
Wed Sep 25 23:25:38 UTC 2019

real	0m3.076s
user	0m1.280s
sys	0m1.697s
Wed Sep 25 23:25:41 UTC 2019

real	0m3.356s
user	0m1.298s
sys	0m1.964s
Wed Sep 25 23:25:44 UTC 2019

real	0m3.957s
user	0m1.635s
sys	0m2.258s
--- Mid run ---
Wed Sep 25 23:25:48 UTC 2019

real	0m3.418s
user	0m1.274s
sys	0m2.076s
=== Mid run end ===
Wed Sep 25 23:25:52 UTC 2019

real	0m4.957s
user	0m1.679s
sys	0m2.074s
Wed Sep 25 23:25:57 UTC 2019

real	0m4.708s
user	0m1.450s
sys	0m2.480s
Wed Sep 25 23:26:02 UTC 2019

real	0m4.094s
user	0m1.324s
sys	0m2.082s
Wed Sep 25 23:26:06 UTC 2019

real	0m3.656s
user	0m1.414s
sys	0m2.089s
Wed Sep 25 23:26:10 UTC 2019
