Wed Sep 25 23:25:52 UTC 2019
Wed Sep 25 23:25:52 UTC 2019

real	0m4.228s
user	0m1.399s
sys	0m2.452s
Wed Sep 25 23:25:57 UTC 2019

real	0m3.946s
user	0m1.387s
sys	0m2.455s
Wed Sep 25 23:26:01 UTC 2019

real	0m4.192s
user	0m1.530s
sys	0m2.595s
--- Mid run ---
Wed Sep 25 23:26:05 UTC 2019

real	0m3.972s
user	0m1.321s
sys	0m2.605s
=== Mid run end ===
Wed Sep 25 23:26:09 UTC 2019

real	0m3.337s
user	0m1.109s
sys	0m2.138s
Wed Sep 25 23:26:13 UTC 2019

real	0m3.394s
user	0m1.119s
sys	0m2.162s
Wed Sep 25 23:26:16 UTC 2019

real	0m2.930s
user	0m1.117s
sys	0m1.778s
Wed Sep 25 23:26:19 UTC 2019

real	0m3.557s
user	0m1.109s
sys	0m2.276s
Wed Sep 25 23:26:23 UTC 2019
