Wed Sep 25 23:22:25 UTC 2019
Wed Sep 25 23:22:25 UTC 2019

real	0m3.713s
user	0m1.486s
sys	0m2.155s
Wed Sep 25 23:22:28 UTC 2019

real	0m5.097s
user	0m1.617s
sys	0m2.297s
Wed Sep 25 23:22:34 UTC 2019

real	0m6.758s
user	0m1.581s
sys	0m2.319s
--- Mid run ---
Wed Sep 25 23:22:41 UTC 2019

real	0m4.938s
user	0m1.596s
sys	0m2.190s
=== Mid run end ===
Wed Sep 25 23:22:46 UTC 2019

real	0m5.628s
user	0m1.746s
sys	0m2.347s
Wed Sep 25 23:22:51 UTC 2019

real	0m3.747s
user	0m1.308s
sys	0m2.013s
Wed Sep 25 23:22:55 UTC 2019

real	0m3.308s
user	0m1.227s
sys	0m1.716s
Wed Sep 25 23:22:59 UTC 2019

real	0m3.355s
user	0m1.251s
sys	0m1.769s
Wed Sep 25 23:23:02 UTC 2019
