Wed Sep 25 23:25:45 UTC 2019
Wed Sep 25 23:25:45 UTC 2019

real	0m3.420s
user	0m1.330s
sys	0m1.916s
Wed Sep 25 23:25:49 UTC 2019

real	0m5.386s
user	0m1.602s
sys	0m1.929s
Wed Sep 25 23:25:54 UTC 2019

real	0m3.808s
user	0m1.325s
sys	0m1.976s
--- Mid run ---
Wed Sep 25 23:25:58 UTC 2019

real	0m5.481s
user	0m1.684s
sys	0m2.006s
=== Mid run end ===
Wed Sep 25 23:26:04 UTC 2019

real	0m4.822s
user	0m1.562s
sys	0m2.252s
Wed Sep 25 23:26:09 UTC 2019

real	0m3.666s
user	0m1.474s
sys	0m2.125s
Wed Sep 25 23:26:12 UTC 2019

real	0m2.781s
user	0m1.065s
sys	0m1.557s
Wed Sep 25 23:26:15 UTC 2019

real	0m2.605s
user	0m1.048s
sys	0m1.399s
Wed Sep 25 23:26:18 UTC 2019
