Wed Sep 25 23:22:36 UTC 2019
Wed Sep 25 23:22:36 UTC 2019

real	0m5.185s
user	0m1.518s
sys	0m3.543s
Wed Sep 25 23:22:41 UTC 2019

real	0m4.817s
user	0m1.413s
sys	0m3.367s
Wed Sep 25 23:22:46 UTC 2019

real	0m4.007s
user	0m1.409s
sys	0m2.532s
--- Mid run ---
Wed Sep 25 23:22:51 UTC 2019

real	0m4.725s
user	0m1.328s
sys	0m3.016s
=== Mid run end ===
Wed Sep 25 23:22:56 UTC 2019

real	0m4.008s
user	0m1.177s
sys	0m2.762s
Wed Sep 25 23:23:00 UTC 2019

real	0m3.536s
user	0m1.135s
sys	0m2.366s
Wed Sep 25 23:23:03 UTC 2019

real	0m3.428s
user	0m1.175s
sys	0m2.179s
Wed Sep 25 23:23:07 UTC 2019

real	0m2.578s
user	0m0.951s
sys	0m1.571s
Wed Sep 25 23:23:09 UTC 2019
