Wed Sep 25 23:17:42 UTC 2019
Wed Sep 25 23:17:42 UTC 2019

real	0m7.997s
user	0m1.843s
sys	0m2.360s
Wed Sep 25 23:17:50 UTC 2019

real	0m4.355s
user	0m1.477s
sys	0m2.199s
Wed Sep 25 23:17:54 UTC 2019

real	0m3.790s
user	0m1.426s
sys	0m2.260s
--- Mid run ---
Wed Sep 25 23:17:58 UTC 2019

real	0m4.064s
user	0m1.432s
sys	0m2.212s
=== Mid run end ===
Wed Sep 25 23:18:02 UTC 2019

real	0m4.819s
user	0m1.407s
sys	0m2.092s
Wed Sep 25 23:18:07 UTC 2019

real	0m3.932s
user	0m1.522s
sys	0m2.261s
Wed Sep 25 23:18:11 UTC 2019

real	0m3.479s
user	0m1.329s
sys	0m1.939s
Wed Sep 25 23:18:15 UTC 2019

real	0m2.901s
user	0m1.137s
sys	0m1.578s
Wed Sep 25 23:18:18 UTC 2019
