Wed Sep 25 23:19:52 UTC 2019
Wed Sep 25 23:19:52 UTC 2019

real	0m3.634s
user	0m1.072s
sys	0m2.281s
Wed Sep 25 23:19:55 UTC 2019

real	0m3.455s
user	0m1.018s
sys	0m2.212s
Wed Sep 25 23:19:59 UTC 2019

real	0m3.359s
user	0m1.150s
sys	0m2.155s
--- Mid run ---
Wed Sep 25 23:20:02 UTC 2019

real	0m3.936s
user	0m1.170s
sys	0m2.741s
=== Mid run end ===
Wed Sep 25 23:20:06 UTC 2019

real	0m4.778s
user	0m1.617s
sys	0m3.093s
Wed Sep 25 23:20:11 UTC 2019

real	0m5.482s
user	0m1.577s
sys	0m3.872s
Wed Sep 25 23:20:17 UTC 2019

real	0m5.821s
user	0m1.517s
sys	0m4.229s
Wed Sep 25 23:20:23 UTC 2019

real	0m5.201s
user	0m1.440s
sys	0m3.354s
Wed Sep 25 23:20:28 UTC 2019
