Wed Sep 25 23:25:33 UTC 2019
Wed Sep 25 23:25:33 UTC 2019

real	0m3.018s
user	0m1.064s
sys	0m1.917s
Wed Sep 25 23:25:37 UTC 2019

real	0m3.679s
user	0m1.272s
sys	0m2.346s
Wed Sep 25 23:25:40 UTC 2019

real	0m3.850s
user	0m1.204s
sys	0m2.558s
--- Mid run ---
Wed Sep 25 23:25:44 UTC 2019

real	0m3.549s
user	0m1.239s
sys	0m2.226s
=== Mid run end ===
Wed Sep 25 23:25:48 UTC 2019

real	0m4.135s
user	0m1.415s
sys	0m2.564s
Wed Sep 25 23:25:52 UTC 2019

real	0m4.919s
user	0m1.471s
sys	0m3.383s
Wed Sep 25 23:25:57 UTC 2019

real	0m5.125s
user	0m1.530s
sys	0m3.516s
Wed Sep 25 23:26:03 UTC 2019

real	0m5.569s
user	0m1.451s
sys	0m3.419s
Wed Sep 25 23:26:09 UTC 2019
