Wed Sep 25 23:20:02 UTC 2019
Wed Sep 25 23:20:02 UTC 2019

real	0m3.675s
user	0m1.324s
sys	0m2.239s
Wed Sep 25 23:20:06 UTC 2019

real	0m4.877s
user	0m1.541s
sys	0m1.881s
Wed Sep 25 23:20:11 UTC 2019

real	0m4.113s
user	0m1.531s
sys	0m2.170s
--- Mid run ---
Wed Sep 25 23:20:15 UTC 2019

real	0m6.181s
user	0m1.944s
sys	0m2.451s
=== Mid run end ===
Wed Sep 25 23:20:21 UTC 2019

real	0m4.648s
user	0m1.626s
sys	0m2.295s
Wed Sep 25 23:20:26 UTC 2019

real	0m3.527s
user	0m1.298s
sys	0m1.992s
Wed Sep 25 23:20:30 UTC 2019

real	0m4.607s
user	0m1.492s
sys	0m1.931s
Wed Sep 25 23:20:34 UTC 2019

real	0m2.965s
user	0m1.141s
sys	0m1.747s
Wed Sep 25 23:20:37 UTC 2019
