Wed Sep 25 23:25:33 UTC 2019
Wed Sep 25 23:25:33 UTC 2019

real	0m3.043s
user	0m0.997s
sys	0m1.896s
Wed Sep 25 23:25:36 UTC 2019

real	0m3.575s
user	0m1.194s
sys	0m2.277s
Wed Sep 25 23:25:39 UTC 2019

real	0m4.269s
user	0m1.475s
sys	0m2.654s
--- Mid run ---
Wed Sep 25 23:25:44 UTC 2019

real	0m5.149s
user	0m1.233s
sys	0m2.754s
=== Mid run end ===
Wed Sep 25 23:25:49 UTC 2019

real	0m4.075s
user	0m1.387s
sys	0m2.662s
Wed Sep 25 23:25:53 UTC 2019

real	0m4.901s
user	0m1.408s
sys	0m3.426s
Wed Sep 25 23:25:58 UTC 2019

real	0m4.577s
user	0m1.435s
sys	0m2.978s
Wed Sep 25 23:26:03 UTC 2019

real	0m5.039s
user	0m1.454s
sys	0m3.559s
Wed Sep 25 23:26:08 UTC 2019
