Wed Sep 25 23:28:54 UTC 2019
Wed Sep 25 23:28:54 UTC 2019

real	0m2.851s
user	0m1.083s
sys	0m1.692s
Wed Sep 25 23:28:57 UTC 2019

real	0m2.665s
user	0m1.081s
sys	0m1.472s
Wed Sep 25 23:29:00 UTC 2019

real	0m3.086s
user	0m1.288s
sys	0m1.764s
--- Mid run ---
Wed Sep 25 23:29:03 UTC 2019

real	0m3.531s
user	0m1.354s
sys	0m1.745s
=== Mid run end ===
Wed Sep 25 23:29:07 UTC 2019

real	0m5.690s
user	0m1.860s
sys	0m2.232s
Wed Sep 25 23:29:12 UTC 2019

real	0m5.317s
user	0m1.753s
sys	0m2.171s
Wed Sep 25 23:29:18 UTC 2019

real	0m6.517s
user	0m1.839s
sys	0m2.497s
Wed Sep 25 23:29:24 UTC 2019

real	0m5.068s
user	0m1.603s
sys	0m2.184s
Wed Sep 25 23:29:30 UTC 2019
