Wed Sep 25 23:29:11 UTC 2019
Wed Sep 25 23:29:11 UTC 2019

real	0m3.896s
user	0m1.286s
sys	0m1.851s
Wed Sep 25 23:29:15 UTC 2019

real	0m3.566s
user	0m1.313s
sys	0m2.198s
Wed Sep 25 23:29:19 UTC 2019

real	0m6.906s
user	0m1.943s
sys	0m2.383s
--- Mid run ---
Wed Sep 25 23:29:26 UTC 2019

real	0m4.064s
user	0m1.438s
sys	0m1.970s
=== Mid run end ===
Wed Sep 25 23:29:30 UTC 2019

real	0m4.433s
user	0m1.487s
sys	0m2.227s
Wed Sep 25 23:29:35 UTC 2019

real	0m3.314s
user	0m1.253s
sys	0m1.819s
Wed Sep 25 23:29:38 UTC 2019

real	0m3.038s
user	0m1.311s
sys	0m1.670s
Wed Sep 25 23:29:41 UTC 2019

real	0m3.308s
user	0m1.207s
sys	0m1.906s
Wed Sep 25 23:29:45 UTC 2019
