Wed Sep 25 23:22:36 UTC 2019
Wed Sep 25 23:22:36 UTC 2019

real	0m8.411s
user	0m1.917s
sys	0m2.225s
Wed Sep 25 23:22:44 UTC 2019

real	0m4.164s
user	0m1.438s
sys	0m2.300s
Wed Sep 25 23:22:48 UTC 2019

real	0m2.934s
user	0m1.140s
sys	0m1.723s
--- Mid run ---
Wed Sep 25 23:22:51 UTC 2019

real	0m3.109s
user	0m1.225s
sys	0m1.746s
=== Mid run end ===
Wed Sep 25 23:22:55 UTC 2019

real	0m4.387s
user	0m1.599s
sys	0m2.067s
Wed Sep 25 23:22:59 UTC 2019

real	0m3.382s
user	0m1.272s
sys	0m1.981s
Wed Sep 25 23:23:03 UTC 2019

real	0m3.312s
user	0m1.289s
sys	0m1.894s
Wed Sep 25 23:23:06 UTC 2019

real	0m2.726s
user	0m1.063s
sys	0m1.544s
Wed Sep 25 23:23:09 UTC 2019
