Wed Sep 25 23:25:35 UTC 2019
Wed Sep 25 23:25:35 UTC 2019

real	0m3.232s
user	0m1.058s
sys	0m2.128s
Wed Sep 25 23:25:38 UTC 2019

real	0m2.954s
user	0m1.036s
sys	0m1.890s
Wed Sep 25 23:25:41 UTC 2019

real	0m2.685s
user	0m1.093s
sys	0m1.489s
--- Mid run ---
Wed Sep 25 23:25:44 UTC 2019

real	0m3.185s
user	0m1.138s
sys	0m1.955s
=== Mid run end ===
Wed Sep 25 23:25:47 UTC 2019

real	0m3.619s
user	0m1.262s
sys	0m2.189s
Wed Sep 25 23:25:51 UTC 2019

real	0m4.450s
user	0m1.452s
sys	0m2.965s
Wed Sep 25 23:25:56 UTC 2019

real	0m4.354s
user	0m1.440s
sys	0m2.840s
Wed Sep 25 23:26:00 UTC 2019

real	0m4.475s
user	0m1.397s
sys	0m3.049s
Wed Sep 25 23:26:05 UTC 2019
