Wed Sep 25 23:25:52 UTC 2019
Wed Sep 25 23:25:52 UTC 2019

real	0m4.872s
user	0m1.581s
sys	0m2.283s
Wed Sep 25 23:25:57 UTC 2019

real	0m5.585s
user	0m1.611s
sys	0m2.254s
Wed Sep 25 23:26:03 UTC 2019

real	0m3.568s
user	0m1.387s
sys	0m2.056s
--- Mid run ---
Wed Sep 25 23:26:07 UTC 2019

real	0m4.400s
user	0m1.488s
sys	0m2.034s
=== Mid run end ===
Wed Sep 25 23:26:11 UTC 2019

real	0m3.756s
user	0m1.414s
sys	0m2.179s
Wed Sep 25 23:26:15 UTC 2019

real	0m2.791s
user	0m1.092s
sys	0m1.642s
Wed Sep 25 23:26:18 UTC 2019

real	0m3.249s
user	0m1.291s
sys	0m1.868s
Wed Sep 25 23:26:21 UTC 2019

real	0m3.051s
user	0m1.145s
sys	0m1.571s
Wed Sep 25 23:26:24 UTC 2019
