Wed Sep 25 23:20:02 UTC 2019
Wed Sep 25 23:20:02 UTC 2019

real	0m3.426s
user	0m1.202s
sys	0m2.186s
Wed Sep 25 23:20:06 UTC 2019

real	0m3.504s
user	0m1.213s
sys	0m2.194s
Wed Sep 25 23:20:09 UTC 2019

real	0m3.821s
user	0m1.303s
sys	0m2.376s
--- Mid run ---
Wed Sep 25 23:20:13 UTC 2019

real	0m4.656s
user	0m1.434s
sys	0m2.995s
=== Mid run end ===
Wed Sep 25 23:20:18 UTC 2019

real	0m4.511s
user	0m1.456s
sys	0m3.008s
Wed Sep 25 23:20:23 UTC 2019

real	0m4.409s
user	0m1.395s
sys	0m2.967s
Wed Sep 25 23:20:27 UTC 2019

real	0m3.469s
user	0m1.253s
sys	0m2.126s
Wed Sep 25 23:20:31 UTC 2019

real	0m3.895s
user	0m1.250s
sys	0m2.537s
Wed Sep 25 23:20:35 UTC 2019
