Wed Sep 25 23:19:54 UTC 2019
Wed Sep 25 23:19:54 UTC 2019

real	0m3.715s
user	0m1.264s
sys	0m2.403s
Wed Sep 25 23:19:58 UTC 2019

real	0m3.662s
user	0m1.194s
sys	0m2.431s
Wed Sep 25 23:20:01 UTC 2019

real	0m3.785s
user	0m1.293s
sys	0m2.383s
--- Mid run ---
Wed Sep 25 23:20:05 UTC 2019

real	0m3.382s
user	0m1.271s
sys	0m2.038s
=== Mid run end ===
Wed Sep 25 23:20:09 UTC 2019

real	0m4.722s
user	0m1.466s
sys	0m3.179s
Wed Sep 25 23:20:14 UTC 2019

real	0m4.279s
user	0m1.466s
sys	0m2.774s
Wed Sep 25 23:20:18 UTC 2019

real	0m4.845s
user	0m1.469s
sys	0m3.328s
Wed Sep 25 23:20:23 UTC 2019

real	0m4.210s
user	0m1.435s
sys	0m2.684s
Wed Sep 25 23:20:27 UTC 2019
