Wed Sep 25 23:22:25 UTC 2019
Wed Sep 25 23:22:25 UTC 2019

real	0m3.527s
user	0m1.193s
sys	0m2.233s
Wed Sep 25 23:22:28 UTC 2019

real	0m3.320s
user	0m1.261s
sys	0m1.993s
Wed Sep 25 23:22:32 UTC 2019

real	0m3.463s
user	0m1.176s
sys	0m2.213s
--- Mid run ---
Wed Sep 25 23:22:35 UTC 2019

real	0m4.319s
user	0m1.486s
sys	0m2.734s
=== Mid run end ===
Wed Sep 25 23:22:40 UTC 2019

real	0m3.627s
user	0m1.324s
sys	0m2.104s
Wed Sep 25 23:22:43 UTC 2019

real	0m3.289s
user	0m1.241s
sys	0m1.949s
Wed Sep 25 23:22:47 UTC 2019

real	0m3.362s
user	0m1.252s
sys	0m2.024s
Wed Sep 25 23:22:50 UTC 2019

real	0m3.619s
user	0m1.156s
sys	0m2.337s
Wed Sep 25 23:22:54 UTC 2019
