Wed Sep 25 23:29:13 UTC 2019
Wed Sep 25 23:29:13 UTC 2019

real	0m0.450s
user	0m0.107s
sys	0m0.297s
Wed Sep 25 23:29:13 UTC 2019

real	0m0.404s
user	0m0.090s
sys	0m0.264s
Wed Sep 25 23:29:13 UTC 2019

real	0m0.410s
user	0m0.104s
sys	0m0.272s
--- Mid run ---
Wed Sep 25 23:29:14 UTC 2019

real	0m0.411s
user	0m0.108s
sys	0m0.262s
=== Mid run end ===
Wed Sep 25 23:29:14 UTC 2019

real	0m4.516s
user	0m1.611s
sys	0m2.407s
Wed Sep 25 23:29:19 UTC 2019

real	0m3.446s
user	0m1.284s
sys	0m1.902s
Wed Sep 25 23:29:22 UTC 2019

real	0m6.676s
user	0m1.900s
sys	0m2.456s
Wed Sep 25 23:29:29 UTC 2019

real	0m3.516s
user	0m1.339s
sys	0m1.994s
Wed Sep 25 23:29:33 UTC 2019
