Wed Sep 25 23:22:36 UTC 2019
Wed Sep 25 23:22:36 UTC 2019

real	0m4.184s
user	0m1.499s
sys	0m2.327s
Wed Sep 25 23:22:40 UTC 2019

real	0m4.352s
user	0m1.681s
sys	0m2.435s
Wed Sep 25 23:22:45 UTC 2019

real	0m3.903s
user	0m1.561s
sys	0m2.270s
--- Mid run ---
Wed Sep 25 23:22:49 UTC 2019

real	0m3.496s
user	0m1.257s
sys	0m1.882s
=== Mid run end ===
Wed Sep 25 23:22:52 UTC 2019

real	0m3.505s
user	0m1.218s
sys	0m2.170s
Wed Sep 25 23:22:56 UTC 2019

real	0m2.984s
user	0m1.141s
sys	0m1.701s
Wed Sep 25 23:22:59 UTC 2019

real	0m3.404s
user	0m1.076s
sys	0m2.071s
Wed Sep 25 23:23:02 UTC 2019

real	0m3.018s
user	0m1.043s
sys	0m1.863s
Wed Sep 25 23:23:06 UTC 2019
