Wed Sep 25 23:29:06 UTC 2019
Wed Sep 25 23:29:06 UTC 2019

real	0m3.335s
user	0m1.261s
sys	0m1.869s
Wed Sep 25 23:29:09 UTC 2019

real	0m3.665s
user	0m1.447s
sys	0m2.031s
Wed Sep 25 23:29:13 UTC 2019

real	0m7.065s
user	0m1.960s
sys	0m2.438s
--- Mid run ---
Wed Sep 25 23:29:20 UTC 2019

real	0m3.699s
user	0m1.353s
sys	0m1.986s
=== Mid run end ===
Wed Sep 25 23:29:24 UTC 2019

real	0m3.688s
user	0m1.352s
sys	0m2.056s
Wed Sep 25 23:29:28 UTC 2019

real	0m6.661s
user	0m1.991s
sys	0m2.276s
Wed Sep 25 23:29:34 UTC 2019

real	0m4.252s
user	0m1.459s
sys	0m2.104s
Wed Sep 25 23:29:39 UTC 2019

real	0m3.423s
user	0m1.242s
sys	0m2.035s
Wed Sep 25 23:29:42 UTC 2019
