Wed Sep 25 23:25:33 UTC 2019
Wed Sep 25 23:25:33 UTC 2019

real	0m2.974s
user	0m1.056s
sys	0m1.796s
Wed Sep 25 23:25:36 UTC 2019

real	0m3.406s
user	0m1.251s
sys	0m2.076s
Wed Sep 25 23:25:40 UTC 2019

real	0m2.960s
user	0m1.204s
sys	0m1.674s
--- Mid run ---
Wed Sep 25 23:25:43 UTC 2019

real	0m3.404s
user	0m1.197s
sys	0m1.993s
=== Mid run end ===
Wed Sep 25 23:25:46 UTC 2019

real	0m3.256s
user	0m1.283s
sys	0m1.914s
Wed Sep 25 23:25:50 UTC 2019

real	0m3.145s
user	0m1.344s
sys	0m1.729s
Wed Sep 25 23:25:53 UTC 2019

real	0m4.276s
user	0m1.474s
sys	0m2.045s
Wed Sep 25 23:25:57 UTC 2019

real	0m6.619s
user	0m1.678s
sys	0m2.142s
Wed Sep 25 23:26:04 UTC 2019
