Wed Sep 25 23:20:01 UTC 2019
Wed Sep 25 23:20:01 UTC 2019

real	0m2.759s
user	0m1.151s
sys	0m1.565s
Wed Sep 25 23:20:04 UTC 2019

real	0m3.590s
user	0m1.361s
sys	0m2.052s
Wed Sep 25 23:20:07 UTC 2019

real	0m3.610s
user	0m1.280s
sys	0m1.931s
--- Mid run ---
Wed Sep 25 23:20:11 UTC 2019

real	0m3.682s
user	0m1.366s
sys	0m2.021s
=== Mid run end ===
Wed Sep 25 23:20:15 UTC 2019

real	0m4.311s
user	0m1.492s
sys	0m2.068s
Wed Sep 25 23:20:19 UTC 2019

real	0m4.589s
user	0m1.400s
sys	0m2.318s
Wed Sep 25 23:20:24 UTC 2019

real	0m3.478s
user	0m1.173s
sys	0m2.059s
Wed Sep 25 23:20:28 UTC 2019

real	0m3.426s
user	0m1.230s
sys	0m2.090s
Wed Sep 25 23:20:31 UTC 2019
