Wed Sep 25 23:22:36 UTC 2019
Wed Sep 25 23:22:36 UTC 2019

real	0m4.834s
user	0m1.664s
sys	0m3.067s
Wed Sep 25 23:22:41 UTC 2019

real	0m4.313s
user	0m1.460s
sys	0m2.710s
Wed Sep 25 23:22:46 UTC 2019

real	0m4.702s
user	0m1.441s
sys	0m2.224s
--- Mid run ---
Wed Sep 25 23:22:50 UTC 2019

real	0m3.930s
user	0m1.270s
sys	0m2.521s
=== Mid run end ===
Wed Sep 25 23:22:54 UTC 2019

real	0m3.965s
user	0m1.305s
sys	0m2.541s
Wed Sep 25 23:22:59 UTC 2019

real	0m4.214s
user	0m1.481s
sys	0m2.664s
Wed Sep 25 23:23:03 UTC 2019

real	0m3.819s
user	0m1.268s
sys	0m2.510s
Wed Sep 25 23:23:07 UTC 2019

real	0m3.895s
user	0m1.263s
sys	0m2.427s
Wed Sep 25 23:23:11 UTC 2019
