Wed Sep 25 23:22:24 UTC 2019
Wed Sep 25 23:22:24 UTC 2019

real	0m4.167s
user	0m1.224s
sys	0m2.904s
Wed Sep 25 23:22:28 UTC 2019

real	0m3.589s
user	0m1.146s
sys	0m2.398s
Wed Sep 25 23:22:32 UTC 2019

real	0m4.289s
user	0m1.402s
sys	0m2.836s
--- Mid run ---
Wed Sep 25 23:22:36 UTC 2019

real	0m5.042s
user	0m1.544s
sys	0m3.468s
=== Mid run end ===
Wed Sep 25 23:22:41 UTC 2019

real	0m4.997s
user	0m1.457s
sys	0m3.503s
Wed Sep 25 23:22:46 UTC 2019

real	0m4.881s
user	0m1.428s
sys	0m3.236s
Wed Sep 25 23:22:51 UTC 2019

real	0m4.049s
user	0m1.251s
sys	0m2.737s
Wed Sep 25 23:22:56 UTC 2019

real	0m3.966s
user	0m1.197s
sys	0m2.583s
Wed Sep 25 23:23:00 UTC 2019
