Wed Sep 25 23:25:35 UTC 2019
Wed Sep 25 23:25:35 UTC 2019

real	0m3.241s
user	0m1.114s
sys	0m2.074s
Wed Sep 25 23:25:38 UTC 2019

real	0m3.186s
user	0m1.220s
sys	0m1.896s
Wed Sep 25 23:25:41 UTC 2019

real	0m3.421s
user	0m1.276s
sys	0m1.873s
--- Mid run ---
Wed Sep 25 23:25:45 UTC 2019

real	0m3.147s
user	0m1.207s
sys	0m1.774s
=== Mid run end ===
Wed Sep 25 23:25:48 UTC 2019

real	0m3.022s
user	0m1.181s
sys	0m1.811s
Wed Sep 25 23:25:51 UTC 2019

real	0m3.538s
user	0m1.390s
sys	0m2.088s
Wed Sep 25 23:25:55 UTC 2019

real	0m5.068s
user	0m1.578s
sys	0m2.345s
Wed Sep 25 23:26:00 UTC 2019

real	0m4.097s
user	0m1.440s
sys	0m2.274s
Wed Sep 25 23:26:04 UTC 2019
