Wed Sep 25 23:19:54 UTC 2019
Wed Sep 25 23:19:54 UTC 2019

real	0m3.355s
user	0m1.196s
sys	0m2.040s
Wed Sep 25 23:19:57 UTC 2019

real	0m3.364s
user	0m1.304s
sys	0m1.996s
Wed Sep 25 23:20:01 UTC 2019

real	0m3.545s
user	0m1.278s
sys	0m2.123s
--- Mid run ---
Wed Sep 25 23:20:05 UTC 2019

real	0m3.285s
user	0m1.196s
sys	0m1.954s
=== Mid run end ===
Wed Sep 25 23:20:08 UTC 2019

real	0m3.562s
user	0m1.397s
sys	0m2.095s
Wed Sep 25 23:20:12 UTC 2019

real	0m4.358s
user	0m1.791s
sys	0m2.198s
Wed Sep 25 23:20:16 UTC 2019

real	0m3.771s
user	0m1.321s
sys	0m2.215s
Wed Sep 25 23:20:20 UTC 2019

real	0m4.424s
user	0m1.461s
sys	0m2.460s
Wed Sep 25 23:20:24 UTC 2019
