Wed Sep 25 23:22:30 UTC 2019
Wed Sep 25 23:22:30 UTC 2019

real	0m4.141s
user	0m1.516s
sys	0m2.113s
Wed Sep 25 23:22:35 UTC 2019

real	0m5.647s
user	0m1.705s
sys	0m2.347s
Wed Sep 25 23:22:40 UTC 2019

real	0m4.450s
user	0m1.535s
sys	0m2.352s
--- Mid run ---
Wed Sep 25 23:22:45 UTC 2019

real	0m4.450s
user	0m1.704s
sys	0m2.437s
=== Mid run end ===
Wed Sep 25 23:22:50 UTC 2019

real	0m3.914s
user	0m1.431s
sys	0m2.204s
Wed Sep 25 23:22:54 UTC 2019

real	0m3.736s
user	0m1.458s
sys	0m2.234s
Wed Sep 25 23:22:57 UTC 2019

real	0m3.093s
user	0m1.123s
sys	0m1.843s
Wed Sep 25 23:23:01 UTC 2019

real	0m3.557s
user	0m1.361s
sys	0m2.040s
Wed Sep 25 23:23:04 UTC 2019
