Wed Sep 25 23:29:12 UTC 2019
Wed Sep 25 23:29:12 UTC 2019

real	0m3.416s
user	0m1.343s
sys	0m1.635s
Wed Sep 25 23:29:16 UTC 2019

real	0m4.390s
user	0m1.568s
sys	0m2.443s
Wed Sep 25 23:29:20 UTC 2019

real	0m6.304s
user	0m1.894s
sys	0m2.686s
--- Mid run ---
Wed Sep 25 23:29:27 UTC 2019

real	0m10.349s
user	0m2.114s
sys	0m2.623s
=== Mid run end ===
Wed Sep 25 23:29:37 UTC 2019

real	0m3.815s
user	0m1.741s
sys	0m2.043s
Wed Sep 25 23:29:41 UTC 2019

real	0m3.527s
user	0m1.364s
sys	0m2.046s
Wed Sep 25 23:29:45 UTC 2019

real	0m3.076s
user	0m1.183s
sys	0m1.843s
Wed Sep 25 23:29:48 UTC 2019

real	0m2.934s
user	0m1.109s
sys	0m1.777s
Wed Sep 25 23:29:51 UTC 2019
