Wed Sep 25 23:19:53 UTC 2019
Wed Sep 25 23:19:53 UTC 2019

real	0m3.502s
user	0m1.140s
sys	0m2.217s
Wed Sep 25 23:19:57 UTC 2019

real	0m3.375s
user	0m1.075s
sys	0m2.208s
Wed Sep 25 23:20:00 UTC 2019

real	0m3.227s
user	0m1.124s
sys	0m2.051s
--- Mid run ---
Wed Sep 25 23:20:04 UTC 2019

real	0m3.432s
user	0m1.170s
sys	0m2.202s
=== Mid run end ===
Wed Sep 25 23:20:07 UTC 2019

real	0m4.016s
user	0m1.321s
sys	0m2.640s
Wed Sep 25 23:20:11 UTC 2019

real	0m4.594s
user	0m1.320s
sys	0m2.792s
Wed Sep 25 23:20:16 UTC 2019

real	0m4.906s
user	0m1.443s
sys	0m3.423s
Wed Sep 25 23:20:21 UTC 2019

real	0m4.401s
user	0m1.361s
sys	0m2.950s
Wed Sep 25 23:20:26 UTC 2019
