Wed Sep 25 23:17:34 UTC 2019
Wed Sep 25 23:17:34 UTC 2019

real	0m3.698s
user	0m1.441s
sys	0m2.131s
Wed Sep 25 23:17:38 UTC 2019

real	0m3.224s
user	0m1.292s
sys	0m1.776s
Wed Sep 25 23:17:41 UTC 2019

real	0m5.271s
user	0m1.684s
sys	0m2.187s
--- Mid run ---
Wed Sep 25 23:17:47 UTC 2019

real	0m5.160s
user	0m1.609s
sys	0m2.103s
=== Mid run end ===
Wed Sep 25 23:17:52 UTC 2019

real	0m5.710s
user	0m1.742s
sys	0m2.449s
Wed Sep 25 23:17:58 UTC 2019

real	0m6.846s
user	0m1.889s
sys	0m2.417s
Wed Sep 25 23:18:05 UTC 2019

real	0m5.186s
user	0m1.951s
sys	0m2.442s
Wed Sep 25 23:18:10 UTC 2019

real	0m3.735s
user	0m1.380s
sys	0m2.003s
Wed Sep 25 23:18:14 UTC 2019
