Wed Sep 25 23:22:15 UTC 2019
Wed Sep 25 23:22:15 UTC 2019

real	0m3.512s
user	0m1.284s
sys	0m2.078s
Wed Sep 25 23:22:19 UTC 2019

real	0m3.794s
user	0m1.231s
sys	0m2.002s
Wed Sep 25 23:22:23 UTC 2019

real	0m4.306s
user	0m1.338s
sys	0m2.167s
--- Mid run ---
Wed Sep 25 23:22:27 UTC 2019

real	0m4.561s
user	0m1.525s
sys	0m2.376s
=== Mid run end ===
Wed Sep 25 23:22:32 UTC 2019

real	0m0.483s
user	0m0.105s
sys	0m0.326s
Wed Sep 25 23:22:32 UTC 2019

real	0m0.556s
user	0m0.119s
sys	0m0.420s
Wed Sep 25 23:22:33 UTC 2019

real	0m0.322s
user	0m0.076s
sys	0m0.230s
Wed Sep 25 23:22:33 UTC 2019

real	0m4.090s
user	0m1.474s
sys	0m2.583s
Wed Sep 25 23:22:37 UTC 2019
