Wed Sep 25 23:25:39 UTC 2019
Wed Sep 25 23:25:39 UTC 2019

real	0m3.698s
user	0m1.195s
sys	0m2.472s
Wed Sep 25 23:25:43 UTC 2019

real	0m3.958s
user	0m1.302s
sys	0m2.507s
Wed Sep 25 23:25:47 UTC 2019

real	0m3.856s
user	0m1.311s
sys	0m2.228s
--- Mid run ---
Wed Sep 25 23:25:51 UTC 2019

real	0m4.507s
user	0m1.408s
sys	0m2.983s
=== Mid run end ===
Wed Sep 25 23:25:55 UTC 2019

real	0m4.397s
user	0m1.476s
sys	0m2.770s
Wed Sep 25 23:26:00 UTC 2019

real	0m4.169s
user	0m1.480s
sys	0m2.642s
Wed Sep 25 23:26:04 UTC 2019

real	0m4.093s
user	0m1.435s
sys	0m2.524s
Wed Sep 25 23:26:09 UTC 2019

real	0m3.314s
user	0m1.402s
sys	0m1.883s
Wed Sep 25 23:26:12 UTC 2019
