Wed Sep 25 23:25:52 UTC 2019
Wed Sep 25 23:25:52 UTC 2019

real	0m4.853s
user	0m1.411s
sys	0m2.801s
Wed Sep 25 23:25:57 UTC 2019

real	0m4.433s
user	0m1.499s
sys	0m2.901s
Wed Sep 25 23:26:02 UTC 2019

real	0m3.721s
user	0m1.384s
sys	0m2.303s
--- Mid run ---
Wed Sep 25 23:26:06 UTC 2019

real	0m3.739s
user	0m1.408s
sys	0m2.248s
=== Mid run end ===
Wed Sep 25 23:26:09 UTC 2019

real	0m3.260s
user	0m1.210s
sys	0m1.953s
Wed Sep 25 23:26:13 UTC 2019

real	0m3.625s
user	0m1.181s
sys	0m2.352s
Wed Sep 25 23:26:16 UTC 2019

real	0m3.858s
user	0m1.105s
sys	0m2.510s
Wed Sep 25 23:26:20 UTC 2019

real	0m3.569s
user	0m1.144s
sys	0m2.341s
Wed Sep 25 23:26:24 UTC 2019
