Wed Sep 25 23:19:51 UTC 2019
Wed Sep 25 23:19:51 UTC 2019

real	0m3.028s
user	0m1.033s
sys	0m1.883s
Wed Sep 25 23:19:54 UTC 2019

real	0m2.946s
user	0m1.275s
sys	0m1.652s
Wed Sep 25 23:19:57 UTC 2019

real	0m2.974s
user	0m1.153s
sys	0m1.640s
--- Mid run ---
Wed Sep 25 23:20:00 UTC 2019

real	0m3.599s
user	0m1.375s
sys	0m1.925s
=== Mid run end ===
Wed Sep 25 23:20:04 UTC 2019

real	0m4.173s
user	0m1.445s
sys	0m1.976s
Wed Sep 25 23:20:08 UTC 2019

real	0m3.873s
user	0m1.510s
sys	0m2.205s
Wed Sep 25 23:20:12 UTC 2019

real	0m6.627s
user	0m2.469s
sys	0m2.445s
Wed Sep 25 23:20:19 UTC 2019

real	0m4.041s
user	0m1.458s
sys	0m2.356s
Wed Sep 25 23:20:23 UTC 2019
