Wed Sep 25 23:29:05 UTC 2019
Wed Sep 25 23:29:05 UTC 2019

real	0m3.381s
user	0m1.301s
sys	0m1.869s
Wed Sep 25 23:29:08 UTC 2019

real	0m3.245s
user	0m1.187s
sys	0m1.945s
Wed Sep 25 23:29:11 UTC 2019

real	0m3.618s
user	0m1.392s
sys	0m1.917s
--- Mid run ---
Wed Sep 25 23:29:15 UTC 2019

real	0m5.491s
user	0m1.691s
sys	0m2.173s
=== Mid run end ===
Wed Sep 25 23:29:21 UTC 2019

real	0m5.165s
user	0m1.388s
sys	0m2.322s
Wed Sep 25 23:29:26 UTC 2019

real	0m4.467s
user	0m1.411s
sys	0m2.095s
Wed Sep 25 23:29:31 UTC 2019

real	0m2.637s
user	0m1.030s
sys	0m1.577s
Wed Sep 25 23:29:33 UTC 2019

real	0m3.337s
user	0m1.312s
sys	0m1.882s
Wed Sep 25 23:29:37 UTC 2019
