Wed Sep 25 23:28:55 UTC 2019
Wed Sep 25 23:28:55 UTC 2019

real	0m3.605s
user	0m1.173s
sys	0m2.252s
Wed Sep 25 23:28:58 UTC 2019

real	0m2.568s
user	0m1.049s
sys	0m1.363s
Wed Sep 25 23:29:01 UTC 2019

real	0m3.692s
user	0m1.384s
sys	0m2.163s
--- Mid run ---
Wed Sep 25 23:29:05 UTC 2019

real	0m3.368s
user	0m1.251s
sys	0m1.831s
=== Mid run end ===
Wed Sep 25 23:29:08 UTC 2019

real	0m3.905s
user	0m1.439s
sys	0m2.039s
Wed Sep 25 23:29:12 UTC 2019

real	0m3.811s
user	0m1.430s
sys	0m2.322s
Wed Sep 25 23:29:16 UTC 2019

real	0m4.931s
user	0m1.603s
sys	0m2.602s
Wed Sep 25 23:29:21 UTC 2019

real	0m4.103s
user	0m1.502s
sys	0m2.395s
Wed Sep 25 23:29:26 UTC 2019
