Wed Sep 25 23:29:12 UTC 2019
Wed Sep 25 23:29:12 UTC 2019

real	0m4.516s
user	0m1.679s
sys	0m2.202s
Wed Sep 25 23:29:16 UTC 2019

real	0m7.582s
user	0m2.022s
sys	0m2.326s
Wed Sep 25 23:29:24 UTC 2019

real	0m4.887s
user	0m1.638s
sys	0m2.003s
--- Mid run ---
Wed Sep 25 23:29:29 UTC 2019

real	0m3.686s
user	0m1.429s
sys	0m1.987s
=== Mid run end ===
Wed Sep 25 23:29:33 UTC 2019

real	0m3.559s
user	0m1.305s
sys	0m1.891s
Wed Sep 25 23:29:37 UTC 2019

real	0m3.621s
user	0m1.422s
sys	0m1.899s
Wed Sep 25 23:29:40 UTC 2019

real	0m2.781s
user	0m1.204s
sys	0m1.394s
Wed Sep 25 23:29:43 UTC 2019

real	0m3.002s
user	0m1.126s
sys	0m1.759s
Wed Sep 25 23:29:46 UTC 2019
