Wed Sep 25 23:29:17 UTC 2019
Wed Sep 25 23:29:17 UTC 2019

real	0m4.569s
user	0m1.628s
sys	0m2.237s
Wed Sep 25 23:29:21 UTC 2019

real	0m4.337s
user	0m1.572s
sys	0m2.428s
Wed Sep 25 23:29:26 UTC 2019

real	0m3.257s
user	0m1.191s
sys	0m1.837s
--- Mid run ---
Wed Sep 25 23:29:29 UTC 2019

real	0m3.260s
user	0m1.244s
sys	0m1.970s
=== Mid run end ===
Wed Sep 25 23:29:33 UTC 2019

real	0m3.460s
user	0m1.332s
sys	0m1.996s
Wed Sep 25 23:29:36 UTC 2019

real	0m2.756s
user	0m1.138s
sys	0m1.519s
Wed Sep 25 23:29:39 UTC 2019

real	0m3.000s
user	0m1.130s
sys	0m1.787s
Wed Sep 25 23:29:42 UTC 2019

real	0m2.724s
user	0m1.073s
sys	0m1.538s
Wed Sep 25 23:29:45 UTC 2019
