Wed Sep 25 23:19:51 UTC 2019
Wed Sep 25 23:19:51 UTC 2019

real	0m2.838s
user	0m1.076s
sys	0m1.678s
Wed Sep 25 23:19:54 UTC 2019

real	0m3.601s
user	0m1.299s
sys	0m1.879s
Wed Sep 25 23:19:57 UTC 2019

real	0m3.581s
user	0m1.370s
sys	0m2.066s
--- Mid run ---
Wed Sep 25 23:20:01 UTC 2019

real	0m3.662s
user	0m1.145s
sys	0m2.429s
=== Mid run end ===
Wed Sep 25 23:20:05 UTC 2019

real	0m3.196s
user	0m1.177s
sys	0m1.960s
Wed Sep 25 23:20:08 UTC 2019

real	0m4.751s
user	0m1.296s
sys	0m2.634s
Wed Sep 25 23:20:13 UTC 2019

real	0m3.977s
user	0m1.394s
sys	0m2.469s
Wed Sep 25 23:20:17 UTC 2019

real	0m4.620s
user	0m1.429s
sys	0m3.074s
Wed Sep 25 23:20:22 UTC 2019
