Wed Sep 25 23:19:53 UTC 2019
Wed Sep 25 23:19:53 UTC 2019

real	0m2.767s
user	0m1.028s
sys	0m1.656s
Wed Sep 25 23:19:55 UTC 2019

real	0m3.799s
user	0m1.205s
sys	0m2.523s
Wed Sep 25 23:19:59 UTC 2019

real	0m3.740s
user	0m1.208s
sys	0m2.417s
--- Mid run ---
Wed Sep 25 23:20:03 UTC 2019

real	0m3.942s
user	0m1.247s
sys	0m2.587s
=== Mid run end ===
Wed Sep 25 23:20:07 UTC 2019

real	0m4.109s
user	0m1.383s
sys	0m2.648s
Wed Sep 25 23:20:11 UTC 2019

real	0m5.970s
user	0m1.435s
sys	0m3.550s
Wed Sep 25 23:20:18 UTC 2019

real	0m5.072s
user	0m1.539s
sys	0m3.392s
Wed Sep 25 23:20:23 UTC 2019

real	0m4.157s
user	0m1.316s
sys	0m2.780s
Wed Sep 25 23:20:27 UTC 2019
