Wed Sep 25 23:22:30 UTC 2019
Wed Sep 25 23:22:30 UTC 2019

real	0m4.373s
user	0m1.411s
sys	0m2.004s
Wed Sep 25 23:22:35 UTC 2019

real	0m5.040s
user	0m1.693s
sys	0m2.395s
Wed Sep 25 23:22:40 UTC 2019

real	0m0.391s
user	0m0.089s
sys	0m0.275s
--- Mid run ---
Wed Sep 25 23:22:40 UTC 2019

real	0m4.321s
user	0m1.519s
sys	0m2.152s
=== Mid run end ===
Wed Sep 25 23:22:45 UTC 2019

real	0m3.111s
user	0m1.165s
sys	0m1.634s
Wed Sep 25 23:22:48 UTC 2019

real	0m3.122s
user	0m1.178s
sys	0m1.843s
Wed Sep 25 23:22:51 UTC 2019

real	0m3.601s
user	0m1.201s
sys	0m1.773s
Wed Sep 25 23:22:55 UTC 2019

real	0m3.203s
user	0m1.189s
sys	0m1.820s
Wed Sep 25 23:22:58 UTC 2019
