Wed Sep 25 23:19:50 UTC 2019
Wed Sep 25 23:19:50 UTC 2019

real	0m3.078s
user	0m1.027s
sys	0m1.894s
Wed Sep 25 23:19:53 UTC 2019

real	0m3.613s
user	0m1.205s
sys	0m2.241s
Wed Sep 25 23:19:57 UTC 2019

real	0m3.230s
user	0m1.118s
sys	0m2.052s
--- Mid run ---
Wed Sep 25 23:20:01 UTC 2019

real	0m3.962s
user	0m1.205s
sys	0m2.632s
=== Mid run end ===
Wed Sep 25 23:20:05 UTC 2019

real	0m3.854s
user	0m1.272s
sys	0m2.511s
Wed Sep 25 23:20:09 UTC 2019

real	0m4.489s
user	0m1.906s
sys	0m2.474s
Wed Sep 25 23:20:13 UTC 2019

real	0m4.439s
user	0m1.458s
sys	0m2.923s
Wed Sep 25 23:20:18 UTC 2019

real	0m4.475s
user	0m1.461s
sys	0m2.990s
Wed Sep 25 23:20:22 UTC 2019
