Wed Sep 25 23:25:38 UTC 2019
Wed Sep 25 23:25:38 UTC 2019

real	0m2.799s
user	0m1.106s
sys	0m1.600s
Wed Sep 25 23:25:41 UTC 2019

real	0m3.066s
user	0m1.150s
sys	0m1.853s
Wed Sep 25 23:25:44 UTC 2019

real	0m3.200s
user	0m1.108s
sys	0m1.988s
--- Mid run ---
Wed Sep 25 23:25:47 UTC 2019

real	0m3.414s
user	0m1.152s
sys	0m2.185s
=== Mid run end ===
Wed Sep 25 23:25:51 UTC 2019

real	0m4.525s
user	0m1.350s
sys	0m2.324s
Wed Sep 25 23:25:55 UTC 2019

real	0m4.013s
user	0m1.643s
sys	0m2.237s
Wed Sep 25 23:25:59 UTC 2019

real	0m4.145s
user	0m1.565s
sys	0m2.547s
Wed Sep 25 23:26:04 UTC 2019

real	0m3.591s
user	0m1.342s
sys	0m2.227s
Wed Sep 25 23:26:07 UTC 2019
