Wed Sep 25 23:17:42 UTC 2019
Wed Sep 25 23:17:42 UTC 2019

real	0m4.685s
user	0m1.393s
sys	0m3.184s
Wed Sep 25 23:17:47 UTC 2019

real	0m5.051s
user	0m1.543s
sys	0m3.450s
Wed Sep 25 23:17:52 UTC 2019

real	0m5.178s
user	0m1.584s
sys	0m3.503s
--- Mid run ---
Wed Sep 25 23:17:58 UTC 2019

real	0m5.165s
user	0m1.496s
sys	0m3.594s
=== Mid run end ===
Wed Sep 25 23:18:03 UTC 2019

real	0m4.816s
user	0m1.465s
sys	0m3.312s
Wed Sep 25 23:18:08 UTC 2019

real	0m4.151s
user	0m1.398s
sys	0m2.709s
Wed Sep 25 23:18:12 UTC 2019

real	0m3.904s
user	0m1.273s
sys	0m2.552s
Wed Sep 25 23:18:16 UTC 2019

real	0m3.739s
user	0m1.211s
sys	0m2.444s
Wed Sep 25 23:18:20 UTC 2019
