Wed Sep 25 23:19:52 UTC 2019
Wed Sep 25 23:19:52 UTC 2019

real	0m3.257s
user	0m1.224s
sys	0m1.949s
Wed Sep 25 23:19:56 UTC 2019

real	0m3.430s
user	0m1.121s
sys	0m1.784s
Wed Sep 25 23:19:59 UTC 2019

real	0m2.787s
user	0m1.163s
sys	0m1.574s
--- Mid run ---
Wed Sep 25 23:20:02 UTC 2019

real	0m3.679s
user	0m1.182s
sys	0m2.451s
=== Mid run end ===
Wed Sep 25 23:20:06 UTC 2019

real	0m3.412s
user	0m1.390s
sys	0m1.962s
Wed Sep 25 23:20:09 UTC 2019

real	0m4.400s
user	0m1.412s
sys	0m2.866s
Wed Sep 25 23:20:14 UTC 2019

real	0m4.283s
user	0m1.497s
sys	0m2.752s
Wed Sep 25 23:20:18 UTC 2019

real	0m4.187s
user	0m1.347s
sys	0m2.714s
Wed Sep 25 23:20:23 UTC 2019
