Wed Sep 25 23:25:39 UTC 2019
Wed Sep 25 23:25:39 UTC 2019

real	0m3.326s
user	0m1.400s
sys	0m1.890s
Wed Sep 25 23:25:42 UTC 2019

real	0m3.713s
user	0m1.385s
sys	0m2.207s
Wed Sep 25 23:25:46 UTC 2019

real	0m3.182s
user	0m1.131s
sys	0m1.918s
--- Mid run ---
Wed Sep 25 23:25:49 UTC 2019

real	0m4.649s
user	0m1.646s
sys	0m2.174s
=== Mid run end ===
Wed Sep 25 23:25:54 UTC 2019

real	0m4.660s
user	0m1.517s
sys	0m2.102s
Wed Sep 25 23:25:59 UTC 2019

real	0m4.520s
user	0m1.684s
sys	0m2.175s
Wed Sep 25 23:26:03 UTC 2019

real	0m3.435s
user	0m1.351s
sys	0m2.041s
Wed Sep 25 23:26:07 UTC 2019

real	0m3.045s
user	0m1.261s
sys	0m1.692s
Wed Sep 25 23:26:10 UTC 2019
