Wed Sep 25 23:22:14 UTC 2019
Wed Sep 25 23:22:14 UTC 2019

real	0m3.303s
user	0m1.195s
sys	0m1.929s
Wed Sep 25 23:22:17 UTC 2019

real	0m3.068s
user	0m1.109s
sys	0m1.836s
Wed Sep 25 23:22:20 UTC 2019

real	0m3.327s
user	0m1.209s
sys	0m1.978s
--- Mid run ---
Wed Sep 25 23:22:24 UTC 2019

real	0m3.802s
user	0m1.265s
sys	0m1.788s
=== Mid run end ===
Wed Sep 25 23:22:27 UTC 2019

real	0m3.422s
user	0m1.268s
sys	0m1.935s
Wed Sep 25 23:22:31 UTC 2019

real	0m3.871s
user	0m1.386s
sys	0m2.348s
Wed Sep 25 23:22:35 UTC 2019

real	0m5.445s
user	0m1.710s
sys	0m2.433s
Wed Sep 25 23:22:41 UTC 2019

real	0m4.269s
user	0m1.494s
sys	0m2.461s
Wed Sep 25 23:22:45 UTC 2019
