Wed Sep 25 23:22:13 UTC 2019
Wed Sep 25 23:22:13 UTC 2019

real	0m3.497s
user	0m1.076s
sys	0m2.390s
Wed Sep 25 23:22:16 UTC 2019

real	0m3.764s
user	0m1.244s
sys	0m2.246s
Wed Sep 25 23:22:20 UTC 2019

real	0m3.500s
user	0m1.293s
sys	0m2.068s
--- Mid run ---
Wed Sep 25 23:22:24 UTC 2019

real	0m4.701s
user	0m1.558s
sys	0m2.908s
=== Mid run end ===
Wed Sep 25 23:22:28 UTC 2019

real	0m4.763s
user	0m1.554s
sys	0m3.092s
Wed Sep 25 23:22:33 UTC 2019

real	0m4.510s
user	0m1.671s
sys	0m2.617s
Wed Sep 25 23:22:38 UTC 2019

real	0m4.955s
user	0m1.631s
sys	0m2.686s
Wed Sep 25 23:22:43 UTC 2019

real	0m4.134s
user	0m1.515s
sys	0m2.600s
Wed Sep 25 23:22:47 UTC 2019
