Wed Sep 25 23:20:02 UTC 2019
Wed Sep 25 23:20:02 UTC 2019

real	0m2.809s
user	0m1.111s
sys	0m1.654s
Wed Sep 25 23:20:05 UTC 2019

real	0m5.030s
user	0m1.424s
sys	0m1.945s
Wed Sep 25 23:20:10 UTC 2019

real	0m4.336s
user	0m1.562s
sys	0m2.007s
--- Mid run ---
Wed Sep 25 23:20:15 UTC 2019

real	0m4.856s
user	0m1.637s
sys	0m2.286s
=== Mid run end ===
Wed Sep 25 23:20:20 UTC 2019

real	0m4.097s
user	0m1.334s
sys	0m1.974s
Wed Sep 25 23:20:24 UTC 2019

real	0m3.433s
user	0m1.289s
sys	0m1.811s
Wed Sep 25 23:20:28 UTC 2019

real	0m4.118s
user	0m1.371s
sys	0m1.859s
Wed Sep 25 23:20:32 UTC 2019

real	0m3.229s
user	0m1.343s
sys	0m1.768s
Wed Sep 25 23:20:35 UTC 2019
