Wed Sep 25 23:25:45 UTC 2019
Wed Sep 25 23:25:45 UTC 2019

real	0m3.923s
user	0m1.369s
sys	0m2.397s
Wed Sep 25 23:25:49 UTC 2019

real	0m3.988s
user	0m1.482s
sys	0m2.420s
Wed Sep 25 23:25:53 UTC 2019

real	0m4.577s
user	0m1.621s
sys	0m2.477s
--- Mid run ---
Wed Sep 25 23:25:58 UTC 2019

real	0m4.006s
user	0m1.515s
sys	0m2.376s
=== Mid run end ===
Wed Sep 25 23:26:02 UTC 2019

real	0m3.639s
user	0m1.387s
sys	0m2.230s
Wed Sep 25 23:26:06 UTC 2019

real	0m3.486s
user	0m1.286s
sys	0m2.081s
Wed Sep 25 23:26:10 UTC 2019

real	0m3.408s
user	0m1.231s
sys	0m2.081s
Wed Sep 25 23:26:13 UTC 2019

real	0m3.290s
user	0m1.344s
sys	0m1.806s
Wed Sep 25 23:26:16 UTC 2019
