Wed Sep 25 23:22:13 UTC 2019
Wed Sep 25 23:22:13 UTC 2019

real	0m3.368s
user	0m1.161s
sys	0m2.093s
Wed Sep 25 23:22:17 UTC 2019

real	0m3.092s
user	0m1.159s
sys	0m1.910s
Wed Sep 25 23:22:20 UTC 2019

real	0m3.182s
user	0m1.144s
sys	0m1.918s
--- Mid run ---
Wed Sep 25 23:22:23 UTC 2019

real	0m3.653s
user	0m1.335s
sys	0m2.220s
=== Mid run end ===
Wed Sep 25 23:22:27 UTC 2019

real	0m4.814s
user	0m1.505s
sys	0m2.287s
Wed Sep 25 23:22:32 UTC 2019

real	0m4.203s
user	0m1.453s
sys	0m2.686s
Wed Sep 25 23:22:36 UTC 2019

real	0m5.068s
user	0m1.555s
sys	0m2.408s
Wed Sep 25 23:22:41 UTC 2019

real	0m4.548s
user	0m1.544s
sys	0m2.967s
Wed Sep 25 23:22:46 UTC 2019
