Wed Sep 25 23:19:55 UTC 2019
Wed Sep 25 23:19:55 UTC 2019

real	0m2.758s
user	0m1.111s
sys	0m1.555s
Wed Sep 25 23:19:58 UTC 2019

real	0m2.770s
user	0m1.134s
sys	0m1.551s
Wed Sep 25 23:20:01 UTC 2019

real	0m3.337s
user	0m1.191s
sys	0m1.870s
--- Mid run ---
Wed Sep 25 23:20:04 UTC 2019

real	0m3.665s
user	0m1.318s
sys	0m2.271s
=== Mid run end ===
Wed Sep 25 23:20:08 UTC 2019

real	0m3.293s
user	0m1.213s
sys	0m1.777s
Wed Sep 25 23:20:11 UTC 2019

real	0m3.503s
user	0m1.298s
sys	0m2.116s
Wed Sep 25 23:20:15 UTC 2019

real	0m3.591s
user	0m1.362s
sys	0m2.016s
Wed Sep 25 23:20:19 UTC 2019

real	0m4.021s
user	0m1.393s
sys	0m2.393s
Wed Sep 25 23:20:23 UTC 2019
