Wed Sep 25 23:19:51 UTC 2019
Wed Sep 25 23:19:51 UTC 2019

real	0m3.026s
user	0m1.069s
sys	0m1.927s
Wed Sep 25 23:19:54 UTC 2019

real	0m2.901s
user	0m1.121s
sys	0m1.718s
Wed Sep 25 23:19:57 UTC 2019

real	0m2.632s
user	0m1.139s
sys	0m1.442s
--- Mid run ---
Wed Sep 25 23:20:00 UTC 2019

real	0m2.686s
user	0m1.125s
sys	0m1.484s
=== Mid run end ===
Wed Sep 25 23:20:03 UTC 2019

real	0m3.229s
user	0m1.249s
sys	0m1.711s
Wed Sep 25 23:20:06 UTC 2019

real	0m3.280s
user	0m1.408s
sys	0m1.798s
Wed Sep 25 23:20:10 UTC 2019

real	0m5.572s
user	0m1.687s
sys	0m2.440s
Wed Sep 25 23:20:15 UTC 2019

real	0m3.632s
user	0m1.353s
sys	0m1.967s
Wed Sep 25 23:20:19 UTC 2019
