Wed Sep 25 23:22:25 UTC 2019
Wed Sep 25 23:22:25 UTC 2019

real	0m3.594s
user	0m1.268s
sys	0m2.163s
Wed Sep 25 23:22:29 UTC 2019

real	0m4.967s
user	0m1.739s
sys	0m2.317s
Wed Sep 25 23:22:34 UTC 2019

real	0m0.420s
user	0m0.104s
sys	0m0.264s
--- Mid run ---
Wed Sep 25 23:22:34 UTC 2019

real	0m5.005s
user	0m1.653s
sys	0m2.620s
=== Mid run end ===
Wed Sep 25 23:22:39 UTC 2019

real	0m4.272s
user	0m1.339s
sys	0m2.398s
Wed Sep 25 23:22:44 UTC 2019

real	0m3.331s
user	0m1.246s
sys	0m1.934s
Wed Sep 25 23:22:47 UTC 2019

real	0m2.902s
user	0m1.120s
sys	0m1.667s
Wed Sep 25 23:22:50 UTC 2019

real	0m3.191s
user	0m1.103s
sys	0m1.966s
Wed Sep 25 23:22:53 UTC 2019
