Wed Sep 25 23:22:24 UTC 2019
Wed Sep 25 23:22:24 UTC 2019

real	0m4.411s
user	0m1.388s
sys	0m2.920s
Wed Sep 25 23:22:28 UTC 2019

real	0m4.682s
user	0m1.373s
sys	0m2.992s
Wed Sep 25 23:22:33 UTC 2019

real	0m4.646s
user	0m1.493s
sys	0m3.101s
--- Mid run ---
Wed Sep 25 23:22:38 UTC 2019

real	0m4.950s
user	0m1.542s
sys	0m3.333s
=== Mid run end ===
Wed Sep 25 23:22:43 UTC 2019

real	0m5.725s
user	0m1.546s
sys	0m4.142s
Wed Sep 25 23:22:49 UTC 2019

real	0m4.017s
user	0m1.332s
sys	0m2.626s
Wed Sep 25 23:22:53 UTC 2019

real	0m3.971s
user	0m1.246s
sys	0m2.633s
Wed Sep 25 23:22:57 UTC 2019

real	0m4.119s
user	0m1.218s
sys	0m2.777s
Wed Sep 25 23:23:01 UTC 2019
