Wed Sep 25 23:25:34 UTC 2019
Wed Sep 25 23:25:34 UTC 2019

real	0m2.816s
user	0m1.065s
sys	0m1.710s
Wed Sep 25 23:25:36 UTC 2019

real	0m3.036s
user	0m1.106s
sys	0m1.786s
Wed Sep 25 23:25:40 UTC 2019

real	0m3.362s
user	0m1.288s
sys	0m1.895s
--- Mid run ---
Wed Sep 25 23:25:43 UTC 2019

real	0m3.036s
user	0m1.103s
sys	0m1.658s
=== Mid run end ===
Wed Sep 25 23:25:46 UTC 2019

real	0m3.428s
user	0m1.186s
sys	0m2.015s
Wed Sep 25 23:25:50 UTC 2019

real	0m4.775s
user	0m1.549s
sys	0m2.503s
Wed Sep 25 23:25:55 UTC 2019

real	0m5.563s
user	0m1.757s
sys	0m2.594s
Wed Sep 25 23:26:00 UTC 2019

real	0m3.911s
user	0m1.419s
sys	0m1.960s
Wed Sep 25 23:26:04 UTC 2019
