Wed Sep 25 23:29:04 UTC 2019
Wed Sep 25 23:29:04 UTC 2019

real	0m4.211s
user	0m1.229s
sys	0m1.884s
Wed Sep 25 23:29:09 UTC 2019

real	0m3.710s
user	0m1.414s
sys	0m2.105s
Wed Sep 25 23:29:13 UTC 2019

real	0m4.054s
user	0m1.331s
sys	0m1.959s
--- Mid run ---
Wed Sep 25 23:29:17 UTC 2019

real	0m5.316s
user	0m1.737s
sys	0m2.382s
=== Mid run end ===
Wed Sep 25 23:29:22 UTC 2019

real	0m5.806s
user	0m2.160s
sys	0m2.684s
Wed Sep 25 23:29:28 UTC 2019

real	0m4.882s
user	0m1.649s
sys	0m2.227s
Wed Sep 25 23:29:33 UTC 2019

real	0m3.255s
user	0m1.288s
sys	0m1.805s
Wed Sep 25 23:29:36 UTC 2019

real	0m3.532s
user	0m1.290s
sys	0m2.069s
Wed Sep 25 23:29:40 UTC 2019
