Wed Sep 25 23:19:56 UTC 2019
Wed Sep 25 23:19:56 UTC 2019

real	0m3.310s
user	0m1.197s
sys	0m2.092s
Wed Sep 25 23:20:00 UTC 2019

real	0m3.409s
user	0m1.266s
sys	0m2.098s
Wed Sep 25 23:20:03 UTC 2019

real	0m3.261s
user	0m1.242s
sys	0m1.942s
--- Mid run ---
Wed Sep 25 23:20:06 UTC 2019

real	0m3.140s
user	0m1.210s
sys	0m1.836s
=== Mid run end ===
Wed Sep 25 23:20:10 UTC 2019

real	0m3.992s
user	0m1.430s
sys	0m2.438s
Wed Sep 25 23:20:14 UTC 2019

real	0m5.117s
user	0m1.613s
sys	0m2.727s
Wed Sep 25 23:20:19 UTC 2019

real	0m4.007s
user	0m1.629s
sys	0m2.082s
Wed Sep 25 23:20:23 UTC 2019

real	0m3.148s
user	0m1.271s
sys	0m1.766s
Wed Sep 25 23:20:26 UTC 2019
