Wed Sep 25 23:28:54 UTC 2019
Wed Sep 25 23:28:54 UTC 2019

real	0m2.870s
user	0m1.097s
sys	0m1.670s
Wed Sep 25 23:28:57 UTC 2019

real	0m2.967s
user	0m1.213s
sys	0m1.566s
Wed Sep 25 23:29:00 UTC 2019

real	0m2.839s
user	0m1.189s
sys	0m1.599s
--- Mid run ---
Wed Sep 25 23:29:03 UTC 2019

real	0m2.897s
user	0m1.128s
sys	0m1.658s
=== Mid run end ===
Wed Sep 25 23:29:06 UTC 2019

real	0m3.920s
user	0m1.460s
sys	0m1.989s
Wed Sep 25 23:29:10 UTC 2019

real	0m6.477s
user	0m1.981s
sys	0m2.265s
Wed Sep 25 23:29:17 UTC 2019

real	0m6.934s
user	0m1.977s
sys	0m2.398s
Wed Sep 25 23:29:24 UTC 2019

real	0m6.257s
user	0m1.912s
sys	0m2.238s
Wed Sep 25 23:29:30 UTC 2019
