Wed Sep 25 23:25:39 UTC 2019
Wed Sep 25 23:25:39 UTC 2019

real	0m3.173s
user	0m1.095s
sys	0m2.073s
Wed Sep 25 23:25:42 UTC 2019

real	0m3.339s
user	0m1.209s
sys	0m2.063s
Wed Sep 25 23:25:45 UTC 2019

real	0m3.063s
user	0m1.085s
sys	0m1.834s
--- Mid run ---
Wed Sep 25 23:25:49 UTC 2019

real	0m3.136s
user	0m1.178s
sys	0m1.859s
=== Mid run end ===
Wed Sep 25 23:25:52 UTC 2019

real	0m3.191s
user	0m1.237s
sys	0m1.844s
Wed Sep 25 23:25:55 UTC 2019

real	0m4.060s
user	0m1.430s
sys	0m2.578s
Wed Sep 25 23:25:59 UTC 2019

real	0m4.144s
user	0m1.427s
sys	0m2.495s
Wed Sep 25 23:26:04 UTC 2019

real	0m4.430s
user	0m1.447s
sys	0m2.572s
Wed Sep 25 23:26:08 UTC 2019
