Wed Sep 25 23:22:25 UTC 2019
Wed Sep 25 23:22:25 UTC 2019

real	0m3.659s
user	0m1.419s
sys	0m2.214s
Wed Sep 25 23:22:29 UTC 2019

real	0m4.587s
user	0m1.659s
sys	0m2.198s
Wed Sep 25 23:22:33 UTC 2019

real	0m5.520s
user	0m1.762s
sys	0m2.117s
--- Mid run ---
Wed Sep 25 23:22:39 UTC 2019

real	0m3.784s
user	0m1.347s
sys	0m2.384s
=== Mid run end ===
Wed Sep 25 23:22:43 UTC 2019

real	0m3.928s
user	0m1.522s
sys	0m1.922s
Wed Sep 25 23:22:47 UTC 2019

real	0m3.242s
user	0m1.202s
sys	0m1.816s
Wed Sep 25 23:22:50 UTC 2019

real	0m2.945s
user	0m1.161s
sys	0m1.735s
Wed Sep 25 23:22:53 UTC 2019

real	0m3.803s
user	0m1.551s
sys	0m1.729s
Wed Sep 25 23:22:57 UTC 2019
