Wed Sep 25 23:29:12 UTC 2019
Wed Sep 25 23:29:12 UTC 2019

real	0m3.650s
user	0m1.411s
sys	0m2.149s
Wed Sep 25 23:29:16 UTC 2019

real	0m4.026s
user	0m1.359s
sys	0m2.351s
Wed Sep 25 23:29:20 UTC 2019

real	0m3.628s
user	0m1.359s
sys	0m2.141s
--- Mid run ---
Wed Sep 25 23:29:24 UTC 2019

real	0m3.920s
user	0m1.507s
sys	0m2.341s
=== Mid run end ===
Wed Sep 25 23:29:28 UTC 2019

real	0m3.567s
user	0m1.290s
sys	0m2.172s
Wed Sep 25 23:29:32 UTC 2019

real	0m3.629s
user	0m1.242s
sys	0m2.242s
Wed Sep 25 23:29:36 UTC 2019

real	0m3.616s
user	0m1.190s
sys	0m2.297s
Wed Sep 25 23:29:39 UTC 2019

real	0m3.032s
user	0m1.088s
sys	0m1.576s
Wed Sep 25 23:29:42 UTC 2019
