Wed Sep 25 23:25:51 UTC 2019
Wed Sep 25 23:25:51 UTC 2019

real	0m4.051s
user	0m1.426s
sys	0m2.562s
Wed Sep 25 23:25:56 UTC 2019

real	0m4.497s
user	0m1.524s
sys	0m2.946s
Wed Sep 25 23:26:00 UTC 2019

real	0m3.987s
user	0m1.519s
sys	0m2.446s
--- Mid run ---
Wed Sep 25 23:26:04 UTC 2019

real	0m4.279s
user	0m1.460s
sys	0m2.720s
=== Mid run end ===
Wed Sep 25 23:26:09 UTC 2019

real	0m4.093s
user	0m1.257s
sys	0m2.809s
Wed Sep 25 23:26:13 UTC 2019

real	0m3.902s
user	0m1.208s
sys	0m2.588s
Wed Sep 25 23:26:17 UTC 2019

real	0m3.782s
user	0m1.392s
sys	0m2.240s
Wed Sep 25 23:26:21 UTC 2019

real	0m3.940s
user	0m1.242s
sys	0m2.631s
Wed Sep 25 23:26:25 UTC 2019
