Wed Sep 25 23:22:13 UTC 2019
Wed Sep 25 23:22:13 UTC 2019

real	0m3.095s
user	0m1.026s
sys	0m1.966s
Wed Sep 25 23:22:16 UTC 2019

real	0m3.137s
user	0m1.100s
sys	0m1.940s
Wed Sep 25 23:22:20 UTC 2019

real	0m3.171s
user	0m1.206s
sys	0m1.840s
--- Mid run ---
Wed Sep 25 23:22:23 UTC 2019

real	0m3.697s
user	0m1.381s
sys	0m2.276s
=== Mid run end ===
Wed Sep 25 23:22:27 UTC 2019

real	0m4.261s
user	0m1.434s
sys	0m2.736s
Wed Sep 25 23:22:31 UTC 2019

real	0m4.280s
user	0m1.429s
sys	0m2.707s
Wed Sep 25 23:22:36 UTC 2019

real	0m4.228s
user	0m1.455s
sys	0m2.717s
Wed Sep 25 23:22:40 UTC 2019

real	0m4.670s
user	0m1.482s
sys	0m2.875s
Wed Sep 25 23:22:45 UTC 2019
