Wed Sep 25 23:19:52 UTC 2019
Wed Sep 25 23:19:52 UTC 2019

real	0m3.162s
user	0m1.098s
sys	0m1.927s
Wed Sep 25 23:19:56 UTC 2019

real	0m3.008s
user	0m1.098s
sys	0m1.823s
Wed Sep 25 23:19:59 UTC 2019

real	0m3.188s
user	0m1.378s
sys	0m1.689s
--- Mid run ---
Wed Sep 25 23:20:02 UTC 2019

real	0m3.196s
user	0m1.112s
sys	0m1.700s
=== Mid run end ===
Wed Sep 25 23:20:05 UTC 2019

real	0m3.355s
user	0m1.259s
sys	0m1.960s
Wed Sep 25 23:20:09 UTC 2019

real	0m4.746s
user	0m1.640s
sys	0m1.981s
Wed Sep 25 23:20:13 UTC 2019

real	0m4.979s
user	0m1.445s
sys	0m2.253s
Wed Sep 25 23:20:19 UTC 2019

real	0m5.690s
user	0m1.817s
sys	0m2.405s
Wed Sep 25 23:20:24 UTC 2019
