Wed Sep 25 23:25:34 UTC 2019
Wed Sep 25 23:25:34 UTC 2019

real	0m3.047s
user	0m1.059s
sys	0m1.798s
Wed Sep 25 23:25:37 UTC 2019

real	0m3.540s
user	0m1.373s
sys	0m2.008s
Wed Sep 25 23:25:40 UTC 2019

real	0m3.141s
user	0m1.286s
sys	0m1.698s
--- Mid run ---
Wed Sep 25 23:25:44 UTC 2019

real	0m2.932s
user	0m1.174s
sys	0m1.534s
=== Mid run end ===
Wed Sep 25 23:25:47 UTC 2019

real	0m3.597s
user	0m1.331s
sys	0m1.930s
Wed Sep 25 23:25:50 UTC 2019

real	0m4.033s
user	0m1.497s
sys	0m2.022s
Wed Sep 25 23:25:54 UTC 2019

real	0m6.508s
user	0m2.372s
sys	0m2.459s
Wed Sep 25 23:26:01 UTC 2019

real	0m4.542s
user	0m1.577s
sys	0m2.389s
Wed Sep 25 23:26:06 UTC 2019
