Wed Sep 25 23:28:57 UTC 2019
Wed Sep 25 23:28:57 UTC 2019

real	0m3.588s
user	0m1.219s
sys	0m2.279s
Wed Sep 25 23:29:01 UTC 2019

real	0m4.024s
user	0m1.197s
sys	0m2.711s
Wed Sep 25 23:29:05 UTC 2019

real	0m3.404s
user	0m1.168s
sys	0m2.167s
--- Mid run ---
Wed Sep 25 23:29:09 UTC 2019

real	0m3.879s
user	0m1.244s
sys	0m2.340s
=== Mid run end ===
Wed Sep 25 23:29:13 UTC 2019

real	0m4.404s
user	0m1.510s
sys	0m2.818s
Wed Sep 25 23:29:17 UTC 2019

real	0m4.789s
user	0m1.508s
sys	0m3.220s
Wed Sep 25 23:29:22 UTC 2019

real	0m4.803s
user	0m1.503s
sys	0m3.240s
Wed Sep 25 23:29:27 UTC 2019

real	0m4.217s
user	0m1.433s
sys	0m2.687s
Wed Sep 25 23:29:32 UTC 2019
