Wed Sep 25 23:20:09 UTC 2019
Wed Sep 25 23:20:09 UTC 2019

real	0m4.967s
user	0m1.562s
sys	0m2.453s
Wed Sep 25 23:20:14 UTC 2019

real	0m4.196s
user	0m1.553s
sys	0m2.579s
Wed Sep 25 23:20:19 UTC 2019

real	0m4.617s
user	0m1.466s
sys	0m2.254s
--- Mid run ---
Wed Sep 25 23:20:23 UTC 2019

real	0m3.756s
user	0m1.368s
sys	0m2.335s
=== Mid run end ===
Wed Sep 25 23:20:27 UTC 2019

real	0m3.453s
user	0m1.281s
sys	0m1.901s
Wed Sep 25 23:20:31 UTC 2019

real	0m3.506s
user	0m1.390s
sys	0m2.089s
Wed Sep 25 23:20:34 UTC 2019

real	0m3.425s
user	0m1.268s
sys	0m2.111s
Wed Sep 25 23:20:38 UTC 2019

real	0m2.772s
user	0m1.127s
sys	0m1.566s
Wed Sep 25 23:20:41 UTC 2019
