Wed Sep 25 23:19:52 UTC 2019
Wed Sep 25 23:19:52 UTC 2019

real	0m3.617s
user	0m1.091s
sys	0m2.492s
Wed Sep 25 23:19:56 UTC 2019

real	0m3.672s
user	0m1.352s
sys	0m2.204s
Wed Sep 25 23:19:59 UTC 2019

real	0m3.516s
user	0m1.458s
sys	0m1.984s
--- Mid run ---
Wed Sep 25 23:20:03 UTC 2019

real	0m3.991s
user	0m1.474s
sys	0m2.384s
=== Mid run end ===
Wed Sep 25 23:20:07 UTC 2019

real	0m4.275s
user	0m1.894s
sys	0m2.336s
Wed Sep 25 23:20:11 UTC 2019

real	0m3.838s
user	0m1.383s
sys	0m2.427s
Wed Sep 25 23:20:15 UTC 2019

real	0m4.883s
user	0m1.844s
sys	0m2.938s
Wed Sep 25 23:20:20 UTC 2019

real	0m3.843s
user	0m1.517s
sys	0m2.193s
Wed Sep 25 23:20:24 UTC 2019
