====== env ======
_CONDOR_JOB_PIDS=
TMPDIR=/var/lib/condor/execute/dir_2822
_CONDOR_SCRATCH_DIR=/var/lib/condor/execute/dir_2822
_CHIRP_DELAYED_UPDATE_PREFIX=Chirp*
TEMP=/var/lib/condor/execute/dir_2822
BATCH_SYSTEM=HTCondor
_CONDOR_CHIRP_CONFIG=/var/lib/condor/execute/dir_2822/.chirp.config
PWD=/var/lib/condor/execute/dir_2822
_CONDOR_AssignedGPUs=10000
CUDA_VISIBLE_DEVICES=10000
_CONDOR_SLOT=slot1
_CONDOR_ANCESTOR_2118=2258:1571876452:1780744629
_CONDOR_ANCESTOR_2258=2822:1571877312:3527933035
SHLVL=1
_CONDOR_MACHINE_AD=/var/lib/condor/execute/dir_2822/.machine.ad
TMP=/var/lib/condor/execute/dir_2822
GPU_DEVICE_ORDINAL=10000
OMP_NUM_THREADS=1
_CONDOR_JOB_AD=/var/lib/condor/execute/dir_2822/.job.ad
_CONDOR_ANCESTOR_2822=2847:1571877315:1328585219
_CONDOR_JOB_IWD=/var/lib/condor/execute/dir_2822
_=/usr/bin/env
====== env ======
/dev/shm/user_slot1
Thu Oct 24 00:35:15 UTC 2019
Job 140
Uploading 1G.dat to /base_c/test./data/1G_140.dat
INFO: Uploading to https://exaasiasep8.blob.core.windows.net/exa-asia-se/base_c/testa/data/1G_140.dat
RC 0
--- Mid run ---
Thu Oct 24 00:35:48 UTC 2019
INFO: Uploading to https://exaasiasepc.blob.core.windows.net/exa-asia-se/base_c/testm/data/1G_140.dat
RC 0
=== Mid run end ===
Thu Oct 24 00:36:08 UTC 2019
INFO: Uploading to https://exaasiasep9.blob.core.windows.net/exa-asia-se/base_c/testb/data/1G_140.dat
RC 0
Thu Oct 24 00:36:28 UTC 2019
