====== env ======
_CONDOR_JOB_PIDS=
_CONDOR_ANCESTOR_2279=2910:1571877311:1936928217
TMPDIR=/var/lib/condor/execute/dir_2910
_CONDOR_SCRATCH_DIR=/var/lib/condor/execute/dir_2910
_CONDOR_ANCESTOR_2910=2946:1571877314:2059669530
_CHIRP_DELAYED_UPDATE_PREFIX=Chirp*
TEMP=/var/lib/condor/execute/dir_2910
BATCH_SYSTEM=HTCondor
_CONDOR_CHIRP_CONFIG=/var/lib/condor/execute/dir_2910/.chirp.config
_CONDOR_ANCESTOR_2128=2279:1571876396:3889424407
PWD=/var/lib/condor/execute/dir_2910
_CONDOR_AssignedGPUs=10000
CUDA_VISIBLE_DEVICES=10000
_CONDOR_SLOT=slot1
SHLVL=1
_CONDOR_MACHINE_AD=/var/lib/condor/execute/dir_2910/.machine.ad
TMP=/var/lib/condor/execute/dir_2910
GPU_DEVICE_ORDINAL=10000
OMP_NUM_THREADS=1
_CONDOR_JOB_AD=/var/lib/condor/execute/dir_2910/.job.ad
_CONDOR_JOB_IWD=/var/lib/condor/execute/dir_2910
_=/usr/bin/env
====== env ======
/dev/shm/user_slot1
Thu Oct 24 00:35:14 UTC 2019
Job 95
Uploading 1G.dat to /base_f/test./data/1G_95.dat
INFO: Uploading to https://exaasiasep5.blob.core.windows.net/exa-asia-se/base_f/testa/data/1G_95.dat
RC 0
--- Mid run ---
Thu Oct 24 00:35:37 UTC 2019
INFO: Uploading to https://exaasiasep7.blob.core.windows.net/exa-asia-se/base_f/testm/data/1G_95.dat
RC 0
=== Mid run end ===
Thu Oct 24 00:35:58 UTC 2019
INFO: Uploading to https://exaasiasepa.blob.core.windows.net/exa-asia-se/base_f/testb/data/1G_95.dat
RC 0
Thu Oct 24 00:36:17 UTC 2019
