====== env ======
_CONDOR_JOB_PIDS=
TMPDIR=/var/lib/condor/execute/dir_2895
_CONDOR_SCRATCH_DIR=/var/lib/condor/execute/dir_2895
_CHIRP_DELAYED_UPDATE_PREFIX=Chirp*
TEMP=/var/lib/condor/execute/dir_2895
_CONDOR_ANCESTOR_2317=2895:1571877316:2330323151
BATCH_SYSTEM=HTCondor
_CONDOR_CHIRP_CONFIG=/var/lib/condor/execute/dir_2895/.chirp.config
PWD=/var/lib/condor/execute/dir_2895
_CONDOR_AssignedGPUs=10000
CUDA_VISIBLE_DEVICES=10000
_CONDOR_SLOT=slot2
SHLVL=1
_CONDOR_MACHINE_AD=/var/lib/condor/execute/dir_2895/.machine.ad
TMP=/var/lib/condor/execute/dir_2895
_CONDOR_ANCESTOR_2895=2920:1571877319:3009186951
GPU_DEVICE_ORDINAL=10000
OMP_NUM_THREADS=1
_CONDOR_JOB_AD=/var/lib/condor/execute/dir_2895/.job.ad
_CONDOR_JOB_IWD=/var/lib/condor/execute/dir_2895
_CONDOR_ANCESTOR_2143=2317:1571876430:609993130
_=/usr/bin/env
====== env ======
/dev/shm/user_slot2
Thu Oct 24 00:35:19 UTC 2019
Job 360
Uploading 1G.dat to /base_8/test./data/1G_360.dat
INFO: Uploading to https://exaasiasep3.blob.core.windows.net/exa-asia-se/base_8/testa/data/1G_360.dat
RC 0
--- Mid run ---
Thu Oct 24 00:35:35 UTC 2019
INFO: Uploading to https://exaasiasep1.blob.core.windows.net/exa-asia-se/base_8/testm/data/1G_360.dat
RC 0
=== Mid run end ===
Thu Oct 24 00:35:55 UTC 2019
INFO: Uploading to https://exaasiasep0.blob.core.windows.net/exa-asia-se/base_8/testb/data/1G_360.dat
RC 0
Thu Oct 24 00:36:14 UTC 2019
