====== env ======
_CONDOR_JOB_PIDS=
_CONDOR_ANCESTOR_2297=2847:1571877311:3027476826
TMPDIR=/var/lib/condor/execute/dir_2847
_CONDOR_ANCESTOR_2847=2862:1571877314:1072834730
_CONDOR_SCRATCH_DIR=/var/lib/condor/execute/dir_2847
_CHIRP_DELAYED_UPDATE_PREFIX=Chirp*
TEMP=/var/lib/condor/execute/dir_2847
BATCH_SYSTEM=HTCondor
_CONDOR_CHIRP_CONFIG=/var/lib/condor/execute/dir_2847/.chirp.config
PWD=/var/lib/condor/execute/dir_2847
_CONDOR_AssignedGPUs=10000
CUDA_VISIBLE_DEVICES=10000
_CONDOR_SLOT=slot1
SHLVL=1
_CONDOR_MACHINE_AD=/var/lib/condor/execute/dir_2847/.machine.ad
TMP=/var/lib/condor/execute/dir_2847
GPU_DEVICE_ORDINAL=10000
_CONDOR_ANCESTOR_2098=2297:1571876404:1858352369
OMP_NUM_THREADS=1
_CONDOR_JOB_AD=/var/lib/condor/execute/dir_2847/.job.ad
_CONDOR_JOB_IWD=/var/lib/condor/execute/dir_2847
_=/usr/bin/env
====== env ======
/dev/shm/user_slot1
Thu Oct 24 00:35:14 UTC 2019
Job 71
Uploading 1G.dat to /base_7/test./data/1G_71.dat
INFO: Uploading to https://exaasiasepa.blob.core.windows.net/exa-asia-se/base_7/testa/data/1G_71.dat
RC 0
--- Mid run ---
Thu Oct 24 00:35:35 UTC 2019
INFO: Uploading to https://exaasiasepa.blob.core.windows.net/exa-asia-se/base_7/testm/data/1G_71.dat
RC 0
=== Mid run end ===
Thu Oct 24 00:35:56 UTC 2019
INFO: Uploading to https://exaasiasep5.blob.core.windows.net/exa-asia-se/base_7/testb/data/1G_71.dat
RC 0
Thu Oct 24 00:36:12 UTC 2019
