====== env ======
_CONDOR_JOB_PIDS=
TMPDIR=/var/lib/condor/execute/dir_2886
_CONDOR_SCRATCH_DIR=/var/lib/condor/execute/dir_2886
_CHIRP_DELAYED_UPDATE_PREFIX=Chirp*
TEMP=/var/lib/condor/execute/dir_2886
BATCH_SYSTEM=HTCondor
_CONDOR_CHIRP_CONFIG=/var/lib/condor/execute/dir_2886/.chirp.config
PWD=/var/lib/condor/execute/dir_2886
_CONDOR_AssignedGPUs=10000
CUDA_VISIBLE_DEVICES=10000
_CONDOR_ANCESTOR_2304=2886:1571877314:1065486122
_CONDOR_SLOT=slot2
_CONDOR_ANCESTOR_2153=2304:1571876469:2718672908
SHLVL=1
_CONDOR_MACHINE_AD=/var/lib/condor/execute/dir_2886/.machine.ad
_CONDOR_ANCESTOR_2886=2920:1571877317:3553866037
TMP=/var/lib/condor/execute/dir_2886
GPU_DEVICE_ORDINAL=10000
OMP_NUM_THREADS=1
_CONDOR_JOB_AD=/var/lib/condor/execute/dir_2886/.job.ad
_CONDOR_JOB_IWD=/var/lib/condor/execute/dir_2886
_=/usr/bin/env
====== env ======
/dev/shm/user_slot2
Thu Oct 24 00:35:17 UTC 2019
Job 273
Uploading 1G.dat to /base_1/test./data/1G_273.dat
INFO: Uploading to https://exaasiasep5.blob.core.windows.net/exa-asia-se/base_1/testa/data/1G_273.dat
RC 0
--- Mid run ---
Thu Oct 24 00:35:33 UTC 2019
INFO: Uploading to https://exaasiasepf.blob.core.windows.net/exa-asia-se/base_1/testm/data/1G_273.dat
RC 0
=== Mid run end ===
Thu Oct 24 00:35:54 UTC 2019
INFO: Uploading to https://exaasiasep0.blob.core.windows.net/exa-asia-se/base_1/testb/data/1G_273.dat
RC 0
Thu Oct 24 00:36:12 UTC 2019
