====== env ======
_CONDOR_JOB_PIDS=
TMPDIR=/var/lib/condor/execute/dir_2895
_CONDOR_SCRATCH_DIR=/var/lib/condor/execute/dir_2895
_CHIRP_DELAYED_UPDATE_PREFIX=Chirp*
TEMP=/var/lib/condor/execute/dir_2895
BATCH_SYSTEM=HTCondor
_CONDOR_CHIRP_CONFIG=/var/lib/condor/execute/dir_2895/.chirp.config
PWD=/var/lib/condor/execute/dir_2895
_CONDOR_AssignedGPUs=10000
CUDA_VISIBLE_DEVICES=10000
_CONDOR_ANCESTOR_2159=2308:1571876432:547906938
_CONDOR_SLOT=slot2
_CONDOR_ANCESTOR_2308=2895:1571877315:1785048846
SHLVL=1
_CONDOR_MACHINE_AD=/var/lib/condor/execute/dir_2895/.machine.ad
TMP=/var/lib/condor/execute/dir_2895
_CONDOR_ANCESTOR_2895=2932:1571877318:626934830
GPU_DEVICE_ORDINAL=10000
OMP_NUM_THREADS=1
_CONDOR_JOB_AD=/var/lib/condor/execute/dir_2895/.job.ad
_CONDOR_JOB_IWD=/var/lib/condor/execute/dir_2895
_=/usr/bin/env
====== env ======
/dev/shm/user_slot2
Thu Oct 24 00:35:18 UTC 2019
Job 317
Uploading 1G.dat to /base_d/test./data/1G_317.dat
INFO: Uploading to https://exaasiasepb.blob.core.windows.net/exa-asia-se/base_d/testa/data/1G_317.dat
RC 0
--- Mid run ---
Thu Oct 24 00:35:40 UTC 2019
INFO: Uploading to https://exaasiasep7.blob.core.windows.net/exa-asia-se/base_d/testm/data/1G_317.dat
RC 0
=== Mid run end ===
Thu Oct 24 00:36:00 UTC 2019
INFO: Uploading to https://exaasiasep6.blob.core.windows.net/exa-asia-se/base_d/testb/data/1G_317.dat
RC 0
Thu Oct 24 00:36:21 UTC 2019
