INFO: CLOUD_REGION = "GCP-us-central1"
INFO: Server region gcpuswest
INFO: Parallelism 24
INFO: URL https://storage.googleapis.com/tnrp-test-us-west1/test/data/1G.dat
========== Warmup
Sun Jan 19 05:55:33 UTC 2020
RC: 0
elapsed: 3
Sun Jan 19 05:55:36 UTC 2020
-rw-r--r-- 1 nobody nobody 1000000000 Jan 19 05:55 out.dat
c287bac9a4b3e8e4e08ce5d11da34020  out.dat
MiBps: 333
Sun Jan 19 05:55:39 UTC 2020
========== Single curl
Sun Jan 19 05:55:39 UTC 2020
RC: 0
elapsed: 3
Sun Jan 19 05:55:42 UTC 2020
-rw-r--r-- 1 nobody nobody 1000000000 Jan 19 05:55 out.dat
c287bac9a4b3e8e4e08ce5d11da34020  out.dat
MiBps: 333
Sun Jan 19 05:55:44 UTC 2020
========== Single aria2c
Sun Jan 19 05:55:44 UTC 2020
RC: 0
elaped: 3
-rw-r--r-- 1 nobody nobody 1000000000 Jan 19 05:55 out.dat
c287bac9a4b3e8e4e08ce5d11da34020  out.dat
MiBps: 333
Sun Jan 19 05:55:49 UTC 2020
========== Multiple aria2c: 24
Sun Jan 19 05:55:50 UTC 2020
RC: 0
RC: 0
RC: 0
RC: 0
RC: 0
RC: 0
RC: 0
RC: 0
RC: 0
RC: 0
RC: 0
RC: 0
RC: 0
RC: 0
RC: 0
RC: 0
RC: 0
RC: 0
RC: 0
RC: 0
RC: 0
RC: 0
RC: 0
RC: 0
RC: 0
RC: 0
RC: 0
RC: 0
RC: 0
RC: 0
RC: 0
RC: 0
RC: 0
RC: 0
RC: 0
RC: 0
RC: 0
RC: 0
RC: 0
RC: 0
RC: 0
RC: 0
RC: 0
RC: 0
RC: 0
RC: 0
RC: 0
RC: 0
RC: 0
RC: 0
RC: 0
RC: 0
RC: 0
RC: 0
RC: 0
RC: 0
RC: 0
RC: 0
RC: 0
RC: 0
RC: 0
RC: 0
RC: 0
RC: 0
RC: 0
RC: 0
RC: 0
RC: 0
RC: 0
RC: 0
RC: 0
RC: 0
RC: 0
RC: 0
RC: 0
RC: 0
RC: 0
RC: 0
RC: 0
RC: 0
RC: 0
RC: 0
RC: 0
RC: 0
RC: 0
RC: 0
RC: 0
RC: 0
RC: 0
RC: 0
RC: 0
RC: 0
RC: 0
RC: 0
RC: 0
RC: 0
RC: 0
RC: 0
RC: 0
RC: 0
RC: 0
RC: 0
RC: 0
RC: 0
RC: 0
RC: 0
RC: 0
RC: 0
RC: 0
RC: 0
RC: 0
RC: 0
RC: 0
RC: 0
RC: 0
RC: 0
RC: 0
RC: 0
RC: 0
RC: 0
RC: 0
RC: 0
RC: 0
RC: 0
RC: 0
RC: 0
RC: 0
RC: 0
RC: 0
RC: 0
RC: 0
RC: 0
RC: 0
RC: 0
RC: 0
RC: 0
RC: 0
RC: 0
RC: 0
RC: 0
RC: 0
RC: 0
RC: 0
RC: 0
elaped: 52
MiBps: 2769
Sun Jan 19 05:56:42 UTC 2020
========= Start detailed log =======
2020-01-19 05:55:50.098898 [NOTICE] [Context.cc:311] Downloading 1 item(s)
2020-01-19 05:55:58.615621 [NOTICE] [RequestGroup.cc:1216] Download complete: /dev/shm/dir_4208/tmp/subdir_0/out.dat
2020-01-19 05:55:59.087773 [NOTICE] [Context.cc:311] Downloading 1 item(s)
2020-01-19 05:56:07.384211 [NOTICE] [RequestGroup.cc:1216] Download complete: /dev/shm/dir_4208/tmp/subdir_0/out.dat
2020-01-19 05:56:07.625044 [NOTICE] [Context.cc:311] Downloading 1 item(s)
2020-01-19 05:56:16.302773 [NOTICE] [RequestGroup.cc:1216] Download complete: /dev/shm/dir_4208/tmp/subdir_0/out.dat
2020-01-19 05:56:16.950916 [NOTICE] [Context.cc:311] Downloading 1 item(s)
2020-01-19 05:56:25.588294 [NOTICE] [RequestGroup.cc:1216] Download complete: /dev/shm/dir_4208/tmp/subdir_0/out.dat
2020-01-19 05:56:26.075091 [NOTICE] [Context.cc:311] Downloading 1 item(s)
2020-01-19 05:56:33.820334 [NOTICE] [RequestGroup.cc:1216] Download complete: /dev/shm/dir_4208/tmp/subdir_0/out.dat
2020-01-19 05:56:34.195303 [NOTICE] [Context.cc:311] Downloading 1 item(s)
2020-01-19 05:56:41.837836 [NOTICE] [RequestGroup.cc:1216] Download complete: /dev/shm/dir_4208/tmp/subdir_0/out.dat
2020-01-19 05:55:50.099638 [NOTICE] [Context.cc:311] Downloading 1 item(s)
2020-01-19 05:55:58.889282 [NOTICE] [RequestGroup.cc:1216] Download complete: /dev/shm/dir_4208/tmp/subdir_1/out.dat
2020-01-19 05:55:59.402501 [NOTICE] [Context.cc:311] Downloading 1 item(s)
2020-01-19 05:56:08.522614 [NOTICE] [RequestGroup.cc:1216] Download complete: /dev/shm/dir_4208/tmp/subdir_1/out.dat
2020-01-19 05:56:08.823606 [NOTICE] [Context.cc:311] Downloading 1 item(s)
2020-01-19 05:56:17.127470 [NOTICE] [RequestGroup.cc:1216] Download complete: /dev/shm/dir_4208/tmp/subdir_1/out.dat
2020-01-19 05:56:17.445460 [NOTICE] [Context.cc:311] Downloading 1 item(s)
2020-01-19 05:56:25.754700 [NOTICE] [RequestGroup.cc:1216] Download complete: /dev/shm/dir_4208/tmp/subdir_1/out.dat
2020-01-19 05:56:26.154375 [NOTICE] [Context.cc:311] Downloading 1 item(s)
2020-01-19 05:56:34.659544 [NOTICE] [RequestGroup.cc:1216] Download complete: /dev/shm/dir_4208/tmp/subdir_1/out.dat
2020-01-19 05:56:35.011599 [NOTICE] [Context.cc:311] Downloading 1 item(s)
2020-01-19 05:56:42.245201 [NOTICE] [RequestGroup.cc:1216] Download complete: /dev/shm/dir_4208/tmp/subdir_1/out.dat
2020-01-19 05:55:50.099035 [NOTICE] [Context.cc:311] Downloading 1 item(s)
2020-01-19 05:55:57.778598 [NOTICE] [RequestGroup.cc:1216] Download complete: /dev/shm/dir_4208/tmp/subdir_2/out.dat
2020-01-19 05:55:58.188444 [NOTICE] [Context.cc:311] Downloading 1 item(s)
2020-01-19 05:56:06.322547 [NOTICE] [RequestGroup.cc:1216] Download complete: /dev/shm/dir_4208/tmp/subdir_2/out.dat
2020-01-19 05:56:06.571557 [NOTICE] [Context.cc:311] Downloading 1 item(s)
2020-01-19 05:56:14.477702 [NOTICE] [RequestGroup.cc:1216] Download complete: /dev/shm/dir_4208/tmp/subdir_2/out.dat
2020-01-19 05:56:14.761857 [NOTICE] [Context.cc:311] Downloading 1 item(s)
2020-01-19 05:56:21.550133 [NOTICE] [RequestGroup.cc:1216] Download complete: /dev/shm/dir_4208/tmp/subdir_2/out.dat
2020-01-19 05:56:21.821979 [NOTICE] [Context.cc:311] Downloading 1 item(s)
2020-01-19 05:56:30.091415 [NOTICE] [RequestGroup.cc:1216] Download complete: /dev/shm/dir_4208/tmp/subdir_2/out.dat
2020-01-19 05:56:30.457123 [NOTICE] [Context.cc:311] Downloading 1 item(s)
2020-01-19 05:56:38.338094 [NOTICE] [RequestGroup.cc:1216] Download complete: /dev/shm/dir_4208/tmp/subdir_2/out.dat
2020-01-19 05:55:50.099638 [NOTICE] [Context.cc:311] Downloading 1 item(s)
2020-01-19 05:55:58.862339 [NOTICE] [RequestGroup.cc:1216] Download complete: /dev/shm/dir_4208/tmp/subdir_3/out.dat
2020-01-19 05:55:59.378693 [NOTICE] [Context.cc:311] Downloading 1 item(s)
2020-01-19 05:56:07.226577 [NOTICE] [RequestGroup.cc:1216] Download complete: /dev/shm/dir_4208/tmp/subdir_3/out.dat
2020-01-19 05:56:07.475375 [NOTICE] [Context.cc:311] Downloading 1 item(s)
2020-01-19 05:56:16.084002 [NOTICE] [RequestGroup.cc:1216] Download complete: /dev/shm/dir_4208/tmp/subdir_3/out.dat
2020-01-19 05:56:16.364003 [NOTICE] [Context.cc:311] Downloading 1 item(s)
2020-01-19 05:56:24.934647 [NOTICE] [RequestGroup.cc:1216] Download complete: /dev/shm/dir_4208/tmp/subdir_3/out.dat
2020-01-19 05:56:25.475090 [NOTICE] [Context.cc:311] Downloading 1 item(s)
2020-01-19 05:56:33.516173 [NOTICE] [RequestGroup.cc:1216] Download complete: /dev/shm/dir_4208/tmp/subdir_3/out.dat
2020-01-19 05:56:33.928411 [NOTICE] [Context.cc:311] Downloading 1 item(s)
2020-01-19 05:56:42.571544 [NOTICE] [RequestGroup.cc:1216] Download complete: /dev/shm/dir_4208/tmp/subdir_3/out.dat
2020-01-19 05:55:50.099382 [NOTICE] [Context.cc:311] Downloading 1 item(s)
2020-01-19 05:55:59.119568 [NOTICE] [RequestGroup.cc:1216] Download complete: /dev/shm/dir_4208/tmp/subdir_4/out.dat
2020-01-19 05:55:59.595741 [NOTICE] [Context.cc:311] Downloading 1 item(s)
2020-01-19 05:56:08.020497 [NOTICE] [RequestGroup.cc:1216] Download complete: /dev/shm/dir_4208/tmp/subdir_4/out.dat
2020-01-19 05:56:08.563050 [NOTICE] [Context.cc:311] Downloading 1 item(s)
2020-01-19 05:56:16.331123 [NOTICE] [RequestGroup.cc:1216] Download complete: /dev/shm/dir_4208/tmp/subdir_4/out.dat
2020-01-19 05:56:16.847419 [NOTICE] [Context.cc:311] Downloading 1 item(s)
2020-01-19 05:56:25.948641 [NOTICE] [RequestGroup.cc:1216] Download complete: /dev/shm/dir_4208/tmp/subdir_4/out.dat
2020-01-19 05:56:26.491977 [NOTICE] [Context.cc:311] Downloading 1 item(s)
2020-01-19 05:56:34.052024 [NOTICE] [RequestGroup.cc:1216] Download complete: /dev/shm/dir_4208/tmp/subdir_4/out.dat
2020-01-19 05:56:34.430764 [NOTICE] [Context.cc:311] Downloading 1 item(s)
2020-01-19 05:56:41.405210 [NOTICE] [RequestGroup.cc:1216] Download complete: /dev/shm/dir_4208/tmp/subdir_4/out.dat
2020-01-19 05:55:50.113440 [NOTICE] [Context.cc:311] Downloading 1 item(s)
2020-01-19 05:55:58.976712 [NOTICE] [RequestGroup.cc:1216] Download complete: /dev/shm/dir_4208/tmp/subdir_5/out.dat
2020-01-19 05:55:59.373772 [NOTICE] [Context.cc:311] Downloading 1 item(s)
2020-01-19 05:56:07.984638 [NOTICE] [RequestGroup.cc:1216] Download complete: /dev/shm/dir_4208/tmp/subdir_5/out.dat
2020-01-19 05:56:08.508295 [NOTICE] [Context.cc:311] Downloading 1 item(s)
2020-01-19 05:56:16.366190 [NOTICE] [RequestGroup.cc:1216] Download complete: /dev/shm/dir_4208/tmp/subdir_5/out.dat
2020-01-19 05:56:16.980125 [NOTICE] [Context.cc:311] Downloading 1 item(s)
2020-01-19 05:56:25.741967 [NOTICE] [RequestGroup.cc:1216] Download complete: /dev/shm/dir_4208/tmp/subdir_5/out.dat
2020-01-19 05:56:26.207915 [NOTICE] [Context.cc:311] Downloading 1 item(s)
2020-01-19 05:56:34.510240 [NOTICE] [RequestGroup.cc:1216] Download complete: /dev/shm/dir_4208/tmp/subdir_5/out.dat
2020-01-19 05:56:34.961135 [NOTICE] [Context.cc:311] Downloading 1 item(s)
2020-01-19 05:56:41.973514 [NOTICE] [RequestGroup.cc:1216] Download complete: /dev/shm/dir_4208/tmp/subdir_5/out.dat
2020-01-19 05:55:50.099876 [NOTICE] [Context.cc:311] Downloading 1 item(s)
2020-01-19 05:55:59.153819 [NOTICE] [RequestGroup.cc:1216] Download complete: /dev/shm/dir_4208/tmp/subdir_6/out.dat
2020-01-19 05:55:59.517643 [NOTICE] [Context.cc:311] Downloading 1 item(s)
2020-01-19 05:56:08.805844 [NOTICE] [RequestGroup.cc:1216] Download complete: /dev/shm/dir_4208/tmp/subdir_6/out.dat
2020-01-19 05:56:09.274766 [NOTICE] [Context.cc:311] Downloading 1 item(s)
2020-01-19 05:56:17.515384 [NOTICE] [RequestGroup.cc:1216] Download complete: /dev/shm/dir_4208/tmp/subdir_6/out.dat
2020-01-19 05:56:17.876726 [NOTICE] [Context.cc:311] Downloading 1 item(s)
2020-01-19 05:56:25.655998 [NOTICE] [RequestGroup.cc:1216] Download complete: /dev/shm/dir_4208/tmp/subdir_6/out.dat
2020-01-19 05:56:26.092331 [NOTICE] [Context.cc:311] Downloading 1 item(s)
2020-01-19 05:56:33.524192 [NOTICE] [RequestGroup.cc:1216] Download complete: /dev/shm/dir_4208/tmp/subdir_6/out.dat
2020-01-19 05:56:33.940766 [NOTICE] [Context.cc:311] Downloading 1 item(s)
2020-01-19 05:56:41.408131 [NOTICE] [RequestGroup.cc:1216] Download complete: /dev/shm/dir_4208/tmp/subdir_6/out.dat
2020-01-19 05:55:50.100008 [NOTICE] [Context.cc:311] Downloading 1 item(s)
2020-01-19 05:55:58.498493 [NOTICE] [RequestGroup.cc:1216] Download complete: /dev/shm/dir_4208/tmp/subdir_7/out.dat
2020-01-19 05:55:58.927090 [NOTICE] [Context.cc:311] Downloading 1 item(s)
2020-01-19 05:56:07.758087 [NOTICE] [RequestGroup.cc:1216] Download complete: /dev/shm/dir_4208/tmp/subdir_7/out.dat
2020-01-19 05:56:08.191175 [NOTICE] [Context.cc:311] Downloading 1 item(s)
2020-01-19 05:56:16.346105 [NOTICE] [RequestGroup.cc:1216] Download complete: /dev/shm/dir_4208/tmp/subdir_7/out.dat
2020-01-19 05:56:17.010647 [NOTICE] [Context.cc:311] Downloading 1 item(s)
2020-01-19 05:56:25.780954 [NOTICE] [RequestGroup.cc:1216] Download complete: /dev/shm/dir_4208/tmp/subdir_7/out.dat
2020-01-19 05:56:26.274641 [NOTICE] [Context.cc:311] Downloading 1 item(s)
2020-01-19 05:56:33.780435 [NOTICE] [RequestGroup.cc:1216] Download complete: /dev/shm/dir_4208/tmp/subdir_7/out.dat
2020-01-19 05:56:34.249303 [NOTICE] [Context.cc:311] Downloading 1 item(s)
2020-01-19 05:56:41.920387 [NOTICE] [RequestGroup.cc:1216] Download complete: /dev/shm/dir_4208/tmp/subdir_7/out.dat
2020-01-19 05:55:50.100512 [NOTICE] [Context.cc:311] Downloading 1 item(s)
2020-01-19 05:55:58.579591 [NOTICE] [RequestGroup.cc:1216] Download complete: /dev/shm/dir_4208/tmp/subdir_8/out.dat
2020-01-19 05:55:59.056073 [NOTICE] [Context.cc:311] Downloading 1 item(s)
2020-01-19 05:56:07.950416 [NOTICE] [RequestGroup.cc:1216] Download complete: /dev/shm/dir_4208/tmp/subdir_8/out.dat
2020-01-19 05:56:08.553333 [NOTICE] [Context.cc:311] Downloading 1 item(s)
2020-01-19 05:56:16.272876 [NOTICE] [RequestGroup.cc:1216] Download complete: /dev/shm/dir_4208/tmp/subdir_8/out.dat
2020-01-19 05:56:16.753828 [NOTICE] [Context.cc:311] Downloading 1 item(s)
2020-01-19 05:56:25.019173 [NOTICE] [RequestGroup.cc:1216] Download complete: /dev/shm/dir_4208/tmp/subdir_8/out.dat
2020-01-19 05:56:25.548355 [NOTICE] [Context.cc:311] Downloading 1 item(s)
2020-01-19 05:56:34.071228 [NOTICE] [RequestGroup.cc:1216] Download complete: /dev/shm/dir_4208/tmp/subdir_8/out.dat
2020-01-19 05:56:34.472546 [NOTICE] [Context.cc:311] Downloading 1 item(s)
2020-01-19 05:56:41.748972 [NOTICE] [RequestGroup.cc:1216] Download complete: /dev/shm/dir_4208/tmp/subdir_8/out.dat
2020-01-19 05:55:50.101322 [NOTICE] [Context.cc:311] Downloading 1 item(s)
2020-01-19 05:55:58.932777 [NOTICE] [RequestGroup.cc:1216] Download complete: /dev/shm/dir_4208/tmp/subdir_9/out.dat
2020-01-19 05:55:59.408183 [NOTICE] [Context.cc:311] Downloading 1 item(s)
2020-01-19 05:56:07.843284 [NOTICE] [RequestGroup.cc:1216] Download complete: /dev/shm/dir_4208/tmp/subdir_9/out.dat
2020-01-19 05:56:08.488097 [NOTICE] [Context.cc:311] Downloading 1 item(s)
2020-01-19 05:56:16.644732 [NOTICE] [RequestGroup.cc:1216] Download complete: /dev/shm/dir_4208/tmp/subdir_9/out.dat
2020-01-19 05:56:17.100131 [NOTICE] [Context.cc:311] Downloading 1 item(s)
2020-01-19 05:56:24.981078 [NOTICE] [RequestGroup.cc:1216] Download complete: /dev/shm/dir_4208/tmp/subdir_9/out.dat
2020-01-19 05:56:25.326857 [NOTICE] [Context.cc:311] Downloading 1 item(s)
2020-01-19 05:56:33.173470 [NOTICE] [RequestGroup.cc:1216] Download complete: /dev/shm/dir_4208/tmp/subdir_9/out.dat
2020-01-19 05:56:33.464451 [NOTICE] [Context.cc:311] Downloading 1 item(s)
2020-01-19 05:56:41.538652 [NOTICE] [RequestGroup.cc:1216] Download complete: /dev/shm/dir_4208/tmp/subdir_9/out.dat
2020-01-19 05:55:50.117115 [NOTICE] [Context.cc:311] Downloading 1 item(s)
2020-01-19 05:55:57.984844 [NOTICE] [RequestGroup.cc:1216] Download complete: /dev/shm/dir_4208/tmp/subdir_10/out.dat
2020-01-19 05:55:58.422826 [NOTICE] [Context.cc:311] Downloading 1 item(s)
2020-01-19 05:56:07.980387 [NOTICE] [RequestGroup.cc:1216] Download complete: /dev/shm/dir_4208/tmp/subdir_10/out.dat
2020-01-19 05:56:08.591918 [NOTICE] [Context.cc:311] Downloading 1 item(s)
2020-01-19 05:56:16.635510 [NOTICE] [RequestGroup.cc:1216] Download complete: /dev/shm/dir_4208/tmp/subdir_10/out.dat
2020-01-19 05:56:17.057836 [NOTICE] [Context.cc:311] Downloading 1 item(s)
2020-01-19 05:56:25.380223 [NOTICE] [RequestGroup.cc:1216] Download complete: /dev/shm/dir_4208/tmp/subdir_10/out.dat
2020-01-19 05:56:25.768529 [NOTICE] [Context.cc:311] Downloading 1 item(s)
2020-01-19 05:56:33.625561 [NOTICE] [RequestGroup.cc:1216] Download complete: /dev/shm/dir_4208/tmp/subdir_10/out.dat
2020-01-19 05:56:34.086442 [NOTICE] [Context.cc:311] Downloading 1 item(s)
2020-01-19 05:56:42.821617 [NOTICE] [RequestGroup.cc:1216] Download complete: /dev/shm/dir_4208/tmp/subdir_10/out.dat
2020-01-19 05:55:50.102705 [NOTICE] [Context.cc:311] Downloading 1 item(s)
2020-01-19 05:55:59.475167 [NOTICE] [RequestGroup.cc:1216] Download complete: /dev/shm/dir_4208/tmp/subdir_11/out.dat
2020-01-19 05:55:59.973722 [NOTICE] [Context.cc:311] Downloading 1 item(s)
2020-01-19 05:56:08.176229 [NOTICE] [RequestGroup.cc:1216] Download complete: /dev/shm/dir_4208/tmp/subdir_11/out.dat
2020-01-19 05:56:08.700606 [NOTICE] [Context.cc:311] Downloading 1 item(s)
2020-01-19 05:56:16.441645 [NOTICE] [RequestGroup.cc:1216] Download complete: /dev/shm/dir_4208/tmp/subdir_11/out.dat
2020-01-19 05:56:17.046048 [NOTICE] [Context.cc:311] Downloading 1 item(s)
2020-01-19 05:56:24.874617 [NOTICE] [RequestGroup.cc:1216] Download complete: /dev/shm/dir_4208/tmp/subdir_11/out.dat
2020-01-19 05:56:25.202917 [NOTICE] [Context.cc:311] Downloading 1 item(s)
2020-01-19 05:56:33.699020 [NOTICE] [RequestGroup.cc:1216] Download complete: /dev/shm/dir_4208/tmp/subdir_11/out.dat
2020-01-19 05:56:34.157827 [NOTICE] [Context.cc:311] Downloading 1 item(s)
2020-01-19 05:56:42.377115 [NOTICE] [RequestGroup.cc:1216] Download complete: /dev/shm/dir_4208/tmp/subdir_11/out.dat
2020-01-19 05:55:50.112572 [NOTICE] [Context.cc:311] Downloading 1 item(s)
2020-01-19 05:55:58.487779 [NOTICE] [RequestGroup.cc:1216] Download complete: /dev/shm/dir_4208/tmp/subdir_12/out.dat
2020-01-19 05:55:59.114285 [NOTICE] [Context.cc:311] Downloading 1 item(s)
2020-01-19 05:56:08.577259 [NOTICE] [RequestGroup.cc:1216] Download complete: /dev/shm/dir_4208/tmp/subdir_12/out.dat
2020-01-19 05:56:08.900369 [NOTICE] [Context.cc:311] Downloading 1 item(s)
2020-01-19 05:56:17.351991 [NOTICE] [RequestGroup.cc:1216] Download complete: /dev/shm/dir_4208/tmp/subdir_12/out.dat
2020-01-19 05:56:17.786295 [NOTICE] [Context.cc:311] Downloading 1 item(s)
2020-01-19 05:56:26.083961 [NOTICE] [RequestGroup.cc:1216] Download complete: /dev/shm/dir_4208/tmp/subdir_12/out.dat
2020-01-19 05:56:26.487799 [NOTICE] [Context.cc:311] Downloading 1 item(s)
2020-01-19 05:56:33.728513 [NOTICE] [RequestGroup.cc:1216] Download complete: /dev/shm/dir_4208/tmp/subdir_12/out.dat
2020-01-19 05:56:34.089486 [NOTICE] [Context.cc:311] Downloading 1 item(s)
2020-01-19 05:56:41.742102 [NOTICE] [RequestGroup.cc:1216] Download complete: /dev/shm/dir_4208/tmp/subdir_12/out.dat
2020-01-19 05:55:50.101387 [NOTICE] [Context.cc:311] Downloading 1 item(s)
2020-01-19 05:55:59.503979 [NOTICE] [RequestGroup.cc:1216] Download complete: /dev/shm/dir_4208/tmp/subdir_13/out.dat
2020-01-19 05:56:00.121248 [NOTICE] [Context.cc:311] Downloading 1 item(s)
2020-01-19 05:56:07.827163 [NOTICE] [RequestGroup.cc:1216] Download complete: /dev/shm/dir_4208/tmp/subdir_13/out.dat
2020-01-19 05:56:08.404245 [NOTICE] [Context.cc:311] Downloading 1 item(s)
2020-01-19 05:56:17.479723 [NOTICE] [RequestGroup.cc:1216] Download complete: /dev/shm/dir_4208/tmp/subdir_13/out.dat
2020-01-19 05:56:17.986469 [NOTICE] [Context.cc:311] Downloading 1 item(s)
2020-01-19 05:56:26.031576 [NOTICE] [RequestGroup.cc:1216] Download complete: /dev/shm/dir_4208/tmp/subdir_13/out.dat
2020-01-19 05:56:26.471834 [NOTICE] [Context.cc:311] Downloading 1 item(s)
2020-01-19 05:56:35.162118 [NOTICE] [RequestGroup.cc:1216] Download complete: /dev/shm/dir_4208/tmp/subdir_13/out.dat
2020-01-19 05:56:35.470144 [NOTICE] [Context.cc:311] Downloading 1 item(s)
2020-01-19 05:56:42.222743 [NOTICE] [RequestGroup.cc:1216] Download complete: /dev/shm/dir_4208/tmp/subdir_13/out.dat
2020-01-19 05:55:50.125316 [NOTICE] [Context.cc:311] Downloading 1 item(s)
2020-01-19 05:55:59.262475 [NOTICE] [RequestGroup.cc:1216] Download complete: /dev/shm/dir_4208/tmp/subdir_14/out.dat
2020-01-19 05:55:59.700248 [NOTICE] [Context.cc:311] Downloading 1 item(s)
2020-01-19 05:56:07.867473 [NOTICE] [RequestGroup.cc:1216] Download complete: /dev/shm/dir_4208/tmp/subdir_14/out.dat
2020-01-19 05:56:08.520318 [NOTICE] [Context.cc:311] Downloading 1 item(s)
2020-01-19 05:56:16.324711 [NOTICE] [RequestGroup.cc:1216] Download complete: /dev/shm/dir_4208/tmp/subdir_14/out.dat
2020-01-19 05:56:16.762244 [NOTICE] [Context.cc:311] Downloading 1 item(s)
2020-01-19 05:56:24.921147 [NOTICE] [RequestGroup.cc:1216] Download complete: /dev/shm/dir_4208/tmp/subdir_14/out.dat
2020-01-19 05:56:25.263501 [NOTICE] [Context.cc:311] Downloading 1 item(s)
2020-01-19 05:56:32.732539 [NOTICE] [RequestGroup.cc:1216] Download complete: /dev/shm/dir_4208/tmp/subdir_14/out.dat
2020-01-19 05:56:33.026701 [NOTICE] [Context.cc:311] Downloading 1 item(s)
2020-01-19 05:56:41.772513 [NOTICE] [RequestGroup.cc:1216] Download complete: /dev/shm/dir_4208/tmp/subdir_14/out.dat
2020-01-19 05:55:50.120975 [NOTICE] [Context.cc:311] Downloading 1 item(s)
2020-01-19 05:55:58.441729 [NOTICE] [RequestGroup.cc:1216] Download complete: /dev/shm/dir_4208/tmp/subdir_15/out.dat
2020-01-19 05:55:58.915213 [NOTICE] [Context.cc:311] Downloading 1 item(s)
2020-01-19 05:56:07.888822 [NOTICE] [RequestGroup.cc:1216] Download complete: /dev/shm/dir_4208/tmp/subdir_15/out.dat
2020-01-19 05:56:08.597654 [NOTICE] [Context.cc:311] Downloading 1 item(s)
2020-01-19 05:56:16.550033 [NOTICE] [RequestGroup.cc:1216] Download complete: /dev/shm/dir_4208/tmp/subdir_15/out.dat
2020-01-19 05:56:17.056537 [NOTICE] [Context.cc:311] Downloading 1 item(s)
2020-01-19 05:56:25.313282 [NOTICE] [RequestGroup.cc:1216] Download complete: /dev/shm/dir_4208/tmp/subdir_15/out.dat
2020-01-19 05:56:25.736694 [NOTICE] [Context.cc:311] Downloading 1 item(s)
2020-01-19 05:56:33.571156 [NOTICE] [RequestGroup.cc:1216] Download complete: /dev/shm/dir_4208/tmp/subdir_15/out.dat
2020-01-19 05:56:33.955180 [NOTICE] [Context.cc:311] Downloading 1 item(s)
2020-01-19 05:56:41.782616 [NOTICE] [RequestGroup.cc:1216] Download complete: /dev/shm/dir_4208/tmp/subdir_15/out.dat
2020-01-19 05:55:50.102735 [NOTICE] [Context.cc:311] Downloading 1 item(s)
2020-01-19 05:55:59.414176 [NOTICE] [RequestGroup.cc:1216] Download complete: /dev/shm/dir_4208/tmp/subdir_16/out.dat
2020-01-19 05:55:59.949837 [NOTICE] [Context.cc:311] Downloading 1 item(s)
2020-01-19 05:56:07.867841 [NOTICE] [RequestGroup.cc:1216] Download complete: /dev/shm/dir_4208/tmp/subdir_16/out.dat
2020-01-19 05:56:08.435126 [NOTICE] [Context.cc:311] Downloading 1 item(s)
2020-01-19 05:56:16.398048 [NOTICE] [RequestGroup.cc:1216] Download complete: /dev/shm/dir_4208/tmp/subdir_16/out.dat
2020-01-19 05:56:16.963185 [NOTICE] [Context.cc:311] Downloading 1 item(s)
2020-01-19 05:56:25.544129 [NOTICE] [RequestGroup.cc:1216] Download complete: /dev/shm/dir_4208/tmp/subdir_16/out.dat
2020-01-19 05:56:25.869626 [NOTICE] [Context.cc:311] Downloading 1 item(s)
2020-01-19 05:56:34.302237 [NOTICE] [RequestGroup.cc:1216] Download complete: /dev/shm/dir_4208/tmp/subdir_16/out.dat
2020-01-19 05:56:34.704034 [NOTICE] [Context.cc:311] Downloading 1 item(s)
2020-01-19 05:56:42.206157 [NOTICE] [RequestGroup.cc:1216] Download complete: /dev/shm/dir_4208/tmp/subdir_16/out.dat
2020-01-19 05:55:50.103898 [NOTICE] [Context.cc:311] Downloading 1 item(s)
2020-01-19 05:55:59.397820 [NOTICE] [RequestGroup.cc:1216] Download complete: /dev/shm/dir_4208/tmp/subdir_17/out.dat
2020-01-19 05:56:00.065733 [NOTICE] [Context.cc:311] Downloading 1 item(s)
2020-01-19 05:56:08.559808 [NOTICE] [RequestGroup.cc:1216] Download complete: /dev/shm/dir_4208/tmp/subdir_17/out.dat
2020-01-19 05:56:08.868666 [NOTICE] [Context.cc:311] Downloading 1 item(s)
2020-01-19 05:56:16.727234 [NOTICE] [RequestGroup.cc:1216] Download complete: /dev/shm/dir_4208/tmp/subdir_17/out.dat
2020-01-19 05:56:17.133012 [NOTICE] [Context.cc:311] Downloading 1 item(s)
2020-01-19 05:56:25.432668 [NOTICE] [RequestGroup.cc:1216] Download complete: /dev/shm/dir_4208/tmp/subdir_17/out.dat
2020-01-19 05:56:25.769086 [NOTICE] [Context.cc:311] Downloading 1 item(s)
2020-01-19 05:56:35.223554 [NOTICE] [RequestGroup.cc:1216] Download complete: /dev/shm/dir_4208/tmp/subdir_17/out.dat
2020-01-19 05:56:35.627420 [NOTICE] [Context.cc:311] Downloading 1 item(s)
2020-01-19 05:56:42.538195 [NOTICE] [RequestGroup.cc:1216] Download complete: /dev/shm/dir_4208/tmp/subdir_17/out.dat
2020-01-19 05:55:50.126183 [NOTICE] [Context.cc:311] Downloading 1 item(s)
2020-01-19 05:55:58.512831 [NOTICE] [RequestGroup.cc:1216] Download complete: /dev/shm/dir_4208/tmp/subdir_18/out.dat
2020-01-19 05:55:59.080331 [NOTICE] [Context.cc:311] Downloading 1 item(s)
2020-01-19 05:56:08.028404 [NOTICE] [RequestGroup.cc:1216] Download complete: /dev/shm/dir_4208/tmp/subdir_18/out.dat
2020-01-19 05:56:08.598922 [NOTICE] [Context.cc:311] Downloading 1 item(s)
2020-01-19 05:56:16.600569 [NOTICE] [RequestGroup.cc:1216] Download complete: /dev/shm/dir_4208/tmp/subdir_18/out.dat
2020-01-19 05:56:17.170153 [NOTICE] [Context.cc:311] Downloading 1 item(s)
2020-01-19 05:56:25.178624 [NOTICE] [RequestGroup.cc:1216] Download complete: /dev/shm/dir_4208/tmp/subdir_18/out.dat
2020-01-19 05:56:25.633125 [NOTICE] [Context.cc:311] Downloading 1 item(s)
2020-01-19 05:56:34.269017 [NOTICE] [RequestGroup.cc:1216] Download complete: /dev/shm/dir_4208/tmp/subdir_18/out.dat
2020-01-19 05:56:34.591323 [NOTICE] [Context.cc:311] Downloading 1 item(s)
2020-01-19 05:56:42.498489 [NOTICE] [RequestGroup.cc:1216] Download complete: /dev/shm/dir_4208/tmp/subdir_18/out.dat
2020-01-19 05:55:50.103366 [NOTICE] [Context.cc:311] Downloading 1 item(s)
2020-01-19 05:55:59.486497 [NOTICE] [RequestGroup.cc:1216] Download complete: /dev/shm/dir_4208/tmp/subdir_19/out.dat
2020-01-19 05:56:00.105900 [NOTICE] [Context.cc:311] Downloading 1 item(s)
2020-01-19 05:56:07.872754 [NOTICE] [RequestGroup.cc:1216] Download complete: /dev/shm/dir_4208/tmp/subdir_19/out.dat
2020-01-19 05:56:08.254028 [NOTICE] [Context.cc:311] Downloading 1 item(s)
2020-01-19 05:56:16.219691 [NOTICE] [RequestGroup.cc:1216] Download complete: /dev/shm/dir_4208/tmp/subdir_19/out.dat
2020-01-19 05:56:16.729986 [NOTICE] [Context.cc:311] Downloading 1 item(s)
2020-01-19 05:56:24.757832 [NOTICE] [RequestGroup.cc:1216] Download complete: /dev/shm/dir_4208/tmp/subdir_19/out.dat
2020-01-19 05:56:25.052849 [NOTICE] [Context.cc:311] Downloading 1 item(s)
2020-01-19 05:56:32.208457 [NOTICE] [RequestGroup.cc:1216] Download complete: /dev/shm/dir_4208/tmp/subdir_19/out.dat
2020-01-19 05:56:32.508571 [NOTICE] [Context.cc:311] Downloading 1 item(s)
2020-01-19 05:56:41.943993 [NOTICE] [RequestGroup.cc:1216] Download complete: /dev/shm/dir_4208/tmp/subdir_19/out.dat
2020-01-19 05:55:50.104180 [NOTICE] [Context.cc:311] Downloading 1 item(s)
2020-01-19 05:55:58.661868 [NOTICE] [RequestGroup.cc:1216] Download complete: /dev/shm/dir_4208/tmp/subdir_20/out.dat
2020-01-19 05:55:59.178069 [NOTICE] [Context.cc:311] Downloading 1 item(s)
2020-01-19 05:56:07.884901 [NOTICE] [RequestGroup.cc:1216] Download complete: /dev/shm/dir_4208/tmp/subdir_20/out.dat
2020-01-19 05:56:08.445562 [NOTICE] [Context.cc:311] Downloading 1 item(s)
2020-01-19 05:56:16.504066 [NOTICE] [RequestGroup.cc:1216] Download complete: /dev/shm/dir_4208/tmp/subdir_20/out.dat
2020-01-19 05:56:17.108194 [NOTICE] [Context.cc:311] Downloading 1 item(s)
2020-01-19 05:56:25.143277 [NOTICE] [RequestGroup.cc:1216] Download complete: /dev/shm/dir_4208/tmp/subdir_20/out.dat
2020-01-19 05:56:25.616096 [NOTICE] [Context.cc:311] Downloading 1 item(s)
2020-01-19 05:56:34.127584 [NOTICE] [RequestGroup.cc:1216] Download complete: /dev/shm/dir_4208/tmp/subdir_20/out.dat
2020-01-19 05:56:34.467891 [NOTICE] [Context.cc:311] Downloading 1 item(s)
2020-01-19 05:56:42.172771 [NOTICE] [RequestGroup.cc:1216] Download complete: /dev/shm/dir_4208/tmp/subdir_20/out.dat
2020-01-19 05:55:50.104294 [NOTICE] [Context.cc:311] Downloading 1 item(s)
2020-01-19 05:55:58.631150 [NOTICE] [RequestGroup.cc:1216] Download complete: /dev/shm/dir_4208/tmp/subdir_21/out.dat
2020-01-19 05:55:59.152634 [NOTICE] [Context.cc:311] Downloading 1 item(s)
2020-01-19 05:56:08.069342 [NOTICE] [RequestGroup.cc:1216] Download complete: /dev/shm/dir_4208/tmp/subdir_21/out.dat
2020-01-19 05:56:08.657880 [NOTICE] [Context.cc:311] Downloading 1 item(s)
2020-01-19 05:56:16.608308 [NOTICE] [RequestGroup.cc:1216] Download complete: /dev/shm/dir_4208/tmp/subdir_21/out.dat
2020-01-19 05:56:17.153537 [NOTICE] [Context.cc:311] Downloading 1 item(s)
2020-01-19 05:56:25.088293 [NOTICE] [RequestGroup.cc:1216] Download complete: /dev/shm/dir_4208/tmp/subdir_21/out.dat
2020-01-19 05:56:25.679857 [NOTICE] [Context.cc:311] Downloading 1 item(s)
2020-01-19 05:56:33.687382 [NOTICE] [RequestGroup.cc:1216] Download complete: /dev/shm/dir_4208/tmp/subdir_21/out.dat
2020-01-19 05:56:34.276601 [NOTICE] [Context.cc:311] Downloading 1 item(s)
2020-01-19 05:56:41.269699 [NOTICE] [RequestGroup.cc:1216] Download complete: /dev/shm/dir_4208/tmp/subdir_21/out.dat
2020-01-19 05:55:50.129283 [NOTICE] [Context.cc:311] Downloading 1 item(s)
2020-01-19 05:55:59.446091 [NOTICE] [RequestGroup.cc:1216] Download complete: /dev/shm/dir_4208/tmp/subdir_22/out.dat
2020-01-19 05:55:59.899035 [NOTICE] [Context.cc:311] Downloading 1 item(s)
2020-01-19 05:56:08.754943 [NOTICE] [RequestGroup.cc:1216] Download complete: /dev/shm/dir_4208/tmp/subdir_22/out.dat
2020-01-19 05:56:09.175461 [NOTICE] [Context.cc:311] Downloading 1 item(s)
2020-01-19 05:56:17.375175 [NOTICE] [RequestGroup.cc:1216] Download complete: /dev/shm/dir_4208/tmp/subdir_22/out.dat
2020-01-19 05:56:17.964083 [NOTICE] [Context.cc:311] Downloading 1 item(s)
2020-01-19 05:56:25.725513 [NOTICE] [RequestGroup.cc:1216] Download complete: /dev/shm/dir_4208/tmp/subdir_22/out.dat
2020-01-19 05:56:26.095141 [NOTICE] [Context.cc:311] Downloading 1 item(s)
2020-01-19 05:56:34.358805 [NOTICE] [RequestGroup.cc:1216] Download complete: /dev/shm/dir_4208/tmp/subdir_22/out.dat
2020-01-19 05:56:34.693388 [NOTICE] [Context.cc:311] Downloading 1 item(s)
2020-01-19 05:56:42.208161 [NOTICE] [RequestGroup.cc:1216] Download complete: /dev/shm/dir_4208/tmp/subdir_22/out.dat
2020-01-19 05:55:50.131888 [NOTICE] [Context.cc:311] Downloading 1 item(s)
2020-01-19 05:55:58.915951 [NOTICE] [RequestGroup.cc:1216] Download complete: /dev/shm/dir_4208/tmp/subdir_23/out.dat
2020-01-19 05:55:59.425005 [NOTICE] [Context.cc:311] Downloading 1 item(s)
2020-01-19 05:56:07.662385 [NOTICE] [RequestGroup.cc:1216] Download complete: /dev/shm/dir_4208/tmp/subdir_23/out.dat
2020-01-19 05:56:07.898676 [NOTICE] [Context.cc:311] Downloading 1 item(s)
2020-01-19 05:56:17.139344 [NOTICE] [RequestGroup.cc:1216] Download complete: /dev/shm/dir_4208/tmp/subdir_23/out.dat
2020-01-19 05:56:17.465394 [NOTICE] [Context.cc:311] Downloading 1 item(s)
2020-01-19 05:56:25.215956 [NOTICE] [RequestGroup.cc:1216] Download complete: /dev/shm/dir_4208/tmp/subdir_23/out.dat
2020-01-19 05:56:25.615748 [NOTICE] [Context.cc:311] Downloading 1 item(s)
2020-01-19 05:56:33.693528 [NOTICE] [RequestGroup.cc:1216] Download complete: /dev/shm/dir_4208/tmp/subdir_23/out.dat
2020-01-19 05:56:34.195654 [NOTICE] [Context.cc:311] Downloading 1 item(s)
2020-01-19 05:56:41.896014 [NOTICE] [RequestGroup.cc:1216] Download complete: /dev/shm/dir_4208/tmp/subdir_23/out.dat
=========  End detailed log  =======
