INFO: CLOUD_REGION = "GCP-us-west1"
INFO: Server region gcpuscentral
INFO: Parallelism 24
INFO: URL https://storage.googleapis.com/tnrp-test-us-central1/test/data/1G.dat
========== Warmup
Tue Jan 21 23:36:13 UTC 2020
RC: 0
elapsed: 5
Tue Jan 21 23:36:18 UTC 2020
-rw-r--r-- 1 nobody nobody 1000000000 Jan 21 23:36 out.dat
c287bac9a4b3e8e4e08ce5d11da34020  out.dat
MiBps: 200
Tue Jan 21 23:36:20 UTC 2020
========== Single curl
Tue Jan 21 23:36:20 UTC 2020
RC: 0
elapsed: 4
Tue Jan 21 23:36:24 UTC 2020
-rw-r--r-- 1 nobody nobody 1000000000 Jan 21 23:36 out.dat
c287bac9a4b3e8e4e08ce5d11da34020  out.dat
MiBps: 250
Tue Jan 21 23:36:26 UTC 2020
========== Single aria2c
Tue Jan 21 23:36:26 UTC 2020
RC: 0
elaped: 3
-rw-r--r-- 1 nobody nobody 1000000000 Jan 21 23:36 out.dat
c287bac9a4b3e8e4e08ce5d11da34020  out.dat
MiBps: 333
Tue Jan 21 23:36:32 UTC 2020
========== Multiple aria2c: 24
Tue Jan 21 23:36:32 UTC 2020
RC: 0
RC: 0
RC: 0
RC: 0
RC: 0
RC: 0
RC: 0
RC: 0
RC: 0
RC: 0
RC: 0
RC: 0
RC: 0
RC: 0
RC: 0
RC: 0
RC: 0
RC: 0
RC: 0
RC: 0
RC: 0
RC: 0
RC: 0
RC: 0
RC: 0
RC: 0
RC: 0
RC: 0
RC: 0
RC: 0
RC: 0
RC: 0
RC: 0
RC: 0
RC: 0
RC: 0
RC: 0
RC: 0
RC: 0
RC: 0
RC: 0
RC: 0
RC: 0
RC: 0
RC: 0
RC: 0
RC: 0
RC: 0
RC: 0
RC: 0
RC: 0
RC: 0
RC: 0
RC: 0
RC: 0
RC: 0
RC: 0
RC: 0
RC: 0
RC: 0
RC: 0
RC: 0
RC: 0
RC: 0
RC: 0
RC: 0
RC: 0
RC: 0
RC: 0
RC: 0
RC: 0
RC: 0
RC: 0
RC: 0
RC: 0
RC: 0
RC: 0
RC: 0
RC: 0
RC: 0
RC: 0
RC: 0
RC: 0
RC: 0
RC: 0
RC: 0
RC: 0
RC: 0
RC: 0
RC: 0
RC: 0
RC: 0
RC: 0
RC: 0
RC: 0
RC: 0
RC: 0
RC: 0
RC: 0
RC: 0
RC: 0
RC: 0
RC: 0
RC: 0
RC: 0
RC: 0
RC: 0
RC: 0
RC: 0
RC: 0
RC: 0
RC: 0
RC: 0
RC: 0
RC: 0
RC: 0
RC: 0
RC: 0
RC: 0
RC: 0
RC: 0
RC: 0
RC: 0
RC: 0
RC: 0
RC: 0
RC: 0
RC: 0
RC: 0
RC: 0
RC: 0
RC: 0
RC: 0
RC: 0
RC: 0
RC: 0
RC: 0
RC: 0
RC: 0
RC: 0
RC: 0
RC: 0
RC: 0
RC: 0
elaped: 79
MiBps: 1822
Tue Jan 21 23:37:51 UTC 2020
========= Start detailed log =======
2020-01-21 23:36:32.160363 [NOTICE] [Context.cc:311] Downloading 1 item(s)
2020-01-21 23:36:53.932339 [NOTICE] [RequestGroup.cc:1216] Download complete: /dev/shm/dir_5414/tmp/subdir_0/out.dat
2020-01-21 23:36:54.077111 [NOTICE] [Context.cc:311] Downloading 1 item(s)
2020-01-21 23:37:02.323291 [NOTICE] [RequestGroup.cc:1216] Download complete: /dev/shm/dir_5414/tmp/subdir_0/out.dat
2020-01-21 23:37:02.490414 [NOTICE] [Context.cc:311] Downloading 1 item(s)
2020-01-21 23:37:11.721670 [NOTICE] [RequestGroup.cc:1216] Download complete: /dev/shm/dir_5414/tmp/subdir_0/out.dat
2020-01-21 23:37:11.914362 [NOTICE] [Context.cc:311] Downloading 1 item(s)
2020-01-21 23:37:21.307604 [NOTICE] [RequestGroup.cc:1216] Download complete: /dev/shm/dir_5414/tmp/subdir_0/out.dat
2020-01-21 23:37:21.549732 [NOTICE] [Context.cc:311] Downloading 1 item(s)
2020-01-21 23:37:30.148744 [NOTICE] [RequestGroup.cc:1216] Download complete: /dev/shm/dir_5414/tmp/subdir_0/out.dat
2020-01-21 23:37:30.282713 [NOTICE] [Context.cc:311] Downloading 1 item(s)
2020-01-21 23:37:38.850750 [NOTICE] [RequestGroup.cc:1216] Download complete: /dev/shm/dir_5414/tmp/subdir_0/out.dat
2020-01-21 23:36:32.159998 [NOTICE] [Context.cc:311] Downloading 1 item(s)
2020-01-21 23:36:45.034815 [NOTICE] [RequestGroup.cc:1216] Download complete: /dev/shm/dir_5414/tmp/subdir_1/out.dat
2020-01-21 23:36:45.198521 [NOTICE] [Context.cc:311] Downloading 1 item(s)
2020-01-21 23:37:07.241264 [NOTICE] [RequestGroup.cc:1216] Download complete: /dev/shm/dir_5414/tmp/subdir_1/out.dat
2020-01-21 23:37:07.368031 [NOTICE] [Context.cc:311] Downloading 1 item(s)
2020-01-21 23:37:21.280604 [NOTICE] [RequestGroup.cc:1216] Download complete: /dev/shm/dir_5414/tmp/subdir_1/out.dat
2020-01-21 23:37:21.517626 [NOTICE] [Context.cc:311] Downloading 1 item(s)
2020-01-21 23:37:35.208738 [NOTICE] [RequestGroup.cc:1216] Download complete: /dev/shm/dir_5414/tmp/subdir_1/out.dat
2020-01-21 23:37:35.369856 [NOTICE] [Context.cc:311] Downloading 1 item(s)
2020-01-21 23:37:45.397793 [NOTICE] [RequestGroup.cc:1216] Download complete: /dev/shm/dir_5414/tmp/subdir_1/out.dat
2020-01-21 23:37:45.554725 [NOTICE] [Context.cc:311] Downloading 1 item(s)
2020-01-21 23:37:49.379930 [NOTICE] [RequestGroup.cc:1216] Download complete: /dev/shm/dir_5414/tmp/subdir_1/out.dat
2020-01-21 23:36:32.161654 [NOTICE] [Context.cc:311] Downloading 1 item(s)
2020-01-21 23:36:46.168311 [NOTICE] [RequestGroup.cc:1216] Download complete: /dev/shm/dir_5414/tmp/subdir_2/out.dat
2020-01-21 23:36:46.324188 [NOTICE] [Context.cc:311] Downloading 1 item(s)
2020-01-21 23:37:00.564311 [NOTICE] [RequestGroup.cc:1216] Download complete: /dev/shm/dir_5414/tmp/subdir_2/out.dat
2020-01-21 23:37:00.690206 [NOTICE] [Context.cc:311] Downloading 1 item(s)
2020-01-21 23:37:16.562753 [NOTICE] [RequestGroup.cc:1216] Download complete: /dev/shm/dir_5414/tmp/subdir_2/out.dat
2020-01-21 23:37:16.740920 [NOTICE] [Context.cc:311] Downloading 1 item(s)
2020-01-21 23:37:26.493039 [NOTICE] [RequestGroup.cc:1216] Download complete: /dev/shm/dir_5414/tmp/subdir_2/out.dat
2020-01-21 23:37:26.617308 [NOTICE] [Context.cc:311] Downloading 1 item(s)
2020-01-21 23:37:37.029263 [NOTICE] [RequestGroup.cc:1216] Download complete: /dev/shm/dir_5414/tmp/subdir_2/out.dat
2020-01-21 23:37:37.175025 [NOTICE] [Context.cc:311] Downloading 1 item(s)
2020-01-21 23:37:46.688934 [NOTICE] [RequestGroup.cc:1216] Download complete: /dev/shm/dir_5414/tmp/subdir_2/out.dat
2020-01-21 23:36:32.162059 [NOTICE] [Context.cc:311] Downloading 1 item(s)
2020-01-21 23:36:43.718102 [NOTICE] [RequestGroup.cc:1216] Download complete: /dev/shm/dir_5414/tmp/subdir_3/out.dat
2020-01-21 23:36:43.891476 [NOTICE] [Context.cc:311] Downloading 1 item(s)
2020-01-21 23:36:54.777431 [NOTICE] [RequestGroup.cc:1216] Download complete: /dev/shm/dir_5414/tmp/subdir_3/out.dat
2020-01-21 23:36:54.905609 [NOTICE] [Context.cc:311] Downloading 1 item(s)
2020-01-21 23:37:07.580480 [NOTICE] [RequestGroup.cc:1216] Download complete: /dev/shm/dir_5414/tmp/subdir_3/out.dat
2020-01-21 23:37:07.720232 [NOTICE] [Context.cc:311] Downloading 1 item(s)
2020-01-21 23:37:22.174525 [NOTICE] [RequestGroup.cc:1216] Download complete: /dev/shm/dir_5414/tmp/subdir_3/out.dat
2020-01-21 23:37:22.346388 [NOTICE] [Context.cc:311] Downloading 1 item(s)
2020-01-21 23:37:35.062089 [NOTICE] [RequestGroup.cc:1216] Download complete: /dev/shm/dir_5414/tmp/subdir_3/out.dat
2020-01-21 23:37:35.269838 [NOTICE] [Context.cc:311] Downloading 1 item(s)
2020-01-21 23:37:44.394767 [NOTICE] [RequestGroup.cc:1216] Download complete: /dev/shm/dir_5414/tmp/subdir_3/out.dat
2020-01-21 23:36:32.161346 [NOTICE] [Context.cc:311] Downloading 1 item(s)
2020-01-21 23:36:53.096907 [NOTICE] [RequestGroup.cc:1216] Download complete: /dev/shm/dir_5414/tmp/subdir_4/out.dat
2020-01-21 23:36:53.231864 [NOTICE] [Context.cc:311] Downloading 1 item(s)
2020-01-21 23:37:00.694432 [NOTICE] [RequestGroup.cc:1216] Download complete: /dev/shm/dir_5414/tmp/subdir_4/out.dat
2020-01-21 23:37:00.868876 [NOTICE] [Context.cc:311] Downloading 1 item(s)
2020-01-21 23:37:10.410165 [NOTICE] [RequestGroup.cc:1216] Download complete: /dev/shm/dir_5414/tmp/subdir_4/out.dat
2020-01-21 23:37:10.550123 [NOTICE] [Context.cc:311] Downloading 1 item(s)
2020-01-21 23:37:22.248766 [NOTICE] [RequestGroup.cc:1216] Download complete: /dev/shm/dir_5414/tmp/subdir_4/out.dat
2020-01-21 23:37:22.415364 [NOTICE] [Context.cc:311] Downloading 1 item(s)
2020-01-21 23:37:36.909895 [NOTICE] [RequestGroup.cc:1216] Download complete: /dev/shm/dir_5414/tmp/subdir_4/out.dat
2020-01-21 23:37:37.052031 [NOTICE] [Context.cc:311] Downloading 1 item(s)
2020-01-21 23:37:46.684399 [NOTICE] [RequestGroup.cc:1216] Download complete: /dev/shm/dir_5414/tmp/subdir_4/out.dat
2020-01-21 23:36:32.161357 [NOTICE] [Context.cc:311] Downloading 1 item(s)
2020-01-21 23:36:55.805414 [NOTICE] [RequestGroup.cc:1216] Download complete: /dev/shm/dir_5414/tmp/subdir_5/out.dat
2020-01-21 23:36:55.930229 [NOTICE] [Context.cc:311] Downloading 1 item(s)
2020-01-21 23:37:09.022651 [NOTICE] [RequestGroup.cc:1216] Download complete: /dev/shm/dir_5414/tmp/subdir_5/out.dat
2020-01-21 23:37:09.186999 [NOTICE] [Context.cc:311] Downloading 1 item(s)
2020-01-21 23:37:22.003888 [NOTICE] [RequestGroup.cc:1216] Download complete: /dev/shm/dir_5414/tmp/subdir_5/out.dat
2020-01-21 23:37:22.163668 [NOTICE] [Context.cc:311] Downloading 1 item(s)
2020-01-21 23:37:35.600625 [NOTICE] [RequestGroup.cc:1216] Download complete: /dev/shm/dir_5414/tmp/subdir_5/out.dat
2020-01-21 23:37:35.777328 [NOTICE] [Context.cc:311] Downloading 1 item(s)
2020-01-21 23:37:47.162922 [NOTICE] [RequestGroup.cc:1216] Download complete: /dev/shm/dir_5414/tmp/subdir_5/out.dat
2020-01-21 23:37:47.293631 [NOTICE] [Context.cc:311] Downloading 1 item(s)
2020-01-21 23:37:50.737365 [NOTICE] [RequestGroup.cc:1216] Download complete: /dev/shm/dir_5414/tmp/subdir_5/out.dat
2020-01-21 23:36:32.162725 [NOTICE] [Context.cc:311] Downloading 1 item(s)
2020-01-21 23:36:58.136278 [NOTICE] [RequestGroup.cc:1216] Download complete: /dev/shm/dir_5414/tmp/subdir_6/out.dat
2020-01-21 23:36:58.292831 [NOTICE] [Context.cc:311] Downloading 1 item(s)
2020-01-21 23:37:09.869449 [NOTICE] [RequestGroup.cc:1216] Download complete: /dev/shm/dir_5414/tmp/subdir_6/out.dat
2020-01-21 23:37:10.022241 [NOTICE] [Context.cc:311] Downloading 1 item(s)
2020-01-21 23:37:21.397340 [NOTICE] [RequestGroup.cc:1216] Download complete: /dev/shm/dir_5414/tmp/subdir_6/out.dat
2020-01-21 23:37:21.633818 [NOTICE] [Context.cc:311] Downloading 1 item(s)
2020-01-21 23:37:30.798989 [NOTICE] [RequestGroup.cc:1216] Download complete: /dev/shm/dir_5414/tmp/subdir_6/out.dat
2020-01-21 23:37:30.953611 [NOTICE] [Context.cc:311] Downloading 1 item(s)
2020-01-21 23:37:41.902548 [NOTICE] [RequestGroup.cc:1216] Download complete: /dev/shm/dir_5414/tmp/subdir_6/out.dat
2020-01-21 23:37:42.099959 [NOTICE] [Context.cc:311] Downloading 1 item(s)
2020-01-21 23:37:47.964913 [NOTICE] [RequestGroup.cc:1216] Download complete: /dev/shm/dir_5414/tmp/subdir_6/out.dat
2020-01-21 23:36:32.161759 [NOTICE] [Context.cc:311] Downloading 1 item(s)
2020-01-21 23:36:53.161857 [NOTICE] [RequestGroup.cc:1216] Download complete: /dev/shm/dir_5414/tmp/subdir_7/out.dat
2020-01-21 23:36:53.314546 [NOTICE] [Context.cc:311] Downloading 1 item(s)
2020-01-21 23:37:05.714818 [NOTICE] [RequestGroup.cc:1216] Download complete: /dev/shm/dir_5414/tmp/subdir_7/out.dat
2020-01-21 23:37:05.870845 [NOTICE] [Context.cc:311] Downloading 1 item(s)
2020-01-21 23:37:17.475246 [NOTICE] [RequestGroup.cc:1216] Download complete: /dev/shm/dir_5414/tmp/subdir_7/out.dat
2020-01-21 23:37:17.646302 [NOTICE] [Context.cc:311] Downloading 1 item(s)
2020-01-21 23:37:41.619326 [NOTICE] [RequestGroup.cc:1216] Download complete: /dev/shm/dir_5414/tmp/subdir_7/out.dat
2020-01-21 23:37:41.801688 [NOTICE] [Context.cc:311] Downloading 1 item(s)
2020-01-21 23:37:48.005971 [NOTICE] [RequestGroup.cc:1216] Download complete: /dev/shm/dir_5414/tmp/subdir_7/out.dat
2020-01-21 23:37:48.171685 [NOTICE] [Context.cc:311] Downloading 1 item(s)
2020-01-21 23:37:51.677195 [NOTICE] [RequestGroup.cc:1216] Download complete: /dev/shm/dir_5414/tmp/subdir_7/out.dat
2020-01-21 23:36:32.162894 [NOTICE] [Context.cc:311] Downloading 1 item(s)
2020-01-21 23:36:43.712821 [NOTICE] [RequestGroup.cc:1216] Download complete: /dev/shm/dir_5414/tmp/subdir_8/out.dat
2020-01-21 23:36:43.915256 [NOTICE] [Context.cc:311] Downloading 1 item(s)
2020-01-21 23:36:56.988659 [NOTICE] [RequestGroup.cc:1216] Download complete: /dev/shm/dir_5414/tmp/subdir_8/out.dat
2020-01-21 23:36:57.145818 [NOTICE] [Context.cc:311] Downloading 1 item(s)
2020-01-21 23:37:10.002765 [NOTICE] [RequestGroup.cc:1216] Download complete: /dev/shm/dir_5414/tmp/subdir_8/out.dat
2020-01-21 23:37:10.222218 [NOTICE] [Context.cc:311] Downloading 1 item(s)
2020-01-21 23:37:23.784931 [NOTICE] [RequestGroup.cc:1216] Download complete: /dev/shm/dir_5414/tmp/subdir_8/out.dat
2020-01-21 23:37:23.943722 [NOTICE] [Context.cc:311] Downloading 1 item(s)
2020-01-21 23:37:34.753207 [NOTICE] [RequestGroup.cc:1216] Download complete: /dev/shm/dir_5414/tmp/subdir_8/out.dat
2020-01-21 23:37:34.967530 [NOTICE] [Context.cc:311] Downloading 1 item(s)
2020-01-21 23:37:43.074971 [NOTICE] [RequestGroup.cc:1216] Download complete: /dev/shm/dir_5414/tmp/subdir_8/out.dat
2020-01-21 23:36:32.162868 [NOTICE] [Context.cc:311] Downloading 1 item(s)
2020-01-21 23:36:45.205160 [NOTICE] [RequestGroup.cc:1216] Download complete: /dev/shm/dir_5414/tmp/subdir_9/out.dat
2020-01-21 23:36:45.372195 [NOTICE] [Context.cc:311] Downloading 1 item(s)
2020-01-21 23:36:56.840296 [NOTICE] [RequestGroup.cc:1216] Download complete: /dev/shm/dir_5414/tmp/subdir_9/out.dat
2020-01-21 23:36:56.979253 [NOTICE] [Context.cc:311] Downloading 1 item(s)
2020-01-21 23:37:15.937667 [NOTICE] [RequestGroup.cc:1216] Download complete: /dev/shm/dir_5414/tmp/subdir_9/out.dat
2020-01-21 23:37:16.138880 [NOTICE] [Context.cc:311] Downloading 1 item(s)
2020-01-21 23:37:38.076370 [NOTICE] [RequestGroup.cc:1216] Download complete: /dev/shm/dir_5414/tmp/subdir_9/out.dat
2020-01-21 23:37:38.209906 [NOTICE] [Context.cc:311] Downloading 1 item(s)
2020-01-21 23:37:48.210711 [NOTICE] [RequestGroup.cc:1216] Download complete: /dev/shm/dir_5414/tmp/subdir_9/out.dat
2020-01-21 23:37:48.334099 [NOTICE] [Context.cc:311] Downloading 1 item(s)
2020-01-21 23:37:51.481185 [NOTICE] [RequestGroup.cc:1216] Download complete: /dev/shm/dir_5414/tmp/subdir_9/out.dat
2020-01-21 23:36:32.162271 [NOTICE] [Context.cc:311] Downloading 1 item(s)
2020-01-21 23:36:46.663956 [NOTICE] [RequestGroup.cc:1216] Download complete: /dev/shm/dir_5414/tmp/subdir_10/out.dat
2020-01-21 23:36:46.819068 [NOTICE] [Context.cc:311] Downloading 1 item(s)
2020-01-21 23:36:57.312338 [NOTICE] [RequestGroup.cc:1216] Download complete: /dev/shm/dir_5414/tmp/subdir_10/out.dat
2020-01-21 23:36:57.489443 [NOTICE] [Context.cc:311] Downloading 1 item(s)
2020-01-21 23:37:09.214377 [NOTICE] [RequestGroup.cc:1216] Download complete: /dev/shm/dir_5414/tmp/subdir_10/out.dat
2020-01-21 23:37:09.364278 [NOTICE] [Context.cc:311] Downloading 1 item(s)
2020-01-21 23:37:20.541803 [NOTICE] [RequestGroup.cc:1216] Download complete: /dev/shm/dir_5414/tmp/subdir_10/out.dat
2020-01-21 23:37:20.705800 [NOTICE] [Context.cc:311] Downloading 1 item(s)
2020-01-21 23:37:32.563827 [NOTICE] [RequestGroup.cc:1216] Download complete: /dev/shm/dir_5414/tmp/subdir_10/out.dat
2020-01-21 23:37:32.710241 [NOTICE] [Context.cc:311] Downloading 1 item(s)
2020-01-21 23:37:41.824104 [NOTICE] [RequestGroup.cc:1216] Download complete: /dev/shm/dir_5414/tmp/subdir_10/out.dat
2020-01-21 23:36:32.163577 [NOTICE] [Context.cc:311] Downloading 1 item(s)
2020-01-21 23:36:45.178136 [NOTICE] [RequestGroup.cc:1216] Download complete: /dev/shm/dir_5414/tmp/subdir_11/out.dat
2020-01-21 23:36:45.350916 [NOTICE] [Context.cc:311] Downloading 1 item(s)
2020-01-21 23:36:54.019749 [NOTICE] [RequestGroup.cc:1216] Download complete: /dev/shm/dir_5414/tmp/subdir_11/out.dat
2020-01-21 23:36:54.191573 [NOTICE] [Context.cc:311] Downloading 1 item(s)
2020-01-21 23:37:06.511964 [NOTICE] [RequestGroup.cc:1216] Download complete: /dev/shm/dir_5414/tmp/subdir_11/out.dat
2020-01-21 23:37:06.672161 [NOTICE] [Context.cc:311] Downloading 1 item(s)
2020-01-21 23:37:15.439399 [NOTICE] [RequestGroup.cc:1216] Download complete: /dev/shm/dir_5414/tmp/subdir_11/out.dat
2020-01-21 23:37:15.627721 [NOTICE] [Context.cc:311] Downloading 1 item(s)
2020-01-21 23:37:24.776899 [NOTICE] [RequestGroup.cc:1216] Download complete: /dev/shm/dir_5414/tmp/subdir_11/out.dat
2020-01-21 23:37:24.945857 [NOTICE] [Context.cc:311] Downloading 1 item(s)
2020-01-21 23:37:34.627428 [NOTICE] [RequestGroup.cc:1216] Download complete: /dev/shm/dir_5414/tmp/subdir_11/out.dat
2020-01-21 23:36:32.164961 [NOTICE] [Context.cc:311] Downloading 1 item(s)
2020-01-21 23:36:45.050471 [NOTICE] [RequestGroup.cc:1216] Download complete: /dev/shm/dir_5414/tmp/subdir_12/out.dat
2020-01-21 23:36:45.202182 [NOTICE] [Context.cc:311] Downloading 1 item(s)
2020-01-21 23:37:01.259520 [NOTICE] [RequestGroup.cc:1216] Download complete: /dev/shm/dir_5414/tmp/subdir_12/out.dat
2020-01-21 23:37:01.447310 [NOTICE] [Context.cc:311] Downloading 1 item(s)
2020-01-21 23:37:13.054457 [NOTICE] [RequestGroup.cc:1216] Download complete: /dev/shm/dir_5414/tmp/subdir_12/out.dat
2020-01-21 23:37:13.202672 [NOTICE] [Context.cc:311] Downloading 1 item(s)
2020-01-21 23:37:27.187400 [NOTICE] [RequestGroup.cc:1216] Download complete: /dev/shm/dir_5414/tmp/subdir_12/out.dat
2020-01-21 23:37:27.356107 [NOTICE] [Context.cc:311] Downloading 1 item(s)
2020-01-21 23:37:38.692266 [NOTICE] [RequestGroup.cc:1216] Download complete: /dev/shm/dir_5414/tmp/subdir_12/out.dat
2020-01-21 23:37:38.821242 [NOTICE] [Context.cc:311] Downloading 1 item(s)
2020-01-21 23:37:49.646391 [NOTICE] [RequestGroup.cc:1216] Download complete: /dev/shm/dir_5414/tmp/subdir_12/out.dat
2020-01-21 23:36:32.163683 [NOTICE] [Context.cc:311] Downloading 1 item(s)
2020-01-21 23:36:58.628380 [NOTICE] [RequestGroup.cc:1216] Download complete: /dev/shm/dir_5414/tmp/subdir_13/out.dat
2020-01-21 23:36:58.785095 [NOTICE] [Context.cc:311] Downloading 1 item(s)
2020-01-21 23:37:10.048255 [NOTICE] [RequestGroup.cc:1216] Download complete: /dev/shm/dir_5414/tmp/subdir_13/out.dat
2020-01-21 23:37:10.211658 [NOTICE] [Context.cc:311] Downloading 1 item(s)
2020-01-21 23:37:19.275824 [NOTICE] [RequestGroup.cc:1216] Download complete: /dev/shm/dir_5414/tmp/subdir_13/out.dat
2020-01-21 23:37:19.419944 [NOTICE] [Context.cc:311] Downloading 1 item(s)
2020-01-21 23:37:29.836984 [NOTICE] [RequestGroup.cc:1216] Download complete: /dev/shm/dir_5414/tmp/subdir_13/out.dat
2020-01-21 23:37:30.029189 [NOTICE] [Context.cc:311] Downloading 1 item(s)
2020-01-21 23:37:43.130307 [NOTICE] [RequestGroup.cc:1216] Download complete: /dev/shm/dir_5414/tmp/subdir_13/out.dat
2020-01-21 23:37:43.315942 [NOTICE] [Context.cc:311] Downloading 1 item(s)
2020-01-21 23:37:49.128719 [NOTICE] [RequestGroup.cc:1216] Download complete: /dev/shm/dir_5414/tmp/subdir_13/out.dat
2020-01-21 23:36:32.173085 [NOTICE] [Context.cc:311] Downloading 1 item(s)
2020-01-21 23:36:46.001410 [NOTICE] [RequestGroup.cc:1216] Download complete: /dev/shm/dir_5414/tmp/subdir_14/out.dat
2020-01-21 23:36:46.157575 [NOTICE] [Context.cc:311] Downloading 1 item(s)
2020-01-21 23:36:53.253725 [NOTICE] [RequestGroup.cc:1216] Download complete: /dev/shm/dir_5414/tmp/subdir_14/out.dat
2020-01-21 23:36:53.388147 [NOTICE] [Context.cc:311] Downloading 1 item(s)
2020-01-21 23:37:13.501469 [NOTICE] [RequestGroup.cc:1216] Download complete: /dev/shm/dir_5414/tmp/subdir_14/out.dat
2020-01-21 23:37:13.625168 [NOTICE] [Context.cc:311] Downloading 1 item(s)
2020-01-21 23:37:26.662186 [NOTICE] [RequestGroup.cc:1216] Download complete: /dev/shm/dir_5414/tmp/subdir_14/out.dat
2020-01-21 23:37:26.778117 [NOTICE] [Context.cc:311] Downloading 1 item(s)
2020-01-21 23:37:41.469567 [NOTICE] [RequestGroup.cc:1216] Download complete: /dev/shm/dir_5414/tmp/subdir_14/out.dat
2020-01-21 23:37:41.610220 [NOTICE] [Context.cc:311] Downloading 1 item(s)
2020-01-21 23:37:47.781303 [NOTICE] [RequestGroup.cc:1216] Download complete: /dev/shm/dir_5414/tmp/subdir_14/out.dat
2020-01-21 23:36:32.174777 [NOTICE] [Context.cc:311] Downloading 1 item(s)
2020-01-21 23:36:48.225179 [NOTICE] [RequestGroup.cc:1216] Download complete: /dev/shm/dir_5414/tmp/subdir_15/out.dat
2020-01-21 23:36:48.361641 [NOTICE] [Context.cc:311] Downloading 1 item(s)
2020-01-21 23:36:59.800918 [NOTICE] [RequestGroup.cc:1216] Download complete: /dev/shm/dir_5414/tmp/subdir_15/out.dat
2020-01-21 23:36:59.984799 [NOTICE] [Context.cc:311] Downloading 1 item(s)
2020-01-21 23:37:10.540102 [NOTICE] [RequestGroup.cc:1216] Download complete: /dev/shm/dir_5414/tmp/subdir_15/out.dat
2020-01-21 23:37:10.749367 [NOTICE] [Context.cc:311] Downloading 1 item(s)
2020-01-21 23:37:26.800797 [NOTICE] [RequestGroup.cc:1216] Download complete: /dev/shm/dir_5414/tmp/subdir_15/out.dat
2020-01-21 23:37:26.978086 [NOTICE] [Context.cc:311] Downloading 1 item(s)
2020-01-21 23:37:41.102091 [NOTICE] [RequestGroup.cc:1216] Download complete: /dev/shm/dir_5414/tmp/subdir_15/out.dat
2020-01-21 23:37:41.252845 [NOTICE] [Context.cc:311] Downloading 1 item(s)
2020-01-21 23:37:47.402042 [NOTICE] [RequestGroup.cc:1216] Download complete: /dev/shm/dir_5414/tmp/subdir_15/out.dat
2020-01-21 23:36:32.203160 [NOTICE] [Context.cc:311] Downloading 1 item(s)
2020-01-21 23:36:43.176884 [NOTICE] [RequestGroup.cc:1216] Download complete: /dev/shm/dir_5414/tmp/subdir_16/out.dat
2020-01-21 23:36:43.310619 [NOTICE] [Context.cc:311] Downloading 1 item(s)
2020-01-21 23:37:06.566598 [NOTICE] [RequestGroup.cc:1216] Download complete: /dev/shm/dir_5414/tmp/subdir_16/out.dat
2020-01-21 23:37:06.740562 [NOTICE] [Context.cc:311] Downloading 1 item(s)
2020-01-21 23:37:29.489866 [NOTICE] [RequestGroup.cc:1216] Download complete: /dev/shm/dir_5414/tmp/subdir_16/out.dat
2020-01-21 23:37:29.643577 [NOTICE] [Context.cc:311] Downloading 1 item(s)
2020-01-21 23:37:42.101417 [NOTICE] [RequestGroup.cc:1216] Download complete: /dev/shm/dir_5414/tmp/subdir_16/out.dat
2020-01-21 23:37:42.270835 [NOTICE] [Context.cc:311] Downloading 1 item(s)
2020-01-21 23:37:48.552918 [NOTICE] [RequestGroup.cc:1216] Download complete: /dev/shm/dir_5414/tmp/subdir_16/out.dat
2020-01-21 23:37:48.692196 [NOTICE] [Context.cc:311] Downloading 1 item(s)
2020-01-21 23:37:51.861414 [NOTICE] [RequestGroup.cc:1216] Download complete: /dev/shm/dir_5414/tmp/subdir_16/out.dat
2020-01-21 23:36:32.188004 [NOTICE] [Context.cc:311] Downloading 1 item(s)
2020-01-21 23:36:45.702647 [NOTICE] [RequestGroup.cc:1216] Download complete: /dev/shm/dir_5414/tmp/subdir_17/out.dat
2020-01-21 23:36:45.871778 [NOTICE] [Context.cc:311] Downloading 1 item(s)
2020-01-21 23:36:53.821274 [NOTICE] [RequestGroup.cc:1216] Download complete: /dev/shm/dir_5414/tmp/subdir_17/out.dat
2020-01-21 23:36:53.970769 [NOTICE] [Context.cc:311] Downloading 1 item(s)
2020-01-21 23:37:07.087489 [NOTICE] [RequestGroup.cc:1216] Download complete: /dev/shm/dir_5414/tmp/subdir_17/out.dat
2020-01-21 23:37:07.250330 [NOTICE] [Context.cc:311] Downloading 1 item(s)
2020-01-21 23:37:20.729474 [NOTICE] [RequestGroup.cc:1216] Download complete: /dev/shm/dir_5414/tmp/subdir_17/out.dat
2020-01-21 23:37:20.885264 [NOTICE] [Context.cc:311] Downloading 1 item(s)
2020-01-21 23:37:34.764232 [NOTICE] [RequestGroup.cc:1216] Download complete: /dev/shm/dir_5414/tmp/subdir_17/out.dat
2020-01-21 23:37:35.004268 [NOTICE] [Context.cc:311] Downloading 1 item(s)
2020-01-21 23:37:48.344150 [NOTICE] [RequestGroup.cc:1216] Download complete: /dev/shm/dir_5414/tmp/subdir_17/out.dat
2020-01-21 23:36:32.206028 [NOTICE] [Context.cc:311] Downloading 1 item(s)
2020-01-21 23:36:46.807332 [NOTICE] [RequestGroup.cc:1216] Download complete: /dev/shm/dir_5414/tmp/subdir_18/out.dat
2020-01-21 23:36:46.977539 [NOTICE] [Context.cc:311] Downloading 1 item(s)
2020-01-21 23:36:57.640079 [NOTICE] [RequestGroup.cc:1216] Download complete: /dev/shm/dir_5414/tmp/subdir_18/out.dat
2020-01-21 23:36:57.806670 [NOTICE] [Context.cc:311] Downloading 1 item(s)
2020-01-21 23:37:15.945780 [NOTICE] [RequestGroup.cc:1216] Download complete: /dev/shm/dir_5414/tmp/subdir_18/out.dat
2020-01-21 23:37:16.122664 [NOTICE] [Context.cc:311] Downloading 1 item(s)
2020-01-21 23:37:29.842159 [NOTICE] [RequestGroup.cc:1216] Download complete: /dev/shm/dir_5414/tmp/subdir_18/out.dat
2020-01-21 23:37:30.004507 [NOTICE] [Context.cc:311] Downloading 1 item(s)
2020-01-21 23:37:42.221563 [NOTICE] [RequestGroup.cc:1216] Download complete: /dev/shm/dir_5414/tmp/subdir_18/out.dat
2020-01-21 23:37:42.406339 [NOTICE] [Context.cc:311] Downloading 1 item(s)
2020-01-21 23:37:47.989717 [NOTICE] [RequestGroup.cc:1216] Download complete: /dev/shm/dir_5414/tmp/subdir_18/out.dat
2020-01-21 23:36:32.191082 [NOTICE] [Context.cc:311] Downloading 1 item(s)
2020-01-21 23:36:45.425612 [NOTICE] [RequestGroup.cc:1216] Download complete: /dev/shm/dir_5414/tmp/subdir_19/out.dat
2020-01-21 23:36:45.574854 [NOTICE] [Context.cc:311] Downloading 1 item(s)
2020-01-21 23:36:55.461873 [NOTICE] [RequestGroup.cc:1216] Download complete: /dev/shm/dir_5414/tmp/subdir_19/out.dat
2020-01-21 23:36:55.615119 [NOTICE] [Context.cc:311] Downloading 1 item(s)
2020-01-21 23:37:10.584680 [NOTICE] [RequestGroup.cc:1216] Download complete: /dev/shm/dir_5414/tmp/subdir_19/out.dat
2020-01-21 23:37:10.809448 [NOTICE] [Context.cc:311] Downloading 1 item(s)
2020-01-21 23:37:20.721842 [NOTICE] [RequestGroup.cc:1216] Download complete: /dev/shm/dir_5414/tmp/subdir_19/out.dat
2020-01-21 23:37:20.913475 [NOTICE] [Context.cc:311] Downloading 1 item(s)
2020-01-21 23:37:34.191149 [NOTICE] [RequestGroup.cc:1216] Download complete: /dev/shm/dir_5414/tmp/subdir_19/out.dat
2020-01-21 23:37:34.376354 [NOTICE] [Context.cc:311] Downloading 1 item(s)
2020-01-21 23:37:46.608550 [NOTICE] [RequestGroup.cc:1216] Download complete: /dev/shm/dir_5414/tmp/subdir_19/out.dat
2020-01-21 23:36:32.166724 [NOTICE] [Context.cc:311] Downloading 1 item(s)
2020-01-21 23:36:43.738680 [NOTICE] [RequestGroup.cc:1216] Download complete: /dev/shm/dir_5414/tmp/subdir_20/out.dat
2020-01-21 23:36:43.924536 [NOTICE] [Context.cc:311] Downloading 1 item(s)
2020-01-21 23:36:59.083654 [NOTICE] [RequestGroup.cc:1216] Download complete: /dev/shm/dir_5414/tmp/subdir_20/out.dat
2020-01-21 23:36:59.271451 [NOTICE] [Context.cc:311] Downloading 1 item(s)
2020-01-21 23:37:16.507358 [NOTICE] [RequestGroup.cc:1216] Download complete: /dev/shm/dir_5414/tmp/subdir_20/out.dat
2020-01-21 23:37:16.670805 [NOTICE] [Context.cc:311] Downloading 1 item(s)
2020-01-21 23:37:24.122229 [NOTICE] [RequestGroup.cc:1216] Download complete: /dev/shm/dir_5414/tmp/subdir_20/out.dat
2020-01-21 23:37:24.270320 [NOTICE] [Context.cc:311] Downloading 1 item(s)
2020-01-21 23:37:34.384400 [NOTICE] [RequestGroup.cc:1216] Download complete: /dev/shm/dir_5414/tmp/subdir_20/out.dat
2020-01-21 23:37:34.549452 [NOTICE] [Context.cc:311] Downloading 1 item(s)
2020-01-21 23:37:41.263514 [NOTICE] [RequestGroup.cc:1216] Download complete: /dev/shm/dir_5414/tmp/subdir_20/out.dat
2020-01-21 23:36:32.218495 [NOTICE] [Context.cc:311] Downloading 1 item(s)
2020-01-21 23:36:44.802000 [NOTICE] [RequestGroup.cc:1216] Download complete: /dev/shm/dir_5414/tmp/subdir_21/out.dat
2020-01-21 23:36:44.948147 [NOTICE] [Context.cc:311] Downloading 1 item(s)
2020-01-21 23:36:57.466058 [NOTICE] [RequestGroup.cc:1216] Download complete: /dev/shm/dir_5414/tmp/subdir_21/out.dat
2020-01-21 23:36:57.634991 [NOTICE] [Context.cc:311] Downloading 1 item(s)
2020-01-21 23:37:09.839359 [NOTICE] [RequestGroup.cc:1216] Download complete: /dev/shm/dir_5414/tmp/subdir_21/out.dat
2020-01-21 23:37:10.026458 [NOTICE] [Context.cc:311] Downloading 1 item(s)
2020-01-21 23:37:17.483352 [NOTICE] [RequestGroup.cc:1216] Download complete: /dev/shm/dir_5414/tmp/subdir_21/out.dat
2020-01-21 23:37:17.701133 [NOTICE] [Context.cc:311] Downloading 1 item(s)
2020-01-21 23:37:29.565180 [NOTICE] [RequestGroup.cc:1216] Download complete: /dev/shm/dir_5414/tmp/subdir_21/out.dat
2020-01-21 23:37:29.747252 [NOTICE] [Context.cc:311] Downloading 1 item(s)
2020-01-21 23:37:41.616902 [NOTICE] [RequestGroup.cc:1216] Download complete: /dev/shm/dir_5414/tmp/subdir_21/out.dat
2020-01-21 23:36:32.194689 [NOTICE] [Context.cc:311] Downloading 1 item(s)
2020-01-21 23:36:47.346653 [NOTICE] [RequestGroup.cc:1216] Download complete: /dev/shm/dir_5414/tmp/subdir_22/out.dat
2020-01-21 23:36:47.499186 [NOTICE] [Context.cc:311] Downloading 1 item(s)
2020-01-21 23:36:57.270259 [NOTICE] [RequestGroup.cc:1216] Download complete: /dev/shm/dir_5414/tmp/subdir_22/out.dat
2020-01-21 23:36:57.425951 [NOTICE] [Context.cc:311] Downloading 1 item(s)
2020-01-21 23:37:16.335920 [NOTICE] [RequestGroup.cc:1216] Download complete: /dev/shm/dir_5414/tmp/subdir_22/out.dat
2020-01-21 23:37:16.546435 [NOTICE] [Context.cc:311] Downloading 1 item(s)
2020-01-21 23:37:25.364803 [NOTICE] [RequestGroup.cc:1216] Download complete: /dev/shm/dir_5414/tmp/subdir_22/out.dat
2020-01-21 23:37:25.508454 [NOTICE] [Context.cc:311] Downloading 1 item(s)
2020-01-21 23:37:34.474766 [NOTICE] [RequestGroup.cc:1216] Download complete: /dev/shm/dir_5414/tmp/subdir_22/out.dat
2020-01-21 23:37:34.616208 [NOTICE] [Context.cc:311] Downloading 1 item(s)
2020-01-21 23:37:41.954490 [NOTICE] [RequestGroup.cc:1216] Download complete: /dev/shm/dir_5414/tmp/subdir_22/out.dat
2020-01-21 23:36:32.168936 [NOTICE] [Context.cc:311] Downloading 1 item(s)
2020-01-21 23:36:46.303656 [NOTICE] [RequestGroup.cc:1216] Download complete: /dev/shm/dir_5414/tmp/subdir_23/out.dat
2020-01-21 23:36:46.460407 [NOTICE] [Context.cc:311] Downloading 1 item(s)
2020-01-21 23:36:59.273793 [NOTICE] [RequestGroup.cc:1216] Download complete: /dev/shm/dir_5414/tmp/subdir_23/out.dat
2020-01-21 23:36:59.419227 [NOTICE] [Context.cc:311] Downloading 1 item(s)
2020-01-21 23:37:10.998978 [NOTICE] [RequestGroup.cc:1216] Download complete: /dev/shm/dir_5414/tmp/subdir_23/out.dat
2020-01-21 23:37:11.178215 [NOTICE] [Context.cc:311] Downloading 1 item(s)
2020-01-21 23:37:20.212633 [NOTICE] [RequestGroup.cc:1216] Download complete: /dev/shm/dir_5414/tmp/subdir_23/out.dat
2020-01-21 23:37:20.379656 [NOTICE] [Context.cc:311] Downloading 1 item(s)
2020-01-21 23:37:40.508221 [NOTICE] [RequestGroup.cc:1216] Download complete: /dev/shm/dir_5414/tmp/subdir_23/out.dat
2020-01-21 23:37:40.681680 [NOTICE] [Context.cc:311] Downloading 1 item(s)
2020-01-21 23:37:47.235624 [NOTICE] [RequestGroup.cc:1216] Download complete: /dev/shm/dir_5414/tmp/subdir_23/out.dat
=========  End detailed log  =======
