INFO: CLOUD_REGION = "GCP-us-east1"
INFO: Server region gcpuseast
INFO: Parallelism 24
INFO: URL https://storage.googleapis.com/tnrp-test-us-east1/test/data/1G.dat
========== Warmup
Sun Jan 19 10:33:29 UTC 2020
RC: 0
elapsed: 10
Sun Jan 19 10:33:39 UTC 2020
-rw-r--r-- 1 nobody nobody 1000000000 Jan 19 10:33 out.dat
c287bac9a4b3e8e4e08ce5d11da34020  out.dat
MiBps: 100
Sun Jan 19 10:33:41 UTC 2020
========== Single curl
Sun Jan 19 10:33:41 UTC 2020
RC: 0
elapsed: 4
Sun Jan 19 10:33:45 UTC 2020
-rw-r--r-- 1 nobody nobody 1000000000 Jan 19 10:33 out.dat
c287bac9a4b3e8e4e08ce5d11da34020  out.dat
MiBps: 250
Sun Jan 19 10:33:47 UTC 2020
========== Single aria2c
Sun Jan 19 10:33:47 UTC 2020
RC: 0
elaped: 3
-rw-r--r-- 1 nobody nobody 1000000000 Jan 19 10:33 out.dat
c287bac9a4b3e8e4e08ce5d11da34020  out.dat
MiBps: 333
Sun Jan 19 10:33:52 UTC 2020
========== Multiple aria2c: 24
Sun Jan 19 10:33:52 UTC 2020
RC: 0
RC: 0
RC: 0
RC: 0
RC: 0
RC: 0
RC: 0
RC: 0
RC: 0
RC: 0
RC: 0
RC: 0
RC: 0
RC: 0
RC: 0
RC: 0
RC: 0
RC: 0
RC: 0
RC: 0
RC: 0
RC: 0
RC: 0
RC: 0
RC: 0
RC: 0
RC: 0
RC: 0
RC: 0
RC: 0
RC: 0
RC: 0
RC: 0
RC: 0
RC: 0
RC: 0
RC: 0
RC: 0
RC: 0
RC: 0
RC: 0
RC: 0
RC: 0
RC: 0
RC: 0
RC: 0
RC: 0
RC: 0
RC: 0
RC: 0
RC: 0
RC: 0
RC: 0
RC: 0
RC: 0
RC: 0
RC: 0
RC: 0
RC: 0
RC: 0
RC: 0
RC: 0
RC: 0
RC: 0
RC: 0
RC: 0
RC: 0
RC: 0
RC: 0
RC: 0
RC: 0
RC: 0
RC: 0
RC: 0
RC: 0
RC: 0
RC: 0
RC: 0
RC: 0
RC: 0
RC: 0
RC: 0
RC: 0
RC: 0
RC: 0
RC: 0
RC: 0
RC: 0
RC: 0
RC: 0
RC: 0
RC: 0
RC: 0
RC: 0
RC: 0
RC: 0
RC: 0
RC: 0
RC: 0
RC: 0
RC: 0
RC: 0
RC: 0
RC: 0
RC: 0
RC: 0
RC: 0
RC: 0
RC: 0
RC: 0
RC: 0
RC: 0
RC: 0
RC: 0
RC: 0
RC: 0
RC: 0
RC: 0
RC: 0
RC: 0
RC: 0
RC: 0
RC: 0
RC: 0
RC: 0
RC: 0
RC: 0
RC: 0
RC: 0
RC: 0
RC: 0
RC: 0
RC: 0
RC: 0
RC: 0
RC: 0
RC: 0
RC: 0
RC: 0
RC: 0
RC: 0
RC: 0
RC: 0
RC: 0
elaped: 59
MiBps: 2440
Sun Jan 19 10:34:51 UTC 2020
========= Start detailed log =======
2020-01-19 10:33:52.466057 [NOTICE] [Context.cc:311] Downloading 1 item(s)
2020-01-19 10:34:03.596745 [NOTICE] [RequestGroup.cc:1216] Download complete: /dev/shm/dir_4859/tmp/subdir_0/out.dat
2020-01-19 10:34:04.109279 [NOTICE] [Context.cc:311] Downloading 1 item(s)
2020-01-19 10:34:12.750306 [NOTICE] [RequestGroup.cc:1216] Download complete: /dev/shm/dir_4859/tmp/subdir_0/out.dat
2020-01-19 10:34:13.266310 [NOTICE] [Context.cc:311] Downloading 1 item(s)
2020-01-19 10:34:22.483488 [NOTICE] [RequestGroup.cc:1216] Download complete: /dev/shm/dir_4859/tmp/subdir_0/out.dat
2020-01-19 10:34:22.954972 [NOTICE] [Context.cc:311] Downloading 1 item(s)
2020-01-19 10:34:30.725211 [NOTICE] [RequestGroup.cc:1216] Download complete: /dev/shm/dir_4859/tmp/subdir_0/out.dat
2020-01-19 10:34:31.007004 [NOTICE] [Context.cc:311] Downloading 1 item(s)
2020-01-19 10:34:38.889706 [NOTICE] [RequestGroup.cc:1216] Download complete: /dev/shm/dir_4859/tmp/subdir_0/out.dat
2020-01-19 10:34:39.269510 [NOTICE] [Context.cc:311] Downloading 1 item(s)
2020-01-19 10:34:48.792131 [NOTICE] [RequestGroup.cc:1216] Download complete: /dev/shm/dir_4859/tmp/subdir_0/out.dat
2020-01-19 10:33:52.465987 [NOTICE] [Context.cc:311] Downloading 1 item(s)
2020-01-19 10:34:02.225345 [NOTICE] [RequestGroup.cc:1216] Download complete: /dev/shm/dir_4859/tmp/subdir_1/out.dat
2020-01-19 10:34:02.763631 [NOTICE] [Context.cc:311] Downloading 1 item(s)
2020-01-19 10:34:11.291052 [NOTICE] [RequestGroup.cc:1216] Download complete: /dev/shm/dir_4859/tmp/subdir_1/out.dat
2020-01-19 10:34:11.573403 [NOTICE] [Context.cc:311] Downloading 1 item(s)
2020-01-19 10:34:20.964336 [NOTICE] [RequestGroup.cc:1216] Download complete: /dev/shm/dir_4859/tmp/subdir_1/out.dat
2020-01-19 10:34:21.442040 [NOTICE] [Context.cc:311] Downloading 1 item(s)
2020-01-19 10:34:30.568110 [NOTICE] [RequestGroup.cc:1216] Download complete: /dev/shm/dir_4859/tmp/subdir_1/out.dat
2020-01-19 10:34:30.881586 [NOTICE] [Context.cc:311] Downloading 1 item(s)
2020-01-19 10:34:39.865639 [NOTICE] [RequestGroup.cc:1216] Download complete: /dev/shm/dir_4859/tmp/subdir_1/out.dat
2020-01-19 10:34:40.360332 [NOTICE] [Context.cc:311] Downloading 1 item(s)
2020-01-19 10:34:49.059424 [NOTICE] [RequestGroup.cc:1216] Download complete: /dev/shm/dir_4859/tmp/subdir_1/out.dat
2020-01-19 10:33:52.466010 [NOTICE] [Context.cc:311] Downloading 1 item(s)
2020-01-19 10:34:01.842331 [NOTICE] [RequestGroup.cc:1216] Download complete: /dev/shm/dir_4859/tmp/subdir_2/out.dat
2020-01-19 10:34:02.542084 [NOTICE] [Context.cc:311] Downloading 1 item(s)
2020-01-19 10:34:11.935287 [NOTICE] [RequestGroup.cc:1216] Download complete: /dev/shm/dir_4859/tmp/subdir_2/out.dat
2020-01-19 10:34:12.499273 [NOTICE] [Context.cc:311] Downloading 1 item(s)
2020-01-19 10:34:21.560912 [NOTICE] [RequestGroup.cc:1216] Download complete: /dev/shm/dir_4859/tmp/subdir_2/out.dat
2020-01-19 10:34:22.020526 [NOTICE] [Context.cc:311] Downloading 1 item(s)
2020-01-19 10:34:30.925409 [NOTICE] [RequestGroup.cc:1216] Download complete: /dev/shm/dir_4859/tmp/subdir_2/out.dat
2020-01-19 10:34:31.572486 [NOTICE] [Context.cc:311] Downloading 1 item(s)
2020-01-19 10:34:40.451017 [NOTICE] [RequestGroup.cc:1216] Download complete: /dev/shm/dir_4859/tmp/subdir_2/out.dat
2020-01-19 10:34:40.959993 [NOTICE] [Context.cc:311] Downloading 1 item(s)
2020-01-19 10:34:48.896922 [NOTICE] [RequestGroup.cc:1216] Download complete: /dev/shm/dir_4859/tmp/subdir_2/out.dat
2020-01-19 10:33:52.466686 [NOTICE] [Context.cc:311] Downloading 1 item(s)
2020-01-19 10:34:01.951054 [NOTICE] [RequestGroup.cc:1216] Download complete: /dev/shm/dir_4859/tmp/subdir_3/out.dat
2020-01-19 10:34:02.658161 [NOTICE] [Context.cc:311] Downloading 1 item(s)
2020-01-19 10:34:11.768076 [NOTICE] [RequestGroup.cc:1216] Download complete: /dev/shm/dir_4859/tmp/subdir_3/out.dat
2020-01-19 10:34:12.333395 [NOTICE] [Context.cc:311] Downloading 1 item(s)
2020-01-19 10:34:21.535823 [NOTICE] [RequestGroup.cc:1216] Download complete: /dev/shm/dir_4859/tmp/subdir_3/out.dat
2020-01-19 10:34:21.952677 [NOTICE] [Context.cc:311] Downloading 1 item(s)
2020-01-19 10:34:31.128813 [NOTICE] [RequestGroup.cc:1216] Download complete: /dev/shm/dir_4859/tmp/subdir_3/out.dat
2020-01-19 10:34:31.588467 [NOTICE] [Context.cc:311] Downloading 1 item(s)
2020-01-19 10:34:41.259017 [NOTICE] [RequestGroup.cc:1216] Download complete: /dev/shm/dir_4859/tmp/subdir_3/out.dat
2020-01-19 10:34:41.964544 [NOTICE] [Context.cc:311] Downloading 1 item(s)
2020-01-19 10:34:49.670900 [NOTICE] [RequestGroup.cc:1216] Download complete: /dev/shm/dir_4859/tmp/subdir_3/out.dat
2020-01-19 10:33:52.465983 [NOTICE] [Context.cc:311] Downloading 1 item(s)
2020-01-19 10:34:03.452555 [NOTICE] [RequestGroup.cc:1216] Download complete: /dev/shm/dir_4859/tmp/subdir_4/out.dat
2020-01-19 10:34:03.908791 [NOTICE] [Context.cc:311] Downloading 1 item(s)
2020-01-19 10:34:13.173242 [NOTICE] [RequestGroup.cc:1216] Download complete: /dev/shm/dir_4859/tmp/subdir_4/out.dat
2020-01-19 10:34:13.765608 [NOTICE] [Context.cc:311] Downloading 1 item(s)
2020-01-19 10:34:21.972972 [NOTICE] [RequestGroup.cc:1216] Download complete: /dev/shm/dir_4859/tmp/subdir_4/out.dat
2020-01-19 10:34:22.573268 [NOTICE] [Context.cc:311] Downloading 1 item(s)
2020-01-19 10:34:31.776192 [NOTICE] [RequestGroup.cc:1216] Download complete: /dev/shm/dir_4859/tmp/subdir_4/out.dat
2020-01-19 10:34:32.112547 [NOTICE] [Context.cc:311] Downloading 1 item(s)
2020-01-19 10:34:40.214683 [NOTICE] [RequestGroup.cc:1216] Download complete: /dev/shm/dir_4859/tmp/subdir_4/out.dat
2020-01-19 10:34:40.718700 [NOTICE] [Context.cc:311] Downloading 1 item(s)
2020-01-19 10:34:49.187388 [NOTICE] [RequestGroup.cc:1216] Download complete: /dev/shm/dir_4859/tmp/subdir_4/out.dat
2020-01-19 10:33:52.466419 [NOTICE] [Context.cc:311] Downloading 1 item(s)
2020-01-19 10:34:01.807588 [NOTICE] [RequestGroup.cc:1216] Download complete: /dev/shm/dir_4859/tmp/subdir_5/out.dat
2020-01-19 10:34:02.496204 [NOTICE] [Context.cc:311] Downloading 1 item(s)
2020-01-19 10:34:11.668213 [NOTICE] [RequestGroup.cc:1216] Download complete: /dev/shm/dir_4859/tmp/subdir_5/out.dat
2020-01-19 10:34:12.327068 [NOTICE] [Context.cc:311] Downloading 1 item(s)
2020-01-19 10:34:21.990328 [NOTICE] [RequestGroup.cc:1216] Download complete: /dev/shm/dir_4859/tmp/subdir_5/out.dat
2020-01-19 10:34:22.443242 [NOTICE] [Context.cc:311] Downloading 1 item(s)
2020-01-19 10:34:31.009662 [NOTICE] [RequestGroup.cc:1216] Download complete: /dev/shm/dir_4859/tmp/subdir_5/out.dat
2020-01-19 10:34:31.529559 [NOTICE] [Context.cc:311] Downloading 1 item(s)
2020-01-19 10:34:39.952993 [NOTICE] [RequestGroup.cc:1216] Download complete: /dev/shm/dir_4859/tmp/subdir_5/out.dat
2020-01-19 10:34:40.458405 [NOTICE] [Context.cc:311] Downloading 1 item(s)
2020-01-19 10:34:49.108310 [NOTICE] [RequestGroup.cc:1216] Download complete: /dev/shm/dir_4859/tmp/subdir_5/out.dat
2020-01-19 10:33:52.469975 [NOTICE] [Context.cc:311] Downloading 1 item(s)
2020-01-19 10:34:02.117940 [NOTICE] [RequestGroup.cc:1216] Download complete: /dev/shm/dir_4859/tmp/subdir_6/out.dat
2020-01-19 10:34:02.708629 [NOTICE] [Context.cc:311] Downloading 1 item(s)
2020-01-19 10:34:11.647596 [NOTICE] [RequestGroup.cc:1216] Download complete: /dev/shm/dir_4859/tmp/subdir_6/out.dat
2020-01-19 10:34:12.252008 [NOTICE] [Context.cc:311] Downloading 1 item(s)
2020-01-19 10:34:20.762900 [NOTICE] [RequestGroup.cc:1216] Download complete: /dev/shm/dir_4859/tmp/subdir_6/out.dat
2020-01-19 10:34:21.109583 [NOTICE] [Context.cc:311] Downloading 1 item(s)
2020-01-19 10:34:28.492175 [NOTICE] [RequestGroup.cc:1216] Download complete: /dev/shm/dir_4859/tmp/subdir_6/out.dat
2020-01-19 10:34:28.853910 [NOTICE] [Context.cc:311] Downloading 1 item(s)
2020-01-19 10:34:37.877296 [NOTICE] [RequestGroup.cc:1216] Download complete: /dev/shm/dir_4859/tmp/subdir_6/out.dat
2020-01-19 10:34:38.179621 [NOTICE] [Context.cc:311] Downloading 1 item(s)
2020-01-19 10:34:48.746883 [NOTICE] [RequestGroup.cc:1216] Download complete: /dev/shm/dir_4859/tmp/subdir_6/out.dat
2020-01-19 10:33:52.466870 [NOTICE] [Context.cc:311] Downloading 1 item(s)
2020-01-19 10:34:02.548595 [NOTICE] [RequestGroup.cc:1216] Download complete: /dev/shm/dir_4859/tmp/subdir_7/out.dat
2020-01-19 10:34:02.918674 [NOTICE] [Context.cc:311] Downloading 1 item(s)
2020-01-19 10:34:11.842064 [NOTICE] [RequestGroup.cc:1216] Download complete: /dev/shm/dir_4859/tmp/subdir_7/out.dat
2020-01-19 10:34:12.387093 [NOTICE] [Context.cc:311] Downloading 1 item(s)
2020-01-19 10:34:21.077358 [NOTICE] [RequestGroup.cc:1216] Download complete: /dev/shm/dir_4859/tmp/subdir_7/out.dat
2020-01-19 10:34:21.613738 [NOTICE] [Context.cc:311] Downloading 1 item(s)
2020-01-19 10:34:30.785270 [NOTICE] [RequestGroup.cc:1216] Download complete: /dev/shm/dir_4859/tmp/subdir_7/out.dat
2020-01-19 10:34:31.300034 [NOTICE] [Context.cc:311] Downloading 1 item(s)
2020-01-19 10:34:40.491526 [NOTICE] [RequestGroup.cc:1216] Download complete: /dev/shm/dir_4859/tmp/subdir_7/out.dat
2020-01-19 10:34:40.956377 [NOTICE] [Context.cc:311] Downloading 1 item(s)
2020-01-19 10:34:49.040216 [NOTICE] [RequestGroup.cc:1216] Download complete: /dev/shm/dir_4859/tmp/subdir_7/out.dat
2020-01-19 10:33:52.467075 [NOTICE] [Context.cc:311] Downloading 1 item(s)
2020-01-19 10:34:01.743705 [NOTICE] [RequestGroup.cc:1216] Download complete: /dev/shm/dir_4859/tmp/subdir_8/out.dat
2020-01-19 10:34:02.323233 [NOTICE] [Context.cc:311] Downloading 1 item(s)
2020-01-19 10:34:11.569376 [NOTICE] [RequestGroup.cc:1216] Download complete: /dev/shm/dir_4859/tmp/subdir_8/out.dat
2020-01-19 10:34:12.055335 [NOTICE] [Context.cc:311] Downloading 1 item(s)
2020-01-19 10:34:21.299158 [NOTICE] [RequestGroup.cc:1216] Download complete: /dev/shm/dir_4859/tmp/subdir_8/out.dat
2020-01-19 10:34:21.761972 [NOTICE] [Context.cc:311] Downloading 1 item(s)
2020-01-19 10:34:31.074388 [NOTICE] [RequestGroup.cc:1216] Download complete: /dev/shm/dir_4859/tmp/subdir_8/out.dat
2020-01-19 10:34:31.592181 [NOTICE] [Context.cc:311] Downloading 1 item(s)
2020-01-19 10:34:40.072281 [NOTICE] [RequestGroup.cc:1216] Download complete: /dev/shm/dir_4859/tmp/subdir_8/out.dat
2020-01-19 10:34:40.665934 [NOTICE] [Context.cc:311] Downloading 1 item(s)
2020-01-19 10:34:49.086363 [NOTICE] [RequestGroup.cc:1216] Download complete: /dev/shm/dir_4859/tmp/subdir_8/out.dat
2020-01-19 10:33:52.467333 [NOTICE] [Context.cc:311] Downloading 1 item(s)
2020-01-19 10:34:01.824365 [NOTICE] [RequestGroup.cc:1216] Download complete: /dev/shm/dir_4859/tmp/subdir_9/out.dat
2020-01-19 10:34:02.410587 [NOTICE] [Context.cc:311] Downloading 1 item(s)
2020-01-19 10:34:12.934692 [NOTICE] [RequestGroup.cc:1216] Download complete: /dev/shm/dir_4859/tmp/subdir_9/out.dat
2020-01-19 10:34:13.483190 [NOTICE] [Context.cc:311] Downloading 1 item(s)
2020-01-19 10:34:22.701813 [NOTICE] [RequestGroup.cc:1216] Download complete: /dev/shm/dir_4859/tmp/subdir_9/out.dat
2020-01-19 10:34:23.009888 [NOTICE] [Context.cc:311] Downloading 1 item(s)
2020-01-19 10:34:32.175118 [NOTICE] [RequestGroup.cc:1216] Download complete: /dev/shm/dir_4859/tmp/subdir_9/out.dat
2020-01-19 10:34:32.596504 [NOTICE] [Context.cc:311] Downloading 1 item(s)
2020-01-19 10:34:41.605849 [NOTICE] [RequestGroup.cc:1216] Download complete: /dev/shm/dir_4859/tmp/subdir_9/out.dat
2020-01-19 10:34:42.164211 [NOTICE] [Context.cc:311] Downloading 1 item(s)
2020-01-19 10:34:49.754073 [NOTICE] [RequestGroup.cc:1216] Download complete: /dev/shm/dir_4859/tmp/subdir_9/out.dat
2020-01-19 10:33:52.467321 [NOTICE] [Context.cc:311] Downloading 1 item(s)
2020-01-19 10:34:01.701143 [NOTICE] [RequestGroup.cc:1216] Download complete: /dev/shm/dir_4859/tmp/subdir_10/out.dat
2020-01-19 10:34:02.232292 [NOTICE] [Context.cc:311] Downloading 1 item(s)
2020-01-19 10:34:11.896244 [NOTICE] [RequestGroup.cc:1216] Download complete: /dev/shm/dir_4859/tmp/subdir_10/out.dat
2020-01-19 10:34:12.443561 [NOTICE] [Context.cc:311] Downloading 1 item(s)
2020-01-19 10:34:21.898320 [NOTICE] [RequestGroup.cc:1216] Download complete: /dev/shm/dir_4859/tmp/subdir_10/out.dat
2020-01-19 10:34:22.414372 [NOTICE] [Context.cc:311] Downloading 1 item(s)
2020-01-19 10:34:30.824807 [NOTICE] [RequestGroup.cc:1216] Download complete: /dev/shm/dir_4859/tmp/subdir_10/out.dat
2020-01-19 10:34:31.399262 [NOTICE] [Context.cc:311] Downloading 1 item(s)
2020-01-19 10:34:40.215628 [NOTICE] [RequestGroup.cc:1216] Download complete: /dev/shm/dir_4859/tmp/subdir_10/out.dat
2020-01-19 10:34:40.726341 [NOTICE] [Context.cc:311] Downloading 1 item(s)
2020-01-19 10:34:49.346838 [NOTICE] [RequestGroup.cc:1216] Download complete: /dev/shm/dir_4859/tmp/subdir_10/out.dat
2020-01-19 10:33:52.467571 [NOTICE] [Context.cc:311] Downloading 1 item(s)
2020-01-19 10:34:02.383917 [NOTICE] [RequestGroup.cc:1216] Download complete: /dev/shm/dir_4859/tmp/subdir_11/out.dat
2020-01-19 10:34:02.805068 [NOTICE] [Context.cc:311] Downloading 1 item(s)
2020-01-19 10:34:12.146878 [NOTICE] [RequestGroup.cc:1216] Download complete: /dev/shm/dir_4859/tmp/subdir_11/out.dat
2020-01-19 10:34:12.593845 [NOTICE] [Context.cc:311] Downloading 1 item(s)
2020-01-19 10:34:23.518291 [NOTICE] [RequestGroup.cc:1216] Download complete: /dev/shm/dir_4859/tmp/subdir_11/out.dat
2020-01-19 10:34:23.821824 [NOTICE] [Context.cc:311] Downloading 1 item(s)
2020-01-19 10:34:32.332498 [NOTICE] [RequestGroup.cc:1216] Download complete: /dev/shm/dir_4859/tmp/subdir_11/out.dat
2020-01-19 10:34:32.688002 [NOTICE] [Context.cc:311] Downloading 1 item(s)
2020-01-19 10:34:40.051316 [NOTICE] [RequestGroup.cc:1216] Download complete: /dev/shm/dir_4859/tmp/subdir_11/out.dat
2020-01-19 10:34:40.500372 [NOTICE] [Context.cc:311] Downloading 1 item(s)
2020-01-19 10:34:49.379447 [NOTICE] [RequestGroup.cc:1216] Download complete: /dev/shm/dir_4859/tmp/subdir_11/out.dat
2020-01-19 10:33:52.482747 [NOTICE] [Context.cc:311] Downloading 1 item(s)
2020-01-19 10:34:01.763191 [NOTICE] [RequestGroup.cc:1216] Download complete: /dev/shm/dir_4859/tmp/subdir_12/out.dat
2020-01-19 10:34:02.407942 [NOTICE] [Context.cc:311] Downloading 1 item(s)
2020-01-19 10:34:10.813941 [NOTICE] [RequestGroup.cc:1216] Download complete: /dev/shm/dir_4859/tmp/subdir_12/out.dat
2020-01-19 10:34:11.079196 [NOTICE] [Context.cc:311] Downloading 1 item(s)
2020-01-19 10:34:21.259263 [NOTICE] [RequestGroup.cc:1216] Download complete: /dev/shm/dir_4859/tmp/subdir_12/out.dat
2020-01-19 10:34:21.950444 [NOTICE] [Context.cc:311] Downloading 1 item(s)
2020-01-19 10:34:31.804952 [NOTICE] [RequestGroup.cc:1216] Download complete: /dev/shm/dir_4859/tmp/subdir_12/out.dat
2020-01-19 10:34:32.235188 [NOTICE] [Context.cc:311] Downloading 1 item(s)
2020-01-19 10:34:41.270538 [NOTICE] [RequestGroup.cc:1216] Download complete: /dev/shm/dir_4859/tmp/subdir_12/out.dat
2020-01-19 10:34:41.793578 [NOTICE] [Context.cc:311] Downloading 1 item(s)
2020-01-19 10:34:49.739652 [NOTICE] [RequestGroup.cc:1216] Download complete: /dev/shm/dir_4859/tmp/subdir_12/out.dat
2020-01-19 10:33:52.468274 [NOTICE] [Context.cc:311] Downloading 1 item(s)
2020-01-19 10:34:04.398163 [NOTICE] [RequestGroup.cc:1216] Download complete: /dev/shm/dir_4859/tmp/subdir_13/out.dat
2020-01-19 10:34:04.679007 [NOTICE] [Context.cc:311] Downloading 1 item(s)
2020-01-19 10:34:12.994881 [NOTICE] [RequestGroup.cc:1216] Download complete: /dev/shm/dir_4859/tmp/subdir_13/out.dat
2020-01-19 10:34:13.503173 [NOTICE] [Context.cc:311] Downloading 1 item(s)
2020-01-19 10:34:21.726991 [NOTICE] [RequestGroup.cc:1216] Download complete: /dev/shm/dir_4859/tmp/subdir_13/out.dat
2020-01-19 10:34:22.181097 [NOTICE] [Context.cc:311] Downloading 1 item(s)
2020-01-19 10:34:31.169385 [NOTICE] [RequestGroup.cc:1216] Download complete: /dev/shm/dir_4859/tmp/subdir_13/out.dat
2020-01-19 10:34:31.683026 [NOTICE] [Context.cc:311] Downloading 1 item(s)
2020-01-19 10:34:40.246712 [NOTICE] [RequestGroup.cc:1216] Download complete: /dev/shm/dir_4859/tmp/subdir_13/out.dat
2020-01-19 10:34:40.764120 [NOTICE] [Context.cc:311] Downloading 1 item(s)
2020-01-19 10:34:48.965038 [NOTICE] [RequestGroup.cc:1216] Download complete: /dev/shm/dir_4859/tmp/subdir_13/out.dat
2020-01-19 10:33:52.469093 [NOTICE] [Context.cc:311] Downloading 1 item(s)
2020-01-19 10:34:01.907871 [NOTICE] [RequestGroup.cc:1216] Download complete: /dev/shm/dir_4859/tmp/subdir_14/out.dat
2020-01-19 10:34:02.509353 [NOTICE] [Context.cc:311] Downloading 1 item(s)
2020-01-19 10:34:11.555323 [NOTICE] [RequestGroup.cc:1216] Download complete: /dev/shm/dir_4859/tmp/subdir_14/out.dat
2020-01-19 10:34:12.066365 [NOTICE] [Context.cc:311] Downloading 1 item(s)
2020-01-19 10:34:22.401068 [NOTICE] [RequestGroup.cc:1216] Download complete: /dev/shm/dir_4859/tmp/subdir_14/out.dat
2020-01-19 10:34:22.885108 [NOTICE] [Context.cc:311] Downloading 1 item(s)
2020-01-19 10:34:31.498060 [NOTICE] [RequestGroup.cc:1216] Download complete: /dev/shm/dir_4859/tmp/subdir_14/out.dat
2020-01-19 10:34:31.940438 [NOTICE] [Context.cc:311] Downloading 1 item(s)
2020-01-19 10:34:39.844758 [NOTICE] [RequestGroup.cc:1216] Download complete: /dev/shm/dir_4859/tmp/subdir_14/out.dat
2020-01-19 10:34:40.159622 [NOTICE] [Context.cc:311] Downloading 1 item(s)
2020-01-19 10:34:48.085284 [NOTICE] [RequestGroup.cc:1216] Download complete: /dev/shm/dir_4859/tmp/subdir_14/out.dat
2020-01-19 10:33:52.486832 [NOTICE] [Context.cc:311] Downloading 1 item(s)
2020-01-19 10:34:01.767238 [NOTICE] [RequestGroup.cc:1216] Download complete: /dev/shm/dir_4859/tmp/subdir_15/out.dat
2020-01-19 10:34:02.243753 [NOTICE] [Context.cc:311] Downloading 1 item(s)
2020-01-19 10:34:12.238088 [NOTICE] [RequestGroup.cc:1216] Download complete: /dev/shm/dir_4859/tmp/subdir_15/out.dat
2020-01-19 10:34:12.648776 [NOTICE] [Context.cc:311] Downloading 1 item(s)
2020-01-19 10:34:21.514273 [NOTICE] [RequestGroup.cc:1216] Download complete: /dev/shm/dir_4859/tmp/subdir_15/out.dat
2020-01-19 10:34:22.018477 [NOTICE] [Context.cc:311] Downloading 1 item(s)
2020-01-19 10:34:31.211161 [NOTICE] [RequestGroup.cc:1216] Download complete: /dev/shm/dir_4859/tmp/subdir_15/out.dat
2020-01-19 10:34:31.712974 [NOTICE] [Context.cc:311] Downloading 1 item(s)
2020-01-19 10:34:40.212318 [NOTICE] [RequestGroup.cc:1216] Download complete: /dev/shm/dir_4859/tmp/subdir_15/out.dat
2020-01-19 10:34:40.702076 [NOTICE] [Context.cc:311] Downloading 1 item(s)
2020-01-19 10:34:50.489307 [NOTICE] [RequestGroup.cc:1216] Download complete: /dev/shm/dir_4859/tmp/subdir_15/out.dat
2020-01-19 10:33:52.494325 [NOTICE] [Context.cc:311] Downloading 1 item(s)
2020-01-19 10:34:01.857317 [NOTICE] [RequestGroup.cc:1216] Download complete: /dev/shm/dir_4859/tmp/subdir_16/out.dat
2020-01-19 10:34:02.609465 [NOTICE] [Context.cc:311] Downloading 1 item(s)
2020-01-19 10:34:11.645378 [NOTICE] [RequestGroup.cc:1216] Download complete: /dev/shm/dir_4859/tmp/subdir_16/out.dat
2020-01-19 10:34:12.133386 [NOTICE] [Context.cc:311] Downloading 1 item(s)
2020-01-19 10:34:20.953862 [NOTICE] [RequestGroup.cc:1216] Download complete: /dev/shm/dir_4859/tmp/subdir_16/out.dat
2020-01-19 10:34:21.404824 [NOTICE] [Context.cc:311] Downloading 1 item(s)
2020-01-19 10:34:29.691029 [NOTICE] [RequestGroup.cc:1216] Download complete: /dev/shm/dir_4859/tmp/subdir_16/out.dat
2020-01-19 10:34:29.966864 [NOTICE] [Context.cc:311] Downloading 1 item(s)
2020-01-19 10:34:37.386749 [NOTICE] [RequestGroup.cc:1216] Download complete: /dev/shm/dir_4859/tmp/subdir_16/out.dat
2020-01-19 10:34:37.701914 [NOTICE] [Context.cc:311] Downloading 1 item(s)
2020-01-19 10:34:46.148299 [NOTICE] [RequestGroup.cc:1216] Download complete: /dev/shm/dir_4859/tmp/subdir_16/out.dat
2020-01-19 10:33:52.495669 [NOTICE] [Context.cc:311] Downloading 1 item(s)
2020-01-19 10:34:01.721553 [NOTICE] [RequestGroup.cc:1216] Download complete: /dev/shm/dir_4859/tmp/subdir_17/out.dat
2020-01-19 10:34:02.226543 [NOTICE] [Context.cc:311] Downloading 1 item(s)
2020-01-19 10:34:10.859613 [NOTICE] [RequestGroup.cc:1216] Download complete: /dev/shm/dir_4859/tmp/subdir_17/out.dat
2020-01-19 10:34:11.170594 [NOTICE] [Context.cc:311] Downloading 1 item(s)
2020-01-19 10:34:20.971975 [NOTICE] [RequestGroup.cc:1216] Download complete: /dev/shm/dir_4859/tmp/subdir_17/out.dat
2020-01-19 10:34:21.431704 [NOTICE] [Context.cc:311] Downloading 1 item(s)
2020-01-19 10:34:31.432366 [NOTICE] [RequestGroup.cc:1216] Download complete: /dev/shm/dir_4859/tmp/subdir_17/out.dat
2020-01-19 10:34:31.878678 [NOTICE] [Context.cc:311] Downloading 1 item(s)
2020-01-19 10:34:40.019281 [NOTICE] [RequestGroup.cc:1216] Download complete: /dev/shm/dir_4859/tmp/subdir_17/out.dat
2020-01-19 10:34:40.503612 [NOTICE] [Context.cc:311] Downloading 1 item(s)
2020-01-19 10:34:49.360855 [NOTICE] [RequestGroup.cc:1216] Download complete: /dev/shm/dir_4859/tmp/subdir_17/out.dat
2020-01-19 10:33:52.471357 [NOTICE] [Context.cc:311] Downloading 1 item(s)
2020-01-19 10:34:02.104317 [NOTICE] [RequestGroup.cc:1216] Download complete: /dev/shm/dir_4859/tmp/subdir_18/out.dat
2020-01-19 10:34:02.676484 [NOTICE] [Context.cc:311] Downloading 1 item(s)
2020-01-19 10:34:11.740638 [NOTICE] [RequestGroup.cc:1216] Download complete: /dev/shm/dir_4859/tmp/subdir_18/out.dat
2020-01-19 10:34:12.353292 [NOTICE] [Context.cc:311] Downloading 1 item(s)
2020-01-19 10:34:21.089687 [NOTICE] [RequestGroup.cc:1216] Download complete: /dev/shm/dir_4859/tmp/subdir_18/out.dat
2020-01-19 10:34:21.876513 [NOTICE] [Context.cc:311] Downloading 1 item(s)
2020-01-19 10:34:36.993331 [NOTICE] [RequestGroup.cc:1216] Download complete: /dev/shm/dir_4859/tmp/subdir_18/out.dat
2020-01-19 10:34:37.281666 [NOTICE] [Context.cc:311] Downloading 1 item(s)
2020-01-19 10:34:46.300773 [NOTICE] [RequestGroup.cc:1216] Download complete: /dev/shm/dir_4859/tmp/subdir_18/out.dat
2020-01-19 10:34:46.703921 [NOTICE] [Context.cc:311] Downloading 1 item(s)
2020-01-19 10:34:50.959636 [NOTICE] [RequestGroup.cc:1216] Download complete: /dev/shm/dir_4859/tmp/subdir_18/out.dat
2020-01-19 10:33:52.470986 [NOTICE] [Context.cc:311] Downloading 1 item(s)
2020-01-19 10:34:02.211653 [NOTICE] [RequestGroup.cc:1216] Download complete: /dev/shm/dir_4859/tmp/subdir_19/out.dat
2020-01-19 10:34:02.664383 [NOTICE] [Context.cc:311] Downloading 1 item(s)
2020-01-19 10:34:12.557113 [NOTICE] [RequestGroup.cc:1216] Download complete: /dev/shm/dir_4859/tmp/subdir_19/out.dat
2020-01-19 10:34:13.007982 [NOTICE] [Context.cc:311] Downloading 1 item(s)
2020-01-19 10:34:22.943701 [NOTICE] [RequestGroup.cc:1216] Download complete: /dev/shm/dir_4859/tmp/subdir_19/out.dat
2020-01-19 10:34:23.260511 [NOTICE] [Context.cc:311] Downloading 1 item(s)
2020-01-19 10:34:31.110201 [NOTICE] [RequestGroup.cc:1216] Download complete: /dev/shm/dir_4859/tmp/subdir_19/out.dat
2020-01-19 10:34:31.648230 [NOTICE] [Context.cc:311] Downloading 1 item(s)
2020-01-19 10:34:40.295402 [NOTICE] [RequestGroup.cc:1216] Download complete: /dev/shm/dir_4859/tmp/subdir_19/out.dat
2020-01-19 10:34:40.869464 [NOTICE] [Context.cc:311] Downloading 1 item(s)
2020-01-19 10:34:49.230505 [NOTICE] [RequestGroup.cc:1216] Download complete: /dev/shm/dir_4859/tmp/subdir_19/out.dat
2020-01-19 10:33:52.522990 [NOTICE] [Context.cc:311] Downloading 1 item(s)
2020-01-19 10:34:02.455072 [NOTICE] [RequestGroup.cc:1216] Download complete: /dev/shm/dir_4859/tmp/subdir_20/out.dat
2020-01-19 10:34:02.863298 [NOTICE] [Context.cc:311] Downloading 1 item(s)
2020-01-19 10:34:11.939166 [NOTICE] [RequestGroup.cc:1216] Download complete: /dev/shm/dir_4859/tmp/subdir_20/out.dat
2020-01-19 10:34:12.373815 [NOTICE] [Context.cc:311] Downloading 1 item(s)
2020-01-19 10:34:20.999112 [NOTICE] [RequestGroup.cc:1216] Download complete: /dev/shm/dir_4859/tmp/subdir_20/out.dat
2020-01-19 10:34:21.566201 [NOTICE] [Context.cc:311] Downloading 1 item(s)
2020-01-19 10:34:31.567709 [NOTICE] [RequestGroup.cc:1216] Download complete: /dev/shm/dir_4859/tmp/subdir_20/out.dat
2020-01-19 10:34:31.969185 [NOTICE] [Context.cc:311] Downloading 1 item(s)
2020-01-19 10:34:40.027560 [NOTICE] [RequestGroup.cc:1216] Download complete: /dev/shm/dir_4859/tmp/subdir_20/out.dat
2020-01-19 10:34:40.570755 [NOTICE] [Context.cc:311] Downloading 1 item(s)
2020-01-19 10:34:49.052878 [NOTICE] [RequestGroup.cc:1216] Download complete: /dev/shm/dir_4859/tmp/subdir_20/out.dat
2020-01-19 10:33:52.498287 [NOTICE] [Context.cc:311] Downloading 1 item(s)
2020-01-19 10:34:02.178656 [NOTICE] [RequestGroup.cc:1216] Download complete: /dev/shm/dir_4859/tmp/subdir_21/out.dat
2020-01-19 10:34:02.638266 [NOTICE] [Context.cc:311] Downloading 1 item(s)
2020-01-19 10:34:11.632091 [NOTICE] [RequestGroup.cc:1216] Download complete: /dev/shm/dir_4859/tmp/subdir_21/out.dat
2020-01-19 10:34:12.041920 [NOTICE] [Context.cc:311] Downloading 1 item(s)
2020-01-19 10:34:21.489461 [NOTICE] [RequestGroup.cc:1216] Download complete: /dev/shm/dir_4859/tmp/subdir_21/out.dat
2020-01-19 10:34:21.915368 [NOTICE] [Context.cc:311] Downloading 1 item(s)
2020-01-19 10:34:31.220271 [NOTICE] [RequestGroup.cc:1216] Download complete: /dev/shm/dir_4859/tmp/subdir_21/out.dat
2020-01-19 10:34:31.796443 [NOTICE] [Context.cc:311] Downloading 1 item(s)
2020-01-19 10:34:40.069693 [NOTICE] [RequestGroup.cc:1216] Download complete: /dev/shm/dir_4859/tmp/subdir_21/out.dat
2020-01-19 10:34:40.696663 [NOTICE] [Context.cc:311] Downloading 1 item(s)
2020-01-19 10:34:48.901521 [NOTICE] [RequestGroup.cc:1216] Download complete: /dev/shm/dir_4859/tmp/subdir_21/out.dat
2020-01-19 10:33:52.508072 [NOTICE] [Context.cc:311] Downloading 1 item(s)
2020-01-19 10:34:01.838334 [NOTICE] [RequestGroup.cc:1216] Download complete: /dev/shm/dir_4859/tmp/subdir_22/out.dat
2020-01-19 10:34:02.371045 [NOTICE] [Context.cc:311] Downloading 1 item(s)
2020-01-19 10:34:11.676957 [NOTICE] [RequestGroup.cc:1216] Download complete: /dev/shm/dir_4859/tmp/subdir_22/out.dat
2020-01-19 10:34:12.360706 [NOTICE] [Context.cc:311] Downloading 1 item(s)
2020-01-19 10:34:21.299930 [NOTICE] [RequestGroup.cc:1216] Download complete: /dev/shm/dir_4859/tmp/subdir_22/out.dat
2020-01-19 10:34:21.931402 [NOTICE] [Context.cc:311] Downloading 1 item(s)
2020-01-19 10:34:30.675395 [NOTICE] [RequestGroup.cc:1216] Download complete: /dev/shm/dir_4859/tmp/subdir_22/out.dat
2020-01-19 10:34:31.085470 [NOTICE] [Context.cc:311] Downloading 1 item(s)
2020-01-19 10:34:40.997484 [NOTICE] [RequestGroup.cc:1216] Download complete: /dev/shm/dir_4859/tmp/subdir_22/out.dat
2020-01-19 10:34:41.525183 [NOTICE] [Context.cc:311] Downloading 1 item(s)
2020-01-19 10:34:48.968213 [NOTICE] [RequestGroup.cc:1216] Download complete: /dev/shm/dir_4859/tmp/subdir_22/out.dat
2020-01-19 10:33:52.504505 [NOTICE] [Context.cc:311] Downloading 1 item(s)
2020-01-19 10:34:01.306301 [NOTICE] [RequestGroup.cc:1216] Download complete: /dev/shm/dir_4859/tmp/subdir_23/out.dat
2020-01-19 10:34:01.517738 [NOTICE] [Context.cc:311] Downloading 1 item(s)
2020-01-19 10:34:11.333159 [NOTICE] [RequestGroup.cc:1216] Download complete: /dev/shm/dir_4859/tmp/subdir_23/out.dat
2020-01-19 10:34:11.786815 [NOTICE] [Context.cc:311] Downloading 1 item(s)
2020-01-19 10:34:20.649202 [NOTICE] [RequestGroup.cc:1216] Download complete: /dev/shm/dir_4859/tmp/subdir_23/out.dat
2020-01-19 10:34:20.923657 [NOTICE] [Context.cc:311] Downloading 1 item(s)
2020-01-19 10:34:28.967251 [NOTICE] [RequestGroup.cc:1216] Download complete: /dev/shm/dir_4859/tmp/subdir_23/out.dat
2020-01-19 10:34:29.363053 [NOTICE] [Context.cc:311] Downloading 1 item(s)
2020-01-19 10:34:37.774193 [NOTICE] [RequestGroup.cc:1216] Download complete: /dev/shm/dir_4859/tmp/subdir_23/out.dat
2020-01-19 10:34:38.060490 [NOTICE] [Context.cc:311] Downloading 1 item(s)
2020-01-19 10:34:47.222024 [NOTICE] [RequestGroup.cc:1216] Download complete: /dev/shm/dir_4859/tmp/subdir_23/out.dat
=========  End detailed log  =======
