INFO: CLOUD_REGION = "AWS-us-east-1"
INFO: Server region uscentral
INFO: Parallelism 24
INFO: URL http://osg.chic.nrp.internet2.edu:9001/user/dweitzel/public/chep/file.cvmfs.1000
========== Warmup
Thu Jan  9 06:05:52 UTC 2020
RC: 0
elapsed: 4
Thu Jan  9 06:05:56 UTC 2020
-rw-r--r-- 1 nobody nobody 1048576000 Jan  9 06:05 out.dat
af76bc279efd51c475fd32d4b317131b  out.dat
MiBps: 262
Thu Jan  9 06:05:58 UTC 2020
========== Single curl
Thu Jan  9 06:05:58 UTC 2020
RC: 0
elapsed: 13
Thu Jan  9 06:06:11 UTC 2020
-rw-r--r-- 1 nobody nobody 1048576000 Jan  9 06:06 out.dat
af76bc279efd51c475fd32d4b317131b  out.dat
MiBps: 80
Thu Jan  9 06:06:13 UTC 2020
========== Single aria2c
Thu Jan  9 06:06:13 UTC 2020
RC: 0
elaped: 4
-rw-r--r-- 1 nobody nobody 1048576000 Jan  9 06:06 out.dat
af76bc279efd51c475fd32d4b317131b  out.dat
MiBps: 262
Thu Jan  9 06:06:19 UTC 2020
========== Multiple aria2c: 24
Thu Jan  9 06:06:19 UTC 2020
RC: 0
RC: 0
RC: 0
RC: 0
RC: 0
RC: 0
RC: 0
RC: 0
RC: 0
RC: 0
RC: 0
RC: 0
RC: 0
RC: 0
RC: 0
RC: 0
RC: 0
RC: 0
RC: 0
RC: 0
RC: 0
RC: 0
RC: 0
RC: 0
RC: 0
RC: 0
RC: 0
RC: 0
RC: 0
RC: 0
RC: 0
RC: 0
RC: 0
RC: 0
RC: 0
RC: 0
RC: 0
RC: 0
RC: 0
RC: 0
RC: 0
RC: 0
RC: 0
RC: 0
RC: 0
RC: 0
RC: 0
RC: 0
RC: 0
RC: 0
RC: 0
RC: 0
RC: 0
RC: 0
RC: 0
RC: 0
RC: 0
RC: 0
RC: 0
RC: 0
RC: 0
RC: 0
RC: 0
RC: 0
RC: 0
RC: 0
RC: 0
RC: 0
RC: 0
RC: 0
RC: 0
RC: 0
RC: 0
RC: 0
RC: 0
RC: 0
RC: 0
RC: 0
RC: 0
RC: 0
RC: 0
RC: 0
RC: 0
RC: 0
RC: 0
RC: 0
RC: 0
RC: 0
RC: 0
RC: 0
RC: 0
RC: 0
RC: 0
RC: 0
RC: 0
RC: 0
RC: 0
RC: 0
RC: 0
RC: 0
RC: 0
RC: 0
RC: 0
RC: 0
RC: 0
RC: 0
RC: 0
RC: 0
RC: 0
RC: 0
RC: 0
RC: 0
RC: 0
RC: 0
RC: 0
RC: 0
RC: 0
RC: 0
RC: 0
RC: 0
RC: 0
RC: 0
RC: 0
RC: 0
RC: 0
RC: 0
RC: 0
RC: 0
RC: 0
RC: 0
RC: 0
RC: 0
RC: 0
RC: 0
RC: 0
RC: 0
RC: 0
RC: 0
RC: 0
RC: 0
RC: 0
RC: 0
RC: 0
RC: 0
elaped: 163
MiBps: 926
Thu Jan  9 06:09:02 UTC 2020
========= Start detailed log =======
2020-01-09 06:06:19.236026 [NOTICE] [Context.cc:311] Downloading 1 item(s)
2020-01-09 06:06:45.917478 [NOTICE] [RequestGroup.cc:1216] Download complete: /dev/shm/dir_5028/tmp/subdir_0/out.dat
2020-01-09 06:06:46.035571 [NOTICE] [Context.cc:311] Downloading 1 item(s)
2020-01-09 06:07:12.523586 [NOTICE] [RequestGroup.cc:1216] Download complete: /dev/shm/dir_5028/tmp/subdir_0/out.dat
2020-01-09 06:07:12.646136 [NOTICE] [Context.cc:311] Downloading 1 item(s)
2020-01-09 06:07:38.787812 [NOTICE] [RequestGroup.cc:1216] Download complete: /dev/shm/dir_5028/tmp/subdir_0/out.dat
2020-01-09 06:07:38.916021 [NOTICE] [Context.cc:311] Downloading 1 item(s)
2020-01-09 06:08:04.538389 [NOTICE] [RequestGroup.cc:1216] Download complete: /dev/shm/dir_5028/tmp/subdir_0/out.dat
2020-01-09 06:08:04.671684 [NOTICE] [Context.cc:311] Downloading 1 item(s)
2020-01-09 06:08:31.067040 [NOTICE] [RequestGroup.cc:1216] Download complete: /dev/shm/dir_5028/tmp/subdir_0/out.dat
2020-01-09 06:08:31.182139 [NOTICE] [Context.cc:311] Downloading 1 item(s)
2020-01-09 06:08:58.771288 [NOTICE] [RequestGroup.cc:1216] Download complete: /dev/shm/dir_5028/tmp/subdir_0/out.dat
2020-01-09 06:06:19.224719 [NOTICE] [Context.cc:311] Downloading 1 item(s)
2020-01-09 06:06:46.422514 [NOTICE] [RequestGroup.cc:1216] Download complete: /dev/shm/dir_5028/tmp/subdir_1/out.dat
2020-01-09 06:06:46.595988 [NOTICE] [Context.cc:311] Downloading 1 item(s)
2020-01-09 06:07:13.712704 [NOTICE] [RequestGroup.cc:1216] Download complete: /dev/shm/dir_5028/tmp/subdir_1/out.dat
2020-01-09 06:07:13.841089 [NOTICE] [Context.cc:311] Downloading 1 item(s)
2020-01-09 06:07:41.289672 [NOTICE] [RequestGroup.cc:1216] Download complete: /dev/shm/dir_5028/tmp/subdir_1/out.dat
2020-01-09 06:07:41.413138 [NOTICE] [Context.cc:311] Downloading 1 item(s)
2020-01-09 06:08:07.721178 [NOTICE] [RequestGroup.cc:1216] Download complete: /dev/shm/dir_5028/tmp/subdir_1/out.dat
2020-01-09 06:08:07.858348 [NOTICE] [Context.cc:311] Downloading 1 item(s)
2020-01-09 06:08:35.182010 [NOTICE] [RequestGroup.cc:1216] Download complete: /dev/shm/dir_5028/tmp/subdir_1/out.dat
2020-01-09 06:08:35.300616 [NOTICE] [Context.cc:311] Downloading 1 item(s)
2020-01-09 06:09:01.908630 [NOTICE] [RequestGroup.cc:1216] Download complete: /dev/shm/dir_5028/tmp/subdir_1/out.dat
2020-01-09 06:06:19.224499 [NOTICE] [Context.cc:311] Downloading 1 item(s)
2020-01-09 06:06:46.443676 [NOTICE] [RequestGroup.cc:1216] Download complete: /dev/shm/dir_5028/tmp/subdir_2/out.dat
2020-01-09 06:06:46.629102 [NOTICE] [Context.cc:311] Downloading 1 item(s)
2020-01-09 06:07:13.895951 [NOTICE] [RequestGroup.cc:1216] Download complete: /dev/shm/dir_5028/tmp/subdir_2/out.dat
2020-01-09 06:07:14.022701 [NOTICE] [Context.cc:311] Downloading 1 item(s)
2020-01-09 06:07:41.469923 [NOTICE] [RequestGroup.cc:1216] Download complete: /dev/shm/dir_5028/tmp/subdir_2/out.dat
2020-01-09 06:07:41.587724 [NOTICE] [Context.cc:311] Downloading 1 item(s)
2020-01-09 06:08:08.314567 [NOTICE] [RequestGroup.cc:1216] Download complete: /dev/shm/dir_5028/tmp/subdir_2/out.dat
2020-01-09 06:08:08.444472 [NOTICE] [Context.cc:311] Downloading 1 item(s)
2020-01-09 06:08:35.091746 [NOTICE] [RequestGroup.cc:1216] Download complete: /dev/shm/dir_5028/tmp/subdir_2/out.dat
2020-01-09 06:08:35.217457 [NOTICE] [Context.cc:311] Downloading 1 item(s)
2020-01-09 06:09:01.424438 [NOTICE] [RequestGroup.cc:1216] Download complete: /dev/shm/dir_5028/tmp/subdir_2/out.dat
2020-01-09 06:06:19.224824 [NOTICE] [Context.cc:311] Downloading 1 item(s)
2020-01-09 06:06:45.840567 [NOTICE] [RequestGroup.cc:1216] Download complete: /dev/shm/dir_5028/tmp/subdir_3/out.dat
2020-01-09 06:06:45.968176 [NOTICE] [Context.cc:311] Downloading 1 item(s)
2020-01-09 06:07:12.950082 [NOTICE] [RequestGroup.cc:1216] Download complete: /dev/shm/dir_5028/tmp/subdir_3/out.dat
2020-01-09 06:07:13.058867 [NOTICE] [Context.cc:311] Downloading 1 item(s)
2020-01-09 06:07:39.649718 [NOTICE] [RequestGroup.cc:1216] Download complete: /dev/shm/dir_5028/tmp/subdir_3/out.dat
2020-01-09 06:07:39.765645 [NOTICE] [Context.cc:311] Downloading 1 item(s)
2020-01-09 06:08:06.041821 [NOTICE] [RequestGroup.cc:1216] Download complete: /dev/shm/dir_5028/tmp/subdir_3/out.dat
2020-01-09 06:08:06.150566 [NOTICE] [Context.cc:311] Downloading 1 item(s)
2020-01-09 06:08:32.871689 [NOTICE] [RequestGroup.cc:1216] Download complete: /dev/shm/dir_5028/tmp/subdir_3/out.dat
2020-01-09 06:08:33.010708 [NOTICE] [Context.cc:311] Downloading 1 item(s)
2020-01-09 06:09:00.863424 [NOTICE] [RequestGroup.cc:1216] Download complete: /dev/shm/dir_5028/tmp/subdir_3/out.dat
2020-01-09 06:06:19.225070 [NOTICE] [Context.cc:311] Downloading 1 item(s)
2020-01-09 06:06:45.151592 [NOTICE] [RequestGroup.cc:1216] Download complete: /dev/shm/dir_5028/tmp/subdir_4/out.dat
2020-01-09 06:06:45.250745 [NOTICE] [Context.cc:311] Downloading 1 item(s)
2020-01-09 06:07:11.654954 [NOTICE] [RequestGroup.cc:1216] Download complete: /dev/shm/dir_5028/tmp/subdir_4/out.dat
2020-01-09 06:07:11.771063 [NOTICE] [Context.cc:311] Downloading 1 item(s)
2020-01-09 06:07:38.462035 [NOTICE] [RequestGroup.cc:1216] Download complete: /dev/shm/dir_5028/tmp/subdir_4/out.dat
2020-01-09 06:07:38.584102 [NOTICE] [Context.cc:311] Downloading 1 item(s)
2020-01-09 06:08:04.613477 [NOTICE] [RequestGroup.cc:1216] Download complete: /dev/shm/dir_5028/tmp/subdir_4/out.dat
2020-01-09 06:08:04.768730 [NOTICE] [Context.cc:311] Downloading 1 item(s)
2020-01-09 06:08:31.271418 [NOTICE] [RequestGroup.cc:1216] Download complete: /dev/shm/dir_5028/tmp/subdir_4/out.dat
2020-01-09 06:08:31.383703 [NOTICE] [Context.cc:311] Downloading 1 item(s)
2020-01-09 06:08:57.784687 [NOTICE] [RequestGroup.cc:1216] Download complete: /dev/shm/dir_5028/tmp/subdir_4/out.dat
2020-01-09 06:06:19.225189 [NOTICE] [Context.cc:311] Downloading 1 item(s)
2020-01-09 06:06:46.209829 [NOTICE] [RequestGroup.cc:1216] Download complete: /dev/shm/dir_5028/tmp/subdir_5/out.dat
2020-01-09 06:06:46.345257 [NOTICE] [Context.cc:311] Downloading 1 item(s)
2020-01-09 06:07:13.658678 [NOTICE] [RequestGroup.cc:1216] Download complete: /dev/shm/dir_5028/tmp/subdir_5/out.dat
2020-01-09 06:07:13.780196 [NOTICE] [Context.cc:311] Downloading 1 item(s)
2020-01-09 06:07:40.450526 [NOTICE] [RequestGroup.cc:1216] Download complete: /dev/shm/dir_5028/tmp/subdir_5/out.dat
2020-01-09 06:07:40.582093 [NOTICE] [Context.cc:311] Downloading 1 item(s)
2020-01-09 06:08:07.302314 [NOTICE] [RequestGroup.cc:1216] Download complete: /dev/shm/dir_5028/tmp/subdir_5/out.dat
2020-01-09 06:08:07.412448 [NOTICE] [Context.cc:311] Downloading 1 item(s)
2020-01-09 06:08:34.762971 [NOTICE] [RequestGroup.cc:1216] Download complete: /dev/shm/dir_5028/tmp/subdir_5/out.dat
2020-01-09 06:08:34.873274 [NOTICE] [Context.cc:311] Downloading 1 item(s)
2020-01-09 06:09:01.244470 [NOTICE] [RequestGroup.cc:1216] Download complete: /dev/shm/dir_5028/tmp/subdir_5/out.dat
2020-01-09 06:06:19.225045 [NOTICE] [Context.cc:311] Downloading 1 item(s)
2020-01-09 06:06:45.907844 [NOTICE] [RequestGroup.cc:1216] Download complete: /dev/shm/dir_5028/tmp/subdir_6/out.dat
2020-01-09 06:06:46.030213 [NOTICE] [Context.cc:311] Downloading 1 item(s)
2020-01-09 06:07:13.239209 [NOTICE] [RequestGroup.cc:1216] Download complete: /dev/shm/dir_5028/tmp/subdir_6/out.dat
2020-01-09 06:07:13.357424 [NOTICE] [Context.cc:311] Downloading 1 item(s)
2020-01-09 06:07:40.498432 [NOTICE] [RequestGroup.cc:1216] Download complete: /dev/shm/dir_5028/tmp/subdir_6/out.dat
2020-01-09 06:07:40.620153 [NOTICE] [Context.cc:311] Downloading 1 item(s)
2020-01-09 06:08:07.692337 [NOTICE] [RequestGroup.cc:1216] Download complete: /dev/shm/dir_5028/tmp/subdir_6/out.dat
2020-01-09 06:08:07.816548 [NOTICE] [Context.cc:311] Downloading 1 item(s)
2020-01-09 06:08:34.310916 [NOTICE] [RequestGroup.cc:1216] Download complete: /dev/shm/dir_5028/tmp/subdir_6/out.dat
2020-01-09 06:08:34.438895 [NOTICE] [Context.cc:311] Downloading 1 item(s)
2020-01-09 06:09:01.787304 [NOTICE] [RequestGroup.cc:1216] Download complete: /dev/shm/dir_5028/tmp/subdir_6/out.dat
2020-01-09 06:06:19.236916 [NOTICE] [Context.cc:311] Downloading 1 item(s)
2020-01-09 06:06:46.885515 [NOTICE] [RequestGroup.cc:1216] Download complete: /dev/shm/dir_5028/tmp/subdir_7/out.dat
2020-01-09 06:06:47.016951 [NOTICE] [Context.cc:311] Downloading 1 item(s)
2020-01-09 06:07:14.760157 [NOTICE] [RequestGroup.cc:1216] Download complete: /dev/shm/dir_5028/tmp/subdir_7/out.dat
2020-01-09 06:07:14.885755 [NOTICE] [Context.cc:311] Downloading 1 item(s)
2020-01-09 06:07:41.307240 [NOTICE] [RequestGroup.cc:1216] Download complete: /dev/shm/dir_5028/tmp/subdir_7/out.dat
2020-01-09 06:07:41.432540 [NOTICE] [Context.cc:311] Downloading 1 item(s)
2020-01-09 06:08:09.222721 [NOTICE] [RequestGroup.cc:1216] Download complete: /dev/shm/dir_5028/tmp/subdir_7/out.dat
2020-01-09 06:08:09.344701 [NOTICE] [Context.cc:311] Downloading 1 item(s)
2020-01-09 06:08:36.035561 [NOTICE] [RequestGroup.cc:1216] Download complete: /dev/shm/dir_5028/tmp/subdir_7/out.dat
2020-01-09 06:08:36.162442 [NOTICE] [Context.cc:311] Downloading 1 item(s)
2020-01-09 06:09:02.129749 [NOTICE] [RequestGroup.cc:1216] Download complete: /dev/shm/dir_5028/tmp/subdir_7/out.dat
2020-01-09 06:06:19.225446 [NOTICE] [Context.cc:311] Downloading 1 item(s)
2020-01-09 06:06:47.252853 [NOTICE] [RequestGroup.cc:1216] Download complete: /dev/shm/dir_5028/tmp/subdir_8/out.dat
2020-01-09 06:06:47.386597 [NOTICE] [Context.cc:311] Downloading 1 item(s)
2020-01-09 06:07:14.838045 [NOTICE] [RequestGroup.cc:1216] Download complete: /dev/shm/dir_5028/tmp/subdir_8/out.dat
2020-01-09 06:07:14.958846 [NOTICE] [Context.cc:311] Downloading 1 item(s)
2020-01-09 06:07:42.222633 [NOTICE] [RequestGroup.cc:1216] Download complete: /dev/shm/dir_5028/tmp/subdir_8/out.dat
2020-01-09 06:07:42.352023 [NOTICE] [Context.cc:311] Downloading 1 item(s)
2020-01-09 06:08:09.372865 [NOTICE] [RequestGroup.cc:1216] Download complete: /dev/shm/dir_5028/tmp/subdir_8/out.dat
2020-01-09 06:08:09.505959 [NOTICE] [Context.cc:311] Downloading 1 item(s)
2020-01-09 06:08:35.793971 [NOTICE] [RequestGroup.cc:1216] Download complete: /dev/shm/dir_5028/tmp/subdir_8/out.dat
2020-01-09 06:08:35.917697 [NOTICE] [Context.cc:311] Downloading 1 item(s)
2020-01-09 06:09:01.791405 [NOTICE] [RequestGroup.cc:1216] Download complete: /dev/shm/dir_5028/tmp/subdir_8/out.dat
2020-01-09 06:06:19.225565 [NOTICE] [Context.cc:311] Downloading 1 item(s)
2020-01-09 06:06:46.815818 [NOTICE] [RequestGroup.cc:1216] Download complete: /dev/shm/dir_5028/tmp/subdir_9/out.dat
2020-01-09 06:06:46.956968 [NOTICE] [Context.cc:311] Downloading 1 item(s)
2020-01-09 06:07:14.424525 [NOTICE] [RequestGroup.cc:1216] Download complete: /dev/shm/dir_5028/tmp/subdir_9/out.dat
2020-01-09 06:07:14.555472 [NOTICE] [Context.cc:311] Downloading 1 item(s)
2020-01-09 06:07:41.685414 [NOTICE] [RequestGroup.cc:1216] Download complete: /dev/shm/dir_5028/tmp/subdir_9/out.dat
2020-01-09 06:07:41.793709 [NOTICE] [Context.cc:311] Downloading 1 item(s)
2020-01-09 06:08:08.385566 [NOTICE] [RequestGroup.cc:1216] Download complete: /dev/shm/dir_5028/tmp/subdir_9/out.dat
2020-01-09 06:08:08.505630 [NOTICE] [Context.cc:311] Downloading 1 item(s)
2020-01-09 06:08:35.680816 [NOTICE] [RequestGroup.cc:1216] Download complete: /dev/shm/dir_5028/tmp/subdir_9/out.dat
2020-01-09 06:08:35.792769 [NOTICE] [Context.cc:311] Downloading 1 item(s)
2020-01-09 06:09:01.869460 [NOTICE] [RequestGroup.cc:1216] Download complete: /dev/shm/dir_5028/tmp/subdir_9/out.dat
2020-01-09 06:06:19.225966 [NOTICE] [Context.cc:311] Downloading 1 item(s)
2020-01-09 06:06:46.597765 [NOTICE] [RequestGroup.cc:1216] Download complete: /dev/shm/dir_5028/tmp/subdir_10/out.dat
2020-01-09 06:06:46.749316 [NOTICE] [Context.cc:311] Downloading 1 item(s)
2020-01-09 06:07:14.496982 [NOTICE] [RequestGroup.cc:1216] Download complete: /dev/shm/dir_5028/tmp/subdir_10/out.dat
2020-01-09 06:07:14.622766 [NOTICE] [Context.cc:311] Downloading 1 item(s)
2020-01-09 06:07:42.709328 [NOTICE] [RequestGroup.cc:1216] Download complete: /dev/shm/dir_5028/tmp/subdir_10/out.dat
2020-01-09 06:07:42.817973 [NOTICE] [Context.cc:311] Downloading 1 item(s)
2020-01-09 06:08:10.341320 [NOTICE] [RequestGroup.cc:1216] Download complete: /dev/shm/dir_5028/tmp/subdir_10/out.dat
2020-01-09 06:08:10.462765 [NOTICE] [Context.cc:311] Downloading 1 item(s)
2020-01-09 06:08:37.158457 [NOTICE] [RequestGroup.cc:1216] Download complete: /dev/shm/dir_5028/tmp/subdir_10/out.dat
2020-01-09 06:08:37.253825 [NOTICE] [Context.cc:311] Downloading 1 item(s)
2020-01-09 06:09:02.321634 [NOTICE] [RequestGroup.cc:1216] Download complete: /dev/shm/dir_5028/tmp/subdir_10/out.dat
2020-01-09 06:06:19.237719 [NOTICE] [Context.cc:311] Downloading 1 item(s)
2020-01-09 06:06:46.209845 [NOTICE] [RequestGroup.cc:1216] Download complete: /dev/shm/dir_5028/tmp/subdir_11/out.dat
2020-01-09 06:06:46.343040 [NOTICE] [Context.cc:311] Downloading 1 item(s)
2020-01-09 06:07:13.098154 [NOTICE] [RequestGroup.cc:1216] Download complete: /dev/shm/dir_5028/tmp/subdir_11/out.dat
2020-01-09 06:07:13.204300 [NOTICE] [Context.cc:311] Downloading 1 item(s)
2020-01-09 06:07:39.306621 [NOTICE] [RequestGroup.cc:1216] Download complete: /dev/shm/dir_5028/tmp/subdir_11/out.dat
2020-01-09 06:07:39.436715 [NOTICE] [Context.cc:311] Downloading 1 item(s)
2020-01-09 06:08:05.496015 [NOTICE] [RequestGroup.cc:1216] Download complete: /dev/shm/dir_5028/tmp/subdir_11/out.dat
2020-01-09 06:08:05.609489 [NOTICE] [Context.cc:311] Downloading 1 item(s)
2020-01-09 06:08:32.553644 [NOTICE] [RequestGroup.cc:1216] Download complete: /dev/shm/dir_5028/tmp/subdir_11/out.dat
2020-01-09 06:08:32.671579 [NOTICE] [Context.cc:311] Downloading 1 item(s)
2020-01-09 06:09:00.076639 [NOTICE] [RequestGroup.cc:1216] Download complete: /dev/shm/dir_5028/tmp/subdir_11/out.dat
2020-01-09 06:06:19.226163 [NOTICE] [Context.cc:311] Downloading 1 item(s)
2020-01-09 06:06:45.450881 [NOTICE] [RequestGroup.cc:1216] Download complete: /dev/shm/dir_5028/tmp/subdir_12/out.dat
2020-01-09 06:06:45.550003 [NOTICE] [Context.cc:311] Downloading 1 item(s)
2020-01-09 06:07:11.924423 [NOTICE] [RequestGroup.cc:1216] Download complete: /dev/shm/dir_5028/tmp/subdir_12/out.dat
2020-01-09 06:07:12.041937 [NOTICE] [Context.cc:311] Downloading 1 item(s)
2020-01-09 06:07:38.078016 [NOTICE] [RequestGroup.cc:1216] Download complete: /dev/shm/dir_5028/tmp/subdir_12/out.dat
2020-01-09 06:07:38.185447 [NOTICE] [Context.cc:311] Downloading 1 item(s)
2020-01-09 06:08:04.308603 [NOTICE] [RequestGroup.cc:1216] Download complete: /dev/shm/dir_5028/tmp/subdir_12/out.dat
2020-01-09 06:08:04.450703 [NOTICE] [Context.cc:311] Downloading 1 item(s)
2020-01-09 06:08:31.841624 [NOTICE] [RequestGroup.cc:1216] Download complete: /dev/shm/dir_5028/tmp/subdir_12/out.dat
2020-01-09 06:08:31.981764 [NOTICE] [Context.cc:311] Downloading 1 item(s)
2020-01-09 06:08:57.834382 [NOTICE] [RequestGroup.cc:1216] Download complete: /dev/shm/dir_5028/tmp/subdir_12/out.dat
2020-01-09 06:06:19.231025 [NOTICE] [Context.cc:311] Downloading 1 item(s)
2020-01-09 06:06:47.927045 [NOTICE] [RequestGroup.cc:1216] Download complete: /dev/shm/dir_5028/tmp/subdir_13/out.dat
2020-01-09 06:06:48.040832 [NOTICE] [Context.cc:311] Downloading 1 item(s)
2020-01-09 06:07:15.370894 [NOTICE] [RequestGroup.cc:1216] Download complete: /dev/shm/dir_5028/tmp/subdir_13/out.dat
2020-01-09 06:07:15.466276 [NOTICE] [Context.cc:311] Downloading 1 item(s)
2020-01-09 06:07:42.210427 [NOTICE] [RequestGroup.cc:1216] Download complete: /dev/shm/dir_5028/tmp/subdir_13/out.dat
2020-01-09 06:07:42.342484 [NOTICE] [Context.cc:311] Downloading 1 item(s)
2020-01-09 06:08:09.520595 [NOTICE] [RequestGroup.cc:1216] Download complete: /dev/shm/dir_5028/tmp/subdir_13/out.dat
2020-01-09 06:08:09.632294 [NOTICE] [Context.cc:311] Downloading 1 item(s)
2020-01-09 06:08:37.859904 [NOTICE] [RequestGroup.cc:1216] Download complete: /dev/shm/dir_5028/tmp/subdir_13/out.dat
2020-01-09 06:08:37.984896 [NOTICE] [Context.cc:311] Downloading 1 item(s)
2020-01-09 06:09:02.352637 [NOTICE] [RequestGroup.cc:1216] Download complete: /dev/shm/dir_5028/tmp/subdir_13/out.dat
2020-01-09 06:06:19.250926 [NOTICE] [Context.cc:311] Downloading 1 item(s)
2020-01-09 06:06:44.937228 [NOTICE] [RequestGroup.cc:1216] Download complete: /dev/shm/dir_5028/tmp/subdir_14/out.dat
2020-01-09 06:06:45.041146 [NOTICE] [Context.cc:311] Downloading 1 item(s)
2020-01-09 06:07:11.833872 [NOTICE] [RequestGroup.cc:1216] Download complete: /dev/shm/dir_5028/tmp/subdir_14/out.dat
2020-01-09 06:07:11.950047 [NOTICE] [Context.cc:311] Downloading 1 item(s)
2020-01-09 06:07:38.199362 [NOTICE] [RequestGroup.cc:1216] Download complete: /dev/shm/dir_5028/tmp/subdir_14/out.dat
2020-01-09 06:07:38.331093 [NOTICE] [Context.cc:311] Downloading 1 item(s)
2020-01-09 06:08:04.613605 [NOTICE] [RequestGroup.cc:1216] Download complete: /dev/shm/dir_5028/tmp/subdir_14/out.dat
2020-01-09 06:08:04.766330 [NOTICE] [Context.cc:311] Downloading 1 item(s)
2020-01-09 06:08:31.666869 [NOTICE] [RequestGroup.cc:1216] Download complete: /dev/shm/dir_5028/tmp/subdir_14/out.dat
2020-01-09 06:08:31.785850 [NOTICE] [Context.cc:311] Downloading 1 item(s)
2020-01-09 06:08:58.318206 [NOTICE] [RequestGroup.cc:1216] Download complete: /dev/shm/dir_5028/tmp/subdir_14/out.dat
2020-01-09 06:06:19.228833 [NOTICE] [Context.cc:311] Downloading 1 item(s)
2020-01-09 06:06:47.058734 [NOTICE] [RequestGroup.cc:1216] Download complete: /dev/shm/dir_5028/tmp/subdir_15/out.dat
2020-01-09 06:06:47.190481 [NOTICE] [Context.cc:311] Downloading 1 item(s)
2020-01-09 06:07:14.906518 [NOTICE] [RequestGroup.cc:1216] Download complete: /dev/shm/dir_5028/tmp/subdir_15/out.dat
2020-01-09 06:07:15.016227 [NOTICE] [Context.cc:311] Downloading 1 item(s)
2020-01-09 06:07:42.824136 [NOTICE] [RequestGroup.cc:1216] Download complete: /dev/shm/dir_5028/tmp/subdir_15/out.dat
2020-01-09 06:07:42.921198 [NOTICE] [Context.cc:311] Downloading 1 item(s)
2020-01-09 06:08:09.936271 [NOTICE] [RequestGroup.cc:1216] Download complete: /dev/shm/dir_5028/tmp/subdir_15/out.dat
2020-01-09 06:08:10.046177 [NOTICE] [Context.cc:311] Downloading 1 item(s)
2020-01-09 06:08:37.259807 [NOTICE] [RequestGroup.cc:1216] Download complete: /dev/shm/dir_5028/tmp/subdir_15/out.dat
2020-01-09 06:08:37.374393 [NOTICE] [Context.cc:311] Downloading 1 item(s)
2020-01-09 06:09:02.173145 [NOTICE] [RequestGroup.cc:1216] Download complete: /dev/shm/dir_5028/tmp/subdir_15/out.dat
2020-01-09 06:06:19.229922 [NOTICE] [Context.cc:311] Downloading 1 item(s)
2020-01-09 06:06:46.481319 [NOTICE] [RequestGroup.cc:1216] Download complete: /dev/shm/dir_5028/tmp/subdir_16/out.dat
2020-01-09 06:06:46.661154 [NOTICE] [Context.cc:311] Downloading 1 item(s)
2020-01-09 06:07:13.706799 [NOTICE] [RequestGroup.cc:1216] Download complete: /dev/shm/dir_5028/tmp/subdir_16/out.dat
2020-01-09 06:07:13.841520 [NOTICE] [Context.cc:311] Downloading 1 item(s)
2020-01-09 06:07:40.005325 [NOTICE] [RequestGroup.cc:1216] Download complete: /dev/shm/dir_5028/tmp/subdir_16/out.dat
2020-01-09 06:07:40.115239 [NOTICE] [Context.cc:311] Downloading 1 item(s)
2020-01-09 06:08:07.143648 [NOTICE] [RequestGroup.cc:1216] Download complete: /dev/shm/dir_5028/tmp/subdir_16/out.dat
2020-01-09 06:08:07.262869 [NOTICE] [Context.cc:311] Downloading 1 item(s)
2020-01-09 06:08:33.577245 [NOTICE] [RequestGroup.cc:1216] Download complete: /dev/shm/dir_5028/tmp/subdir_16/out.dat
2020-01-09 06:08:33.715298 [NOTICE] [Context.cc:311] Downloading 1 item(s)
2020-01-09 06:09:01.297315 [NOTICE] [RequestGroup.cc:1216] Download complete: /dev/shm/dir_5028/tmp/subdir_16/out.dat
2020-01-09 06:06:19.258073 [NOTICE] [Context.cc:311] Downloading 1 item(s)
2020-01-09 06:06:46.405286 [NOTICE] [RequestGroup.cc:1216] Download complete: /dev/shm/dir_5028/tmp/subdir_17/out.dat
2020-01-09 06:06:46.565069 [NOTICE] [Context.cc:311] Downloading 1 item(s)
2020-01-09 06:07:13.781489 [NOTICE] [RequestGroup.cc:1216] Download complete: /dev/shm/dir_5028/tmp/subdir_17/out.dat
2020-01-09 06:07:13.922137 [NOTICE] [Context.cc:311] Downloading 1 item(s)
2020-01-09 06:07:41.350056 [NOTICE] [RequestGroup.cc:1216] Download complete: /dev/shm/dir_5028/tmp/subdir_17/out.dat
2020-01-09 06:07:41.471060 [NOTICE] [Context.cc:311] Downloading 1 item(s)
2020-01-09 06:08:09.239293 [NOTICE] [RequestGroup.cc:1216] Download complete: /dev/shm/dir_5028/tmp/subdir_17/out.dat
2020-01-09 06:08:09.359720 [NOTICE] [Context.cc:311] Downloading 1 item(s)
2020-01-09 06:08:35.839115 [NOTICE] [RequestGroup.cc:1216] Download complete: /dev/shm/dir_5028/tmp/subdir_17/out.dat
2020-01-09 06:08:35.963825 [NOTICE] [Context.cc:311] Downloading 1 item(s)
2020-01-09 06:09:01.575532 [NOTICE] [RequestGroup.cc:1216] Download complete: /dev/shm/dir_5028/tmp/subdir_17/out.dat
2020-01-09 06:06:19.238539 [NOTICE] [Context.cc:311] Downloading 1 item(s)
2020-01-09 06:06:47.112105 [NOTICE] [RequestGroup.cc:1216] Download complete: /dev/shm/dir_5028/tmp/subdir_18/out.dat
2020-01-09 06:06:47.232295 [NOTICE] [Context.cc:311] Downloading 1 item(s)
2020-01-09 06:07:14.793835 [NOTICE] [RequestGroup.cc:1216] Download complete: /dev/shm/dir_5028/tmp/subdir_18/out.dat
2020-01-09 06:07:14.929978 [NOTICE] [Context.cc:311] Downloading 1 item(s)
2020-01-09 06:07:42.407114 [NOTICE] [RequestGroup.cc:1216] Download complete: /dev/shm/dir_5028/tmp/subdir_18/out.dat
2020-01-09 06:07:42.512128 [NOTICE] [Context.cc:311] Downloading 1 item(s)
2020-01-09 06:08:10.280189 [NOTICE] [RequestGroup.cc:1216] Download complete: /dev/shm/dir_5028/tmp/subdir_18/out.dat
2020-01-09 06:08:10.404111 [NOTICE] [Context.cc:311] Downloading 1 item(s)
2020-01-09 06:08:37.256589 [NOTICE] [RequestGroup.cc:1216] Download complete: /dev/shm/dir_5028/tmp/subdir_18/out.dat
2020-01-09 06:08:37.366139 [NOTICE] [Context.cc:311] Downloading 1 item(s)
2020-01-09 06:09:02.212817 [NOTICE] [RequestGroup.cc:1216] Download complete: /dev/shm/dir_5028/tmp/subdir_18/out.dat
2020-01-09 06:06:19.227607 [NOTICE] [Context.cc:311] Downloading 1 item(s)
2020-01-09 06:06:46.616785 [NOTICE] [RequestGroup.cc:1216] Download complete: /dev/shm/dir_5028/tmp/subdir_19/out.dat
2020-01-09 06:06:46.758916 [NOTICE] [Context.cc:311] Downloading 1 item(s)
2020-01-09 06:07:13.810487 [NOTICE] [RequestGroup.cc:1216] Download complete: /dev/shm/dir_5028/tmp/subdir_19/out.dat
2020-01-09 06:07:13.949400 [NOTICE] [Context.cc:311] Downloading 1 item(s)
2020-01-09 06:07:41.226244 [NOTICE] [RequestGroup.cc:1216] Download complete: /dev/shm/dir_5028/tmp/subdir_19/out.dat
2020-01-09 06:07:41.350139 [NOTICE] [Context.cc:311] Downloading 1 item(s)
2020-01-09 06:08:08.794522 [NOTICE] [RequestGroup.cc:1216] Download complete: /dev/shm/dir_5028/tmp/subdir_19/out.dat
2020-01-09 06:08:08.911470 [NOTICE] [Context.cc:311] Downloading 1 item(s)
2020-01-09 06:08:36.508639 [NOTICE] [RequestGroup.cc:1216] Download complete: /dev/shm/dir_5028/tmp/subdir_19/out.dat
2020-01-09 06:08:36.646938 [NOTICE] [Context.cc:311] Downloading 1 item(s)
2020-01-09 06:09:02.163773 [NOTICE] [RequestGroup.cc:1216] Download complete: /dev/shm/dir_5028/tmp/subdir_19/out.dat
2020-01-09 06:06:19.228182 [NOTICE] [Context.cc:311] Downloading 1 item(s)
2020-01-09 06:06:46.228935 [NOTICE] [RequestGroup.cc:1216] Download complete: /dev/shm/dir_5028/tmp/subdir_20/out.dat
2020-01-09 06:06:46.357305 [NOTICE] [Context.cc:311] Downloading 1 item(s)
2020-01-09 06:07:14.231181 [NOTICE] [RequestGroup.cc:1216] Download complete: /dev/shm/dir_5028/tmp/subdir_20/out.dat
2020-01-09 06:07:14.357694 [NOTICE] [Context.cc:311] Downloading 1 item(s)
2020-01-09 06:07:41.824941 [NOTICE] [RequestGroup.cc:1216] Download complete: /dev/shm/dir_5028/tmp/subdir_20/out.dat
2020-01-09 06:07:41.943937 [NOTICE] [Context.cc:311] Downloading 1 item(s)
2020-01-09 06:08:08.978281 [NOTICE] [RequestGroup.cc:1216] Download complete: /dev/shm/dir_5028/tmp/subdir_20/out.dat
2020-01-09 06:08:09.078822 [NOTICE] [Context.cc:311] Downloading 1 item(s)
2020-01-09 06:08:36.764447 [NOTICE] [RequestGroup.cc:1216] Download complete: /dev/shm/dir_5028/tmp/subdir_20/out.dat
2020-01-09 06:08:36.878275 [NOTICE] [Context.cc:311] Downloading 1 item(s)
2020-01-09 06:09:02.197067 [NOTICE] [RequestGroup.cc:1216] Download complete: /dev/shm/dir_5028/tmp/subdir_20/out.dat
2020-01-09 06:06:19.237715 [NOTICE] [Context.cc:311] Downloading 1 item(s)
2020-01-09 06:06:46.713285 [NOTICE] [RequestGroup.cc:1216] Download complete: /dev/shm/dir_5028/tmp/subdir_21/out.dat
2020-01-09 06:06:46.857705 [NOTICE] [Context.cc:311] Downloading 1 item(s)
2020-01-09 06:07:15.680001 [NOTICE] [RequestGroup.cc:1216] Download complete: /dev/shm/dir_5028/tmp/subdir_21/out.dat
2020-01-09 06:07:15.809357 [NOTICE] [Context.cc:311] Downloading 1 item(s)
2020-01-09 06:07:42.499530 [NOTICE] [RequestGroup.cc:1216] Download complete: /dev/shm/dir_5028/tmp/subdir_21/out.dat
2020-01-09 06:07:42.597669 [NOTICE] [Context.cc:311] Downloading 1 item(s)
2020-01-09 06:08:10.159075 [NOTICE] [RequestGroup.cc:1216] Download complete: /dev/shm/dir_5028/tmp/subdir_21/out.dat
2020-01-09 06:08:10.276998 [NOTICE] [Context.cc:311] Downloading 1 item(s)
2020-01-09 06:08:36.985361 [NOTICE] [RequestGroup.cc:1216] Download complete: /dev/shm/dir_5028/tmp/subdir_21/out.dat
2020-01-09 06:08:37.085392 [NOTICE] [Context.cc:311] Downloading 1 item(s)
2020-01-09 06:09:02.134265 [NOTICE] [RequestGroup.cc:1216] Download complete: /dev/shm/dir_5028/tmp/subdir_21/out.dat
2020-01-09 06:06:19.228282 [NOTICE] [Context.cc:311] Downloading 1 item(s)
2020-01-09 06:06:45.554696 [NOTICE] [RequestGroup.cc:1216] Download complete: /dev/shm/dir_5028/tmp/subdir_22/out.dat
2020-01-09 06:06:45.665082 [NOTICE] [Context.cc:311] Downloading 1 item(s)
2020-01-09 06:07:12.532471 [NOTICE] [RequestGroup.cc:1216] Download complete: /dev/shm/dir_5028/tmp/subdir_22/out.dat
2020-01-09 06:07:12.656906 [NOTICE] [Context.cc:311] Downloading 1 item(s)
2020-01-09 06:07:39.519405 [NOTICE] [RequestGroup.cc:1216] Download complete: /dev/shm/dir_5028/tmp/subdir_22/out.dat
2020-01-09 06:07:39.641104 [NOTICE] [Context.cc:311] Downloading 1 item(s)
2020-01-09 06:08:06.552587 [NOTICE] [RequestGroup.cc:1216] Download complete: /dev/shm/dir_5028/tmp/subdir_22/out.dat
2020-01-09 06:08:06.666212 [NOTICE] [Context.cc:311] Downloading 1 item(s)
2020-01-09 06:08:33.519200 [NOTICE] [RequestGroup.cc:1216] Download complete: /dev/shm/dir_5028/tmp/subdir_22/out.dat
2020-01-09 06:08:33.655576 [NOTICE] [Context.cc:311] Downloading 1 item(s)
2020-01-09 06:09:01.276839 [NOTICE] [RequestGroup.cc:1216] Download complete: /dev/shm/dir_5028/tmp/subdir_22/out.dat
2020-01-09 06:06:19.236897 [NOTICE] [Context.cc:311] Downloading 1 item(s)
2020-01-09 06:06:46.768357 [NOTICE] [RequestGroup.cc:1216] Download complete: /dev/shm/dir_5028/tmp/subdir_23/out.dat
2020-01-09 06:06:46.916561 [NOTICE] [Context.cc:311] Downloading 1 item(s)
2020-01-09 06:07:14.118794 [NOTICE] [RequestGroup.cc:1216] Download complete: /dev/shm/dir_5028/tmp/subdir_23/out.dat
2020-01-09 06:07:14.214294 [NOTICE] [Context.cc:311] Downloading 1 item(s)
2020-01-09 06:07:41.510058 [NOTICE] [RequestGroup.cc:1216] Download complete: /dev/shm/dir_5028/tmp/subdir_23/out.dat
2020-01-09 06:07:41.638114 [NOTICE] [Context.cc:311] Downloading 1 item(s)
2020-01-09 06:08:08.821115 [NOTICE] [RequestGroup.cc:1216] Download complete: /dev/shm/dir_5028/tmp/subdir_23/out.dat
2020-01-09 06:08:08.936254 [NOTICE] [Context.cc:311] Downloading 1 item(s)
2020-01-09 06:08:35.765886 [NOTICE] [RequestGroup.cc:1216] Download complete: /dev/shm/dir_5028/tmp/subdir_23/out.dat
2020-01-09 06:08:35.892936 [NOTICE] [Context.cc:311] Downloading 1 item(s)
2020-01-09 06:09:02.554387 [NOTICE] [RequestGroup.cc:1216] Download complete: /dev/shm/dir_5028/tmp/subdir_23/out.dat
=========  End detailed log  =======
