/dev/shm
Slot slot1
Fetching 1G_1.dat
Wed Oct  2 18:26:47 UTC 2019
RC 0
-rw-r--r--. 1 cuser1 cuser 1048576000 Oct  2 18:27 1G_1.dat
--- Mid run ---
Wed Oct  2 18:27:06 UTC 2019
RC 0
-rw-r--r--. 1 cuser1 cuser 1048576000 Oct  2 18:27 1G_1.dat
=== Mid run end ===
Wed Oct  2 18:27:23 UTC 2019
RC 0
-rw-r--r--. 1 cuser1 cuser 1048576000 Oct  2 18:27 1G_1.dat
Wed Oct  2 18:27:36 UTC 2019
RC 0
-rw-r--r--. 1 cuser1 cuser 1048576000 Oct  2 18:27 1G_1.dat
Wed Oct  2 18:27:54 UTC 2019
RC 0
-rw-r--r--. 1 cuser1 cuser 1048576000 Oct  2 18:28 1G_1.dat
Wed Oct  2 18:28:12 UTC 2019
RC 0
-rw-r--r--. 1 cuser1 cuser 1048576000 Oct  2 18:28 1G_1.dat
Wed Oct  2 18:28:31 UTC 2019
