/dev/shm/user_slot1
Thu Oct  3 03:15:35 UTC 2019
Job 11
Fetching https://exaeastp0.blob.core.windows.net/exa-east/b_testa/data/1G_11.dat
Thu Oct  3 03:15:35 UTC 2019
RC 0
-rw-r--r--. 1 centos centos 1000000000 Oct  3 03:15 1G_11.dat
Thu Oct  3 03:15:39 UTC 2019
RC 0
-rw-r--r--. 1 centos centos 1000000000 Oct  3 03:15 1G_11.dat
Thu Oct  3 03:15:44 UTC 2019
RC 0
-rw-r--r--. 1 centos centos 1000000000 Oct  3 03:15 1G_11.dat
--- Mid run ---
Thu Oct  3 03:15:57 UTC 2019
RC 0
-rw-r--r--. 1 centos centos 1000000000 Oct  3 03:16 1G_11.dat
=== Mid run end ===
Thu Oct  3 03:16:06 UTC 2019
RC 0
-rw-r--r--. 1 centos centos 1000000000 Oct  3 03:16 1G_11.dat
Thu Oct  3 03:16:27 UTC 2019
RC 0
-rw-r--r--. 1 centos centos 1000000000 Oct  3 03:16 1G_11.dat
Thu Oct  3 03:16:36 UTC 2019
