/dev/shm/user_slot6
Thu Oct  3 03:13:00 UTC 2019
Job 116
Fetching https://exaeastp0.blob.core.windows.net/exa-east/4_testb/data/1G_116.dat
Thu Oct  3 03:13:00 UTC 2019
RC 0
-rw-r--r--. 1 centos centos 1000000000 Oct  3 03:13 1G_116.dat
Thu Oct  3 03:13:03 UTC 2019
RC 0
-rw-r--r--. 1 centos centos 1000000000 Oct  3 03:13 1G_116.dat
Thu Oct  3 03:13:12 UTC 2019
RC 0
-rw-r--r--. 1 centos centos 1000000000 Oct  3 03:13 1G_116.dat
--- Mid run ---
Thu Oct  3 03:13:21 UTC 2019
RC 0
-rw-r--r--. 1 centos centos 1000000000 Oct  3 03:13 1G_116.dat
=== Mid run end ===
Thu Oct  3 03:13:33 UTC 2019
RC 0
-rw-r--r--. 1 centos centos 1000000000 Oct  3 03:13 1G_116.dat
Thu Oct  3 03:13:43 UTC 2019
RC 0
-rw-r--r--. 1 centos centos 1000000000 Oct  3 03:13 1G_116.dat
Thu Oct  3 03:13:52 UTC 2019
