/dev/shm/user_slot2
Thu Oct  3 03:15:39 UTC 2019
Job 40
Fetching https://exaeastp0.blob.core.windows.net/exa-east/8_testm/data/1G_40.dat
Thu Oct  3 03:15:39 UTC 2019
RC 0
-rw-r--r--. 1 centos centos 1000000000 Oct  3 03:15 1G_40.dat
Thu Oct  3 03:15:49 UTC 2019
RC 0
-rw-r--r--. 1 centos centos 1000000000 Oct  3 03:15 1G_40.dat
Thu Oct  3 03:15:56 UTC 2019
RC 0
-rw-r--r--. 1 centos centos 1000000000 Oct  3 03:16 1G_40.dat
--- Mid run ---
Thu Oct  3 03:16:06 UTC 2019
RC 0
-rw-r--r--. 1 centos centos 1000000000 Oct  3 03:16 1G_40.dat
=== Mid run end ===
Thu Oct  3 03:16:11 UTC 2019
RC 0
-rw-r--r--. 1 centos centos 1000000000 Oct  3 03:16 1G_40.dat
Thu Oct  3 03:16:19 UTC 2019
RC 0
-rw-r--r--. 1 centos centos 1000000000 Oct  3 03:16 1G_40.dat
Thu Oct  3 03:16:26 UTC 2019
