/dev/shm/user_slot5
Thu Oct  3 03:12:59 UTC 2019
Job 91
Fetching https://exaeastp0.blob.core.windows.net/exa-east/b_testa/data/1G_91.dat
Thu Oct  3 03:12:59 UTC 2019
RC 0
-rw-r--r--. 1 centos centos 1000000000 Oct  3 03:13 1G_91.dat
Thu Oct  3 03:13:04 UTC 2019
RC 0
-rw-r--r--. 1 centos centos 1000000000 Oct  3 03:13 1G_91.dat
Thu Oct  3 03:13:12 UTC 2019
RC 0
-rw-r--r--. 1 centos centos 1000000000 Oct  3 03:13 1G_91.dat
--- Mid run ---
Thu Oct  3 03:13:24 UTC 2019
RC 0
-rw-r--r--. 1 centos centos 1000000000 Oct  3 03:13 1G_91.dat
=== Mid run end ===
Thu Oct  3 03:13:34 UTC 2019
RC 0
-rw-r--r--. 1 centos centos 1000000000 Oct  3 03:13 1G_91.dat
Thu Oct  3 03:13:41 UTC 2019
RC 0
-rw-r--r--. 1 centos centos 1000000000 Oct  3 03:13 1G_91.dat
Thu Oct  3 03:13:51 UTC 2019
