/dev/shm/user_slot2
Thu Oct  3 03:15:39 UTC 2019
Job 41
Fetching https://exaeastp0.blob.core.windows.net/exa-east/9_testa/data/1G_41.dat
Thu Oct  3 03:15:39 UTC 2019
RC 0
-rw-r--r--. 1 centos centos 1000000000 Oct  3 03:15 1G_41.dat
Thu Oct  3 03:15:47 UTC 2019
RC 0
-rw-r--r--. 1 centos centos 1000000000 Oct  3 03:16 1G_41.dat
Thu Oct  3 03:16:00 UTC 2019
RC 0
-rw-r--r--. 1 centos centos 1000000000 Oct  3 03:16 1G_41.dat
--- Mid run ---
Thu Oct  3 03:16:10 UTC 2019
RC 0
-rw-r--r--. 1 centos centos 1000000000 Oct  3 03:16 1G_41.dat
=== Mid run end ===
Thu Oct  3 03:16:21 UTC 2019
RC 0
-rw-r--r--. 1 centos centos 1000000000 Oct  3 03:16 1G_41.dat
Thu Oct  3 03:16:31 UTC 2019
RC 0
-rw-r--r--. 1 centos centos 1000000000 Oct  3 03:16 1G_41.dat
Thu Oct  3 03:16:40 UTC 2019
