/dev/shm/user_slot7
Thu Oct  3 03:15:50 UTC 2019
Job 136
Fetching https://exaeastp0.blob.core.windows.net/exa-east/8_testb/data/1G_136.dat
Thu Oct  3 03:15:50 UTC 2019
RC 0
-rw-r--r--. 1 centos centos 1000000000 Oct  3 03:15 1G_136.dat
Thu Oct  3 03:15:59 UTC 2019
RC 0
-rw-r--r--. 1 centos centos 1000000000 Oct  3 03:16 1G_136.dat
Thu Oct  3 03:16:07 UTC 2019
RC 0
-rw-r--r--. 1 centos centos 1000000000 Oct  3 03:16 1G_136.dat
--- Mid run ---
Thu Oct  3 03:16:29 UTC 2019
RC 0
-rw-r--r--. 1 centos centos 1000000000 Oct  3 03:16 1G_136.dat
=== Mid run end ===
Thu Oct  3 03:16:37 UTC 2019
RC 0
-rw-r--r--. 1 centos centos 1000000000 Oct  3 03:16 1G_136.dat
Thu Oct  3 03:16:49 UTC 2019
RC 0
-rw-r--r--. 1 centos centos 1000000000 Oct  3 03:16 1G_136.dat
Thu Oct  3 03:16:55 UTC 2019
