/dev/shm/user_slot14
Wed Oct 23 23:08:58 UTC 2019
Job 71
Fetching 1G.dat from /base_7/test./data/1G_71.dat
Wed Oct 23 23:08:58 UTC 2019
INFO: Downloaded https://storage.googleapis.com/exa-us-west-1/a_data/base_7/testm/data/1G_71.dat into /dev/shm/user_slot14/1G_71.dat
RC 0
-rw-r--r--. 1 centos centos 1000000000 Oct 23 23:09 1G_71.dat
--- Mid run ---
Wed Oct 23 23:09:13 UTC 2019
INFO: Downloaded https://storage.googleapis.com/exa-us-west-1/a_data/base_7/testm/data/1G_71.dat into /dev/shm/user_slot14/1G_71.dat
RC 0
-rw-r--r--. 1 centos centos 1000000000 Oct 23 23:09 1G_71.dat
=== Mid run end ===
Wed Oct 23 23:09:19 UTC 2019
INFO: Downloaded https://storage.googleapis.com/exa-us-west-1/a_data/base_7/testm/data/1G_71.dat into /dev/shm/user_slot14/1G_71.dat
RC 0
-rw-r--r--. 1 centos centos 1000000000 Oct 23 23:09 1G_71.dat
Wed Oct 23 23:09:24 UTC 2019
INFO: Downloaded https://storage.googleapis.com/exa-us-west-1/a_data/base_7/testm/data/1G_71.dat into /dev/shm/user_slot14/1G_71.dat
RC 0
-rw-r--r--. 1 centos centos 1000000000 Oct 23 23:09 1G_71.dat
Wed Oct 23 23:09:28 UTC 2019
