/dev/shm/user_slot12
Wed Oct 23 23:08:54 UTC 2019
Job 12
Fetching 1G.dat from /base_c/test./data/1G_12.dat
Wed Oct 23 23:08:54 UTC 2019
INFO: Downloaded https://storage.googleapis.com/exa-us-west-1/f_data/base_c/testm/data/1G_12.dat into /dev/shm/user_slot12/1G_12.dat
RC 0
-rw-r--r--. 1 centos centos 1000000000 Oct 23 23:09 1G_12.dat
--- Mid run ---
Wed Oct 23 23:09:09 UTC 2019
INFO: Downloaded https://storage.googleapis.com/exa-us-west-1/f_data/base_c/testm/data/1G_12.dat into /dev/shm/user_slot12/1G_12.dat
RC 0
-rw-r--r--. 1 centos centos 1000000000 Oct 23 23:09 1G_12.dat
=== Mid run end ===
Wed Oct 23 23:09:15 UTC 2019
INFO: Downloaded https://storage.googleapis.com/exa-us-west-1/f_data/base_c/testm/data/1G_12.dat into /dev/shm/user_slot12/1G_12.dat
RC 0
-rw-r--r--. 1 centos centos 1000000000 Oct 23 23:09 1G_12.dat
Wed Oct 23 23:09:20 UTC 2019
INFO: Downloaded https://storage.googleapis.com/exa-us-west-1/f_data/base_c/testm/data/1G_12.dat into /dev/shm/user_slot12/1G_12.dat
RC 0
-rw-r--r--. 1 centos centos 1000000000 Oct 23 23:09 1G_12.dat
Wed Oct 23 23:09:26 UTC 2019
