/dev/shm/user_slot4
Wed Oct 23 23:08:54 UTC 2019
Job 6
Fetching 1G.dat from /base_6/test./data/1G_6.dat
Wed Oct 23 23:08:54 UTC 2019
INFO: Downloaded https://storage.googleapis.com/exa-us-west-1/d_data/base_6/testb/data/1G_6.dat into /dev/shm/user_slot4/1G_6.dat
RC 0
-rw-r--r--. 1 centos centos 1000000000 Oct 23 23:09 1G_6.dat
--- Mid run ---
Wed Oct 23 23:09:03 UTC 2019
INFO: Downloaded https://storage.googleapis.com/exa-us-west-1/d_data/base_6/testb/data/1G_6.dat into /dev/shm/user_slot4/1G_6.dat
RC 0
-rw-r--r--. 1 centos centos 1000000000 Oct 23 23:09 1G_6.dat
=== Mid run end ===
Wed Oct 23 23:09:09 UTC 2019
INFO: Downloaded https://storage.googleapis.com/exa-us-west-1/d_data/base_6/testb/data/1G_6.dat into /dev/shm/user_slot4/1G_6.dat
RC 0
-rw-r--r--. 1 centos centos 1000000000 Oct 23 23:09 1G_6.dat
Wed Oct 23 23:09:16 UTC 2019
INFO: Downloaded https://storage.googleapis.com/exa-us-west-1/d_data/base_6/testb/data/1G_6.dat into /dev/shm/user_slot4/1G_6.dat
RC 0
-rw-r--r--. 1 centos centos 1000000000 Oct 23 23:09 1G_6.dat
Wed Oct 23 23:09:22 UTC 2019
