/dev/shm/user_slot11
Wed Oct 23 23:08:57 UTC 2019
Job 60
Fetching 1G.dat from /base_c/test./data/1G_60.dat
Wed Oct 23 23:08:57 UTC 2019
INFO: Downloaded https://storage.googleapis.com/exa-us-west-1/0_data/base_c/testa/data/1G_60.dat into /dev/shm/user_slot11/1G_60.dat
RC 0
-rw-r--r--. 1 centos centos 1000000000 Oct 23 23:09 1G_60.dat
--- Mid run ---
Wed Oct 23 23:09:07 UTC 2019
INFO: Downloaded https://storage.googleapis.com/exa-us-west-1/0_data/base_c/testa/data/1G_60.dat into /dev/shm/user_slot11/1G_60.dat
RC 0
-rw-r--r--. 1 centos centos 1000000000 Oct 23 23:09 1G_60.dat
=== Mid run end ===
Wed Oct 23 23:09:13 UTC 2019
INFO: Downloaded https://storage.googleapis.com/exa-us-west-1/0_data/base_c/testa/data/1G_60.dat into /dev/shm/user_slot11/1G_60.dat
RC 0
-rw-r--r--. 1 centos centos 1000000000 Oct 23 23:09 1G_60.dat
Wed Oct 23 23:09:19 UTC 2019
INFO: Downloaded https://storage.googleapis.com/exa-us-west-1/0_data/base_c/testa/data/1G_60.dat into /dev/shm/user_slot11/1G_60.dat
RC 0
-rw-r--r--. 1 centos centos 1000000000 Oct 23 23:09 1G_60.dat
Wed Oct 23 23:09:25 UTC 2019
