/dev/shm/user_slot9
Wed Oct 23 23:13:12 UTC 2019
Job 182
Fetching 1G.dat from /base_6/test./data/1G_182.dat
Wed Oct 23 23:13:12 UTC 2019
INFO: Downloaded https://storage.googleapis.com/exa-us-west-1/9_data/base_6/testa/data/1G_182.dat into /dev/shm/user_slot9/1G_182.dat
RC 0
-rw-r--r--. 1 centos centos 1000000000 Oct 23 23:13 1G_182.dat
--- Mid run ---
Wed Oct 23 23:13:24 UTC 2019
INFO: Downloaded https://storage.googleapis.com/exa-us-west-1/9_data/base_6/testa/data/1G_182.dat into /dev/shm/user_slot9/1G_182.dat
RC 0
-rw-r--r--. 1 centos centos 1000000000 Oct 23 23:13 1G_182.dat
=== Mid run end ===
Wed Oct 23 23:13:28 UTC 2019
INFO: Downloaded https://storage.googleapis.com/exa-us-west-1/9_data/base_6/testa/data/1G_182.dat into /dev/shm/user_slot9/1G_182.dat
RC 0
-rw-r--r--. 1 centos centos 1000000000 Oct 23 23:13 1G_182.dat
Wed Oct 23 23:13:34 UTC 2019
INFO: Downloaded https://storage.googleapis.com/exa-us-west-1/9_data/base_6/testa/data/1G_182.dat into /dev/shm/user_slot9/1G_182.dat
RC 0
-rw-r--r--. 1 centos centos 1000000000 Oct 23 23:13 1G_182.dat
Wed Oct 23 23:13:40 UTC 2019
