/dev/shm/user_slot6
Wed Oct 23 23:13:12 UTC 2019
Job 181
Fetching 1G.dat from /base_5/test./data/1G_181.dat
Wed Oct 23 23:13:12 UTC 2019
INFO: Downloaded https://storage.googleapis.com/exa-us-west-1/9_data/base_5/testm/data/1G_181.dat into /dev/shm/user_slot6/1G_181.dat
RC 0
-rw-r--r--. 1 centos centos 1000000000 Oct 23 23:13 1G_181.dat
--- Mid run ---
Wed Oct 23 23:13:23 UTC 2019
INFO: Downloaded https://storage.googleapis.com/exa-us-west-1/9_data/base_5/testm/data/1G_181.dat into /dev/shm/user_slot6/1G_181.dat
RC 0
-rw-r--r--. 1 centos centos 1000000000 Oct 23 23:13 1G_181.dat
=== Mid run end ===
Wed Oct 23 23:13:29 UTC 2019
INFO: Downloaded https://storage.googleapis.com/exa-us-west-1/9_data/base_5/testm/data/1G_181.dat into /dev/shm/user_slot6/1G_181.dat
RC 0
-rw-r--r--. 1 centos centos 1000000000 Oct 23 23:13 1G_181.dat
Wed Oct 23 23:13:35 UTC 2019
INFO: Downloaded https://storage.googleapis.com/exa-us-west-1/9_data/base_5/testm/data/1G_181.dat into /dev/shm/user_slot6/1G_181.dat
RC 0
-rw-r--r--. 1 centos centos 1000000000 Oct 23 23:13 1G_181.dat
Wed Oct 23 23:13:43 UTC 2019
