/dev/shm/user_slot8
Wed Oct 23 23:13:02 UTC 2019
Job 25
Fetching 1G.dat from /base_9/test./data/1G_25.dat
Wed Oct 23 23:13:02 UTC 2019
INFO: Downloaded https://storage.googleapis.com/exa-us-west-1/3_data/base_9/testa/data/1G_25.dat into /dev/shm/user_slot8/1G_25.dat
RC 0
-rw-r--r--. 1 centos centos 1000000000 Oct 23 23:13 1G_25.dat
--- Mid run ---
Wed Oct 23 23:13:25 UTC 2019
INFO: Downloaded https://storage.googleapis.com/exa-us-west-1/3_data/base_9/testa/data/1G_25.dat into /dev/shm/user_slot8/1G_25.dat
RC 0
-rw-r--r--. 1 centos centos 1000000000 Oct 23 23:13 1G_25.dat
=== Mid run end ===
Wed Oct 23 23:13:32 UTC 2019
INFO: Downloaded https://storage.googleapis.com/exa-us-west-1/3_data/base_9/testa/data/1G_25.dat into /dev/shm/user_slot8/1G_25.dat
RC 0
-rw-r--r--. 1 centos centos 1000000000 Oct 23 23:13 1G_25.dat
Wed Oct 23 23:13:38 UTC 2019
INFO: Downloaded https://storage.googleapis.com/exa-us-west-1/3_data/base_9/testa/data/1G_25.dat into /dev/shm/user_slot8/1G_25.dat
RC 0
-rw-r--r--. 1 centos centos 1000000000 Oct 23 23:13 1G_25.dat
Wed Oct 23 23:13:43 UTC 2019
