/dev/shm/user_slot2
Wed Oct 23 23:13:00 UTC 2019
Job 4
Fetching 1G.dat from /base_4/test./data/1G_4.dat
Wed Oct 23 23:13:00 UTC 2019
INFO: Downloaded https://storage.googleapis.com/exa-us-west-1/8_data/base_4/testa/data/1G_4.dat into /dev/shm/user_slot2/1G_4.dat
RC 0
-rw-r--r--. 1 centos centos 1000000000 Oct 23 23:13 1G_4.dat
--- Mid run ---
Wed Oct 23 23:13:13 UTC 2019
INFO: Downloaded https://storage.googleapis.com/exa-us-west-1/8_data/base_4/testa/data/1G_4.dat into /dev/shm/user_slot2/1G_4.dat
RC 0
-rw-r--r--. 1 centos centos 1000000000 Oct 23 23:13 1G_4.dat
=== Mid run end ===
Wed Oct 23 23:13:18 UTC 2019
INFO: Downloaded https://storage.googleapis.com/exa-us-west-1/8_data/base_4/testa/data/1G_4.dat into /dev/shm/user_slot2/1G_4.dat
RC 0
-rw-r--r--. 1 centos centos 1000000000 Oct 23 23:13 1G_4.dat
Wed Oct 23 23:13:29 UTC 2019
INFO: Downloaded https://storage.googleapis.com/exa-us-west-1/8_data/base_4/testa/data/1G_4.dat into /dev/shm/user_slot2/1G_4.dat
RC 0
-rw-r--r--. 1 centos centos 1000000000 Oct 23 23:13 1G_4.dat
Wed Oct 23 23:13:40 UTC 2019
