/dev/shm/user_slot12
Wed Oct 23 23:13:04 UTC 2019
Job 51
Fetching 1G.dat from /base_3/test./data/1G_51.dat
Wed Oct 23 23:13:04 UTC 2019
INFO: Downloaded https://storage.googleapis.com/exa-us-west-1/c_data/base_3/testm/data/1G_51.dat into /dev/shm/user_slot12/1G_51.dat
RC 0
-rw-r--r--. 1 centos centos 1000000000 Oct 23 23:13 1G_51.dat
--- Mid run ---
Wed Oct 23 23:13:12 UTC 2019
INFO: Downloaded https://storage.googleapis.com/exa-us-west-1/c_data/base_3/testm/data/1G_51.dat into /dev/shm/user_slot12/1G_51.dat
RC 0
-rw-r--r--. 1 centos centos 1000000000 Oct 23 23:13 1G_51.dat
=== Mid run end ===
Wed Oct 23 23:13:17 UTC 2019
INFO: Downloaded https://storage.googleapis.com/exa-us-west-1/c_data/base_3/testm/data/1G_51.dat into /dev/shm/user_slot12/1G_51.dat
RC 0
-rw-r--r--. 1 centos centos 1000000000 Oct 23 23:13 1G_51.dat
Wed Oct 23 23:13:32 UTC 2019
INFO: Downloaded https://storage.googleapis.com/exa-us-west-1/c_data/base_3/testm/data/1G_51.dat into /dev/shm/user_slot12/1G_51.dat
RC 0
-rw-r--r--. 1 centos centos 1000000000 Oct 23 23:13 1G_51.dat
Wed Oct 23 23:13:38 UTC 2019
