/dev/shm/user_slot6
Wed Oct 23 23:13:06 UTC 2019
Job 88
Fetching 1G.dat from /base_8/test./data/1G_88.dat
Wed Oct 23 23:13:06 UTC 2019
INFO: Downloaded https://storage.googleapis.com/exa-us-west-1/6_data/base_8/testb/data/1G_88.dat into /dev/shm/user_slot6/1G_88.dat
RC 0
-rw-r--r--. 1 centos centos 1000000000 Oct 23 23:13 1G_88.dat
--- Mid run ---
Wed Oct 23 23:13:16 UTC 2019
INFO: Downloaded https://storage.googleapis.com/exa-us-west-1/6_data/base_8/testb/data/1G_88.dat into /dev/shm/user_slot6/1G_88.dat
RC 0
-rw-r--r--. 1 centos centos 1000000000 Oct 23 23:13 1G_88.dat
=== Mid run end ===
Wed Oct 23 23:13:22 UTC 2019
INFO: Downloaded https://storage.googleapis.com/exa-us-west-1/6_data/base_8/testb/data/1G_88.dat into /dev/shm/user_slot6/1G_88.dat
RC 0
-rw-r--r--. 1 centos centos 1000000000 Oct 23 23:13 1G_88.dat
Wed Oct 23 23:13:29 UTC 2019
INFO: Downloaded https://storage.googleapis.com/exa-us-west-1/6_data/base_8/testb/data/1G_88.dat into /dev/shm/user_slot6/1G_88.dat
RC 0
-rw-r--r--. 1 centos centos 1000000000 Oct 23 23:13 1G_88.dat
Wed Oct 23 23:13:34 UTC 2019
