/dev/shm/user_slot7
Wed Oct 23 23:13:09 UTC 2019
Job 107
Fetching 1G.dat from /base_b/test./data/1G_107.dat
Wed Oct 23 23:13:09 UTC 2019
INFO: Downloaded https://storage.googleapis.com/exa-us-west-1/6_data/base_b/testa/data/1G_107.dat into /dev/shm/user_slot7/1G_107.dat
RC 0
-rw-r--r--. 1 centos centos 1000000000 Oct 23 23:13 1G_107.dat
--- Mid run ---
Wed Oct 23 23:13:21 UTC 2019
INFO: Downloaded https://storage.googleapis.com/exa-us-west-1/6_data/base_b/testa/data/1G_107.dat into /dev/shm/user_slot7/1G_107.dat
RC 0
-rw-r--r--. 1 centos centos 1000000000 Oct 23 23:13 1G_107.dat
=== Mid run end ===
Wed Oct 23 23:13:33 UTC 2019
INFO: Downloaded https://storage.googleapis.com/exa-us-west-1/6_data/base_b/testa/data/1G_107.dat into /dev/shm/user_slot7/1G_107.dat
RC 0
-rw-r--r--. 1 centos centos 1000000000 Oct 23 23:13 1G_107.dat
Wed Oct 23 23:13:42 UTC 2019
INFO: Downloaded https://storage.googleapis.com/exa-us-west-1/6_data/base_b/testa/data/1G_107.dat into /dev/shm/user_slot7/1G_107.dat
RC 0
-rw-r--r--. 1 centos centos 1000000000 Oct 23 23:13 1G_107.dat
Wed Oct 23 23:13:48 UTC 2019
