/dev/shm/user_slot14
Wed Oct 23 23:13:01 UTC 2019
Job 6
Fetching 1G.dat from /base_6/test./data/1G_6.dat
Wed Oct 23 23:13:01 UTC 2019
INFO: Downloaded https://storage.googleapis.com/exa-us-west-1/4_data/base_6/testa/data/1G_6.dat into /dev/shm/user_slot14/1G_6.dat
RC 0
-rw-r--r--. 1 centos centos 1000000000 Oct 23 23:13 1G_6.dat
--- Mid run ---
Wed Oct 23 23:13:06 UTC 2019
INFO: Downloaded https://storage.googleapis.com/exa-us-west-1/4_data/base_6/testa/data/1G_6.dat into /dev/shm/user_slot14/1G_6.dat
RC 0
-rw-r--r--. 1 centos centos 1000000000 Oct 23 23:13 1G_6.dat
=== Mid run end ===
Wed Oct 23 23:13:13 UTC 2019
INFO: Downloaded https://storage.googleapis.com/exa-us-west-1/4_data/base_6/testa/data/1G_6.dat into /dev/shm/user_slot14/1G_6.dat
RC 0
-rw-r--r--. 1 centos centos 1000000000 Oct 23 23:13 1G_6.dat
Wed Oct 23 23:13:18 UTC 2019
INFO: Downloaded https://storage.googleapis.com/exa-us-west-1/4_data/base_6/testa/data/1G_6.dat into /dev/shm/user_slot14/1G_6.dat
RC 0
-rw-r--r--. 1 centos centos 1000000000 Oct 23 23:13 1G_6.dat
Wed Oct 23 23:13:24 UTC 2019
