/dev/shm/user_slot15
Wed Oct 23 23:13:04 UTC 2019
Job 52
Fetching 1G.dat from /base_4/test./data/1G_52.dat
Wed Oct 23 23:13:04 UTC 2019
INFO: Downloaded https://storage.googleapis.com/exa-us-west-1/a_data/base_4/testm/data/1G_52.dat into /dev/shm/user_slot15/1G_52.dat
RC 0
-rw-r--r--. 1 centos centos 1000000000 Oct 23 23:13 1G_52.dat
--- Mid run ---
Wed Oct 23 23:13:13 UTC 2019
INFO: Downloaded https://storage.googleapis.com/exa-us-west-1/a_data/base_4/testm/data/1G_52.dat into /dev/shm/user_slot15/1G_52.dat
RC 0
-rw-r--r--. 1 centos centos 1000000000 Oct 23 23:13 1G_52.dat
=== Mid run end ===
Wed Oct 23 23:13:20 UTC 2019
INFO: Downloaded https://storage.googleapis.com/exa-us-west-1/a_data/base_4/testm/data/1G_52.dat into /dev/shm/user_slot15/1G_52.dat
RC 0
-rw-r--r--. 1 centos centos 1000000000 Oct 23 23:13 1G_52.dat
Wed Oct 23 23:13:25 UTC 2019
INFO: Downloaded https://storage.googleapis.com/exa-us-west-1/a_data/base_4/testm/data/1G_52.dat into /dev/shm/user_slot15/1G_52.dat
RC 0
-rw-r--r--. 1 centos centos 1000000000 Oct 23 23:13 1G_52.dat
Wed Oct 23 23:13:31 UTC 2019
