/dev/shm/user_slot5
Wed Oct 23 23:13:10 UTC 2019
Job 129
Fetching 1G.dat from /base_1/test./data/1G_129.dat
Wed Oct 23 23:13:10 UTC 2019
INFO: Downloaded https://storage.googleapis.com/exa-us-west-1/b_data/base_1/testa/data/1G_129.dat into /dev/shm/user_slot5/1G_129.dat
RC 0
-rw-r--r--. 1 centos centos 1000000000 Oct 23 23:13 1G_129.dat
--- Mid run ---
Wed Oct 23 23:13:17 UTC 2019
INFO: Downloaded https://storage.googleapis.com/exa-us-west-1/b_data/base_1/testa/data/1G_129.dat into /dev/shm/user_slot5/1G_129.dat
RC 0
-rw-r--r--. 1 centos centos 1000000000 Oct 23 23:13 1G_129.dat
=== Mid run end ===
Wed Oct 23 23:13:24 UTC 2019
INFO: Downloaded https://storage.googleapis.com/exa-us-west-1/b_data/base_1/testa/data/1G_129.dat into /dev/shm/user_slot5/1G_129.dat
RC 0
-rw-r--r--. 1 centos centos 1000000000 Oct 23 23:13 1G_129.dat
Wed Oct 23 23:13:33 UTC 2019
INFO: Downloaded https://storage.googleapis.com/exa-us-west-1/b_data/base_1/testa/data/1G_129.dat into /dev/shm/user_slot5/1G_129.dat
RC 0
-rw-r--r--. 1 centos centos 1000000000 Oct 23 23:13 1G_129.dat
Wed Oct 23 23:13:39 UTC 2019
