/dev/shm/user_slot10
Wed Oct 23 23:13:11 UTC 2019
Job 161
Fetching 1G.dat from /base_1/test./data/1G_161.dat
Wed Oct 23 23:13:11 UTC 2019
INFO: Downloaded https://storage.googleapis.com/exa-us-west-1/a_data/base_1/testb/data/1G_161.dat into /dev/shm/user_slot10/1G_161.dat
RC 0
-rw-r--r--. 1 centos centos 1000000000 Oct 23 23:13 1G_161.dat
--- Mid run ---
Wed Oct 23 23:13:22 UTC 2019
INFO: Downloaded https://storage.googleapis.com/exa-us-west-1/a_data/base_1/testb/data/1G_161.dat into /dev/shm/user_slot10/1G_161.dat
RC 0
-rw-r--r--. 1 centos centos 1000000000 Oct 23 23:13 1G_161.dat
=== Mid run end ===
Wed Oct 23 23:13:28 UTC 2019
INFO: Downloaded https://storage.googleapis.com/exa-us-west-1/a_data/base_1/testb/data/1G_161.dat into /dev/shm/user_slot10/1G_161.dat
RC 0
-rw-r--r--. 1 centos centos 1000000000 Oct 23 23:13 1G_161.dat
Wed Oct 23 23:13:33 UTC 2019
INFO: Downloaded https://storage.googleapis.com/exa-us-west-1/a_data/base_1/testb/data/1G_161.dat into /dev/shm/user_slot10/1G_161.dat
RC 0
-rw-r--r--. 1 centos centos 1000000000 Oct 23 23:13 1G_161.dat
Wed Oct 23 23:13:38 UTC 2019
