/dev/shm/user_slot5
Wed Oct 23 10:54:24 UTC 2019
Job 210
Fetching 1G.dat from /base_2/test./data/1G_210.dat
Wed Oct 23 10:54:24 UTC 2019
INFO: Downloaded https://storage.googleapis.com/exa-us-west-1/e_data/base_2/testb/data/1G_210.dat into /dev/shm/user_slot5/1G_210.dat
RC 0
-rw-r--r--. 1 centos centos 1000000000 Oct 23 10:54 1G_210.dat
--- Mid run ---
Wed Oct 23 10:54:33 UTC 2019
INFO: Downloaded https://storage.googleapis.com/exa-us-west-1/e_data/base_2/testb/data/1G_210.dat into /dev/shm/user_slot5/1G_210.dat
RC 0
-rw-r--r--. 1 centos centos 1000000000 Oct 23 10:54 1G_210.dat
=== Mid run end ===
Wed Oct 23 10:54:39 UTC 2019
INFO: Downloaded https://storage.googleapis.com/exa-us-west-1/e_data/base_2/testb/data/1G_210.dat into /dev/shm/user_slot5/1G_210.dat
RC 0
-rw-r--r--. 1 centos centos 1000000000 Oct 23 10:54 1G_210.dat
Wed Oct 23 10:54:44 UTC 2019
INFO: Downloaded https://storage.googleapis.com/exa-us-west-1/e_data/base_2/testb/data/1G_210.dat into /dev/shm/user_slot5/1G_210.dat
RC 0
-rw-r--r--. 1 centos centos 1000000000 Oct 23 10:54 1G_210.dat
Wed Oct 23 10:54:48 UTC 2019
