/dev/shm/user_slot7
Wed Oct 23 10:54:25 UTC 2019
Job 234
Fetching 1G.dat from /base_a/test./data/1G_234.dat
Wed Oct 23 10:54:25 UTC 2019
INFO: Downloaded https://storage.googleapis.com/exa-us-west-1/c_data/base_a/testa/data/1G_234.dat into /dev/shm/user_slot7/1G_234.dat
RC 0
-rw-r--r--. 1 centos centos 1000000000 Oct 23 10:54 1G_234.dat
--- Mid run ---
Wed Oct 23 10:54:31 UTC 2019
INFO: Downloaded https://storage.googleapis.com/exa-us-west-1/c_data/base_a/testa/data/1G_234.dat into /dev/shm/user_slot7/1G_234.dat
RC 0
-rw-r--r--. 1 centos centos 1000000000 Oct 23 10:54 1G_234.dat
=== Mid run end ===
Wed Oct 23 10:54:35 UTC 2019
INFO: Downloaded https://storage.googleapis.com/exa-us-west-1/c_data/base_a/testa/data/1G_234.dat into /dev/shm/user_slot7/1G_234.dat
RC 0
-rw-r--r--. 1 centos centos 1000000000 Oct 23 10:54 1G_234.dat
Wed Oct 23 10:54:39 UTC 2019
INFO: Downloaded https://storage.googleapis.com/exa-us-west-1/c_data/base_a/testa/data/1G_234.dat into /dev/shm/user_slot7/1G_234.dat
RC 0
-rw-r--r--. 1 centos centos 1000000000 Oct 23 10:54 1G_234.dat
Wed Oct 23 10:54:43 UTC 2019
