/dev/shm/user_slot8
Wed Oct 23 10:52:39 UTC 2019
Job 119
Fetching 1G.dat from /base_7/test./data/1G_119.dat
Wed Oct 23 10:52:39 UTC 2019
INFO: Downloaded https://storage.googleapis.com/exa-us-west-1/a_data/base_7/testa/data/1G_119.dat into /dev/shm/user_slot8/1G_119.dat
RC 0
-rw-r--r--. 1 centos centos 1000000000 Oct 23 10:52 1G_119.dat
--- Mid run ---
Wed Oct 23 10:52:44 UTC 2019
INFO: Downloaded https://storage.googleapis.com/exa-us-west-1/a_data/base_7/testa/data/1G_119.dat into /dev/shm/user_slot8/1G_119.dat
RC 0
-rw-r--r--. 1 centos centos 1000000000 Oct 23 10:52 1G_119.dat
=== Mid run end ===
Wed Oct 23 10:52:50 UTC 2019
INFO: Downloaded https://storage.googleapis.com/exa-us-west-1/a_data/base_7/testa/data/1G_119.dat into /dev/shm/user_slot8/1G_119.dat
RC 0
-rw-r--r--. 1 centos centos 1000000000 Oct 23 10:52 1G_119.dat
Wed Oct 23 10:52:55 UTC 2019
INFO: Downloaded https://storage.googleapis.com/exa-us-west-1/a_data/base_7/testa/data/1G_119.dat into /dev/shm/user_slot8/1G_119.dat
RC 0
-rw-r--r--. 1 centos centos 1000000000 Oct 23 10:52 1G_119.dat
Wed Oct 23 10:52:59 UTC 2019
