/dev/shm/user_slot16
Wed Oct 23 10:52:37 UTC 2019
Job 155
Fetching 1G.dat from /base_b/test./data/1G_155.dat
Wed Oct 23 10:52:37 UTC 2019
INFO: Downloaded https://storage.googleapis.com/exa-us-west-1/8_data/base_b/testb/data/1G_155.dat into /dev/shm/user_slot16/1G_155.dat
RC 0
-rw-r--r--. 1 centos centos 1000000000 Oct 23 10:52 1G_155.dat
--- Mid run ---
Wed Oct 23 10:52:42 UTC 2019
INFO: Downloaded https://storage.googleapis.com/exa-us-west-1/8_data/base_b/testb/data/1G_155.dat into /dev/shm/user_slot16/1G_155.dat
RC 0
-rw-r--r--. 1 centos centos 1000000000 Oct 23 10:52 1G_155.dat
=== Mid run end ===
Wed Oct 23 10:52:51 UTC 2019
INFO: Downloaded https://storage.googleapis.com/exa-us-west-1/8_data/base_b/testb/data/1G_155.dat into /dev/shm/user_slot16/1G_155.dat
RC 0
-rw-r--r--. 1 centos centos 1000000000 Oct 23 10:52 1G_155.dat
Wed Oct 23 10:52:58 UTC 2019
INFO: Downloaded https://storage.googleapis.com/exa-us-west-1/8_data/base_b/testb/data/1G_155.dat into /dev/shm/user_slot16/1G_155.dat
RC 0
-rw-r--r--. 1 centos centos 1000000000 Oct 23 10:53 1G_155.dat
Wed Oct 23 10:53:03 UTC 2019
