/dev/shm/user_slot12
Wed Oct 23 10:54:26 UTC 2019
Job 244
Fetching 1G.dat from /base_4/test./data/1G_244.dat
Wed Oct 23 10:54:26 UTC 2019
INFO: Downloaded https://storage.googleapis.com/exa-us-west-1/4_data/base_4/testa/data/1G_244.dat into /dev/shm/user_slot12/1G_244.dat
RC 0
-rw-r--r--. 1 centos centos 1000000000 Oct 23 10:54 1G_244.dat
--- Mid run ---
Wed Oct 23 10:54:32 UTC 2019
INFO: Downloaded https://storage.googleapis.com/exa-us-west-1/4_data/base_4/testa/data/1G_244.dat into /dev/shm/user_slot12/1G_244.dat
RC 0
-rw-r--r--. 1 centos centos 1000000000 Oct 23 10:54 1G_244.dat
=== Mid run end ===
Wed Oct 23 10:54:37 UTC 2019
INFO: Downloaded https://storage.googleapis.com/exa-us-west-1/4_data/base_4/testa/data/1G_244.dat into /dev/shm/user_slot12/1G_244.dat
RC 0
-rw-r--r--. 1 centos centos 1000000000 Oct 23 10:54 1G_244.dat
Wed Oct 23 10:54:42 UTC 2019
INFO: Downloaded https://storage.googleapis.com/exa-us-west-1/4_data/base_4/testa/data/1G_244.dat into /dev/shm/user_slot12/1G_244.dat
RC 0
-rw-r--r--. 1 centos centos 1000000000 Oct 23 10:54 1G_244.dat
Wed Oct 23 10:54:46 UTC 2019
