Mon Sep 30 22:57:04 UTC 2019
Mon Sep 30 22:57:04 UTC 2019

real	0m5.234s
user	0m1.745s
sys	0m2.763s
Mon Sep 30 22:57:10 UTC 2019

real	0m6.894s
user	0m1.767s
sys	0m4.119s
Mon Sep 30 22:57:17 UTC 2019

real	0m6.295s
user	0m1.800s
sys	0m3.890s
--- Mid run ---
Mon Sep 30 22:57:23 UTC 2019

real	0m6.991s
user	0m1.783s
sys	0m3.621s
=== Mid run end ===
Mon Sep 30 22:57:30 UTC 2019

real	0m5.411s
user	0m1.883s
sys	0m3.160s
Mon Sep 30 22:57:36 UTC 2019

real	0m5.844s
user	0m1.833s
sys	0m3.372s
Mon Sep 30 22:57:42 UTC 2019
