/dev/shm/user_slot7
Wed Oct 23 23:08:57 UTC 2019
Job 69
Fetching 1G.dat from /base_5/test./data/1G_69.dat
Wed Oct 23 23:08:57 UTC 2019
INFO: Downloaded https://storage.googleapis.com/exa-us-west-1/b_data/base_5/testm/data/1G_69.dat into /dev/shm/user_slot7/1G_69.dat
RC 0
-rw-r--r--. 1 centos centos 1000000000 Oct 23 23:09 1G_69.dat
--- Mid run ---
Wed Oct 23 23:09:10 UTC 2019
INFO: Downloaded https://storage.googleapis.com/exa-us-west-1/b_data/base_5/testm/data/1G_69.dat into /dev/shm/user_slot7/1G_69.dat
RC 0
-rw-r--r--. 1 centos centos 1000000000 Oct 23 23:09 1G_69.dat
=== Mid run end ===
Wed Oct 23 23:09:16 UTC 2019
INFO: Downloaded https://storage.googleapis.com/exa-us-west-1/b_data/base_5/testm/data/1G_69.dat into /dev/shm/user_slot7/1G_69.dat
RC 0
-rw-r--r--. 1 centos centos 1000000000 Oct 23 23:09 1G_69.dat
Wed Oct 23 23:09:21 UTC 2019
INFO: Downloaded https://storage.googleapis.com/exa-us-west-1/b_data/base_5/testm/data/1G_69.dat into /dev/shm/user_slot7/1G_69.dat
RC 0
-rw-r--r--. 1 centos centos 1000000000 Oct 23 23:09 1G_69.dat
Wed Oct 23 23:09:29 UTC 2019
