/dev/shm/user_slot8
Wed Oct 23 23:08:57 UTC 2019
Job 54
Fetching 1G.dat from /base_6/test./data/1G_54.dat
Wed Oct 23 23:08:57 UTC 2019
INFO: Downloaded https://storage.googleapis.com/exa-us-west-1/b_data/base_6/testb/data/1G_54.dat into /dev/shm/user_slot8/1G_54.dat
RC 0
-rw-r--r--. 1 centos centos 1000000000 Oct 23 23:09 1G_54.dat
--- Mid run ---
Wed Oct 23 23:09:06 UTC 2019
INFO: Downloaded https://storage.googleapis.com/exa-us-west-1/b_data/base_6/testb/data/1G_54.dat into /dev/shm/user_slot8/1G_54.dat
RC 0
-rw-r--r--. 1 centos centos 1000000000 Oct 23 23:09 1G_54.dat
=== Mid run end ===
Wed Oct 23 23:09:13 UTC 2019
INFO: Downloaded https://storage.googleapis.com/exa-us-west-1/b_data/base_6/testb/data/1G_54.dat into /dev/shm/user_slot8/1G_54.dat
RC 0
-rw-r--r--. 1 centos centos 1000000000 Oct 23 23:09 1G_54.dat
Wed Oct 23 23:09:20 UTC 2019
INFO: Downloaded https://storage.googleapis.com/exa-us-west-1/b_data/base_6/testb/data/1G_54.dat into /dev/shm/user_slot8/1G_54.dat
RC 0
-rw-r--r--. 1 centos centos 1000000000 Oct 23 23:09 1G_54.dat
Wed Oct 23 23:09:27 UTC 2019
