/dev/shm/user_slot14
Wed Oct 23 23:08:56 UTC 2019
Job 40
Fetching 1G.dat from /base_8/test./data/1G_40.dat
Wed Oct 23 23:08:56 UTC 2019
INFO: Downloaded https://storage.googleapis.com/exa-us-west-1/f_data/base_8/testa/data/1G_40.dat into /dev/shm/user_slot14/1G_40.dat
RC 0
-rw-r--r--. 1 centos centos 1000000000 Oct 23 23:09 1G_40.dat
--- Mid run ---
Wed Oct 23 23:09:06 UTC 2019
INFO: Downloaded https://storage.googleapis.com/exa-us-west-1/f_data/base_8/testa/data/1G_40.dat into /dev/shm/user_slot14/1G_40.dat
RC 0
-rw-r--r--. 1 centos centos 1000000000 Oct 23 23:09 1G_40.dat
=== Mid run end ===
Wed Oct 23 23:09:11 UTC 2019
INFO: Downloaded https://storage.googleapis.com/exa-us-west-1/f_data/base_8/testa/data/1G_40.dat into /dev/shm/user_slot14/1G_40.dat
RC 0
-rw-r--r--. 1 centos centos 1000000000 Oct 23 23:09 1G_40.dat
Wed Oct 23 23:09:20 UTC 2019
INFO: Downloaded https://storage.googleapis.com/exa-us-west-1/f_data/base_8/testa/data/1G_40.dat into /dev/shm/user_slot14/1G_40.dat
RC 0
-rw-r--r--. 1 centos centos 1000000000 Oct 23 23:09 1G_40.dat
Wed Oct 23 23:09:25 UTC 2019
