/dev/shm/user_slot2
Wed Oct 23 23:09:01 UTC 2019
Job 127
Fetching 1G.dat from /base_f/test./data/1G_127.dat
Wed Oct 23 23:09:01 UTC 2019
INFO: Downloaded https://storage.googleapis.com/exa-us-west-1/9_data/base_f/testb/data/1G_127.dat into /dev/shm/user_slot2/1G_127.dat
RC 0
-rw-r--r--. 1 centos centos 1000000000 Oct 23 23:09 1G_127.dat
--- Mid run ---
Wed Oct 23 23:09:13 UTC 2019
INFO: Downloaded https://storage.googleapis.com/exa-us-west-1/9_data/base_f/testb/data/1G_127.dat into /dev/shm/user_slot2/1G_127.dat
RC 0
-rw-r--r--. 1 centos centos 1000000000 Oct 23 23:09 1G_127.dat
=== Mid run end ===
Wed Oct 23 23:09:19 UTC 2019
INFO: Downloaded https://storage.googleapis.com/exa-us-west-1/9_data/base_f/testb/data/1G_127.dat into /dev/shm/user_slot2/1G_127.dat
RC 0
-rw-r--r--. 1 centos centos 1000000000 Oct 23 23:09 1G_127.dat
Wed Oct 23 23:09:25 UTC 2019
INFO: Downloaded https://storage.googleapis.com/exa-us-west-1/9_data/base_f/testb/data/1G_127.dat into /dev/shm/user_slot2/1G_127.dat
RC 0
-rw-r--r--. 1 centos centos 1000000000 Oct 23 23:09 1G_127.dat
Wed Oct 23 23:09:31 UTC 2019
