/dev/shm/user_slot13
Wed Oct 23 23:08:53 UTC 2019
Job 1
Fetching 1G.dat from /base_1/test./data/1G_1.dat
Wed Oct 23 23:08:53 UTC 2019
INFO: Downloaded https://storage.googleapis.com/exa-us-west-1/f_data/base_1/testb/data/1G_1.dat into /dev/shm/user_slot13/1G_1.dat
RC 0
-rw-r--r--. 1 centos centos 1000000000 Oct 23 23:09 1G_1.dat
--- Mid run ---
Wed Oct 23 23:09:24 UTC 2019
INFO: Downloaded https://storage.googleapis.com/exa-us-west-1/f_data/base_1/testb/data/1G_1.dat into /dev/shm/user_slot13/1G_1.dat
RC 0
-rw-r--r--. 1 centos centos 1000000000 Oct 23 23:09 1G_1.dat
=== Mid run end ===
Wed Oct 23 23:09:30 UTC 2019
INFO: Downloaded https://storage.googleapis.com/exa-us-west-1/f_data/base_1/testb/data/1G_1.dat into /dev/shm/user_slot13/1G_1.dat
RC 0
-rw-r--r--. 1 centos centos 1000000000 Oct 23 23:09 1G_1.dat
Wed Oct 23 23:09:33 UTC 2019
INFO: Downloaded https://storage.googleapis.com/exa-us-west-1/f_data/base_1/testb/data/1G_1.dat into /dev/shm/user_slot13/1G_1.dat
RC 0
-rw-r--r--. 1 centos centos 1000000000 Oct 23 23:09 1G_1.dat
Wed Oct 23 23:09:37 UTC 2019
