/dev/shm/user_slot11
Wed Oct 23 23:08:55 UTC 2019
Job 33
Fetching 1G.dat from /base_1/test./data/1G_33.dat
Wed Oct 23 23:08:55 UTC 2019
INFO: Downloaded https://storage.googleapis.com/exa-us-west-1/7_data/base_1/testb/data/1G_33.dat into /dev/shm/user_slot11/1G_33.dat
RC 0
-rw-r--r--. 1 centos centos 1000000000 Oct 23 23:09 1G_33.dat
--- Mid run ---
Wed Oct 23 23:09:08 UTC 2019
INFO: Downloaded https://storage.googleapis.com/exa-us-west-1/7_data/base_1/testb/data/1G_33.dat into /dev/shm/user_slot11/1G_33.dat
RC 0
-rw-r--r--. 1 centos centos 1000000000 Oct 23 23:09 1G_33.dat
=== Mid run end ===
Wed Oct 23 23:09:13 UTC 2019
INFO: Downloaded https://storage.googleapis.com/exa-us-west-1/7_data/base_1/testb/data/1G_33.dat into /dev/shm/user_slot11/1G_33.dat
RC 0
-rw-r--r--. 1 centos centos 1000000000 Oct 23 23:09 1G_33.dat
Wed Oct 23 23:09:20 UTC 2019
INFO: Downloaded https://storage.googleapis.com/exa-us-west-1/7_data/base_1/testb/data/1G_33.dat into /dev/shm/user_slot11/1G_33.dat
RC 0
-rw-r--r--. 1 centos centos 1000000000 Oct 23 23:09 1G_33.dat
Wed Oct 23 23:09:25 UTC 2019
