Thu Oct  3 03:13:00 UTC 2019
Thu Oct  3 03:13:00 UTC 2019

real	0m12.065s
user	0m2.092s
sys	0m2.746s
Thu Oct  3 03:13:12 UTC 2019

real	0m10.035s
user	0m2.102s
sys	0m3.468s
Thu Oct  3 03:13:22 UTC 2019

real	0m8.489s
user	0m1.830s
sys	0m2.254s
--- Mid run ---
Thu Oct  3 03:13:31 UTC 2019

real	0m12.974s
user	0m2.050s
sys	0m2.601s
=== Mid run end ===
Thu Oct  3 03:13:44 UTC 2019

real	0m8.792s
user	0m1.829s
sys	0m2.407s
Thu Oct  3 03:13:53 UTC 2019

real	0m7.994s
user	0m1.914s
sys	0m2.144s
Thu Oct  3 03:14:01 UTC 2019
