Thu Oct  3 03:12:58 UTC 2019
Thu Oct  3 03:12:58 UTC 2019

real	0m5.584s
user	0m1.337s
sys	0m2.291s
Thu Oct  3 03:13:04 UTC 2019

real	0m7.857s
user	0m1.662s
sys	0m3.217s
Thu Oct  3 03:13:12 UTC 2019

real	0m9.992s
user	0m1.715s
sys	0m3.255s
--- Mid run ---
Thu Oct  3 03:13:22 UTC 2019

real	0m12.236s
user	0m1.766s
sys	0m2.928s
=== Mid run end ===
Thu Oct  3 03:13:35 UTC 2019

real	0m8.836s
user	0m1.717s
sys	0m3.418s
Thu Oct  3 03:13:44 UTC 2019

real	0m9.601s
user	0m1.547s
sys	0m2.846s
Thu Oct  3 03:13:53 UTC 2019
