Thu Oct  3 03:15:50 UTC 2019
Thu Oct  3 03:15:50 UTC 2019

real	0m6.610s
user	0m1.957s
sys	0m2.723s
Thu Oct  3 03:15:57 UTC 2019

real	0m11.951s
user	0m2.105s
sys	0m3.227s
Thu Oct  3 03:16:09 UTC 2019

real	0m9.423s
user	0m1.615s
sys	0m2.080s
--- Mid run ---
Thu Oct  3 03:16:18 UTC 2019

real	0m7.940s
user	0m1.769s
sys	0m2.380s
=== Mid run end ===
Thu Oct  3 03:16:27 UTC 2019

real	0m10.665s
user	0m1.991s
sys	0m2.736s
Thu Oct  3 03:16:37 UTC 2019

real	0m7.922s
user	0m1.892s
sys	0m2.313s
Thu Oct  3 03:16:45 UTC 2019
