Thu Oct  3 03:12:59 UTC 2019
Thu Oct  3 03:12:59 UTC 2019

real	0m27.908s
user	0m1.757s
sys	0m2.100s
Thu Oct  3 03:13:27 UTC 2019

real	0m12.531s
user	0m1.510s
sys	0m2.606s
Thu Oct  3 03:13:40 UTC 2019

real	0m10.489s
user	0m1.473s
sys	0m2.201s
--- Mid run ---
Thu Oct  3 03:13:50 UTC 2019

real	0m18.000s
user	0m1.773s
sys	0m2.080s
=== Mid run end ===
Thu Oct  3 03:14:08 UTC 2019

real	0m12.143s
user	0m1.551s
sys	0m1.837s
Thu Oct  3 03:14:21 UTC 2019

real	0m7.562s
user	0m1.389s
sys	0m1.728s
Thu Oct  3 03:14:28 UTC 2019
