Thu Oct  3 03:12:59 UTC 2019
Thu Oct  3 03:12:59 UTC 2019

real	0m13.590s
user	0m2.102s
sys	0m2.832s
Thu Oct  3 03:13:13 UTC 2019

real	0m10.230s
user	0m2.125s
sys	0m2.909s
Thu Oct  3 03:13:23 UTC 2019

real	0m9.489s
user	0m1.952s
sys	0m2.909s
--- Mid run ---
Thu Oct  3 03:13:33 UTC 2019

real	0m11.180s
user	0m2.154s
sys	0m2.879s
=== Mid run end ===
Thu Oct  3 03:13:44 UTC 2019

real	0m8.640s
user	0m1.752s
sys	0m2.094s
Thu Oct  3 03:13:53 UTC 2019

real	0m8.590s
user	0m1.928s
sys	0m2.479s
Thu Oct  3 03:14:01 UTC 2019
