Thu Oct  3 03:12:58 UTC 2019
Thu Oct  3 03:12:58 UTC 2019

real	0m10.860s
user	0m1.421s
sys	0m2.172s
Thu Oct  3 03:13:09 UTC 2019

real	0m19.345s
user	0m1.615s
sys	0m2.212s
Thu Oct  3 03:13:29 UTC 2019

real	0m11.457s
user	0m1.505s
sys	0m2.655s
--- Mid run ---
Thu Oct  3 03:13:40 UTC 2019

real	0m17.814s
user	0m1.691s
sys	0m2.140s
=== Mid run end ===
Thu Oct  3 03:13:58 UTC 2019

real	0m18.657s
user	0m1.865s
sys	0m2.068s
Thu Oct  3 03:14:17 UTC 2019

real	0m9.013s
user	0m1.505s
sys	0m2.198s
Thu Oct  3 03:14:26 UTC 2019
