Thu Oct  3 03:15:39 UTC 2019
Thu Oct  3 03:15:39 UTC 2019

real	0m3.396s
user	0m1.427s
sys	0m1.740s
Thu Oct  3 03:15:43 UTC 2019

real	0m6.332s
user	0m1.345s
sys	0m1.639s
Thu Oct  3 03:15:49 UTC 2019

real	0m8.671s
user	0m2.023s
sys	0m2.964s
--- Mid run ---
Thu Oct  3 03:15:58 UTC 2019

real	0m9.173s
user	0m1.997s
sys	0m2.691s
=== Mid run end ===
Thu Oct  3 03:16:07 UTC 2019

real	0m20.352s
user	0m2.050s
sys	0m2.890s
Thu Oct  3 03:16:28 UTC 2019

real	0m9.961s
user	0m2.094s
sys	0m2.692s
Thu Oct  3 03:16:38 UTC 2019
