Thu Oct  3 03:12:51 UTC 2019
Thu Oct  3 03:12:51 UTC 2019

real	0m4.156s
user	0m1.353s
sys	0m2.142s
Thu Oct  3 03:12:55 UTC 2019

real	0m5.472s
user	0m1.440s
sys	0m2.290s
Thu Oct  3 03:13:01 UTC 2019

real	0m21.492s
user	0m1.836s
sys	0m2.855s
--- Mid run ---
Thu Oct  3 03:13:23 UTC 2019

real	0m10.852s
user	0m1.779s
sys	0m2.784s
=== Mid run end ===
Thu Oct  3 03:13:34 UTC 2019

real	0m10.192s
user	0m1.712s
sys	0m2.446s
Thu Oct  3 03:13:44 UTC 2019

real	0m8.318s
user	0m1.759s
sys	0m3.171s
Thu Oct  3 03:13:52 UTC 2019
