Thu Oct  3 03:12:46 UTC 2019
Thu Oct  3 03:12:46 UTC 2019

real	0m6.054s
user	0m1.324s
sys	0m1.625s
Thu Oct  3 03:12:52 UTC 2019

real	0m5.906s
user	0m1.315s
sys	0m1.693s
Thu Oct  3 03:12:58 UTC 2019

real	0m4.748s
user	0m1.375s
sys	0m1.799s
--- Mid run ---
Thu Oct  3 03:13:03 UTC 2019

real	0m9.599s
user	0m1.676s
sys	0m2.732s
=== Mid run end ===
Thu Oct  3 03:13:12 UTC 2019

real	0m10.725s
user	0m1.689s
sys	0m2.535s
Thu Oct  3 03:13:23 UTC 2019

real	0m7.740s
user	0m1.572s
sys	0m2.287s
Thu Oct  3 03:13:31 UTC 2019
