Thu Oct  3 03:12:59 UTC 2019
Thu Oct  3 03:12:59 UTC 2019

real	0m5.821s
user	0m1.879s
sys	0m2.790s
Thu Oct  3 03:13:05 UTC 2019

real	0m9.874s
user	0m2.079s
sys	0m2.969s
Thu Oct  3 03:13:15 UTC 2019

real	0m10.706s
user	0m2.012s
sys	0m2.849s
--- Mid run ---
Thu Oct  3 03:13:25 UTC 2019

real	0m10.526s
user	0m1.904s
sys	0m2.540s
=== Mid run end ===
Thu Oct  3 03:13:36 UTC 2019

real	0m6.223s
user	0m1.660s
sys	0m2.314s
Thu Oct  3 03:13:42 UTC 2019

real	0m12.122s
user	0m1.758s
sys	0m2.343s
Thu Oct  3 03:13:55 UTC 2019
