Thu Oct  3 03:13:00 UTC 2019
Thu Oct  3 03:13:00 UTC 2019

real	0m4.273s
user	0m1.467s
sys	0m2.344s
Thu Oct  3 03:13:04 UTC 2019

real	0m9.629s
user	0m1.639s
sys	0m2.495s
Thu Oct  3 03:13:14 UTC 2019

real	0m9.834s
user	0m1.689s
sys	0m3.242s
--- Mid run ---
Thu Oct  3 03:13:24 UTC 2019

real	0m11.196s
user	0m1.702s
sys	0m2.870s
=== Mid run end ===
Thu Oct  3 03:13:35 UTC 2019

real	0m9.148s
user	0m1.645s
sys	0m2.421s
Thu Oct  3 03:13:45 UTC 2019

real	0m9.476s
user	0m1.465s
sys	0m2.926s
Thu Oct  3 03:13:54 UTC 2019
