Thu Oct  3 03:15:50 UTC 2019
Thu Oct  3 03:15:50 UTC 2019

real	0m7.760s
user	0m1.701s
sys	0m3.428s
Thu Oct  3 03:15:58 UTC 2019

real	0m11.254s
user	0m1.862s
sys	0m4.147s
Thu Oct  3 03:16:09 UTC 2019

real	0m9.370s
user	0m1.765s
sys	0m2.761s
--- Mid run ---
Thu Oct  3 03:16:18 UTC 2019

real	0m9.985s
user	0m1.788s
sys	0m4.036s
=== Mid run end ===
Thu Oct  3 03:16:29 UTC 2019

real	0m18.432s
user	0m1.845s
sys	0m2.796s
Thu Oct  3 03:16:47 UTC 2019

real	0m8.544s
user	0m1.545s
sys	0m2.477s
Thu Oct  3 03:16:56 UTC 2019
