Thu Oct  3 03:22:26 UTC 2019
Thu Oct  3 03:22:26 UTC 2019

real	0m5.666s
user	0m1.158s
sys	0m1.624s
Thu Oct  3 03:22:32 UTC 2019

real	0m10.660s
user	0m1.361s
sys	0m1.825s
Thu Oct  3 03:22:43 UTC 2019

real	0m10.546s
user	0m1.553s
sys	0m2.213s
--- Mid run ---
Thu Oct  3 03:22:53 UTC 2019

real	0m10.192s
user	0m1.562s
sys	0m2.149s
=== Mid run end ===
Thu Oct  3 03:23:04 UTC 2019

real	0m10.140s
user	0m1.583s
sys	0m2.176s
Thu Oct  3 03:23:14 UTC 2019

real	0m12.940s
user	0m1.769s
sys	0m2.737s
Thu Oct  3 03:23:27 UTC 2019
