Thu Oct  3 03:22:41 UTC 2019
Thu Oct  3 03:22:41 UTC 2019

real	0m7.601s
user	0m1.664s
sys	0m1.930s
Thu Oct  3 03:22:49 UTC 2019

real	0m36.558s
user	0m2.523s
sys	0m2.930s
Thu Oct  3 03:23:26 UTC 2019

real	0m10.528s
user	0m2.041s
sys	0m2.692s
--- Mid run ---
Thu Oct  3 03:23:37 UTC 2019

real	0m13.168s
user	0m2.160s
sys	0m2.634s
=== Mid run end ===
Thu Oct  3 03:23:50 UTC 2019

real	0m4.502s
user	0m1.442s
sys	0m1.546s
Thu Oct  3 03:23:54 UTC 2019

real	0m5.250s
user	0m1.640s
sys	0m1.971s
Thu Oct  3 03:24:00 UTC 2019
