Thu Oct  3 03:22:24 UTC 2019
Thu Oct  3 03:22:24 UTC 2019

real	0m3.695s
user	0m1.478s
sys	0m1.843s
Thu Oct  3 03:22:28 UTC 2019

real	0m6.602s
user	0m1.460s
sys	0m1.762s
Thu Oct  3 03:22:35 UTC 2019

real	0m7.512s
user	0m2.019s
sys	0m2.270s
--- Mid run ---
Thu Oct  3 03:22:42 UTC 2019

real	0m8.133s
user	0m1.996s
sys	0m2.888s
=== Mid run end ===
Thu Oct  3 03:22:51 UTC 2019

real	0m8.635s
user	0m1.980s
sys	0m2.381s
Thu Oct  3 03:22:59 UTC 2019

real	0m13.476s
user	0m2.238s
sys	0m3.598s
Thu Oct  3 03:23:13 UTC 2019
