Thu Oct  3 03:25:32 UTC 2019
Thu Oct  3 03:25:32 UTC 2019

real	0m13.795s
user	0m1.837s
sys	0m3.269s
Thu Oct  3 03:25:46 UTC 2019

real	0m22.849s
user	0m1.921s
sys	0m2.517s
Thu Oct  3 03:26:09 UTC 2019

real	0m8.490s
user	0m1.812s
sys	0m3.792s
--- Mid run ---
Thu Oct  3 03:26:17 UTC 2019

real	0m30.077s
user	0m1.965s
sys	0m2.469s
=== Mid run end ===
Thu Oct  3 03:26:48 UTC 2019

real	0m9.242s
user	0m1.490s
sys	0m2.233s
Thu Oct  3 03:26:57 UTC 2019

real	0m8.010s
user	0m1.328s
sys	0m2.065s
Thu Oct  3 03:27:05 UTC 2019
