Thu Oct  3 03:22:46 UTC 2019
Thu Oct  3 03:22:46 UTC 2019

real	0m15.615s
user	0m1.843s
sys	0m2.267s
Thu Oct  3 03:23:02 UTC 2019

real	0m12.103s
user	0m1.800s
sys	0m2.471s
Thu Oct  3 03:23:14 UTC 2019

real	0m12.340s
user	0m1.665s
sys	0m2.387s
--- Mid run ---
Thu Oct  3 03:23:27 UTC 2019

real	0m13.439s
user	0m1.716s
sys	0m2.359s
=== Mid run end ===
Thu Oct  3 03:23:40 UTC 2019

real	0m11.107s
user	0m1.602s
sys	0m2.349s
Thu Oct  3 03:23:52 UTC 2019

real	0m13.656s
user	0m1.722s
sys	0m2.206s
Thu Oct  3 03:24:05 UTC 2019
