Thu Oct  3 03:22:34 UTC 2019
Thu Oct  3 03:22:34 UTC 2019

real	0m16.213s
user	0m1.865s
sys	0m2.591s
Thu Oct  3 03:22:50 UTC 2019

real	0m11.577s
user	0m2.137s
sys	0m3.097s
Thu Oct  3 03:23:02 UTC 2019

real	0m10.994s
user	0m2.111s
sys	0m3.137s
--- Mid run ---
Thu Oct  3 03:23:13 UTC 2019

real	0m12.249s
user	0m1.989s
sys	0m2.473s
=== Mid run end ===
Thu Oct  3 03:23:25 UTC 2019

real	0m10.967s
user	0m1.961s
sys	0m2.781s
Thu Oct  3 03:23:36 UTC 2019

real	0m12.558s
user	0m1.953s
sys	0m2.628s
Thu Oct  3 03:23:49 UTC 2019
