Thu Oct  3 03:25:29 UTC 2019
Thu Oct  3 03:25:29 UTC 2019

real	0m5.657s
user	0m1.408s
sys	0m2.082s
Thu Oct  3 03:25:35 UTC 2019

real	0m12.427s
user	0m1.791s
sys	0m2.521s
Thu Oct  3 03:25:47 UTC 2019

real	0m10.833s
user	0m1.719s
sys	0m2.328s
--- Mid run ---
Thu Oct  3 03:25:58 UTC 2019

real	0m10.796s
user	0m1.773s
sys	0m2.776s
=== Mid run end ===
Thu Oct  3 03:26:09 UTC 2019

real	0m9.567s
user	0m1.664s
sys	0m2.757s
Thu Oct  3 03:26:19 UTC 2019

real	0m30.278s
user	0m1.924s
sys	0m1.907s
Thu Oct  3 03:26:49 UTC 2019
