Thu Oct  3 03:22:25 UTC 2019
Thu Oct  3 03:22:25 UTC 2019

real	0m3.871s
user	0m1.237s
sys	0m1.239s
Thu Oct  3 03:22:29 UTC 2019

real	0m22.683s
user	0m1.973s
sys	0m2.431s
Thu Oct  3 03:22:52 UTC 2019

real	0m8.899s
user	0m1.875s
sys	0m2.223s
--- Mid run ---
Thu Oct  3 03:23:01 UTC 2019

real	0m24.038s
user	0m2.046s
sys	0m2.135s
=== Mid run end ===
Thu Oct  3 03:23:25 UTC 2019

real	0m13.045s
user	0m2.039s
sys	0m2.802s
Thu Oct  3 03:23:38 UTC 2019

real	0m10.543s
user	0m1.838s
sys	0m2.201s
Thu Oct  3 03:23:49 UTC 2019
