Thu Oct  3 03:22:40 UTC 2019
Thu Oct  3 03:22:40 UTC 2019

real	0m15.084s
user	0m1.715s
sys	0m2.144s
Thu Oct  3 03:22:55 UTC 2019

real	0m11.434s
user	0m1.772s
sys	0m2.934s
Thu Oct  3 03:23:07 UTC 2019

real	0m11.943s
user	0m1.755s
sys	0m2.287s
--- Mid run ---
Thu Oct  3 03:23:19 UTC 2019

real	0m9.194s
user	0m1.965s
sys	0m2.637s
=== Mid run end ===
Thu Oct  3 03:23:28 UTC 2019

real	0m13.962s
user	0m1.984s
sys	0m2.475s
Thu Oct  3 03:23:42 UTC 2019

real	0m13.026s
user	0m1.683s
sys	0m2.589s
Thu Oct  3 03:23:55 UTC 2019
