Thu Oct  3 03:25:25 UTC 2019
Thu Oct  3 03:25:25 UTC 2019

real	0m9.870s
user	0m2.006s
sys	0m2.690s
Thu Oct  3 03:25:35 UTC 2019

real	0m11.430s
user	0m2.113s
sys	0m2.844s
Thu Oct  3 03:25:46 UTC 2019

real	0m12.250s
user	0m2.240s
sys	0m3.361s
--- Mid run ---
Thu Oct  3 03:25:58 UTC 2019

real	0m36.235s
user	0m2.436s
sys	0m2.131s
=== Mid run end ===
Thu Oct  3 03:26:35 UTC 2019

real	0m9.351s
user	0m1.735s
sys	0m2.273s
Thu Oct  3 03:26:44 UTC 2019

real	0m10.185s
user	0m1.689s
sys	0m1.965s
Thu Oct  3 03:26:54 UTC 2019
