Thu Oct  3 03:22:35 UTC 2019
Thu Oct  3 03:22:35 UTC 2019

real	0m7.752s
user	0m1.371s
sys	0m2.049s
Thu Oct  3 03:22:43 UTC 2019

real	0m8.126s
user	0m1.599s
sys	0m2.574s
Thu Oct  3 03:22:52 UTC 2019

real	0m12.035s
user	0m1.744s
sys	0m2.632s
--- Mid run ---
Thu Oct  3 03:23:04 UTC 2019

real	0m10.541s
user	0m1.868s
sys	0m2.768s
=== Mid run end ===
Thu Oct  3 03:23:14 UTC 2019

real	0m12.605s
user	0m1.871s
sys	0m2.537s
Thu Oct  3 03:23:27 UTC 2019

real	0m12.245s
user	0m1.819s
sys	0m2.482s
Thu Oct  3 03:23:40 UTC 2019
