Thu Oct  3 03:22:45 UTC 2019
Thu Oct  3 03:22:45 UTC 2019

real	0m5.366s
user	0m1.632s
sys	0m2.346s
Thu Oct  3 03:22:51 UTC 2019

real	0m11.636s
user	0m2.110s
sys	0m2.994s
Thu Oct  3 03:23:03 UTC 2019

real	0m10.531s
user	0m2.127s
sys	0m3.225s
--- Mid run ---
Thu Oct  3 03:23:13 UTC 2019

real	0m11.699s
user	0m2.126s
sys	0m3.331s
=== Mid run end ===
Thu Oct  3 03:23:25 UTC 2019

real	0m13.049s
user	0m2.135s
sys	0m3.528s
Thu Oct  3 03:23:38 UTC 2019

real	0m12.445s
user	0m1.924s
sys	0m2.633s
Thu Oct  3 03:23:51 UTC 2019
