Thu Oct  3 03:22:48 UTC 2019
Thu Oct  3 03:22:48 UTC 2019

real	0m10.738s
user	0m1.832s
sys	0m2.323s
Thu Oct  3 03:22:59 UTC 2019

real	0m13.262s
user	0m2.322s
sys	0m2.772s
Thu Oct  3 03:23:13 UTC 2019

real	0m10.520s
user	0m1.921s
sys	0m2.718s
--- Mid run ---
Thu Oct  3 03:23:23 UTC 2019

real	0m13.446s
user	0m2.259s
sys	0m2.815s
=== Mid run end ===
Thu Oct  3 03:23:37 UTC 2019

real	0m11.388s
user	0m1.993s
sys	0m2.807s
Thu Oct  3 03:23:49 UTC 2019

real	0m10.826s
user	0m1.613s
sys	0m1.778s
Thu Oct  3 03:24:00 UTC 2019
