Thu Oct  3 03:25:22 UTC 2019
Thu Oct  3 03:25:22 UTC 2019

real	0m11.889s
user	0m1.590s
sys	0m1.985s
Thu Oct  3 03:25:34 UTC 2019

real	0m12.404s
user	0m1.673s
sys	0m2.222s
Thu Oct  3 03:25:46 UTC 2019

real	0m11.898s
user	0m1.708s
sys	0m2.081s
--- Mid run ---
Thu Oct  3 03:25:58 UTC 2019

real	0m6.704s
user	0m1.378s
sys	0m1.986s
=== Mid run end ===
Thu Oct  3 03:26:05 UTC 2019

real	0m18.635s
user	0m1.528s
sys	0m1.820s
Thu Oct  3 03:26:24 UTC 2019

real	0m12.235s
user	0m1.752s
sys	0m2.251s
Thu Oct  3 03:26:36 UTC 2019
