Thu Oct  3 03:25:24 UTC 2019
Thu Oct  3 03:25:24 UTC 2019

real	0m13.198s
user	0m1.735s
sys	0m2.389s
Thu Oct  3 03:25:37 UTC 2019

real	0m11.945s
user	0m1.719s
sys	0m2.444s
Thu Oct  3 03:25:49 UTC 2019

real	0m11.990s
user	0m1.585s
sys	0m2.116s
--- Mid run ---
Thu Oct  3 03:26:01 UTC 2019

real	0m12.399s
user	0m1.485s
sys	0m2.207s
=== Mid run end ===
Thu Oct  3 03:26:14 UTC 2019

real	0m14.802s
user	0m1.544s
sys	0m1.936s
Thu Oct  3 03:26:29 UTC 2019

real	0m9.932s
user	0m1.486s
sys	0m2.797s
Thu Oct  3 03:26:39 UTC 2019
