Thu Oct  3 03:22:43 UTC 2019
Thu Oct  3 03:22:43 UTC 2019

real	0m13.283s
user	0m1.519s
sys	0m2.027s
Thu Oct  3 03:22:56 UTC 2019

real	0m32.562s
user	0m2.422s
sys	0m2.411s
Thu Oct  3 03:23:29 UTC 2019

real	0m13.507s
user	0m1.998s
sys	0m2.465s
--- Mid run ---
Thu Oct  3 03:23:43 UTC 2019

real	0m11.449s
user	0m1.932s
sys	0m2.521s
=== Mid run end ===
Thu Oct  3 03:23:54 UTC 2019

real	0m12.136s
user	0m1.735s
sys	0m2.412s
Thu Oct  3 03:24:06 UTC 2019

real	0m7.992s
user	0m1.416s
sys	0m1.830s
Thu Oct  3 03:24:15 UTC 2019
