Thu Oct  3 03:22:28 UTC 2019
Thu Oct  3 03:22:28 UTC 2019

real	0m7.601s
user	0m1.484s
sys	0m2.568s
Thu Oct  3 03:22:36 UTC 2019

real	0m6.446s
user	0m1.347s
sys	0m2.259s
Thu Oct  3 03:22:42 UTC 2019

real	0m9.714s
user	0m1.596s
sys	0m2.338s
--- Mid run ---
Thu Oct  3 03:22:52 UTC 2019

real	0m10.697s
user	0m1.750s
sys	0m3.271s
=== Mid run end ===
Thu Oct  3 03:23:03 UTC 2019

real	0m9.355s
user	0m1.690s
sys	0m2.881s
Thu Oct  3 03:23:12 UTC 2019

real	0m14.303s
user	0m1.857s
sys	0m3.465s
Thu Oct  3 03:23:27 UTC 2019
