Thu Oct  3 03:22:25 UTC 2019
Thu Oct  3 03:22:25 UTC 2019

real	0m6.868s
user	0m1.274s
sys	0m1.680s
Thu Oct  3 03:22:32 UTC 2019

real	0m11.730s
user	0m1.441s
sys	0m1.939s
Thu Oct  3 03:22:44 UTC 2019

real	0m9.012s
user	0m1.432s
sys	0m2.225s
--- Mid run ---
Thu Oct  3 03:22:53 UTC 2019

real	0m21.471s
user	0m1.966s
sys	0m3.054s
=== Mid run end ===
Thu Oct  3 03:23:14 UTC 2019

real	0m13.017s
user	0m1.771s
sys	0m2.273s
Thu Oct  3 03:23:28 UTC 2019

real	0m13.175s
user	0m1.821s
sys	0m2.694s
Thu Oct  3 03:23:41 UTC 2019
