Thu Oct  3 03:25:30 UTC 2019
Thu Oct  3 03:25:30 UTC 2019

real	0m16.401s
user	0m1.762s
sys	0m3.353s
Thu Oct  3 03:25:46 UTC 2019

real	0m12.597s
user	0m1.823s
sys	0m3.680s
Thu Oct  3 03:25:59 UTC 2019

real	0m8.303s
user	0m1.640s
sys	0m3.432s
--- Mid run ---
Thu Oct  3 03:26:07 UTC 2019

real	0m19.023s
user	0m1.722s
sys	0m3.389s
=== Mid run end ===
Thu Oct  3 03:26:26 UTC 2019

real	0m9.930s
user	0m1.542s
sys	0m2.571s
Thu Oct  3 03:26:37 UTC 2019

real	0m9.695s
user	0m1.570s
sys	0m2.466s
Thu Oct  3 03:26:46 UTC 2019
