Thu Oct  3 03:25:21 UTC 2019
Thu Oct  3 03:25:21 UTC 2019

real	0m14.428s
user	0m1.748s
sys	0m2.345s
Thu Oct  3 03:25:36 UTC 2019

real	0m22.662s
user	0m1.915s
sys	0m2.385s
Thu Oct  3 03:25:59 UTC 2019

real	0m19.148s
user	0m1.803s
sys	0m2.347s
--- Mid run ---
Thu Oct  3 03:26:18 UTC 2019

real	0m19.884s
user	0m1.716s
sys	0m2.396s
=== Mid run end ===
Thu Oct  3 03:26:38 UTC 2019

real	0m10.529s
user	0m1.509s
sys	0m1.981s
Thu Oct  3 03:26:48 UTC 2019

real	0m8.485s
user	0m1.306s
sys	0m1.851s
Thu Oct  3 03:26:57 UTC 2019
