Thu Oct  3 03:22:41 UTC 2019
Thu Oct  3 03:22:41 UTC 2019

real	0m36.947s
user	0m2.320s
sys	0m1.959s
Thu Oct  3 03:23:18 UTC 2019

real	0m12.199s
user	0m1.900s
sys	0m2.154s
Thu Oct  3 03:23:30 UTC 2019

real	0m11.659s
user	0m1.871s
sys	0m2.650s
--- Mid run ---
Thu Oct  3 03:23:42 UTC 2019

real	0m13.131s
user	0m1.856s
sys	0m2.447s
=== Mid run end ===
Thu Oct  3 03:23:55 UTC 2019

real	0m10.781s
user	0m1.644s
sys	0m1.854s
Thu Oct  3 03:24:06 UTC 2019

real	0m7.128s
user	0m1.445s
sys	0m1.847s
Thu Oct  3 03:24:13 UTC 2019
