Thu Oct  3 03:22:33 UTC 2019
Thu Oct  3 03:22:33 UTC 2019

real	0m19.055s
user	0m1.908s
sys	0m2.152s
Thu Oct  3 03:22:52 UTC 2019

real	0m9.771s
user	0m1.992s
sys	0m2.482s
Thu Oct  3 03:23:02 UTC 2019

real	0m8.450s
user	0m1.839s
sys	0m2.170s
--- Mid run ---
Thu Oct  3 03:23:10 UTC 2019

real	0m13.591s
user	0m2.190s
sys	0m2.590s
=== Mid run end ===
Thu Oct  3 03:23:24 UTC 2019

real	0m13.694s
user	0m2.090s
sys	0m2.705s
Thu Oct  3 03:23:38 UTC 2019

real	0m12.329s
user	0m2.027s
sys	0m2.464s
Thu Oct  3 03:23:50 UTC 2019
