Thu Oct  3 03:25:10 UTC 2019
Thu Oct  3 03:25:10 UTC 2019

real	0m3.668s
user	0m1.373s
sys	0m1.639s
Thu Oct  3 03:25:13 UTC 2019

real	0m3.672s
user	0m1.370s
sys	0m1.542s
Thu Oct  3 03:25:17 UTC 2019

real	0m4.548s
user	0m1.438s
sys	0m1.681s
--- Mid run ---
Thu Oct  3 03:25:22 UTC 2019

real	0m11.619s
user	0m1.799s
sys	0m2.483s
=== Mid run end ===
Thu Oct  3 03:25:33 UTC 2019

real	0m11.427s
user	0m2.089s
sys	0m2.858s
Thu Oct  3 03:25:45 UTC 2019

real	0m11.241s
user	0m2.057s
sys	0m2.626s
Thu Oct  3 03:25:56 UTC 2019
