Thu Oct  3 03:22:30 UTC 2019
Thu Oct  3 03:22:30 UTC 2019

real	0m7.668s
user	0m1.376s
sys	0m1.792s
Thu Oct  3 03:22:38 UTC 2019

real	0m12.700s
user	0m1.656s
sys	0m2.026s
Thu Oct  3 03:22:51 UTC 2019

real	0m25.214s
user	0m2.071s
sys	0m2.496s
--- Mid run ---
Thu Oct  3 03:23:16 UTC 2019

real	0m12.141s
user	0m1.712s
sys	0m2.475s
=== Mid run end ===
Thu Oct  3 03:23:28 UTC 2019

real	0m11.736s
user	0m1.619s
sys	0m2.278s
Thu Oct  3 03:23:40 UTC 2019

real	0m12.070s
user	0m1.705s
sys	0m2.564s
Thu Oct  3 03:23:52 UTC 2019
