Thu Oct  3 03:25:31 UTC 2019
Thu Oct  3 03:25:31 UTC 2019

real	0m19.411s
user	0m2.062s
sys	0m3.393s
Thu Oct  3 03:25:50 UTC 2019

real	0m18.870s
user	0m1.867s
sys	0m4.169s
Thu Oct  3 03:26:09 UTC 2019

real	0m9.846s
user	0m1.728s
sys	0m4.058s
--- Mid run ---
Thu Oct  3 03:26:19 UTC 2019

real	0m7.035s
user	0m1.479s
sys	0m3.278s
=== Mid run end ===
Thu Oct  3 03:26:26 UTC 2019

real	0m11.300s
user	0m1.886s
sys	0m3.992s
Thu Oct  3 03:26:38 UTC 2019

real	0m9.816s
user	0m1.733s
sys	0m3.556s
Thu Oct  3 03:26:47 UTC 2019
