Thu Oct  3 03:22:43 UTC 2019
Thu Oct  3 03:22:43 UTC 2019

real	0m29.829s
user	0m2.104s
sys	0m2.790s
Thu Oct  3 03:23:13 UTC 2019

real	0m13.279s
user	0m1.822s
sys	0m3.051s
Thu Oct  3 03:23:26 UTC 2019

real	0m11.444s
user	0m1.786s
sys	0m2.921s
--- Mid run ---
Thu Oct  3 03:23:38 UTC 2019

real	0m12.151s
user	0m1.715s
sys	0m2.733s
=== Mid run end ===
Thu Oct  3 03:23:50 UTC 2019

real	0m11.722s
user	0m1.491s
sys	0m2.145s
Thu Oct  3 03:24:02 UTC 2019

real	0m9.418s
user	0m1.287s
sys	0m1.976s
Thu Oct  3 03:24:12 UTC 2019
