Thu Oct  3 03:25:24 UTC 2019
Thu Oct  3 03:25:24 UTC 2019

real	0m10.484s
user	0m1.666s
sys	0m3.014s
Thu Oct  3 03:25:35 UTC 2019

real	0m11.929s
user	0m1.782s
sys	0m3.909s
Thu Oct  3 03:25:47 UTC 2019

real	0m30.691s
user	0m2.303s
sys	0m3.277s
--- Mid run ---
Thu Oct  3 03:26:18 UTC 2019

real	0m9.869s
user	0m1.577s
sys	0m3.078s
=== Mid run end ===
Thu Oct  3 03:26:28 UTC 2019

real	0m18.798s
user	0m1.805s
sys	0m3.349s
Thu Oct  3 03:26:47 UTC 2019

real	0m8.900s
user	0m1.481s
sys	0m2.678s
Thu Oct  3 03:26:56 UTC 2019
