Thu Oct  3 03:25:20 UTC 2019
Thu Oct  3 03:25:20 UTC 2019

real	0m3.832s
user	0m1.490s
sys	0m2.049s
Thu Oct  3 03:25:24 UTC 2019

real	0m10.686s
user	0m2.074s
sys	0m2.988s
Thu Oct  3 03:25:35 UTC 2019

real	0m9.840s
user	0m2.159s
sys	0m3.377s
--- Mid run ---
Thu Oct  3 03:25:45 UTC 2019

real	0m12.275s
user	0m2.078s
sys	0m3.346s
=== Mid run end ===
Thu Oct  3 03:25:57 UTC 2019

real	0m10.558s
user	0m2.109s
sys	0m2.965s
Thu Oct  3 03:26:08 UTC 2019

real	0m7.466s
user	0m1.580s
sys	0m2.593s
Thu Oct  3 03:26:16 UTC 2019
