Thu Oct  3 03:22:46 UTC 2019
Thu Oct  3 03:22:46 UTC 2019

real	0m7.390s
user	0m1.691s
sys	0m2.517s
Thu Oct  3 03:22:54 UTC 2019

real	0m32.003s
user	0m2.218s
sys	0m2.186s
Thu Oct  3 03:23:26 UTC 2019

real	0m16.165s
user	0m1.745s
sys	0m2.373s
--- Mid run ---
Thu Oct  3 03:23:42 UTC 2019

real	0m10.510s
user	0m1.709s
sys	0m2.427s
=== Mid run end ===
Thu Oct  3 03:23:53 UTC 2019

real	0m9.189s
user	0m1.544s
sys	0m2.000s
Thu Oct  3 03:24:02 UTC 2019

real	0m10.286s
user	0m1.399s
sys	0m1.524s
Thu Oct  3 03:24:13 UTC 2019
