Thu Oct  3 03:22:27 UTC 2019
Thu Oct  3 03:22:27 UTC 2019

real	0m3.764s
user	0m1.313s
sys	0m1.402s
Thu Oct  3 03:22:30 UTC 2019

real	0m4.091s
user	0m1.839s
sys	0m2.095s
Thu Oct  3 03:22:35 UTC 2019

real	0m27.754s
user	0m2.544s
sys	0m3.613s
--- Mid run ---
Thu Oct  3 03:23:03 UTC 2019

real	0m10.419s
user	0m2.102s
sys	0m2.974s
=== Mid run end ===
Thu Oct  3 03:23:13 UTC 2019

real	0m10.994s
user	0m2.067s
sys	0m2.648s
Thu Oct  3 03:23:24 UTC 2019

real	0m13.385s
user	0m2.094s
sys	0m3.068s
Thu Oct  3 03:23:38 UTC 2019
