Thu Oct  3 03:22:26 UTC 2019
Thu Oct  3 03:22:26 UTC 2019

real	0m6.211s
user	0m1.476s
sys	0m1.791s
Thu Oct  3 03:22:32 UTC 2019

real	0m10.566s
user	0m1.735s
sys	0m2.368s
Thu Oct  3 03:22:43 UTC 2019

real	0m8.325s
user	0m1.798s
sys	0m2.340s
--- Mid run ---
Thu Oct  3 03:22:52 UTC 2019

real	0m10.456s
user	0m1.961s
sys	0m2.722s
=== Mid run end ===
Thu Oct  3 03:23:02 UTC 2019

real	0m25.433s
user	0m2.223s
sys	0m2.715s
Thu Oct  3 03:23:28 UTC 2019

real	0m11.258s
user	0m1.921s
sys	0m2.750s
Thu Oct  3 03:23:39 UTC 2019
