Thu Oct  3 03:22:41 UTC 2019
Thu Oct  3 03:22:41 UTC 2019

real	0m11.480s
user	0m1.567s
sys	0m2.749s
Thu Oct  3 03:22:52 UTC 2019

real	0m21.131s
user	0m2.027s
sys	0m3.229s
Thu Oct  3 03:23:14 UTC 2019

real	0m13.402s
user	0m1.940s
sys	0m3.402s
--- Mid run ---
Thu Oct  3 03:23:27 UTC 2019

real	0m12.019s
user	0m1.682s
sys	0m3.127s
=== Mid run end ===
Thu Oct  3 03:23:39 UTC 2019

real	0m11.132s
user	0m1.752s
sys	0m2.873s
Thu Oct  3 03:23:51 UTC 2019

real	0m11.933s
user	0m1.521s
sys	0m2.318s
Thu Oct  3 03:24:03 UTC 2019
