Thu Oct  3 03:22:43 UTC 2019
Thu Oct  3 03:22:43 UTC 2019

real	0m21.235s
user	0m1.909s
sys	0m2.731s
Thu Oct  3 03:23:04 UTC 2019

real	0m9.356s
user	0m1.722s
sys	0m3.182s
Thu Oct  3 03:23:14 UTC 2019

real	0m13.153s
user	0m1.965s
sys	0m4.091s
--- Mid run ---
Thu Oct  3 03:23:27 UTC 2019

real	0m11.107s
user	0m1.777s
sys	0m3.727s
=== Mid run end ===
Thu Oct  3 03:23:38 UTC 2019

real	0m11.953s
user	0m1.582s
sys	0m2.905s
Thu Oct  3 03:23:50 UTC 2019

real	0m11.762s
user	0m1.525s
sys	0m2.302s
Thu Oct  3 03:24:02 UTC 2019
