/dev/shm
Tue Oct  1 16:11:58 UTC 2019
Job 239
Fetching https://prp-test-us-east1.S3.amazonaws.com/f_testa/data/1G_239.dat
Tue Oct  1 16:11:58 UTC 2019
RC 0
-rw-r--r--. 1 centos centos 1000000000 Oct  1 16:12 1G_239.dat
Tue Oct  1 16:12:18 UTC 2019
RC 0
-rw-r--r--. 1 centos centos 1000000000 Oct  1 16:12 1G_239.dat
Tue Oct  1 16:12:32 UTC 2019
RC 0
-rw-r--r--. 1 centos centos 1000000000 Oct  1 16:12 1G_239.dat
--- Mid run ---
Tue Oct  1 16:12:42 UTC 2019
RC 0
-rw-r--r--. 1 centos centos 1000000000 Oct  1 16:12 1G_239.dat
=== Mid run end ===
Tue Oct  1 16:12:53 UTC 2019
RC 0
-rw-r--r--. 1 centos centos 1000000000 Oct  1 16:13 1G_239.dat
Tue Oct  1 16:13:03 UTC 2019
RC 0
-rw-r--r--. 1 centos centos 1000000000 Oct  1 16:13 1G_239.dat
Tue Oct  1 16:13:14 UTC 2019
RC 0
-rw-r--r--. 1 centos centos 1000000000 Oct  1 16:13 1G_239.dat
Tue Oct  1 16:13:24 UTC 2019
RC 0
-rw-r--r--. 1 centos centos 1000000000 Oct  1 16:13 1G_239.dat
Tue Oct  1 16:13:34 UTC 2019
