/dev/shm
Slot slot8
Fetching 1G_8.dat from stashcache.t2.ucsd.edu
Wed Oct  2 20:45:37 UTC 2019
RC 0
-rw-r--r--. 1 cuser8 cuser 1048576000 Oct  2 20:46 1G_8.dat
--- Mid run ---
Wed Oct  2 20:46:27 UTC 2019
RC 0
-rw-r--r--. 1 cuser8 cuser 1048576000 Oct  2 20:47 1G_8.dat
=== Mid run end ===
Wed Oct  2 20:47:30 UTC 2019
RC 0
-rw-r--r--. 1 cuser8 cuser 1048576000 Oct  2 20:48 1G_8.dat
Wed Oct  2 20:48:12 UTC 2019
RC 0
-rw-r--r--. 1 cuser8 cuser 1048576000 Oct  2 20:49 1G_8.dat
Wed Oct  2 20:49:11 UTC 2019
RC 0
-rw-r--r--. 1 cuser8 cuser 1048576000 Oct  2 20:49 1G_8.dat
Wed Oct  2 20:49:51 UTC 2019
RC 0
-rw-r--r--. 1 cuser8 cuser 1048576000 Oct  2 20:50 1G_8.dat
Wed Oct  2 20:50:36 UTC 2019
