/dev/shm
Slot slot7
Fetching 1G_7.dat from stashcache.t2.ucsd.edu
Wed Oct  2 20:45:37 UTC 2019
RC 0
-rw-r--r--. 1 cuser7 cuser 1048576000 Oct  2 20:46 1G_7.dat
--- Mid run ---
Wed Oct  2 20:46:31 UTC 2019
RC 0
-rw-r--r--. 1 cuser7 cuser 1048576000 Oct  2 20:47 1G_7.dat
=== Mid run end ===
Wed Oct  2 20:47:33 UTC 2019
RC 0
-rw-r--r--. 1 cuser7 cuser 1048576000 Oct  2 20:48 1G_7.dat
Wed Oct  2 20:48:21 UTC 2019
RC 0
-rw-r--r--. 1 cuser7 cuser 1048576000 Oct  2 20:49 1G_7.dat
Wed Oct  2 20:49:11 UTC 2019
RC 0
-rw-r--r--. 1 cuser7 cuser 1048576000 Oct  2 20:50 1G_7.dat
Wed Oct  2 20:50:09 UTC 2019
RC 0
-rw-r--r--. 1 cuser7 cuser 1048576000 Oct  2 20:50 1G_7.dat
Wed Oct  2 20:50:47 UTC 2019
