/dev/shm/user_slot6
Wed Oct 23 10:54:15 UTC 2019
Job 71
Fetching 1G.dat from /base_7/test./data/1G_71.dat
Wed Oct 23 10:54:15 UTC 2019
INFO: Downloaded https://storage.googleapis.com/exa-us-west-1/5_data/base_7/testb/data/1G_71.dat into /dev/shm/user_slot6/1G_71.dat
RC 0
-rw-r--r--. 1 centos centos 1000000000 Oct 23 10:54 1G_71.dat
--- Mid run ---
Wed Oct 23 10:54:29 UTC 2019
INFO: Downloaded https://storage.googleapis.com/exa-us-west-1/5_data/base_7/testb/data/1G_71.dat into /dev/shm/user_slot6/1G_71.dat
RC 0
-rw-r--r--. 1 centos centos 1000000000 Oct 23 10:54 1G_71.dat
=== Mid run end ===
Wed Oct 23 10:54:35 UTC 2019
INFO: Downloaded https://storage.googleapis.com/exa-us-west-1/5_data/base_7/testb/data/1G_71.dat into /dev/shm/user_slot6/1G_71.dat
RC 0
-rw-r--r--. 1 centos centos 1000000000 Oct 23 10:54 1G_71.dat
Wed Oct 23 10:54:40 UTC 2019
INFO: Downloaded https://storage.googleapis.com/exa-us-west-1/5_data/base_7/testb/data/1G_71.dat into /dev/shm/user_slot6/1G_71.dat
RC 0
-rw-r--r--. 1 centos centos 1000000000 Oct 23 10:54 1G_71.dat
Wed Oct 23 10:54:45 UTC 2019
