/dev/shm/user_slot5
Wed Oct 23 10:52:29 UTC 2019
Job 8
Fetching 1G.dat from /base_8/test./data/1G_8.dat
Wed Oct 23 10:52:29 UTC 2019
INFO: Downloaded https://storage.googleapis.com/exa-us-west-1/7_data/base_8/testb/data/1G_8.dat into /dev/shm/user_slot5/1G_8.dat
RC 0
-rw-r--r--. 1 centos centos 1000000000 Oct 23 10:52 1G_8.dat
--- Mid run ---
Wed Oct 23 10:52:34 UTC 2019
INFO: Downloaded https://storage.googleapis.com/exa-us-west-1/7_data/base_8/testb/data/1G_8.dat into /dev/shm/user_slot5/1G_8.dat
RC 0
-rw-r--r--. 1 centos centos 1000000000 Oct 23 10:52 1G_8.dat
=== Mid run end ===
Wed Oct 23 10:52:41 UTC 2019
INFO: Downloaded https://storage.googleapis.com/exa-us-west-1/7_data/base_8/testb/data/1G_8.dat into /dev/shm/user_slot5/1G_8.dat
RC 0
-rw-r--r--. 1 centos centos 1000000000 Oct 23 10:52 1G_8.dat
Wed Oct 23 10:52:46 UTC 2019
INFO: Downloaded https://storage.googleapis.com/exa-us-west-1/7_data/base_8/testb/data/1G_8.dat into /dev/shm/user_slot5/1G_8.dat
RC 0
-rw-r--r--. 1 centos centos 1000000000 Oct 23 10:52 1G_8.dat
Wed Oct 23 10:52:51 UTC 2019
