/dev/shm/user_slot7
Wed Oct 23 10:54:18 UTC 2019
Job 139
Fetching 1G.dat from /base_b/test./data/1G_139.dat
Wed Oct 23 10:54:18 UTC 2019
INFO: Downloaded https://storage.googleapis.com/exa-us-west-1/e_data/base_b/testb/data/1G_139.dat into /dev/shm/user_slot7/1G_139.dat
RC 0
-rw-r--r--. 1 centos centos 1000000000 Oct 23 10:54 1G_139.dat
--- Mid run ---
Wed Oct 23 10:54:23 UTC 2019
INFO: Downloaded https://storage.googleapis.com/exa-us-west-1/e_data/base_b/testb/data/1G_139.dat into /dev/shm/user_slot7/1G_139.dat
RC 0
-rw-r--r--. 1 centos centos 1000000000 Oct 23 10:54 1G_139.dat
=== Mid run end ===
Wed Oct 23 10:54:28 UTC 2019
INFO: Downloaded https://storage.googleapis.com/exa-us-west-1/e_data/base_b/testb/data/1G_139.dat into /dev/shm/user_slot7/1G_139.dat
RC 0
-rw-r--r--. 1 centos centos 1000000000 Oct 23 10:54 1G_139.dat
Wed Oct 23 10:54:33 UTC 2019
INFO: Downloaded https://storage.googleapis.com/exa-us-west-1/e_data/base_b/testb/data/1G_139.dat into /dev/shm/user_slot7/1G_139.dat
RC 0
-rw-r--r--. 1 centos centos 1000000000 Oct 23 10:54 1G_139.dat
Wed Oct 23 10:54:37 UTC 2019
