/dev/shm/user_slot4
Wed Oct 23 10:52:38 UTC 2019
Job 169
Fetching 1G.dat from /base_9/test./data/1G_169.dat
Wed Oct 23 10:52:38 UTC 2019
INFO: Downloaded https://storage.googleapis.com/exa-us-west-1/6_data/base_9/testb/data/1G_169.dat into /dev/shm/user_slot4/1G_169.dat
RC 0
-rw-r--r--. 1 centos centos 1000000000 Oct 23 10:52 1G_169.dat
--- Mid run ---
Wed Oct 23 10:52:44 UTC 2019
INFO: Downloaded https://storage.googleapis.com/exa-us-west-1/6_data/base_9/testb/data/1G_169.dat into /dev/shm/user_slot4/1G_169.dat
RC 0
-rw-r--r--. 1 centos centos 1000000000 Oct 23 10:52 1G_169.dat
=== Mid run end ===
Wed Oct 23 10:52:51 UTC 2019
INFO: Downloaded https://storage.googleapis.com/exa-us-west-1/6_data/base_9/testb/data/1G_169.dat into /dev/shm/user_slot4/1G_169.dat
RC 0
-rw-r--r--. 1 centos centos 1000000000 Oct 23 10:53 1G_169.dat
Wed Oct 23 10:53:01 UTC 2019
INFO: Downloaded https://storage.googleapis.com/exa-us-west-1/6_data/base_9/testb/data/1G_169.dat into /dev/shm/user_slot4/1G_169.dat
RC 0
-rw-r--r--. 1 centos centos 1000000000 Oct 23 10:53 1G_169.dat
Wed Oct 23 10:53:06 UTC 2019
