/dev/shm/user_slot12
Wed Oct 23 10:54:16 UTC 2019
Job 87
Fetching 1G.dat from /base_7/test./data/1G_87.dat
Wed Oct 23 10:54:16 UTC 2019
INFO: Downloaded https://storage.googleapis.com/exa-us-west-1/0_data/base_7/testb/data/1G_87.dat into /dev/shm/user_slot12/1G_87.dat
RC 0
-rw-r--r--. 1 centos centos 1000000000 Oct 23 10:54 1G_87.dat
--- Mid run ---
Wed Oct 23 10:54:21 UTC 2019
INFO: Downloaded https://storage.googleapis.com/exa-us-west-1/0_data/base_7/testb/data/1G_87.dat into /dev/shm/user_slot12/1G_87.dat
RC 0
-rw-r--r--. 1 centos centos 1000000000 Oct 23 10:54 1G_87.dat
=== Mid run end ===
Wed Oct 23 10:54:26 UTC 2019
INFO: Downloaded https://storage.googleapis.com/exa-us-west-1/0_data/base_7/testb/data/1G_87.dat into /dev/shm/user_slot12/1G_87.dat
RC 0
-rw-r--r--. 1 centos centos 1000000000 Oct 23 10:54 1G_87.dat
Wed Oct 23 10:54:31 UTC 2019
INFO: Downloaded https://storage.googleapis.com/exa-us-west-1/0_data/base_7/testb/data/1G_87.dat into /dev/shm/user_slot12/1G_87.dat
RC 0
-rw-r--r--. 1 centos centos 1000000000 Oct 23 10:54 1G_87.dat
Wed Oct 23 10:54:36 UTC 2019
