/dev/shm/user_slot7
Wed Oct 23 10:52:43 UTC 2019
Job 235
Fetching 1G.dat from /base_b/test./data/1G_235.dat
Wed Oct 23 10:52:43 UTC 2019
INFO: Downloaded https://storage.googleapis.com/exa-us-west-1/f_data/base_b/testb/data/1G_235.dat into /dev/shm/user_slot7/1G_235.dat
RC 0
-rw-r--r--. 1 centos centos 1000000000 Oct 23 10:52 1G_235.dat
--- Mid run ---
Wed Oct 23 10:52:48 UTC 2019
INFO: Downloaded https://storage.googleapis.com/exa-us-west-1/f_data/base_b/testb/data/1G_235.dat into /dev/shm/user_slot7/1G_235.dat
RC 0
-rw-r--r--. 1 centos centos 1000000000 Oct 23 10:52 1G_235.dat
=== Mid run end ===
Wed Oct 23 10:52:54 UTC 2019
INFO: Downloaded https://storage.googleapis.com/exa-us-west-1/f_data/base_b/testb/data/1G_235.dat into /dev/shm/user_slot7/1G_235.dat
RC 0
-rw-r--r--. 1 centos centos 1000000000 Oct 23 10:52 1G_235.dat
Wed Oct 23 10:52:58 UTC 2019
INFO: Downloaded https://storage.googleapis.com/exa-us-west-1/f_data/base_b/testb/data/1G_235.dat into /dev/shm/user_slot7/1G_235.dat
RC 0
-rw-r--r--. 1 centos centos 1000000000 Oct 23 10:53 1G_235.dat
Wed Oct 23 10:53:02 UTC 2019
