/dev/shm/user_slot16
Wed Oct 23 10:52:31 UTC 2019
Job 54
Fetching 1G.dat from /base_6/test./data/1G_54.dat
Wed Oct 23 10:52:31 UTC 2019
INFO: Downloaded https://storage.googleapis.com/exa-us-west-1/e_data/base_6/testa/data/1G_54.dat into /dev/shm/user_slot16/1G_54.dat
RC 0
-rw-r--r--. 1 centos centos 1000000000 Oct 23 10:52 1G_54.dat
--- Mid run ---
Wed Oct 23 10:52:37 UTC 2019
INFO: Downloaded https://storage.googleapis.com/exa-us-west-1/e_data/base_6/testa/data/1G_54.dat into /dev/shm/user_slot16/1G_54.dat
RC 0
-rw-r--r--. 1 centos centos 1000000000 Oct 23 10:52 1G_54.dat
=== Mid run end ===
Wed Oct 23 10:52:42 UTC 2019
INFO: Downloaded https://storage.googleapis.com/exa-us-west-1/e_data/base_6/testa/data/1G_54.dat into /dev/shm/user_slot16/1G_54.dat
RC 0
-rw-r--r--. 1 centos centos 1000000000 Oct 23 10:52 1G_54.dat
Wed Oct 23 10:52:48 UTC 2019
INFO: Downloaded https://storage.googleapis.com/exa-us-west-1/e_data/base_6/testa/data/1G_54.dat into /dev/shm/user_slot16/1G_54.dat
RC 0
-rw-r--r--. 1 centos centos 1000000000 Oct 23 10:52 1G_54.dat
Wed Oct 23 10:52:54 UTC 2019
