/dev/shm/user_slot3
Wed Oct 23 10:52:29 UTC 2019
Job 21
Fetching 1G.dat from /base_5/test./data/1G_21.dat
Wed Oct 23 10:52:29 UTC 2019
INFO: Downloaded https://storage.googleapis.com/exa-us-west-1/2_data/base_5/testb/data/1G_21.dat into /dev/shm/user_slot3/1G_21.dat
RC 0
-rw-r--r--. 1 centos centos 1000000000 Oct 23 10:52 1G_21.dat
--- Mid run ---
Wed Oct 23 10:52:34 UTC 2019
INFO: Downloaded https://storage.googleapis.com/exa-us-west-1/2_data/base_5/testb/data/1G_21.dat into /dev/shm/user_slot3/1G_21.dat
RC 0
-rw-r--r--. 1 centos centos 1000000000 Oct 23 10:52 1G_21.dat
=== Mid run end ===
Wed Oct 23 10:52:39 UTC 2019
INFO: Downloaded https://storage.googleapis.com/exa-us-west-1/2_data/base_5/testb/data/1G_21.dat into /dev/shm/user_slot3/1G_21.dat
RC 0
-rw-r--r--. 1 centos centos 1000000000 Oct 23 10:52 1G_21.dat
Wed Oct 23 10:52:45 UTC 2019
INFO: Downloaded https://storage.googleapis.com/exa-us-west-1/2_data/base_5/testb/data/1G_21.dat into /dev/shm/user_slot3/1G_21.dat
RC 0
-rw-r--r--. 1 centos centos 1000000000 Oct 23 10:52 1G_21.dat
Wed Oct 23 10:52:50 UTC 2019
