/dev/shm/user_slot2
Wed Oct 23 10:54:16 UTC 2019
Job 86
Fetching 1G.dat from /base_6/test./data/1G_86.dat
Wed Oct 23 10:54:16 UTC 2019
INFO: Downloaded https://storage.googleapis.com/exa-us-west-1/5_data/base_6/testa/data/1G_86.dat into /dev/shm/user_slot2/1G_86.dat
RC 0
-rw-r--r--. 1 centos centos 1000000000 Oct 23 10:54 1G_86.dat
--- Mid run ---
Wed Oct 23 10:54:21 UTC 2019
INFO: Downloaded https://storage.googleapis.com/exa-us-west-1/5_data/base_6/testa/data/1G_86.dat into /dev/shm/user_slot2/1G_86.dat
RC 0
-rw-r--r--. 1 centos centos 1000000000 Oct 23 10:54 1G_86.dat
=== Mid run end ===
Wed Oct 23 10:54:27 UTC 2019
INFO: Downloaded https://storage.googleapis.com/exa-us-west-1/5_data/base_6/testa/data/1G_86.dat into /dev/shm/user_slot2/1G_86.dat
RC 0
-rw-r--r--. 1 centos centos 1000000000 Oct 23 10:54 1G_86.dat
Wed Oct 23 10:54:37 UTC 2019
INFO: Downloaded https://storage.googleapis.com/exa-us-west-1/5_data/base_6/testa/data/1G_86.dat into /dev/shm/user_slot2/1G_86.dat
RC 0
-rw-r--r--. 1 centos centos 1000000000 Oct 23 10:54 1G_86.dat
Wed Oct 23 10:54:44 UTC 2019
