/dev/shm/user_slot6
Wed Oct 23 10:52:40 UTC 2019
Job 125
Fetching 1G.dat from /base_d/test./data/1G_125.dat
Wed Oct 23 10:52:40 UTC 2019
INFO: Downloaded https://storage.googleapis.com/exa-us-west-1/4_data/base_d/testm/data/1G_125.dat into /dev/shm/user_slot6/1G_125.dat
RC 0
-rw-r--r--. 1 centos centos 1000000000 Oct 23 10:52 1G_125.dat
--- Mid run ---
Wed Oct 23 10:52:47 UTC 2019
INFO: Downloaded https://storage.googleapis.com/exa-us-west-1/4_data/base_d/testm/data/1G_125.dat into /dev/shm/user_slot6/1G_125.dat
RC 0
-rw-r--r--. 1 centos centos 1000000000 Oct 23 10:52 1G_125.dat
=== Mid run end ===
Wed Oct 23 10:52:52 UTC 2019
INFO: Downloaded https://storage.googleapis.com/exa-us-west-1/4_data/base_d/testm/data/1G_125.dat into /dev/shm/user_slot6/1G_125.dat
RC 0
-rw-r--r--. 1 centos centos 1000000000 Oct 23 10:52 1G_125.dat
Wed Oct 23 10:52:56 UTC 2019
INFO: Downloaded https://storage.googleapis.com/exa-us-west-1/4_data/base_d/testm/data/1G_125.dat into /dev/shm/user_slot6/1G_125.dat
RC 0
-rw-r--r--. 1 centos centos 1000000000 Oct 23 10:53 1G_125.dat
Wed Oct 23 10:53:00 UTC 2019
