/dev/shm/user_slot4
Wed Oct 23 10:54:15 UTC 2019
Job 62
Fetching 1G.dat from /base_e/test./data/1G_62.dat
Wed Oct 23 10:54:15 UTC 2019
INFO: Downloaded https://storage.googleapis.com/exa-us-west-1/8_data/base_e/testa/data/1G_62.dat into /dev/shm/user_slot4/1G_62.dat
RC 0
-rw-r--r--. 1 centos centos 1000000000 Oct 23 10:54 1G_62.dat
--- Mid run ---
Wed Oct 23 10:54:19 UTC 2019
INFO: Downloaded https://storage.googleapis.com/exa-us-west-1/8_data/base_e/testa/data/1G_62.dat into /dev/shm/user_slot4/1G_62.dat
RC 0
-rw-r--r--. 1 centos centos 1000000000 Oct 23 10:54 1G_62.dat
=== Mid run end ===
Wed Oct 23 10:54:23 UTC 2019
INFO: Downloaded https://storage.googleapis.com/exa-us-west-1/8_data/base_e/testa/data/1G_62.dat into /dev/shm/user_slot4/1G_62.dat
RC 0
-rw-r--r--. 1 centos centos 1000000000 Oct 23 10:54 1G_62.dat
Wed Oct 23 10:54:29 UTC 2019
INFO: Downloaded https://storage.googleapis.com/exa-us-west-1/8_data/base_e/testa/data/1G_62.dat into /dev/shm/user_slot4/1G_62.dat
RC 0
-rw-r--r--. 1 centos centos 1000000000 Oct 23 10:54 1G_62.dat
Wed Oct 23 10:54:34 UTC 2019
