/dev/shm/user_slot13
Wed Oct 23 10:52:28 UTC 2019
Job 3
Fetching 1G.dat from /base_3/test./data/1G_3.dat
Wed Oct 23 10:52:28 UTC 2019
INFO: Downloaded https://storage.googleapis.com/exa-us-west-1/5_data/base_3/testb/data/1G_3.dat into /dev/shm/user_slot13/1G_3.dat
RC 0
-rw-r--r--. 1 centos centos 1000000000 Oct 23 10:52 1G_3.dat
--- Mid run ---
Wed Oct 23 10:52:34 UTC 2019
INFO: Downloaded https://storage.googleapis.com/exa-us-west-1/5_data/base_3/testb/data/1G_3.dat into /dev/shm/user_slot13/1G_3.dat
RC 0
-rw-r--r--. 1 centos centos 1000000000 Oct 23 10:52 1G_3.dat
=== Mid run end ===
Wed Oct 23 10:52:39 UTC 2019
INFO: Downloaded https://storage.googleapis.com/exa-us-west-1/5_data/base_3/testb/data/1G_3.dat into /dev/shm/user_slot13/1G_3.dat
RC 0
-rw-r--r--. 1 centos centos 1000000000 Oct 23 10:52 1G_3.dat
Wed Oct 23 10:52:45 UTC 2019
INFO: Downloaded https://storage.googleapis.com/exa-us-west-1/5_data/base_3/testb/data/1G_3.dat into /dev/shm/user_slot13/1G_3.dat
RC 0
-rw-r--r--. 1 centos centos 1000000000 Oct 23 10:52 1G_3.dat
Wed Oct 23 10:52:51 UTC 2019
