/dev/shm/user_slot16
Wed Oct 23 10:54:14 UTC 2019
Job 48
Fetching 1G.dat from /base_0/test./data/1G_48.dat
Wed Oct 23 10:54:14 UTC 2019
INFO: Downloaded https://storage.googleapis.com/exa-us-west-1/2_data/base_0/testb/data/1G_48.dat into /dev/shm/user_slot16/1G_48.dat
RC 0
-rw-r--r--. 1 centos centos 1000000000 Oct 23 10:54 1G_48.dat
--- Mid run ---
Wed Oct 23 10:54:18 UTC 2019
INFO: Downloaded https://storage.googleapis.com/exa-us-west-1/2_data/base_0/testb/data/1G_48.dat into /dev/shm/user_slot16/1G_48.dat
RC 0
-rw-r--r--. 1 centos centos 1000000000 Oct 23 10:54 1G_48.dat
=== Mid run end ===
Wed Oct 23 10:54:24 UTC 2019
INFO: Downloaded https://storage.googleapis.com/exa-us-west-1/2_data/base_0/testb/data/1G_48.dat into /dev/shm/user_slot16/1G_48.dat
RC 0
-rw-r--r--. 1 centos centos 1000000000 Oct 23 10:54 1G_48.dat
Wed Oct 23 10:54:31 UTC 2019
INFO: Downloaded https://storage.googleapis.com/exa-us-west-1/2_data/base_0/testb/data/1G_48.dat into /dev/shm/user_slot16/1G_48.dat
RC 0
-rw-r--r--. 1 centos centos 1000000000 Oct 23 10:54 1G_48.dat
Wed Oct 23 10:54:39 UTC 2019
