/dev/shm/user_slot11
Wed Oct 23 10:54:15 UTC 2019
Job 73
Fetching 1G.dat from /base_9/test./data/1G_73.dat
Wed Oct 23 10:54:15 UTC 2019
INFO: Downloaded https://storage.googleapis.com/exa-us-west-1/5_data/base_9/testb/data/1G_73.dat into /dev/shm/user_slot11/1G_73.dat
RC 0
-rw-r--r--. 1 centos centos 1000000000 Oct 23 10:54 1G_73.dat
--- Mid run ---
Wed Oct 23 10:54:20 UTC 2019
INFO: Downloaded https://storage.googleapis.com/exa-us-west-1/5_data/base_9/testb/data/1G_73.dat into /dev/shm/user_slot11/1G_73.dat
RC 0
-rw-r--r--. 1 centos centos 1000000000 Oct 23 10:54 1G_73.dat
=== Mid run end ===
Wed Oct 23 10:54:25 UTC 2019
INFO: Downloaded https://storage.googleapis.com/exa-us-west-1/5_data/base_9/testb/data/1G_73.dat into /dev/shm/user_slot11/1G_73.dat
RC 0
-rw-r--r--. 1 centos centos 1000000000 Oct 23 10:54 1G_73.dat
Wed Oct 23 10:54:30 UTC 2019
INFO: Downloaded https://storage.googleapis.com/exa-us-west-1/5_data/base_9/testb/data/1G_73.dat into /dev/shm/user_slot11/1G_73.dat
RC 0
-rw-r--r--. 1 centos centos 1000000000 Oct 23 10:54 1G_73.dat
Wed Oct 23 10:54:36 UTC 2019
