/dev/shm/user_slot11
Wed Oct 23 10:52:37 UTC 2019
Job 150
Fetching 1G.dat from /base_6/test./data/1G_150.dat
Wed Oct 23 10:52:37 UTC 2019
INFO: Downloaded https://storage.googleapis.com/exa-us-west-1/2_data/base_6/testa/data/1G_150.dat into /dev/shm/user_slot11/1G_150.dat
RC 0
-rw-r--r--. 1 centos centos 1000000000 Oct 23 10:52 1G_150.dat
--- Mid run ---
Wed Oct 23 10:52:43 UTC 2019
INFO: Downloaded https://storage.googleapis.com/exa-us-west-1/2_data/base_6/testa/data/1G_150.dat into /dev/shm/user_slot11/1G_150.dat
RC 0
-rw-r--r--. 1 centos centos 1000000000 Oct 23 10:52 1G_150.dat
=== Mid run end ===
Wed Oct 23 10:52:53 UTC 2019
INFO: Downloaded https://storage.googleapis.com/exa-us-west-1/2_data/base_6/testa/data/1G_150.dat into /dev/shm/user_slot11/1G_150.dat
RC 0
-rw-r--r--. 1 centos centos 1000000000 Oct 23 10:53 1G_150.dat
Wed Oct 23 10:53:02 UTC 2019
INFO: Downloaded https://storage.googleapis.com/exa-us-west-1/2_data/base_6/testa/data/1G_150.dat into /dev/shm/user_slot11/1G_150.dat
RC 0
-rw-r--r--. 1 centos centos 1000000000 Oct 23 10:53 1G_150.dat
Wed Oct 23 10:53:09 UTC 2019
