/dev/shm/user_slot5
Wed Oct 23 10:54:17 UTC 2019
Job 103
Fetching 1G.dat from /base_7/test./data/1G_103.dat
Wed Oct 23 10:54:17 UTC 2019
INFO: Downloaded https://storage.googleapis.com/exa-us-west-1/7_data/base_7/testa/data/1G_103.dat into /dev/shm/user_slot5/1G_103.dat
RC 0
-rw-r--r--. 1 centos centos 1000000000 Oct 23 10:54 1G_103.dat
--- Mid run ---
Wed Oct 23 10:54:22 UTC 2019
INFO: Downloaded https://storage.googleapis.com/exa-us-west-1/7_data/base_7/testa/data/1G_103.dat into /dev/shm/user_slot5/1G_103.dat
RC 0
-rw-r--r--. 1 centos centos 1000000000 Oct 23 10:54 1G_103.dat
=== Mid run end ===
Wed Oct 23 10:54:26 UTC 2019
INFO: Downloaded https://storage.googleapis.com/exa-us-west-1/7_data/base_7/testa/data/1G_103.dat into /dev/shm/user_slot5/1G_103.dat
RC 0
-rw-r--r--. 1 centos centos 1000000000 Oct 23 10:54 1G_103.dat
Wed Oct 23 10:54:32 UTC 2019
INFO: Downloaded https://storage.googleapis.com/exa-us-west-1/7_data/base_7/testa/data/1G_103.dat into /dev/shm/user_slot5/1G_103.dat
RC 0
-rw-r--r--. 1 centos centos 1000000000 Oct 23 10:54 1G_103.dat
Wed Oct 23 10:54:36 UTC 2019
