/dev/shm
Slot slot3
Fetching 1G_3.dat from osg.chic.nrp.internet2.edu
Wed Oct  2 21:18:39 UTC 2019
RC 0
-rw-r--r--. 1 cuser3 cuser 1048576000 Oct  2 21:23 1G_3.dat
--- Mid run ---
Wed Oct  2 21:23:48 UTC 2019
RC 0
-rw-r--r--. 1 cuser3 cuser 1048576000 Oct  2 21:28 1G_3.dat
=== Mid run end ===
Wed Oct  2 21:28:49 UTC 2019
RC 0
-rw-r--r--. 1 cuser3 cuser 1048576000 Oct  2 21:34 1G_3.dat
Wed Oct  2 21:34:20 UTC 2019
RC 0
-rw-r--r--. 1 cuser3 cuser 1048576000 Oct  2 21:39 1G_3.dat
Wed Oct  2 21:39:18 UTC 2019
RC 0
-rw-r--r--. 1 cuser3 cuser 1048576000 Oct  2 21:44 1G_3.dat
Wed Oct  2 21:44:00 UTC 2019
RC 0
-rw-r--r--. 1 cuser3 cuser 1048576000 Oct  2 21:48 1G_3.dat
Wed Oct  2 21:48:32 UTC 2019
