/dev/shm
Slot slot3
Fetching 1G_3.dat from osg.chic.nrp.internet2.edu
Wed Oct  2 21:18:39 UTC 2019
RC 0
-rw-r--r--. 1 cuser3 cuser 1048576000 Oct  2 21:23 1G_3.dat
--- Mid run ---
Wed Oct  2 21:23:30 UTC 2019
RC 0
-rw-r--r--. 1 cuser3 cuser 1048576000 Oct  2 21:28 1G_3.dat
=== Mid run end ===
Wed Oct  2 21:28:30 UTC 2019
RC 0
-rw-r--r--. 1 cuser3 cuser 1048576000 Oct  2 21:32 1G_3.dat
Wed Oct  2 21:32:52 UTC 2019
RC 0
-rw-r--r--. 1 cuser3 cuser 1048576000 Oct  2 21:37 1G_3.dat
Wed Oct  2 21:37:39 UTC 2019
RC 0
-rw-r--r--. 1 cuser3 cuser 1048576000 Oct  2 21:42 1G_3.dat
Wed Oct  2 21:42:45 UTC 2019
RC 0
-rw-r--r--. 1 cuser3 cuser 1048576000 Oct  2 21:47 1G_3.dat
Wed Oct  2 21:47:41 UTC 2019
