/dev/shm
Tue Oct  1 15:55:38 UTC 2019
Job 83
Fetching https://prp-test-us-east1.S3.amazonaws.com/3_testa/data/1G_83.dat
Tue Oct  1 15:55:38 UTC 2019
RC 0
-rw-r--r--. 1 centos centos 1000000000 Oct  1 15:55 1G_83.dat
Tue Oct  1 15:55:49 UTC 2019
RC 0
-rw-r--r--. 1 centos centos 1000000000 Oct  1 15:55 1G_83.dat
Tue Oct  1 15:55:59 UTC 2019
RC 0
-rw-r--r--. 1 centos centos 1000000000 Oct  1 15:56 1G_83.dat
--- Mid run ---
Tue Oct  1 15:56:09 UTC 2019
RC 0
-rw-r--r--. 1 centos centos 1000000000 Oct  1 15:56 1G_83.dat
=== Mid run end ===
Tue Oct  1 15:56:19 UTC 2019
RC 0
-rw-r--r--. 1 centos centos 1000000000 Oct  1 15:56 1G_83.dat
Tue Oct  1 15:56:29 UTC 2019
RC 0
-rw-r--r--. 1 centos centos 1000000000 Oct  1 15:56 1G_83.dat
Tue Oct  1 15:56:45 UTC 2019
RC 0
-rw-r--r--. 1 centos centos 1000000000 Oct  1 15:56 1G_83.dat
Tue Oct  1 15:56:55 UTC 2019
RC 0
-rw-r--r--. 1 centos centos 1000000000 Oct  1 15:57 1G_83.dat
Tue Oct  1 15:57:05 UTC 2019
