/dev/shm
Tue Oct  1 16:06:23 UTC 2019
Job 41
Fetching https://prp-test-us-east1.S3.amazonaws.com/9_testa/data/1G_41.dat
Tue Oct  1 16:06:23 UTC 2019
RC 0
-rw-r--r--. 1 centos centos 1000000000 Oct  1 16:06 1G_41.dat
Tue Oct  1 16:06:33 UTC 2019
RC 0
-rw-r--r--. 1 centos centos 1000000000 Oct  1 16:06 1G_41.dat
Tue Oct  1 16:06:43 UTC 2019
RC 0
-rw-r--r--. 1 centos centos 1000000000 Oct  1 16:06 1G_41.dat
--- Mid run ---
Tue Oct  1 16:06:54 UTC 2019
RC 0
-rw-r--r--. 1 centos centos 1000000000 Oct  1 16:07 1G_41.dat
=== Mid run end ===
Tue Oct  1 16:07:07 UTC 2019
RC 0
-rw-r--r--. 1 centos centos 1000000000 Oct  1 16:07 1G_41.dat
Tue Oct  1 16:07:17 UTC 2019
RC 0
-rw-r--r--. 1 centos centos 1000000000 Oct  1 16:07 1G_41.dat
Tue Oct  1 16:07:27 UTC 2019
RC 0
-rw-r--r--. 1 centos centos 1000000000 Oct  1 16:07 1G_41.dat
Tue Oct  1 16:07:37 UTC 2019
RC 0
-rw-r--r--. 1 centos centos 1000000000 Oct  1 16:07 1G_41.dat
Tue Oct  1 16:07:47 UTC 2019
