/dev/shm
Slot slot1
Fetching 1G_1.dat
Sat Sep 28 20:39:24 UTC 2019
RC 0
-rw-r--r--. 1 centos centos 1048576000 Sep 28 20:39 1G_1.dat
--- Mid run ---
Sat Sep 28 20:39:46 UTC 2019
RC 0
-rw-r--r--. 1 centos centos 1048576000 Sep 28 20:40 1G_1.dat
=== Mid run end ===
Sat Sep 28 20:40:08 UTC 2019
RC 0
-rw-r--r--. 1 centos centos 1048576000 Sep 28 20:40 1G_1.dat
Sat Sep 28 20:40:32 UTC 2019
RC 0
-rw-r--r--. 1 centos centos 1048576000 Sep 28 20:40 1G_1.dat
Sat Sep 28 20:40:55 UTC 2019
RC 0
-rw-r--r--. 1 centos centos 1048576000 Sep 28 20:41 1G_1.dat
Sat Sep 28 20:41:19 UTC 2019
RC 0
-rw-r--r--. 1 centos centos 1048576000 Sep 28 20:41 1G_1.dat
Sat Sep 28 20:41:42 UTC 2019
