/dev/shm
Slot slot5
Fetching 1G_5.dat (http://osg.newy32aoa.nrp.internet2.edu:9001/user/dweitzel/public/chep/file.cvmfs.1000)
Sat Sep 28 20:25:13 UTC 2019
RC 0
-rw-r--r--. 1 centos centos 1048576000 Sep 28 20:25 1G_5.dat
--- Mid run ---
Sat Sep 28 20:25:29 UTC 2019
RC 0
-rw-r--r--. 1 centos centos 1048576000 Sep 28 20:25 1G_5.dat
=== Mid run end ===
Sat Sep 28 20:25:46 UTC 2019
RC 0
-rw-r--r--. 1 centos centos 1048576000 Sep 28 20:26 1G_5.dat
Sat Sep 28 20:26:02 UTC 2019
RC 0
-rw-r--r--. 1 centos centos 1048576000 Sep 28 20:26 1G_5.dat
Sat Sep 28 20:26:19 UTC 2019
RC 0
-rw-r--r--. 1 centos centos 1048576000 Sep 28 20:26 1G_5.dat
Sat Sep 28 20:26:35 UTC 2019
RC 0
-rw-r--r--. 1 centos centos 1048576000 Sep 28 20:26 1G_5.dat
Sat Sep 28 20:26:50 UTC 2019
