/dev/shm
Slot slot6
Fetching 1G_6.dat
Mon Sep 30 20:48:06 UTC 2019
RC 0
-rw-r--r--. 1 centos centos 1048576000 Sep 30 20:48 1G_6.dat
--- Mid run ---
Mon Sep 30 20:48:17 UTC 2019
RC 0
-rw-r--r--. 1 centos centos 1048576000 Sep 30 20:48 1G_6.dat
=== Mid run end ===
Mon Sep 30 20:48:30 UTC 2019
RC 0
-rw-r--r--. 1 centos centos 1048576000 Sep 30 20:48 1G_6.dat
Mon Sep 30 20:48:42 UTC 2019
RC 0
-rw-r--r--. 1 centos centos 1048576000 Sep 30 20:48 1G_6.dat
Mon Sep 30 20:48:53 UTC 2019
RC 0
-rw-r--r--. 1 centos centos 1048576000 Sep 30 20:49 1G_6.dat
Mon Sep 30 20:49:04 UTC 2019
RC 0
-rw-r--r--. 1 centos centos 1048576000 Sep 30 20:49 1G_6.dat
Mon Sep 30 20:49:16 UTC 2019
