/dev/shm
Slot slot7
Fetching 1G_7.dat from osg.newy32aoa.nrp.internet2.edu
Wed Oct  2 18:20:42 UTC 2019
RC 0
-rw-r--r--. 1 cuser7 cuser 1048576000 Oct  2 18:21 1G_7.dat
--- Mid run ---
Wed Oct  2 18:21:16 UTC 2019
RC 0
-rw-r--r--. 1 cuser7 cuser 1048576000 Oct  2 18:21 1G_7.dat
=== Mid run end ===
Wed Oct  2 18:21:54 UTC 2019
RC 0
-rw-r--r--. 1 cuser7 cuser 1048576000 Oct  2 18:22 1G_7.dat
Wed Oct  2 18:22:28 UTC 2019
RC 0
-rw-r--r--. 1 cuser7 cuser 1048576000 Oct  2 18:23 1G_7.dat
Wed Oct  2 18:23:04 UTC 2019
RC 0
-rw-r--r--. 1 cuser7 cuser 1048576000 Oct  2 18:23 1G_7.dat
Wed Oct  2 18:23:40 UTC 2019
RC 0
-rw-r--r--. 1 cuser7 cuser 1048576000 Oct  2 18:24 1G_7.dat
Wed Oct  2 18:24:12 UTC 2019
