/dev/shm
Slot slot4
Fetching 1G_4.dat
Wed Oct  2 18:20:23 UTC 2019
RC 0
-rw-r--r--. 1 cuser4 cuser 1048576000 Oct  2 18:20 1G_4.dat
--- Mid run ---
Wed Oct  2 18:20:56 UTC 2019
RC 0
-rw-r--r--. 1 cuser4 cuser 1048576000 Oct  2 18:21 1G_4.dat
=== Mid run end ===
Wed Oct  2 18:21:30 UTC 2019
RC 0
-rw-r--r--. 1 cuser4 cuser 1048576000 Oct  2 18:22 1G_4.dat
Wed Oct  2 18:22:16 UTC 2019
RC 0
-rw-r--r--. 1 cuser4 cuser 1048576000 Oct  2 18:22 1G_4.dat
Wed Oct  2 18:22:49 UTC 2019
RC 0
-rw-r--r--. 1 cuser4 cuser 1048576000 Oct  2 18:23 1G_4.dat
Wed Oct  2 18:23:33 UTC 2019
RC 0
-rw-r--r--. 1 cuser4 cuser 1048576000 Oct  2 18:23 1G_4.dat
Wed Oct  2 18:23:55 UTC 2019
