/dev/shm
Slot slot1
Fetching 1G_1.dat
Wed Oct  2 00:01:09 UTC 2019
RC 0
-rw-r--r--. 1 cuser1 cuser 1048576000 Oct  2 00:01 1G_1.dat
--- Mid run ---
Wed Oct  2 00:01:41 UTC 2019
RC 0
-rw-r--r--. 1 cuser1 cuser 1048576000 Oct  2 00:02 1G_1.dat
=== Mid run end ===
Wed Oct  2 00:02:22 UTC 2019
RC 0
-rw-r--r--. 1 cuser1 cuser 1048576000 Oct  2 00:03 1G_1.dat
Wed Oct  2 00:03:03 UTC 2019
RC 0
-rw-r--r--. 1 cuser1 cuser 1048576000 Oct  2 00:03 1G_1.dat
Wed Oct  2 00:03:49 UTC 2019
RC 0
-rw-r--r--. 1 cuser1 cuser 1048576000 Oct  2 00:04 1G_1.dat
Wed Oct  2 00:04:29 UTC 2019
RC 0
-rw-r--r--. 1 cuser1 cuser 1048576000 Oct  2 00:05 1G_1.dat
Wed Oct  2 00:05:07 UTC 2019
