/dev/shm
Slot slot3
Fetching 1G_3.dat
Wed Oct  2 00:01:10 UTC 2019
RC 0
-rw-r--r--. 1 cuser3 cuser 1048576000 Oct  2 00:01 1G_3.dat
--- Mid run ---
Wed Oct  2 00:01:59 UTC 2019
RC 0
-rw-r--r--. 1 cuser3 cuser 1048576000 Oct  2 00:02 1G_3.dat
=== Mid run end ===
Wed Oct  2 00:02:43 UTC 2019
RC 0
-rw-r--r--. 1 cuser3 cuser 1048576000 Oct  2 00:03 1G_3.dat
Wed Oct  2 00:03:23 UTC 2019
RC 0
-rw-r--r--. 1 cuser3 cuser 1048576000 Oct  2 00:04 1G_3.dat
Wed Oct  2 00:04:06 UTC 2019
RC 0
-rw-r--r--. 1 cuser3 cuser 1048576000 Oct  2 00:04 1G_3.dat
Wed Oct  2 00:04:47 UTC 2019
RC 0
-rw-r--r--. 1 cuser3 cuser 1048576000 Oct  2 00:05 1G_3.dat
Wed Oct  2 00:05:18 UTC 2019
