====== env ======
_CONDOR_JOB_PIDS=
_CONDOR_ANCESTOR_2374=2912:1571877314:2920415551
TMPDIR=/var/lib/condor/execute/dir_2912
_CONDOR_ANCESTOR_2912=2940:1571877316:558694364
_CONDOR_SCRATCH_DIR=/var/lib/condor/execute/dir_2912
_CHIRP_DELAYED_UPDATE_PREFIX=Chirp*
TEMP=/var/lib/condor/execute/dir_2912
BATCH_SYSTEM=HTCondor
_CONDOR_CHIRP_CONFIG=/var/lib/condor/execute/dir_2912/.chirp.config
_CONDOR_ANCESTOR_2193=2374:1571876427:2563457428
PWD=/var/lib/condor/execute/dir_2912
_CONDOR_AssignedGPUs=10000
CUDA_VISIBLE_DEVICES=10000
_CONDOR_SLOT=slot1
SHLVL=1
_CONDOR_MACHINE_AD=/var/lib/condor/execute/dir_2912/.machine.ad
TMP=/var/lib/condor/execute/dir_2912
GPU_DEVICE_ORDINAL=10000
OMP_NUM_THREADS=1
_CONDOR_JOB_AD=/var/lib/condor/execute/dir_2912/.job.ad
_CONDOR_JOB_IWD=/var/lib/condor/execute/dir_2912
_=/usr/bin/env
====== env ======
/dev/shm/user_slot1
Thu Oct 24 00:35:17 UTC 2019
Job 225
Uploading 1G.dat to /base_1/test./data/1G_225.dat
INFO: Uploading to https://exaasiasep6.blob.core.windows.net/exa-asia-se/base_1/testa/data/1G_225.dat
RC 0
--- Mid run ---
Thu Oct 24 00:35:40 UTC 2019
INFO: Uploading to https://exaasiasepe.blob.core.windows.net/exa-asia-se/base_1/testm/data/1G_225.dat
RC 0
=== Mid run end ===
Thu Oct 24 00:35:59 UTC 2019
INFO: Uploading to https://exaasiasep1.blob.core.windows.net/exa-asia-se/base_1/testb/data/1G_225.dat
RC 0
Thu Oct 24 00:36:17 UTC 2019
