====== env ======
_CONDOR_JOB_PIDS=
_CONDOR_ANCESTOR_2295=2915:1571877315:520211817
TMPDIR=/var/lib/condor/execute/dir_2915
_CONDOR_SCRATCH_DIR=/var/lib/condor/execute/dir_2915
_CONDOR_ANCESTOR_2915=2932:1571877318:3978788894
_CHIRP_DELAYED_UPDATE_PREFIX=Chirp*
TEMP=/var/lib/condor/execute/dir_2915
BATCH_SYSTEM=HTCondor
_CONDOR_CHIRP_CONFIG=/var/lib/condor/execute/dir_2915/.chirp.config
PWD=/var/lib/condor/execute/dir_2915
_CONDOR_AssignedGPUs=10000
CUDA_VISIBLE_DEVICES=10000
_CONDOR_SLOT=slot2
SHLVL=1
_CONDOR_MACHINE_AD=/var/lib/condor/execute/dir_2915/.machine.ad
_CONDOR_ANCESTOR_2150=2295:1571876439:1656572245
TMP=/var/lib/condor/execute/dir_2915
GPU_DEVICE_ORDINAL=10000
OMP_NUM_THREADS=1
_CONDOR_JOB_AD=/var/lib/condor/execute/dir_2915/.job.ad
_CONDOR_JOB_IWD=/var/lib/condor/execute/dir_2915
_=/usr/bin/env
====== env ======
/dev/shm/user_slot2
Thu Oct 24 00:35:19 UTC 2019
Job 331
Uploading 1G.dat to /base_b/test./data/1G_331.dat
INFO: Uploading to https://exaasiasep9.blob.core.windows.net/exa-asia-se/base_b/testa/data/1G_331.dat
RC 0
--- Mid run ---
Thu Oct 24 00:35:35 UTC 2019
INFO: Uploading to https://exaasiasep5.blob.core.windows.net/exa-asia-se/base_b/testm/data/1G_331.dat
RC 0
=== Mid run end ===
Thu Oct 24 00:35:51 UTC 2019
INFO: Uploading to https://exaasiasepc.blob.core.windows.net/exa-asia-se/base_b/testb/data/1G_331.dat
RC 0
Thu Oct 24 00:36:10 UTC 2019
