====== env ======
_CONDOR_JOB_PIDS=
TMPDIR=/var/lib/condor/execute/dir_2833
_CONDOR_SCRATCH_DIR=/var/lib/condor/execute/dir_2833
_CONDOR_ANCESTOR_2833=2846:1571877312:2262038344
_CHIRP_DELAYED_UPDATE_PREFIX=Chirp*
_CONDOR_ANCESTOR_2127=2310:1571876455:672079322
TEMP=/var/lib/condor/execute/dir_2833
BATCH_SYSTEM=HTCondor
_CONDOR_ANCESTOR_2310=2833:1571877309:4292313855
_CONDOR_CHIRP_CONFIG=/var/lib/condor/execute/dir_2833/.chirp.config
PWD=/var/lib/condor/execute/dir_2833
_CONDOR_AssignedGPUs=10000
CUDA_VISIBLE_DEVICES=10000
_CONDOR_SLOT=slot1
SHLVL=1
_CONDOR_MACHINE_AD=/var/lib/condor/execute/dir_2833/.machine.ad
TMP=/var/lib/condor/execute/dir_2833
GPU_DEVICE_ORDINAL=10000
OMP_NUM_THREADS=1
_CONDOR_JOB_AD=/var/lib/condor/execute/dir_2833/.job.ad
_CONDOR_JOB_IWD=/var/lib/condor/execute/dir_2833
_=/usr/bin/env
====== env ======
/dev/shm/user_slot1
Thu Oct 24 00:35:12 UTC 2019
Job 9
Uploading 1G.dat to /base_9/test./data/1G_9.dat
INFO: Uploading to https://exaasiasep0.blob.core.windows.net/exa-asia-se/base_9/testa/data/1G_9.dat
RC 0
--- Mid run ---
Thu Oct 24 00:35:18 UTC 2019
INFO: Uploading to https://exaasiasep4.blob.core.windows.net/exa-asia-se/base_9/testm/data/1G_9.dat
RC 0
=== Mid run end ===
Thu Oct 24 00:35:37 UTC 2019
INFO: Uploading to https://exaasiasep1.blob.core.windows.net/exa-asia-se/base_9/testb/data/1G_9.dat
RC 0
Thu Oct 24 00:35:57 UTC 2019
