====== env ======
_CONDOR_JOB_PIDS=
TMPDIR=/var/lib/condor/execute/dir_2910
_CONDOR_SCRATCH_DIR=/var/lib/condor/execute/dir_2910
_CONDOR_ANCESTOR_2910=2923:1571877314:2431484771
_CHIRP_DELAYED_UPDATE_PREFIX=Chirp*
TEMP=/var/lib/condor/execute/dir_2910
BATCH_SYSTEM=HTCondor
_CONDOR_CHIRP_CONFIG=/var/lib/condor/execute/dir_2910/.chirp.config
PWD=/var/lib/condor/execute/dir_2910
_CONDOR_AssignedGPUs=10000
CUDA_VISIBLE_DEVICES=10000
_CONDOR_SLOT=slot1
_CONDOR_ANCESTOR_2350=2910:1571877312:2898006503
SHLVL=1
_CONDOR_ANCESTOR_2206=2350:1571876415:1439270573
_CONDOR_MACHINE_AD=/var/lib/condor/execute/dir_2910/.machine.ad
TMP=/var/lib/condor/execute/dir_2910
GPU_DEVICE_ORDINAL=10000
OMP_NUM_THREADS=1
_CONDOR_JOB_AD=/var/lib/condor/execute/dir_2910/.job.ad
_CONDOR_JOB_IWD=/var/lib/condor/execute/dir_2910
_=/usr/bin/env
====== env ======
/dev/shm/user_slot1
Thu Oct 24 00:35:15 UTC 2019
Job 102
Uploading 1G.dat to /base_6/test./data/1G_102.dat
INFO: Uploading to https://exaasiasepf.blob.core.windows.net/exa-asia-se/base_6/testa/data/1G_102.dat
RC 0
--- Mid run ---
Thu Oct 24 00:35:33 UTC 2019
INFO: Uploading to https://exaasiasep5.blob.core.windows.net/exa-asia-se/base_6/testm/data/1G_102.dat
RC 0
=== Mid run end ===
Thu Oct 24 00:35:53 UTC 2019
INFO: Uploading to https://exaasiasep8.blob.core.windows.net/exa-asia-se/base_6/testb/data/1G_102.dat
RC 0
Thu Oct 24 00:36:12 UTC 2019
