====== env ======
_CONDOR_JOB_PIDS=
TMPDIR=/var/lib/condor/execute/dir_2595
_CONDOR_SCRATCH_DIR=/var/lib/condor/execute/dir_2595
_CHIRP_DELAYED_UPDATE_PREFIX=Chirp*
TEMP=/var/lib/condor/execute/dir_2595
_CONDOR_ANCESTOR_2125=2238:1571876949:2827323744
BATCH_SYSTEM=HTCondor
_CONDOR_CHIRP_CONFIG=/var/lib/condor/execute/dir_2595/.chirp.config
_CONDOR_ANCESTOR_2238=2595:1571877313:4225086711
PWD=/var/lib/condor/execute/dir_2595
_CONDOR_AssignedGPUs=10000
CUDA_VISIBLE_DEVICES=10000
_CONDOR_SLOT=slot1
_CONDOR_ANCESTOR_2595=2621:1571877316:1604657116
SHLVL=1
_CONDOR_MACHINE_AD=/var/lib/condor/execute/dir_2595/.machine.ad
TMP=/var/lib/condor/execute/dir_2595
GPU_DEVICE_ORDINAL=10000
OMP_NUM_THREADS=1
_CONDOR_JOB_AD=/var/lib/condor/execute/dir_2595/.job.ad
_CONDOR_JOB_IWD=/var/lib/condor/execute/dir_2595
_=/usr/bin/env
====== env ======
/dev/shm/user_slot1
Thu Oct 24 00:35:16 UTC 2019
Job 204
Uploading 1G.dat to /base_c/test./data/1G_204.dat
INFO: Uploading to https://exaasiasepf.blob.core.windows.net/exa-asia-se/base_c/testa/data/1G_204.dat
RC 0
--- Mid run ---
Thu Oct 24 00:35:39 UTC 2019
INFO: Uploading to https://exaasiasepd.blob.core.windows.net/exa-asia-se/base_c/testm/data/1G_204.dat
RC 0
=== Mid run end ===
Thu Oct 24 00:35:57 UTC 2019
INFO: Uploading to https://exaasiasep0.blob.core.windows.net/exa-asia-se/base_c/testb/data/1G_204.dat
RC 0
Thu Oct 24 00:36:17 UTC 2019
