Tue Oct  1 15:38:58 UTC 2019
Tue Oct  1 15:38:58 UTC 2019

real	0m5.776s
user	0m1.598s
sys	0m2.736s
Tue Oct  1 15:39:03 UTC 2019

real	0m4.260s
user	0m1.496s
sys	0m2.505s
Tue Oct  1 15:39:08 UTC 2019

real	0m4.513s
user	0m1.535s
sys	0m2.525s
--- Mid run ---
Tue Oct  1 15:39:13 UTC 2019

real	0m4.976s
user	0m1.507s
sys	0m2.741s
=== Mid run end ===
Tue Oct  1 15:39:18 UTC 2019

real	0m5.160s
user	0m1.765s
sys	0m2.605s
Tue Oct  1 15:39:23 UTC 2019

real	0m6.274s
user	0m1.644s
sys	0m2.622s
Tue Oct  1 15:39:29 UTC 2019

real	0m6.223s
user	0m1.620s
sys	0m2.802s
Tue Oct  1 15:39:36 UTC 2019

real	0m3.706s
user	0m1.398s
sys	0m2.248s
Tue Oct  1 15:39:39 UTC 2019
