Tue Oct  1 15:38:58 UTC 2019
Tue Oct  1 15:38:58 UTC 2019

real	0m6.342s
user	0m1.831s
sys	0m2.417s
Tue Oct  1 15:39:04 UTC 2019

real	0m5.062s
user	0m1.707s
sys	0m2.119s
Tue Oct  1 15:39:09 UTC 2019

real	0m7.084s
user	0m1.899s
sys	0m2.567s
--- Mid run ---
Tue Oct  1 15:39:16 UTC 2019

real	0m7.464s
user	0m2.029s
sys	0m2.572s
=== Mid run end ===
Tue Oct  1 15:39:24 UTC 2019

real	0m7.141s
user	0m1.950s
sys	0m2.492s
Tue Oct  1 15:39:31 UTC 2019

real	0m7.037s
user	0m1.923s
sys	0m2.387s
Tue Oct  1 15:39:38 UTC 2019

real	0m8.725s
user	0m2.256s
sys	0m2.536s
Tue Oct  1 15:39:47 UTC 2019

real	0m3.164s
user	0m1.122s
sys	0m1.911s
Tue Oct  1 15:39:51 UTC 2019
