Tue Oct  1 15:38:58 UTC 2019
Tue Oct  1 15:38:58 UTC 2019

real	0m5.739s
user	0m1.760s
sys	0m2.222s
Tue Oct  1 15:39:04 UTC 2019

real	0m10.647s
user	0m1.974s
sys	0m2.372s
Tue Oct  1 15:39:14 UTC 2019

real	0m5.244s
user	0m1.720s
sys	0m2.395s
--- Mid run ---
Tue Oct  1 15:39:20 UTC 2019

real	0m5.122s
user	0m1.667s
sys	0m2.285s
=== Mid run end ===
Tue Oct  1 15:39:25 UTC 2019

real	0m6.895s
user	0m1.845s
sys	0m2.169s
Tue Oct  1 15:39:32 UTC 2019

real	0m5.406s
user	0m1.472s
sys	0m2.233s
Tue Oct  1 15:39:38 UTC 2019

real	0m4.359s
user	0m1.503s
sys	0m2.262s
Tue Oct  1 15:39:42 UTC 2019

real	0m4.025s
user	0m1.413s
sys	0m2.116s
Tue Oct  1 15:39:46 UTC 2019
