Tue Oct  1 15:33:38 UTC 2019
Tue Oct  1 15:33:38 UTC 2019

real	0m6.256s
user	0m1.730s
sys	0m2.136s
Tue Oct  1 15:33:44 UTC 2019

real	0m7.038s
user	0m2.045s
sys	0m2.260s
Tue Oct  1 15:33:52 UTC 2019

real	0m8.345s
user	0m2.034s
sys	0m2.523s
--- Mid run ---
Tue Oct  1 15:34:00 UTC 2019

real	0m6.297s
user	0m1.868s
sys	0m2.288s
=== Mid run end ===
Tue Oct  1 15:34:06 UTC 2019

real	0m7.669s
user	0m2.125s
sys	0m2.341s
Tue Oct  1 15:34:14 UTC 2019

real	0m11.628s
user	0m2.325s
sys	0m2.348s
Tue Oct  1 15:34:26 UTC 2019

real	0m7.796s
user	0m1.933s
sys	0m2.312s
Tue Oct  1 15:34:34 UTC 2019

real	0m3.439s
user	0m1.265s
sys	0m2.082s
Tue Oct  1 15:34:37 UTC 2019
