Tue Oct  1 15:38:58 UTC 2019
Tue Oct  1 15:38:58 UTC 2019

real	0m9.073s
user	0m2.324s
sys	0m2.587s
Tue Oct  1 15:39:07 UTC 2019

real	0m4.141s
user	0m1.526s
sys	0m2.016s
Tue Oct  1 15:39:11 UTC 2019

real	0m5.987s
user	0m1.860s
sys	0m2.198s
--- Mid run ---
Tue Oct  1 15:39:17 UTC 2019

real	0m8.146s
user	0m2.044s
sys	0m2.226s
=== Mid run end ===
Tue Oct  1 15:39:25 UTC 2019

real	0m6.387s
user	0m1.793s
sys	0m2.159s
Tue Oct  1 15:39:32 UTC 2019

real	0m9.321s
user	0m2.325s
sys	0m2.494s
Tue Oct  1 15:39:41 UTC 2019

real	0m9.217s
user	0m2.195s
sys	0m2.383s
Tue Oct  1 15:39:51 UTC 2019

real	0m3.450s
user	0m1.302s
sys	0m1.875s
Tue Oct  1 15:39:54 UTC 2019
