/dev/shm
Tue Oct  1 04:03:38 UTC 2019
Job 19
Fetching https://exaeastp3.blob.core.windows.net/exa-east/testa/data/1G_19.dat
Tue Oct  1 04:03:38 UTC 2019
RC 0
-rw-r--r--. 1 centos centos 1000000000 Oct  1 04:03 1G_19.dat
Tue Oct  1 04:03:44 UTC 2019
RC 0
-rw-r--r--. 1 centos centos 1000000000 Oct  1 04:03 1G_19.dat
Tue Oct  1 04:03:50 UTC 2019
RC 0
-rw-r--r--. 1 centos centos 1000000000 Oct  1 04:03 1G_19.dat
--- Mid run ---
Tue Oct  1 04:03:56 UTC 2019
RC 0
-rw-r--r--. 1 centos centos 1000000000 Oct  1 04:04 1G_19.dat
=== Mid run end ===
Tue Oct  1 04:04:02 UTC 2019
RC 0
-rw-r--r--. 1 centos centos 1000000000 Oct  1 04:04 1G_19.dat
Tue Oct  1 04:04:09 UTC 2019
RC 0
-rw-r--r--. 1 centos centos 1000000000 Oct  1 04:04 1G_19.dat
Tue Oct  1 04:04:14 UTC 2019
