/dev/shm
Tue Oct  1 04:01:51 UTC 2019
Job 6
Fetching https://exaeastp6.blob.core.windows.net/exa-east/testa/data/1G_6.dat
Tue Oct  1 04:01:51 UTC 2019
RC 0
-rw-r--r--. 1 centos centos 1000000000 Oct  1 04:01 1G_6.dat
Tue Oct  1 04:01:58 UTC 2019
RC 0
-rw-r--r--. 1 centos centos 1000000000 Oct  1 04:02 1G_6.dat
Tue Oct  1 04:02:04 UTC 2019
RC 0
-rw-r--r--. 1 centos centos 1000000000 Oct  1 04:02 1G_6.dat
--- Mid run ---
Tue Oct  1 04:02:10 UTC 2019
RC 0
-rw-r--r--. 1 centos centos 1000000000 Oct  1 04:02 1G_6.dat
=== Mid run end ===
Tue Oct  1 04:02:17 UTC 2019
RC 0
-rw-r--r--. 1 centos centos 1000000000 Oct  1 04:02 1G_6.dat
Tue Oct  1 04:02:24 UTC 2019
RC 0
-rw-r--r--. 1 centos centos 1000000000 Oct  1 04:02 1G_6.dat
Tue Oct  1 04:02:29 UTC 2019
