/dev/shm
Tue Oct  1 04:01:53 UTC 2019
Job 26
Fetching https://exaeastpa.blob.core.windows.net/exa-east/testb/data/1G_26.dat
Tue Oct  1 04:01:53 UTC 2019
RC 0
-rw-r--r--. 1 centos centos 1000000000 Oct  1 04:01 1G_26.dat
Tue Oct  1 04:02:00 UTC 2019
RC 0
-rw-r--r--. 1 centos centos 1000000000 Oct  1 04:02 1G_26.dat
Tue Oct  1 04:02:06 UTC 2019
RC 0
-rw-r--r--. 1 centos centos 1000000000 Oct  1 04:02 1G_26.dat
--- Mid run ---
Tue Oct  1 04:02:13 UTC 2019
RC 0
-rw-r--r--. 1 centos centos 1000000000 Oct  1 04:02 1G_26.dat
=== Mid run end ===
Tue Oct  1 04:02:19 UTC 2019
RC 0
-rw-r--r--. 1 centos centos 1000000000 Oct  1 04:02 1G_26.dat
Tue Oct  1 04:02:25 UTC 2019
RC 0
-rw-r--r--. 1 centos centos 1000000000 Oct  1 04:02 1G_26.dat
Tue Oct  1 04:02:31 UTC 2019
