/dev/shm
Slot slot8
Fetching 1G_8.dat from osg.newy32aoa.nrp.internet2.edu
Wed Oct  2 23:50:06 UTC 2019
RC 0
-rw-r--r--. 1 cuser8 cuser 1048576000 Oct  2 23:50 1G_8.dat
--- Mid run ---
Wed Oct  2 23:50:20 UTC 2019
RC 0
-rw-r--r--. 1 cuser8 cuser 1048576000 Oct  2 23:50 1G_8.dat
=== Mid run end ===
Wed Oct  2 23:50:34 UTC 2019
RC 0
-rw-r--r--. 1 cuser8 cuser 1048576000 Oct  2 23:50 1G_8.dat
Wed Oct  2 23:50:48 UTC 2019
RC 0
-rw-r--r--. 1 cuser8 cuser 1048576000 Oct  2 23:51 1G_8.dat
Wed Oct  2 23:51:02 UTC 2019
RC 0
-rw-r--r--. 1 cuser8 cuser 1048576000 Oct  2 23:51 1G_8.dat
Wed Oct  2 23:51:17 UTC 2019
RC 0
-rw-r--r--. 1 cuser8 cuser 1048576000 Oct  2 23:51 1G_8.dat
Wed Oct  2 23:51:31 UTC 2019
