/dev/shm
Tue Oct  1 16:16:19 UTC 2019
Job 239
Fetching https://prp-test-us-east1.S3.amazonaws.com/f_testa/data/1G_239.dat
Tue Oct  1 16:16:19 UTC 2019
RC 0
-rw-r--r--. 1 centos centos 1000000000 Oct  1 16:16 1G_239.dat
Tue Oct  1 16:16:24 UTC 2019
RC 0
-rw-r--r--. 1 centos centos 1000000000 Oct  1 16:16 1G_239.dat
Tue Oct  1 16:16:28 UTC 2019
RC 0
-rw-r--r--. 1 centos centos 1000000000 Oct  1 16:16 1G_239.dat
--- Mid run ---
Tue Oct  1 16:16:33 UTC 2019
RC 0
-rw-r--r--. 1 centos centos 1000000000 Oct  1 16:16 1G_239.dat
=== Mid run end ===
Tue Oct  1 16:16:38 UTC 2019
RC 0
-rw-r--r--. 1 centos centos 1000000000 Oct  1 16:16 1G_239.dat
Tue Oct  1 16:16:43 UTC 2019
RC 0
-rw-r--r--. 1 centos centos 1000000000 Oct  1 16:16 1G_239.dat
Tue Oct  1 16:16:48 UTC 2019
RC 0
-rw-r--r--. 1 centos centos 1000000000 Oct  1 16:16 1G_239.dat
Tue Oct  1 16:16:53 UTC 2019
RC 0
-rw-r--r--. 1 centos centos 1000000000 Oct  1 16:16 1G_239.dat
Tue Oct  1 16:16:57 UTC 2019
