/dev/shm
Tue Oct  1 16:19:57 UTC 2019
Job 112
Fetching https://prp-test-us-east1.S3.amazonaws.com/0_testa/data/1G_112.dat
Tue Oct  1 16:19:57 UTC 2019
RC 0
-rw-r--r--. 1 centos centos 1000000000 Oct  1 16:20 1G_112.dat
Tue Oct  1 16:20:00 UTC 2019
RC 0
-rw-r--r--. 1 centos centos 1000000000 Oct  1 16:20 1G_112.dat
Tue Oct  1 16:20:04 UTC 2019
RC 0
-rw-r--r--. 1 centos centos 1000000000 Oct  1 16:20 1G_112.dat
--- Mid run ---
Tue Oct  1 16:20:08 UTC 2019
RC 0
-rw-r--r--. 1 centos centos 1000000000 Oct  1 16:20 1G_112.dat
=== Mid run end ===
Tue Oct  1 16:20:17 UTC 2019
RC 0
-rw-r--r--. 1 centos centos 1000000000 Oct  1 16:20 1G_112.dat
Tue Oct  1 16:20:26 UTC 2019
RC 0
-rw-r--r--. 1 centos centos 1000000000 Oct  1 16:20 1G_112.dat
Tue Oct  1 16:20:32 UTC 2019
RC 0
-rw-r--r--. 1 centos centos 1000000000 Oct  1 16:20 1G_112.dat
Tue Oct  1 16:20:36 UTC 2019
RC 0
-rw-r--r--. 1 centos centos 1000000000 Oct  1 16:20 1G_112.dat
Tue Oct  1 16:20:40 UTC 2019
