/dev/shm
Tue Oct  1 16:16:18 UTC 2019
Job 156
Fetching https://prp-test-us-east1.S3.amazonaws.com/c_testb/data/1G_156.dat
Tue Oct  1 16:16:18 UTC 2019
RC 0
-rw-r--r--. 1 centos centos 1000000000 Oct  1 16:16 1G_156.dat
Tue Oct  1 16:16:21 UTC 2019
RC 0
-rw-r--r--. 1 centos centos 1000000000 Oct  1 16:16 1G_156.dat
Tue Oct  1 16:16:25 UTC 2019
RC 0
-rw-r--r--. 1 centos centos 1000000000 Oct  1 16:16 1G_156.dat
--- Mid run ---
Tue Oct  1 16:16:32 UTC 2019
RC 0
-rw-r--r--. 1 centos centos 1000000000 Oct  1 16:16 1G_156.dat
=== Mid run end ===
Tue Oct  1 16:16:39 UTC 2019
RC 0
-rw-r--r--. 1 centos centos 1000000000 Oct  1 16:16 1G_156.dat
Tue Oct  1 16:16:46 UTC 2019
RC 0
-rw-r--r--. 1 centos centos 1000000000 Oct  1 16:16 1G_156.dat
Tue Oct  1 16:16:50 UTC 2019
RC 0
-rw-r--r--. 1 centos centos 1000000000 Oct  1 16:16 1G_156.dat
Tue Oct  1 16:16:54 UTC 2019
RC 0
-rw-r--r--. 1 centos centos 1000000000 Oct  1 16:17 1G_156.dat
Tue Oct  1 16:17:00 UTC 2019
