/dev/shm
Tue Oct  1 16:20:03 UTC 2019
Job 149
Fetching https://prp-test-us-east1.S3.amazonaws.com/5_testa/data/1G_149.dat
Tue Oct  1 16:20:03 UTC 2019
RC 0
-rw-r--r--. 1 centos centos 1000000000 Oct  1 16:20 1G_149.dat
Tue Oct  1 16:20:07 UTC 2019
RC 0
-rw-r--r--. 1 centos centos 1000000000 Oct  1 16:20 1G_149.dat
Tue Oct  1 16:20:11 UTC 2019
RC 0
-rw-r--r--. 1 centos centos 1000000000 Oct  1 16:20 1G_149.dat
--- Mid run ---
Tue Oct  1 16:20:15 UTC 2019
RC 0
-rw-r--r--. 1 centos centos 1000000000 Oct  1 16:20 1G_149.dat
=== Mid run end ===
Tue Oct  1 16:20:21 UTC 2019
RC 0
-rw-r--r--. 1 centos centos 1000000000 Oct  1 16:20 1G_149.dat
Tue Oct  1 16:20:27 UTC 2019
RC 0
-rw-r--r--. 1 centos centos 1000000000 Oct  1 16:20 1G_149.dat
Tue Oct  1 16:20:34 UTC 2019
RC 0
-rw-r--r--. 1 centos centos 1000000000 Oct  1 16:20 1G_149.dat
Tue Oct  1 16:20:39 UTC 2019
RC 0
-rw-r--r--. 1 centos centos 1000000000 Oct  1 16:20 1G_149.dat
Tue Oct  1 16:20:45 UTC 2019
