/dev/shm
Tue Oct  1 16:20:16 UTC 2019
Job 326
Fetching https://prp-test-us-east1.S3.amazonaws.com/6_testb/data/1G_326.dat
Tue Oct  1 16:20:16 UTC 2019
RC 0
-rw-r--r--. 1 centos centos 1000000000 Oct  1 16:20 1G_326.dat
Tue Oct  1 16:20:21 UTC 2019
RC 0
-rw-r--r--. 1 centos centos 1000000000 Oct  1 16:20 1G_326.dat
Tue Oct  1 16:20:26 UTC 2019
RC 0
-rw-r--r--. 1 centos centos 1000000000 Oct  1 16:20 1G_326.dat
--- Mid run ---
Tue Oct  1 16:20:32 UTC 2019
RC 0
-rw-r--r--. 1 centos centos 1000000000 Oct  1 16:20 1G_326.dat
=== Mid run end ===
Tue Oct  1 16:20:38 UTC 2019
RC 0
-rw-r--r--. 1 centos centos 1000000000 Oct  1 16:20 1G_326.dat
Tue Oct  1 16:20:43 UTC 2019
RC 0
-rw-r--r--. 1 centos centos 1000000000 Oct  1 16:20 1G_326.dat
Tue Oct  1 16:20:48 UTC 2019
RC 0
-rw-r--r--. 1 centos centos 1000000000 Oct  1 16:20 1G_326.dat
Tue Oct  1 16:20:53 UTC 2019
RC 0
-rw-r--r--. 1 centos centos 1000000000 Oct  1 16:20 1G_326.dat
Tue Oct  1 16:20:56 UTC 2019
