/dev/shm
Tue Oct  1 16:20:15 UTC 2019
Job 260
Fetching https://prp-test-us-east1.S3.amazonaws.com/4_testb/data/1G_260.dat
Tue Oct  1 16:20:15 UTC 2019
RC 0
-rw-r--r--. 1 centos centos 1000000000 Oct  1 16:20 1G_260.dat
Tue Oct  1 16:20:20 UTC 2019
RC 0
-rw-r--r--. 1 centos centos 1000000000 Oct  1 16:20 1G_260.dat
Tue Oct  1 16:20:25 UTC 2019
RC 0
-rw-r--r--. 1 centos centos 1000000000 Oct  1 16:20 1G_260.dat
--- Mid run ---
Tue Oct  1 16:20:29 UTC 2019
RC 0
-rw-r--r--. 1 centos centos 1000000000 Oct  1 16:20 1G_260.dat
=== Mid run end ===
Tue Oct  1 16:20:33 UTC 2019
RC 0
-rw-r--r--. 1 centos centos 1000000000 Oct  1 16:20 1G_260.dat
Tue Oct  1 16:20:37 UTC 2019
RC 0
-rw-r--r--. 1 centos centos 1000000000 Oct  1 16:20 1G_260.dat
Tue Oct  1 16:20:40 UTC 2019
RC 0
-rw-r--r--. 1 centos centos 1000000000 Oct  1 16:20 1G_260.dat
Tue Oct  1 16:20:44 UTC 2019
RC 0
-rw-r--r--. 1 centos centos 1000000000 Oct  1 16:20 1G_260.dat
Tue Oct  1 16:20:47 UTC 2019
