/dev/shm
Tue Oct  1 16:16:19 UTC 2019
Job 196
Fetching https://prp-test-us-east1.S3.amazonaws.com/4_testm/data/1G_196.dat
Tue Oct  1 16:16:19 UTC 2019
RC 0
-rw-r--r--. 1 centos centos 1000000000 Oct  1 16:16 1G_196.dat
Tue Oct  1 16:16:27 UTC 2019
RC 0
-rw-r--r--. 1 centos centos 1000000000 Oct  1 16:16 1G_196.dat
Tue Oct  1 16:16:32 UTC 2019
RC 0
-rw-r--r--. 1 centos centos 1000000000 Oct  1 16:16 1G_196.dat
--- Mid run ---
Tue Oct  1 16:16:37 UTC 2019
RC 0
-rw-r--r--. 1 centos centos 1000000000 Oct  1 16:16 1G_196.dat
=== Mid run end ===
Tue Oct  1 16:16:42 UTC 2019
RC 0
-rw-r--r--. 1 centos centos 1000000000 Oct  1 16:16 1G_196.dat
Tue Oct  1 16:16:48 UTC 2019
RC 0
-rw-r--r--. 1 centos centos 1000000000 Oct  1 16:16 1G_196.dat
Tue Oct  1 16:16:52 UTC 2019
RC 0
-rw-r--r--. 1 centos centos 1000000000 Oct  1 16:16 1G_196.dat
Tue Oct  1 16:16:57 UTC 2019
RC 0
-rw-r--r--. 1 centos centos 1000000000 Oct  1 16:17 1G_196.dat
Tue Oct  1 16:17:01 UTC 2019
