/dev/shm
Tue Oct  1 16:20:02 UTC 2019
Job 123
Fetching https://prp-test-us-east1.S3.amazonaws.com/b_testm/data/1G_123.dat
Tue Oct  1 16:20:02 UTC 2019
RC 0
-rw-r--r--. 1 centos centos 1000000000 Oct  1 16:20 1G_123.dat
Tue Oct  1 16:20:07 UTC 2019
RC 0
-rw-r--r--. 1 centos centos 1000000000 Oct  1 16:20 1G_123.dat
Tue Oct  1 16:20:11 UTC 2019
RC 0
-rw-r--r--. 1 centos centos 1000000000 Oct  1 16:20 1G_123.dat
--- Mid run ---
Tue Oct  1 16:20:16 UTC 2019
RC 0
-rw-r--r--. 1 centos centos 1000000000 Oct  1 16:20 1G_123.dat
=== Mid run end ===
Tue Oct  1 16:20:22 UTC 2019
RC 0
-rw-r--r--. 1 centos centos 1000000000 Oct  1 16:20 1G_123.dat
Tue Oct  1 16:20:28 UTC 2019
RC 0
-rw-r--r--. 1 centos centos 1000000000 Oct  1 16:20 1G_123.dat
Tue Oct  1 16:20:33 UTC 2019
RC 0
-rw-r--r--. 1 centos centos 1000000000 Oct  1 16:20 1G_123.dat
Tue Oct  1 16:20:38 UTC 2019
RC 0
-rw-r--r--. 1 centos centos 1000000000 Oct  1 16:20 1G_123.dat
Tue Oct  1 16:20:43 UTC 2019
