/dev/shm
Tue Oct  1 16:16:19 UTC 2019
Job 216
Fetching https://prp-test-us-east1.S3.amazonaws.com/8_testm/data/1G_216.dat
Tue Oct  1 16:16:19 UTC 2019
RC 0
-rw-r--r--. 1 centos centos 1000000000 Oct  1 16:16 1G_216.dat
Tue Oct  1 16:16:24 UTC 2019
RC 0
-rw-r--r--. 1 centos centos 1000000000 Oct  1 16:16 1G_216.dat
Tue Oct  1 16:16:29 UTC 2019
RC 0
-rw-r--r--. 1 centos centos 1000000000 Oct  1 16:16 1G_216.dat
--- Mid run ---
Tue Oct  1 16:16:35 UTC 2019
RC 0
-rw-r--r--. 1 centos centos 1000000000 Oct  1 16:16 1G_216.dat
=== Mid run end ===
Tue Oct  1 16:16:41 UTC 2019
RC 0
-rw-r--r--. 1 centos centos 1000000000 Oct  1 16:16 1G_216.dat
Tue Oct  1 16:16:46 UTC 2019
RC 0
-rw-r--r--. 1 centos centos 1000000000 Oct  1 16:16 1G_216.dat
Tue Oct  1 16:16:51 UTC 2019
RC 0
-rw-r--r--. 1 centos centos 1000000000 Oct  1 16:16 1G_216.dat
Tue Oct  1 16:16:56 UTC 2019
RC 0
-rw-r--r--. 1 centos centos 1000000000 Oct  1 16:17 1G_216.dat
Tue Oct  1 16:17:00 UTC 2019
