/dev/shm
Tue Oct  1 15:40:39 UTC 2019
Job 63
Fetching https://prp-test-us-east1.S3.amazonaws.com/f_testb/data/1G_63.dat
Tue Oct  1 15:40:39 UTC 2019
RC 0
-rw-r--r--. 1 centos centos 1000000000 Oct  1 15:41 1G_63.dat
Tue Oct  1 15:41:56 UTC 2019
RC 0
-rw-r--r--. 1 centos centos 1000000000 Oct  1 15:42 1G_63.dat
Tue Oct  1 15:42:07 UTC 2019
RC 0
-rw-r--r--. 1 centos centos 1000000000 Oct  1 15:42 1G_63.dat
--- Mid run ---
Tue Oct  1 15:42:17 UTC 2019
RC 0
-rw-r--r--. 1 centos centos 1000000000 Oct  1 15:42 1G_63.dat
=== Mid run end ===
Tue Oct  1 15:42:27 UTC 2019
RC 0
-rw-r--r--. 1 centos centos 1000000000 Oct  1 15:42 1G_63.dat
Tue Oct  1 15:42:37 UTC 2019
RC 0
-rw-r--r--. 1 centos centos 1000000000 Oct  1 15:42 1G_63.dat
Tue Oct  1 15:42:48 UTC 2019
RC 0
-rw-r--r--. 1 centos centos 1000000000 Oct  1 15:42 1G_63.dat
Tue Oct  1 15:42:58 UTC 2019
RC 0
-rw-r--r--. 1 centos centos 1000000000 Oct  1 15:43 1G_63.dat
Tue Oct  1 15:43:08 UTC 2019
