/dev/shm/user_slot1
Thu Oct  3 03:50:54 UTC 2019
Job 3
Fetching https://exaeastp3.blob.core.windows.net/exa-east/testb/data/1G_3.dat
Thu Oct  3 03:50:54 UTC 2019
RC 0
-rw-r--r--. 1 centos centos 1000000000 Oct  3 03:50 1G_3.dat
Thu Oct  3 03:50:59 UTC 2019
RC 0
-rw-r--r--. 1 centos centos 1000000000 Oct  3 03:51 1G_3.dat
Thu Oct  3 03:51:04 UTC 2019
RC 0
-rw-r--r--. 1 centos centos 1000000000 Oct  3 03:51 1G_3.dat
--- Mid run ---
Thu Oct  3 03:51:11 UTC 2019
RC 0
-rw-r--r--. 1 centos centos 1000000000 Oct  3 03:51 1G_3.dat
=== Mid run end ===
Thu Oct  3 03:51:17 UTC 2019
RC 0
-rw-r--r--. 1 centos centos 1000000000 Oct  3 03:51 1G_3.dat
Thu Oct  3 03:51:24 UTC 2019
RC 0
-rw-r--r--. 1 centos centos 1000000000 Oct  3 03:51 1G_3.dat
Thu Oct  3 03:51:32 UTC 2019
