/dev/shm/user_slot4
Thu Oct  3 03:49:10 UTC 2019
Job 143
Fetching https://exaeastpf.blob.core.windows.net/exa-east/testb/data/1G_143.dat
Thu Oct  3 03:49:10 UTC 2019
RC 0
-rw-r--r--. 1 centos centos 1000000000 Oct  3 03:49 1G_143.dat
Thu Oct  3 03:49:14 UTC 2019
RC 0
-rw-r--r--. 1 centos centos 1000000000 Oct  3 03:49 1G_143.dat
Thu Oct  3 03:49:19 UTC 2019
RC 0
-rw-r--r--. 1 centos centos 1000000000 Oct  3 03:49 1G_143.dat
--- Mid run ---
Thu Oct  3 03:49:25 UTC 2019
RC 0
-rw-r--r--. 1 centos centos 1000000000 Oct  3 03:49 1G_143.dat
=== Mid run end ===
Thu Oct  3 03:49:34 UTC 2019
RC 0
-rw-r--r--. 1 centos centos 1000000000 Oct  3 03:49 1G_143.dat
Thu Oct  3 03:49:40 UTC 2019
RC 0
-rw-r--r--. 1 centos centos 1000000000 Oct  3 03:49 1G_143.dat
Thu Oct  3 03:49:46 UTC 2019
