/dev/shm/user_slot3
Thu Oct  3 03:49:04 UTC 2019
Job 91
Fetching https://exaeastpb.blob.core.windows.net/exa-east/testm/data/1G_91.dat
Thu Oct  3 03:49:04 UTC 2019
RC 0
-rw-r--r--. 1 centos centos 1000000000 Oct  3 03:49 1G_91.dat
Thu Oct  3 03:49:10 UTC 2019
RC 0
-rw-r--r--. 1 centos centos 1000000000 Oct  3 03:49 1G_91.dat
Thu Oct  3 03:49:16 UTC 2019
RC 0
-rw-r--r--. 1 centos centos 1000000000 Oct  3 03:49 1G_91.dat
--- Mid run ---
Thu Oct  3 03:49:22 UTC 2019
RC 0
-rw-r--r--. 1 centos centos 1000000000 Oct  3 03:49 1G_91.dat
=== Mid run end ===
Thu Oct  3 03:49:29 UTC 2019
RC 0
-rw-r--r--. 1 centos centos 1000000000 Oct  3 03:49 1G_91.dat
Thu Oct  3 03:49:35 UTC 2019
RC 0
-rw-r--r--. 1 centos centos 1000000000 Oct  3 03:49 1G_91.dat
Thu Oct  3 03:49:41 UTC 2019
