/dev/shm/user_slot5
Thu Oct  3 03:49:15 UTC 2019
Job 204
Fetching https://exaeastpc.blob.core.windows.net/exa-east/testa/data/1G_204.dat
Thu Oct  3 03:49:15 UTC 2019
RC 0
-rw-r--r--. 1 centos centos 1000000000 Oct  3 03:49 1G_204.dat
Thu Oct  3 03:49:20 UTC 2019
RC 0
-rw-r--r--. 1 centos centos 1000000000 Oct  3 03:49 1G_204.dat
Thu Oct  3 03:49:26 UTC 2019
RC 0
-rw-r--r--. 1 centos centos 1000000000 Oct  3 03:49 1G_204.dat
--- Mid run ---
Thu Oct  3 03:49:32 UTC 2019
RC 0
-rw-r--r--. 1 centos centos 1000000000 Oct  3 03:49 1G_204.dat
=== Mid run end ===
Thu Oct  3 03:49:37 UTC 2019
RC 0
-rw-r--r--. 1 centos centos 1000000000 Oct  3 03:49 1G_204.dat
Thu Oct  3 03:49:42 UTC 2019
RC 0
-rw-r--r--. 1 centos centos 1000000000 Oct  3 03:49 1G_204.dat
Thu Oct  3 03:49:47 UTC 2019
