/dev/shm/user_slot2
Thu Oct  3 03:51:02 UTC 2019
Job 80
Fetching https://exaeastp0.blob.core.windows.net/exa-east/testa/data/1G_80.dat
Thu Oct  3 03:51:02 UTC 2019
RC 0
-rw-r--r--. 1 centos centos 1000000000 Oct  3 03:51 1G_80.dat
Thu Oct  3 03:51:10 UTC 2019
RC 0
-rw-r--r--. 1 centos centos 1000000000 Oct  3 03:51 1G_80.dat
Thu Oct  3 03:51:17 UTC 2019
RC 0
-rw-r--r--. 1 centos centos 1000000000 Oct  3 03:51 1G_80.dat
--- Mid run ---
Thu Oct  3 03:51:23 UTC 2019
RC 0
-rw-r--r--. 1 centos centos 1000000000 Oct  3 03:51 1G_80.dat
=== Mid run end ===
Thu Oct  3 03:51:33 UTC 2019
RC 0
-rw-r--r--. 1 centos centos 1000000000 Oct  3 03:51 1G_80.dat
Thu Oct  3 03:51:42 UTC 2019
RC 0
-rw-r--r--. 1 centos centos 1000000000 Oct  3 03:51 1G_80.dat
Thu Oct  3 03:51:54 UTC 2019
