/dev/shm/user_slot1
Thu Oct  3 03:50:56 UTC 2019
Job 16
Fetching https://exaeastp0.blob.core.windows.net/exa-east/testa/data/1G_16.dat
Thu Oct  3 03:50:56 UTC 2019
RC 0
-rw-r--r--. 1 centos centos 1000000000 Oct  3 03:50 1G_16.dat
Thu Oct  3 03:50:59 UTC 2019
RC 0
-rw-r--r--. 1 centos centos 1000000000 Oct  3 03:51 1G_16.dat
Thu Oct  3 03:51:03 UTC 2019
RC 0
-rw-r--r--. 1 centos centos 1000000000 Oct  3 03:51 1G_16.dat
--- Mid run ---
Thu Oct  3 03:51:08 UTC 2019
RC 0
-rw-r--r--. 1 centos centos 1000000000 Oct  3 03:51 1G_16.dat
=== Mid run end ===
Thu Oct  3 03:51:13 UTC 2019
RC 0
-rw-r--r--. 1 centos centos 1000000000 Oct  3 03:51 1G_16.dat
Thu Oct  3 03:51:18 UTC 2019
RC 0
-rw-r--r--. 1 centos centos 1000000000 Oct  3 03:51 1G_16.dat
Thu Oct  3 03:51:25 UTC 2019
