/dev/shm/user_slot7
Thu Oct  3 03:51:17 UTC 2019
Job 252
Fetching https://exaeastpc.blob.core.windows.net/exa-east/testb/data/1G_252.dat
Thu Oct  3 03:51:17 UTC 2019
RC 0
-rw-r--r--. 1 centos centos 1000000000 Oct  3 03:51 1G_252.dat
Thu Oct  3 03:51:26 UTC 2019
RC 0
-rw-r--r--. 1 centos centos 1000000000 Oct  3 03:51 1G_252.dat
Thu Oct  3 03:51:33 UTC 2019
RC 0
-rw-r--r--. 1 centos centos 1000000000 Oct  3 03:51 1G_252.dat
--- Mid run ---
Thu Oct  3 03:51:40 UTC 2019
RC 0
-rw-r--r--. 1 centos centos 1000000000 Oct  3 03:51 1G_252.dat
=== Mid run end ===
Thu Oct  3 03:51:47 UTC 2019
RC 0
-rw-r--r--. 1 centos centos 1000000000 Oct  3 03:51 1G_252.dat
Thu Oct  3 03:51:54 UTC 2019
RC 0
-rw-r--r--. 1 centos centos 1000000000 Oct  3 03:52 1G_252.dat
Thu Oct  3 03:52:04 UTC 2019
