/dev/shm/user_slot7
Thu Oct  3 03:51:17 UTC 2019
Job 250
Fetching https://exaeastpa.blob.core.windows.net/exa-east/testm/data/1G_250.dat
Thu Oct  3 03:51:17 UTC 2019
RC 0
-rw-r--r--. 1 centos centos 1000000000 Oct  3 03:51 1G_250.dat
Thu Oct  3 03:51:23 UTC 2019
RC 0
-rw-r--r--. 1 centos centos 1000000000 Oct  3 03:51 1G_250.dat
Thu Oct  3 03:51:30 UTC 2019
RC 0
-rw-r--r--. 1 centos centos 1000000000 Oct  3 03:51 1G_250.dat
--- Mid run ---
Thu Oct  3 03:51:39 UTC 2019
RC 0
-rw-r--r--. 1 centos centos 1000000000 Oct  3 03:51 1G_250.dat
=== Mid run end ===
Thu Oct  3 03:51:45 UTC 2019
RC 0
-rw-r--r--. 1 centos centos 1000000000 Oct  3 03:51 1G_250.dat
Thu Oct  3 03:51:51 UTC 2019
RC 0
-rw-r--r--. 1 centos centos 1000000000 Oct  3 03:51 1G_250.dat
Thu Oct  3 03:51:57 UTC 2019
