/dev/shm/user_slot8
Thu Oct  3 03:49:28 UTC 2019
Job 325
Fetching https://exaeastp5.blob.core.windows.net/exa-east/testm/data/1G_325.dat
Thu Oct  3 03:49:28 UTC 2019
RC 0
-rw-r--r--. 1 centos centos 1000000000 Oct  3 03:49 1G_325.dat
Thu Oct  3 03:49:39 UTC 2019
RC 0
-rw-r--r--. 1 centos centos 1000000000 Oct  3 03:49 1G_325.dat
Thu Oct  3 03:49:48 UTC 2019
RC 0
-rw-r--r--. 1 centos centos 1000000000 Oct  3 03:49 1G_325.dat
--- Mid run ---
Thu Oct  3 03:49:54 UTC 2019
RC 0
-rw-r--r--. 1 centos centos 1000000000 Oct  3 03:50 1G_325.dat
=== Mid run end ===
Thu Oct  3 03:50:01 UTC 2019
RC 0
-rw-r--r--. 1 centos centos 1000000000 Oct  3 03:50 1G_325.dat
Thu Oct  3 03:50:08 UTC 2019
RC 0
-rw-r--r--. 1 centos centos 1000000000 Oct  3 03:50 1G_325.dat
Thu Oct  3 03:50:14 UTC 2019
