/dev/shm/user_slot7
Thu Oct  3 03:51:21 UTC 2019
Job 287
Fetching https://exaeastpf.blob.core.windows.net/exa-east/testb/data/1G_287.dat
Thu Oct  3 03:51:21 UTC 2019
RC 0
-rw-r--r--. 1 centos centos 1000000000 Oct  3 03:51 1G_287.dat
Thu Oct  3 03:51:26 UTC 2019
RC 0
-rw-r--r--. 1 centos centos 1000000000 Oct  3 03:51 1G_287.dat
Thu Oct  3 03:51:31 UTC 2019
RC 0
-rw-r--r--. 1 centos centos 1000000000 Oct  3 03:51 1G_287.dat
--- Mid run ---
Thu Oct  3 03:51:36 UTC 2019
RC 0
-rw-r--r--. 1 centos centos 1000000000 Oct  3 03:51 1G_287.dat
=== Mid run end ===
Thu Oct  3 03:51:40 UTC 2019
RC 0
-rw-r--r--. 1 centos centos 1000000000 Oct  3 03:51 1G_287.dat
Thu Oct  3 03:51:45 UTC 2019
RC 0
-rw-r--r--. 1 centos centos 1000000000 Oct  3 03:51 1G_287.dat
Thu Oct  3 03:51:49 UTC 2019
