/dev/shm/user_slot6
Thu Oct  3 03:49:17 UTC 2019
Job 225
Fetching https://exaeastp1.blob.core.windows.net/exa-east/testb/data/1G_225.dat
Thu Oct  3 03:49:17 UTC 2019
RC 0
-rw-r--r--. 1 centos centos 1000000000 Oct  3 03:49 1G_225.dat
Thu Oct  3 03:49:25 UTC 2019
RC 0
-rw-r--r--. 1 centos centos 1000000000 Oct  3 03:49 1G_225.dat
Thu Oct  3 03:49:31 UTC 2019
RC 0
-rw-r--r--. 1 centos centos 1000000000 Oct  3 03:49 1G_225.dat
--- Mid run ---
Thu Oct  3 03:49:38 UTC 2019
RC 0
-rw-r--r--. 1 centos centos 1000000000 Oct  3 03:49 1G_225.dat
=== Mid run end ===
Thu Oct  3 03:49:44 UTC 2019
RC 0
-rw-r--r--. 1 centos centos 1000000000 Oct  3 03:49 1G_225.dat
Thu Oct  3 03:49:49 UTC 2019
RC 0
-rw-r--r--. 1 centos centos 1000000000 Oct  3 03:49 1G_225.dat
Thu Oct  3 03:49:55 UTC 2019
