/dev/shm/user_slot2
Thu Oct  3 03:51:00 UTC 2019
Job 61
Fetching https://exaeastpd.blob.core.windows.net/exa-east/testb/data/1G_61.dat
Thu Oct  3 03:51:00 UTC 2019
RC 0
-rw-r--r--. 1 centos centos 1000000000 Oct  3 03:51 1G_61.dat
Thu Oct  3 03:51:05 UTC 2019
RC 0
-rw-r--r--. 1 centos centos 1000000000 Oct  3 03:51 1G_61.dat
Thu Oct  3 03:51:12 UTC 2019
RC 0
-rw-r--r--. 1 centos centos 1000000000 Oct  3 03:51 1G_61.dat
--- Mid run ---
Thu Oct  3 03:51:19 UTC 2019
RC 0
-rw-r--r--. 1 centos centos 1000000000 Oct  3 03:51 1G_61.dat
=== Mid run end ===
Thu Oct  3 03:51:25 UTC 2019
RC 0
-rw-r--r--. 1 centos centos 1000000000 Oct  3 03:51 1G_61.dat
Thu Oct  3 03:51:32 UTC 2019
RC 0
-rw-r--r--. 1 centos centos 1000000000 Oct  3 03:51 1G_61.dat
Thu Oct  3 03:51:40 UTC 2019
