Thu Oct  3 03:41:46 UTC 2019
Thu Oct  3 03:41:46 UTC 2019

real	0m3.660s
user	0m1.569s
sys	0m1.728s
Thu Oct  3 03:41:50 UTC 2019

real	0m3.855s
user	0m1.542s
sys	0m1.771s
Thu Oct  3 03:41:54 UTC 2019

real	0m4.459s
user	0m1.904s
sys	0m2.346s
--- Mid run ---
Thu Oct  3 03:41:58 UTC 2019

real	0m5.483s
user	0m2.254s
sys	0m3.104s
=== Mid run end ===
Thu Oct  3 03:42:04 UTC 2019

real	0m5.331s
user	0m2.112s
sys	0m2.986s
Thu Oct  3 03:42:09 UTC 2019

real	0m4.798s
user	0m1.990s
sys	0m2.621s
Thu Oct  3 03:42:14 UTC 2019
