Thu Oct  3 03:43:21 UTC 2019
Thu Oct  3 03:43:21 UTC 2019

real	0m8.740s
user	0m1.987s
sys	0m2.766s
Thu Oct  3 03:43:30 UTC 2019

real	0m6.989s
user	0m1.881s
sys	0m2.903s
Thu Oct  3 03:43:37 UTC 2019

real	0m6.508s
user	0m1.933s
sys	0m2.873s
--- Mid run ---
Thu Oct  3 03:43:44 UTC 2019

real	0m7.162s
user	0m2.094s
sys	0m2.780s
=== Mid run end ===
Thu Oct  3 03:43:51 UTC 2019

real	0m6.609s
user	0m1.832s
sys	0m2.329s
Thu Oct  3 03:43:58 UTC 2019

real	0m5.323s
user	0m1.726s
sys	0m2.538s
Thu Oct  3 03:44:03 UTC 2019
