Thu Oct  3 03:41:55 UTC 2019
Thu Oct  3 03:41:55 UTC 2019

real	0m6.996s
user	0m1.796s
sys	0m2.521s
Thu Oct  3 03:42:02 UTC 2019

real	0m4.277s
user	0m1.612s
sys	0m2.464s
Thu Oct  3 03:42:06 UTC 2019

real	0m5.846s
user	0m1.779s
sys	0m2.572s
--- Mid run ---
Thu Oct  3 03:42:12 UTC 2019

real	0m4.476s
user	0m1.591s
sys	0m2.581s
=== Mid run end ===
Thu Oct  3 03:42:17 UTC 2019

real	0m4.198s
user	0m1.630s
sys	0m2.241s
Thu Oct  3 03:42:21 UTC 2019

real	0m4.279s
user	0m1.466s
sys	0m2.098s
Thu Oct  3 03:42:26 UTC 2019
