Thu Oct  3 03:41:54 UTC 2019
Thu Oct  3 03:41:54 UTC 2019

real	0m7.060s
user	0m2.227s
sys	0m3.984s
Thu Oct  3 03:42:02 UTC 2019

real	0m6.995s
user	0m2.212s
sys	0m3.651s
Thu Oct  3 03:42:09 UTC 2019

real	0m5.986s
user	0m2.111s
sys	0m3.219s
--- Mid run ---
Thu Oct  3 03:42:15 UTC 2019

real	0m6.642s
user	0m2.296s
sys	0m3.415s
=== Mid run end ===
Thu Oct  3 03:42:22 UTC 2019

real	0m5.836s
user	0m2.052s
sys	0m3.573s
Thu Oct  3 03:42:28 UTC 2019

real	0m5.731s
user	0m1.972s
sys	0m3.002s
Thu Oct  3 03:42:34 UTC 2019
