Thu Oct  3 03:43:21 UTC 2019
Thu Oct  3 03:43:21 UTC 2019

real	0m5.510s
user	0m2.423s
sys	0m3.005s
Thu Oct  3 03:43:27 UTC 2019

real	0m6.368s
user	0m2.824s
sys	0m3.462s
Thu Oct  3 03:43:34 UTC 2019

real	0m7.055s
user	0m2.452s
sys	0m3.884s
--- Mid run ---
Thu Oct  3 03:43:41 UTC 2019

real	0m5.263s
user	0m2.232s
sys	0m2.901s
=== Mid run end ===
Thu Oct  3 03:43:46 UTC 2019

real	0m4.849s
user	0m1.967s
sys	0m2.253s
Thu Oct  3 03:43:51 UTC 2019

real	0m4.483s
user	0m1.764s
sys	0m2.290s
Thu Oct  3 03:43:56 UTC 2019
