Thu Oct  3 03:41:45 UTC 2019
Thu Oct  3 03:41:45 UTC 2019

real	0m5.378s
user	0m1.782s
sys	0m2.254s
Thu Oct  3 03:41:51 UTC 2019

real	0m6.213s
user	0m1.811s
sys	0m2.411s
Thu Oct  3 03:41:57 UTC 2019

real	0m8.017s
user	0m2.174s
sys	0m3.655s
--- Mid run ---
Thu Oct  3 03:42:05 UTC 2019

real	0m7.364s
user	0m2.084s
sys	0m3.470s
=== Mid run end ===
Thu Oct  3 03:42:13 UTC 2019

real	0m6.881s
user	0m2.022s
sys	0m4.275s
Thu Oct  3 03:42:20 UTC 2019

real	0m7.177s
user	0m2.062s
sys	0m3.054s
Thu Oct  3 03:42:27 UTC 2019
