Thu Oct  3 03:43:21 UTC 2019
Thu Oct  3 03:43:21 UTC 2019

real	0m6.431s
user	0m1.924s
sys	0m3.719s
Thu Oct  3 03:43:28 UTC 2019

real	0m7.288s
user	0m1.957s
sys	0m4.267s
Thu Oct  3 03:43:35 UTC 2019

real	0m7.274s
user	0m1.958s
sys	0m4.895s
--- Mid run ---
Thu Oct  3 03:43:43 UTC 2019

real	0m6.157s
user	0m1.816s
sys	0m3.666s
=== Mid run end ===
Thu Oct  3 03:43:49 UTC 2019

real	0m6.245s
user	0m1.753s
sys	0m3.529s
Thu Oct  3 03:43:56 UTC 2019

real	0m5.395s
user	0m1.589s
sys	0m2.814s
Thu Oct  3 03:44:01 UTC 2019
