Thu Oct  3 03:43:11 UTC 2019
Thu Oct  3 03:43:11 UTC 2019

real	0m4.923s
user	0m1.333s
sys	0m1.873s
Thu Oct  3 03:43:16 UTC 2019

real	0m3.834s
user	0m1.549s
sys	0m2.136s
Thu Oct  3 03:43:20 UTC 2019

real	0m6.534s
user	0m1.919s
sys	0m3.219s
--- Mid run ---
Thu Oct  3 03:43:27 UTC 2019

real	0m6.268s
user	0m1.817s
sys	0m3.402s
=== Mid run end ===
Thu Oct  3 03:43:33 UTC 2019

real	0m5.163s
user	0m1.811s
sys	0m2.757s
Thu Oct  3 03:43:39 UTC 2019

real	0m5.453s
user	0m1.699s
sys	0m2.665s
Thu Oct  3 03:43:44 UTC 2019
