Thu Oct  3 03:43:15 UTC 2019
Thu Oct  3 03:43:15 UTC 2019

real	0m4.165s
user	0m1.467s
sys	0m2.119s
Thu Oct  3 03:43:20 UTC 2019

real	0m5.064s
user	0m1.743s
sys	0m2.725s
Thu Oct  3 03:43:25 UTC 2019

real	0m5.716s
user	0m1.782s
sys	0m2.914s
--- Mid run ---
Thu Oct  3 03:43:31 UTC 2019

real	0m5.967s
user	0m1.879s
sys	0m3.513s
=== Mid run end ===
Thu Oct  3 03:43:37 UTC 2019

real	0m5.825s
user	0m1.672s
sys	0m2.600s
Thu Oct  3 03:43:43 UTC 2019

real	0m5.861s
user	0m1.735s
sys	0m2.882s
Thu Oct  3 03:43:49 UTC 2019
