Thu Oct  3 03:43:21 UTC 2019
Thu Oct  3 03:43:21 UTC 2019

real	0m7.236s
user	0m2.568s
sys	0m4.169s
Thu Oct  3 03:43:28 UTC 2019

real	0m7.650s
user	0m2.585s
sys	0m4.813s
Thu Oct  3 03:43:36 UTC 2019

real	0m7.005s
user	0m2.225s
sys	0m3.711s
--- Mid run ---
Thu Oct  3 03:43:43 UTC 2019

real	0m5.457s
user	0m2.032s
sys	0m2.967s
=== Mid run end ===
Thu Oct  3 03:43:49 UTC 2019

real	0m5.609s
user	0m2.093s
sys	0m3.426s
Thu Oct  3 03:43:55 UTC 2019

real	0m4.913s
user	0m1.754s
sys	0m2.357s
Thu Oct  3 03:44:00 UTC 2019
