Thu Oct  3 03:43:06 UTC 2019
Thu Oct  3 03:43:06 UTC 2019

real	0m3.477s
user	0m1.350s
sys	0m1.455s
Thu Oct  3 03:43:09 UTC 2019

real	0m4.135s
user	0m1.591s
sys	0m1.734s
Thu Oct  3 03:43:14 UTC 2019

real	0m3.486s
user	0m1.488s
sys	0m1.842s
--- Mid run ---
Thu Oct  3 03:43:17 UTC 2019

real	0m5.913s
user	0m1.963s
sys	0m2.440s
=== Mid run end ===
Thu Oct  3 03:43:23 UTC 2019

real	0m7.413s
user	0m2.107s
sys	0m2.892s
Thu Oct  3 03:43:31 UTC 2019

real	0m7.083s
user	0m2.152s
sys	0m2.656s
Thu Oct  3 03:43:38 UTC 2019
