Thu Oct  3 03:41:55 UTC 2019
Thu Oct  3 03:41:55 UTC 2019

real	0m6.826s
user	0m1.734s
sys	0m2.400s
Thu Oct  3 03:42:02 UTC 2019

real	0m6.159s
user	0m1.686s
sys	0m2.546s
Thu Oct  3 03:42:08 UTC 2019

real	0m7.298s
user	0m1.834s
sys	0m2.781s
--- Mid run ---
Thu Oct  3 03:42:16 UTC 2019

real	0m5.023s
user	0m1.757s
sys	0m2.598s
=== Mid run end ===
Thu Oct  3 03:42:21 UTC 2019

real	0m4.764s
user	0m1.741s
sys	0m2.327s
Thu Oct  3 03:42:26 UTC 2019

real	0m6.744s
user	0m1.630s
sys	0m2.306s
Thu Oct  3 03:42:33 UTC 2019
