Thu Oct  3 03:43:20 UTC 2019
Thu Oct  3 03:43:20 UTC 2019

real	0m6.152s
user	0m1.722s
sys	0m3.464s
Thu Oct  3 03:43:27 UTC 2019

real	0m7.312s
user	0m1.805s
sys	0m3.484s
Thu Oct  3 03:43:34 UTC 2019

real	0m7.076s
user	0m1.597s
sys	0m3.872s
--- Mid run ---
Thu Oct  3 03:43:41 UTC 2019

real	0m6.340s
user	0m1.521s
sys	0m2.898s
=== Mid run end ===
Thu Oct  3 03:43:48 UTC 2019

real	0m6.236s
user	0m1.508s
sys	0m2.643s
Thu Oct  3 03:43:54 UTC 2019

real	0m5.248s
user	0m1.363s
sys	0m2.258s
Thu Oct  3 03:44:00 UTC 2019
