Thu Oct  3 03:41:48 UTC 2019
Thu Oct  3 03:41:48 UTC 2019

real	0m3.636s
user	0m1.626s
sys	0m1.867s
Thu Oct  3 03:41:52 UTC 2019

real	0m4.816s
user	0m1.822s
sys	0m2.484s
Thu Oct  3 03:41:57 UTC 2019

real	0m6.284s
user	0m2.227s
sys	0m3.729s
--- Mid run ---
Thu Oct  3 03:42:03 UTC 2019

real	0m7.112s
user	0m2.227s
sys	0m4.135s
=== Mid run end ===
Thu Oct  3 03:42:11 UTC 2019

real	0m5.766s
user	0m2.078s
sys	0m3.068s
Thu Oct  3 03:42:16 UTC 2019

real	0m6.179s
user	0m1.908s
sys	0m3.092s
Thu Oct  3 03:42:23 UTC 2019
