Thu Oct  3 03:41:55 UTC 2019
Thu Oct  3 03:41:55 UTC 2019

real	0m7.482s
user	0m1.653s
sys	0m2.944s
Thu Oct  3 03:42:02 UTC 2019

real	0m10.316s
user	0m1.840s
sys	0m2.827s
Thu Oct  3 03:42:13 UTC 2019

real	0m8.188s
user	0m1.689s
sys	0m2.825s
--- Mid run ---
Thu Oct  3 03:42:21 UTC 2019

real	0m7.004s
user	0m1.568s
sys	0m2.525s
=== Mid run end ===
Thu Oct  3 03:42:28 UTC 2019

real	0m8.652s
user	0m1.588s
sys	0m2.609s
Thu Oct  3 03:42:37 UTC 2019

real	0m5.245s
user	0m1.359s
sys	0m1.944s
Thu Oct  3 03:42:42 UTC 2019
