Tue Oct  1 16:16:18 UTC 2019
Tue Oct  1 16:16:18 UTC 2019

real	0m4.197s
user	0m1.630s
sys	0m2.202s
Tue Oct  1 16:16:22 UTC 2019

real	0m4.294s
user	0m1.574s
sys	0m2.221s
Tue Oct  1 16:16:27 UTC 2019

real	0m5.427s
user	0m1.571s
sys	0m2.717s
--- Mid run ---
Tue Oct  1 16:16:32 UTC 2019

real	0m5.324s
user	0m1.433s
sys	0m2.146s
=== Mid run end ===
Tue Oct  1 16:16:38 UTC 2019

real	0m4.413s
user	0m1.757s
sys	0m2.362s
Tue Oct  1 16:16:42 UTC 2019

real	0m4.532s
user	0m1.556s
sys	0m2.155s
Tue Oct  1 16:16:47 UTC 2019

real	0m3.489s
user	0m1.305s
sys	0m1.999s
Tue Oct  1 16:16:50 UTC 2019

real	0m3.109s
user	0m1.250s
sys	0m1.769s
Tue Oct  1 16:16:54 UTC 2019
