Tue Oct  1 16:16:25 UTC 2019
Tue Oct  1 16:16:25 UTC 2019

real	0m5.097s
user	0m1.472s
sys	0m2.102s
Tue Oct  1 16:16:30 UTC 2019

real	0m6.907s
user	0m1.776s
sys	0m2.077s
Tue Oct  1 16:16:37 UTC 2019

real	0m4.134s
user	0m1.441s
sys	0m2.155s
--- Mid run ---
Tue Oct  1 16:16:41 UTC 2019

real	0m5.684s
user	0m1.634s
sys	0m2.594s
=== Mid run end ===
Tue Oct  1 16:16:47 UTC 2019

real	0m5.222s
user	0m1.507s
sys	0m2.093s
Tue Oct  1 16:16:52 UTC 2019

real	0m3.588s
user	0m1.222s
sys	0m2.012s
Tue Oct  1 16:16:56 UTC 2019

real	0m3.176s
user	0m1.259s
sys	0m1.887s
Tue Oct  1 16:17:00 UTC 2019

real	0m2.963s
user	0m1.170s
sys	0m1.590s
Tue Oct  1 16:17:03 UTC 2019
