Tue Oct  1 16:16:05 UTC 2019
Tue Oct  1 16:16:05 UTC 2019

real	0m4.113s
user	0m1.204s
sys	0m2.288s
Tue Oct  1 16:16:10 UTC 2019

real	0m3.410s
user	0m1.194s
sys	0m2.182s
Tue Oct  1 16:16:13 UTC 2019

real	0m4.131s
user	0m1.325s
sys	0m2.776s
--- Mid run ---
Tue Oct  1 16:16:17 UTC 2019

real	0m5.177s
user	0m1.329s
sys	0m2.844s
=== Mid run end ===
Tue Oct  1 16:16:23 UTC 2019

real	0m4.858s
user	0m1.486s
sys	0m3.253s
Tue Oct  1 16:16:28 UTC 2019

real	0m4.884s
user	0m1.553s
sys	0m3.082s
Tue Oct  1 16:16:33 UTC 2019

real	0m4.863s
user	0m1.580s
sys	0m3.223s
Tue Oct  1 16:16:38 UTC 2019

real	0m4.267s
user	0m1.521s
sys	0m2.702s
Tue Oct  1 16:16:42 UTC 2019
