Tue Oct  1 16:19:57 UTC 2019
Tue Oct  1 16:19:57 UTC 2019

real	0m3.670s
user	0m1.148s
sys	0m2.445s
Tue Oct  1 16:20:01 UTC 2019

real	0m3.704s
user	0m1.222s
sys	0m2.398s
Tue Oct  1 16:20:05 UTC 2019

real	0m4.119s
user	0m1.233s
sys	0m2.611s
--- Mid run ---
Tue Oct  1 16:20:09 UTC 2019

real	0m4.540s
user	0m1.345s
sys	0m3.153s
=== Mid run end ===
Tue Oct  1 16:20:14 UTC 2019

real	0m4.447s
user	0m1.426s
sys	0m2.914s
Tue Oct  1 16:20:18 UTC 2019

real	0m5.196s
user	0m1.457s
sys	0m3.587s
Tue Oct  1 16:20:24 UTC 2019

real	0m5.671s
user	0m1.604s
sys	0m3.955s
Tue Oct  1 16:20:29 UTC 2019

real	0m5.042s
user	0m1.528s
sys	0m3.378s
Tue Oct  1 16:20:35 UTC 2019
