Tue Oct  1 16:20:10 UTC 2019
Tue Oct  1 16:20:10 UTC 2019

real	0m4.888s
user	0m1.516s
sys	0m3.330s
Tue Oct  1 16:20:15 UTC 2019

real	0m5.982s
user	0m1.613s
sys	0m4.274s
Tue Oct  1 16:20:21 UTC 2019

real	0m6.438s
user	0m2.081s
sys	0m4.295s
--- Mid run ---
Tue Oct  1 16:20:28 UTC 2019

real	0m5.725s
user	0m1.651s
sys	0m3.963s
=== Mid run end ===
Tue Oct  1 16:20:33 UTC 2019

real	0m5.122s
user	0m1.467s
sys	0m3.570s
Tue Oct  1 16:20:39 UTC 2019

real	0m4.692s
user	0m1.369s
sys	0m3.266s
Tue Oct  1 16:20:44 UTC 2019

real	0m4.296s
user	0m1.313s
sys	0m2.928s
Tue Oct  1 16:20:48 UTC 2019

real	0m3.921s
user	0m1.192s
sys	0m2.702s
Tue Oct  1 16:20:52 UTC 2019
