Tue Oct  1 16:16:25 UTC 2019
Tue Oct  1 16:16:25 UTC 2019

real	0m4.911s
user	0m1.646s
sys	0m3.161s
Tue Oct  1 16:16:30 UTC 2019

real	0m5.826s
user	0m1.713s
sys	0m3.818s
Tue Oct  1 16:16:36 UTC 2019

real	0m5.649s
user	0m2.037s
sys	0m3.561s
--- Mid run ---
Tue Oct  1 16:16:42 UTC 2019

real	0m4.613s
user	0m1.556s
sys	0m2.960s
=== Mid run end ===
Tue Oct  1 16:16:47 UTC 2019

real	0m4.477s
user	0m1.421s
sys	0m2.969s
Tue Oct  1 16:16:51 UTC 2019

real	0m4.479s
user	0m1.616s
sys	0m2.718s
Tue Oct  1 16:16:56 UTC 2019

real	0m4.572s
user	0m1.406s
sys	0m3.084s
Tue Oct  1 16:17:00 UTC 2019

real	0m3.613s
user	0m1.203s
sys	0m2.228s
Tue Oct  1 16:17:04 UTC 2019
