Tue Oct  1 16:19:55 UTC 2019
Tue Oct  1 16:19:55 UTC 2019

real	0m2.713s
user	0m1.086s
sys	0m1.499s
Tue Oct  1 16:19:58 UTC 2019

real	0m3.613s
user	0m1.475s
sys	0m1.814s
Tue Oct  1 16:20:02 UTC 2019

real	0m3.029s
user	0m1.259s
sys	0m1.628s
--- Mid run ---
Tue Oct  1 16:20:05 UTC 2019

real	0m4.637s
user	0m1.359s
sys	0m2.303s
=== Mid run end ===
Tue Oct  1 16:20:09 UTC 2019

real	0m4.661s
user	0m1.605s
sys	0m2.049s
Tue Oct  1 16:20:14 UTC 2019

real	0m5.976s
user	0m1.813s
sys	0m2.355s
Tue Oct  1 16:20:20 UTC 2019

real	0m6.453s
user	0m1.673s
sys	0m2.331s
Tue Oct  1 16:20:27 UTC 2019

real	0m5.815s
user	0m1.676s
sys	0m2.494s
Tue Oct  1 16:20:33 UTC 2019
