Tue Oct  1 16:20:10 UTC 2019
Tue Oct  1 16:20:10 UTC 2019

real	0m4.579s
user	0m1.610s
sys	0m2.866s
Tue Oct  1 16:20:14 UTC 2019

real	0m4.309s
user	0m1.511s
sys	0m2.751s
Tue Oct  1 16:20:19 UTC 2019

real	0m4.785s
user	0m1.708s
sys	0m2.964s
--- Mid run ---
Tue Oct  1 16:20:24 UTC 2019

real	0m4.612s
user	0m1.719s
sys	0m2.765s
=== Mid run end ===
Tue Oct  1 16:20:29 UTC 2019

real	0m3.994s
user	0m1.469s
sys	0m2.467s
Tue Oct  1 16:20:33 UTC 2019

real	0m4.337s
user	0m1.459s
sys	0m2.708s
Tue Oct  1 16:20:37 UTC 2019

real	0m3.897s
user	0m1.418s
sys	0m2.385s
Tue Oct  1 16:20:41 UTC 2019

real	0m3.761s
user	0m1.392s
sys	0m2.147s
Tue Oct  1 16:20:45 UTC 2019
