Tue Oct  1 16:20:16 UTC 2019
Tue Oct  1 16:20:16 UTC 2019

real	0m5.568s
user	0m1.607s
sys	0m2.571s
Tue Oct  1 16:20:21 UTC 2019

real	0m4.632s
user	0m1.601s
sys	0m2.427s
Tue Oct  1 16:20:26 UTC 2019

real	0m6.923s
user	0m1.973s
sys	0m2.511s
--- Mid run ---
Tue Oct  1 16:20:33 UTC 2019

real	0m4.325s
user	0m1.540s
sys	0m2.342s
=== Mid run end ===
Tue Oct  1 16:20:38 UTC 2019

real	0m3.240s
user	0m1.234s
sys	0m1.960s
Tue Oct  1 16:20:41 UTC 2019

real	0m3.676s
user	0m1.345s
sys	0m2.302s
Tue Oct  1 16:20:45 UTC 2019

real	0m3.372s
user	0m1.252s
sys	0m1.978s
Tue Oct  1 16:20:48 UTC 2019

real	0m2.784s
user	0m1.049s
sys	0m1.646s
Tue Oct  1 16:20:51 UTC 2019
