Tue Oct  1 16:16:25 UTC 2019
Tue Oct  1 16:16:25 UTC 2019

real	0m9.157s
user	0m2.268s
sys	0m2.521s
Tue Oct  1 16:16:34 UTC 2019

real	0m9.816s
user	0m2.350s
sys	0m2.451s
Tue Oct  1 16:16:44 UTC 2019

real	0m5.314s
user	0m1.776s
sys	0m2.225s
--- Mid run ---
Tue Oct  1 16:16:50 UTC 2019

real	0m3.615s
user	0m1.314s
sys	0m1.875s
=== Mid run end ===
Tue Oct  1 16:16:53 UTC 2019

real	0m4.810s
user	0m1.624s
sys	0m2.061s
Tue Oct  1 16:16:58 UTC 2019

real	0m3.717s
user	0m1.444s
sys	0m2.203s
Tue Oct  1 16:17:02 UTC 2019

real	0m2.929s
user	0m1.184s
sys	0m1.636s
Tue Oct  1 16:17:05 UTC 2019

real	0m3.304s
user	0m1.143s
sys	0m2.014s
Tue Oct  1 16:17:08 UTC 2019
