Tue Oct  1 16:16:25 UTC 2019
Tue Oct  1 16:16:25 UTC 2019

real	0m4.073s
user	0m1.479s
sys	0m2.368s
Tue Oct  1 16:16:29 UTC 2019

real	0m4.160s
user	0m1.517s
sys	0m2.161s
Tue Oct  1 16:16:33 UTC 2019

real	0m5.746s
user	0m2.107s
sys	0m2.513s
--- Mid run ---
Tue Oct  1 16:16:39 UTC 2019

real	0m4.681s
user	0m1.508s
sys	0m2.130s
=== Mid run end ===
Tue Oct  1 16:16:44 UTC 2019

real	0m4.880s
user	0m1.598s
sys	0m2.315s
Tue Oct  1 16:16:49 UTC 2019

real	0m3.657s
user	0m1.324s
sys	0m2.036s
Tue Oct  1 16:16:53 UTC 2019

real	0m3.355s
user	0m1.440s
sys	0m1.885s
Tue Oct  1 16:16:56 UTC 2019

real	0m3.430s
user	0m1.129s
sys	0m1.935s
Tue Oct  1 16:17:00 UTC 2019
