Tue Oct  1 16:19:57 UTC 2019
Tue Oct  1 16:19:57 UTC 2019

real	0m2.853s
user	0m1.188s
sys	0m1.458s
Tue Oct  1 16:20:00 UTC 2019

real	0m3.216s
user	0m1.332s
sys	0m1.817s
Tue Oct  1 16:20:03 UTC 2019

real	0m5.871s
user	0m1.665s
sys	0m2.069s
--- Mid run ---
Tue Oct  1 16:20:09 UTC 2019

real	0m4.935s
user	0m1.616s
sys	0m1.973s
=== Mid run end ===
Tue Oct  1 16:20:14 UTC 2019

real	0m7.335s
user	0m1.925s
sys	0m2.181s
Tue Oct  1 16:20:22 UTC 2019

real	0m5.608s
user	0m1.634s
sys	0m2.277s
Tue Oct  1 16:20:28 UTC 2019

real	0m7.873s
user	0m2.008s
sys	0m2.230s
Tue Oct  1 16:20:36 UTC 2019

real	0m6.407s
user	0m1.744s
sys	0m2.143s
Tue Oct  1 16:20:42 UTC 2019
