Tue Oct  1 16:16:05 UTC 2019
Tue Oct  1 16:16:05 UTC 2019

real	0m3.313s
user	0m1.154s
sys	0m2.036s
Tue Oct  1 16:16:09 UTC 2019

real	0m3.890s
user	0m1.285s
sys	0m2.565s
Tue Oct  1 16:16:13 UTC 2019

real	0m3.746s
user	0m1.280s
sys	0m2.376s
--- Mid run ---
Tue Oct  1 16:16:17 UTC 2019

real	0m3.496s
user	0m1.197s
sys	0m2.148s
=== Mid run end ===
Tue Oct  1 16:16:20 UTC 2019

real	0m3.870s
user	0m1.396s
sys	0m2.390s
Tue Oct  1 16:16:24 UTC 2019

real	0m4.956s
user	0m1.639s
sys	0m3.201s
Tue Oct  1 16:16:29 UTC 2019

real	0m5.127s
user	0m1.562s
sys	0m3.322s
Tue Oct  1 16:16:35 UTC 2019

real	0m4.403s
user	0m1.514s
sys	0m2.778s
Tue Oct  1 16:16:39 UTC 2019
