Tue Oct  1 16:16:19 UTC 2019
Tue Oct  1 16:16:19 UTC 2019

real	0m4.647s
user	0m1.394s
sys	0m2.969s
Tue Oct  1 16:16:24 UTC 2019

real	0m4.609s
user	0m1.558s
sys	0m3.010s
Tue Oct  1 16:16:29 UTC 2019

real	0m5.526s
user	0m1.601s
sys	0m3.140s
--- Mid run ---
Tue Oct  1 16:16:34 UTC 2019

real	0m4.541s
user	0m1.546s
sys	0m2.923s
=== Mid run end ===
Tue Oct  1 16:16:39 UTC 2019

real	0m5.113s
user	0m1.897s
sys	0m3.185s
Tue Oct  1 16:16:44 UTC 2019

real	0m3.943s
user	0m1.296s
sys	0m2.598s
Tue Oct  1 16:16:48 UTC 2019

real	0m5.061s
user	0m1.574s
sys	0m2.885s
Tue Oct  1 16:16:54 UTC 2019

real	0m3.915s
user	0m1.290s
sys	0m2.528s
Tue Oct  1 16:16:58 UTC 2019
