Tue Oct  1 16:16:04 UTC 2019
Tue Oct  1 16:16:04 UTC 2019

real	0m3.230s
user	0m1.192s
sys	0m1.990s
Tue Oct  1 16:16:08 UTC 2019

real	0m3.375s
user	0m1.200s
sys	0m2.043s
Tue Oct  1 16:16:11 UTC 2019

real	0m2.991s
user	0m1.133s
sys	0m1.832s
--- Mid run ---
Tue Oct  1 16:16:14 UTC 2019

real	0m2.974s
user	0m1.191s
sys	0m1.720s
=== Mid run end ===
Tue Oct  1 16:16:17 UTC 2019

real	0m3.842s
user	0m1.324s
sys	0m2.182s
Tue Oct  1 16:16:21 UTC 2019

real	0m3.644s
user	0m1.323s
sys	0m2.219s
Tue Oct  1 16:16:25 UTC 2019

real	0m4.995s
user	0m1.399s
sys	0m1.918s
Tue Oct  1 16:16:30 UTC 2019

real	0m5.359s
user	0m1.841s
sys	0m2.450s
Tue Oct  1 16:16:36 UTC 2019
