Tue Oct  1 16:16:19 UTC 2019
Tue Oct  1 16:16:19 UTC 2019

real	0m5.328s
user	0m1.613s
sys	0m2.248s
Tue Oct  1 16:16:25 UTC 2019

real	0m7.466s
user	0m1.928s
sys	0m2.379s
Tue Oct  1 16:16:32 UTC 2019

real	0m6.059s
user	0m1.657s
sys	0m2.475s
--- Mid run ---
Tue Oct  1 16:16:39 UTC 2019

real	0m5.455s
user	0m2.282s
sys	0m2.302s
=== Mid run end ===
Tue Oct  1 16:16:44 UTC 2019

real	0m5.459s
user	0m1.595s
sys	0m2.114s
Tue Oct  1 16:16:50 UTC 2019

real	0m4.051s
user	0m1.458s
sys	0m2.013s
Tue Oct  1 16:16:54 UTC 2019

real	0m4.864s
user	0m1.575s
sys	0m1.990s
Tue Oct  1 16:16:59 UTC 2019

real	0m3.257s
user	0m1.190s
sys	0m1.863s
Tue Oct  1 16:17:02 UTC 2019
