Tue Oct  1 16:20:14 UTC 2019
Tue Oct  1 16:20:14 UTC 2019

real	0m5.805s
user	0m1.567s
sys	0m3.129s
Tue Oct  1 16:20:20 UTC 2019

real	0m4.758s
user	0m1.737s
sys	0m2.749s
Tue Oct  1 16:20:25 UTC 2019

real	0m4.373s
user	0m1.635s
sys	0m2.606s
--- Mid run ---
Tue Oct  1 16:20:30 UTC 2019

real	0m3.702s
user	0m1.247s
sys	0m2.374s
=== Mid run end ===
Tue Oct  1 16:20:34 UTC 2019

real	0m4.497s
user	0m1.800s
sys	0m2.563s
Tue Oct  1 16:20:38 UTC 2019

real	0m3.874s
user	0m1.227s
sys	0m2.536s
Tue Oct  1 16:20:42 UTC 2019

real	0m3.041s
user	0m1.152s
sys	0m1.867s
Tue Oct  1 16:20:45 UTC 2019

real	0m3.303s
user	0m1.132s
sys	0m2.036s
Tue Oct  1 16:20:49 UTC 2019
