Tue Oct  1 16:20:03 UTC 2019
Tue Oct  1 16:20:03 UTC 2019

real	0m3.183s
user	0m1.242s
sys	0m1.812s
Tue Oct  1 16:20:06 UTC 2019

real	0m4.820s
user	0m1.486s
sys	0m2.384s
Tue Oct  1 16:20:11 UTC 2019

real	0m7.298s
user	0m1.880s
sys	0m2.265s
--- Mid run ---
Tue Oct  1 16:20:19 UTC 2019

real	0m7.615s
user	0m1.962s
sys	0m2.156s
=== Mid run end ===
Tue Oct  1 16:20:26 UTC 2019

real	0m6.659s
user	0m1.833s
sys	0m2.266s
Tue Oct  1 16:20:33 UTC 2019

real	0m4.271s
user	0m1.643s
sys	0m1.832s
Tue Oct  1 16:20:38 UTC 2019

real	0m5.373s
user	0m1.520s
sys	0m1.764s
Tue Oct  1 16:20:43 UTC 2019

real	0m4.394s
user	0m1.378s
sys	0m1.965s
Tue Oct  1 16:20:48 UTC 2019
