Tue Oct  1 16:16:19 UTC 2019
Tue Oct  1 16:16:19 UTC 2019

real	0m5.091s
user	0m1.568s
sys	0m2.051s
Tue Oct  1 16:16:25 UTC 2019

real	0m10.077s
user	0m2.326s
sys	0m2.404s
Tue Oct  1 16:16:35 UTC 2019

real	0m9.489s
user	0m2.224s
sys	0m2.492s
--- Mid run ---
Tue Oct  1 16:16:44 UTC 2019

real	0m6.226s
user	0m1.727s
sys	0m1.955s
=== Mid run end ===
Tue Oct  1 16:16:51 UTC 2019

real	0m4.674s
user	0m1.438s
sys	0m1.764s
Tue Oct  1 16:16:56 UTC 2019

real	0m3.385s
user	0m1.265s
sys	0m1.829s
Tue Oct  1 16:16:59 UTC 2019

real	0m3.827s
user	0m1.312s
sys	0m1.988s
Tue Oct  1 16:17:03 UTC 2019

real	0m3.276s
user	0m1.417s
sys	0m1.732s
Tue Oct  1 16:17:06 UTC 2019
