Tue Oct  1 16:16:19 UTC 2019
Tue Oct  1 16:16:19 UTC 2019

real	0m4.635s
user	0m1.654s
sys	0m2.092s
Tue Oct  1 16:16:24 UTC 2019

real	0m6.373s
user	0m1.852s
sys	0m2.561s
Tue Oct  1 16:16:30 UTC 2019

real	0m5.333s
user	0m1.555s
sys	0m2.131s
--- Mid run ---
Tue Oct  1 16:16:35 UTC 2019

real	0m4.866s
user	0m1.650s
sys	0m2.589s
=== Mid run end ===
Tue Oct  1 16:16:40 UTC 2019

real	0m5.942s
user	0m1.791s
sys	0m2.348s
Tue Oct  1 16:16:47 UTC 2019

real	0m6.658s
user	0m1.618s
sys	0m1.946s
Tue Oct  1 16:16:53 UTC 2019

real	0m3.186s
user	0m1.210s
sys	0m1.681s
Tue Oct  1 16:16:57 UTC 2019

real	0m2.841s
user	0m1.196s
sys	0m1.575s
Tue Oct  1 16:17:00 UTC 2019
