Tue Oct  1 16:20:10 UTC 2019
Tue Oct  1 16:20:10 UTC 2019

real	0m8.156s
user	0m1.866s
sys	0m2.418s
Tue Oct  1 16:20:18 UTC 2019

real	0m6.086s
user	0m1.894s
sys	0m2.345s
Tue Oct  1 16:20:24 UTC 2019

real	0m5.961s
user	0m1.751s
sys	0m2.293s
--- Mid run ---
Tue Oct  1 16:20:30 UTC 2019

real	0m4.745s
user	0m1.572s
sys	0m2.045s
=== Mid run end ===
Tue Oct  1 16:20:35 UTC 2019

real	0m10.677s
user	0m2.060s
sys	0m2.142s
Tue Oct  1 16:20:46 UTC 2019

real	0m3.687s
user	0m1.243s
sys	0m1.836s
Tue Oct  1 16:20:50 UTC 2019

real	0m2.933s
user	0m1.275s
sys	0m1.623s
Tue Oct  1 16:20:53 UTC 2019

real	0m3.462s
user	0m1.272s
sys	0m2.103s
Tue Oct  1 16:20:56 UTC 2019
