Tue Oct  1 16:16:13 UTC 2019
Tue Oct  1 16:16:13 UTC 2019

real	0m3.183s
user	0m1.219s
sys	0m1.830s
Tue Oct  1 16:16:16 UTC 2019

real	0m3.219s
user	0m1.338s
sys	0m1.720s
Tue Oct  1 16:16:19 UTC 2019

real	0m4.489s
user	0m1.654s
sys	0m2.051s
--- Mid run ---
Tue Oct  1 16:16:24 UTC 2019

real	0m9.845s
user	0m1.984s
sys	0m2.400s
=== Mid run end ===
Tue Oct  1 16:16:34 UTC 2019

real	0m5.358s
user	0m1.608s
sys	0m2.486s
Tue Oct  1 16:16:39 UTC 2019

real	0m4.740s
user	0m1.622s
sys	0m2.238s
Tue Oct  1 16:16:44 UTC 2019

real	0m4.286s
user	0m1.493s
sys	0m2.144s
Tue Oct  1 16:16:48 UTC 2019

real	0m6.728s
user	0m1.778s
sys	0m2.246s
Tue Oct  1 16:16:55 UTC 2019
