Tue Oct  1 16:20:09 UTC 2019
Tue Oct  1 16:20:09 UTC 2019

real	0m3.905s
user	0m1.427s
sys	0m1.970s
Tue Oct  1 16:20:13 UTC 2019

real	0m5.894s
user	0m1.800s
sys	0m2.614s
Tue Oct  1 16:20:19 UTC 2019

real	0m5.639s
user	0m1.750s
sys	0m2.563s
--- Mid run ---
Tue Oct  1 16:20:25 UTC 2019

real	0m4.463s
user	0m1.574s
sys	0m2.447s
=== Mid run end ===
Tue Oct  1 16:20:29 UTC 2019

real	0m4.985s
user	0m1.633s
sys	0m2.256s
Tue Oct  1 16:20:34 UTC 2019

real	0m4.409s
user	0m1.369s
sys	0m1.999s
Tue Oct  1 16:20:39 UTC 2019

real	0m3.389s
user	0m1.266s
sys	0m2.100s
Tue Oct  1 16:20:42 UTC 2019

real	0m2.991s
user	0m1.182s
sys	0m1.692s
Tue Oct  1 16:20:45 UTC 2019
