Tue Oct  1 16:19:54 UTC 2019
Tue Oct  1 16:19:54 UTC 2019

real	0m3.113s
user	0m1.184s
sys	0m1.682s
Tue Oct  1 16:19:57 UTC 2019

real	0m2.746s
user	0m1.112s
sys	0m1.432s
Tue Oct  1 16:20:00 UTC 2019

real	0m3.367s
user	0m1.319s
sys	0m1.885s
--- Mid run ---
Tue Oct  1 16:20:03 UTC 2019

real	0m4.492s
user	0m1.449s
sys	0m1.871s
=== Mid run end ===
Tue Oct  1 16:20:08 UTC 2019

real	0m5.096s
user	0m1.603s
sys	0m2.144s
Tue Oct  1 16:20:13 UTC 2019

real	0m8.876s
user	0m1.976s
sys	0m2.632s
Tue Oct  1 16:20:22 UTC 2019

real	0m5.211s
user	0m1.725s
sys	0m2.074s
Tue Oct  1 16:20:28 UTC 2019

real	0m8.184s
user	0m1.996s
sys	0m2.238s
Tue Oct  1 16:20:36 UTC 2019
