Tue Oct  1 16:19:59 UTC 2019
Tue Oct  1 16:19:59 UTC 2019

real	0m4.135s
user	0m1.321s
sys	0m2.501s
Tue Oct  1 16:20:03 UTC 2019

real	0m4.714s
user	0m1.416s
sys	0m3.155s
Tue Oct  1 16:20:08 UTC 2019

real	0m4.856s
user	0m1.579s
sys	0m3.230s
--- Mid run ---
Tue Oct  1 16:20:13 UTC 2019

real	0m5.451s
user	0m1.578s
sys	0m3.851s
=== Mid run end ===
Tue Oct  1 16:20:19 UTC 2019

real	0m5.885s
user	0m1.578s
sys	0m4.232s
Tue Oct  1 16:20:25 UTC 2019

real	0m5.565s
user	0m1.579s
sys	0m3.257s
Tue Oct  1 16:20:31 UTC 2019

real	0m4.998s
user	0m1.544s
sys	0m3.421s
Tue Oct  1 16:20:36 UTC 2019

real	0m4.564s
user	0m1.454s
sys	0m3.023s
Tue Oct  1 16:20:41 UTC 2019
