Tue Oct  1 16:16:03 UTC 2019
Tue Oct  1 16:16:03 UTC 2019

real	0m3.174s
user	0m1.129s
sys	0m1.854s
Tue Oct  1 16:16:06 UTC 2019

real	0m3.549s
user	0m1.229s
sys	0m2.215s
Tue Oct  1 16:16:10 UTC 2019

real	0m3.599s
user	0m1.175s
sys	0m2.327s
--- Mid run ---
Tue Oct  1 16:16:14 UTC 2019

real	0m3.635s
user	0m1.572s
sys	0m1.911s
=== Mid run end ===
Tue Oct  1 16:16:17 UTC 2019

real	0m4.221s
user	0m1.375s
sys	0m2.747s
Tue Oct  1 16:16:22 UTC 2019

real	0m4.526s
user	0m1.572s
sys	0m2.923s
Tue Oct  1 16:16:26 UTC 2019

real	0m5.051s
user	0m1.585s
sys	0m3.412s
Tue Oct  1 16:16:32 UTC 2019

real	0m4.974s
user	0m2.013s
sys	0m2.930s
Tue Oct  1 16:16:37 UTC 2019
