Tue Oct  1 16:20:08 UTC 2019
Tue Oct  1 16:20:08 UTC 2019

real	0m6.343s
user	0m1.743s
sys	0m2.271s
Tue Oct  1 16:20:15 UTC 2019

real	0m4.312s
user	0m1.535s
sys	0m2.014s
Tue Oct  1 16:20:19 UTC 2019

real	0m5.750s
user	0m1.727s
sys	0m2.090s
--- Mid run ---
Tue Oct  1 16:20:25 UTC 2019

real	0m5.419s
user	0m1.481s
sys	0m1.840s
=== Mid run end ===
Tue Oct  1 16:20:31 UTC 2019

real	0m4.592s
user	0m1.414s
sys	0m1.736s
Tue Oct  1 16:20:35 UTC 2019

real	0m4.493s
user	0m1.393s
sys	0m2.541s
Tue Oct  1 16:20:40 UTC 2019

real	0m4.002s
user	0m1.466s
sys	0m2.234s
Tue Oct  1 16:20:44 UTC 2019

real	0m4.109s
user	0m1.252s
sys	0m1.646s
Tue Oct  1 16:20:48 UTC 2019
