Tue Oct  1 16:16:19 UTC 2019
Tue Oct  1 16:16:19 UTC 2019

real	0m5.799s
user	0m1.818s
sys	0m2.136s
Tue Oct  1 16:16:25 UTC 2019

real	0m6.307s
user	0m1.821s
sys	0m2.303s
Tue Oct  1 16:16:32 UTC 2019

real	0m6.995s
user	0m1.988s
sys	0m2.367s
--- Mid run ---
Tue Oct  1 16:16:39 UTC 2019

real	0m5.358s
user	0m1.437s
sys	0m2.029s
=== Mid run end ===
Tue Oct  1 16:16:44 UTC 2019

real	0m3.996s
user	0m1.440s
sys	0m2.120s
Tue Oct  1 16:16:49 UTC 2019

real	0m4.331s
user	0m1.481s
sys	0m2.184s
Tue Oct  1 16:16:53 UTC 2019

real	0m3.643s
user	0m1.210s
sys	0m1.815s
Tue Oct  1 16:16:57 UTC 2019

real	0m4.672s
user	0m1.420s
sys	0m1.876s
Tue Oct  1 16:17:02 UTC 2019
