Tue Oct  1 16:20:08 UTC 2019
Tue Oct  1 16:20:08 UTC 2019

real	0m3.938s
user	0m1.304s
sys	0m2.589s
Tue Oct  1 16:20:12 UTC 2019

real	0m5.552s
user	0m1.547s
sys	0m3.817s
Tue Oct  1 16:20:18 UTC 2019

real	0m4.870s
user	0m1.460s
sys	0m3.252s
--- Mid run ---
Tue Oct  1 16:20:23 UTC 2019

real	0m6.322s
user	0m1.692s
sys	0m4.501s
=== Mid run end ===
Tue Oct  1 16:20:30 UTC 2019

real	0m4.691s
user	0m1.595s
sys	0m2.995s
Tue Oct  1 16:20:34 UTC 2019

real	0m4.528s
user	0m1.428s
sys	0m3.049s
Tue Oct  1 16:20:39 UTC 2019

real	0m5.003s
user	0m1.388s
sys	0m3.402s
Tue Oct  1 16:20:44 UTC 2019

real	0m4.798s
user	0m1.399s
sys	0m3.347s
Tue Oct  1 16:20:49 UTC 2019
