Tue Oct  1 16:20:10 UTC 2019
Tue Oct  1 16:20:10 UTC 2019

real	0m8.503s
user	0m2.147s
sys	0m2.150s
Tue Oct  1 16:20:18 UTC 2019

real	0m6.990s
user	0m1.945s
sys	0m2.153s
Tue Oct  1 16:20:25 UTC 2019

real	0m6.820s
user	0m1.782s
sys	0m2.257s
--- Mid run ---
Tue Oct  1 16:20:32 UTC 2019

real	0m3.584s
user	0m1.413s
sys	0m2.094s
=== Mid run end ===
Tue Oct  1 16:20:36 UTC 2019

real	0m3.539s
user	0m1.347s
sys	0m1.871s
Tue Oct  1 16:20:40 UTC 2019

real	0m3.722s
user	0m1.385s
sys	0m1.886s
Tue Oct  1 16:20:43 UTC 2019

real	0m4.630s
user	0m1.437s
sys	0m1.748s
Tue Oct  1 16:20:48 UTC 2019

real	0m3.643s
user	0m1.266s
sys	0m1.746s
Tue Oct  1 16:20:52 UTC 2019
