Tue Oct  1 16:19:56 UTC 2019
Tue Oct  1 16:19:56 UTC 2019

real	0m3.662s
user	0m1.151s
sys	0m2.317s
Tue Oct  1 16:20:00 UTC 2019

real	0m3.851s
user	0m1.227s
sys	0m2.430s
Tue Oct  1 16:20:04 UTC 2019

real	0m3.748s
user	0m1.253s
sys	0m2.403s
--- Mid run ---
Tue Oct  1 16:20:08 UTC 2019

real	0m4.358s
user	0m1.294s
sys	0m2.393s
=== Mid run end ===
Tue Oct  1 16:20:12 UTC 2019

real	0m4.747s
user	0m1.502s
sys	0m2.693s
Tue Oct  1 16:20:17 UTC 2019

real	0m6.199s
user	0m1.625s
sys	0m4.504s
Tue Oct  1 16:20:23 UTC 2019

real	0m4.918s
user	0m1.663s
sys	0m3.198s
Tue Oct  1 16:20:28 UTC 2019

real	0m4.757s
user	0m1.578s
sys	0m2.841s
Tue Oct  1 16:20:33 UTC 2019
