Tue Oct  1 16:16:19 UTC 2019
Tue Oct  1 16:16:19 UTC 2019

real	0m4.752s
user	0m1.465s
sys	0m3.211s
Tue Oct  1 16:16:24 UTC 2019

real	0m6.204s
user	0m1.647s
sys	0m4.411s
Tue Oct  1 16:16:30 UTC 2019

real	0m5.838s
user	0m1.604s
sys	0m4.189s
--- Mid run ---
Tue Oct  1 16:16:36 UTC 2019

real	0m5.402s
user	0m1.543s
sys	0m3.803s
=== Mid run end ===
Tue Oct  1 16:16:42 UTC 2019

real	0m4.586s
user	0m1.407s
sys	0m3.139s
Tue Oct  1 16:16:47 UTC 2019

real	0m3.939s
user	0m1.356s
sys	0m2.502s
Tue Oct  1 16:16:51 UTC 2019

real	0m4.489s
user	0m1.388s
sys	0m3.035s
Tue Oct  1 16:16:55 UTC 2019

real	0m4.481s
user	0m1.331s
sys	0m3.090s
Tue Oct  1 16:17:00 UTC 2019
