/dev/shm/user_slot2
Wed Oct 23 22:09:09 UTC 2019
Job 2
Fetching 1G.dat from /base_2/test./data/1G_2.dat
Wed Oct 23 22:09:09 UTC 2019
INFO: Downloaded https://storage.googleapis.com/exa-us-west-1/d_data/base_2/testb/data/1G_2.dat into /dev/shm/user_slot2/1G_2.dat
RC 0
-rw-r--r--. 1 centos centos 1000000000 Oct 23 22:09 1G_2.dat
--- Mid run ---
Wed Oct 23 22:09:28 UTC 2019
INFO: Downloaded https://storage.googleapis.com/exa-us-west-1/d_data/base_2/testb/data/1G_2.dat into /dev/shm/user_slot2/1G_2.dat
RC 0
-rw-r--r--. 1 centos centos 1000000000 Oct 23 22:09 1G_2.dat
=== Mid run end ===
Wed Oct 23 22:09:37 UTC 2019
INFO: Downloaded https://storage.googleapis.com/exa-us-west-1/d_data/base_2/testb/data/1G_2.dat into /dev/shm/user_slot2/1G_2.dat
RC 0
-rw-r--r--. 1 centos centos 1000000000 Oct 23 22:09 1G_2.dat
Wed Oct 23 22:09:56 UTC 2019
INFO: Downloaded https://storage.googleapis.com/exa-us-west-1/d_data/base_2/testb/data/1G_2.dat into /dev/shm/user_slot2/1G_2.dat
RC 0
-rw-r--r--. 1 centos centos 1000000000 Oct 23 22:10 1G_2.dat
Wed Oct 23 22:10:05 UTC 2019
