/dev/shm
Slot slot1
Fetching 1G_1.dat from stashcache.t2.ucsd.edu
Thu Oct  3 16:50:13 UTC 2019
RC 0
-rw-r--r--. 1 cuser1 cuser 1048576000 Oct  3 16:51 1G_1.dat
--- Mid run ---
Thu Oct  3 16:51:04 UTC 2019
RC 0
-rw-r--r--. 1 cuser1 cuser 1048576000 Oct  3 16:52 1G_1.dat
=== Mid run end ===
Thu Oct  3 16:52:06 UTC 2019
RC 0
-rw-r--r--. 1 cuser1 cuser 1048576000 Oct  3 16:53 1G_1.dat
Thu Oct  3 16:53:04 UTC 2019
RC 0
-rw-r--r--. 1 cuser1 cuser 1048576000 Oct  3 16:54 1G_1.dat
Thu Oct  3 16:54:17 UTC 2019
RC 0
-rw-r--r--. 1 cuser1 cuser 1048576000 Oct  3 16:55 1G_1.dat
Thu Oct  3 16:55:13 UTC 2019
RC 0
-rw-r--r--. 1 cuser1 cuser 1048576000 Oct  3 16:56 1G_1.dat
Thu Oct  3 16:56:19 UTC 2019
