/dev/shm
Slot slot6
Fetching 1G_6.dat from stashcache.t2.ucsd.edu
Thu Oct  3 16:50:14 UTC 2019
RC 0
-rw-r--r--. 1 cuser6 cuser 1048576000 Oct  3 16:51 1G_6.dat
--- Mid run ---
Thu Oct  3 16:51:19 UTC 2019
RC 0
-rw-r--r--. 1 cuser6 cuser 1048576000 Oct  3 16:52 1G_6.dat
=== Mid run end ===
Thu Oct  3 16:52:55 UTC 2019
RC 0
-rw-r--r--. 1 cuser6 cuser 1048576000 Oct  3 16:53 1G_6.dat
Thu Oct  3 16:53:56 UTC 2019
RC 0
-rw-r--r--. 1 cuser6 cuser 1048576000 Oct  3 16:54 1G_6.dat
Thu Oct  3 16:54:38 UTC 2019
RC 0
-rw-r--r--. 1 cuser6 cuser 1048576000 Oct  3 16:55 1G_6.dat
Thu Oct  3 16:55:40 UTC 2019
RC 0
-rw-r--r--. 1 cuser6 cuser 1048576000 Oct  3 16:56 1G_6.dat
Thu Oct  3 16:56:23 UTC 2019
