/dev/shm
Mon Sep 30 22:25:47 UTC 2019
Job 8
Fetching http://exaeastb0.blob.core.windows.net/exa-east/8_testa/data/1G_8.dat
Mon Sep 30 22:25:47 UTC 2019
RC 0
-rw-r--r--. 1 centos centos 1000000000 Sep 30 22:25 1G_8.dat
Mon Sep 30 22:25:52 UTC 2019
RC 0
-rw-r--r--. 1 centos centos 1000000000 Sep 30 22:26 1G_8.dat
Mon Sep 30 22:26:00 UTC 2019
RC 0
-rw-r--r--. 1 centos centos 1000000000 Sep 30 22:26 1G_8.dat
--- Mid run ---
Mon Sep 30 22:26:05 UTC 2019
RC 0
-rw-r--r--. 1 centos centos 1000000000 Sep 30 22:26 1G_8.dat
=== Mid run end ===
Mon Sep 30 22:26:16 UTC 2019
RC 0
-rw-r--r--. 1 centos centos 1000000000 Sep 30 22:26 1G_8.dat
Mon Sep 30 22:26:24 UTC 2019
RC 0
-rw-r--r--. 1 centos centos 1000000000 Sep 30 22:26 1G_8.dat
Mon Sep 30 22:26:31 UTC 2019
