/dev/shm
Mon Sep 30 22:18:44 UTC 2019
Job 18
Fetching http://exaeastb0.blob.core.windows.net/exa-east/2_testa/data/1G_18.dat
Mon Sep 30 22:18:44 UTC 2019
RC 0
-rw-r--r--. 1 centos centos 1000000000 Sep 30 22:18 1G_18.dat
Mon Sep 30 22:18:52 UTC 2019
RC 0
-rw-r--r--. 1 centos centos 1000000000 Sep 30 22:19 1G_18.dat
Mon Sep 30 22:19:01 UTC 2019
RC 0
-rw-r--r--. 1 centos centos 1000000000 Sep 30 22:19 1G_18.dat
--- Mid run ---
Mon Sep 30 22:19:07 UTC 2019
RC 0
-rw-r--r--. 1 centos centos 1000000000 Sep 30 22:19 1G_18.dat
=== Mid run end ===
Mon Sep 30 22:19:16 UTC 2019
RC 0
-rw-r--r--. 1 centos centos 1000000000 Sep 30 22:19 1G_18.dat
Mon Sep 30 22:19:24 UTC 2019
RC 0
-rw-r--r--. 1 centos centos 1000000000 Sep 30 22:19 1G_18.dat
Mon Sep 30 22:19:38 UTC 2019
