Thu Oct  3 00:39:10 UTC 2019
Thu Oct  3 00:39:10 UTC 2019

real	0m15.019s
user	0m1.930s
sys	0m1.899s
Thu Oct  3 00:39:25 UTC 2019

real	0m12.382s
user	0m1.903s
sys	0m1.857s
Thu Oct  3 00:39:37 UTC 2019

real	0m13.233s
user	0m1.939s
sys	0m2.012s
--- Mid run ---
Thu Oct  3 00:39:51 UTC 2019

real	0m12.737s
user	0m1.844s
sys	0m1.980s
=== Mid run end ===
Thu Oct  3 00:40:04 UTC 2019

real	0m17.812s
user	0m1.938s
sys	0m1.979s
Thu Oct  3 00:40:22 UTC 2019

real	0m12.874s
user	0m1.865s
sys	0m1.816s
Thu Oct  3 00:40:35 UTC 2019
