Thu Oct  3 00:39:10 UTC 2019
Thu Oct  3 00:39:10 UTC 2019

real	0m11.974s
user	0m1.912s
sys	0m1.972s
Thu Oct  3 00:39:22 UTC 2019

real	0m10.716s
user	0m1.776s
sys	0m1.876s
Thu Oct  3 00:39:33 UTC 2019

real	0m12.154s
user	0m1.880s
sys	0m1.967s
--- Mid run ---
Thu Oct  3 00:39:45 UTC 2019

real	0m10.433s
user	0m1.777s
sys	0m1.884s
=== Mid run end ===
Thu Oct  3 00:39:56 UTC 2019

real	0m10.839s
user	0m1.804s
sys	0m1.870s
Thu Oct  3 00:40:07 UTC 2019

real	0m11.775s
user	0m1.785s
sys	0m1.927s
Thu Oct  3 00:40:19 UTC 2019
