GPU 0: NVIDIA A10 (UUID: GPU-2dc6dd35-a67f-7001-218b-d2764b0ad367)
=======================================
Architecture:                    x86_64
CPU op-mode(s):                  32-bit, 64-bit
Byte Order:                      Little Endian
Address sizes:                   43 bits physical, 48 bits virtual
CPU(s):                          128
On-line CPU(s) list:             0-127
Thread(s) per core:              2
Core(s) per socket:              32
Socket(s):                       2
NUMA node(s):                    2
Vendor ID:                       AuthenticAMD
CPU family:                      23
Model:                           49
Model name:                      AMD EPYC 7502 32-Core Processor
Stepping:                        0
Frequency boost:                 enabled
CPU MHz:                         3342.484
CPU max MHz:                     2500.0000
CPU min MHz:                     1500.0000
BogoMIPS:                        5000.06
Virtualization:                  AMD-V
L1d cache:                       2 MiB
L1i cache:                       2 MiB
L2 cache:                        32 MiB
L3 cache:                        256 MiB
NUMA node0 CPU(s):               0-31,64-95
NUMA node1 CPU(s):               32-63,96-127
Vulnerability Itlb multihit:     Not affected
Vulnerability L1tf:              Not affected
Vulnerability Mds:               Not affected
Vulnerability Meltdown:          Not affected
Vulnerability Mmio stale data:   Not affected
Vulnerability Spec store bypass: Mitigation; Speculative Store Bypass disabled via prctl and seccomp
Vulnerability Spectre v1:        Mitigation; usercopy/swapgs barriers and __user pointer sanitization
Vulnerability Spectre v2:        Mitigation; Retpolines, IBPB conditional, IBRS_FW, STIBP conditional, RSB filling, PBRSB-eIBRS Not affected
Vulnerability Srbds:             Not affected
Vulnerability Tsx async abort:   Not affected
Flags:                           fpu vme de pse tsc msr pae mce cx8 apic sep mtrr pge mca cmov pat pse36 clflush mmx fxsr sse sse2 ht syscall nx mmxext fxsr_opt pdpe1gb rdtscp lm constant_tsc rep_good nopl nonstop_tsc cpuid extd_apicid aperfmperf pni pclmulqdq monitor ssse3 fma cx16 sse4_1 sse4_2 movbe popcnt aes xsave avx f16c rdrand lahf_lm cmp_legacy svm extapic cr8_legacy abm sse4a misalignsse 3dnowprefetch osvw ibs skinit wdt tce topoext perfctr_core perfctr_nb bpext perfctr_llc mwaitx cpb cat_l3 cdp_l3 hw_pstate sme ssbd mba sev ibrs ibpb stibp vmmcall fsgsbase bmi1 avx2 smep bmi2 cqm rdt_a rdseed adx smap clflushopt clwb sha_ni xsaveopt xsavec xgetbv1 xsaves cqm_llc cqm_occup_llc cqm_mbm_total cqm_mbm_local clzero irperf xsaveerptr wbnoinvd arat npt lbrv svm_lock nrip_save tsc_scale vmcb_clean flushbyasid decodeassists pausefilter pfthreshold avic v_vmsave_vmload vgif umip rdpid overflow_recov succor smca
=======================================
Wed Oct 12 14:11:18 2022       
+-----------------------------------------------------------------------------+
| NVIDIA-SMI 510.54       Driver Version: 510.54       CUDA Version: 11.6     |
|-------------------------------+----------------------+----------------------+
| GPU  Name        Persistence-M| Bus-Id        Disp.A | Volatile Uncorr. ECC |
| Fan  Temp  Perf  Pwr:Usage/Cap|         Memory-Usage | GPU-Util  Compute M. |
|                               |                      |               MIG M. |
|===============================+======================+======================|
|   0  NVIDIA A10          Off  | 00000000:61:00.0 Off |                    0 |
|  0%   35C    P8    22W / 150W |      0MiB / 23028MiB |      0%      Default |
|                               |                      |                  N/A |
+-------------------------------+----------------------+----------------------+
                                                                               
+-----------------------------------------------------------------------------+
| Processes:                                                                  |
|  GPU   GI   CI        PID   Type   Process name                  GPU Memory |
|        ID   ID                                                   Usage      |
|=============================================================================|
|  No running processes found                                                 |
+-----------------------------------------------------------------------------+
=======================================
Wed Oct 12 14:11:21 UTC 2022
NRP TEST Start: 1665583881
INFO (unifrac): Using GPU

real	7m21.019s
user	7m31.336s
sys	0m31.198s
NRP TEST End: 1665584322
Wed Oct 12 14:18:43 UTC 2022
NRP TEST Start: 1665584323
INFO (unifrac): Using GPU

real	7m28.042s
user	7m34.201s
sys	0m35.947s
NRP TEST End: 1665584771
