/dev/shm/user_slot1
Thu Oct  3 03:41:43 UTC 2019
Job 15
Fetching https://exaeastpf.blob.core.windows.net/exa-east/testm/data/1G_15.dat
Thu Oct  3 03:41:43 UTC 2019
RC 0
-rw-r--r--. 1 centos centos 1000000000 Oct  3 03:41 1G_15.dat
Thu Oct  3 03:41:49 UTC 2019
RC 0
-rw-r--r--. 1 centos centos 1000000000 Oct  3 03:42 1G_15.dat
Thu Oct  3 03:42:00 UTC 2019
RC 0
-rw-r--r--. 1 centos centos 1000000000 Oct  3 03:42 1G_15.dat
--- Mid run ---
Thu Oct  3 03:42:07 UTC 2019
RC 0
-rw-r--r--. 1 centos centos 1000000000 Oct  3 03:42 1G_15.dat
=== Mid run end ===
Thu Oct  3 03:42:13 UTC 2019
RC 0
-rw-r--r--. 1 centos centos 1000000000 Oct  3 03:42 1G_15.dat
Thu Oct  3 03:42:19 UTC 2019
RC 0
-rw-r--r--. 1 centos centos 1000000000 Oct  3 03:42 1G_15.dat
Thu Oct  3 03:42:26 UTC 2019
