/dev/shm/user_slot2
Thu Oct  3 03:41:52 UTC 2019
Job 42
Fetching https://exaeastpa.blob.core.windows.net/exa-east/testa/data/1G_42.dat
Thu Oct  3 03:41:52 UTC 2019
RC 0
-rw-r--r--. 1 centos centos 1000000000 Oct  3 03:41 1G_42.dat
Thu Oct  3 03:41:56 UTC 2019
RC 0
-rw-r--r--. 1 centos centos 1000000000 Oct  3 03:42 1G_42.dat
Thu Oct  3 03:42:04 UTC 2019
RC 0
-rw-r--r--. 1 centos centos 1000000000 Oct  3 03:42 1G_42.dat
--- Mid run ---
Thu Oct  3 03:42:11 UTC 2019
RC 0
-rw-r--r--. 1 centos centos 1000000000 Oct  3 03:42 1G_42.dat
=== Mid run end ===
Thu Oct  3 03:42:17 UTC 2019
RC 0
-rw-r--r--. 1 centos centos 1000000000 Oct  3 03:42 1G_42.dat
Thu Oct  3 03:42:23 UTC 2019
RC 0
-rw-r--r--. 1 centos centos 1000000000 Oct  3 03:42 1G_42.dat
Thu Oct  3 03:42:30 UTC 2019
