/dev/shm/user_slot2
Thu Oct  3 03:41:51 UTC 2019
Job 37
Fetching https://exaeastp5.blob.core.windows.net/exa-east/testb/data/1G_37.dat
Thu Oct  3 03:41:51 UTC 2019
RC 0
-rw-r--r--. 1 centos centos 1000000000 Oct  3 03:41 1G_37.dat
Thu Oct  3 03:41:55 UTC 2019
RC 0
-rw-r--r--. 1 centos centos 1000000000 Oct  3 03:42 1G_37.dat
Thu Oct  3 03:42:01 UTC 2019
RC 0
-rw-r--r--. 1 centos centos 1000000000 Oct  3 03:42 1G_37.dat
--- Mid run ---
Thu Oct  3 03:42:08 UTC 2019
RC 0
-rw-r--r--. 1 centos centos 1000000000 Oct  3 03:42 1G_37.dat
=== Mid run end ===
Thu Oct  3 03:42:15 UTC 2019
RC 0
-rw-r--r--. 1 centos centos 1000000000 Oct  3 03:42 1G_37.dat
Thu Oct  3 03:42:21 UTC 2019
RC 0
-rw-r--r--. 1 centos centos 1000000000 Oct  3 03:42 1G_37.dat
Thu Oct  3 03:42:27 UTC 2019
