/dev/shm/user_slot7
Thu Oct  3 03:43:21 UTC 2019
Job 136
Fetching https://exaeastp8.blob.core.windows.net/exa-east/testa/data/1G_136.dat
Thu Oct  3 03:43:21 UTC 2019
RC 0
-rw-r--r--. 1 centos centos 1000000000 Oct  3 03:43 1G_136.dat
Thu Oct  3 03:43:26 UTC 2019
RC 0
-rw-r--r--. 1 centos centos 1000000000 Oct  3 03:43 1G_136.dat
Thu Oct  3 03:43:32 UTC 2019
RC 0
-rw-r--r--. 1 centos centos 1000000000 Oct  3 03:43 1G_136.dat
--- Mid run ---
Thu Oct  3 03:43:38 UTC 2019
RC 0
-rw-r--r--. 1 centos centos 1000000000 Oct  3 03:43 1G_136.dat
=== Mid run end ===
Thu Oct  3 03:43:43 UTC 2019
RC 0
-rw-r--r--. 1 centos centos 1000000000 Oct  3 03:43 1G_136.dat
Thu Oct  3 03:43:48 UTC 2019
RC 0
-rw-r--r--. 1 centos centos 1000000000 Oct  3 03:43 1G_136.dat
Thu Oct  3 03:43:53 UTC 2019
