/dev/shm/user_slot1
Thu Oct  3 03:41:43 UTC 2019
Job 13
Fetching https://exaeastpd.blob.core.windows.net/exa-east/testb/data/1G_13.dat
Thu Oct  3 03:41:43 UTC 2019
RC 0
-rw-r--r--. 1 centos centos 1000000000 Oct  3 03:41 1G_13.dat
Thu Oct  3 03:41:47 UTC 2019
RC 0
-rw-r--r--. 1 centos centos 1000000000 Oct  3 03:41 1G_13.dat
Thu Oct  3 03:41:51 UTC 2019
RC 0
-rw-r--r--. 1 centos centos 1000000000 Oct  3 03:41 1G_13.dat
--- Mid run ---
Thu Oct  3 03:41:55 UTC 2019
RC 0
-rw-r--r--. 1 centos centos 1000000000 Oct  3 03:42 1G_13.dat
=== Mid run end ===
Thu Oct  3 03:42:03 UTC 2019
RC 0
-rw-r--r--. 1 centos centos 1000000000 Oct  3 03:42 1G_13.dat
Thu Oct  3 03:42:10 UTC 2019
RC 0
-rw-r--r--. 1 centos centos 1000000000 Oct  3 03:42 1G_13.dat
Thu Oct  3 03:42:16 UTC 2019
