/dev/shm/user_slot6
Thu Oct  3 03:41:55 UTC 2019
Job 127
Fetching https://exaeastpf.blob.core.windows.net/exa-east/testb/data/1G_127.dat
Thu Oct  3 03:41:55 UTC 2019
RC 0
-rw-r--r--. 1 centos centos 1000000000 Oct  3 03:42 1G_127.dat
Thu Oct  3 03:42:03 UTC 2019
RC 0
-rw-r--r--. 1 centos centos 1000000000 Oct  3 03:42 1G_127.dat
Thu Oct  3 03:42:11 UTC 2019
RC 0
-rw-r--r--. 1 centos centos 1000000000 Oct  3 03:42 1G_127.dat
--- Mid run ---
Thu Oct  3 03:42:18 UTC 2019
RC 0
-rw-r--r--. 1 centos centos 1000000000 Oct  3 03:42 1G_127.dat
=== Mid run end ===
Thu Oct  3 03:42:23 UTC 2019
RC 0
-rw-r--r--. 1 centos centos 1000000000 Oct  3 03:42 1G_127.dat
Thu Oct  3 03:42:30 UTC 2019
RC 0
-rw-r--r--. 1 centos centos 1000000000 Oct  3 03:42 1G_127.dat
Thu Oct  3 03:42:37 UTC 2019
