/dev/shm/user_slot3
Thu Oct  3 03:41:53 UTC 2019
Job 43
Fetching https://exaeastpb.blob.core.windows.net/exa-east/testb/data/1G_43.dat
Thu Oct  3 03:41:53 UTC 2019
RC 0
-rw-r--r--. 1 centos centos 1000000000 Oct  3 03:41 1G_43.dat
Thu Oct  3 03:41:57 UTC 2019
RC 0
-rw-r--r--. 1 centos centos 1000000000 Oct  3 03:42 1G_43.dat
Thu Oct  3 03:42:05 UTC 2019
RC 0
-rw-r--r--. 1 centos centos 1000000000 Oct  3 03:42 1G_43.dat
--- Mid run ---
Thu Oct  3 03:42:13 UTC 2019
RC 0
-rw-r--r--. 1 centos centos 1000000000 Oct  3 03:42 1G_43.dat
=== Mid run end ===
Thu Oct  3 03:42:22 UTC 2019
RC 0
-rw-r--r--. 1 centos centos 1000000000 Oct  3 03:42 1G_43.dat
Thu Oct  3 03:42:31 UTC 2019
RC 0
-rw-r--r--. 1 centos centos 1000000000 Oct  3 03:42 1G_43.dat
Thu Oct  3 03:42:37 UTC 2019
