/dev/shm/user_slot6
Thu Oct  3 03:41:55 UTC 2019
Job 112
Fetching https://exaeastp0.blob.core.windows.net/exa-east/testb/data/1G_112.dat
Thu Oct  3 03:41:55 UTC 2019
RC 0
-rw-r--r--. 1 centos centos 1000000000 Oct  3 03:42 1G_112.dat
Thu Oct  3 03:42:02 UTC 2019
RC 0
-rw-r--r--. 1 centos centos 1000000000 Oct  3 03:42 1G_112.dat
Thu Oct  3 03:42:09 UTC 2019
RC 0
-rw-r--r--. 1 centos centos 1000000000 Oct  3 03:42 1G_112.dat
--- Mid run ---
Thu Oct  3 03:42:15 UTC 2019
RC 0
-rw-r--r--. 1 centos centos 1000000000 Oct  3 03:42 1G_112.dat
=== Mid run end ===
Thu Oct  3 03:42:23 UTC 2019
RC 0
-rw-r--r--. 1 centos centos 1000000000 Oct  3 03:42 1G_112.dat
Thu Oct  3 03:42:29 UTC 2019
RC 0
-rw-r--r--. 1 centos centos 1000000000 Oct  3 03:42 1G_112.dat
Thu Oct  3 03:42:36 UTC 2019
