/dev/shm/user_slot8
Thu Oct  3 03:41:55 UTC 2019
Job 155
Fetching https://exaeastpb.blob.core.windows.net/exa-east/testa/data/1G_155.dat
Thu Oct  3 03:41:55 UTC 2019
RC 0
-rw-r--r--. 1 centos centos 1000000000 Oct  3 03:42 1G_155.dat
Thu Oct  3 03:42:03 UTC 2019
RC 0
-rw-r--r--. 1 centos centos 1000000000 Oct  3 03:42 1G_155.dat
Thu Oct  3 03:42:08 UTC 2019
RC 0
-rw-r--r--. 1 centos centos 1000000000 Oct  3 03:42 1G_155.dat
--- Mid run ---
Thu Oct  3 03:42:14 UTC 2019
RC 0
-rw-r--r--. 1 centos centos 1000000000 Oct  3 03:42 1G_155.dat
=== Mid run end ===
Thu Oct  3 03:42:20 UTC 2019
RC 0
-rw-r--r--. 1 centos centos 1000000000 Oct  3 03:42 1G_155.dat
Thu Oct  3 03:42:26 UTC 2019
RC 0
-rw-r--r--. 1 centos centos 1000000000 Oct  3 03:42 1G_155.dat
Thu Oct  3 03:42:32 UTC 2019
