/dev/shm/user_slot6
Thu Oct  3 03:41:55 UTC 2019
Job 114
Fetching https://exaeastp2.blob.core.windows.net/exa-east/testb/data/1G_114.dat
Thu Oct  3 03:41:55 UTC 2019
RC 0
-rw-r--r--. 1 centos centos 1000000000 Oct  3 03:42 1G_114.dat
Thu Oct  3 03:42:01 UTC 2019
RC 0
-rw-r--r--. 1 centos centos 1000000000 Oct  3 03:42 1G_114.dat
Thu Oct  3 03:42:07 UTC 2019
RC 0
-rw-r--r--. 1 centos centos 1000000000 Oct  3 03:42 1G_114.dat
--- Mid run ---
Thu Oct  3 03:42:14 UTC 2019
RC 0
-rw-r--r--. 1 centos centos 1000000000 Oct  3 03:42 1G_114.dat
=== Mid run end ===
Thu Oct  3 03:42:21 UTC 2019
RC 0
-rw-r--r--. 1 centos centos 1000000000 Oct  3 03:42 1G_114.dat
Thu Oct  3 03:42:28 UTC 2019
RC 0
-rw-r--r--. 1 centos centos 1000000000 Oct  3 03:42 1G_114.dat
Thu Oct  3 03:42:32 UTC 2019
