/dev/shm/user_slot10
Wed Oct 23 23:13:08 UTC 2019
Job 101
Fetching 1G.dat from /base_5/test./data/1G_101.dat
Wed Oct 23 23:13:08 UTC 2019
INFO: Downloaded https://storage.googleapis.com/exa-us-west-1/b_data/base_5/testa/data/1G_101.dat into /dev/shm/user_slot10/1G_101.dat
RC 0
-rw-r--r--. 1 centos centos 1000000000 Oct 23 23:13 1G_101.dat
--- Mid run ---
Wed Oct 23 23:13:20 UTC 2019
INFO: Downloaded https://storage.googleapis.com/exa-us-west-1/b_data/base_5/testa/data/1G_101.dat into /dev/shm/user_slot10/1G_101.dat
RC 0
-rw-r--r--. 1 centos centos 1000000000 Oct 23 23:13 1G_101.dat
=== Mid run end ===
Wed Oct 23 23:13:26 UTC 2019
INFO: Downloaded https://storage.googleapis.com/exa-us-west-1/b_data/base_5/testa/data/1G_101.dat into /dev/shm/user_slot10/1G_101.dat
RC 0
-rw-r--r--. 1 centos centos 1000000000 Oct 23 23:13 1G_101.dat
Wed Oct 23 23:13:32 UTC 2019
INFO: Downloaded https://storage.googleapis.com/exa-us-west-1/b_data/base_5/testa/data/1G_101.dat into /dev/shm/user_slot10/1G_101.dat
RC 0
-rw-r--r--. 1 centos centos 1000000000 Oct 23 23:13 1G_101.dat
Wed Oct 23 23:13:37 UTC 2019
