/dev/shm/user_slot12
Wed Oct 23 23:13:02 UTC 2019
Job 15
Fetching 1G.dat from /base_f/test./data/1G_15.dat
Wed Oct 23 23:13:02 UTC 2019
INFO: Downloaded https://storage.googleapis.com/exa-us-west-1/f_data/base_f/testm/data/1G_15.dat into /dev/shm/user_slot12/1G_15.dat
RC 0
-rw-r--r--. 1 centos centos 1000000000 Oct 23 23:13 1G_15.dat
--- Mid run ---
Wed Oct 23 23:13:09 UTC 2019
INFO: Downloaded https://storage.googleapis.com/exa-us-west-1/f_data/base_f/testm/data/1G_15.dat into /dev/shm/user_slot12/1G_15.dat
RC 0
-rw-r--r--. 1 centos centos 1000000000 Oct 23 23:13 1G_15.dat
=== Mid run end ===
Wed Oct 23 23:13:15 UTC 2019
INFO: Downloaded https://storage.googleapis.com/exa-us-west-1/f_data/base_f/testm/data/1G_15.dat into /dev/shm/user_slot12/1G_15.dat
RC 0
-rw-r--r--. 1 centos centos 1000000000 Oct 23 23:13 1G_15.dat
Wed Oct 23 23:13:20 UTC 2019
INFO: Downloaded https://storage.googleapis.com/exa-us-west-1/f_data/base_f/testm/data/1G_15.dat into /dev/shm/user_slot12/1G_15.dat
RC 0
-rw-r--r--. 1 centos centos 1000000000 Oct 23 23:13 1G_15.dat
Wed Oct 23 23:13:26 UTC 2019
