/dev/shm/user_slot16
Wed Oct 23 23:13:03 UTC 2019
Job 44
Fetching 1G.dat from /base_c/test./data/1G_44.dat
Wed Oct 23 23:13:03 UTC 2019
INFO: Downloaded https://storage.googleapis.com/exa-us-west-1/e_data/base_c/testm/data/1G_44.dat into /dev/shm/user_slot16/1G_44.dat
RC 0
-rw-r--r--. 1 centos centos 1000000000 Oct 23 23:13 1G_44.dat
--- Mid run ---
Wed Oct 23 23:13:17 UTC 2019
INFO: Downloaded https://storage.googleapis.com/exa-us-west-1/e_data/base_c/testm/data/1G_44.dat into /dev/shm/user_slot16/1G_44.dat
RC 0
-rw-r--r--. 1 centos centos 1000000000 Oct 23 23:13 1G_44.dat
=== Mid run end ===
Wed Oct 23 23:13:27 UTC 2019
INFO: Downloaded https://storage.googleapis.com/exa-us-west-1/e_data/base_c/testm/data/1G_44.dat into /dev/shm/user_slot16/1G_44.dat
RC 0
-rw-r--r--. 1 centos centos 1000000000 Oct 23 23:13 1G_44.dat
Wed Oct 23 23:13:33 UTC 2019
INFO: Downloaded https://storage.googleapis.com/exa-us-west-1/e_data/base_c/testm/data/1G_44.dat into /dev/shm/user_slot16/1G_44.dat
RC 0
-rw-r--r--. 1 centos centos 1000000000 Oct 23 23:13 1G_44.dat
Wed Oct 23 23:13:38 UTC 2019
