/dev/shm/user_slot16
Wed Oct 23 23:13:02 UTC 2019
Job 28
Fetching 1G.dat from /base_c/test./data/1G_28.dat
Wed Oct 23 23:13:02 UTC 2019
INFO: Downloaded https://storage.googleapis.com/exa-us-west-1/8_data/base_c/testm/data/1G_28.dat into /dev/shm/user_slot16/1G_28.dat
RC 0
-rw-r--r--. 1 centos centos 1000000000 Oct 23 23:13 1G_28.dat
--- Mid run ---
Wed Oct 23 23:13:23 UTC 2019
INFO: Downloaded https://storage.googleapis.com/exa-us-west-1/8_data/base_c/testm/data/1G_28.dat into /dev/shm/user_slot16/1G_28.dat
RC 0
-rw-r--r--. 1 centos centos 1000000000 Oct 23 23:13 1G_28.dat
=== Mid run end ===
Wed Oct 23 23:13:33 UTC 2019
INFO: Downloaded https://storage.googleapis.com/exa-us-west-1/8_data/base_c/testm/data/1G_28.dat into /dev/shm/user_slot16/1G_28.dat
RC 0
-rw-r--r--. 1 centos centos 1000000000 Oct 23 23:13 1G_28.dat
Wed Oct 23 23:13:41 UTC 2019
INFO: Downloaded https://storage.googleapis.com/exa-us-west-1/8_data/base_c/testm/data/1G_28.dat into /dev/shm/user_slot16/1G_28.dat
RC 0
-rw-r--r--. 1 centos centos 1000000000 Oct 23 23:13 1G_28.dat
Wed Oct 23 23:13:47 UTC 2019
