/dev/shm/user_slot6
Wed Oct 23 22:45:56 UTC 2019
Job 242
Fetching 1G.dat from /base_2/test./data/1G_242.dat
Wed Oct 23 22:45:56 UTC 2019
INFO: Downloaded https://storage.googleapis.com/exa-us-west-1/f_data/base_2/testb/data/1G_242.dat into /dev/shm/user_slot6/1G_242.dat
RC 0
-rw-r--r--. 1 centos centos 1000000000 Oct 23 22:46 1G_242.dat
--- Mid run ---
Wed Oct 23 22:46:08 UTC 2019
INFO: Downloaded https://storage.googleapis.com/exa-us-west-1/f_data/base_2/testb/data/1G_242.dat into /dev/shm/user_slot6/1G_242.dat
RC 0
-rw-r--r--. 1 centos centos 1000000000 Oct 23 22:46 1G_242.dat
=== Mid run end ===
Wed Oct 23 22:46:13 UTC 2019
INFO: Downloaded https://storage.googleapis.com/exa-us-west-1/f_data/base_2/testb/data/1G_242.dat into /dev/shm/user_slot6/1G_242.dat
RC 0
-rw-r--r--. 1 centos centos 1000000000 Oct 23 22:46 1G_242.dat
Wed Oct 23 22:46:19 UTC 2019
INFO: Downloaded https://storage.googleapis.com/exa-us-west-1/f_data/base_2/testb/data/1G_242.dat into /dev/shm/user_slot6/1G_242.dat
RC 0
-rw-r--r--. 1 centos centos 1000000000 Oct 23 22:46 1G_242.dat
Wed Oct 23 22:46:25 UTC 2019
