/dev/shm/user_slot4
Wed Oct 23 22:45:54 UTC 2019
Job 201
Fetching 1G.dat from /base_9/test./data/1G_201.dat
Wed Oct 23 22:45:54 UTC 2019
INFO: Downloaded https://storage.googleapis.com/exa-us-west-1/8_data/base_9/testa/data/1G_201.dat into /dev/shm/user_slot4/1G_201.dat
RC 0
-rw-r--r--. 1 centos centos 1000000000 Oct 23 22:46 1G_201.dat
--- Mid run ---
Wed Oct 23 22:46:07 UTC 2019
INFO: Downloaded https://storage.googleapis.com/exa-us-west-1/8_data/base_9/testa/data/1G_201.dat into /dev/shm/user_slot4/1G_201.dat
RC 0
-rw-r--r--. 1 centos centos 1000000000 Oct 23 22:46 1G_201.dat
=== Mid run end ===
Wed Oct 23 22:46:13 UTC 2019
INFO: Downloaded https://storage.googleapis.com/exa-us-west-1/8_data/base_9/testa/data/1G_201.dat into /dev/shm/user_slot4/1G_201.dat
RC 0
-rw-r--r--. 1 centos centos 1000000000 Oct 23 22:46 1G_201.dat
Wed Oct 23 22:46:18 UTC 2019
INFO: Downloaded https://storage.googleapis.com/exa-us-west-1/8_data/base_9/testa/data/1G_201.dat into /dev/shm/user_slot4/1G_201.dat
RC 0
-rw-r--r--. 1 centos centos 1000000000 Oct 23 22:46 1G_201.dat
Wed Oct 23 22:46:23 UTC 2019
