/dev/shm/user_slot12
Wed Oct 23 22:45:55 UTC 2019
Job 226
Fetching 1G.dat from /base_2/test./data/1G_226.dat
Wed Oct 23 22:45:55 UTC 2019
INFO: Downloaded https://storage.googleapis.com/exa-us-west-1/1_data/base_2/testb/data/1G_226.dat into /dev/shm/user_slot12/1G_226.dat
RC 0
-rw-r--r--. 1 centos centos 1000000000 Oct 23 22:46 1G_226.dat
--- Mid run ---
Wed Oct 23 22:46:12 UTC 2019
INFO: Downloaded https://storage.googleapis.com/exa-us-west-1/1_data/base_2/testb/data/1G_226.dat into /dev/shm/user_slot12/1G_226.dat
RC 0
-rw-r--r--. 1 centos centos 1000000000 Oct 23 22:46 1G_226.dat
=== Mid run end ===
Wed Oct 23 22:46:18 UTC 2019
INFO: Downloaded https://storage.googleapis.com/exa-us-west-1/1_data/base_2/testb/data/1G_226.dat into /dev/shm/user_slot12/1G_226.dat
RC 0
-rw-r--r--. 1 centos centos 1000000000 Oct 23 22:46 1G_226.dat
Wed Oct 23 22:46:24 UTC 2019
INFO: Downloaded https://storage.googleapis.com/exa-us-west-1/1_data/base_2/testb/data/1G_226.dat into /dev/shm/user_slot12/1G_226.dat
RC 0
-rw-r--r--. 1 centos centos 1000000000 Oct 23 22:46 1G_226.dat
Wed Oct 23 22:46:28 UTC 2019
