/dev/shm/user_slot1
Wed Oct 23 22:45:46 UTC 2019
Job 74
Fetching 1G.dat from /base_a/test./data/1G_74.dat
Wed Oct 23 22:45:46 UTC 2019
INFO: Downloaded https://storage.googleapis.com/exa-us-west-1/8_data/base_a/testb/data/1G_74.dat into /dev/shm/user_slot1/1G_74.dat
RC 0
-rw-r--r--. 1 centos centos 1000000000 Oct 23 22:46 1G_74.dat
--- Mid run ---
Wed Oct 23 22:46:01 UTC 2019
INFO: Downloaded https://storage.googleapis.com/exa-us-west-1/8_data/base_a/testb/data/1G_74.dat into /dev/shm/user_slot1/1G_74.dat
RC 0
-rw-r--r--. 1 centos centos 1000000000 Oct 23 22:46 1G_74.dat
=== Mid run end ===
Wed Oct 23 22:46:08 UTC 2019
INFO: Downloaded https://storage.googleapis.com/exa-us-west-1/8_data/base_a/testb/data/1G_74.dat into /dev/shm/user_slot1/1G_74.dat
RC 0
-rw-r--r--. 1 centos centos 1000000000 Oct 23 22:46 1G_74.dat
Wed Oct 23 22:46:14 UTC 2019
INFO: Downloaded https://storage.googleapis.com/exa-us-west-1/8_data/base_a/testb/data/1G_74.dat into /dev/shm/user_slot1/1G_74.dat
RC 0
-rw-r--r--. 1 centos centos 1000000000 Oct 23 22:46 1G_74.dat
Wed Oct 23 22:46:19 UTC 2019
