/dev/shm/user_slot2
Wed Oct 23 22:45:55 UTC 2019
Job 222
Fetching 1G.dat from /base_e/test./data/1G_222.dat
Wed Oct 23 22:45:55 UTC 2019
INFO: Downloaded https://storage.googleapis.com/exa-us-west-1/1_data/base_e/testm/data/1G_222.dat into /dev/shm/user_slot2/1G_222.dat
RC 0
-rw-r--r--. 1 centos centos 1000000000 Oct 23 22:46 1G_222.dat
--- Mid run ---
Wed Oct 23 22:46:16 UTC 2019
INFO: Downloaded https://storage.googleapis.com/exa-us-west-1/1_data/base_e/testm/data/1G_222.dat into /dev/shm/user_slot2/1G_222.dat
RC 0
-rw-r--r--. 1 centos centos 1000000000 Oct 23 22:46 1G_222.dat
=== Mid run end ===
Wed Oct 23 22:46:32 UTC 2019
INFO: Downloaded https://storage.googleapis.com/exa-us-west-1/1_data/base_e/testm/data/1G_222.dat into /dev/shm/user_slot2/1G_222.dat
RC 0
-rw-r--r--. 1 centos centos 1000000000 Oct 23 22:46 1G_222.dat
Wed Oct 23 22:46:38 UTC 2019
INFO: Downloaded https://storage.googleapis.com/exa-us-west-1/1_data/base_e/testm/data/1G_222.dat into /dev/shm/user_slot2/1G_222.dat
RC 0
-rw-r--r--. 1 centos centos 1000000000 Oct 23 22:46 1G_222.dat
Wed Oct 23 22:46:44 UTC 2019
