/dev/shm/user_slot8
Wed Oct 23 22:45:56 UTC 2019
Job 255
Fetching 1G.dat from /base_f/test./data/1G_255.dat
Wed Oct 23 22:45:57 UTC 2019
INFO: Downloaded https://storage.googleapis.com/exa-us-west-1/d_data/base_f/testb/data/1G_255.dat into /dev/shm/user_slot8/1G_255.dat
RC 0
-rw-r--r--. 1 centos centos 1000000000 Oct 23 22:46 1G_255.dat
--- Mid run ---
Wed Oct 23 22:46:12 UTC 2019
INFO: Downloaded https://storage.googleapis.com/exa-us-west-1/d_data/base_f/testb/data/1G_255.dat into /dev/shm/user_slot8/1G_255.dat
RC 0
-rw-r--r--. 1 centos centos 1000000000 Oct 23 22:46 1G_255.dat
=== Mid run end ===
Wed Oct 23 22:46:19 UTC 2019
INFO: Downloaded https://storage.googleapis.com/exa-us-west-1/d_data/base_f/testb/data/1G_255.dat into /dev/shm/user_slot8/1G_255.dat
RC 0
-rw-r--r--. 1 centos centos 1000000000 Oct 23 22:46 1G_255.dat
Wed Oct 23 22:46:25 UTC 2019
INFO: Downloaded https://storage.googleapis.com/exa-us-west-1/d_data/base_f/testb/data/1G_255.dat into /dev/shm/user_slot8/1G_255.dat
RC 0
-rw-r--r--. 1 centos centos 1000000000 Oct 23 22:46 1G_255.dat
Wed Oct 23 22:46:32 UTC 2019
