/dev/shm/user_slot1
Wed Oct 23 22:45:48 UTC 2019
Job 94
Fetching 1G.dat from /base_e/test./data/1G_94.dat
Wed Oct 23 22:45:48 UTC 2019
INFO: Downloaded https://storage.googleapis.com/exa-us-west-1/1_data/base_e/testm/data/1G_94.dat into /dev/shm/user_slot1/1G_94.dat
RC 0
-rw-r--r--. 1 centos centos 1000000000 Oct 23 22:46 1G_94.dat
--- Mid run ---
Wed Oct 23 22:46:02 UTC 2019
INFO: Downloaded https://storage.googleapis.com/exa-us-west-1/1_data/base_e/testm/data/1G_94.dat into /dev/shm/user_slot1/1G_94.dat
RC 0
-rw-r--r--. 1 centos centos 1000000000 Oct 23 22:46 1G_94.dat
=== Mid run end ===
Wed Oct 23 22:46:09 UTC 2019
INFO: Downloaded https://storage.googleapis.com/exa-us-west-1/1_data/base_e/testm/data/1G_94.dat into /dev/shm/user_slot1/1G_94.dat
RC 0
-rw-r--r--. 1 centos centos 1000000000 Oct 23 22:46 1G_94.dat
Wed Oct 23 22:46:15 UTC 2019
INFO: Downloaded https://storage.googleapis.com/exa-us-west-1/1_data/base_e/testm/data/1G_94.dat into /dev/shm/user_slot1/1G_94.dat
RC 0
-rw-r--r--. 1 centos centos 1000000000 Oct 23 22:46 1G_94.dat
Wed Oct 23 22:46:20 UTC 2019
