/dev/shm/user_slot11
Wed Oct 23 22:45:56 UTC 2019
Job 241
Fetching 1G.dat from /base_1/test./data/1G_241.dat
Wed Oct 23 22:45:56 UTC 2019
INFO: Downloaded https://storage.googleapis.com/exa-us-west-1/c_data/base_1/testa/data/1G_241.dat into /dev/shm/user_slot11/1G_241.dat
RC 0
-rw-r--r--. 1 centos centos 1000000000 Oct 23 22:46 1G_241.dat
--- Mid run ---
Wed Oct 23 22:46:07 UTC 2019
INFO: Downloaded https://storage.googleapis.com/exa-us-west-1/c_data/base_1/testa/data/1G_241.dat into /dev/shm/user_slot11/1G_241.dat
RC 0
-rw-r--r--. 1 centos centos 1000000000 Oct 23 22:46 1G_241.dat
=== Mid run end ===
Wed Oct 23 22:46:13 UTC 2019
INFO: Downloaded https://storage.googleapis.com/exa-us-west-1/c_data/base_1/testa/data/1G_241.dat into /dev/shm/user_slot11/1G_241.dat
RC 0
-rw-r--r--. 1 centos centos 1000000000 Oct 23 22:46 1G_241.dat
Wed Oct 23 22:46:20 UTC 2019
INFO: Downloaded https://storage.googleapis.com/exa-us-west-1/c_data/base_1/testa/data/1G_241.dat into /dev/shm/user_slot11/1G_241.dat
RC 0
-rw-r--r--. 1 centos centos 1000000000 Oct 23 22:46 1G_241.dat
Wed Oct 23 22:46:25 UTC 2019
