/dev/shm
Tue Oct  1 16:04:10 UTC 2019
Job 117
Fetching https://prp-test-us-east1.S3.amazonaws.com/5_testm/data/1G_117.dat
Tue Oct  1 16:04:10 UTC 2019
RC 0
-rw-r--r--. 1 centos centos 1000000000 Oct  1 16:04 1G_117.dat
Tue Oct  1 16:04:17 UTC 2019
RC 0
-rw-r--r--. 1 centos centos 1000000000 Oct  1 16:04 1G_117.dat
Tue Oct  1 16:04:26 UTC 2019
RC 0
-rw-r--r--. 1 centos centos 1000000000 Oct  1 16:04 1G_117.dat
--- Mid run ---
Tue Oct  1 16:04:33 UTC 2019
RC 0
-rw-r--r--. 1 centos centos 1000000000 Oct  1 16:04 1G_117.dat
=== Mid run end ===
Tue Oct  1 16:04:42 UTC 2019
RC 0
-rw-r--r--. 1 centos centos 1000000000 Oct  1 16:04 1G_117.dat
Tue Oct  1 16:04:50 UTC 2019
RC 0
-rw-r--r--. 1 centos centos 1000000000 Oct  1 16:04 1G_117.dat
Tue Oct  1 16:04:54 UTC 2019
RC 0
-rw-r--r--. 1 centos centos 1000000000 Oct  1 16:04 1G_117.dat
Tue Oct  1 16:04:57 UTC 2019
RC 0
-rw-r--r--. 1 centos centos 1000000000 Oct  1 16:05 1G_117.dat
Tue Oct  1 16:05:01 UTC 2019
