/dev/shm
Tue Oct  1 16:04:16 UTC 2019
Job 139
Fetching https://prp-test-us-east1.S3.amazonaws.com/b_testm/data/1G_139.dat
Tue Oct  1 16:04:16 UTC 2019
RC 0
-rw-r--r--. 1 centos centos 1000000000 Oct  1 16:04 1G_139.dat
Tue Oct  1 16:04:22 UTC 2019
RC 0
-rw-r--r--. 1 centos centos 1000000000 Oct  1 16:04 1G_139.dat
Tue Oct  1 16:04:34 UTC 2019
RC 0
-rw-r--r--. 1 centos centos 1000000000 Oct  1 16:04 1G_139.dat
--- Mid run ---
Tue Oct  1 16:04:43 UTC 2019
RC 0
-rw-r--r--. 1 centos centos 1000000000 Oct  1 16:04 1G_139.dat
=== Mid run end ===
Tue Oct  1 16:04:49 UTC 2019
RC 0
-rw-r--r--. 1 centos centos 1000000000 Oct  1 16:04 1G_139.dat
Tue Oct  1 16:04:53 UTC 2019
RC 0
-rw-r--r--. 1 centos centos 1000000000 Oct  1 16:04 1G_139.dat
Tue Oct  1 16:04:56 UTC 2019
RC 0
-rw-r--r--. 1 centos centos 1000000000 Oct  1 16:04 1G_139.dat
Tue Oct  1 16:04:59 UTC 2019
RC 0
-rw-r--r--. 1 centos centos 1000000000 Oct  1 16:05 1G_139.dat
Tue Oct  1 16:05:03 UTC 2019
