/dev/shm
Tue Oct  1 15:50:23 UTC 2019
Job 124
Fetching https://prp-test-us-east1.S3.amazonaws.com/c_testa/data/1G_124.dat
Tue Oct  1 15:50:23 UTC 2019
RC 0
-rw-r--r--. 1 centos centos 1000000000 Oct  1 15:50 1G_124.dat
Tue Oct  1 15:50:29 UTC 2019
RC 0
-rw-r--r--. 1 centos centos 1000000000 Oct  1 15:50 1G_124.dat
Tue Oct  1 15:50:35 UTC 2019
RC 0
-rw-r--r--. 1 centos centos 1000000000 Oct  1 15:50 1G_124.dat
--- Mid run ---
Tue Oct  1 15:50:40 UTC 2019
RC 0
-rw-r--r--. 1 centos centos 1000000000 Oct  1 15:50 1G_124.dat
=== Mid run end ===
Tue Oct  1 15:50:46 UTC 2019
RC 0
-rw-r--r--. 1 centos centos 1000000000 Oct  1 15:50 1G_124.dat
Tue Oct  1 15:50:51 UTC 2019
RC 0
-rw-r--r--. 1 centos centos 1000000000 Oct  1 15:50 1G_124.dat
Tue Oct  1 15:50:56 UTC 2019
RC 0
-rw-r--r--. 1 centos centos 1000000000 Oct  1 15:51 1G_124.dat
Tue Oct  1 15:51:01 UTC 2019
RC 0
-rw-r--r--. 1 centos centos 1000000000 Oct  1 15:51 1G_124.dat
Tue Oct  1 15:51:06 UTC 2019
