/dev/shm
Tue Oct  1 15:50:24 UTC 2019
Job 137
Fetching https://prp-test-us-east1.S3.amazonaws.com/9_testm/data/1G_137.dat
Tue Oct  1 15:50:24 UTC 2019
RC 0
-rw-r--r--. 1 centos centos 1000000000 Oct  1 15:50 1G_137.dat
Tue Oct  1 15:50:31 UTC 2019
RC 0
-rw-r--r--. 1 centos centos 1000000000 Oct  1 15:50 1G_137.dat
Tue Oct  1 15:50:39 UTC 2019
RC 0
-rw-r--r--. 1 centos centos 1000000000 Oct  1 15:50 1G_137.dat
--- Mid run ---
Tue Oct  1 15:50:46 UTC 2019
RC 0
-rw-r--r--. 1 centos centos 1000000000 Oct  1 15:50 1G_137.dat
=== Mid run end ===
Tue Oct  1 15:50:57 UTC 2019
RC 0
-rw-r--r--. 1 centos centos 1000000000 Oct  1 15:51 1G_137.dat
Tue Oct  1 15:51:01 UTC 2019
RC 0
-rw-r--r--. 1 centos centos 1000000000 Oct  1 15:51 1G_137.dat
Tue Oct  1 15:51:04 UTC 2019
RC 0
-rw-r--r--. 1 centos centos 1000000000 Oct  1 15:51 1G_137.dat
Tue Oct  1 15:51:08 UTC 2019
RC 0
-rw-r--r--. 1 centos centos 1000000000 Oct  1 15:51 1G_137.dat
Tue Oct  1 15:51:10 UTC 2019
