/dev/shm
Tue Oct  1 16:04:16 UTC 2019
Job 136
Fetching https://prp-test-us-east1.S3.amazonaws.com/8_testm/data/1G_136.dat
Tue Oct  1 16:04:16 UTC 2019
RC 0
-rw-r--r--. 1 centos centos 1000000000 Oct  1 16:04 1G_136.dat
Tue Oct  1 16:04:22 UTC 2019
RC 0
-rw-r--r--. 1 centos centos 1000000000 Oct  1 16:04 1G_136.dat
Tue Oct  1 16:04:28 UTC 2019
RC 0
-rw-r--r--. 1 centos centos 1000000000 Oct  1 16:04 1G_136.dat
--- Mid run ---
Tue Oct  1 16:04:36 UTC 2019
RC 0
-rw-r--r--. 1 centos centos 1000000000 Oct  1 16:04 1G_136.dat
=== Mid run end ===
Tue Oct  1 16:04:41 UTC 2019
RC 0
-rw-r--r--. 1 centos centos 1000000000 Oct  1 16:04 1G_136.dat
Tue Oct  1 16:04:47 UTC 2019
RC 0
-rw-r--r--. 1 centos centos 1000000000 Oct  1 16:04 1G_136.dat
Tue Oct  1 16:04:52 UTC 2019
RC 0
-rw-r--r--. 1 centos centos 1000000000 Oct  1 16:04 1G_136.dat
Tue Oct  1 16:04:56 UTC 2019
RC 0
-rw-r--r--. 1 centos centos 1000000000 Oct  1 16:05 1G_136.dat
Tue Oct  1 16:05:00 UTC 2019
