/dev/shm
Tue Oct  1 15:50:11 UTC 2019
Job 42
Fetching https://prp-test-us-east1.S3.amazonaws.com/a_testb/data/1G_42.dat
Tue Oct  1 15:50:11 UTC 2019
RC 0
-rw-r--r--. 1 centos centos 1000000000 Oct  1 15:50 1G_42.dat
Tue Oct  1 15:50:15 UTC 2019
RC 0
-rw-r--r--. 1 centos centos 1000000000 Oct  1 15:50 1G_42.dat
Tue Oct  1 15:50:19 UTC 2019
RC 0
-rw-r--r--. 1 centos centos 1000000000 Oct  1 15:50 1G_42.dat
--- Mid run ---
Tue Oct  1 15:50:23 UTC 2019
RC 0
-rw-r--r--. 1 centos centos 1000000000 Oct  1 15:50 1G_42.dat
=== Mid run end ===
Tue Oct  1 15:50:28 UTC 2019
RC 0
-rw-r--r--. 1 centos centos 1000000000 Oct  1 15:50 1G_42.dat
Tue Oct  1 15:50:33 UTC 2019
RC 0
-rw-r--r--. 1 centos centos 1000000000 Oct  1 15:50 1G_42.dat
Tue Oct  1 15:50:37 UTC 2019
RC 0
-rw-r--r--. 1 centos centos 1000000000 Oct  1 15:50 1G_42.dat
Tue Oct  1 15:50:42 UTC 2019
RC 0
-rw-r--r--. 1 centos centos 1000000000 Oct  1 15:50 1G_42.dat
Tue Oct  1 15:50:47 UTC 2019
