/dev/shm
Tue Oct  1 15:50:10 UTC 2019
Job 11
Fetching https://prp-test-us-east1.S3.amazonaws.com/b_testm/data/1G_11.dat
Tue Oct  1 15:50:10 UTC 2019
RC 0
-rw-r--r--. 1 centos centos 1000000000 Oct  1 15:50 1G_11.dat
Tue Oct  1 15:50:13 UTC 2019
RC 0
-rw-r--r--. 1 centos centos 1000000000 Oct  1 15:50 1G_11.dat
Tue Oct  1 15:50:17 UTC 2019
RC 0
-rw-r--r--. 1 centos centos 1000000000 Oct  1 15:50 1G_11.dat
--- Mid run ---
Tue Oct  1 15:50:22 UTC 2019
RC 0
-rw-r--r--. 1 centos centos 1000000000 Oct  1 15:50 1G_11.dat
=== Mid run end ===
Tue Oct  1 15:50:31 UTC 2019
RC 0
-rw-r--r--. 1 centos centos 1000000000 Oct  1 15:50 1G_11.dat
Tue Oct  1 15:50:36 UTC 2019
RC 0
-rw-r--r--. 1 centos centos 1000000000 Oct  1 15:50 1G_11.dat
Tue Oct  1 15:50:43 UTC 2019
RC 0
-rw-r--r--. 1 centos centos 1000000000 Oct  1 15:50 1G_11.dat
Tue Oct  1 15:50:48 UTC 2019
RC 0
-rw-r--r--. 1 centos centos 1000000000 Oct  1 15:50 1G_11.dat
Tue Oct  1 15:50:55 UTC 2019
