/dev/shm
Tue Oct  1 16:04:03 UTC 2019
Job 54
Fetching https://prp-test-us-east1.S3.amazonaws.com/6_testm/data/1G_54.dat
Tue Oct  1 16:04:03 UTC 2019
RC 0
-rw-r--r--. 1 centos centos 1000000000 Oct  1 16:04 1G_54.dat
Tue Oct  1 16:04:07 UTC 2019
RC 0
-rw-r--r--. 1 centos centos 1000000000 Oct  1 16:04 1G_54.dat
Tue Oct  1 16:04:11 UTC 2019
RC 0
-rw-r--r--. 1 centos centos 1000000000 Oct  1 16:04 1G_54.dat
--- Mid run ---
Tue Oct  1 16:04:16 UTC 2019
RC 0
-rw-r--r--. 1 centos centos 1000000000 Oct  1 16:04 1G_54.dat
=== Mid run end ===
Tue Oct  1 16:04:23 UTC 2019
RC 0
-rw-r--r--. 1 centos centos 1000000000 Oct  1 16:04 1G_54.dat
Tue Oct  1 16:04:29 UTC 2019
RC 0
-rw-r--r--. 1 centos centos 1000000000 Oct  1 16:04 1G_54.dat
Tue Oct  1 16:04:34 UTC 2019
RC 0
-rw-r--r--. 1 centos centos 1000000000 Oct  1 16:04 1G_54.dat
Tue Oct  1 16:04:39 UTC 2019
RC 0
-rw-r--r--. 1 centos centos 1000000000 Oct  1 16:04 1G_54.dat
Tue Oct  1 16:04:44 UTC 2019
