/dev/shm
Tue Oct  1 15:50:11 UTC 2019
Job 43
Fetching https://prp-test-us-east1.S3.amazonaws.com/b_testb/data/1G_43.dat
Tue Oct  1 15:50:11 UTC 2019
RC 0
-rw-r--r--. 1 centos centos 1000000000 Oct  1 15:50 1G_43.dat
Tue Oct  1 15:50:15 UTC 2019
RC 0
-rw-r--r--. 1 centos centos 1000000000 Oct  1 15:50 1G_43.dat
Tue Oct  1 15:50:18 UTC 2019
RC 0
-rw-r--r--. 1 centos centos 1000000000 Oct  1 15:50 1G_43.dat
--- Mid run ---
Tue Oct  1 15:50:23 UTC 2019
RC 0
-rw-r--r--. 1 centos centos 1000000000 Oct  1 15:50 1G_43.dat
=== Mid run end ===
Tue Oct  1 15:50:29 UTC 2019
RC 0
-rw-r--r--. 1 centos centos 1000000000 Oct  1 15:50 1G_43.dat
Tue Oct  1 15:50:35 UTC 2019
RC 0
-rw-r--r--. 1 centos centos 1000000000 Oct  1 15:50 1G_43.dat
Tue Oct  1 15:50:39 UTC 2019
RC 0
-rw-r--r--. 1 centos centos 1000000000 Oct  1 15:50 1G_43.dat
Tue Oct  1 15:50:45 UTC 2019
RC 0
-rw-r--r--. 1 centos centos 1000000000 Oct  1 15:50 1G_43.dat
Tue Oct  1 15:50:50 UTC 2019
