/dev/shm
Tue Oct  1 15:50:10 UTC 2019
Job 1
Fetching https://prp-test-us-east1.S3.amazonaws.com/1_testa/data/1G_1.dat
Tue Oct  1 15:50:10 UTC 2019
RC 0
-rw-r--r--. 1 centos centos 1000000000 Oct  1 15:50 1G_1.dat
Tue Oct  1 15:50:13 UTC 2019
RC 0
-rw-r--r--. 1 centos centos 1000000000 Oct  1 15:50 1G_1.dat
Tue Oct  1 15:50:17 UTC 2019
RC 0
-rw-r--r--. 1 centos centos 1000000000 Oct  1 15:50 1G_1.dat
--- Mid run ---
Tue Oct  1 15:50:22 UTC 2019
RC 0
-rw-r--r--. 1 centos centos 1000000000 Oct  1 15:50 1G_1.dat
=== Mid run end ===
Tue Oct  1 15:50:28 UTC 2019
RC 0
-rw-r--r--. 1 centos centos 1000000000 Oct  1 15:50 1G_1.dat
Tue Oct  1 15:50:33 UTC 2019
RC 0
-rw-r--r--. 1 centos centos 1000000000 Oct  1 15:50 1G_1.dat
Tue Oct  1 15:50:39 UTC 2019
RC 0
-rw-r--r--. 1 centos centos 1000000000 Oct  1 15:50 1G_1.dat
Tue Oct  1 15:50:45 UTC 2019
RC 0
-rw-r--r--. 1 centos centos 1000000000 Oct  1 15:50 1G_1.dat
Tue Oct  1 15:50:51 UTC 2019
