/dev/shm
Slot slot6
Fetching 1G_6.dat
Sun Sep 29 00:13:59 UTC 2019
RC 0
-rw-r--r--. 1 centos centos 1048576000 Sep 29 00:14 1G_6.dat
--- Mid run ---
Sun Sep 29 00:14:29 UTC 2019
RC 0
-rw-r--r--. 1 centos centos 1048576000 Sep 29 00:15 1G_6.dat
=== Mid run end ===
Sun Sep 29 00:15:02 UTC 2019
RC 0
-rw-r--r--. 1 centos centos 1048576000 Sep 29 00:15 1G_6.dat
Sun Sep 29 00:15:52 UTC 2019
RC 0
-rw-r--r--. 1 centos centos 1048576000 Sep 29 00:16 1G_6.dat
Sun Sep 29 00:16:56 UTC 2019
RC 0
-rw-r--r--. 1 centos centos 1048576000 Sep 29 00:18 1G_6.dat
Sun Sep 29 00:18:01 UTC 2019
RC 0
-rw-r--r--. 1 centos centos 1048576000 Sep 29 00:19 1G_6.dat
Sun Sep 29 00:19:10 UTC 2019
