/dev/shm
Slot slot1
Fetching 1G_1.dat from osg.chic.nrp.internet2.edu
Wed Oct  2 18:35:00 UTC 2019
RC 0
-rw-r--r--. 1 cuser1 cuser 1048576000 Oct  2 18:35 1G_1.dat
--- Mid run ---
Wed Oct  2 18:35:18 UTC 2019
RC 0
-rw-r--r--. 1 cuser1 cuser 1048576000 Oct  2 18:35 1G_1.dat
=== Mid run end ===
Wed Oct  2 18:35:36 UTC 2019
RC 0
-rw-r--r--. 1 cuser1 cuser 1048576000 Oct  2 18:35 1G_1.dat
Wed Oct  2 18:35:53 UTC 2019
RC 0
-rw-r--r--. 1 cuser1 cuser 1048576000 Oct  2 18:36 1G_1.dat
Wed Oct  2 18:36:10 UTC 2019
RC 0
-rw-r--r--. 1 cuser1 cuser 1048576000 Oct  2 18:36 1G_1.dat
Wed Oct  2 18:36:27 UTC 2019
RC 0
-rw-r--r--. 1 cuser1 cuser 1048576000 Oct  2 18:36 1G_1.dat
Wed Oct  2 18:36:44 UTC 2019
