Wed Sep 25 23:17:43 UTC 2019
Wed Sep 25 23:17:43 UTC 2019

real	0m5.031s
user	0m1.710s
sys	0m2.664s
Wed Sep 25 23:17:48 UTC 2019

real	0m3.933s
user	0m1.504s
sys	0m2.246s
Wed Sep 25 23:17:52 UTC 2019

real	0m4.105s
user	0m1.474s
sys	0m2.337s
--- Mid run ---
Wed Sep 25 23:17:56 UTC 2019

real	0m4.422s
user	0m1.605s
sys	0m2.534s
=== Mid run end ===
Wed Sep 25 23:18:01 UTC 2019

real	0m3.865s
user	0m1.408s
sys	0m2.403s
Wed Sep 25 23:18:05 UTC 2019

real	0m4.127s
user	0m1.470s
sys	0m2.637s
Wed Sep 25 23:18:09 UTC 2019

real	0m3.737s
user	0m1.286s
sys	0m2.390s
Wed Sep 25 23:18:13 UTC 2019

real	0m3.117s
user	0m1.083s
sys	0m1.936s
Wed Sep 25 23:18:16 UTC 2019
