Wed Sep 25 23:15:54 UTC 2019
Wed Sep 25 23:15:54 UTC 2019

real	0m4.869s
user	0m1.383s
sys	0m1.872s
Wed Sep 25 23:15:59 UTC 2019

real	0m4.345s
user	0m1.418s
sys	0m1.984s
Wed Sep 25 23:16:04 UTC 2019

real	0m3.003s
user	0m1.165s
sys	0m1.725s
--- Mid run ---
Wed Sep 25 23:16:07 UTC 2019

real	0m3.515s
user	0m1.237s
sys	0m1.724s
=== Mid run end ===
Wed Sep 25 23:16:10 UTC 2019

real	0m6.224s
user	0m1.797s
sys	0m2.368s
Wed Sep 25 23:16:17 UTC 2019

real	0m5.356s
user	0m1.668s
sys	0m1.991s
Wed Sep 25 23:16:22 UTC 2019

real	0m6.825s
user	0m1.985s
sys	0m2.446s
Wed Sep 25 23:16:29 UTC 2019

real	0m4.545s
user	0m1.399s
sys	0m1.985s
Wed Sep 25 23:16:34 UTC 2019
