Wed Sep 25 23:17:31 UTC 2019
Wed Sep 25 23:17:31 UTC 2019

real	0m4.007s
user	0m1.350s
sys	0m2.404s
Wed Sep 25 23:17:35 UTC 2019

real	0m3.056s
user	0m1.137s
sys	0m1.828s
Wed Sep 25 23:17:38 UTC 2019

real	0m3.238s
user	0m1.200s
sys	0m1.945s
--- Mid run ---
Wed Sep 25 23:17:41 UTC 2019

real	0m3.969s
user	0m1.397s
sys	0m2.358s
=== Mid run end ===
Wed Sep 25 23:17:46 UTC 2019

real	0m4.101s
user	0m1.510s
sys	0m2.535s
Wed Sep 25 23:17:50 UTC 2019

real	0m5.289s
user	0m1.657s
sys	0m2.530s
Wed Sep 25 23:17:55 UTC 2019

real	0m4.087s
user	0m1.407s
sys	0m2.297s
Wed Sep 25 23:17:59 UTC 2019

real	0m4.313s
user	0m1.420s
sys	0m2.807s
Wed Sep 25 23:18:04 UTC 2019
