Wed Sep 25 23:16:10 UTC 2019
Wed Sep 25 23:16:10 UTC 2019

real	0m4.383s
user	0m1.554s
sys	0m2.629s
Wed Sep 25 23:16:15 UTC 2019

real	0m4.539s
user	0m1.546s
sys	0m2.479s
Wed Sep 25 23:16:20 UTC 2019

real	0m4.475s
user	0m1.509s
sys	0m2.941s
--- Mid run ---
Wed Sep 25 23:16:24 UTC 2019

real	0m3.829s
user	0m1.387s
sys	0m2.421s
=== Mid run end ===
Wed Sep 25 23:16:28 UTC 2019

real	0m3.387s
user	0m1.260s
sys	0m1.997s
Wed Sep 25 23:16:32 UTC 2019

real	0m3.088s
user	0m1.109s
sys	0m1.910s
Wed Sep 25 23:16:35 UTC 2019

real	0m3.439s
user	0m1.227s
sys	0m1.994s
Wed Sep 25 23:16:38 UTC 2019

real	0m3.439s
user	0m1.132s
sys	0m2.273s
Wed Sep 25 23:16:42 UTC 2019
