Wed Sep 25 23:15:55 UTC 2019
Wed Sep 25 23:15:55 UTC 2019

real	0m4.801s
user	0m1.467s
sys	0m1.940s
Wed Sep 25 23:16:00 UTC 2019

real	0m3.747s
user	0m1.381s
sys	0m1.930s
Wed Sep 25 23:16:04 UTC 2019

real	0m3.883s
user	0m1.347s
sys	0m2.375s
--- Mid run ---
Wed Sep 25 23:16:08 UTC 2019

real	0m3.644s
user	0m1.349s
sys	0m2.107s
=== Mid run end ===
Wed Sep 25 23:16:12 UTC 2019

real	0m3.477s
user	0m1.329s
sys	0m1.864s
Wed Sep 25 23:16:15 UTC 2019

real	0m4.422s
user	0m1.649s
sys	0m2.284s
Wed Sep 25 23:16:20 UTC 2019

real	0m4.755s
user	0m1.647s
sys	0m2.595s
Wed Sep 25 23:16:25 UTC 2019

real	0m4.479s
user	0m1.434s
sys	0m2.522s
Wed Sep 25 23:16:29 UTC 2019
