Wed Sep 25 23:17:41 UTC 2019
Wed Sep 25 23:17:41 UTC 2019

real	0m4.407s
user	0m1.528s
sys	0m1.953s
Wed Sep 25 23:17:46 UTC 2019

real	0m4.615s
user	0m1.499s
sys	0m2.166s
Wed Sep 25 23:17:50 UTC 2019

real	0m5.261s
user	0m1.499s
sys	0m2.185s
--- Mid run ---
Wed Sep 25 23:17:56 UTC 2019

real	0m4.066s
user	0m1.443s
sys	0m2.178s
=== Mid run end ===
Wed Sep 25 23:18:00 UTC 2019

real	0m5.367s
user	0m1.595s
sys	0m2.294s
Wed Sep 25 23:18:06 UTC 2019

real	0m4.180s
user	0m1.375s
sys	0m1.998s
Wed Sep 25 23:18:10 UTC 2019

real	0m3.659s
user	0m1.415s
sys	0m1.960s
Wed Sep 25 23:18:14 UTC 2019

real	0m2.818s
user	0m1.185s
sys	0m1.527s
Wed Sep 25 23:18:17 UTC 2019
