Wed Sep 25 23:17:43 UTC 2019
Wed Sep 25 23:17:43 UTC 2019

real	0m4.834s
user	0m1.662s
sys	0m2.226s
Wed Sep 25 23:17:48 UTC 2019

real	0m5.897s
user	0m1.761s
sys	0m2.404s
Wed Sep 25 23:17:54 UTC 2019

real	0m3.868s
user	0m1.329s
sys	0m2.111s
--- Mid run ---
Wed Sep 25 23:17:58 UTC 2019

real	0m4.749s
user	0m1.679s
sys	0m2.283s
=== Mid run end ===
Wed Sep 25 23:18:03 UTC 2019

real	0m3.448s
user	0m1.366s
sys	0m2.050s
Wed Sep 25 23:18:06 UTC 2019

real	0m3.673s
user	0m1.498s
sys	0m2.032s
Wed Sep 25 23:18:10 UTC 2019

real	0m3.156s
user	0m1.255s
sys	0m1.742s
Wed Sep 25 23:18:13 UTC 2019

real	0m3.177s
user	0m1.326s
sys	0m1.673s
Wed Sep 25 23:18:16 UTC 2019
