Wed Sep 25 23:17:34 UTC 2019
Wed Sep 25 23:17:34 UTC 2019

real	0m3.157s
user	0m1.217s
sys	0m1.897s
Wed Sep 25 23:17:38 UTC 2019

real	0m3.192s
user	0m1.226s
sys	0m1.928s
Wed Sep 25 23:17:41 UTC 2019

real	0m4.114s
user	0m1.437s
sys	0m2.053s
--- Mid run ---
Wed Sep 25 23:17:45 UTC 2019

real	0m6.095s
user	0m1.853s
sys	0m2.819s
=== Mid run end ===
Wed Sep 25 23:17:51 UTC 2019

real	0m4.893s
user	0m1.624s
sys	0m2.402s
Wed Sep 25 23:17:56 UTC 2019

real	0m5.468s
user	0m2.075s
sys	0m2.429s
Wed Sep 25 23:18:02 UTC 2019

real	0m4.447s
user	0m1.570s
sys	0m2.804s
Wed Sep 25 23:18:06 UTC 2019

real	0m3.591s
user	0m1.341s
sys	0m2.155s
Wed Sep 25 23:18:10 UTC 2019
