Wed Sep 25 23:17:42 UTC 2019
Wed Sep 25 23:17:42 UTC 2019

real	0m4.394s
user	0m1.561s
sys	0m2.618s
Wed Sep 25 23:17:47 UTC 2019

real	0m4.448s
user	0m1.536s
sys	0m2.849s
Wed Sep 25 23:17:51 UTC 2019

real	0m4.643s
user	0m1.559s
sys	0m3.007s
--- Mid run ---
Wed Sep 25 23:17:56 UTC 2019

real	0m4.925s
user	0m1.570s
sys	0m3.155s
=== Mid run end ===
Wed Sep 25 23:18:01 UTC 2019

real	0m4.827s
user	0m1.695s
sys	0m3.024s
Wed Sep 25 23:18:06 UTC 2019

real	0m4.623s
user	0m1.662s
sys	0m2.909s
Wed Sep 25 23:18:11 UTC 2019

real	0m3.353s
user	0m1.162s
sys	0m2.063s
Wed Sep 25 23:18:14 UTC 2019

real	0m3.272s
user	0m1.178s
sys	0m1.986s
Wed Sep 25 23:18:18 UTC 2019
