Wed Sep 25 23:17:32 UTC 2019
Wed Sep 25 23:17:32 UTC 2019

real	0m3.124s
user	0m1.142s
sys	0m1.852s
Wed Sep 25 23:17:35 UTC 2019

real	0m3.071s
user	0m1.149s
sys	0m1.773s
Wed Sep 25 23:17:38 UTC 2019

real	0m3.362s
user	0m1.208s
sys	0m2.003s
--- Mid run ---
Wed Sep 25 23:17:42 UTC 2019

real	0m3.754s
user	0m1.415s
sys	0m2.158s
=== Mid run end ===
Wed Sep 25 23:17:46 UTC 2019

real	0m3.949s
user	0m1.349s
sys	0m1.975s
Wed Sep 25 23:17:50 UTC 2019

real	0m4.419s
user	0m1.626s
sys	0m2.391s
Wed Sep 25 23:17:54 UTC 2019

real	0m4.258s
user	0m1.559s
sys	0m2.445s
Wed Sep 25 23:17:59 UTC 2019

real	0m3.755s
user	0m1.384s
sys	0m2.217s
Wed Sep 25 23:18:03 UTC 2019
