Wed Sep 25 23:17:33 UTC 2019
Wed Sep 25 23:17:33 UTC 2019

real	0m4.771s
user	0m1.481s
sys	0m2.059s
Wed Sep 25 23:17:38 UTC 2019

real	0m5.273s
user	0m1.648s
sys	0m2.156s
Wed Sep 25 23:17:43 UTC 2019

real	0m8.144s
user	0m2.021s
sys	0m2.357s
--- Mid run ---
Wed Sep 25 23:17:52 UTC 2019

real	0m6.269s
user	0m1.684s
sys	0m2.250s
=== Mid run end ===
Wed Sep 25 23:17:58 UTC 2019

real	0m6.170s
user	0m1.811s
sys	0m2.226s
Wed Sep 25 23:18:04 UTC 2019

real	0m4.099s
user	0m1.420s
sys	0m1.942s
Wed Sep 25 23:18:09 UTC 2019

real	0m4.318s
user	0m1.435s
sys	0m2.015s
Wed Sep 25 23:18:13 UTC 2019

real	0m3.610s
user	0m1.367s
sys	0m1.871s
Wed Sep 25 23:18:17 UTC 2019
