Wed Sep 25 23:15:54 UTC 2019
Wed Sep 25 23:15:54 UTC 2019

real	0m4.389s
user	0m1.355s
sys	0m2.357s
Wed Sep 25 23:15:59 UTC 2019

real	0m3.507s
user	0m1.124s
sys	0m2.279s
Wed Sep 25 23:16:02 UTC 2019

real	0m3.677s
user	0m1.286s
sys	0m2.326s
--- Mid run ---
Wed Sep 25 23:16:06 UTC 2019

real	0m3.321s
user	0m1.193s
sys	0m2.057s
=== Mid run end ===
Wed Sep 25 23:16:10 UTC 2019

real	0m4.253s
user	0m1.390s
sys	0m2.795s
Wed Sep 25 23:16:14 UTC 2019

real	0m4.325s
user	0m1.430s
sys	0m2.841s
Wed Sep 25 23:16:18 UTC 2019

real	0m4.042s
user	0m1.528s
sys	0m2.453s
Wed Sep 25 23:16:23 UTC 2019

real	0m5.470s
user	0m1.489s
sys	0m2.863s
Wed Sep 25 23:16:28 UTC 2019
