/export/shm
Slot slot5
Fetching 1G_5.dat from stashcache.t2.ucsd.edu
Thu Oct  3 19:54:08 UTC 2019
RC 0
-rw-r--r-- 1 cuser5 cuser 1048576000 Oct  3 19:54 1G_5.dat
--- Mid run ---
Thu Oct  3 19:54:21 UTC 2019
RC 0
-rw-r--r-- 1 cuser5 cuser 1048576000 Oct  3 19:54 1G_5.dat
=== Mid run end ===
Thu Oct  3 19:54:35 UTC 2019
RC 0
-rw-r--r-- 1 cuser5 cuser 1048576000 Oct  3 19:54 1G_5.dat
Thu Oct  3 19:54:49 UTC 2019
RC 0
-rw-r--r-- 1 cuser5 cuser 1048576000 Oct  3 19:55 1G_5.dat
Thu Oct  3 19:55:02 UTC 2019
RC 0
-rw-r--r-- 1 cuser5 cuser 1048576000 Oct  3 19:55 1G_5.dat
Thu Oct  3 19:55:17 UTC 2019
RC 0
-rw-r--r-- 1 cuser5 cuser 1048576000 Oct  3 19:55 1G_5.dat
Thu Oct  3 19:55:30 UTC 2019
