/export/shm
Slot slot1
Fetching 1G_1.dat from stashcache.t2.ucsd.edu
Thu Oct  3 19:54:08 UTC 2019
RC 0
-rw-r--r-- 1 cuser1 cuser 1048576000 Oct  3 19:54 1G_1.dat
--- Mid run ---
Thu Oct  3 19:54:20 UTC 2019
RC 0
-rw-r--r-- 1 cuser1 cuser 1048576000 Oct  3 19:54 1G_1.dat
=== Mid run end ===
Thu Oct  3 19:54:38 UTC 2019
RC 0
-rw-r--r-- 1 cuser1 cuser 1048576000 Oct  3 19:54 1G_1.dat
Thu Oct  3 19:54:57 UTC 2019
RC 0
-rw-r--r-- 1 cuser1 cuser 1048576000 Oct  3 19:55 1G_1.dat
Thu Oct  3 19:55:16 UTC 2019
RC 0
-rw-r--r-- 1 cuser1 cuser 1048576000 Oct  3 19:55 1G_1.dat
Thu Oct  3 19:55:31 UTC 2019
RC 0
-rw-r--r-- 1 cuser1 cuser 1048576000 Oct  3 19:55 1G_1.dat
Thu Oct  3 19:55:39 UTC 2019
