/dev/shm
Fri Sep 27 23:29:37 UTC 2019
Job 6
Fetching http://exaeastb0.blob.core.windows.net/exa-east/6_testb/data/1G_6.dat
Fri Sep 27 23:29:37 UTC 2019
RC 0
-rw-r--r--. 1 centos centos 1000000000 Sep 27 23:29 1G_6.dat
Fri Sep 27 23:29:42 UTC 2019
RC 0
Fri Sep 27 23:29:49 UTC 2019
RC 0
-rw-r--r--. 1 centos centos 1000000000 Sep 27 23:29 1G_6.dat
--- Mid run ---
Fri Sep 27 23:29:54 UTC 2019
RC 0
-rw-r--r--. 1 centos centos 1000000000 Sep 27 23:30 1G_6.dat
=== Mid run end ===
Fri Sep 27 23:30:04 UTC 2019
RC 0
-rw-r--r--. 1 centos centos 1000000000 Sep 27 23:30 1G_6.dat
Fri Sep 27 23:30:10 UTC 2019
RC 0
Fri Sep 27 23:30:15 UTC 2019
