/dev/shm
Fri Sep 27 23:29:37 UTC 2019
Job 9
Fetching http://exaeastb0.blob.core.windows.net/exa-east/9_testa/data/1G_9.dat
Fri Sep 27 23:29:37 UTC 2019
RC 0
-rw-r--r--. 1 centos centos 1000000000 Sep 27 23:29 1G_9.dat
Fri Sep 27 23:29:43 UTC 2019
RC 0
-rw-r--r--. 1 centos centos 1000000000 Sep 27 23:29 1G_9.dat
Fri Sep 27 23:29:48 UTC 2019
RC 0
-rw-r--r--. 1 centos centos 1000000000 Sep 27 23:29 1G_9.dat
--- Mid run ---
Fri Sep 27 23:29:54 UTC 2019
RC 0
-rw-r--r--. 1 centos centos 1000000000 Sep 27 23:30 1G_9.dat
=== Mid run end ===
Fri Sep 27 23:30:01 UTC 2019
RC 0
-rw-r--r--. 1 centos centos 1000000000 Sep 27 23:30 1G_9.dat
Fri Sep 27 23:30:07 UTC 2019
RC 0
-rw-r--r--. 1 centos centos 1000000000 Sep 27 23:30 1G_9.dat
Fri Sep 27 23:30:10 UTC 2019
