/dev/shm
Slot slot4
Fetching 1G_4.dat
Wed Oct  2 17:53:06 UTC 2019
RC 0
-rw-r--r--. 1 cuser4 cuser 1048576000 Oct  2 17:54 1G_4.dat
--- Mid run ---
Wed Oct  2 17:54:30 UTC 2019
RC 0
-rw-r--r--. 1 cuser4 cuser 1048576000 Oct  2 17:55 1G_4.dat
=== Mid run end ===
Wed Oct  2 17:55:43 UTC 2019
RC 0
-rw-r--r--. 1 cuser4 cuser 1048576000 Oct  2 17:56 1G_4.dat
Wed Oct  2 17:56:33 UTC 2019
RC 0
-rw-r--r--. 1 cuser4 cuser 1048576000 Oct  2 17:57 1G_4.dat
Wed Oct  2 17:57:27 UTC 2019
RC 0
-rw-r--r--. 1 cuser4 cuser 1048576000 Oct  2 17:58 1G_4.dat
Wed Oct  2 17:58:35 UTC 2019
RC 0
-rw-r--r--. 1 cuser4 cuser 1048576000 Oct  2 17:59 1G_4.dat
Wed Oct  2 17:59:54 UTC 2019
