/dev/shm
Slot slot6
Fetching 1G_6.dat
Sun Sep 29 00:38:39 UTC 2019
RC 0
-rw-r--r--. 1 centos centos 1048576000 Sep 29 00:40 1G_6.dat
--- Mid run ---
Sun Sep 29 00:40:21 UTC 2019
RC 0
-rw-r--r--. 1 centos centos 1048576000 Sep 29 00:41 1G_6.dat
=== Mid run end ===
Sun Sep 29 00:41:57 UTC 2019
RC 0
-rw-r--r--. 1 centos centos 1048576000 Sep 29 00:43 1G_6.dat
Sun Sep 29 00:43:31 UTC 2019
RC 0
-rw-r--r--. 1 centos centos 1048576000 Sep 29 00:45 1G_6.dat
Sun Sep 29 00:45:29 UTC 2019
RC 0
-rw-r--r--. 1 centos centos 1048576000 Sep 29 00:45 1G_6.dat
Sun Sep 29 00:45:57 UTC 2019
RC 0
-rw-r--r--. 1 centos centos 1048576000 Sep 29 00:46 1G_6.dat
Sun Sep 29 00:46:03 UTC 2019
