/dev/shm
Tue Oct  1 04:10:36 UTC 2019
Job 44
Fetching https://exaeastpc.blob.core.windows.net/exa-east/testa/data/1G_44.dat
Tue Oct  1 04:10:36 UTC 2019
RC 0
-rw-r--r--. 1 centos centos 1000000000 Oct  1 04:10 1G_44.dat
Tue Oct  1 04:10:43 UTC 2019
RC 0
-rw-r--r--. 1 centos centos 1000000000 Oct  1 04:10 1G_44.dat
Tue Oct  1 04:10:48 UTC 2019
RC 0
-rw-r--r--. 1 centos centos 1000000000 Oct  1 04:10 1G_44.dat
--- Mid run ---
Tue Oct  1 04:10:54 UTC 2019
RC 0
-rw-r--r--. 1 centos centos 1000000000 Oct  1 04:11 1G_44.dat
=== Mid run end ===
Tue Oct  1 04:11:01 UTC 2019
RC 0
-rw-r--r--. 1 centos centos 1000000000 Oct  1 04:11 1G_44.dat
Tue Oct  1 04:11:07 UTC 2019
RC 0
-rw-r--r--. 1 centos centos 1000000000 Oct  1 04:11 1G_44.dat
Tue Oct  1 04:11:12 UTC 2019
