/dev/shm
Tue Oct  1 04:13:56 UTC 2019
Job 52
Fetching https://exaeastp4.blob.core.windows.net/exa-east/testm/data/1G_52.dat
Tue Oct  1 04:13:56 UTC 2019
RC 0
-rw-r--r--. 1 centos centos 1000000000 Oct  1 04:14 1G_52.dat
Tue Oct  1 04:14:02 UTC 2019
RC 0
-rw-r--r--. 1 centos centos 1000000000 Oct  1 04:14 1G_52.dat
Tue Oct  1 04:14:08 UTC 2019
RC 0
-rw-r--r--. 1 centos centos 1000000000 Oct  1 04:14 1G_52.dat
--- Mid run ---
Tue Oct  1 04:14:14 UTC 2019
RC 0
-rw-r--r--. 1 centos centos 1000000000 Oct  1 04:14 1G_52.dat
=== Mid run end ===
Tue Oct  1 04:14:20 UTC 2019
RC 0
-rw-r--r--. 1 centos centos 1000000000 Oct  1 04:14 1G_52.dat
Tue Oct  1 04:14:26 UTC 2019
RC 0
-rw-r--r--. 1 centos centos 1000000000 Oct  1 04:14 1G_52.dat
Tue Oct  1 04:14:32 UTC 2019
