/dev/shm
Tue Oct  1 04:10:30 UTC 2019
Job 7
Fetching https://exaeastp7.blob.core.windows.net/exa-east/testb/data/1G_7.dat
Tue Oct  1 04:10:30 UTC 2019
RC 0
-rw-r--r--. 1 centos centos 1000000000 Oct  1 04:10 1G_7.dat
Tue Oct  1 04:10:37 UTC 2019
RC 0
-rw-r--r--. 1 centos centos 1000000000 Oct  1 04:10 1G_7.dat
Tue Oct  1 04:10:43 UTC 2019
RC 0
-rw-r--r--. 1 centos centos 1000000000 Oct  1 04:10 1G_7.dat
--- Mid run ---
Tue Oct  1 04:10:49 UTC 2019
RC 0
-rw-r--r--. 1 centos centos 1000000000 Oct  1 04:10 1G_7.dat
=== Mid run end ===
Tue Oct  1 04:10:55 UTC 2019
RC 0
-rw-r--r--. 1 centos centos 1000000000 Oct  1 04:11 1G_7.dat
Tue Oct  1 04:11:02 UTC 2019
RC 0
-rw-r--r--. 1 centos centos 1000000000 Oct  1 04:11 1G_7.dat
Tue Oct  1 04:11:08 UTC 2019
