/dev/shm
Tue Oct  1 04:13:56 UTC 2019
Job 36
Fetching https://exaeastp4.blob.core.windows.net/exa-east/testa/data/1G_36.dat
Tue Oct  1 04:13:56 UTC 2019
RC 0
-rw-r--r--. 1 centos centos 1000000000 Oct  1 04:14 1G_36.dat
Tue Oct  1 04:14:01 UTC 2019
RC 0
-rw-r--r--. 1 centos centos 1000000000 Oct  1 04:14 1G_36.dat
Tue Oct  1 04:14:08 UTC 2019
RC 0
-rw-r--r--. 1 centos centos 1000000000 Oct  1 04:14 1G_36.dat
--- Mid run ---
Tue Oct  1 04:14:15 UTC 2019
RC 0
-rw-r--r--. 1 centos centos 1000000000 Oct  1 04:14 1G_36.dat
=== Mid run end ===
Tue Oct  1 04:14:22 UTC 2019
RC 0
-rw-r--r--. 1 centos centos 1000000000 Oct  1 04:14 1G_36.dat
Tue Oct  1 04:14:28 UTC 2019
RC 0
-rw-r--r--. 1 centos centos 1000000000 Oct  1 04:14 1G_36.dat
Tue Oct  1 04:14:34 UTC 2019
