/dev/shm
Mon Sep 30 23:00:10 UTC 2019
Job 2
Fetching https://exaeastp0.blob.core.windows.net/exa-east/2_testm/data/1G_2.dat
Mon Sep 30 23:00:10 UTC 2019
RC 0
-rw-r--r--. 1 centos centos 1000000000 Sep 30 23:00 1G_2.dat
Mon Sep 30 23:00:17 UTC 2019
RC 0
-rw-r--r--. 1 centos centos 1000000000 Sep 30 23:00 1G_2.dat
Mon Sep 30 23:00:26 UTC 2019
RC 0
-rw-r--r--. 1 centos centos 1000000000 Sep 30 23:00 1G_2.dat
--- Mid run ---
Mon Sep 30 23:00:33 UTC 2019
RC 0
-rw-r--r--. 1 centos centos 1000000000 Sep 30 23:00 1G_2.dat
=== Mid run end ===
Mon Sep 30 23:00:41 UTC 2019
RC 0
-rw-r--r--. 1 centos centos 1000000000 Sep 30 23:00 1G_2.dat
Mon Sep 30 23:00:49 UTC 2019
RC 0
-rw-r--r--. 1 centos centos 1000000000 Sep 30 23:00 1G_2.dat
Mon Sep 30 23:00:57 UTC 2019
