/dev/shm
Mon Sep 30 22:57:10 UTC 2019
Job 13
Fetching https://exaeastp0.blob.core.windows.net/exa-east/d_testm/data/1G_13.dat
Mon Sep 30 22:57:10 UTC 2019
RC 0
-rw-r--r--. 1 centos centos 1000000000 Sep 30 22:57 1G_13.dat
Mon Sep 30 22:57:16 UTC 2019
RC 0
-rw-r--r--. 1 centos centos 1000000000 Sep 30 22:57 1G_13.dat
Mon Sep 30 22:57:23 UTC 2019
RC 0
-rw-r--r--. 1 centos centos 1000000000 Sep 30 22:57 1G_13.dat
--- Mid run ---
Mon Sep 30 22:57:32 UTC 2019
RC 0
-rw-r--r--. 1 centos centos 1000000000 Sep 30 22:57 1G_13.dat
=== Mid run end ===
Mon Sep 30 22:57:39 UTC 2019
RC 0
-rw-r--r--. 1 centos centos 1000000000 Sep 30 22:57 1G_13.dat
Mon Sep 30 22:57:46 UTC 2019
RC 0
-rw-r--r--. 1 centos centos 1000000000 Sep 30 22:57 1G_13.dat
Mon Sep 30 22:57:51 UTC 2019
