/dev/shm
Slot slot2
Fetching 1G_2.dat
Sat Sep 28 20:39:24 UTC 2019
RC 0
-rw-r--r--. 1 centos centos 1048576000 Sep 28 20:39 1G_2.dat
--- Mid run ---
Sat Sep 28 20:39:47 UTC 2019
RC 0
-rw-r--r--. 1 centos centos 1048576000 Sep 28 20:40 1G_2.dat
=== Mid run end ===
Sat Sep 28 20:40:11 UTC 2019
RC 0
-rw-r--r--. 1 centos centos 1048576000 Sep 28 20:40 1G_2.dat
Sat Sep 28 20:40:35 UTC 2019
RC 0
-rw-r--r--. 1 centos centos 1048576000 Sep 28 20:41 1G_2.dat
Sat Sep 28 20:41:00 UTC 2019
RC 0
-rw-r--r--. 1 centos centos 1048576000 Sep 28 20:41 1G_2.dat
Sat Sep 28 20:41:23 UTC 2019
RC 0
-rw-r--r--. 1 centos centos 1048576000 Sep 28 20:41 1G_2.dat
Sat Sep 28 20:41:47 UTC 2019
