/dev/shm/user_slot1
Fri Oct 25 14:05:26 UTC 2019
Job 15
Fetching 1G.dat from /base_f/test./data/1G_15.dat
Fri Oct 25 14:05:26 UTC 2019
INFO: Downloaded https://exaasiasepe.blob.core.windows.net/exa-asia-se/base_f/testb/data/1G_15.dat into /dev/shm/user_slot1/1G_15.dat
RC 0
-rw-r--r--. 1 centos centos 1000000000 Oct 25 14:06 1G_15.dat
--- Mid run ---
Fri Oct 25 14:06:15 UTC 2019
INFO: Downloaded https://exaasiasepe.blob.core.windows.net/exa-asia-se/base_f/testb/data/1G_15.dat into /dev/shm/user_slot1/1G_15.dat
RC 0
-rw-r--r--. 1 centos centos 1000000000 Oct 25 14:06 1G_15.dat
=== Mid run end ===
Fri Oct 25 14:06:57 UTC 2019
INFO: Downloaded https://exaasiasepe.blob.core.windows.net/exa-asia-se/base_f/testb/data/1G_15.dat into /dev/shm/user_slot1/1G_15.dat
RC 0
-rw-r--r--. 1 centos centos 1000000000 Oct 25 14:07 1G_15.dat
Fri Oct 25 14:07:32 UTC 2019
INFO: Downloaded https://exaasiasepe.blob.core.windows.net/exa-asia-se/base_f/testb/data/1G_15.dat into /dev/shm/user_slot1/1G_15.dat
RC 0
-rw-r--r--. 1 centos centos 1000000000 Oct 25 14:08 1G_15.dat
Fri Oct 25 14:08:02 UTC 2019
