/dev/shm/user_slot1
Fri Oct 25 14:05:27 UTC 2019
Job 40
Fetching 1G.dat from /base_8/test./data/1G_40.dat
Fri Oct 25 14:05:27 UTC 2019
INFO: Downloaded https://exaasiasep3.blob.core.windows.net/exa-asia-se/base_8/testm/data/1G_40.dat into /dev/shm/user_slot1/1G_40.dat
RC 0
-rw-r--r--. 1 centos centos 1000000000 Oct 25 14:06 1G_40.dat
--- Mid run ---
Fri Oct 25 14:06:58 UTC 2019
INFO: Downloaded https://exaasiasep3.blob.core.windows.net/exa-asia-se/base_8/testm/data/1G_40.dat into /dev/shm/user_slot1/1G_40.dat
RC 0
-rw-r--r--. 1 centos centos 1000000000 Oct 25 14:07 1G_40.dat
=== Mid run end ===
Fri Oct 25 14:07:51 UTC 2019
INFO: Downloaded https://exaasiasep3.blob.core.windows.net/exa-asia-se/base_8/testm/data/1G_40.dat into /dev/shm/user_slot1/1G_40.dat
RC 0
-rw-r--r--. 1 centos centos 1000000000 Oct 25 14:08 1G_40.dat
Fri Oct 25 14:08:22 UTC 2019
INFO: Downloaded https://exaasiasep3.blob.core.windows.net/exa-asia-se/base_8/testm/data/1G_40.dat into /dev/shm/user_slot1/1G_40.dat
RC 0
-rw-r--r--. 1 centos centos 1000000000 Oct 25 14:09 1G_40.dat
Fri Oct 25 14:09:01 UTC 2019
