Mon Sep 30 22:02:01 UTC 2019
Mon Sep 30 22:02:01 UTC 2019

real	1m10.541s
user	0m5.753s
sys	0m10.661s
Mon Sep 30 22:03:12 UTC 2019

real	0m2.092s
user	0m1.801s
sys	0m2.531s
Mon Sep 30 22:03:14 UTC 2019

real	0m30.103s
user	0m3.207s
sys	0m5.007s
--- Mid run ---
Mon Sep 30 22:03:44 UTC 2019

real	0m2.090s
user	0m1.758s
sys	0m2.801s
=== Mid run end ===
Mon Sep 30 22:03:46 UTC 2019

real	0m4.086s
user	0m2.015s
sys	0m3.199s
Mon Sep 30 22:03:51 UTC 2019

real	0m2.088s
user	0m1.922s
sys	0m2.951s
Mon Sep 30 22:03:53 UTC 2019
