Mon Sep 30 22:02:01 UTC 2019
Mon Sep 30 22:02:01 UTC 2019

real	0m16.421s
user	0m2.082s
sys	0m4.005s
Mon Sep 30 22:02:18 UTC 2019

real	0m12.087s
user	0m2.272s
sys	0m4.314s
Mon Sep 30 22:02:30 UTC 2019

real	0m4.093s
user	0m1.771s
sys	0m3.670s
--- Mid run ---
Mon Sep 30 22:02:34 UTC 2019

real	0m14.106s
user	0m2.434s
sys	0m4.694s
=== Mid run end ===
Mon Sep 30 22:02:48 UTC 2019

real	0m2.090s
user	0m1.694s
sys	0m2.996s
Mon Sep 30 22:02:51 UTC 2019

real	0m6.426s
user	0m1.992s
sys	0m3.577s
Mon Sep 30 22:02:57 UTC 2019
