Tue Oct  1 04:18:21 UTC 2019
Tue Oct  1 04:18:21 UTC 2019

real	0m23.082s
user	0m2.379s
sys	0m2.820s
Tue Oct  1 04:18:44 UTC 2019

real	0m7.929s
user	0m2.175s
sys	0m2.523s
Tue Oct  1 04:18:52 UTC 2019

real	0m8.910s
user	0m2.122s
sys	0m2.617s
--- Mid run ---
Tue Oct  1 04:19:01 UTC 2019

real	0m6.054s
user	0m1.728s
sys	0m2.116s
=== Mid run end ===
Tue Oct  1 04:19:08 UTC 2019

real	0m6.748s
user	0m1.571s
sys	0m2.022s
Tue Oct  1 04:19:15 UTC 2019

real	0m4.595s
user	0m1.406s
sys	0m1.944s
Tue Oct  1 04:19:19 UTC 2019
