Tue Oct  1 04:12:27 UTC 2019
Tue Oct  1 04:12:27 UTC 2019

real	0m4.601s
user	0m1.982s
sys	0m2.487s
Tue Oct  1 04:12:32 UTC 2019

real	0m18.343s
user	0m2.667s
sys	0m3.450s
Tue Oct  1 04:12:50 UTC 2019

real	0m9.953s
user	0m2.192s
sys	0m4.219s
--- Mid run ---
Tue Oct  1 04:13:00 UTC 2019

real	0m7.534s
user	0m2.223s
sys	0m4.181s
=== Mid run end ===
Tue Oct  1 04:13:08 UTC 2019

real	0m8.052s
user	0m2.258s
sys	0m3.225s
Tue Oct  1 04:13:16 UTC 2019

real	0m4.418s
user	0m1.746s
sys	0m2.508s
Tue Oct  1 04:13:21 UTC 2019
