Tue Oct  1 04:18:16 UTC 2019
Tue Oct  1 04:18:16 UTC 2019

real	0m4.137s
user	0m1.828s
sys	0m2.141s
Tue Oct  1 04:18:20 UTC 2019

real	0m21.369s
user	0m2.485s
sys	0m2.621s
Tue Oct  1 04:18:42 UTC 2019

real	0m9.776s
user	0m2.244s
sys	0m2.403s
--- Mid run ---
Tue Oct  1 04:18:52 UTC 2019

real	0m9.181s
user	0m2.239s
sys	0m2.785s
=== Mid run end ===
Tue Oct  1 04:19:01 UTC 2019

real	0m6.374s
user	0m1.892s
sys	0m2.310s
Tue Oct  1 04:19:08 UTC 2019

real	0m8.787s
user	0m1.797s
sys	0m1.822s
Tue Oct  1 04:19:17 UTC 2019
