Tue Oct  1 04:18:17 UTC 2019
Tue Oct  1 04:18:17 UTC 2019

real	0m3.811s
user	0m1.750s
sys	0m1.921s
Tue Oct  1 04:18:21 UTC 2019

real	0m12.170s
user	0m1.944s
sys	0m2.076s
Tue Oct  1 04:18:33 UTC 2019

real	0m9.565s
user	0m2.045s
sys	0m3.326s
--- Mid run ---
Tue Oct  1 04:18:43 UTC 2019

real	0m18.492s
user	0m2.300s
sys	0m2.895s
=== Mid run end ===
Tue Oct  1 04:19:02 UTC 2019

real	0m7.469s
user	0m1.918s
sys	0m2.196s
Tue Oct  1 04:19:09 UTC 2019

real	0m5.707s
user	0m1.464s
sys	0m1.689s
Tue Oct  1 04:19:15 UTC 2019
