Tue Oct  1 04:12:35 UTC 2019
Tue Oct  1 04:12:35 UTC 2019

real	0m15.022s
user	0m2.114s
sys	0m2.460s
Tue Oct  1 04:12:50 UTC 2019

real	0m8.231s
user	0m1.998s
sys	0m2.435s
Tue Oct  1 04:12:58 UTC 2019

real	0m10.672s
user	0m2.010s
sys	0m2.421s
--- Mid run ---
Tue Oct  1 04:13:09 UTC 2019

real	0m8.075s
user	0m1.973s
sys	0m2.447s
=== Mid run end ===
Tue Oct  1 04:13:17 UTC 2019

real	0m3.560s
user	0m1.564s
sys	0m1.803s
Tue Oct  1 04:13:21 UTC 2019

real	0m4.190s
user	0m1.933s
sys	0m2.135s
Tue Oct  1 04:13:25 UTC 2019
