Tue Oct  1 04:12:33 UTC 2019
Tue Oct  1 04:12:33 UTC 2019

real	0m9.065s
user	0m1.645s
sys	0m2.140s
Tue Oct  1 04:12:42 UTC 2019

real	0m9.094s
user	0m1.778s
sys	0m2.324s
Tue Oct  1 04:12:51 UTC 2019

real	0m7.726s
user	0m1.826s
sys	0m3.080s
--- Mid run ---
Tue Oct  1 04:12:59 UTC 2019

real	0m10.555s
user	0m1.663s
sys	0m2.252s
=== Mid run end ===
Tue Oct  1 04:13:09 UTC 2019

real	0m8.422s
user	0m1.585s
sys	0m2.128s
Tue Oct  1 04:13:18 UTC 2019

real	0m10.914s
user	0m1.376s
sys	0m1.646s
Tue Oct  1 04:13:29 UTC 2019
