Tue Oct  1 04:12:30 UTC 2019
Tue Oct  1 04:12:30 UTC 2019

real	0m4.409s
user	0m1.711s
sys	0m2.432s
Tue Oct  1 04:12:34 UTC 2019

real	0m6.361s
user	0m1.868s
sys	0m2.296s
Tue Oct  1 04:12:41 UTC 2019

real	0m7.267s
user	0m1.942s
sys	0m2.451s
--- Mid run ---
Tue Oct  1 04:12:48 UTC 2019

real	0m10.913s
user	0m2.397s
sys	0m3.087s
=== Mid run end ===
Tue Oct  1 04:12:59 UTC 2019

real	0m8.421s
user	0m2.126s
sys	0m3.578s
Tue Oct  1 04:13:08 UTC 2019

real	0m7.417s
user	0m2.125s
sys	0m3.037s
Tue Oct  1 04:13:15 UTC 2019
