Tue Oct  1 04:18:19 UTC 2019
Tue Oct  1 04:18:19 UTC 2019

real	0m6.171s
user	0m1.803s
sys	0m2.111s
Tue Oct  1 04:18:25 UTC 2019

real	0m8.654s
user	0m1.875s
sys	0m2.584s
Tue Oct  1 04:18:34 UTC 2019

real	0m10.318s
user	0m2.262s
sys	0m4.797s
--- Mid run ---
Tue Oct  1 04:18:44 UTC 2019

real	0m9.061s
user	0m2.255s
sys	0m3.135s
=== Mid run end ===
Tue Oct  1 04:18:54 UTC 2019

real	0m8.150s
user	0m1.885s
sys	0m2.420s
Tue Oct  1 04:19:02 UTC 2019

real	0m7.887s
user	0m1.982s
sys	0m2.600s
Tue Oct  1 04:19:10 UTC 2019
