Mon Sep 30 22:18:44 UTC 2019
Mon Sep 30 22:18:44 UTC 2019

real	0m6.304s
user	0m0.672s
sys	0m2.884s
Mon Sep 30 22:18:51 UTC 2019

real	0m7.609s
user	0m0.653s
sys	0m2.310s
Mon Sep 30 22:18:59 UTC 2019

real	0m8.176s
user	0m0.673s
sys	0m2.422s
--- Mid run ---
Mon Sep 30 22:19:07 UTC 2019

real	0m9.232s
user	0m0.569s
sys	0m2.390s
=== Mid run end ===
Mon Sep 30 22:19:16 UTC 2019

real	0m6.297s
user	0m0.551s
sys	0m2.143s
Mon Sep 30 22:19:23 UTC 2019

real	0m8.464s
user	0m0.735s
sys	0m2.754s
Mon Sep 30 22:19:31 UTC 2019
