Mon Sep 30 22:25:48 UTC 2019
Mon Sep 30 22:25:48 UTC 2019

real	0m6.110s
user	0m0.830s
sys	0m2.617s
Mon Sep 30 22:25:54 UTC 2019

real	0m7.634s
user	0m0.781s
sys	0m2.656s
Mon Sep 30 22:26:02 UTC 2019

real	0m7.528s
user	0m0.788s
sys	0m2.654s
--- Mid run ---
Mon Sep 30 22:26:09 UTC 2019

real	0m7.808s
user	0m0.852s
sys	0m3.141s
=== Mid run end ===
Mon Sep 30 22:26:17 UTC 2019

real	0m6.725s
user	0m0.856s
sys	0m2.986s
Mon Sep 30 22:26:24 UTC 2019

real	0m10.806s
user	0m0.818s
sys	0m3.016s
Mon Sep 30 22:26:35 UTC 2019
