Mon Sep 30 22:25:47 UTC 2019
Mon Sep 30 22:25:47 UTC 2019

real	0m7.460s
user	0m0.680s
sys	0m2.813s
Mon Sep 30 22:25:55 UTC 2019

real	0m7.960s
user	0m0.750s
sys	0m2.494s
Mon Sep 30 22:26:03 UTC 2019

real	0m7.356s
user	0m0.611s
sys	0m2.227s
--- Mid run ---
Mon Sep 30 22:26:11 UTC 2019

real	0m6.107s
user	0m0.500s
sys	0m2.481s
=== Mid run end ===
Mon Sep 30 22:26:17 UTC 2019

real	0m9.331s
user	0m0.542s
sys	0m2.583s
Mon Sep 30 22:26:26 UTC 2019

real	0m8.003s
user	0m0.527s
sys	0m2.921s
Mon Sep 30 22:26:34 UTC 2019
