/dev/shm
Tue Oct  1 04:10:32 UTC 2019
Job 56
Fetching https://exaeastp8.blob.core.windows.net/exa-east/testa/data/1G_56.dat
Tue Oct  1 04:10:32 UTC 2019
RC 0
-rw-r--r--. 1 centos centos 1000000000 Oct  1 04:10 1G_56.dat
Tue Oct  1 04:10:37 UTC 2019
RC 0
-rw-r--r--. 1 centos centos 1000000000 Oct  1 04:10 1G_56.dat
Tue Oct  1 04:10:45 UTC 2019
RC 0
-rw-r--r--. 1 centos centos 1000000000 Oct  1 04:10 1G_56.dat
--- Mid run ---
Tue Oct  1 04:10:51 UTC 2019
RC 0
-rw-r--r--. 1 centos centos 1000000000 Oct  1 04:10 1G_56.dat
=== Mid run end ===
Tue Oct  1 04:10:58 UTC 2019
RC 0
-rw-r--r--. 1 centos centos 1000000000 Oct  1 04:11 1G_56.dat
Tue Oct  1 04:11:04 UTC 2019
RC 0
-rw-r--r--. 1 centos centos 1000000000 Oct  1 04:11 1G_56.dat
Tue Oct  1 04:11:10 UTC 2019
