/dev/shm
Tue Oct  1 04:13:55 UTC 2019
Job 25
Fetching https://exaeastp9.blob.core.windows.net/exa-east/testm/data/1G_25.dat
Tue Oct  1 04:13:55 UTC 2019
RC 0
-rw-r--r--. 1 centos centos 1000000000 Oct  1 04:14 1G_25.dat
Tue Oct  1 04:14:00 UTC 2019
RC 0
-rw-r--r--. 1 centos centos 1000000000 Oct  1 04:14 1G_25.dat
Tue Oct  1 04:14:06 UTC 2019
RC 0
-rw-r--r--. 1 centos centos 1000000000 Oct  1 04:14 1G_25.dat
--- Mid run ---
Tue Oct  1 04:14:14 UTC 2019
RC 0
-rw-r--r--. 1 centos centos 1000000000 Oct  1 04:14 1G_25.dat
=== Mid run end ===
Tue Oct  1 04:14:19 UTC 2019
RC 0
-rw-r--r--. 1 centos centos 1000000000 Oct  1 04:14 1G_25.dat
Tue Oct  1 04:14:26 UTC 2019
RC 0
-rw-r--r--. 1 centos centos 1000000000 Oct  1 04:14 1G_25.dat
Tue Oct  1 04:14:33 UTC 2019
