/dev/shm
Tue Oct  1 04:10:37 UTC 2019
Job 47
Fetching https://exaeastpf.blob.core.windows.net/exa-east/testm/data/1G_47.dat
Tue Oct  1 04:10:37 UTC 2019
RC 0
-rw-r--r--. 1 centos centos 1000000000 Oct  1 04:10 1G_47.dat
Tue Oct  1 04:10:42 UTC 2019
RC 0
-rw-r--r--. 1 centos centos 1000000000 Oct  1 04:10 1G_47.dat
Tue Oct  1 04:10:49 UTC 2019
RC 0
-rw-r--r--. 1 centos centos 1000000000 Oct  1 04:10 1G_47.dat
--- Mid run ---
Tue Oct  1 04:10:54 UTC 2019
RC 0
-rw-r--r--. 1 centos centos 1000000000 Oct  1 04:11 1G_47.dat
=== Mid run end ===
Tue Oct  1 04:11:00 UTC 2019
RC 0
-rw-r--r--. 1 centos centos 1000000000 Oct  1 04:11 1G_47.dat
Tue Oct  1 04:11:06 UTC 2019
RC 0
-rw-r--r--. 1 centos centos 1000000000 Oct  1 04:11 1G_47.dat
Tue Oct  1 04:11:10 UTC 2019
