/dev/shm
Tue Oct  1 04:14:03 UTC 2019
Job 63
Fetching https://exaeastpf.blob.core.windows.net/exa-east/testm/data/1G_63.dat
Tue Oct  1 04:14:03 UTC 2019
RC 0
-rw-r--r--. 1 centos centos 1000000000 Oct  1 04:14 1G_63.dat
Tue Oct  1 04:14:10 UTC 2019
RC 0
-rw-r--r--. 1 centos centos 1000000000 Oct  1 04:14 1G_63.dat
Tue Oct  1 04:14:17 UTC 2019
RC 0
-rw-r--r--. 1 centos centos 1000000000 Oct  1 04:14 1G_63.dat
--- Mid run ---
Tue Oct  1 04:14:23 UTC 2019
RC 0
-rw-r--r--. 1 centos centos 1000000000 Oct  1 04:14 1G_63.dat
=== Mid run end ===
Tue Oct  1 04:14:29 UTC 2019
RC 0
-rw-r--r--. 1 centos centos 1000000000 Oct  1 04:14 1G_63.dat
Tue Oct  1 04:14:34 UTC 2019
RC 0
-rw-r--r--. 1 centos centos 1000000000 Oct  1 04:14 1G_63.dat
Tue Oct  1 04:14:38 UTC 2019
