/dev/shm
Tue Oct  1 04:13:55 UTC 2019
Job 9
Fetching https://exaeastp9.blob.core.windows.net/exa-east/testb/data/1G_9.dat
Tue Oct  1 04:13:55 UTC 2019
RC 0
-rw-r--r--. 1 centos centos 1000000000 Oct  1 04:13 1G_9.dat
Tue Oct  1 04:13:59 UTC 2019
RC 0
-rw-r--r--. 1 centos centos 1000000000 Oct  1 04:14 1G_9.dat
Tue Oct  1 04:14:05 UTC 2019
RC 0
-rw-r--r--. 1 centos centos 1000000000 Oct  1 04:14 1G_9.dat
--- Mid run ---
Tue Oct  1 04:14:11 UTC 2019
RC 0
-rw-r--r--. 1 centos centos 1000000000 Oct  1 04:14 1G_9.dat
=== Mid run end ===
Tue Oct  1 04:14:18 UTC 2019
RC 0
-rw-r--r--. 1 centos centos 1000000000 Oct  1 04:14 1G_9.dat
Tue Oct  1 04:14:24 UTC 2019
RC 0
-rw-r--r--. 1 centos centos 1000000000 Oct  1 04:14 1G_9.dat
Tue Oct  1 04:14:30 UTC 2019
