/dev/shm
Tue Oct  1 04:13:57 UTC 2019
Job 67
Fetching https://exaeastp3.blob.core.windows.net/exa-east/testa/data/1G_67.dat
Tue Oct  1 04:13:57 UTC 2019
RC 0
-rw-r--r--. 1 centos centos 1000000000 Oct  1 04:14 1G_67.dat
Tue Oct  1 04:14:02 UTC 2019
RC 0
-rw-r--r--. 1 centos centos 1000000000 Oct  1 04:14 1G_67.dat
Tue Oct  1 04:14:08 UTC 2019
RC 0
-rw-r--r--. 1 centos centos 1000000000 Oct  1 04:14 1G_67.dat
--- Mid run ---
Tue Oct  1 04:14:15 UTC 2019
RC 0
-rw-r--r--. 1 centos centos 1000000000 Oct  1 04:14 1G_67.dat
=== Mid run end ===
Tue Oct  1 04:14:21 UTC 2019
RC 0
-rw-r--r--. 1 centos centos 1000000000 Oct  1 04:14 1G_67.dat
Tue Oct  1 04:14:26 UTC 2019
RC 0
-rw-r--r--. 1 centos centos 1000000000 Oct  1 04:14 1G_67.dat
Tue Oct  1 04:14:32 UTC 2019
