Mon Sep 30 23:25:31 UTC 2019
Mon Sep 30 23:25:31 UTC 2019

real	0m5.223s
user	0m1.769s
sys	0m3.040s
Mon Sep 30 23:25:37 UTC 2019

real	0m5.984s
user	0m1.703s
sys	0m2.420s
Mon Sep 30 23:25:43 UTC 2019

real	0m5.715s
user	0m1.706s
sys	0m2.946s
--- Mid run ---
Mon Sep 30 23:25:49 UTC 2019

real	0m4.918s
user	0m1.822s
sys	0m2.875s
=== Mid run end ===
Mon Sep 30 23:25:54 UTC 2019

real	0m8.110s
user	0m1.830s
sys	0m3.022s
Mon Sep 30 23:26:02 UTC 2019

real	0m7.080s
user	0m1.758s
sys	0m3.262s
Mon Sep 30 23:26:09 UTC 2019
