/dev/shm
Slot slot5
Fetching 1G_5.dat
Sun Sep 29 00:25:19 UTC 2019
RC 0
-rw-r--r--. 1 centos centos 1048576000 Sep 29 00:26 1G_5.dat
--- Mid run ---
Sun Sep 29 00:26:49 UTC 2019
RC 0
-rw-r--r--. 1 centos centos 1048576000 Sep 29 00:29 1G_5.dat
=== Mid run end ===
Sun Sep 29 00:29:05 UTC 2019
RC 0
-rw-r--r--. 1 centos centos 1048576000 Sep 29 00:30 1G_5.dat
Sun Sep 29 00:30:31 UTC 2019
RC 0
-rw-r--r--. 1 centos centos 1048576000 Sep 29 00:32 1G_5.dat
Sun Sep 29 00:32:41 UTC 2019
RC 0
-rw-r--r--. 1 centos centos 1048576000 Sep 29 00:34 1G_5.dat
Sun Sep 29 00:34:48 UTC 2019
RC 0
-rw-r--r--. 1 centos centos 1048576000 Sep 29 00:35 1G_5.dat
Sun Sep 29 00:35:26 UTC 2019
