/dev/shm
Slot slot6
Fetching 1G_6.dat
Sun Sep 29 00:25:19 UTC 2019
RC 0
-rw-r--r--. 1 centos centos 1048576000 Sep 29 00:26 1G_6.dat
--- Mid run ---
Sun Sep 29 00:26:55 UTC 2019
RC 0
-rw-r--r--. 1 centos centos 1048576000 Sep 29 00:28 1G_6.dat
=== Mid run end ===
Sun Sep 29 00:28:24 UTC 2019
RC 0
-rw-r--r--. 1 centos centos 1048576000 Sep 29 00:30 1G_6.dat
Sun Sep 29 00:30:05 UTC 2019
RC 0
-rw-r--r--. 1 centos centos 1048576000 Sep 29 00:31 1G_6.dat
Sun Sep 29 00:31:39 UTC 2019
RC 0
-rw-r--r--. 1 centos centos 1048576000 Sep 29 00:34 1G_6.dat
Sun Sep 29 00:34:11 UTC 2019
RC 0
-rw-r--r--. 1 centos centos 1048576000 Sep 29 00:35 1G_6.dat
Sun Sep 29 00:35:20 UTC 2019
