/dev/shm
Slot slot3
Fetching 1G_3.dat
Wed Oct  2 17:34:14 UTC 2019
RC 0
-rw-r--r--. 1 cuser3 cuser 1048576000 Oct  2 17:34 1G_3.dat
--- Mid run ---
Wed Oct  2 17:34:50 UTC 2019
RC 0
-rw-r--r--. 1 cuser3 cuser 1048576000 Oct  2 17:35 1G_3.dat
=== Mid run end ===
Wed Oct  2 17:35:10 UTC 2019
RC 0
-rw-r--r--. 1 cuser3 cuser 1048576000 Oct  2 17:35 1G_3.dat
Wed Oct  2 17:35:29 UTC 2019
RC 0
-rw-r--r--. 1 cuser3 cuser 1048576000 Oct  2 17:35 1G_3.dat
Wed Oct  2 17:35:48 UTC 2019
RC 0
-rw-r--r--. 1 cuser3 cuser 1048576000 Oct  2 17:36 1G_3.dat
Wed Oct  2 17:36:07 UTC 2019
RC 0
-rw-r--r--. 1 cuser3 cuser 1048576000 Oct  2 17:37 1G_3.dat
Wed Oct  2 17:37:14 UTC 2019
