/dev/shm
Slot slot8
Fetching 1G_8.dat
Sat Sep 28 20:45:13 UTC 2019
RC 0
-rw-r--r--. 1 centos centos 1048576000 Sep 28 20:45 1G_8.dat
--- Mid run ---
Sat Sep 28 20:45:40 UTC 2019
RC 0
-rw-r--r--. 1 centos centos 1048576000 Sep 28 20:46 1G_8.dat
=== Mid run end ===
Sat Sep 28 20:46:04 UTC 2019
RC 0
-rw-r--r--. 1 centos centos 1048576000 Sep 28 20:46 1G_8.dat
Sat Sep 28 20:46:33 UTC 2019
RC 0
-rw-r--r--. 1 centos centos 1048576000 Sep 28 20:46 1G_8.dat
Sat Sep 28 20:46:58 UTC 2019
RC 0
-rw-r--r--. 1 centos centos 1048576000 Sep 28 20:47 1G_8.dat
Sat Sep 28 20:47:21 UTC 2019
RC 0
-rw-r--r--. 1 centos centos 1048576000 Sep 28 20:47 1G_8.dat
Sat Sep 28 20:47:41 UTC 2019
