Thu Oct  3 00:39:09 UTC 2019
Thu Oct  3 00:39:09 UTC 2019

real	0m11.648s
user	0m1.944s
sys	0m2.038s
Thu Oct  3 00:39:21 UTC 2019

real	0m14.440s
user	0m1.858s
sys	0m1.914s
Thu Oct  3 00:39:36 UTC 2019

real	0m16.933s
user	0m1.955s
sys	0m1.940s
--- Mid run ---
Thu Oct  3 00:39:53 UTC 2019

real	0m12.132s
user	0m1.870s
sys	0m1.949s
=== Mid run end ===
Thu Oct  3 00:40:05 UTC 2019

real	0m13.407s
user	0m2.033s
sys	0m2.018s
Thu Oct  3 00:40:19 UTC 2019

real	0m11.405s
user	0m1.775s
sys	0m1.760s
Thu Oct  3 00:40:30 UTC 2019
