Thu Oct  3 00:39:09 UTC 2019
Thu Oct  3 00:39:09 UTC 2019

real	0m13.873s
user	0m1.812s
sys	0m1.941s
Thu Oct  3 00:39:23 UTC 2019

real	0m13.329s
user	0m1.802s
sys	0m1.942s
Thu Oct  3 00:39:37 UTC 2019

real	0m16.889s
user	0m1.857s
sys	0m1.944s
--- Mid run ---
Thu Oct  3 00:39:54 UTC 2019

real	0m12.169s
user	0m1.763s
sys	0m1.886s
=== Mid run end ===
Thu Oct  3 00:40:06 UTC 2019

real	0m13.386s
user	0m1.857s
sys	0m1.923s
Thu Oct  3 00:40:20 UTC 2019

real	0m11.033s
user	0m1.710s
sys	0m1.811s
Thu Oct  3 00:40:31 UTC 2019
