Thu Oct  3 00:39:10 UTC 2019
Thu Oct  3 00:39:10 UTC 2019

real	0m11.205s
user	0m1.941s
sys	0m2.035s
Thu Oct  3 00:39:21 UTC 2019

real	0m11.317s
user	0m1.901s
sys	0m1.938s
Thu Oct  3 00:39:32 UTC 2019

real	0m11.612s
user	0m1.894s
sys	0m1.971s
--- Mid run ---
Thu Oct  3 00:39:44 UTC 2019

real	0m11.126s
user	0m1.739s
sys	0m1.958s
=== Mid run end ===
Thu Oct  3 00:39:55 UTC 2019

real	0m12.251s
user	0m1.808s
sys	0m1.867s
Thu Oct  3 00:40:08 UTC 2019

real	0m12.756s
user	0m1.819s
sys	0m1.898s
Thu Oct  3 00:40:21 UTC 2019
