/dev/shm
Slot slot6
Fetching 1G_6.dat from osg.newy32aoa.nrp.internet2.edu
Wed Oct  2 22:34:40 UTC 2019
RC 0
-rw-r--r--. 1 cuser6 cuser 1048576000 Oct  2 22:34 1G_6.dat
--- Mid run ---
Wed Oct  2 22:34:56 UTC 2019
RC 0
-rw-r--r--. 1 cuser6 cuser 1048576000 Oct  2 22:35 1G_6.dat
=== Mid run end ===
Wed Oct  2 22:35:11 UTC 2019
RC 0
-rw-r--r--. 1 cuser6 cuser 1048576000 Oct  2 22:35 1G_6.dat
Wed Oct  2 22:35:25 UTC 2019
RC 0
-rw-r--r--. 1 cuser6 cuser 1048576000 Oct  2 22:35 1G_6.dat
Wed Oct  2 22:35:39 UTC 2019
RC 0
-rw-r--r--. 1 cuser6 cuser 1048576000 Oct  2 22:35 1G_6.dat
Wed Oct  2 22:35:50 UTC 2019
RC 0
-rw-r--r--. 1 cuser6 cuser 1048576000 Oct  2 22:36 1G_6.dat
Wed Oct  2 22:36:03 UTC 2019
