/dev/shm/user_slot12
Wed Oct 23 22:36:33 UTC 2019
Job 51
Fetching 1G.dat from /base_3/test./data/1G_51.dat
Wed Oct 23 22:36:33 UTC 2019
INFO: Downloaded https://storage.googleapis.com/exa-us-west-1/9_data/base_3/testb/data/1G_51.dat into /dev/shm/user_slot12/1G_51.dat
RC 0
-rw-r--r--. 1 centos centos 1000000000 Oct 23 22:36 1G_51.dat
--- Mid run ---
Wed Oct 23 22:36:47 UTC 2019
INFO: Downloaded https://storage.googleapis.com/exa-us-west-1/9_data/base_3/testb/data/1G_51.dat into /dev/shm/user_slot12/1G_51.dat
RC 0
-rw-r--r--. 1 centos centos 1000000000 Oct 23 22:36 1G_51.dat
=== Mid run end ===
Wed Oct 23 22:36:56 UTC 2019
INFO: Downloaded https://storage.googleapis.com/exa-us-west-1/9_data/base_3/testb/data/1G_51.dat into /dev/shm/user_slot12/1G_51.dat
RC 0
-rw-r--r--. 1 centos centos 1000000000 Oct 23 22:37 1G_51.dat
Wed Oct 23 22:37:01 UTC 2019
INFO: Downloaded https://storage.googleapis.com/exa-us-west-1/9_data/base_3/testb/data/1G_51.dat into /dev/shm/user_slot12/1G_51.dat
RC 0
-rw-r--r--. 1 centos centos 1000000000 Oct 23 22:37 1G_51.dat
Wed Oct 23 22:37:07 UTC 2019
