/dev/shm/user_slot16
Wed Oct 23 22:36:28 UTC 2019
Job 2
Fetching 1G.dat from /base_2/test./data/1G_2.dat
Wed Oct 23 22:36:28 UTC 2019
INFO: Downloaded https://storage.googleapis.com/exa-us-west-1/0_data/base_2/testm/data/1G_2.dat into /dev/shm/user_slot16/1G_2.dat
RC 0
-rw-r--r--. 1 centos centos 1000000000 Oct 23 22:36 1G_2.dat
--- Mid run ---
Wed Oct 23 22:36:48 UTC 2019
INFO: Downloaded https://storage.googleapis.com/exa-us-west-1/0_data/base_2/testm/data/1G_2.dat into /dev/shm/user_slot16/1G_2.dat
RC 0
-rw-r--r--. 1 centos centos 1000000000 Oct 23 22:36 1G_2.dat
=== Mid run end ===
Wed Oct 23 22:36:55 UTC 2019
INFO: Downloaded https://storage.googleapis.com/exa-us-west-1/0_data/base_2/testm/data/1G_2.dat into /dev/shm/user_slot16/1G_2.dat
RC 0
-rw-r--r--. 1 centos centos 1000000000 Oct 23 22:37 1G_2.dat
Wed Oct 23 22:37:03 UTC 2019
INFO: Downloaded https://storage.googleapis.com/exa-us-west-1/0_data/base_2/testm/data/1G_2.dat into /dev/shm/user_slot16/1G_2.dat
RC 0
-rw-r--r--. 1 centos centos 1000000000 Oct 23 22:37 1G_2.dat
Wed Oct 23 22:37:09 UTC 2019
