/dev/shm/user_slot15
Wed Oct 23 22:36:37 UTC 2019
Job 102
Fetching 1G.dat from /base_6/test./data/1G_102.dat
Wed Oct 23 22:36:37 UTC 2019
INFO: Downloaded https://storage.googleapis.com/exa-us-west-1/5_data/base_6/testm/data/1G_102.dat into /dev/shm/user_slot15/1G_102.dat
RC 0
-rw-r--r--. 1 centos centos 1000000000 Oct 23 22:36 1G_102.dat
--- Mid run ---
Wed Oct 23 22:36:54 UTC 2019
INFO: Downloaded https://storage.googleapis.com/exa-us-west-1/5_data/base_6/testm/data/1G_102.dat into /dev/shm/user_slot15/1G_102.dat
RC 0
-rw-r--r--. 1 centos centos 1000000000 Oct 23 22:37 1G_102.dat
=== Mid run end ===
Wed Oct 23 22:37:01 UTC 2019
INFO: Downloaded https://storage.googleapis.com/exa-us-west-1/5_data/base_6/testm/data/1G_102.dat into /dev/shm/user_slot15/1G_102.dat
RC 0
-rw-r--r--. 1 centos centos 1000000000 Oct 23 22:37 1G_102.dat
Wed Oct 23 22:37:08 UTC 2019
INFO: Downloaded https://storage.googleapis.com/exa-us-west-1/5_data/base_6/testm/data/1G_102.dat into /dev/shm/user_slot15/1G_102.dat
RC 0
-rw-r--r--. 1 centos centos 1000000000 Oct 23 22:37 1G_102.dat
Wed Oct 23 22:37:13 UTC 2019
