/dev/shm
Mon Sep 30 22:13:04 UTC 2019
Job 16
Fetching http://exaeastb0.blob.core.windows.net/exa-east/0_testb/data/1G_16.dat
Mon Sep 30 22:13:04 UTC 2019
RC 0
-rw-r--r--. 1 centos centos 1000000000 Sep 30 22:13 1G_16.dat
Mon Sep 30 22:13:10 UTC 2019
RC 0
-rw-r--r--. 1 centos centos 1000000000 Sep 30 22:13 1G_16.dat
Mon Sep 30 22:13:19 UTC 2019
RC 0
-rw-r--r--. 1 centos centos 1000000000 Sep 30 22:13 1G_16.dat
--- Mid run ---
Mon Sep 30 22:13:26 UTC 2019
RC 0
-rw-r--r--. 1 centos centos 1000000000 Sep 30 22:13 1G_16.dat
=== Mid run end ===
Mon Sep 30 22:13:32 UTC 2019
RC 0
-rw-r--r--. 1 centos centos 1000000000 Sep 30 22:13 1G_16.dat
Mon Sep 30 22:13:40 UTC 2019
RC 0
-rw-r--r--. 1 centos centos 1000000000 Sep 30 22:13 1G_16.dat
Mon Sep 30 22:13:46 UTC 2019
