Tue Oct  1 04:03:38 UTC 2019
Tue Oct  1 04:03:38 UTC 2019

real	0m5.355s
user	0m1.673s
sys	0m2.469s
Tue Oct  1 04:03:43 UTC 2019

real	0m5.305s
user	0m1.659s
sys	0m2.570s
Tue Oct  1 04:03:49 UTC 2019

real	0m5.200s
user	0m1.741s
sys	0m2.596s
--- Mid run ---
Tue Oct  1 04:03:54 UTC 2019

real	0m5.601s
user	0m1.791s
sys	0m2.379s
=== Mid run end ===
Tue Oct  1 04:04:00 UTC 2019

real	0m5.751s
user	0m1.846s
sys	0m2.636s
Tue Oct  1 04:04:06 UTC 2019

real	0m6.240s
user	0m1.754s
sys	0m2.588s
Tue Oct  1 04:04:12 UTC 2019
