Tue Oct  1 04:03:38 UTC 2019
Tue Oct  1 04:03:38 UTC 2019

real	0m6.021s
user	0m1.827s
sys	0m2.602s
Tue Oct  1 04:03:44 UTC 2019

real	0m5.716s
user	0m1.714s
sys	0m2.645s
Tue Oct  1 04:03:50 UTC 2019

real	0m5.182s
user	0m1.811s
sys	0m2.618s
--- Mid run ---
Tue Oct  1 04:03:56 UTC 2019

real	0m5.975s
user	0m1.759s
sys	0m2.706s
=== Mid run end ===
Tue Oct  1 04:04:02 UTC 2019

real	0m5.653s
user	0m1.790s
sys	0m2.701s
Tue Oct  1 04:04:08 UTC 2019

real	0m5.981s
user	0m1.711s
sys	0m2.688s
Tue Oct  1 04:04:14 UTC 2019
