Tue Oct  1 04:01:52 UTC 2019
Tue Oct  1 04:01:52 UTC 2019

real	0m5.092s
user	0m1.979s
sys	0m2.793s
Tue Oct  1 04:01:57 UTC 2019

real	0m6.319s
user	0m2.210s
sys	0m3.680s
Tue Oct  1 04:02:04 UTC 2019

real	0m5.153s
user	0m2.143s
sys	0m2.700s
--- Mid run ---
Tue Oct  1 04:02:09 UTC 2019

real	0m5.811s
user	0m2.125s
sys	0m3.361s
=== Mid run end ===
Tue Oct  1 04:02:15 UTC 2019

real	0m5.300s
user	0m2.131s
sys	0m2.915s
Tue Oct  1 04:02:20 UTC 2019

real	0m6.393s
user	0m2.176s
sys	0m4.011s
Tue Oct  1 04:02:27 UTC 2019
