Tue Oct  1 04:03:38 UTC 2019
Tue Oct  1 04:03:38 UTC 2019

real	0m5.296s
user	0m2.029s
sys	0m2.883s
Tue Oct  1 04:03:44 UTC 2019

real	0m6.046s
user	0m2.160s
sys	0m3.766s
Tue Oct  1 04:03:50 UTC 2019

real	0m5.606s
user	0m2.112s
sys	0m2.770s
--- Mid run ---
Tue Oct  1 04:03:56 UTC 2019

real	0m5.424s
user	0m2.119s
sys	0m2.888s
=== Mid run end ===
Tue Oct  1 04:04:01 UTC 2019

real	0m4.852s
user	0m2.143s
sys	0m2.429s
Tue Oct  1 04:04:06 UTC 2019

real	0m5.925s
user	0m2.014s
sys	0m3.190s
Tue Oct  1 04:04:12 UTC 2019
