Tue Oct  1 04:01:52 UTC 2019
Tue Oct  1 04:01:52 UTC 2019

real	0m5.887s
user	0m1.710s
sys	0m2.372s
Tue Oct  1 04:01:58 UTC 2019

real	0m4.771s
user	0m1.668s
sys	0m2.398s
Tue Oct  1 04:02:03 UTC 2019

real	0m5.543s
user	0m1.830s
sys	0m2.643s
--- Mid run ---
Tue Oct  1 04:02:09 UTC 2019

real	0m5.902s
user	0m1.871s
sys	0m2.846s
=== Mid run end ===
Tue Oct  1 04:02:15 UTC 2019

real	0m6.097s
user	0m1.744s
sys	0m2.890s
Tue Oct  1 04:02:21 UTC 2019

real	0m6.032s
user	0m1.743s
sys	0m2.645s
Tue Oct  1 04:02:27 UTC 2019
