/dev/shm
Tue Oct  1 15:38:57 UTC 2019
Job 31
Fetching https://prp-test-us-east1.S3.amazonaws.com/f_testa/data/1G_31.dat
Tue Oct  1 15:38:57 UTC 2019
RC 0
-rw-r--r--. 1 centos centos 1000000000 Oct  1 15:39 1G_31.dat
Tue Oct  1 15:39:01 UTC 2019
RC 0
-rw-r--r--. 1 centos centos 1000000000 Oct  1 15:39 1G_31.dat
Tue Oct  1 15:39:06 UTC 2019
RC 0
-rw-r--r--. 1 centos centos 1000000000 Oct  1 15:39 1G_31.dat
--- Mid run ---
Tue Oct  1 15:39:11 UTC 2019
RC 0
-rw-r--r--. 1 centos centos 1000000000 Oct  1 15:39 1G_31.dat
=== Mid run end ===
Tue Oct  1 15:39:17 UTC 2019
RC 0
-rw-r--r--. 1 centos centos 1000000000 Oct  1 15:39 1G_31.dat
Tue Oct  1 15:39:22 UTC 2019
RC 0
-rw-r--r--. 1 centos centos 1000000000 Oct  1 15:39 1G_31.dat
Tue Oct  1 15:39:29 UTC 2019
RC 0
-rw-r--r--. 1 centos centos 1000000000 Oct  1 15:39 1G_31.dat
Tue Oct  1 15:39:36 UTC 2019
RC 0
-rw-r--r--. 1 centos centos 1000000000 Oct  1 15:39 1G_31.dat
Tue Oct  1 15:39:42 UTC 2019
