/dev/shm
Tue Oct  1 15:33:38 UTC 2019
Job 54
Fetching https://prp-test-us-east1.S3.amazonaws.com/6_testm/data/1G_54.dat
Tue Oct  1 15:33:38 UTC 2019
RC 0
-rw-r--r--. 1 centos centos 1000000000 Oct  1 15:33 1G_54.dat
Tue Oct  1 15:33:44 UTC 2019
RC 0
-rw-r--r--. 1 centos centos 1000000000 Oct  1 15:33 1G_54.dat
Tue Oct  1 15:33:53 UTC 2019
RC 0
-rw-r--r--. 1 centos centos 1000000000 Oct  1 15:34 1G_54.dat
--- Mid run ---
Tue Oct  1 15:34:02 UTC 2019
RC 0
-rw-r--r--. 1 centos centos 1000000000 Oct  1 15:34 1G_54.dat
=== Mid run end ===
Tue Oct  1 15:34:09 UTC 2019
RC 0
-rw-r--r--. 1 centos centos 1000000000 Oct  1 15:34 1G_54.dat
Tue Oct  1 15:34:16 UTC 2019
RC 0
-rw-r--r--. 1 centos centos 1000000000 Oct  1 15:34 1G_54.dat
Tue Oct  1 15:34:21 UTC 2019
RC 0
-rw-r--r--. 1 centos centos 1000000000 Oct  1 15:34 1G_54.dat
Tue Oct  1 15:34:29 UTC 2019
RC 0
-rw-r--r--. 1 centos centos 1000000000 Oct  1 15:34 1G_54.dat
Tue Oct  1 15:34:32 UTC 2019
