/dev/shm
Tue Oct  1 15:38:55 UTC 2019
Job 2
Fetching https://prp-test-us-east1.S3.amazonaws.com/2_testm/data/1G_2.dat
Tue Oct  1 15:38:55 UTC 2019
RC 0
-rw-r--r--. 1 centos centos 1000000000 Oct  1 15:39 1G_2.dat
Tue Oct  1 15:39:01 UTC 2019
RC 0
-rw-r--r--. 1 centos centos 1000000000 Oct  1 15:39 1G_2.dat
Tue Oct  1 15:39:05 UTC 2019
RC 0
-rw-r--r--. 1 centos centos 1000000000 Oct  1 15:39 1G_2.dat
--- Mid run ---
Tue Oct  1 15:39:10 UTC 2019
RC 0
-rw-r--r--. 1 centos centos 1000000000 Oct  1 15:39 1G_2.dat
=== Mid run end ===
Tue Oct  1 15:39:15 UTC 2019
RC 0
-rw-r--r--. 1 centos centos 1000000000 Oct  1 15:39 1G_2.dat
Tue Oct  1 15:39:21 UTC 2019
RC 0
-rw-r--r--. 1 centos centos 1000000000 Oct  1 15:39 1G_2.dat
Tue Oct  1 15:39:26 UTC 2019
RC 0
-rw-r--r--. 1 centos centos 1000000000 Oct  1 15:39 1G_2.dat
Tue Oct  1 15:39:31 UTC 2019
RC 0
-rw-r--r--. 1 centos centos 1000000000 Oct  1 15:39 1G_2.dat
Tue Oct  1 15:39:36 UTC 2019
