/dev/shm
Tue Oct  1 15:33:39 UTC 2019
Job 56
Fetching https://prp-test-us-east1.S3.amazonaws.com/8_testb/data/1G_56.dat
Tue Oct  1 15:33:39 UTC 2019
RC 0
-rw-r--r--. 1 centos centos 1000000000 Oct  1 15:33 1G_56.dat
Tue Oct  1 15:33:43 UTC 2019
RC 0
-rw-r--r--. 1 centos centos 1000000000 Oct  1 15:33 1G_56.dat
Tue Oct  1 15:33:51 UTC 2019
RC 0
-rw-r--r--. 1 centos centos 1000000000 Oct  1 15:33 1G_56.dat
--- Mid run ---
Tue Oct  1 15:33:59 UTC 2019
RC 0
-rw-r--r--. 1 centos centos 1000000000 Oct  1 15:34 1G_56.dat
=== Mid run end ===
Tue Oct  1 15:34:05 UTC 2019
RC 0
-rw-r--r--. 1 centos centos 1000000000 Oct  1 15:34 1G_56.dat
Tue Oct  1 15:34:13 UTC 2019
RC 0
-rw-r--r--. 1 centos centos 1000000000 Oct  1 15:34 1G_56.dat
Tue Oct  1 15:34:17 UTC 2019
RC 0
-rw-r--r--. 1 centos centos 1000000000 Oct  1 15:34 1G_56.dat
Tue Oct  1 15:34:24 UTC 2019
RC 0
-rw-r--r--. 1 centos centos 1000000000 Oct  1 15:34 1G_56.dat
Tue Oct  1 15:34:28 UTC 2019
