/dev/shm
Mon Sep 30 23:14:12 UTC 2019
Job 36
Fetching https://exaeastp0.blob.core.windows.net/exa-east/4_testa/data/1G_36.dat
Mon Sep 30 23:14:12 UTC 2019
RC 0
-rw-r--r--. 1 centos centos 1000000000 Sep 30 23:14 1G_36.dat
Mon Sep 30 23:14:20 UTC 2019
RC 0
-rw-r--r--. 1 centos centos 1000000000 Sep 30 23:14 1G_36.dat
Mon Sep 30 23:14:29 UTC 2019
RC 0
-rw-r--r--. 1 centos centos 1000000000 Sep 30 23:14 1G_36.dat
--- Mid run ---
Mon Sep 30 23:14:36 UTC 2019
RC 0
-rw-r--r--. 1 centos centos 1000000000 Sep 30 23:14 1G_36.dat
=== Mid run end ===
Mon Sep 30 23:14:42 UTC 2019
RC 0
-rw-r--r--. 1 centos centos 1000000000 Sep 30 23:14 1G_36.dat
Mon Sep 30 23:14:48 UTC 2019
RC 0
-rw-r--r--. 1 centos centos 1000000000 Sep 30 23:14 1G_36.dat
Mon Sep 30 23:14:54 UTC 2019
