/dev/shm
Mon Sep 30 23:14:07 UTC 2019
Job 18
Fetching https://exaeastp0.blob.core.windows.net/exa-east/2_testa/data/1G_18.dat
Mon Sep 30 23:14:07 UTC 2019
RC 0
-rw-r--r--. 1 centos centos 1000000000 Sep 30 23:14 1G_18.dat
Mon Sep 30 23:14:12 UTC 2019
RC 0
-rw-r--r--. 1 centos centos 1000000000 Sep 30 23:14 1G_18.dat
Mon Sep 30 23:14:17 UTC 2019
RC 0
-rw-r--r--. 1 centos centos 1000000000 Sep 30 23:14 1G_18.dat
--- Mid run ---
Mon Sep 30 23:14:25 UTC 2019
RC 0
-rw-r--r--. 1 centos centos 1000000000 Sep 30 23:14 1G_18.dat
=== Mid run end ===
Mon Sep 30 23:14:34 UTC 2019
RC 0
-rw-r--r--. 1 centos centos 1000000000 Sep 30 23:14 1G_18.dat
Mon Sep 30 23:14:43 UTC 2019
RC 0
-rw-r--r--. 1 centos centos 1000000000 Sep 30 23:14 1G_18.dat
Mon Sep 30 23:14:50 UTC 2019
