/dev/shm
Mon Sep 30 23:14:06 UTC 2019
Job 4
Fetching https://exaeastp0.blob.core.windows.net/exa-east/4_testb/data/1G_4.dat
Mon Sep 30 23:14:06 UTC 2019
RC 0
-rw-r--r--. 1 centos centos 1000000000 Sep 30 23:14 1G_4.dat
Mon Sep 30 23:14:14 UTC 2019
RC 0
-rw-r--r--. 1 centos centos 1000000000 Sep 30 23:14 1G_4.dat
Mon Sep 30 23:14:20 UTC 2019
RC 0
-rw-r--r--. 1 centos centos 1000000000 Sep 30 23:14 1G_4.dat
--- Mid run ---
Mon Sep 30 23:14:25 UTC 2019
RC 0
-rw-r--r--. 1 centos centos 1000000000 Sep 30 23:14 1G_4.dat
=== Mid run end ===
Mon Sep 30 23:14:34 UTC 2019
RC 0
-rw-r--r--. 1 centos centos 1000000000 Sep 30 23:14 1G_4.dat
Mon Sep 30 23:14:39 UTC 2019
RC 0
-rw-r--r--. 1 centos centos 1000000000 Sep 30 23:14 1G_4.dat
Mon Sep 30 23:14:45 UTC 2019
