/dev/shm
Mon Sep 30 23:14:07 UTC 2019
Job 19
Fetching https://exaeastp0.blob.core.windows.net/exa-east/3_testb/data/1G_19.dat
Mon Sep 30 23:14:07 UTC 2019
RC 0
-rw-r--r--. 1 centos centos 1000000000 Sep 30 23:14 1G_19.dat
Mon Sep 30 23:14:12 UTC 2019
RC 0
-rw-r--r--. 1 centos centos 1000000000 Sep 30 23:14 1G_19.dat
Mon Sep 30 23:14:21 UTC 2019
RC 0
-rw-r--r--. 1 centos centos 1000000000 Sep 30 23:14 1G_19.dat
--- Mid run ---
Mon Sep 30 23:14:26 UTC 2019
RC 0
-rw-r--r--. 1 centos centos 1000000000 Sep 30 23:14 1G_19.dat
=== Mid run end ===
Mon Sep 30 23:14:35 UTC 2019
RC 0
-rw-r--r--. 1 centos centos 1000000000 Sep 30 23:14 1G_19.dat
Mon Sep 30 23:14:43 UTC 2019
RC 0
-rw-r--r--. 1 centos centos 1000000000 Sep 30 23:14 1G_19.dat
Mon Sep 30 23:14:49 UTC 2019
