/dev/shm
Mon Sep 30 23:17:37 UTC 2019
Job 5
Fetching https://exaeastp0.blob.core.windows.net/exa-east/5_testa/data/1G_5.dat
Mon Sep 30 23:17:37 UTC 2019
RC 0
-rw-r--r--. 1 centos centos 1000000000 Sep 30 23:17 1G_5.dat
Mon Sep 30 23:17:42 UTC 2019
RC 0
-rw-r--r--. 1 centos centos 1000000000 Sep 30 23:17 1G_5.dat
Mon Sep 30 23:17:49 UTC 2019
RC 0
-rw-r--r--. 1 centos centos 1000000000 Sep 30 23:17 1G_5.dat
--- Mid run ---
Mon Sep 30 23:17:56 UTC 2019
RC 0
-rw-r--r--. 1 centos centos 1000000000 Sep 30 23:18 1G_5.dat
=== Mid run end ===
Mon Sep 30 23:18:03 UTC 2019
RC 0
-rw-r--r--. 1 centos centos 1000000000 Sep 30 23:18 1G_5.dat
Mon Sep 30 23:18:09 UTC 2019
RC 0
-rw-r--r--. 1 centos centos 1000000000 Sep 30 23:18 1G_5.dat
Mon Sep 30 23:18:17 UTC 2019
