Tue Oct  1 16:06:23 UTC 2019
Tue Oct  1 16:06:23 UTC 2019

real	0m10.551s
user	0m1.373s
sys	0m2.436s
Tue Oct  1 16:06:34 UTC 2019

real	0m10.116s
user	0m1.543s
sys	0m2.466s
Tue Oct  1 16:06:44 UTC 2019

real	0m10.135s
user	0m1.423s
sys	0m2.216s
--- Mid run ---
Tue Oct  1 16:06:54 UTC 2019

real	0m10.120s
user	0m1.352s
sys	0m2.153s
=== Mid run end ===
Tue Oct  1 16:07:04 UTC 2019

real	0m10.128s
user	0m1.464s
sys	0m2.412s
Tue Oct  1 16:07:15 UTC 2019

real	0m10.110s
user	0m1.510s
sys	0m2.847s
Tue Oct  1 16:07:25 UTC 2019

real	0m10.201s
user	0m1.326s
sys	0m2.275s
Tue Oct  1 16:07:35 UTC 2019

real	0m10.126s
user	0m1.325s
sys	0m2.401s
Tue Oct  1 16:07:45 UTC 2019
