Tue Oct  1 15:55:45 UTC 2019
Tue Oct  1 15:55:45 UTC 2019

real	0m10.137s
user	0m1.435s
sys	0m2.285s
Tue Oct  1 15:55:55 UTC 2019

real	0m11.233s
user	0m1.669s
sys	0m2.667s
Tue Oct  1 15:56:06 UTC 2019

real	0m10.117s
user	0m1.423s
sys	0m2.189s
--- Mid run ---
Tue Oct  1 15:56:17 UTC 2019

real	0m10.149s
user	0m1.598s
sys	0m2.153s
=== Mid run end ===
Tue Oct  1 15:56:27 UTC 2019

real	0m10.111s
user	0m1.395s
sys	0m2.044s
Tue Oct  1 15:56:37 UTC 2019

real	0m10.100s
user	0m1.439s
sys	0m2.278s
Tue Oct  1 15:56:47 UTC 2019

real	0m10.123s
user	0m1.573s
sys	0m2.618s
Tue Oct  1 15:56:57 UTC 2019

real	0m10.092s
user	0m1.438s
sys	0m2.032s
Tue Oct  1 15:57:08 UTC 2019
