Tue Oct  1 16:06:22 UTC 2019
Tue Oct  1 16:06:22 UTC 2019

real	0m10.111s
user	0m1.432s
sys	0m2.187s
Tue Oct  1 16:06:32 UTC 2019

real	0m10.099s
user	0m1.620s
sys	0m2.383s
Tue Oct  1 16:06:42 UTC 2019

real	0m10.146s
user	0m1.662s
sys	0m2.329s
--- Mid run ---
Tue Oct  1 16:06:52 UTC 2019

real	0m10.101s
user	0m1.367s
sys	0m2.316s
=== Mid run end ===
Tue Oct  1 16:07:03 UTC 2019

real	0m10.129s
user	0m1.371s
sys	0m2.306s
Tue Oct  1 16:07:13 UTC 2019

real	0m10.154s
user	0m1.387s
sys	0m2.311s
Tue Oct  1 16:07:23 UTC 2019

real	0m10.137s
user	0m1.493s
sys	0m2.242s
Tue Oct  1 16:07:33 UTC 2019

real	0m10.139s
user	0m1.396s
sys	0m2.293s
Tue Oct  1 16:07:44 UTC 2019
