Tue Oct  1 16:06:23 UTC 2019
Tue Oct  1 16:06:23 UTC 2019

real	0m16.851s
user	0m1.300s
sys	0m2.179s
Tue Oct  1 16:06:40 UTC 2019

real	0m10.721s
user	0m1.481s
sys	0m2.180s
Tue Oct  1 16:06:51 UTC 2019

real	0m10.122s
user	0m1.494s
sys	0m2.104s
--- Mid run ---
Tue Oct  1 16:07:01 UTC 2019

real	0m10.138s
user	0m1.658s
sys	0m2.400s
=== Mid run end ===
Tue Oct  1 16:07:12 UTC 2019

real	0m10.164s
user	0m1.484s
sys	0m2.078s
Tue Oct  1 16:07:22 UTC 2019

real	0m10.265s
user	0m1.381s
sys	0m2.415s
Tue Oct  1 16:07:32 UTC 2019

real	0m10.182s
user	0m1.544s
sys	0m2.082s
Tue Oct  1 16:07:42 UTC 2019

real	0m10.297s
user	0m1.558s
sys	0m2.202s
Tue Oct  1 16:07:53 UTC 2019
