Tue Oct  1 16:06:30 UTC 2019
Tue Oct  1 16:06:30 UTC 2019

real	0m10.111s
user	0m1.405s
sys	0m2.236s
Tue Oct  1 16:06:41 UTC 2019

real	0m10.154s
user	0m1.491s
sys	0m2.370s
Tue Oct  1 16:06:51 UTC 2019

real	0m10.128s
user	0m1.309s
sys	0m2.136s
--- Mid run ---
Tue Oct  1 16:07:01 UTC 2019

real	0m10.126s
user	0m1.592s
sys	0m2.358s
=== Mid run end ===
Tue Oct  1 16:07:11 UTC 2019

real	0m10.146s
user	0m1.455s
sys	0m2.506s
Tue Oct  1 16:07:22 UTC 2019

real	0m10.129s
user	0m1.568s
sys	0m2.780s
Tue Oct  1 16:07:32 UTC 2019

real	0m10.136s
user	0m1.544s
sys	0m2.547s
Tue Oct  1 16:07:42 UTC 2019

real	0m10.137s
user	0m1.382s
sys	0m2.173s
Tue Oct  1 16:07:52 UTC 2019
