Tue Oct  1 16:06:30 UTC 2019
Tue Oct  1 16:06:30 UTC 2019

real	0m10.100s
user	0m1.613s
sys	0m2.491s
Tue Oct  1 16:06:40 UTC 2019

real	0m10.120s
user	0m1.694s
sys	0m2.437s
Tue Oct  1 16:06:50 UTC 2019

real	0m26.037s
user	0m2.265s
sys	0m2.882s
--- Mid run ---
Tue Oct  1 16:07:17 UTC 2019

real	0m10.107s
user	0m1.500s
sys	0m2.433s
=== Mid run end ===
Tue Oct  1 16:07:27 UTC 2019

real	0m10.102s
user	0m1.491s
sys	0m2.389s
Tue Oct  1 16:07:37 UTC 2019

real	0m11.504s
user	0m1.365s
sys	0m2.306s
Tue Oct  1 16:07:49 UTC 2019

real	0m10.129s
user	0m1.692s
sys	0m2.700s
Tue Oct  1 16:07:59 UTC 2019

real	0m10.131s
user	0m1.688s
sys	0m3.255s
Tue Oct  1 16:08:09 UTC 2019
