Tue Oct  1 16:06:23 UTC 2019
Tue Oct  1 16:06:23 UTC 2019

real	0m12.864s
user	0m1.343s
sys	0m2.170s
Tue Oct  1 16:06:36 UTC 2019

real	0m10.249s
user	0m1.410s
sys	0m2.498s
Tue Oct  1 16:06:46 UTC 2019

real	0m10.128s
user	0m1.290s
sys	0m2.296s
--- Mid run ---
Tue Oct  1 16:06:57 UTC 2019

real	0m10.128s
user	0m1.613s
sys	0m2.538s
=== Mid run end ===
Tue Oct  1 16:07:07 UTC 2019

real	0m10.118s
user	0m1.621s
sys	0m2.802s
Tue Oct  1 16:07:17 UTC 2019

real	0m10.123s
user	0m1.407s
sys	0m2.449s
Tue Oct  1 16:07:27 UTC 2019

real	0m36.046s
user	0m1.895s
sys	0m2.961s
Tue Oct  1 16:08:03 UTC 2019

real	0m10.091s
user	0m1.476s
sys	0m2.536s
Tue Oct  1 16:08:14 UTC 2019
