====== env ======
_CONDOR_JOB_PIDS=
_CONDOR_ANCESTOR_3511=3811:1571872304:3891558306
TMPDIR=/var/lib/condor/execute/dir_5362
_CONDOR_SCRATCH_DIR=/var/lib/condor/execute/dir_5362
_CHIRP_DELAYED_UPDATE_PREFIX=Chirp*
TEMP=/var/lib/condor/execute/dir_5362
BATCH_SYSTEM=HTCondor
_CONDOR_CHIRP_CONFIG=/var/lib/condor/execute/dir_5362/.chirp.config
PWD=/var/lib/condor/execute/dir_5362
_CONDOR_AssignedGPUs=10000
CUDA_VISIBLE_DEVICES=10000
_CONDOR_SLOT=slot7
SHLVL=1
_CONDOR_MACHINE_AD=/var/lib/condor/execute/dir_5362/.machine.ad
TMP=/var/lib/condor/execute/dir_5362
GPU_DEVICE_ORDINAL=10000
OMP_NUM_THREADS=1
_CONDOR_JOB_AD=/var/lib/condor/execute/dir_5362/.job.ad
_CONDOR_ANCESTOR_3811=5362:1571873446:2651544583
_CONDOR_ANCESTOR_5362=5601:1571873448:2004242713
_CONDOR_JOB_IWD=/var/lib/condor/execute/dir_5362
_=/usr/bin/env
====== env ======
/dev/shm/user_slot7
Wed Oct 23 23:30:48 UTC 2019
Job 326
Uploading 1G.dat to /base_6/test./data/1G_326.dat
INFO: Uploading to gs://exa-us-east-1/5_data/base_6/testa/data/1G_326.dat (https://storage.googleapis.com/exa-us-east-1/5_data/base_6/testa/data/1G_326.dat)
RC 0
--- Mid run ---
Wed Oct 23 23:31:15 UTC 2019
INFO: Uploading to gs://exa-us-east-1/f_data/base_6/testm/data/1G_326.dat (https://storage.googleapis.com/exa-us-east-1/f_data/base_6/testm/data/1G_326.dat)
RC 0
=== Mid run end ===
Wed Oct 23 23:31:37 UTC 2019
INFO: Uploading to gs://exa-us-east-1/8_data/base_6/testb/data/1G_326.dat (https://storage.googleapis.com/exa-us-east-1/8_data/base_6/testb/data/1G_326.dat)
RC 0
Wed Oct 23 23:31:59 UTC 2019
