/dev/shm
Slot slot4
Fetching 1G_4.dat (http://osg.newy32aoa.nrp.internet2.edu:9001/user/dweitzel/public/chep/file.cvmfs.1000)
Sat Sep 28 23:51:21 UTC 2019
RC 0
-rw-r--r--. 1 centos centos 1048576000 Sep 28 23:51 1G_4.dat
--- Mid run ---
Sat Sep 28 23:51:52 UTC 2019
RC 0
-rw-r--r--. 1 centos centos 1048576000 Sep 28 23:52 1G_4.dat
=== Mid run end ===
Sat Sep 28 23:52:20 UTC 2019
RC 0
-rw-r--r--. 1 centos centos 1048576000 Sep 28 23:52 1G_4.dat
Sat Sep 28 23:52:47 UTC 2019
RC 0
-rw-r--r--. 1 centos centos 1048576000 Sep 28 23:53 1G_4.dat
Sat Sep 28 23:53:20 UTC 2019
RC 0
-rw-r--r--. 1 centos centos 1048576000 Sep 28 23:53 1G_4.dat
Sat Sep 28 23:53:58 UTC 2019
RC 0
-rw-r--r--. 1 centos centos 1048576000 Sep 28 23:54 1G_4.dat
Sat Sep 28 23:54:37 UTC 2019
