/dev/shm
Slot slot2
Fetching 1G_2.dat (http://stashcache.t2.ucsd.edu:8000/user/dweitzel/public/chep/file.cvmfs.1000)
Sat Sep 28 23:51:21 UTC 2019
RC 0
-rw-r--r--. 1 centos centos 1048576000 Sep 28 23:51 1G_2.dat
--- Mid run ---
Sat Sep 28 23:51:59 UTC 2019
RC 0
-rw-r--r--. 1 centos centos 1048576000 Sep 28 23:52 1G_2.dat
=== Mid run end ===
Sat Sep 28 23:52:32 UTC 2019
RC 0
-rw-r--r--. 1 centos centos 1048576000 Sep 28 23:53 1G_2.dat
Sat Sep 28 23:53:02 UTC 2019
RC 0
-rw-r--r--. 1 centos centos 1048576000 Sep 28 23:53 1G_2.dat
Sat Sep 28 23:53:16 UTC 2019
RC 0
-rw-r--r--. 1 centos centos 1048576000 Sep 28 23:53 1G_2.dat
Sat Sep 28 23:53:36 UTC 2019
RC 0
-rw-r--r--. 1 centos centos 1048576000 Sep 28 23:54 1G_2.dat
Sat Sep 28 23:54:03 UTC 2019
