/dev/shm
Slot slot3
Fetching 1G_3.dat (http://stashcache.t2.ucsd.edu:8000/user/dweitzel/public/chep/file.cvmfs.1000)
Sat Sep 28 23:51:21 UTC 2019
RC 0
-rw-r--r--. 1 centos centos 1048576000 Sep 28 23:52 1G_3.dat
--- Mid run ---
Sat Sep 28 23:52:01 UTC 2019
RC 0
-rw-r--r--. 1 centos centos 1048576000 Sep 28 23:52 1G_3.dat
=== Mid run end ===
Sat Sep 28 23:52:44 UTC 2019
RC 0
-rw-r--r--. 1 centos centos 1048576000 Sep 28 23:53 1G_3.dat
Sat Sep 28 23:53:13 UTC 2019
RC 0
-rw-r--r--. 1 centos centos 1048576000 Sep 28 23:53 1G_3.dat
Sat Sep 28 23:53:34 UTC 2019
RC 0
-rw-r--r--. 1 centos centos 1048576000 Sep 28 23:54 1G_3.dat
Sat Sep 28 23:54:02 UTC 2019
RC 0
-rw-r--r--. 1 centos centos 1048576000 Sep 28 23:54 1G_3.dat
Sat Sep 28 23:54:23 UTC 2019
