/dev/shm/user_slot16
Wed Oct 23 23:58:13 UTC 2019
Job 111
Fetching 1G.dat from /base_f/test./data/1G_111.dat
Wed Oct 23 23:58:13 UTC 2019
INFO: Downloaded https://storage.googleapis.com/exa-us-east-1/5_data/base_f/testa/data/1G_111.dat into /dev/shm/user_slot16/1G_111.dat
RC 0
-rw-r--r--. 1 centos centos 1000000000 Oct 23 23:58 1G_111.dat
--- Mid run ---
Wed Oct 23 23:58:31 UTC 2019
INFO: Downloaded https://storage.googleapis.com/exa-us-east-1/5_data/base_f/testa/data/1G_111.dat into /dev/shm/user_slot16/1G_111.dat
RC 0
-rw-r--r--. 1 centos centos 1000000000 Oct 23 23:58 1G_111.dat
=== Mid run end ===
Wed Oct 23 23:58:40 UTC 2019
INFO: Downloaded https://storage.googleapis.com/exa-us-east-1/5_data/base_f/testa/data/1G_111.dat into /dev/shm/user_slot16/1G_111.dat
RC 0
-rw-r--r--. 1 centos centos 1000000000 Oct 23 23:58 1G_111.dat
Wed Oct 23 23:58:49 UTC 2019
INFO: Downloaded https://storage.googleapis.com/exa-us-east-1/5_data/base_f/testa/data/1G_111.dat into /dev/shm/user_slot16/1G_111.dat
RC 0
-rw-r--r--. 1 centos centos 1000000000 Oct 23 23:58 1G_111.dat
Wed Oct 23 23:58:58 UTC 2019
