/dev/shm/user_slot11
Wed Oct 23 23:58:21 UTC 2019
Job 255
Fetching 1G.dat from /base_f/test./data/1G_255.dat
Wed Oct 23 23:58:21 UTC 2019
INFO: Downloaded https://storage.googleapis.com/exa-us-east-1/d_data/base_f/testb/data/1G_255.dat into /dev/shm/user_slot11/1G_255.dat
RC 0
-rw-r--r--. 1 centos centos 1000000000 Oct 23 23:58 1G_255.dat
--- Mid run ---
Wed Oct 23 23:58:35 UTC 2019
INFO: Downloaded https://storage.googleapis.com/exa-us-east-1/d_data/base_f/testb/data/1G_255.dat into /dev/shm/user_slot11/1G_255.dat
RC 0
-rw-r--r--. 1 centos centos 1000000000 Oct 23 23:58 1G_255.dat
=== Mid run end ===
Wed Oct 23 23:58:42 UTC 2019
INFO: Downloaded https://storage.googleapis.com/exa-us-east-1/d_data/base_f/testb/data/1G_255.dat into /dev/shm/user_slot11/1G_255.dat
RC 0
-rw-r--r--. 1 centos centos 1000000000 Oct 23 23:58 1G_255.dat
Wed Oct 23 23:58:48 UTC 2019
INFO: Downloaded https://storage.googleapis.com/exa-us-east-1/d_data/base_f/testb/data/1G_255.dat into /dev/shm/user_slot11/1G_255.dat
RC 0
-rw-r--r--. 1 centos centos 1000000000 Oct 23 23:58 1G_255.dat
Wed Oct 23 23:58:53 UTC 2019
