/dev/shm/user_slot11
Wed Oct 23 23:58:19 UTC 2019
Job 207
Fetching 1G.dat from /base_f/test./data/1G_207.dat
Wed Oct 23 23:58:19 UTC 2019
INFO: Downloaded https://storage.googleapis.com/exa-us-east-1/3_data/base_f/testa/data/1G_207.dat into /dev/shm/user_slot11/1G_207.dat
RC 0
-rw-r--r--. 1 centos centos 1000000000 Oct 23 23:58 1G_207.dat
--- Mid run ---
Wed Oct 23 23:58:30 UTC 2019
INFO: Downloaded https://storage.googleapis.com/exa-us-east-1/3_data/base_f/testa/data/1G_207.dat into /dev/shm/user_slot11/1G_207.dat
RC 0
-rw-r--r--. 1 centos centos 1000000000 Oct 23 23:58 1G_207.dat
=== Mid run end ===
Wed Oct 23 23:58:40 UTC 2019
INFO: Downloaded https://storage.googleapis.com/exa-us-east-1/3_data/base_f/testa/data/1G_207.dat into /dev/shm/user_slot11/1G_207.dat
RC 0
-rw-r--r--. 1 centos centos 1000000000 Oct 23 23:58 1G_207.dat
Wed Oct 23 23:58:47 UTC 2019
INFO: Downloaded https://storage.googleapis.com/exa-us-east-1/3_data/base_f/testa/data/1G_207.dat into /dev/shm/user_slot11/1G_207.dat
RC 0
-rw-r--r--. 1 centos centos 1000000000 Oct 23 23:58 1G_207.dat
Wed Oct 23 23:58:54 UTC 2019
