/dev/shm/user_slot10
Wed Oct 23 23:58:18 UTC 2019
Job 193
Fetching 1G.dat from /base_1/test./data/1G_193.dat
Wed Oct 23 23:58:18 UTC 2019
INFO: Downloaded https://storage.googleapis.com/exa-us-east-1/e_data/base_1/testm/data/1G_193.dat into /dev/shm/user_slot10/1G_193.dat
RC 0
-rw-r--r--. 1 centos centos 1000000000 Oct 23 23:58 1G_193.dat
--- Mid run ---
Wed Oct 23 23:58:35 UTC 2019
INFO: Downloaded https://storage.googleapis.com/exa-us-east-1/e_data/base_1/testm/data/1G_193.dat into /dev/shm/user_slot10/1G_193.dat
RC 0
-rw-r--r--. 1 centos centos 1000000000 Oct 23 23:58 1G_193.dat
=== Mid run end ===
Wed Oct 23 23:58:50 UTC 2019
INFO: Downloaded https://storage.googleapis.com/exa-us-east-1/e_data/base_1/testm/data/1G_193.dat into /dev/shm/user_slot10/1G_193.dat
RC 0
-rw-r--r--. 1 centos centos 1000000000 Oct 23 23:58 1G_193.dat
Wed Oct 23 23:58:59 UTC 2019
INFO: Downloaded https://storage.googleapis.com/exa-us-east-1/e_data/base_1/testm/data/1G_193.dat into /dev/shm/user_slot10/1G_193.dat
RC 0
-rw-r--r--. 1 centos centos 1000000000 Oct 23 23:59 1G_193.dat
Wed Oct 23 23:59:17 UTC 2019
