/dev/shm/user_slot6
Wed Oct 23 23:58:16 UTC 2019
Job 166
Fetching 1G.dat from /base_6/test./data/1G_166.dat
Wed Oct 23 23:58:16 UTC 2019
INFO: Downloaded https://storage.googleapis.com/exa-us-east-1/3_data/base_6/testm/data/1G_166.dat into /dev/shm/user_slot6/1G_166.dat
RC 0
-rw-r--r--. 1 centos centos 1000000000 Oct 23 23:58 1G_166.dat
--- Mid run ---
Wed Oct 23 23:58:36 UTC 2019
INFO: Downloaded https://storage.googleapis.com/exa-us-east-1/3_data/base_6/testm/data/1G_166.dat into /dev/shm/user_slot6/1G_166.dat
RC 0
-rw-r--r--. 1 centos centos 1000000000 Oct 23 23:58 1G_166.dat
=== Mid run end ===
Wed Oct 23 23:58:42 UTC 2019
INFO: Downloaded https://storage.googleapis.com/exa-us-east-1/3_data/base_6/testm/data/1G_166.dat into /dev/shm/user_slot6/1G_166.dat
RC 0
-rw-r--r--. 1 centos centos 1000000000 Oct 23 23:58 1G_166.dat
Wed Oct 23 23:58:48 UTC 2019
INFO: Downloaded https://storage.googleapis.com/exa-us-east-1/3_data/base_6/testm/data/1G_166.dat into /dev/shm/user_slot6/1G_166.dat
RC 0
-rw-r--r--. 1 centos centos 1000000000 Oct 23 23:58 1G_166.dat
Wed Oct 23 23:58:52 UTC 2019
