/dev/shm/user_slot6
Wed Oct 23 23:58:05 UTC 2019
Job 6
Fetching 1G.dat from /base_6/test./data/1G_6.dat
Wed Oct 23 23:58:05 UTC 2019
INFO: Downloaded https://storage.googleapis.com/exa-us-east-1/4_data/base_6/testa/data/1G_6.dat into /dev/shm/user_slot6/1G_6.dat
RC 0
-rw-r--r--. 1 centos centos 1000000000 Oct 23 23:58 1G_6.dat
--- Mid run ---
Wed Oct 23 23:58:20 UTC 2019
INFO: Downloaded https://storage.googleapis.com/exa-us-east-1/4_data/base_6/testa/data/1G_6.dat into /dev/shm/user_slot6/1G_6.dat
RC 0
-rw-r--r--. 1 centos centos 1000000000 Oct 23 23:58 1G_6.dat
=== Mid run end ===
Wed Oct 23 23:58:28 UTC 2019
INFO: Downloaded https://storage.googleapis.com/exa-us-east-1/4_data/base_6/testa/data/1G_6.dat into /dev/shm/user_slot6/1G_6.dat
RC 0
-rw-r--r--. 1 centos centos 1000000000 Oct 23 23:58 1G_6.dat
Wed Oct 23 23:58:38 UTC 2019
INFO: Downloaded https://storage.googleapis.com/exa-us-east-1/4_data/base_6/testa/data/1G_6.dat into /dev/shm/user_slot6/1G_6.dat
RC 0
-rw-r--r--. 1 centos centos 1000000000 Oct 23 23:58 1G_6.dat
Wed Oct 23 23:58:47 UTC 2019
