/dev/shm/user_slot9
Wed Oct 23 23:58:21 UTC 2019
Job 260
Fetching 1G.dat from /base_4/test./data/1G_260.dat
Wed Oct 23 23:58:21 UTC 2019
INFO: Downloaded https://storage.googleapis.com/exa-us-east-1/f_data/base_4/testb/data/1G_260.dat into /dev/shm/user_slot9/1G_260.dat
RC 0
-rw-r--r--. 1 centos centos 1000000000 Oct 23 23:58 1G_260.dat
--- Mid run ---
Wed Oct 23 23:58:36 UTC 2019
INFO: Downloaded https://storage.googleapis.com/exa-us-east-1/f_data/base_4/testb/data/1G_260.dat into /dev/shm/user_slot9/1G_260.dat
RC 0
-rw-r--r--. 1 centos centos 1000000000 Oct 23 23:58 1G_260.dat
=== Mid run end ===
Wed Oct 23 23:58:42 UTC 2019
INFO: Downloaded https://storage.googleapis.com/exa-us-east-1/f_data/base_4/testb/data/1G_260.dat into /dev/shm/user_slot9/1G_260.dat
RC 0
-rw-r--r--. 1 centos centos 1000000000 Oct 23 23:58 1G_260.dat
Wed Oct 23 23:58:48 UTC 2019
INFO: Downloaded https://storage.googleapis.com/exa-us-east-1/f_data/base_4/testb/data/1G_260.dat into /dev/shm/user_slot9/1G_260.dat
RC 0
-rw-r--r--. 1 centos centos 1000000000 Oct 23 23:58 1G_260.dat
Wed Oct 23 23:58:53 UTC 2019
