/dev/shm
Tue Oct  1 15:33:43 UTC 2019
Job 69
Fetching https://prp-test-us-east1.S3.amazonaws.com/5_testm/data/1G_69.dat
Tue Oct  1 15:33:43 UTC 2019
RC 0
-rw-r--r--. 1 centos centos 1000000000 Oct  1 15:33 1G_69.dat
Tue Oct  1 15:33:49 UTC 2019
RC 0
-rw-r--r--. 1 centos centos 1000000000 Oct  1 15:33 1G_69.dat
Tue Oct  1 15:33:54 UTC 2019
RC 0
-rw-r--r--. 1 centos centos 1000000000 Oct  1 15:33 1G_69.dat
--- Mid run ---
Tue Oct  1 15:34:00 UTC 2019
RC 0
-rw-r--r--. 1 centos centos 1000000000 Oct  1 15:34 1G_69.dat
=== Mid run end ===
Tue Oct  1 15:34:05 UTC 2019
RC 0
-rw-r--r--. 1 centos centos 1000000000 Oct  1 15:34 1G_69.dat
Tue Oct  1 15:34:10 UTC 2019
RC 0
-rw-r--r--. 1 centos centos 1000000000 Oct  1 15:34 1G_69.dat
Tue Oct  1 15:34:14 UTC 2019
RC 0
-rw-r--r--. 1 centos centos 1000000000 Oct  1 15:34 1G_69.dat
Tue Oct  1 15:34:18 UTC 2019
RC 0
-rw-r--r--. 1 centos centos 1000000000 Oct  1 15:34 1G_69.dat
Tue Oct  1 15:34:22 UTC 2019
