/dev/shm
Tue Oct  1 15:33:38 UTC 2019
Job 64
Fetching https://prp-test-us-east1.S3.amazonaws.com/0_testb/data/1G_64.dat
Tue Oct  1 15:33:38 UTC 2019
RC 0
-rw-r--r--. 1 centos centos 1000000000 Oct  1 15:33 1G_64.dat
Tue Oct  1 15:33:44 UTC 2019
RC 0
-rw-r--r--. 1 centos centos 1000000000 Oct  1 15:33 1G_64.dat
Tue Oct  1 15:33:50 UTC 2019
RC 0
-rw-r--r--. 1 centos centos 1000000000 Oct  1 15:33 1G_64.dat
--- Mid run ---
Tue Oct  1 15:33:56 UTC 2019
RC 0
-rw-r--r--. 1 centos centos 1000000000 Oct  1 15:34 1G_64.dat
=== Mid run end ===
Tue Oct  1 15:34:02 UTC 2019
RC 0
-rw-r--r--. 1 centos centos 1000000000 Oct  1 15:34 1G_64.dat
Tue Oct  1 15:34:08 UTC 2019
RC 0
-rw-r--r--. 1 centos centos 1000000000 Oct  1 15:34 1G_64.dat
Tue Oct  1 15:34:13 UTC 2019
RC 0
-rw-r--r--. 1 centos centos 1000000000 Oct  1 15:34 1G_64.dat
Tue Oct  1 15:34:19 UTC 2019
RC 0
-rw-r--r--. 1 centos centos 1000000000 Oct  1 15:34 1G_64.dat
Tue Oct  1 15:34:24 UTC 2019
