/dev/shm
Tue Oct  1 15:33:38 UTC 2019
Job 21
Fetching https://prp-test-us-east1.S3.amazonaws.com/5_testb/data/1G_21.dat
Tue Oct  1 15:33:38 UTC 2019
RC 0
-rw-r--r--. 1 centos centos 1000000000 Oct  1 15:33 1G_21.dat
Tue Oct  1 15:33:44 UTC 2019
RC 0
-rw-r--r--. 1 centos centos 1000000000 Oct  1 15:33 1G_21.dat
Tue Oct  1 15:33:51 UTC 2019
RC 0
-rw-r--r--. 1 centos centos 1000000000 Oct  1 15:34 1G_21.dat
--- Mid run ---
Tue Oct  1 15:34:02 UTC 2019
RC 0
-rw-r--r--. 1 centos centos 1000000000 Oct  1 15:34 1G_21.dat
=== Mid run end ===
Tue Oct  1 15:34:06 UTC 2019
RC 0
-rw-r--r--. 1 centos centos 1000000000 Oct  1 15:34 1G_21.dat
Tue Oct  1 15:34:12 UTC 2019
RC 0
-rw-r--r--. 1 centos centos 1000000000 Oct  1 15:34 1G_21.dat
Tue Oct  1 15:34:18 UTC 2019
RC 0
-rw-r--r--. 1 centos centos 1000000000 Oct  1 15:34 1G_21.dat
Tue Oct  1 15:34:25 UTC 2019
RC 0
-rw-r--r--. 1 centos centos 1000000000 Oct  1 15:34 1G_21.dat
Tue Oct  1 15:34:30 UTC 2019
