/dev/shm
Tue Oct  1 15:33:38 UTC 2019
Job 32
Fetching https://prp-test-us-east1.S3.amazonaws.com/0_testm/data/1G_32.dat
Tue Oct  1 15:33:38 UTC 2019
RC 0
-rw-r--r--. 1 centos centos 1000000000 Oct  1 15:33 1G_32.dat
Tue Oct  1 15:33:44 UTC 2019
RC 0
-rw-r--r--. 1 centos centos 1000000000 Oct  1 15:33 1G_32.dat
Tue Oct  1 15:33:51 UTC 2019
RC 0
-rw-r--r--. 1 centos centos 1000000000 Oct  1 15:33 1G_32.dat
--- Mid run ---
Tue Oct  1 15:33:57 UTC 2019
RC 0
-rw-r--r--. 1 centos centos 1000000000 Oct  1 15:34 1G_32.dat
=== Mid run end ===
Tue Oct  1 15:34:01 UTC 2019
RC 0
-rw-r--r--. 1 centos centos 1000000000 Oct  1 15:34 1G_32.dat
Tue Oct  1 15:34:08 UTC 2019
RC 0
-rw-r--r--. 1 centos centos 1000000000 Oct  1 15:34 1G_32.dat
Tue Oct  1 15:34:13 UTC 2019
RC 0
-rw-r--r--. 1 centos centos 1000000000 Oct  1 15:34 1G_32.dat
Tue Oct  1 15:34:18 UTC 2019
RC 0
-rw-r--r--. 1 centos centos 1000000000 Oct  1 15:34 1G_32.dat
Tue Oct  1 15:34:22 UTC 2019
