/dev/shm/user_slot8
Thu Oct  3 03:41:55 UTC 2019
Job 163
Fetching https://exaeastp3.blob.core.windows.net/exa-east/testm/data/1G_163.dat
Thu Oct  3 03:41:55 UTC 2019
RC 0
-rw-r--r--. 1 centos centos 1000000000 Oct  3 03:42 1G_163.dat
Thu Oct  3 03:42:04 UTC 2019
RC 0
-rw-r--r--. 1 centos centos 1000000000 Oct  3 03:42 1G_163.dat
Thu Oct  3 03:42:12 UTC 2019
RC 0
-rw-r--r--. 1 centos centos 1000000000 Oct  3 03:42 1G_163.dat
--- Mid run ---
Thu Oct  3 03:42:19 UTC 2019
RC 0
-rw-r--r--. 1 centos centos 1000000000 Oct  3 03:42 1G_163.dat
=== Mid run end ===
Thu Oct  3 03:42:28 UTC 2019
RC 0
-rw-r--r--. 1 centos centos 1000000000 Oct  3 03:42 1G_163.dat
Thu Oct  3 03:42:36 UTC 2019
RC 0
-rw-r--r--. 1 centos centos 1000000000 Oct  3 03:42 1G_163.dat
Thu Oct  3 03:42:42 UTC 2019
