/dev/shm/user_slot8
Thu Oct  3 03:43:21 UTC 2019
Job 150
Fetching https://exaeastp6.blob.core.windows.net/exa-east/testb/data/1G_150.dat
Thu Oct  3 03:43:21 UTC 2019
RC 0
-rw-r--r--. 1 centos centos 1000000000 Oct  3 03:43 1G_150.dat
Thu Oct  3 03:43:31 UTC 2019
RC 0
-rw-r--r--. 1 centos centos 1000000000 Oct  3 03:43 1G_150.dat
Thu Oct  3 03:43:42 UTC 2019
RC 0
-rw-r--r--. 1 centos centos 1000000000 Oct  3 03:43 1G_150.dat
--- Mid run ---
Thu Oct  3 03:43:49 UTC 2019
RC 0
-rw-r--r--. 1 centos centos 1000000000 Oct  3 03:43 1G_150.dat
=== Mid run end ===
Thu Oct  3 03:43:55 UTC 2019
RC 0
-rw-r--r--. 1 centos centos 1000000000 Oct  3 03:44 1G_150.dat
Thu Oct  3 03:44:00 UTC 2019
RC 0
-rw-r--r--. 1 centos centos 1000000000 Oct  3 03:44 1G_150.dat
Thu Oct  3 03:44:04 UTC 2019
