/dev/shm/user_slot3
Thu Oct  3 03:43:16 UTC 2019
Job 58
Fetching https://exaeastpa.blob.core.windows.net/exa-east/testm/data/1G_58.dat
Thu Oct  3 03:43:16 UTC 2019
RC 0
-rw-r--r--. 1 centos centos 1000000000 Oct  3 03:43 1G_58.dat
Thu Oct  3 03:43:20 UTC 2019
RC 0
-rw-r--r--. 1 centos centos 1000000000 Oct  3 03:43 1G_58.dat
Thu Oct  3 03:43:25 UTC 2019
RC 0
-rw-r--r--. 1 centos centos 1000000000 Oct  3 03:43 1G_58.dat
--- Mid run ---
Thu Oct  3 03:43:30 UTC 2019
RC 0
-rw-r--r--. 1 centos centos 1000000000 Oct  3 03:43 1G_58.dat
=== Mid run end ===
Thu Oct  3 03:43:36 UTC 2019
RC 0
-rw-r--r--. 1 centos centos 1000000000 Oct  3 03:43 1G_58.dat
Thu Oct  3 03:43:41 UTC 2019
RC 0
-rw-r--r--. 1 centos centos 1000000000 Oct  3 03:43 1G_58.dat
Thu Oct  3 03:43:46 UTC 2019
