/dev/shm/user_slot8
Thu Oct  3 03:43:21 UTC 2019
Job 160
Fetching https://exaeastp0.blob.core.windows.net/exa-east/testa/data/1G_160.dat
Thu Oct  3 03:43:21 UTC 2019
RC 0
-rw-r--r--. 1 centos centos 1000000000 Oct  3 03:43 1G_160.dat
Thu Oct  3 03:43:29 UTC 2019
RC 0
-rw-r--r--. 1 centos centos 1000000000 Oct  3 03:43 1G_160.dat
Thu Oct  3 03:43:35 UTC 2019
RC 0
-rw-r--r--. 1 centos centos 1000000000 Oct  3 03:43 1G_160.dat
--- Mid run ---
Thu Oct  3 03:43:43 UTC 2019
RC 0
-rw-r--r--. 1 centos centos 1000000000 Oct  3 03:43 1G_160.dat
=== Mid run end ===
Thu Oct  3 03:43:49 UTC 2019
RC 0
-rw-r--r--. 1 centos centos 1000000000 Oct  3 03:43 1G_160.dat
Thu Oct  3 03:43:56 UTC 2019
RC 0
-rw-r--r--. 1 centos centos 1000000000 Oct  3 03:44 1G_160.dat
Thu Oct  3 03:44:02 UTC 2019
