/dev/shm/user_slot8
Thu Oct  3 03:41:55 UTC 2019
Job 168
Fetching https://exaeastp8.blob.core.windows.net/exa-east/testa/data/1G_168.dat
Thu Oct  3 03:41:55 UTC 2019
RC 0
-rw-r--r--. 1 centos centos 1000000000 Oct  3 03:42 1G_168.dat
Thu Oct  3 03:42:02 UTC 2019
RC 0
-rw-r--r--. 1 centos centos 1000000000 Oct  3 03:42 1G_168.dat
Thu Oct  3 03:42:07 UTC 2019
RC 0
-rw-r--r--. 1 centos centos 1000000000 Oct  3 03:42 1G_168.dat
--- Mid run ---
Thu Oct  3 03:42:12 UTC 2019
RC 0
-rw-r--r--. 1 centos centos 1000000000 Oct  3 03:42 1G_168.dat
=== Mid run end ===
Thu Oct  3 03:42:16 UTC 2019
RC 0
-rw-r--r--. 1 centos centos 1000000000 Oct  3 03:42 1G_168.dat
Thu Oct  3 03:42:21 UTC 2019
RC 0
-rw-r--r--. 1 centos centos 1000000000 Oct  3 03:42 1G_168.dat
Thu Oct  3 03:42:25 UTC 2019
