/dev/shm/user_slot5
Thu Oct  3 03:43:20 UTC 2019
Job 89
Fetching https://exaeastp9.blob.core.windows.net/exa-east/testm/data/1G_89.dat
Thu Oct  3 03:43:20 UTC 2019
RC 0
-rw-r--r--. 1 centos centos 1000000000 Oct  3 03:43 1G_89.dat
Thu Oct  3 03:43:28 UTC 2019
RC 0
-rw-r--r--. 1 centos centos 1000000000 Oct  3 03:43 1G_89.dat
Thu Oct  3 03:43:35 UTC 2019
RC 0
-rw-r--r--. 1 centos centos 1000000000 Oct  3 03:43 1G_89.dat
--- Mid run ---
Thu Oct  3 03:43:42 UTC 2019
RC 0
-rw-r--r--. 1 centos centos 1000000000 Oct  3 03:43 1G_89.dat
=== Mid run end ===
Thu Oct  3 03:43:47 UTC 2019
RC 0
-rw-r--r--. 1 centos centos 1000000000 Oct  3 03:43 1G_89.dat
Thu Oct  3 03:43:53 UTC 2019
RC 0
-rw-r--r--. 1 centos centos 1000000000 Oct  3 03:43 1G_89.dat
Thu Oct  3 03:43:57 UTC 2019
