/dev/shm/user_slot3
Thu Oct  3 03:41:54 UTC 2019
Job 45
Fetching https://exaeastpd.blob.core.windows.net/exa-east/testa/data/1G_45.dat
Thu Oct  3 03:41:54 UTC 2019
RC 0
-rw-r--r--. 1 centos centos 1000000000 Oct  3 03:42 1G_45.dat
Thu Oct  3 03:42:00 UTC 2019
RC 0
-rw-r--r--. 1 centos centos 1000000000 Oct  3 03:42 1G_45.dat
Thu Oct  3 03:42:07 UTC 2019
RC 0
-rw-r--r--. 1 centos centos 1000000000 Oct  3 03:42 1G_45.dat
--- Mid run ---
Thu Oct  3 03:42:12 UTC 2019
RC 0
-rw-r--r--. 1 centos centos 1000000000 Oct  3 03:42 1G_45.dat
=== Mid run end ===
Thu Oct  3 03:42:18 UTC 2019
RC 0
-rw-r--r--. 1 centos centos 1000000000 Oct  3 03:42 1G_45.dat
Thu Oct  3 03:42:24 UTC 2019
RC 0
-rw-r--r--. 1 centos centos 1000000000 Oct  3 03:42 1G_45.dat
Thu Oct  3 03:42:29 UTC 2019
