/dev/shm/user_slot8
Thu Oct  3 03:43:22 UTC 2019
Job 170
Fetching https://exaeastpa.blob.core.windows.net/exa-east/testa/data/1G_170.dat
Thu Oct  3 03:43:22 UTC 2019
RC 0
-rw-r--r--. 1 centos centos 1000000000 Oct  3 03:43 1G_170.dat
Thu Oct  3 03:43:30 UTC 2019
RC 0
-rw-r--r--. 1 centos centos 1000000000 Oct  3 03:43 1G_170.dat
Thu Oct  3 03:43:40 UTC 2019
RC 0
-rw-r--r--. 1 centos centos 1000000000 Oct  3 03:43 1G_170.dat
--- Mid run ---
Thu Oct  3 03:43:47 UTC 2019
RC 0
-rw-r--r--. 1 centos centos 1000000000 Oct  3 03:43 1G_170.dat
=== Mid run end ===
Thu Oct  3 03:43:53 UTC 2019
RC 0
-rw-r--r--. 1 centos centos 1000000000 Oct  3 03:43 1G_170.dat
Thu Oct  3 03:43:58 UTC 2019
RC 0
-rw-r--r--. 1 centos centos 1000000000 Oct  3 03:44 1G_170.dat
Thu Oct  3 03:44:03 UTC 2019
