/dev/shm/user_slot7
Thu Oct  3 03:41:55 UTC 2019
Job 139
Fetching https://exaeastpb.blob.core.windows.net/exa-east/testa/data/1G_139.dat
Thu Oct  3 03:41:55 UTC 2019
RC 0
-rw-r--r--. 1 centos centos 1000000000 Oct  3 03:42 1G_139.dat
Thu Oct  3 03:42:03 UTC 2019
RC 0
-rw-r--r--. 1 centos centos 1000000000 Oct  3 03:42 1G_139.dat
Thu Oct  3 03:42:10 UTC 2019
RC 0
-rw-r--r--. 1 centos centos 1000000000 Oct  3 03:42 1G_139.dat
--- Mid run ---
Thu Oct  3 03:42:17 UTC 2019
RC 0
-rw-r--r--. 1 centos centos 1000000000 Oct  3 03:42 1G_139.dat
=== Mid run end ===
Thu Oct  3 03:42:23 UTC 2019
RC 0
-rw-r--r--. 1 centos centos 1000000000 Oct  3 03:42 1G_139.dat
Thu Oct  3 03:42:29 UTC 2019
RC 0
-rw-r--r--. 1 centos centos 1000000000 Oct  3 03:42 1G_139.dat
Thu Oct  3 03:42:34 UTC 2019
