/dev/shm
Tue Oct  1 15:50:24 UTC 2019
Job 157
Fetching https://prp-test-us-east1.S3.amazonaws.com/d_testa/data/1G_157.dat
Tue Oct  1 15:50:24 UTC 2019
RC 0
-rw-r--r--. 1 centos centos 1000000000 Oct  1 15:50 1G_157.dat
Tue Oct  1 15:50:33 UTC 2019
RC 0
-rw-r--r--. 1 centos centos 1000000000 Oct  1 15:50 1G_157.dat
Tue Oct  1 15:50:44 UTC 2019
RC 0
-rw-r--r--. 1 centos centos 1000000000 Oct  1 15:50 1G_157.dat
--- Mid run ---
Tue Oct  1 15:50:53 UTC 2019
RC 0
-rw-r--r--. 1 centos centos 1000000000 Oct  1 15:50 1G_157.dat
=== Mid run end ===
Tue Oct  1 15:50:58 UTC 2019
RC 0
-rw-r--r--. 1 centos centos 1000000000 Oct  1 15:51 1G_157.dat
Tue Oct  1 15:51:02 UTC 2019
RC 0
-rw-r--r--. 1 centos centos 1000000000 Oct  1 15:51 1G_157.dat
Tue Oct  1 15:51:05 UTC 2019
RC 0
-rw-r--r--. 1 centos centos 1000000000 Oct  1 15:51 1G_157.dat
Tue Oct  1 15:51:09 UTC 2019
RC 0
-rw-r--r--. 1 centos centos 1000000000 Oct  1 15:51 1G_157.dat
Tue Oct  1 15:51:12 UTC 2019
