/dev/shm
Tue Oct  1 15:50:19 UTC 2019
Job 111
Fetching https://prp-test-us-east1.S3.amazonaws.com/f_testa/data/1G_111.dat
Tue Oct  1 15:50:19 UTC 2019
RC 0
-rw-r--r--. 1 centos centos 1000000000 Oct  1 15:50 1G_111.dat
Tue Oct  1 15:50:25 UTC 2019
RC 0
-rw-r--r--. 1 centos centos 1000000000 Oct  1 15:50 1G_111.dat
Tue Oct  1 15:50:33 UTC 2019
RC 0
-rw-r--r--. 1 centos centos 1000000000 Oct  1 15:50 1G_111.dat
--- Mid run ---
Tue Oct  1 15:50:40 UTC 2019
RC 0
-rw-r--r--. 1 centos centos 1000000000 Oct  1 15:50 1G_111.dat
=== Mid run end ===
Tue Oct  1 15:50:45 UTC 2019
RC 0
-rw-r--r--. 1 centos centos 1000000000 Oct  1 15:50 1G_111.dat
Tue Oct  1 15:50:52 UTC 2019
RC 0
-rw-r--r--. 1 centos centos 1000000000 Oct  1 15:50 1G_111.dat
Tue Oct  1 15:50:57 UTC 2019
RC 0
-rw-r--r--. 1 centos centos 1000000000 Oct  1 15:51 1G_111.dat
Tue Oct  1 15:51:01 UTC 2019
RC 0
-rw-r--r--. 1 centos centos 1000000000 Oct  1 15:51 1G_111.dat
Tue Oct  1 15:51:06 UTC 2019
