/dev/shm
Tue Oct  1 15:50:11 UTC 2019
Job 28
Fetching https://prp-test-us-east1.S3.amazonaws.com/c_testm/data/1G_28.dat
Tue Oct  1 15:50:11 UTC 2019
RC 0
-rw-r--r--. 1 centos centos 1000000000 Oct  1 15:50 1G_28.dat
Tue Oct  1 15:50:15 UTC 2019
RC 0
-rw-r--r--. 1 centos centos 1000000000 Oct  1 15:50 1G_28.dat
Tue Oct  1 15:50:18 UTC 2019
RC 0
-rw-r--r--. 1 centos centos 1000000000 Oct  1 15:50 1G_28.dat
--- Mid run ---
Tue Oct  1 15:50:23 UTC 2019
RC 0
-rw-r--r--. 1 centos centos 1000000000 Oct  1 15:50 1G_28.dat
=== Mid run end ===
Tue Oct  1 15:50:31 UTC 2019
RC 0
-rw-r--r--. 1 centos centos 1000000000 Oct  1 15:50 1G_28.dat
Tue Oct  1 15:50:39 UTC 2019
RC 0
-rw-r--r--. 1 centos centos 1000000000 Oct  1 15:50 1G_28.dat
Tue Oct  1 15:50:48 UTC 2019
RC 0
-rw-r--r--. 1 centos centos 1000000000 Oct  1 15:50 1G_28.dat
Tue Oct  1 15:50:55 UTC 2019
RC 0
-rw-r--r--. 1 centos centos 1000000000 Oct  1 15:51 1G_28.dat
Tue Oct  1 15:51:01 UTC 2019
