/dev/shm
Tue Oct  1 16:04:01 UTC 2019
Job 4
Fetching https://prp-test-us-east1.S3.amazonaws.com/4_testa/data/1G_4.dat
Tue Oct  1 16:04:01 UTC 2019
RC 0
-rw-r--r--. 1 centos centos 1000000000 Oct  1 16:04 1G_4.dat
Tue Oct  1 16:04:06 UTC 2019
RC 0
-rw-r--r--. 1 centos centos 1000000000 Oct  1 16:04 1G_4.dat
Tue Oct  1 16:04:10 UTC 2019
RC 0
-rw-r--r--. 1 centos centos 1000000000 Oct  1 16:04 1G_4.dat
--- Mid run ---
Tue Oct  1 16:04:16 UTC 2019
RC 0
-rw-r--r--. 1 centos centos 1000000000 Oct  1 16:04 1G_4.dat
=== Mid run end ===
Tue Oct  1 16:04:24 UTC 2019
RC 0
-rw-r--r--. 1 centos centos 1000000000 Oct  1 16:04 1G_4.dat
Tue Oct  1 16:04:31 UTC 2019
RC 0
-rw-r--r--. 1 centos centos 1000000000 Oct  1 16:04 1G_4.dat
Tue Oct  1 16:04:38 UTC 2019
RC 0
-rw-r--r--. 1 centos centos 1000000000 Oct  1 16:04 1G_4.dat
Tue Oct  1 16:04:45 UTC 2019
RC 0
-rw-r--r--. 1 centos centos 1000000000 Oct  1 16:04 1G_4.dat
Tue Oct  1 16:04:50 UTC 2019
