/dev/shm
Tue Oct  1 16:04:02 UTC 2019
Job 8
Fetching https://prp-test-us-east1.S3.amazonaws.com/8_testa/data/1G_8.dat
Tue Oct  1 16:04:02 UTC 2019
RC 0
-rw-r--r--. 1 centos centos 1000000000 Oct  1 16:04 1G_8.dat
Tue Oct  1 16:04:06 UTC 2019
RC 0
-rw-r--r--. 1 centos centos 1000000000 Oct  1 16:04 1G_8.dat
Tue Oct  1 16:04:10 UTC 2019
RC 0
-rw-r--r--. 1 centos centos 1000000000 Oct  1 16:04 1G_8.dat
--- Mid run ---
Tue Oct  1 16:04:15 UTC 2019
RC 0
-rw-r--r--. 1 centos centos 1000000000 Oct  1 16:04 1G_8.dat
=== Mid run end ===
Tue Oct  1 16:04:22 UTC 2019
RC 0
-rw-r--r--. 1 centos centos 1000000000 Oct  1 16:04 1G_8.dat
Tue Oct  1 16:04:30 UTC 2019
RC 0
-rw-r--r--. 1 centos centos 1000000000 Oct  1 16:04 1G_8.dat
Tue Oct  1 16:04:36 UTC 2019
RC 0
-rw-r--r--. 1 centos centos 1000000000 Oct  1 16:04 1G_8.dat
Tue Oct  1 16:04:43 UTC 2019
RC 0
-rw-r--r--. 1 centos centos 1000000000 Oct  1 16:04 1G_8.dat
Tue Oct  1 16:04:50 UTC 2019
