/dev/shm
Tue Oct  1 15:50:24 UTC 2019
Job 134
Fetching https://prp-test-us-east1.S3.amazonaws.com/6_testm/data/1G_134.dat
Tue Oct  1 15:50:24 UTC 2019
RC 0
-rw-r--r--. 1 centos centos 1000000000 Oct  1 15:50 1G_134.dat
Tue Oct  1 15:50:33 UTC 2019
RC 0
-rw-r--r--. 1 centos centos 1000000000 Oct  1 15:50 1G_134.dat
Tue Oct  1 15:50:38 UTC 2019
RC 0
-rw-r--r--. 1 centos centos 1000000000 Oct  1 15:50 1G_134.dat
--- Mid run ---
Tue Oct  1 15:50:42 UTC 2019
RC 0
-rw-r--r--. 1 centos centos 1000000000 Oct  1 15:50 1G_134.dat
=== Mid run end ===
Tue Oct  1 15:50:48 UTC 2019
RC 0
-rw-r--r--. 1 centos centos 1000000000 Oct  1 15:50 1G_134.dat
Tue Oct  1 15:50:58 UTC 2019
RC 0
-rw-r--r--. 1 centos centos 1000000000 Oct  1 15:51 1G_134.dat
Tue Oct  1 15:51:03 UTC 2019
RC 0
-rw-r--r--. 1 centos centos 1000000000 Oct  1 15:51 1G_134.dat
Tue Oct  1 15:51:06 UTC 2019
RC 0
-rw-r--r--. 1 centos centos 1000000000 Oct  1 15:51 1G_134.dat
Tue Oct  1 15:51:09 UTC 2019
