/dev/shm
Tue Oct  1 16:04:11 UTC 2019
Job 131
Fetching https://prp-test-us-east1.S3.amazonaws.com/3_testm/data/1G_131.dat
Tue Oct  1 16:04:11 UTC 2019
RC 0
-rw-r--r--. 1 centos centos 1000000000 Oct  1 16:04 1G_131.dat
Tue Oct  1 16:04:17 UTC 2019
RC 0
-rw-r--r--. 1 centos centos 1000000000 Oct  1 16:04 1G_131.dat
Tue Oct  1 16:04:25 UTC 2019
RC 0
-rw-r--r--. 1 centos centos 1000000000 Oct  1 16:04 1G_131.dat
--- Mid run ---
Tue Oct  1 16:04:30 UTC 2019
RC 0
-rw-r--r--. 1 centos centos 1000000000 Oct  1 16:04 1G_131.dat
=== Mid run end ===
Tue Oct  1 16:04:35 UTC 2019
RC 0
-rw-r--r--. 1 centos centos 1000000000 Oct  1 16:04 1G_131.dat
Tue Oct  1 16:04:46 UTC 2019
RC 0
-rw-r--r--. 1 centos centos 1000000000 Oct  1 16:04 1G_131.dat
Tue Oct  1 16:04:51 UTC 2019
RC 0
-rw-r--r--. 1 centos centos 1000000000 Oct  1 16:04 1G_131.dat
Tue Oct  1 16:04:55 UTC 2019
RC 0
-rw-r--r--. 1 centos centos 1000000000 Oct  1 16:04 1G_131.dat
Tue Oct  1 16:04:58 UTC 2019
