/dev/shm
Tue Oct  1 16:04:10 UTC 2019
Job 94
Fetching https://prp-test-us-east1.S3.amazonaws.com/e_testb/data/1G_94.dat
Tue Oct  1 16:04:10 UTC 2019
RC 0
-rw-r--r--. 1 centos centos 1000000000 Oct  1 16:04 1G_94.dat
Tue Oct  1 16:04:16 UTC 2019
RC 0
-rw-r--r--. 1 centos centos 1000000000 Oct  1 16:04 1G_94.dat
Tue Oct  1 16:04:25 UTC 2019
RC 0
-rw-r--r--. 1 centos centos 1000000000 Oct  1 16:04 1G_94.dat
--- Mid run ---
Tue Oct  1 16:04:33 UTC 2019
RC 0
-rw-r--r--. 1 centos centos 1000000000 Oct  1 16:04 1G_94.dat
=== Mid run end ===
Tue Oct  1 16:04:44 UTC 2019
RC 0
-rw-r--r--. 1 centos centos 1000000000 Oct  1 16:04 1G_94.dat
Tue Oct  1 16:04:48 UTC 2019
RC 0
-rw-r--r--. 1 centos centos 1000000000 Oct  1 16:04 1G_94.dat
Tue Oct  1 16:04:52 UTC 2019
RC 0
-rw-r--r--. 1 centos centos 1000000000 Oct  1 16:04 1G_94.dat
Tue Oct  1 16:04:55 UTC 2019
RC 0
-rw-r--r--. 1 centos centos 1000000000 Oct  1 16:04 1G_94.dat
Tue Oct  1 16:04:59 UTC 2019
