Mon Sep 30 23:25:31 UTC 2019
Mon Sep 30 23:25:31 UTC 2019

real	0m5.755s
user	0m1.930s
sys	0m2.845s
Mon Sep 30 23:25:37 UTC 2019

real	0m6.878s
user	0m1.992s
sys	0m3.621s
Mon Sep 30 23:25:44 UTC 2019

real	0m9.051s
user	0m2.134s
sys	0m3.200s
--- Mid run ---
Mon Sep 30 23:25:53 UTC 2019

real	0m9.104s
user	0m2.219s
sys	0m3.779s
=== Mid run end ===
Mon Sep 30 23:26:03 UTC 2019

real	0m9.212s
user	0m2.138s
sys	0m3.486s
Mon Sep 30 23:26:12 UTC 2019

real	0m6.992s
user	0m2.116s
sys	0m3.038s
Mon Sep 30 23:26:19 UTC 2019
