Mon Sep 30 23:23:56 UTC 2019
Mon Sep 30 23:23:56 UTC 2019

real	0m7.821s
user	0m2.134s
sys	0m3.519s
Mon Sep 30 23:24:04 UTC 2019

real	0m8.352s
user	0m2.164s
sys	0m2.641s
Mon Sep 30 23:24:12 UTC 2019

real	0m6.671s
user	0m1.970s
sys	0m3.237s
--- Mid run ---
Mon Sep 30 23:24:19 UTC 2019

real	0m9.202s
user	0m2.010s
sys	0m3.775s
=== Mid run end ===
Mon Sep 30 23:24:28 UTC 2019

real	0m6.714s
user	0m2.160s
sys	0m3.310s
Mon Sep 30 23:24:35 UTC 2019

real	0m5.500s
user	0m1.454s
sys	0m1.998s
Mon Sep 30 23:24:41 UTC 2019
