Mon Sep 30 23:25:31 UTC 2019
Mon Sep 30 23:25:31 UTC 2019

real	0m5.854s
user	0m1.681s
sys	0m2.569s
Mon Sep 30 23:25:37 UTC 2019

real	0m9.563s
user	0m1.781s
sys	0m2.757s
Mon Sep 30 23:25:47 UTC 2019

real	0m6.274s
user	0m1.702s
sys	0m2.541s
--- Mid run ---
Mon Sep 30 23:25:53 UTC 2019

real	0m9.075s
user	0m1.829s
sys	0m2.352s
=== Mid run end ===
Mon Sep 30 23:26:02 UTC 2019

real	0m6.169s
user	0m1.781s
sys	0m2.665s
Mon Sep 30 23:26:09 UTC 2019

real	0m9.816s
user	0m1.806s
sys	0m2.535s
Mon Sep 30 23:26:18 UTC 2019
