Mon Sep 30 23:14:07 UTC 2019
Mon Sep 30 23:14:07 UTC 2019

real	0m5.227s
user	0m1.558s
sys	0m3.107s
Mon Sep 30 23:14:13 UTC 2019

real	0m8.247s
user	0m1.734s
sys	0m2.974s
Mon Sep 30 23:14:21 UTC 2019

real	0m5.087s
user	0m1.678s
sys	0m3.062s
--- Mid run ---
Mon Sep 30 23:14:26 UTC 2019

real	0m8.778s
user	0m1.737s
sys	0m2.907s
=== Mid run end ===
Mon Sep 30 23:14:35 UTC 2019

real	0m7.705s
user	0m1.918s
sys	0m3.280s
Mon Sep 30 23:14:43 UTC 2019

real	0m10.060s
user	0m1.678s
sys	0m2.732s
Mon Sep 30 23:14:53 UTC 2019
