Mon Sep 30 23:14:07 UTC 2019
Mon Sep 30 23:14:07 UTC 2019

real	0m6.607s
user	0m1.706s
sys	0m3.084s
Mon Sep 30 23:14:14 UTC 2019

real	0m7.605s
user	0m1.664s
sys	0m2.984s
Mon Sep 30 23:14:22 UTC 2019

real	0m7.340s
user	0m1.795s
sys	0m2.845s
--- Mid run ---
Mon Sep 30 23:14:29 UTC 2019

real	0m6.944s
user	0m1.711s
sys	0m3.017s
=== Mid run end ===
Mon Sep 30 23:14:36 UTC 2019

real	0m7.319s
user	0m1.703s
sys	0m2.493s
Mon Sep 30 23:14:44 UTC 2019

real	0m10.224s
user	0m1.888s
sys	0m3.081s
Mon Sep 30 23:14:54 UTC 2019
