Mon Sep 30 23:17:43 UTC 2019
Mon Sep 30 23:17:43 UTC 2019

real	0m8.015s
user	0m2.261s
sys	0m3.116s
Mon Sep 30 23:17:51 UTC 2019

real	0m8.163s
user	0m2.152s
sys	0m3.386s
Mon Sep 30 23:17:59 UTC 2019

real	0m10.261s
user	0m2.155s
sys	0m3.124s
--- Mid run ---
Mon Sep 30 23:18:10 UTC 2019

real	0m10.724s
user	0m2.203s
sys	0m3.481s
=== Mid run end ===
Mon Sep 30 23:18:21 UTC 2019

real	0m6.577s
user	0m2.022s
sys	0m3.251s
Mon Sep 30 23:18:27 UTC 2019

real	0m6.269s
user	0m1.625s
sys	0m1.842s
Mon Sep 30 23:18:34 UTC 2019
