/dev/shm
Slot slot4
Fetching 1G_4.dat
Sat Sep 28 22:13:28 UTC 2019
RC 0
-rw-r--r--. 1 centos centos 1048576000 Sep 28 23:05 1G_4.dat
--- Mid run ---
Sat Sep 28 23:05:19 UTC 2019
RC 0
-rw-r--r--. 1 centos centos 1048576000 Sep 28 23:54 1G_4.dat
=== Mid run end ===
Sat Sep 28 23:54:02 UTC 2019
RC 7
-rw-r--r--. 1 centos centos 1048576000 Sep 29 00:00 1G_4.dat
Sun Sep 29 00:00:58 UTC 2019
RC 7
-rw-r--r--. 1 centos centos 1048576000 Sep 29 00:00 1G_4.dat
Sun Sep 29 00:00:59 UTC 2019
RC 7
-rw-r--r--. 1 centos centos 0 Sep 29 00:01 1G_4.dat
Sun Sep 29 00:01:00 UTC 2019
RC 7
-rw-r--r--. 1 centos centos 1048576000 Sep 29 00:01 1G_4.dat
Sun Sep 29 00:01:05 UTC 2019
