Fri Sep 27 23:22:55 UTC 2019
Fri Sep 27 23:22:55 UTC 2019

real	0m9.747s
user	0m0.664s
sys	0m2.151s
Fri Sep 27 23:23:05 UTC 2019

real	0m9.142s
user	0m0.707s
sys	0m2.589s
Fri Sep 27 23:23:14 UTC 2019

real	0m8.852s
user	0m0.668s
sys	0m2.540s
--- Mid run ---
Fri Sep 27 23:23:24 UTC 2019

real	0m9.156s
user	0m0.687s
sys	0m2.552s
=== Mid run end ===
Fri Sep 27 23:23:33 UTC 2019

real	0m11.067s
user	0m0.672s
sys	0m2.600s
Fri Sep 27 23:23:44 UTC 2019

real	0m9.496s
user	0m0.690s
sys	0m2.426s
Fri Sep 27 23:23:54 UTC 2019
