Tue Oct  1 04:13:56 UTC 2019
Tue Oct  1 04:13:56 UTC 2019

real	0m5.282s
user	0m1.582s
sys	0m2.245s
Tue Oct  1 04:14:01 UTC 2019

real	0m5.385s
user	0m1.658s
sys	0m2.867s
Tue Oct  1 04:14:07 UTC 2019

real	0m5.986s
user	0m1.675s
sys	0m2.500s
--- Mid run ---
Tue Oct  1 04:14:13 UTC 2019

real	0m5.204s
user	0m1.673s
sys	0m2.746s
=== Mid run end ===
Tue Oct  1 04:14:18 UTC 2019

real	0m6.823s
user	0m1.687s
sys	0m3.383s
Tue Oct  1 04:14:25 UTC 2019

real	0m5.587s
user	0m1.727s
sys	0m2.527s
Tue Oct  1 04:14:31 UTC 2019
