Tue Oct  1 04:10:33 UTC 2019
Tue Oct  1 04:10:33 UTC 2019

real	0m6.072s
user	0m1.837s
sys	0m2.871s
Tue Oct  1 04:10:39 UTC 2019

real	0m5.239s
user	0m1.677s
sys	0m2.738s
Tue Oct  1 04:10:45 UTC 2019

real	0m6.642s
user	0m1.798s
sys	0m2.748s
--- Mid run ---
Tue Oct  1 04:10:52 UTC 2019

real	0m7.002s
user	0m1.786s
sys	0m3.191s
=== Mid run end ===
Tue Oct  1 04:10:59 UTC 2019

real	0m6.618s
user	0m1.794s
sys	0m2.663s
Tue Oct  1 04:11:06 UTC 2019

real	0m6.355s
user	0m1.507s
sys	0m1.842s
Tue Oct  1 04:11:12 UTC 2019
