Tue Oct  1 04:14:01 UTC 2019
Tue Oct  1 04:14:01 UTC 2019

real	0m5.713s
user	0m1.966s
sys	0m3.175s
Tue Oct  1 04:14:07 UTC 2019

real	0m5.713s
user	0m2.165s
sys	0m3.158s
Tue Oct  1 04:14:13 UTC 2019

real	0m5.634s
user	0m2.104s
sys	0m3.143s
--- Mid run ---
Tue Oct  1 04:14:19 UTC 2019

real	0m5.212s
user	0m2.087s
sys	0m2.844s
=== Mid run end ===
Tue Oct  1 04:14:24 UTC 2019

real	0m6.095s
user	0m2.130s
sys	0m3.588s
Tue Oct  1 04:14:30 UTC 2019

real	0m4.866s
user	0m1.815s
sys	0m2.411s
Tue Oct  1 04:14:35 UTC 2019
