Tue Oct  1 04:10:36 UTC 2019
Tue Oct  1 04:10:36 UTC 2019

real	0m6.775s
user	0m2.155s
sys	0m2.927s
Tue Oct  1 04:10:43 UTC 2019

real	0m5.777s
user	0m2.157s
sys	0m3.261s
Tue Oct  1 04:10:49 UTC 2019

real	0m6.973s
user	0m2.110s
sys	0m3.392s
--- Mid run ---
Tue Oct  1 04:10:56 UTC 2019

real	0m6.518s
user	0m2.135s
sys	0m3.541s
=== Mid run end ===
Tue Oct  1 04:11:03 UTC 2019

real	0m6.927s
user	0m2.142s
sys	0m3.896s
Tue Oct  1 04:11:10 UTC 2019

real	0m5.228s
user	0m1.751s
sys	0m2.411s
Tue Oct  1 04:11:15 UTC 2019
