Tue Oct  1 04:10:32 UTC 2019
Tue Oct  1 04:10:32 UTC 2019

real	0m5.792s
user	0m1.654s
sys	0m2.293s
Tue Oct  1 04:10:38 UTC 2019

real	0m7.731s
user	0m1.731s
sys	0m2.988s
Tue Oct  1 04:10:46 UTC 2019

real	0m8.266s
user	0m1.899s
sys	0m2.536s
--- Mid run ---
Tue Oct  1 04:10:54 UTC 2019

real	0m6.067s
user	0m1.799s
sys	0m2.781s
=== Mid run end ===
Tue Oct  1 04:11:01 UTC 2019

real	0m6.317s
user	0m1.712s
sys	0m3.220s
Tue Oct  1 04:11:07 UTC 2019

real	0m7.242s
user	0m1.653s
sys	0m2.246s
Tue Oct  1 04:11:14 UTC 2019
