Tue Oct  1 04:13:55 UTC 2019
Tue Oct  1 04:13:55 UTC 2019

real	0m4.455s
user	0m1.560s
sys	0m1.774s
Tue Oct  1 04:13:59 UTC 2019

real	0m5.471s
user	0m1.864s
sys	0m2.879s
Tue Oct  1 04:14:05 UTC 2019

real	0m5.323s
user	0m2.160s
sys	0m2.846s
--- Mid run ---
Tue Oct  1 04:14:10 UTC 2019

real	0m5.124s
user	0m2.253s
sys	0m2.635s
=== Mid run end ===
Tue Oct  1 04:14:16 UTC 2019

real	0m6.529s
user	0m2.106s
sys	0m3.131s
Tue Oct  1 04:14:22 UTC 2019

real	0m5.657s
user	0m2.111s
sys	0m3.031s
Tue Oct  1 04:14:28 UTC 2019
