Tue Oct  1 04:10:33 UTC 2019
Tue Oct  1 04:10:33 UTC 2019

real	0m4.958s
user	0m2.101s
sys	0m2.626s
Tue Oct  1 04:10:38 UTC 2019

real	0m6.808s
user	0m2.228s
sys	0m4.142s
Tue Oct  1 04:10:45 UTC 2019

real	0m6.813s
user	0m2.177s
sys	0m4.298s
--- Mid run ---
Tue Oct  1 04:10:52 UTC 2019

real	0m5.997s
user	0m2.266s
sys	0m3.600s
=== Mid run end ===
Tue Oct  1 04:10:58 UTC 2019

real	0m6.801s
user	0m2.364s
sys	0m4.253s
Tue Oct  1 04:11:05 UTC 2019

real	0m5.441s
user	0m1.964s
sys	0m2.844s
Tue Oct  1 04:11:11 UTC 2019
