Tue Oct  1 04:14:00 UTC 2019
Tue Oct  1 04:14:00 UTC 2019

real	0m6.401s
user	0m2.122s
sys	0m4.105s
Tue Oct  1 04:14:07 UTC 2019

real	0m6.198s
user	0m2.277s
sys	0m3.739s
Tue Oct  1 04:14:13 UTC 2019

real	0m6.834s
user	0m2.396s
sys	0m4.210s
--- Mid run ---
Tue Oct  1 04:14:20 UTC 2019

real	0m6.257s
user	0m2.351s
sys	0m3.701s
=== Mid run end ===
Tue Oct  1 04:14:27 UTC 2019

real	0m5.916s
user	0m2.302s
sys	0m3.478s
Tue Oct  1 04:14:33 UTC 2019

real	0m5.219s
user	0m1.946s
sys	0m3.116s
Tue Oct  1 04:14:38 UTC 2019
