/dev/shm/user_slot14
Wed Oct 23 23:49:58 UTC 2019
Job 5
Fetching 1G.dat from /base_5/test./data/1G_5.dat
Wed Oct 23 23:49:58 UTC 2019
INFO: Downloaded https://storage.googleapis.com/exa-us-east-1/9_data/base_5/testb/data/1G_5.dat into /dev/shm/user_slot14/1G_5.dat
RC 0
-rw-r--r--. 1 centos centos 1000000000 Oct 23 23:50 1G_5.dat
--- Mid run ---
Wed Oct 23 23:50:12 UTC 2019
INFO: Downloaded https://storage.googleapis.com/exa-us-east-1/9_data/base_5/testb/data/1G_5.dat into /dev/shm/user_slot14/1G_5.dat
RC 0
-rw-r--r--. 1 centos centos 1000000000 Oct 23 23:50 1G_5.dat
=== Mid run end ===
Wed Oct 23 23:50:20 UTC 2019
INFO: Downloaded https://storage.googleapis.com/exa-us-east-1/9_data/base_5/testb/data/1G_5.dat into /dev/shm/user_slot14/1G_5.dat
RC 0
-rw-r--r--. 1 centos centos 1000000000 Oct 23 23:50 1G_5.dat
Wed Oct 23 23:50:27 UTC 2019
INFO: Downloaded https://storage.googleapis.com/exa-us-east-1/9_data/base_5/testb/data/1G_5.dat into /dev/shm/user_slot14/1G_5.dat
RC 0
-rw-r--r--. 1 centos centos 1000000000 Oct 23 23:50 1G_5.dat
Wed Oct 23 23:50:34 UTC 2019
