/dev/shm/user_slot2
Wed Oct 23 10:58:46 UTC 2019
Job 111
Fetching 1G.dat from /base_f/test./data/1G_111.dat
Wed Oct 23 10:58:46 UTC 2019
INFO: Downloaded https://storage.googleapis.com/exa-us-west-1/9_data/base_f/testm/data/1G_111.dat into /dev/shm/user_slot2/1G_111.dat
RC 0
-rw-r--r--. 1 centos centos 1000000000 Oct 23 10:58 1G_111.dat
--- Mid run ---
Wed Oct 23 10:58:53 UTC 2019
INFO: Downloaded https://storage.googleapis.com/exa-us-west-1/9_data/base_f/testm/data/1G_111.dat into /dev/shm/user_slot2/1G_111.dat
RC 0
-rw-r--r--. 1 centos centos 1000000000 Oct 23 10:58 1G_111.dat
=== Mid run end ===
Wed Oct 23 10:58:59 UTC 2019
INFO: Downloaded https://storage.googleapis.com/exa-us-west-1/9_data/base_f/testm/data/1G_111.dat into /dev/shm/user_slot2/1G_111.dat
RC 0
-rw-r--r--. 1 centos centos 1000000000 Oct 23 10:59 1G_111.dat
Wed Oct 23 10:59:05 UTC 2019
INFO: Downloaded https://storage.googleapis.com/exa-us-west-1/9_data/base_f/testm/data/1G_111.dat into /dev/shm/user_slot2/1G_111.dat
RC 0
-rw-r--r--. 1 centos centos 1000000000 Oct 23 10:59 1G_111.dat
Wed Oct 23 10:59:08 UTC 2019
