/dev/shm/user_slot10
Wed Oct 23 11:00:42 UTC 2019
Job 302
Fetching 1G.dat from /base_e/test./data/1G_302.dat
Wed Oct 23 11:00:42 UTC 2019
INFO: Downloaded https://storage.googleapis.com/exa-us-west-1/2_data/base_e/testa/data/1G_302.dat into /dev/shm/user_slot10/1G_302.dat
RC 0
-rw-r--r--. 1 centos centos 1000000000 Oct 23 11:00 1G_302.dat
--- Mid run ---
Wed Oct 23 11:00:47 UTC 2019
INFO: Downloaded https://storage.googleapis.com/exa-us-west-1/2_data/base_e/testa/data/1G_302.dat into /dev/shm/user_slot10/1G_302.dat
RC 0
-rw-r--r--. 1 centos centos 1000000000 Oct 23 11:00 1G_302.dat
=== Mid run end ===
Wed Oct 23 11:00:51 UTC 2019
INFO: Downloaded https://storage.googleapis.com/exa-us-west-1/2_data/base_e/testa/data/1G_302.dat into /dev/shm/user_slot10/1G_302.dat
RC 0
-rw-r--r--. 1 centos centos 1000000000 Oct 23 11:00 1G_302.dat
Wed Oct 23 11:00:56 UTC 2019
INFO: Downloaded https://storage.googleapis.com/exa-us-west-1/2_data/base_e/testa/data/1G_302.dat into /dev/shm/user_slot10/1G_302.dat
RC 0
-rw-r--r--. 1 centos centos 1000000000 Oct 23 11:00 1G_302.dat
Wed Oct 23 11:00:59 UTC 2019
