/dev/shm/user_slot14
Wed Oct 23 11:00:50 UTC 2019
Job 387
Fetching 1G.dat from /base_3/test./data/1G_387.dat
Wed Oct 23 11:00:50 UTC 2019
INFO: Downloaded https://storage.googleapis.com/exa-us-west-1/1_data/base_3/testa/data/1G_387.dat into /dev/shm/user_slot14/1G_387.dat
RC 0
-rw-r--r--. 1 centos centos 1000000000 Oct 23 11:00 1G_387.dat
--- Mid run ---
Wed Oct 23 11:00:56 UTC 2019
INFO: Downloaded https://storage.googleapis.com/exa-us-west-1/1_data/base_3/testa/data/1G_387.dat into /dev/shm/user_slot14/1G_387.dat
RC 0
-rw-r--r--. 1 centos centos 1000000000 Oct 23 11:00 1G_387.dat
=== Mid run end ===
Wed Oct 23 11:00:59 UTC 2019
INFO: Downloaded https://storage.googleapis.com/exa-us-west-1/1_data/base_3/testa/data/1G_387.dat into /dev/shm/user_slot14/1G_387.dat
RC 0
-rw-r--r--. 1 centos centos 1000000000 Oct 23 11:01 1G_387.dat
Wed Oct 23 11:01:03 UTC 2019
INFO: Downloaded https://storage.googleapis.com/exa-us-west-1/1_data/base_3/testa/data/1G_387.dat into /dev/shm/user_slot14/1G_387.dat
RC 0
-rw-r--r--. 1 centos centos 1000000000 Oct 23 11:01 1G_387.dat
Wed Oct 23 11:01:07 UTC 2019
