/dev/shm/user_slot6
Wed Oct 23 10:58:54 UTC 2019
Job 249
Fetching 1G.dat from /base_9/test./data/1G_249.dat
Wed Oct 23 10:58:54 UTC 2019
INFO: Downloaded https://storage.googleapis.com/exa-us-west-1/0_data/base_9/testm/data/1G_249.dat into /dev/shm/user_slot6/1G_249.dat
RC 0
-rw-r--r--. 1 centos centos 1000000000 Oct 23 10:59 1G_249.dat
--- Mid run ---
Wed Oct 23 10:59:00 UTC 2019
INFO: Downloaded https://storage.googleapis.com/exa-us-west-1/0_data/base_9/testm/data/1G_249.dat into /dev/shm/user_slot6/1G_249.dat
RC 0
-rw-r--r--. 1 centos centos 1000000000 Oct 23 10:59 1G_249.dat
=== Mid run end ===
Wed Oct 23 10:59:10 UTC 2019
INFO: Downloaded https://storage.googleapis.com/exa-us-west-1/0_data/base_9/testm/data/1G_249.dat into /dev/shm/user_slot6/1G_249.dat
RC 0
-rw-r--r--. 1 centos centos 1000000000 Oct 23 10:59 1G_249.dat
Wed Oct 23 10:59:15 UTC 2019
INFO: Downloaded https://storage.googleapis.com/exa-us-west-1/0_data/base_9/testm/data/1G_249.dat into /dev/shm/user_slot6/1G_249.dat
RC 0
-rw-r--r--. 1 centos centos 1000000000 Oct 23 10:59 1G_249.dat
Wed Oct 23 10:59:20 UTC 2019
