/dev/shm/user_slot3
Wed Oct 23 10:58:59 UTC 2019
Job 261
Fetching 1G.dat from /base_5/test./data/1G_261.dat
Wed Oct 23 10:58:59 UTC 2019
INFO: Downloaded https://storage.googleapis.com/exa-us-west-1/3_data/base_5/testb/data/1G_261.dat into /dev/shm/user_slot3/1G_261.dat
RC 0
-rw-r--r--. 1 centos centos 1000000000 Oct 23 10:59 1G_261.dat
--- Mid run ---
Wed Oct 23 10:59:05 UTC 2019
INFO: Downloaded https://storage.googleapis.com/exa-us-west-1/3_data/base_5/testb/data/1G_261.dat into /dev/shm/user_slot3/1G_261.dat
RC 0
-rw-r--r--. 1 centos centos 1000000000 Oct 23 10:59 1G_261.dat
=== Mid run end ===
Wed Oct 23 10:59:10 UTC 2019
INFO: Downloaded https://storage.googleapis.com/exa-us-west-1/3_data/base_5/testb/data/1G_261.dat into /dev/shm/user_slot3/1G_261.dat
RC 0
-rw-r--r--. 1 centos centos 1000000000 Oct 23 10:59 1G_261.dat
Wed Oct 23 10:59:14 UTC 2019
INFO: Downloaded https://storage.googleapis.com/exa-us-west-1/3_data/base_5/testb/data/1G_261.dat into /dev/shm/user_slot3/1G_261.dat
RC 0
-rw-r--r--. 1 centos centos 1000000000 Oct 23 10:59 1G_261.dat
Wed Oct 23 10:59:19 UTC 2019
