/dev/shm/user_slot12
Wed Oct 23 10:59:02 UTC 2019
Job 387
Fetching 1G.dat from /base_3/test./data/1G_387.dat
Wed Oct 23 10:59:02 UTC 2019
INFO: Downloaded https://storage.googleapis.com/exa-us-west-1/1_data/base_3/testa/data/1G_387.dat into /dev/shm/user_slot12/1G_387.dat
RC 0
-rw-r--r--. 1 centos centos 1000000000 Oct 23 10:59 1G_387.dat
--- Mid run ---
Wed Oct 23 10:59:08 UTC 2019
INFO: Downloaded https://storage.googleapis.com/exa-us-west-1/1_data/base_3/testa/data/1G_387.dat into /dev/shm/user_slot12/1G_387.dat
RC 0
-rw-r--r--. 1 centos centos 1000000000 Oct 23 10:59 1G_387.dat
=== Mid run end ===
Wed Oct 23 10:59:14 UTC 2019
INFO: Downloaded https://storage.googleapis.com/exa-us-west-1/1_data/base_3/testa/data/1G_387.dat into /dev/shm/user_slot12/1G_387.dat
RC 0
-rw-r--r--. 1 centos centos 1000000000 Oct 23 10:59 1G_387.dat
Wed Oct 23 10:59:19 UTC 2019
INFO: Downloaded https://storage.googleapis.com/exa-us-west-1/1_data/base_3/testa/data/1G_387.dat into /dev/shm/user_slot12/1G_387.dat
RC 0
-rw-r--r--. 1 centos centos 1000000000 Oct 23 10:59 1G_387.dat
Wed Oct 23 10:59:23 UTC 2019
