/dev/shm/user_slot4
Wed Oct 23 11:00:50 UTC 2019
Job 395
Fetching 1G.dat from /base_b/test./data/1G_395.dat
Wed Oct 23 11:00:50 UTC 2019
INFO: Downloaded https://storage.googleapis.com/exa-us-west-1/9_data/base_b/testa/data/1G_395.dat into /dev/shm/user_slot4/1G_395.dat
RC 0
-rw-r--r--. 1 centos centos 1000000000 Oct 23 11:01 1G_395.dat
--- Mid run ---
Wed Oct 23 11:01:36 UTC 2019
INFO: Downloaded https://storage.googleapis.com/exa-us-west-1/9_data/base_b/testa/data/1G_395.dat into /dev/shm/user_slot4/1G_395.dat
RC 0
-rw-r--r--. 1 centos centos 1000000000 Oct 23 11:01 1G_395.dat
=== Mid run end ===
Wed Oct 23 11:01:40 UTC 2019
INFO: Downloaded https://storage.googleapis.com/exa-us-west-1/9_data/base_b/testa/data/1G_395.dat into /dev/shm/user_slot4/1G_395.dat
RC 0
-rw-r--r--. 1 centos centos 1000000000 Oct 23 11:01 1G_395.dat
Wed Oct 23 11:01:44 UTC 2019
INFO: Downloaded https://storage.googleapis.com/exa-us-west-1/9_data/base_b/testa/data/1G_395.dat into /dev/shm/user_slot4/1G_395.dat
RC 0
-rw-r--r--. 1 centos centos 1000000000 Oct 23 11:01 1G_395.dat
Wed Oct 23 11:01:48 UTC 2019
