/dev/shm/user_slot16
Wed Oct 23 10:58:55 UTC 2019
Job 273
Fetching 1G.dat from /base_1/test./data/1G_273.dat
Wed Oct 23 10:58:55 UTC 2019
INFO: Downloaded https://storage.googleapis.com/exa-us-west-1/5_data/base_1/testa/data/1G_273.dat into /dev/shm/user_slot16/1G_273.dat
RC 0
-rw-r--r--. 1 centos centos 1000000000 Oct 23 10:59 1G_273.dat
--- Mid run ---
Wed Oct 23 10:59:08 UTC 2019
INFO: Downloaded https://storage.googleapis.com/exa-us-west-1/5_data/base_1/testa/data/1G_273.dat into /dev/shm/user_slot16/1G_273.dat
RC 0
-rw-r--r--. 1 centos centos 1000000000 Oct 23 10:59 1G_273.dat
=== Mid run end ===
Wed Oct 23 10:59:23 UTC 2019
INFO: Downloaded https://storage.googleapis.com/exa-us-west-1/5_data/base_1/testa/data/1G_273.dat into /dev/shm/user_slot16/1G_273.dat
RC 0
-rw-r--r--. 1 centos centos 1000000000 Oct 23 10:59 1G_273.dat
Wed Oct 23 10:59:31 UTC 2019
INFO: Downloaded https://storage.googleapis.com/exa-us-west-1/5_data/base_1/testa/data/1G_273.dat into /dev/shm/user_slot16/1G_273.dat
RC 0
-rw-r--r--. 1 centos centos 1000000000 Oct 23 10:59 1G_273.dat
Wed Oct 23 10:59:37 UTC 2019
