/dev/shm/user_slot15
Wed Oct 23 10:58:51 UTC 2019
Job 128
Fetching 1G.dat from /base_0/test./data/1G_128.dat
Wed Oct 23 10:58:51 UTC 2019
INFO: Downloaded https://storage.googleapis.com/exa-us-west-1/9_data/base_0/testa/data/1G_128.dat into /dev/shm/user_slot15/1G_128.dat
RC 0
-rw-r--r--. 1 centos centos 1000000000 Oct 23 10:58 1G_128.dat
--- Mid run ---
Wed Oct 23 10:59:00 UTC 2019
INFO: Downloaded https://storage.googleapis.com/exa-us-west-1/9_data/base_0/testa/data/1G_128.dat into /dev/shm/user_slot15/1G_128.dat
RC 0
-rw-r--r--. 1 centos centos 1000000000 Oct 23 10:59 1G_128.dat
=== Mid run end ===
Wed Oct 23 10:59:06 UTC 2019
INFO: Downloaded https://storage.googleapis.com/exa-us-west-1/9_data/base_0/testa/data/1G_128.dat into /dev/shm/user_slot15/1G_128.dat
RC 0
-rw-r--r--. 1 centos centos 1000000000 Oct 23 10:59 1G_128.dat
Wed Oct 23 10:59:11 UTC 2019
INFO: Downloaded https://storage.googleapis.com/exa-us-west-1/9_data/base_0/testa/data/1G_128.dat into /dev/shm/user_slot15/1G_128.dat
RC 0
-rw-r--r--. 1 centos centos 1000000000 Oct 23 10:59 1G_128.dat
Wed Oct 23 10:59:14 UTC 2019
