/dev/shm/user_slot1
Wed Oct 23 10:58:46 UTC 2019
Job 110
Fetching 1G.dat from /base_e/test./data/1G_110.dat
Wed Oct 23 10:58:46 UTC 2019
INFO: Downloaded https://storage.googleapis.com/exa-us-west-1/b_data/base_e/testm/data/1G_110.dat into /dev/shm/user_slot1/1G_110.dat
RC 0
-rw-r--r--. 1 centos centos 1000000000 Oct 23 10:58 1G_110.dat
--- Mid run ---
Wed Oct 23 10:58:52 UTC 2019
INFO: Downloaded https://storage.googleapis.com/exa-us-west-1/b_data/base_e/testm/data/1G_110.dat into /dev/shm/user_slot1/1G_110.dat
RC 0
-rw-r--r--. 1 centos centos 1000000000 Oct 23 10:58 1G_110.dat
=== Mid run end ===
Wed Oct 23 10:58:58 UTC 2019
INFO: Downloaded https://storage.googleapis.com/exa-us-west-1/b_data/base_e/testm/data/1G_110.dat into /dev/shm/user_slot1/1G_110.dat
RC 0
-rw-r--r--. 1 centos centos 1000000000 Oct 23 10:59 1G_110.dat
Wed Oct 23 10:59:04 UTC 2019
INFO: Downloaded https://storage.googleapis.com/exa-us-west-1/b_data/base_e/testm/data/1G_110.dat into /dev/shm/user_slot1/1G_110.dat
RC 0
-rw-r--r--. 1 centos centos 1000000000 Oct 23 10:59 1G_110.dat
Wed Oct 23 10:59:08 UTC 2019
