/dev/shm/user_slot11
Wed Oct 23 10:58:49 UTC 2019
Job 168
Fetching 1G.dat from /base_8/test./data/1G_168.dat
Wed Oct 23 10:58:49 UTC 2019
INFO: Downloaded https://storage.googleapis.com/exa-us-west-1/6_data/base_8/testb/data/1G_168.dat into /dev/shm/user_slot11/1G_168.dat
RC 0
-rw-r--r--. 1 centos centos 1000000000 Oct 23 10:58 1G_168.dat
--- Mid run ---
Wed Oct 23 10:58:53 UTC 2019
INFO: Downloaded https://storage.googleapis.com/exa-us-west-1/6_data/base_8/testb/data/1G_168.dat into /dev/shm/user_slot11/1G_168.dat
RC 0
-rw-r--r--. 1 centos centos 1000000000 Oct 23 10:58 1G_168.dat
=== Mid run end ===
Wed Oct 23 10:59:00 UTC 2019
INFO: Downloaded https://storage.googleapis.com/exa-us-west-1/6_data/base_8/testb/data/1G_168.dat into /dev/shm/user_slot11/1G_168.dat
RC 0
-rw-r--r--. 1 centos centos 1000000000 Oct 23 10:59 1G_168.dat
Wed Oct 23 10:59:05 UTC 2019
INFO: Downloaded https://storage.googleapis.com/exa-us-west-1/6_data/base_8/testb/data/1G_168.dat into /dev/shm/user_slot11/1G_168.dat
RC 0
-rw-r--r--. 1 centos centos 1000000000 Oct 23 10:59 1G_168.dat
Wed Oct 23 10:59:10 UTC 2019
