/dev/shm/user_slot7
Wed Oct 23 10:58:42 UTC 2019
Job 41
Fetching 1G.dat from /base_9/test./data/1G_41.dat
Wed Oct 23 10:58:42 UTC 2019
INFO: Downloaded https://storage.googleapis.com/exa-us-west-1/1_data/base_9/testm/data/1G_41.dat into /dev/shm/user_slot7/1G_41.dat
RC 0
-rw-r--r--. 1 centos centos 1000000000 Oct 23 10:58 1G_41.dat
--- Mid run ---
Wed Oct 23 10:58:47 UTC 2019
INFO: Downloaded https://storage.googleapis.com/exa-us-west-1/1_data/base_9/testm/data/1G_41.dat into /dev/shm/user_slot7/1G_41.dat
RC 0
-rw-r--r--. 1 centos centos 1000000000 Oct 23 10:58 1G_41.dat
=== Mid run end ===
Wed Oct 23 10:58:54 UTC 2019
INFO: Downloaded https://storage.googleapis.com/exa-us-west-1/1_data/base_9/testm/data/1G_41.dat into /dev/shm/user_slot7/1G_41.dat
RC 0
-rw-r--r--. 1 centos centos 1000000000 Oct 23 10:58 1G_41.dat
Wed Oct 23 10:58:59 UTC 2019
INFO: Downloaded https://storage.googleapis.com/exa-us-west-1/1_data/base_9/testm/data/1G_41.dat into /dev/shm/user_slot7/1G_41.dat
RC 0
-rw-r--r--. 1 centos centos 1000000000 Oct 23 10:59 1G_41.dat
Wed Oct 23 10:59:05 UTC 2019
