/dev/shm/user_slot4
Wed Oct 23 10:58:53 UTC 2019
Job 217
Fetching 1G.dat from /base_9/test./data/1G_217.dat
Wed Oct 23 10:58:53 UTC 2019
INFO: Downloaded https://storage.googleapis.com/exa-us-west-1/7_data/base_9/testa/data/1G_217.dat into /dev/shm/user_slot4/1G_217.dat
RC 0
-rw-r--r--. 1 centos centos 1000000000 Oct 23 10:58 1G_217.dat
--- Mid run ---
Wed Oct 23 10:58:57 UTC 2019
INFO: Downloaded https://storage.googleapis.com/exa-us-west-1/7_data/base_9/testa/data/1G_217.dat into /dev/shm/user_slot4/1G_217.dat
RC 0
-rw-r--r--. 1 centos centos 1000000000 Oct 23 10:59 1G_217.dat
=== Mid run end ===
Wed Oct 23 10:59:02 UTC 2019
INFO: Downloaded https://storage.googleapis.com/exa-us-west-1/7_data/base_9/testa/data/1G_217.dat into /dev/shm/user_slot4/1G_217.dat
RC 0
-rw-r--r--. 1 centos centos 1000000000 Oct 23 10:59 1G_217.dat
Wed Oct 23 10:59:07 UTC 2019
INFO: Downloaded https://storage.googleapis.com/exa-us-west-1/7_data/base_9/testa/data/1G_217.dat into /dev/shm/user_slot4/1G_217.dat
RC 0
-rw-r--r--. 1 centos centos 1000000000 Oct 23 10:59 1G_217.dat
Wed Oct 23 10:59:12 UTC 2019
