/dev/shm/user_slot9
Wed Oct 23 10:58:42 UTC 2019
Job 38
Fetching 1G.dat from /base_6/test./data/1G_38.dat
Wed Oct 23 10:58:42 UTC 2019
INFO: Downloaded https://storage.googleapis.com/exa-us-west-1/8_data/base_6/testa/data/1G_38.dat into /dev/shm/user_slot9/1G_38.dat
RC 0
-rw-r--r--. 1 centos centos 1000000000 Oct 23 10:58 1G_38.dat
--- Mid run ---
Wed Oct 23 10:58:47 UTC 2019
INFO: Downloaded https://storage.googleapis.com/exa-us-west-1/8_data/base_6/testa/data/1G_38.dat into /dev/shm/user_slot9/1G_38.dat
RC 0
-rw-r--r--. 1 centos centos 1000000000 Oct 23 10:58 1G_38.dat
=== Mid run end ===
Wed Oct 23 10:58:53 UTC 2019
INFO: Downloaded https://storage.googleapis.com/exa-us-west-1/8_data/base_6/testa/data/1G_38.dat into /dev/shm/user_slot9/1G_38.dat
RC 0
-rw-r--r--. 1 centos centos 1000000000 Oct 23 10:58 1G_38.dat
Wed Oct 23 10:58:59 UTC 2019
INFO: Downloaded https://storage.googleapis.com/exa-us-west-1/8_data/base_6/testa/data/1G_38.dat into /dev/shm/user_slot9/1G_38.dat
RC 0
-rw-r--r--. 1 centos centos 1000000000 Oct 23 10:59 1G_38.dat
Wed Oct 23 10:59:05 UTC 2019
