/dev/shm/user_slot6
Wed Oct 23 11:00:34 UTC 2019
Job 116
Fetching 1G.dat from /base_4/test./data/1G_116.dat
Wed Oct 23 11:00:34 UTC 2019
INFO: Downloaded https://storage.googleapis.com/exa-us-west-1/7_data/base_4/testb/data/1G_116.dat into /dev/shm/user_slot6/1G_116.dat
RC 0
-rw-r--r--. 1 centos centos 1000000000 Oct 23 11:00 1G_116.dat
--- Mid run ---
Wed Oct 23 11:00:39 UTC 2019
INFO: Downloaded https://storage.googleapis.com/exa-us-west-1/7_data/base_4/testb/data/1G_116.dat into /dev/shm/user_slot6/1G_116.dat
RC 0
-rw-r--r--. 1 centos centos 1000000000 Oct 23 11:00 1G_116.dat
=== Mid run end ===
Wed Oct 23 11:00:44 UTC 2019
INFO: Downloaded https://storage.googleapis.com/exa-us-west-1/7_data/base_4/testb/data/1G_116.dat into /dev/shm/user_slot6/1G_116.dat
RC 0
-rw-r--r--. 1 centos centos 1000000000 Oct 23 11:00 1G_116.dat
Wed Oct 23 11:00:50 UTC 2019
INFO: Downloaded https://storage.googleapis.com/exa-us-west-1/7_data/base_4/testb/data/1G_116.dat into /dev/shm/user_slot6/1G_116.dat
RC 0
-rw-r--r--. 1 centos centos 1000000000 Oct 23 11:00 1G_116.dat
Wed Oct 23 11:00:56 UTC 2019
