/dev/shm/user_slot10
Wed Oct 23 11:00:33 UTC 2019
Job 177
Fetching 1G.dat from /base_1/test./data/1G_177.dat
Wed Oct 23 11:00:33 UTC 2019
INFO: Downloaded https://storage.googleapis.com/exa-us-west-1/8_data/base_1/testm/data/1G_177.dat into /dev/shm/user_slot10/1G_177.dat
RC 0
-rw-r--r--. 1 centos centos 1000000000 Oct 23 11:00 1G_177.dat
--- Mid run ---
Wed Oct 23 11:00:38 UTC 2019
INFO: Downloaded https://storage.googleapis.com/exa-us-west-1/8_data/base_1/testm/data/1G_177.dat into /dev/shm/user_slot10/1G_177.dat
RC 0
-rw-r--r--. 1 centos centos 1000000000 Oct 23 11:00 1G_177.dat
=== Mid run end ===
Wed Oct 23 11:00:43 UTC 2019
INFO: Downloaded https://storage.googleapis.com/exa-us-west-1/8_data/base_1/testm/data/1G_177.dat into /dev/shm/user_slot10/1G_177.dat
RC 0
-rw-r--r--. 1 centos centos 1000000000 Oct 23 11:00 1G_177.dat
Wed Oct 23 11:00:49 UTC 2019
INFO: Downloaded https://storage.googleapis.com/exa-us-west-1/8_data/base_1/testm/data/1G_177.dat into /dev/shm/user_slot10/1G_177.dat
RC 0
-rw-r--r--. 1 centos centos 1000000000 Oct 23 11:00 1G_177.dat
Wed Oct 23 11:00:54 UTC 2019
