/dev/shm/user_slot8
Wed Oct 23 11:00:32 UTC 2019
Job 143
Fetching 1G.dat from /base_f/test./data/1G_143.dat
Wed Oct 23 11:00:32 UTC 2019
INFO: Downloaded https://storage.googleapis.com/exa-us-west-1/a_data/base_f/testm/data/1G_143.dat into /dev/shm/user_slot8/1G_143.dat
RC 0
-rw-r--r--. 1 centos centos 1000000000 Oct 23 11:00 1G_143.dat
--- Mid run ---
Wed Oct 23 11:00:37 UTC 2019
INFO: Downloaded https://storage.googleapis.com/exa-us-west-1/a_data/base_f/testm/data/1G_143.dat into /dev/shm/user_slot8/1G_143.dat
RC 0
-rw-r--r--. 1 centos centos 1000000000 Oct 23 11:00 1G_143.dat
=== Mid run end ===
Wed Oct 23 11:00:42 UTC 2019
INFO: Downloaded https://storage.googleapis.com/exa-us-west-1/a_data/base_f/testm/data/1G_143.dat into /dev/shm/user_slot8/1G_143.dat
RC 0
-rw-r--r--. 1 centos centos 1000000000 Oct 23 11:00 1G_143.dat
Wed Oct 23 11:00:50 UTC 2019
INFO: Downloaded https://storage.googleapis.com/exa-us-west-1/a_data/base_f/testm/data/1G_143.dat into /dev/shm/user_slot8/1G_143.dat
RC 0
-rw-r--r--. 1 centos centos 1000000000 Oct 23 11:00 1G_143.dat
Wed Oct 23 11:00:58 UTC 2019
