/dev/shm/user_slot1
Wed Oct 23 11:00:44 UTC 2019
Job 321
Fetching 1G.dat from /base_1/test./data/1G_321.dat
Wed Oct 23 11:00:44 UTC 2019
INFO: Downloaded https://storage.googleapis.com/exa-us-west-1/0_data/base_1/testb/data/1G_321.dat into /dev/shm/user_slot1/1G_321.dat
RC 0
-rw-r--r--. 1 centos centos 1000000000 Oct 23 11:00 1G_321.dat
--- Mid run ---
Wed Oct 23 11:00:49 UTC 2019
INFO: Downloaded https://storage.googleapis.com/exa-us-west-1/0_data/base_1/testb/data/1G_321.dat into /dev/shm/user_slot1/1G_321.dat
RC 0
-rw-r--r--. 1 centos centos 1000000000 Oct 23 11:00 1G_321.dat
=== Mid run end ===
Wed Oct 23 11:00:56 UTC 2019
INFO: Downloaded https://storage.googleapis.com/exa-us-west-1/0_data/base_1/testb/data/1G_321.dat into /dev/shm/user_slot1/1G_321.dat
RC 0
-rw-r--r--. 1 centos centos 1000000000 Oct 23 11:00 1G_321.dat
Wed Oct 23 11:00:59 UTC 2019
INFO: Downloaded https://storage.googleapis.com/exa-us-west-1/0_data/base_1/testb/data/1G_321.dat into /dev/shm/user_slot1/1G_321.dat
RC 0
-rw-r--r--. 1 centos centos 1000000000 Oct 23 11:01 1G_321.dat
Wed Oct 23 11:01:03 UTC 2019
