/dev/shm
Slot slot1
Fetching 1G_1.dat
Sat Sep 28 21:48:58 UTC 2019
RC 0
-rw-r--r--. 1 centos centos 1048576000 Sep 28 21:49 1G_1.dat
--- Mid run ---
Sat Sep 28 21:49:29 UTC 2019
RC 0
-rw-r--r--. 1 centos centos 1048576000 Sep 28 21:49 1G_1.dat
=== Mid run end ===
Sat Sep 28 21:49:59 UTC 2019
RC 0
-rw-r--r--. 1 centos centos 1048576000 Sep 28 21:50 1G_1.dat
Sat Sep 28 21:50:21 UTC 2019
RC 0
-rw-r--r--. 1 centos centos 1048576000 Sep 28 21:51 1G_1.dat
Sat Sep 28 21:51:47 UTC 2019
RC 0
-rw-r--r--. 1 centos centos 1048576000 Sep 28 21:52 1G_1.dat
Sat Sep 28 21:52:10 UTC 2019
RC 0
-rw-r--r--. 1 centos centos 1048576000 Sep 28 21:52 1G_1.dat
Sat Sep 28 21:52:31 UTC 2019
