/dev/shm
Slot slot8
Fetching 1G_8.dat
Sat Sep 28 21:55:17 UTC 2019
RC 0
-rw-r--r--. 1 centos centos 1048576000 Sep 28 21:55 1G_8.dat
--- Mid run ---
Sat Sep 28 21:55:47 UTC 2019
RC 0
-rw-r--r--. 1 centos centos 1048576000 Sep 28 21:56 1G_8.dat
=== Mid run end ===
Sat Sep 28 21:56:13 UTC 2019
RC 0
-rw-r--r--. 1 centos centos 1048576000 Sep 28 21:56 1G_8.dat
Sat Sep 28 21:56:45 UTC 2019
RC 0
-rw-r--r--. 1 centos centos 1048576000 Sep 28 21:57 1G_8.dat
Sat Sep 28 21:57:16 UTC 2019
RC 0
-rw-r--r--. 1 centos centos 1048576000 Sep 28 21:57 1G_8.dat
Sat Sep 28 21:57:46 UTC 2019
RC 0
-rw-r--r--. 1 centos centos 1048576000 Sep 28 21:58 1G_8.dat
Sat Sep 28 21:58:15 UTC 2019
