Mon Sep 30 22:57:04 UTC 2019
Mon Sep 30 22:57:04 UTC 2019

real	0m5.677s
user	0m1.652s
sys	0m2.894s
Mon Sep 30 22:57:10 UTC 2019

real	0m7.377s
user	0m1.837s
sys	0m3.784s
Mon Sep 30 22:57:17 UTC 2019

real	0m6.326s
user	0m1.731s
sys	0m3.936s
--- Mid run ---
Mon Sep 30 22:57:24 UTC 2019

real	0m6.010s
user	0m1.743s
sys	0m3.499s
=== Mid run end ===
Mon Sep 30 22:57:30 UTC 2019

real	0m6.688s
user	0m1.897s
sys	0m3.179s
Mon Sep 30 22:57:37 UTC 2019

real	0m6.199s
user	0m1.801s
sys	0m3.721s
Mon Sep 30 22:57:43 UTC 2019
