Mon Sep 30 23:00:10 UTC 2019
Mon Sep 30 23:00:10 UTC 2019

real	0m5.281s
user	0m1.679s
sys	0m3.043s
Mon Sep 30 23:00:16 UTC 2019

real	0m5.812s
user	0m1.783s
sys	0m2.965s
Mon Sep 30 23:00:22 UTC 2019

real	0m6.999s
user	0m1.707s
sys	0m4.440s
--- Mid run ---
Mon Sep 30 23:00:29 UTC 2019

real	0m7.131s
user	0m1.752s
sys	0m3.894s
=== Mid run end ===
Mon Sep 30 23:00:36 UTC 2019

real	0m6.468s
user	0m1.835s
sys	0m4.382s
Mon Sep 30 23:00:43 UTC 2019

real	0m6.384s
user	0m1.850s
sys	0m3.707s
Mon Sep 30 23:00:50 UTC 2019
