/dev/shm
Slot slot7
Fetching 1G_7.dat
Sat Sep 28 23:22:34 UTC 2019
RC 0
-rw-r--r--. 1 centos centos 1048576000 Sep 28 23:22 1G_7.dat
--- Mid run ---
Sat Sep 28 23:22:56 UTC 2019
RC 0
-rw-r--r--. 1 centos centos 1048576000 Sep 28 23:23 1G_7.dat
=== Mid run end ===
Sat Sep 28 23:23:14 UTC 2019
RC 0
-rw-r--r--. 1 centos centos 1048576000 Sep 28 23:23 1G_7.dat
Sat Sep 28 23:23:31 UTC 2019
RC 0
-rw-r--r--. 1 centos centos 1048576000 Sep 28 23:23 1G_7.dat
Sat Sep 28 23:23:46 UTC 2019
RC 0
-rw-r--r--. 1 centos centos 1048576000 Sep 28 23:24 1G_7.dat
Sat Sep 28 23:24:05 UTC 2019
RC 0
-rw-r--r--. 1 centos centos 1048576000 Sep 28 23:24 1G_7.dat
Sat Sep 28 23:24:22 UTC 2019
