/dev/shm
Slot slot8
Fetching 1G_8.dat
Sat Sep 28 23:15:40 UTC 2019
RC 0
-rw-r--r--. 1 centos centos 1048576000 Sep 28 23:16 1G_8.dat
--- Mid run ---
Sat Sep 28 23:16:01 UTC 2019
RC 0
-rw-r--r--. 1 centos centos 1048576000 Sep 28 23:16 1G_8.dat
=== Mid run end ===
Sat Sep 28 23:16:25 UTC 2019
RC 0
-rw-r--r--. 1 centos centos 1048576000 Sep 28 23:16 1G_8.dat
Sat Sep 28 23:16:43 UTC 2019
RC 0
-rw-r--r--. 1 centos centos 1048576000 Sep 28 23:16 1G_8.dat
Sat Sep 28 23:16:56 UTC 2019
RC 0
-rw-r--r--. 1 centos centos 1048576000 Sep 28 23:17 1G_8.dat
Sat Sep 28 23:17:11 UTC 2019
RC 0
-rw-r--r--. 1 centos centos 1048576000 Sep 28 23:17 1G_8.dat
Sat Sep 28 23:17:27 UTC 2019
