/dev/shm/user_slot1
Fri Oct 25 13:29:50 UTC 2019
Job 106
Fetching 1G.dat from /base_a/test./data/1G_106.dat
Fri Oct 25 13:29:50 UTC 2019
INFO: Downloaded https://exaasiasep4.blob.core.windows.net/exa-asia-se/base_a/testa/data/1G_106.dat into /dev/shm/user_slot1/1G_106.dat
RC 0
-rw-r--r--. 1 centos centos 1000000000 Oct 25 13:31 1G_106.dat
--- Mid run ---
Fri Oct 25 13:31:58 UTC 2019
INFO: Downloaded https://exaasiasep4.blob.core.windows.net/exa-asia-se/base_a/testa/data/1G_106.dat into /dev/shm/user_slot1/1G_106.dat
RC 0
-rw-r--r--. 1 centos centos 1000000000 Oct 25 13:32 1G_106.dat
=== Mid run end ===
Fri Oct 25 13:32:55 UTC 2019
INFO: Downloaded https://exaasiasep4.blob.core.windows.net/exa-asia-se/base_a/testa/data/1G_106.dat into /dev/shm/user_slot1/1G_106.dat
RC 0
-rw-r--r--. 1 centos centos 1000000000 Oct 25 13:36 1G_106.dat
Fri Oct 25 13:36:20 UTC 2019
INFO: Downloaded https://exaasiasep4.blob.core.windows.net/exa-asia-se/base_a/testa/data/1G_106.dat into /dev/shm/user_slot1/1G_106.dat
RC 0
-rw-r--r--. 1 centos centos 1000000000 Oct 25 13:39 1G_106.dat
Fri Oct 25 13:39:43 UTC 2019
