/dev/shm
Fri Sep 27 23:28:16 UTC 2019
Job 1
Fetching http://exaeastb0.blob.core.windows.net/exa-east/1_testm/data/1G_1.dat
Fri Sep 27 23:28:16 UTC 2019
RC 0
-rw-r--r--. 1 centos centos 1000000000 Sep 27 23:28 1G_1.dat
Fri Sep 27 23:28:21 UTC 2019
RC 0
-rw-r--r--. 1 centos centos 1000000000 Sep 27 23:28 1G_1.dat
Fri Sep 27 23:28:29 UTC 2019
RC 0
-rw-r--r--. 1 centos centos 1000000000 Sep 27 23:28 1G_1.dat
--- Mid run ---
Fri Sep 27 23:28:37 UTC 2019
RC 0
-rw-r--r--. 1 centos centos 1000000000 Sep 27 23:28 1G_1.dat
=== Mid run end ===
Fri Sep 27 23:28:43 UTC 2019
RC 0
-rw-r--r--. 1 centos centos 1000000000 Sep 27 23:28 1G_1.dat
Fri Sep 27 23:28:50 UTC 2019
RC 0
-rw-r--r--. 1 centos centos 1000000000 Sep 27 23:28 1G_1.dat
Fri Sep 27 23:28:56 UTC 2019
