/dev/shm
Mon Sep 30 23:25:32 UTC 2019
Job 37
Fetching https://exaeastp0.blob.core.windows.net/exa-east/5_testb/data/1G_37.dat
Mon Sep 30 23:25:32 UTC 2019
RC 0
-rw-r--r--. 1 centos centos 1000000000 Sep 30 23:25 1G_37.dat
Mon Sep 30 23:25:38 UTC 2019
RC 0
-rw-r--r--. 1 centos centos 1000000000 Sep 30 23:25 1G_37.dat
Mon Sep 30 23:25:45 UTC 2019
RC 0
-rw-r--r--. 1 centos centos 1000000000 Sep 30 23:25 1G_37.dat
--- Mid run ---
Mon Sep 30 23:25:51 UTC 2019
RC 0
-rw-r--r--. 1 centos centos 1000000000 Sep 30 23:25 1G_37.dat
=== Mid run end ===
Mon Sep 30 23:25:57 UTC 2019
RC 0
-rw-r--r--. 1 centos centos 1000000000 Sep 30 23:26 1G_37.dat
Mon Sep 30 23:26:03 UTC 2019
RC 0
-rw-r--r--. 1 centos centos 1000000000 Sep 30 23:26 1G_37.dat
Mon Sep 30 23:26:11 UTC 2019
