/dev/shm
Mon Sep 30 23:25:37 UTC 2019
Job 32
Fetching https://exaeastp0.blob.core.windows.net/exa-east/0_testa/data/1G_32.dat
Mon Sep 30 23:25:37 UTC 2019
RC 0
-rw-r--r--. 1 centos centos 1000000000 Sep 30 23:25 1G_32.dat
Mon Sep 30 23:25:47 UTC 2019
RC 0
-rw-r--r--. 1 centos centos 1000000000 Sep 30 23:25 1G_32.dat
Mon Sep 30 23:25:53 UTC 2019
RC 0
-rw-r--r--. 1 centos centos 1000000000 Sep 30 23:26 1G_32.dat
--- Mid run ---
Mon Sep 30 23:26:02 UTC 2019
RC 0
-rw-r--r--. 1 centos centos 1000000000 Sep 30 23:26 1G_32.dat
=== Mid run end ===
Mon Sep 30 23:26:08 UTC 2019
RC 0
-rw-r--r--. 1 centos centos 1000000000 Sep 30 23:26 1G_32.dat
Mon Sep 30 23:26:17 UTC 2019
RC 0
-rw-r--r--. 1 centos centos 1000000000 Sep 30 23:26 1G_32.dat
Mon Sep 30 23:26:25 UTC 2019
