Mon Sep 30 23:18:58 UTC 2019
Mon Sep 30 23:18:58 UTC 2019

real	0m7.421s
user	0m0.562s
sys	0m1.881s
Mon Sep 30 23:19:06 UTC 2019

real	0m11.461s
user	0m0.672s
sys	0m2.165s
Mon Sep 30 23:19:18 UTC 2019

real	0m17.352s
user	0m0.538s
sys	0m2.038s
--- Mid run ---
Mon Sep 30 23:19:35 UTC 2019

real	0m11.997s
user	0m0.595s
sys	0m2.113s
=== Mid run end ===
Mon Sep 30 23:19:47 UTC 2019

real	0m12.834s
user	0m0.536s
sys	0m2.019s
Mon Sep 30 23:20:00 UTC 2019

real	0m8.423s
user	0m0.611s
sys	0m2.022s
Mon Sep 30 23:20:09 UTC 2019
