Mon Sep 30 23:18:59 UTC 2019
Mon Sep 30 23:18:59 UTC 2019

real	0m4.864s
user	0m0.692s
sys	0m2.085s
Mon Sep 30 23:19:04 UTC 2019

real	0m10.770s
user	0m0.676s
sys	0m2.353s
Mon Sep 30 23:19:14 UTC 2019

real	0m5.260s
user	0m0.524s
sys	0m1.782s
--- Mid run ---
Mon Sep 30 23:19:20 UTC 2019

real	0m8.607s
user	0m0.666s
sys	0m2.281s
=== Mid run end ===
Mon Sep 30 23:19:28 UTC 2019

real	0m8.233s
user	0m0.735s
sys	0m2.758s
Mon Sep 30 23:19:37 UTC 2019

real	0m20.805s
user	0m0.657s
sys	0m2.252s
Mon Sep 30 23:19:58 UTC 2019
