Mon Sep 30 23:15:52 UTC 2019
Mon Sep 30 23:15:52 UTC 2019

real	0m6.263s
user	0m0.989s
sys	0m2.705s
Mon Sep 30 23:15:58 UTC 2019

real	0m14.534s
user	0m0.903s
sys	0m2.255s
Mon Sep 30 23:16:13 UTC 2019

real	0m8.298s
user	0m1.018s
sys	0m2.979s
--- Mid run ---
Mon Sep 30 23:16:21 UTC 2019

real	0m6.408s
user	0m0.847s
sys	0m2.347s
=== Mid run end ===
Mon Sep 30 23:16:28 UTC 2019

real	0m9.144s
user	0m0.766s
sys	0m2.285s
Mon Sep 30 23:16:37 UTC 2019

real	0m7.981s
user	0m0.890s
sys	0m2.948s
Mon Sep 30 23:16:45 UTC 2019
