Mon Sep 30 23:15:52 UTC 2019
Mon Sep 30 23:15:52 UTC 2019

real	0m8.149s
user	0m0.610s
sys	0m1.703s
Mon Sep 30 23:16:00 UTC 2019

real	0m14.140s
user	0m0.634s
sys	0m1.702s
Mon Sep 30 23:16:15 UTC 2019

real	0m14.518s
user	0m0.652s
sys	0m1.761s
--- Mid run ---
Mon Sep 30 23:16:29 UTC 2019

real	0m9.117s
user	0m0.672s
sys	0m1.905s
=== Mid run end ===
Mon Sep 30 23:16:38 UTC 2019

real	0m14.918s
user	0m0.667s
sys	0m1.822s
Mon Sep 30 23:16:53 UTC 2019

real	0m13.981s
user	0m0.588s
sys	0m1.885s
Mon Sep 30 23:17:08 UTC 2019
