Mon Sep 30 23:15:51 UTC 2019
Mon Sep 30 23:15:51 UTC 2019

real	0m5.901s
user	0m0.540s
sys	0m2.265s
Mon Sep 30 23:15:57 UTC 2019

real	0m14.584s
user	0m0.551s
sys	0m2.008s
Mon Sep 30 23:16:11 UTC 2019

real	0m23.460s
user	0m0.461s
sys	0m1.796s
--- Mid run ---
Mon Sep 30 23:16:35 UTC 2019

real	0m20.925s
user	0m0.528s
sys	0m2.191s
=== Mid run end ===
Mon Sep 30 23:16:56 UTC 2019

real	0m6.405s
user	0m0.411s
sys	0m1.595s
Mon Sep 30 23:17:02 UTC 2019

real	0m5.190s
user	0m0.475s
sys	0m1.905s
Mon Sep 30 23:17:08 UTC 2019
