Mon Sep 30 23:15:51 UTC 2019
Mon Sep 30 23:15:51 UTC 2019

real	0m7.703s
user	0m0.621s
sys	0m1.960s
Mon Sep 30 23:15:59 UTC 2019

real	0m20.576s
user	0m0.605s
sys	0m2.085s
Mon Sep 30 23:16:20 UTC 2019

real	0m9.279s
user	0m0.697s
sys	0m2.254s
--- Mid run ---
Mon Sep 30 23:16:29 UTC 2019

real	0m9.406s
user	0m0.645s
sys	0m2.049s
=== Mid run end ===
Mon Sep 30 23:16:39 UTC 2019

real	0m16.084s
user	0m0.594s
sys	0m1.909s
Mon Sep 30 23:16:55 UTC 2019

real	0m13.883s
user	0m0.525s
sys	0m1.917s
Mon Sep 30 23:17:09 UTC 2019
