Mon Sep 30 23:15:51 UTC 2019
Mon Sep 30 23:15:51 UTC 2019

real	0m4.901s
user	0m0.476s
sys	0m1.562s
Mon Sep 30 23:15:56 UTC 2019

real	0m9.789s
user	0m0.526s
sys	0m1.759s
Mon Sep 30 23:16:06 UTC 2019

real	0m5.309s
user	0m0.543s
sys	0m1.640s
--- Mid run ---
Mon Sep 30 23:16:11 UTC 2019

real	0m16.094s
user	0m0.521s
sys	0m1.581s
=== Mid run end ===
Mon Sep 30 23:16:27 UTC 2019

real	0m6.932s
user	0m0.470s
sys	0m1.584s
Mon Sep 30 23:16:34 UTC 2019

real	0m15.743s
user	0m0.455s
sys	0m1.593s
Mon Sep 30 23:16:50 UTC 2019
