====== env ======
_CONDOR_JOB_PIDS=
TMPDIR=/var/lib/condor/execute/dir_4608
_CONDOR_SCRATCH_DIR=/var/lib/condor/execute/dir_4608
_CHIRP_DELAYED_UPDATE_PREFIX=Chirp*
_CONDOR_ANCESTOR_4608=5114:1571827340:896608541
TEMP=/var/lib/condor/execute/dir_4608
BATCH_SYSTEM=HTCondor
_CONDOR_CHIRP_CONFIG=/var/lib/condor/execute/dir_4608/.chirp.config
PWD=/var/lib/condor/execute/dir_4608
_CONDOR_AssignedGPUs=10000
CUDA_VISIBLE_DEVICES=10000
_CONDOR_ANCESTOR_3825=4608:1571827338:3022530457
_CONDOR_SLOT=slot6
_CONDOR_ANCESTOR_3708=3825:1571827184:2053380243
SHLVL=1
_CONDOR_MACHINE_AD=/var/lib/condor/execute/dir_4608/.machine.ad
TMP=/var/lib/condor/execute/dir_4608
GPU_DEVICE_ORDINAL=10000
OMP_NUM_THREADS=1
_CONDOR_JOB_AD=/var/lib/condor/execute/dir_4608/.job.ad
_CONDOR_JOB_IWD=/var/lib/condor/execute/dir_4608
_=/usr/bin/env
====== env ======
/dev/shm/user_slot6
Wed Oct 23 10:42:20 UTC 2019
Job 228
Uploading 1G.dat to /base_4/test./data/1G_228.dat
INFO: Uploading to gs://exa-us-west-1/2_data/base_4/testa/data/1G_228.dat (https://storage.googleapis.com/exa-us-west-1/2_data/base_4/testa/data/1G_228.dat)
RC 0
--- Mid run ---
Wed Oct 23 10:42:42 UTC 2019
INFO: Uploading to gs://exa-us-west-1/a_data/base_4/testm/data/1G_228.dat (https://storage.googleapis.com/exa-us-west-1/a_data/base_4/testm/data/1G_228.dat)
RC 0
=== Mid run end ===
Wed Oct 23 10:43:00 UTC 2019
INFO: Uploading to gs://exa-us-west-1/5_data/base_4/testb/data/1G_228.dat (https://storage.googleapis.com/exa-us-west-1/5_data/base_4/testb/data/1G_228.dat)
RC 0
Wed Oct 23 10:43:19 UTC 2019
