====== env ======
_CONDOR_JOB_PIDS=
TMPDIR=/var/lib/condor/execute/dir_15045
_CONDOR_SCRATCH_DIR=/var/lib/condor/execute/dir_15045
_CHIRP_DELAYED_UPDATE_PREFIX=Chirp*
TEMP=/var/lib/condor/execute/dir_15045
BATCH_SYSTEM=HTCondor
_CONDOR_CHIRP_CONFIG=/var/lib/condor/execute/dir_15045/.chirp.config
PWD=/var/lib/condor/execute/dir_15045
_CONDOR_AssignedGPUs=10000
CUDA_VISIBLE_DEVICES=10000
_CONDOR_ANCESTOR_15045=16338:1571827336:1207117264
_CONDOR_SLOT=slot16
SHLVL=1
_CONDOR_MACHINE_AD=/var/lib/condor/execute/dir_15045/.machine.ad
TMP=/var/lib/condor/execute/dir_15045
GPU_DEVICE_ORDINAL=10000
OMP_NUM_THREADS=1
_CONDOR_JOB_AD=/var/lib/condor/execute/dir_15045/.job.ad
_CONDOR_ANCESTOR_3698=3816:1571826403:4239667761
_CONDOR_JOB_IWD=/var/lib/condor/execute/dir_15045
_CONDOR_ANCESTOR_3816=15045:1571827334:2477256189
_=/usr/bin/env
====== env ======
/dev/shm/user_slot16
Wed Oct 23 10:42:16 UTC 2019
Job 36
Uploading 1G.dat to /base_4/test./data/1G_36.dat
INFO: Uploading to gs://exa-us-west-1/0_data/base_4/testa/data/1G_36.dat (https://storage.googleapis.com/exa-us-west-1/0_data/base_4/testa/data/1G_36.dat)
RC 0
--- Mid run ---
Wed Oct 23 10:42:33 UTC 2019
INFO: Uploading to gs://exa-us-west-1/c_data/base_4/testm/data/1G_36.dat (https://storage.googleapis.com/exa-us-west-1/c_data/base_4/testm/data/1G_36.dat)
RC 0
=== Mid run end ===
Wed Oct 23 10:42:51 UTC 2019
INFO: Uploading to gs://exa-us-west-1/b_data/base_4/testb/data/1G_36.dat (https://storage.googleapis.com/exa-us-west-1/b_data/base_4/testb/data/1G_36.dat)
RC 0
Wed Oct 23 10:43:10 UTC 2019
