====== env ======
_CONDOR_JOB_PIDS=
TMPDIR=/var/lib/condor/execute/dir_4384
_CONDOR_SCRATCH_DIR=/var/lib/condor/execute/dir_4384
_CHIRP_DELAYED_UPDATE_PREFIX=Chirp*
TEMP=/var/lib/condor/execute/dir_4384
BATCH_SYSTEM=HTCondor
_CONDOR_CHIRP_CONFIG=/var/lib/condor/execute/dir_4384/.chirp.config
_CONDOR_ANCESTOR_3834=4384:1571827337:3567804762
_CONDOR_ANCESTOR_4384=5073:1571827339:3089024436
_CONDOR_ANCESTOR_3724=3834:1571827180:1991294051
PWD=/var/lib/condor/execute/dir_4384
_CONDOR_AssignedGPUs=10000
CUDA_VISIBLE_DEVICES=10000
_CONDOR_SLOT=slot9
SHLVL=1
_CONDOR_MACHINE_AD=/var/lib/condor/execute/dir_4384/.machine.ad
TMP=/var/lib/condor/execute/dir_4384
GPU_DEVICE_ORDINAL=10000
OMP_NUM_THREADS=1
_CONDOR_JOB_AD=/var/lib/condor/execute/dir_4384/.job.ad
_CONDOR_JOB_IWD=/var/lib/condor/execute/dir_4384
_=/usr/bin/env
====== env ======
/dev/shm/user_slot9
Wed Oct 23 10:42:19 UTC 2019
Job 180
Uploading 1G.dat to /base_4/test./data/1G_180.dat
INFO: Uploading to gs://exa-us-west-1/5_data/base_4/testa/data/1G_180.dat (https://storage.googleapis.com/exa-us-west-1/5_data/base_4/testa/data/1G_180.dat)
RC 0
--- Mid run ---
Wed Oct 23 10:43:00 UTC 2019
INFO: Uploading to gs://exa-us-west-1/7_data/base_4/testm/data/1G_180.dat (https://storage.googleapis.com/exa-us-west-1/7_data/base_4/testm/data/1G_180.dat)
RC 0
=== Mid run end ===
Wed Oct 23 10:43:25 UTC 2019
INFO: Uploading to gs://exa-us-west-1/4_data/base_4/testb/data/1G_180.dat (https://storage.googleapis.com/exa-us-west-1/4_data/base_4/testb/data/1G_180.dat)
RC 0
Wed Oct 23 10:43:52 UTC 2019
