====== env ======
_CONDOR_JOB_PIDS=
TMPDIR=/var/lib/condor/execute/dir_5573
_CONDOR_SCRATCH_DIR=/var/lib/condor/execute/dir_5573
_CONDOR_ANCESTOR_3713=3829:1571827181:960236484
_CHIRP_DELAYED_UPDATE_PREFIX=Chirp*
TEMP=/var/lib/condor/execute/dir_5573
BATCH_SYSTEM=HTCondor
_CONDOR_CHIRP_CONFIG=/var/lib/condor/execute/dir_5573/.chirp.config
_CONDOR_ANCESTOR_5573=5960:1571827343:3854988703
PWD=/var/lib/condor/execute/dir_5573
_CONDOR_AssignedGPUs=10000
CUDA_VISIBLE_DEVICES=10000
_CONDOR_SLOT=slot2
_CONDOR_ANCESTOR_3829=5573:1571827341:3742093186
SHLVL=1
_CONDOR_MACHINE_AD=/var/lib/condor/execute/dir_5573/.machine.ad
TMP=/var/lib/condor/execute/dir_5573
GPU_DEVICE_ORDINAL=10000
OMP_NUM_THREADS=1
_CONDOR_JOB_AD=/var/lib/condor/execute/dir_5573/.job.ad
_CONDOR_JOB_IWD=/var/lib/condor/execute/dir_5573
_=/usr/bin/env
====== env ======
/dev/shm/user_slot2
Wed Oct 23 10:42:23 UTC 2019
Job 301
Uploading 1G.dat to /base_d/test./data/1G_301.dat
INFO: Uploading to gs://exa-us-west-1/4_data/base_d/testa/data/1G_301.dat (https://storage.googleapis.com/exa-us-west-1/4_data/base_d/testa/data/1G_301.dat)
RC 0
--- Mid run ---
Wed Oct 23 10:42:39 UTC 2019
INFO: Uploading to gs://exa-us-west-1/8_data/base_d/testm/data/1G_301.dat (https://storage.googleapis.com/exa-us-west-1/8_data/base_d/testm/data/1G_301.dat)
RC 0
=== Mid run end ===
Wed Oct 23 10:42:56 UTC 2019
INFO: Uploading to gs://exa-us-west-1/b_data/base_d/testb/data/1G_301.dat (https://storage.googleapis.com/exa-us-west-1/b_data/base_d/testb/data/1G_301.dat)
RC 0
Wed Oct 23 10:43:14 UTC 2019
