====== env ======
_CONDOR_JOB_PIDS=
TMPDIR=/var/lib/condor/execute/dir_3973
_CONDOR_SCRATCH_DIR=/var/lib/condor/execute/dir_3973
_CONDOR_ANCESTOR_3713=3829:1571827181:960236484
_CHIRP_DELAYED_UPDATE_PREFIX=Chirp*
TEMP=/var/lib/condor/execute/dir_3973
BATCH_SYSTEM=HTCondor
_CONDOR_CHIRP_CONFIG=/var/lib/condor/execute/dir_3973/.chirp.config
PWD=/var/lib/condor/execute/dir_3973
_CONDOR_AssignedGPUs=10000
CUDA_VISIBLE_DEVICES=10000
_CONDOR_SLOT=slot5
_CONDOR_ANCESTOR_3829=3973:1571827335:3742093175
SHLVL=1
_CONDOR_MACHINE_AD=/var/lib/condor/execute/dir_3973/.machine.ad
TMP=/var/lib/condor/execute/dir_3973
GPU_DEVICE_ORDINAL=10000
_CONDOR_ANCESTOR_3973=4053:1571827336:929893161
OMP_NUM_THREADS=1
_CONDOR_JOB_AD=/var/lib/condor/execute/dir_3973/.job.ad
_CONDOR_JOB_IWD=/var/lib/condor/execute/dir_3973
_=/usr/bin/env
====== env ======
/dev/shm/user_slot5
Wed Oct 23 10:42:16 UTC 2019
Job 57
Uploading 1G.dat to /base_9/test./data/1G_57.dat
INFO: Uploading to gs://exa-us-west-1/c_data/base_9/testa/data/1G_57.dat (https://storage.googleapis.com/exa-us-west-1/c_data/base_9/testa/data/1G_57.dat)
RC 0
--- Mid run ---
Wed Oct 23 10:42:36 UTC 2019
INFO: Uploading to gs://exa-us-west-1/0_data/base_9/testm/data/1G_57.dat (https://storage.googleapis.com/exa-us-west-1/0_data/base_9/testm/data/1G_57.dat)
RC 0
=== Mid run end ===
Wed Oct 23 10:42:56 UTC 2019
INFO: Uploading to gs://exa-us-west-1/1_data/base_9/testb/data/1G_57.dat (https://storage.googleapis.com/exa-us-west-1/1_data/base_9/testb/data/1G_57.dat)
RC 0
Wed Oct 23 10:43:11 UTC 2019
