====== env ======
_CONDOR_JOB_PIDS=
TMPDIR=/var/lib/condor/execute/dir_5849
_CONDOR_ANCESTOR_5849=6455:1571827345:3182587505
_CONDOR_SCRATCH_DIR=/var/lib/condor/execute/dir_5849
_CHIRP_DELAYED_UPDATE_PREFIX=Chirp*
TEMP=/var/lib/condor/execute/dir_5849
_CONDOR_ANCESTOR_3831=5849:1571827343:1954390903
BATCH_SYSTEM=HTCondor
_CONDOR_CHIRP_CONFIG=/var/lib/condor/execute/dir_5849/.chirp.config
_CONDOR_ANCESTOR_3701=3831:1571827185:1006801128
PWD=/var/lib/condor/execute/dir_5849
_CONDOR_AssignedGPUs=10000
CUDA_VISIBLE_DEVICES=10000
_CONDOR_SLOT=slot14
SHLVL=1
_CONDOR_MACHINE_AD=/var/lib/condor/execute/dir_5849/.machine.ad
TMP=/var/lib/condor/execute/dir_5849
GPU_DEVICE_ORDINAL=10000
OMP_NUM_THREADS=1
_CONDOR_JOB_AD=/var/lib/condor/execute/dir_5849/.job.ad
_CONDOR_JOB_IWD=/var/lib/condor/execute/dir_5849
_=/usr/bin/env
====== env ======
/dev/shm/user_slot14
Wed Oct 23 10:42:25 UTC 2019
Job 391
Uploading 1G.dat to /base_7/test./data/1G_391.dat
INFO: Uploading to gs://exa-us-west-1/c_data/base_7/testa/data/1G_391.dat (https://storage.googleapis.com/exa-us-west-1/c_data/base_7/testa/data/1G_391.dat)
RC 0
--- Mid run ---
Wed Oct 23 10:42:46 UTC 2019
INFO: Uploading to gs://exa-us-west-1/0_data/base_7/testm/data/1G_391.dat (https://storage.googleapis.com/exa-us-west-1/0_data/base_7/testm/data/1G_391.dat)
RC 0
=== Mid run end ===
Wed Oct 23 10:43:02 UTC 2019
INFO: Uploading to gs://exa-us-west-1/d_data/base_7/testb/data/1G_391.dat (https://storage.googleapis.com/exa-us-west-1/d_data/base_7/testb/data/1G_391.dat)
RC 0
Wed Oct 23 10:43:20 UTC 2019
