Tue Oct  1 16:04:11 UTC 2019
Tue Oct  1 16:04:11 UTC 2019

real	0m4.553s
user	0m1.880s
sys	0m2.503s
Tue Oct  1 16:04:15 UTC 2019

real	0m5.929s
user	0m1.709s
sys	0m2.157s
Tue Oct  1 16:04:21 UTC 2019

real	0m4.477s
user	0m1.448s
sys	0m2.001s
--- Mid run ---
Tue Oct  1 16:04:26 UTC 2019

real	0m3.596s
user	0m1.296s
sys	0m1.994s
=== Mid run end ===
Tue Oct  1 16:04:30 UTC 2019

real	0m6.516s
user	0m1.675s
sys	0m2.218s
Tue Oct  1 16:04:36 UTC 2019

real	0m6.915s
user	0m1.753s
sys	0m2.057s
Tue Oct  1 16:04:43 UTC 2019

real	0m4.278s
user	0m1.497s
sys	0m1.853s
Tue Oct  1 16:04:48 UTC 2019

real	0m3.837s
user	0m1.510s
sys	0m1.997s
Tue Oct  1 16:04:52 UTC 2019
