Tue Oct  1 16:04:10 UTC 2019
Tue Oct  1 16:04:10 UTC 2019

real	0m5.462s
user	0m1.608s
sys	0m1.972s
Tue Oct  1 16:04:15 UTC 2019

real	0m6.527s
user	0m1.836s
sys	0m2.289s
Tue Oct  1 16:04:22 UTC 2019

real	0m6.216s
user	0m1.912s
sys	0m2.371s
--- Mid run ---
Tue Oct  1 16:04:28 UTC 2019

real	0m10.073s
user	0m2.187s
sys	0m2.580s
=== Mid run end ===
Tue Oct  1 16:04:38 UTC 2019

real	0m5.084s
user	0m1.701s
sys	0m2.032s
Tue Oct  1 16:04:44 UTC 2019

real	0m7.771s
user	0m1.921s
sys	0m2.309s
Tue Oct  1 16:04:51 UTC 2019

real	0m2.954s
user	0m1.108s
sys	0m1.499s
Tue Oct  1 16:04:55 UTC 2019

real	0m2.800s
user	0m1.083s
sys	0m1.552s
Tue Oct  1 16:04:57 UTC 2019
