Tue Oct  1 15:50:24 UTC 2019
Tue Oct  1 15:50:24 UTC 2019

real	0m6.351s
user	0m1.856s
sys	0m2.289s
Tue Oct  1 15:50:31 UTC 2019

real	0m5.352s
user	0m1.705s
sys	0m2.113s
Tue Oct  1 15:50:36 UTC 2019

real	0m8.400s
user	0m2.143s
sys	0m2.222s
--- Mid run ---
Tue Oct  1 15:50:45 UTC 2019

real	0m5.820s
user	0m1.698s
sys	0m2.321s
=== Mid run end ===
Tue Oct  1 15:50:51 UTC 2019

real	0m4.521s
user	0m1.483s
sys	0m2.123s
Tue Oct  1 15:50:55 UTC 2019

real	0m3.945s
user	0m1.342s
sys	0m1.759s
Tue Oct  1 15:50:59 UTC 2019

real	0m3.279s
user	0m1.186s
sys	0m1.895s
Tue Oct  1 15:51:03 UTC 2019

real	0m2.896s
user	0m1.154s
sys	0m1.686s
Tue Oct  1 15:51:06 UTC 2019
