Tue Oct  1 16:04:02 UTC 2019
Tue Oct  1 16:04:02 UTC 2019

real	0m3.192s
user	0m1.182s
sys	0m1.689s
Tue Oct  1 16:04:05 UTC 2019

real	0m3.288s
user	0m1.239s
sys	0m1.627s
Tue Oct  1 16:04:08 UTC 2019

real	0m3.805s
user	0m1.342s
sys	0m1.899s
--- Mid run ---
Tue Oct  1 16:04:12 UTC 2019

real	0m4.633s
user	0m1.574s
sys	0m2.079s
=== Mid run end ===
Tue Oct  1 16:04:17 UTC 2019

real	0m8.683s
user	0m2.105s
sys	0m2.331s
Tue Oct  1 16:04:26 UTC 2019

real	0m10.882s
user	0m2.336s
sys	0m2.384s
Tue Oct  1 16:04:37 UTC 2019

real	0m8.004s
user	0m2.016s
sys	0m2.396s
Tue Oct  1 16:04:45 UTC 2019

real	0m8.615s
user	0m2.164s
sys	0m2.563s
Tue Oct  1 16:04:54 UTC 2019
