Tue Oct  1 16:04:10 UTC 2019
Tue Oct  1 16:04:10 UTC 2019

real	0m4.822s
user	0m1.424s
sys	0m3.153s
Tue Oct  1 16:04:15 UTC 2019

real	0m5.262s
user	0m1.588s
sys	0m3.598s
Tue Oct  1 16:04:20 UTC 2019

real	0m5.505s
user	0m1.611s
sys	0m3.839s
--- Mid run ---
Tue Oct  1 16:04:26 UTC 2019

real	0m5.628s
user	0m1.643s
sys	0m3.923s
=== Mid run end ===
Tue Oct  1 16:04:32 UTC 2019

real	0m6.081s
user	0m1.673s
sys	0m4.352s
Tue Oct  1 16:04:38 UTC 2019

real	0m11.333s
user	0m1.687s
sys	0m3.752s
Tue Oct  1 16:04:50 UTC 2019

real	0m4.231s
user	0m1.254s
sys	0m2.801s
Tue Oct  1 16:04:54 UTC 2019

real	0m3.869s
user	0m1.102s
sys	0m2.271s
Tue Oct  1 16:04:58 UTC 2019
