Tue Oct  1 16:04:11 UTC 2019
Tue Oct  1 16:04:11 UTC 2019

real	0m7.135s
user	0m1.793s
sys	0m2.198s
Tue Oct  1 16:04:18 UTC 2019

real	0m8.525s
user	0m2.139s
sys	0m2.466s
Tue Oct  1 16:04:26 UTC 2019

real	0m6.405s
user	0m1.783s
sys	0m2.198s
--- Mid run ---
Tue Oct  1 16:04:33 UTC 2019

real	0m6.811s
user	0m1.905s
sys	0m2.343s
=== Mid run end ===
Tue Oct  1 16:04:40 UTC 2019

real	0m8.800s
user	0m2.052s
sys	0m2.346s
Tue Oct  1 16:04:49 UTC 2019

real	0m5.781s
user	0m1.738s
sys	0m2.131s
Tue Oct  1 16:04:55 UTC 2019

real	0m3.715s
user	0m1.770s
sys	0m1.899s
Tue Oct  1 16:04:58 UTC 2019

real	0m2.785s
user	0m1.053s
sys	0m1.638s
Tue Oct  1 16:05:01 UTC 2019
