Tue Oct  1 16:04:16 UTC 2019
Tue Oct  1 16:04:16 UTC 2019

real	0m7.044s
user	0m2.035s
sys	0m2.339s
Tue Oct  1 16:04:23 UTC 2019

real	0m8.552s
user	0m2.188s
sys	0m2.294s
Tue Oct  1 16:04:32 UTC 2019

real	0m6.687s
user	0m1.822s
sys	0m2.162s
--- Mid run ---
Tue Oct  1 16:04:39 UTC 2019

real	0m8.302s
user	0m1.960s
sys	0m2.379s
=== Mid run end ===
Tue Oct  1 16:04:47 UTC 2019

real	0m3.500s
user	0m1.349s
sys	0m1.850s
Tue Oct  1 16:04:51 UTC 2019

real	0m4.224s
user	0m1.652s
sys	0m2.000s
Tue Oct  1 16:04:55 UTC 2019

real	0m3.098s
user	0m1.130s
sys	0m1.691s
Tue Oct  1 16:04:58 UTC 2019

real	0m3.491s
user	0m1.275s
sys	0m1.670s
Tue Oct  1 16:05:02 UTC 2019
