Tue Oct  1 16:04:10 UTC 2019
Tue Oct  1 16:04:10 UTC 2019

real	0m4.544s
user	0m1.491s
sys	0m2.767s
Tue Oct  1 16:04:14 UTC 2019

real	0m4.915s
user	0m1.630s
sys	0m3.147s
Tue Oct  1 16:04:19 UTC 2019

real	0m5.050s
user	0m1.578s
sys	0m2.637s
--- Mid run ---
Tue Oct  1 16:04:25 UTC 2019

real	0m4.596s
user	0m1.684s
sys	0m2.814s
=== Mid run end ===
Tue Oct  1 16:04:29 UTC 2019

real	0m4.516s
user	0m1.526s
sys	0m2.756s
Tue Oct  1 16:04:34 UTC 2019

real	0m4.546s
user	0m1.598s
sys	0m2.892s
Tue Oct  1 16:04:39 UTC 2019

real	0m4.007s
user	0m1.588s
sys	0m2.282s
Tue Oct  1 16:04:43 UTC 2019

real	0m3.706s
user	0m1.344s
sys	0m2.237s
Tue Oct  1 16:04:47 UTC 2019
