Tue Oct  1 16:04:04 UTC 2019
Tue Oct  1 16:04:04 UTC 2019

real	0m4.414s
user	0m1.539s
sys	0m2.250s
Tue Oct  1 16:04:08 UTC 2019

real	0m4.328s
user	0m1.340s
sys	0m2.201s
Tue Oct  1 16:04:12 UTC 2019

real	0m5.040s
user	0m1.428s
sys	0m2.324s
--- Mid run ---
Tue Oct  1 16:04:18 UTC 2019

real	0m4.508s
user	0m1.606s
sys	0m2.365s
=== Mid run end ===
Tue Oct  1 16:04:22 UTC 2019

real	0m6.909s
user	0m1.942s
sys	0m2.512s
Tue Oct  1 16:04:29 UTC 2019

real	0m5.795s
user	0m1.630s
sys	0m2.670s
Tue Oct  1 16:04:35 UTC 2019

real	0m4.726s
user	0m1.554s
sys	0m2.580s
Tue Oct  1 16:04:40 UTC 2019

real	0m5.068s
user	0m1.635s
sys	0m2.628s
Tue Oct  1 16:04:45 UTC 2019
