Tue Oct  1 16:04:10 UTC 2019
Tue Oct  1 16:04:10 UTC 2019

real	0m6.028s
user	0m1.788s
sys	0m2.248s
Tue Oct  1 16:04:16 UTC 2019

real	0m5.630s
user	0m1.724s
sys	0m2.228s
Tue Oct  1 16:04:21 UTC 2019

real	0m8.768s
user	0m1.968s
sys	0m2.366s
--- Mid run ---
Tue Oct  1 16:04:30 UTC 2019

real	0m10.932s
user	0m2.171s
sys	0m2.417s
=== Mid run end ===
Tue Oct  1 16:04:41 UTC 2019

real	0m4.442s
user	0m1.372s
sys	0m2.094s
Tue Oct  1 16:04:46 UTC 2019

real	0m4.694s
user	0m1.627s
sys	0m2.113s
Tue Oct  1 16:04:51 UTC 2019

real	0m3.851s
user	0m1.357s
sys	0m1.864s
Tue Oct  1 16:04:55 UTC 2019

real	0m3.534s
user	0m1.401s
sys	0m1.932s
Tue Oct  1 16:04:58 UTC 2019
