Tue Oct  1 15:50:10 UTC 2019
Tue Oct  1 15:50:10 UTC 2019

real	0m3.167s
user	0m1.290s
sys	0m1.754s
Tue Oct  1 15:50:13 UTC 2019

real	0m5.116s
user	0m1.912s
sys	0m1.897s
Tue Oct  1 15:50:18 UTC 2019

real	0m5.810s
user	0m1.651s
sys	0m2.058s
--- Mid run ---
Tue Oct  1 15:50:24 UTC 2019

real	0m5.032s
user	0m1.763s
sys	0m2.195s
=== Mid run end ===
Tue Oct  1 15:50:30 UTC 2019

real	0m3.903s
user	0m1.631s
sys	0m2.009s
Tue Oct  1 15:50:34 UTC 2019

real	0m13.547s
user	0m2.250s
sys	0m2.363s
Tue Oct  1 15:50:47 UTC 2019

real	0m10.369s
user	0m2.408s
sys	0m2.475s
Tue Oct  1 15:50:58 UTC 2019

real	0m4.450s
user	0m1.576s
sys	0m2.146s
Tue Oct  1 15:51:02 UTC 2019
