/dev/shm
Slot slot5
Fetching 1G_5.dat
Sat Sep 28 23:04:33 UTC 2019
RC 0
-rw-r--r--. 1 centos centos 1048576000 Sep 28 23:04 1G_5.dat
--- Mid run ---
Sat Sep 28 23:04:53 UTC 2019
RC 0
-rw-r--r--. 1 centos centos 1048576000 Sep 28 23:05 1G_5.dat
=== Mid run end ===
Sat Sep 28 23:05:00 UTC 2019
RC 0
-rw-r--r--. 1 centos centos 1048576000 Sep 28 23:05 1G_5.dat
Sat Sep 28 23:05:14 UTC 2019
RC 0
-rw-r--r--. 1 centos centos 1048576000 Sep 28 23:05 1G_5.dat
Sat Sep 28 23:05:26 UTC 2019
RC 0
-rw-r--r--. 1 centos centos 1048576000 Sep 28 23:05 1G_5.dat
Sat Sep 28 23:05:34 UTC 2019
RC 0
-rw-r--r--. 1 centos centos 1048576000 Sep 28 23:05 1G_5.dat
Sat Sep 28 23:05:41 UTC 2019
