GPU 0: NVIDIA RTX A6000 (UUID: GPU-915f7ccd-ab30-fe7d-3203-a6af6fdedee5)
=======================================
Architecture:          x86_64
CPU op-mode(s):        32-bit, 64-bit
Byte Order:            Little Endian
CPU(s):                24
On-line CPU(s) list:   0-23
Thread(s) per core:    1
Core(s) per socket:    24
Socket(s):             1
NUMA node(s):          1
Vendor ID:             AuthenticAMD
CPU family:            25
Model:                 1
Model name:            AMD EPYC 7443P 24-Core Processor
Stepping:              1
CPU MHz:               2731.778
CPU max MHz:           2850.0000
CPU min MHz:           1500.0000
BogoMIPS:              5700.17
Virtualization:        AMD-V
L1d cache:             32K
L1i cache:             32K
L2 cache:              512K
L3 cache:              32768K
NUMA node0 CPU(s):     0-23
Flags:                 fpu vme de pse tsc msr pae mce cx8 apic sep mtrr pge mca cmov pat pse36 clflush mmx fxsr sse sse2 ht syscall nx mmxext fxsr_opt pdpe1gb rdtscp lm constant_tsc rep_good nopl nonstop_tsc cpuid extd_apicid aperfmperf pni pclmulqdq monitor ssse3 fma cx16 pcid sse4_1 sse4_2 movbe popcnt aes xsave avx f16c rdrand lahf_lm cmp_legacy svm extapic cr8_legacy abm sse4a misalignsse 3dnowprefetch osvw ibs skinit wdt tce topoext perfctr_core perfctr_nb bpext perfctr_llc mwaitx cpb cat_l3 cdp_l3 invpcid_single hw_pstate ssbd mba ibrs ibpb stibp vmmcall fsgsbase bmi1 avx2 smep bmi2 invpcid cqm rdt_a rdseed adx smap clflushopt clwb sha_ni xsaveopt xsavec xgetbv1 xsaves cqm_llc cqm_occup_llc cqm_mbm_total cqm_mbm_local clzero irperf xsaveerptr wbnoinvd arat npt lbrv svm_lock nrip_save tsc_scale vmcb_clean flushbyasid decodeassists pausefilter pfthreshold v_vmsave_vmload vgif umip pku ospke vaes vpclmulqdq rdpid overflow_recov succor smca
=======================================
Number of platforms                               1
  Platform Name                                   NVIDIA CUDA
  Platform Vendor                                 NVIDIA Corporation
  Platform Version                                OpenCL 3.0 CUDA 11.7.101
  Platform Profile                                FULL_PROFILE
  Platform Extensions                             cl_khr_global_int32_base_atomics cl_khr_global_int32_extended_atomics cl_khr_local_int32_base_atomics cl_khr_local_int32_extended_atomics cl_khr_fp64 cl_khr_3d_image_writes cl_khr_byte_addressable_store cl_khr_icd cl_khr_gl_sharing cl_nv_compiler_options cl_nv_device_attribute_query cl_nv_pragma_unroll cl_nv_copy_opts cl_khr_gl_event cl_nv_create_buffer cl_khr_int64_base_atomics cl_khr_int64_extended_atomics cl_nv_kernel_attribute cl_khr_device_uuid cl_khr_pci_bus_info cl_khr_external_semaphore cl_khr_external_memory cl_khr_external_semaphore_opaque_fd cl_khr_external_memory_opaque_fd
  Platform Host timer resolution                  0ns
  Platform Extensions function suffix             NV

  Platform Name                                   NVIDIA CUDA
Number of devices                                 1
  Device Name                                     NVIDIA RTX A6000
  Device Vendor                                   NVIDIA Corporation
  Device Vendor ID                                0x10de
  Device Version                                  OpenCL 3.0 CUDA
  Driver Version                                  515.65.01
  Device OpenCL C Version                         OpenCL C 1.2 
  Device Type                                     GPU
  Device Available                                Yes
  Device Profile                                  FULL_PROFILE
  Device Topology (NV)                            PCI-E, c3:00.0
  Max compute units                               84
  Max clock frequency                             1800MHz
  Compute Capability (NV)                         8.6
  Device Partition                                (core)
    Max number of sub-devices                     1
    Supported partition types                     None
  Max work item dimensions                        3
  Max work item sizes                             1024x1024x64
  Max work group size                             1024
  Compiler Available                              Yes
  Linker Available                                Yes
  Preferred work group size multiple              32
  Warp size (NV)                                  32
  Max sub-groups per work group                   0
  Preferred / native vector sizes                 
    char                                                 1 / 1       
    short                                                1 / 1       
    int                                                  1 / 1       
    long                                                 1 / 1       
    half                                                 0 / 0        (n/a)
    float                                                1 / 1       
    double                                               1 / 1        (cl_khr_fp64)
  Half-precision Floating-point support           (n/a)
  Single-precision Floating-point support         (core)
    Denormals                                     Yes
    Infinity and NANs                             Yes
    Round to nearest                              Yes
    Round to zero                                 Yes
    Round to infinity                             Yes
    IEEE754-2008 fused multiply-add               Yes
    Support is emulated in software               No
    Correctly-rounded divide and sqrt operations  Yes
  Double-precision Floating-point support         (cl_khr_fp64)
    Denormals                                     Yes
    Infinity and NANs                             Yes
    Round to nearest                              Yes
    Round to zero                                 Yes
    Round to infinity                             Yes
    IEEE754-2008 fused multiply-add               Yes
    Support is emulated in software               No
    Correctly-rounded divide and sqrt operations  No
  Address bits                                    64, Little-Endian
  Global memory size                              51050250240 (47.54GiB)
  Error Correction support                        No
  Max memory allocation                           12762562560 (11.89GiB)
  Unified memory for Host and Device              No
  Integrated memory (NV)                          No
  Shared Virtual Memory (SVM) capabilities        (core)
    Coarse-grained buffer sharing                 Yes
    Fine-grained buffer sharing                   No
    Fine-grained system sharing                   No
    Atomics                                       No
  Minimum alignment for any data type             128 bytes
  Alignment of base address                       4096 bits (512 bytes)
  Preferred alignment for atomics                 
    SVM                                           0 bytes
    Global                                        0 bytes
    Local                                         0 bytes
  Max size for global variable                    0
  Preferred total size of global vars             0
  Global Memory cache type                        Read/Write
  Global Memory cache size                        2408448 (2.297MiB)
  Global Memory cache line                        128 bytes
  Image support                                   Yes
    Max number of samplers per kernel             32
    Max size for 1D images from buffer            268435456 pixels
    Max 1D or 2D image array size                 2048 images
    Max 2D image size                             32768x32768 pixels
    Max 3D image size                             16384x16384x16384 pixels
    Max number of read image args                 256
    Max number of write image args                32
    Max number of read/write image args           0
  Max number of pipe args                         0
  Max active pipe reservations                    0
  Max pipe packet size                            0
  Local memory type                               Local
  Local memory size                               49152 (48KiB)
  Registers per block (NV)                        65536
  Max constant buffer size                        65536 (64KiB)
  Max number of constant args                     9
  Max size of kernel argument                     4352 (4.25KiB)
  Queue properties (on host)                      
    Out-of-order execution                        Yes
    Profiling                                     Yes
  Queue properties (on device)                    
    Out-of-order execution                        No
    Profiling                                     No
    Preferred size                                0
    Max size                                      0
  Max queues on device                            0
  Max events on device                            0
  Prefer user sync for interop                    No
  Profiling timer resolution                      1000ns
  Execution capabilities                          
    Run OpenCL kernels                            Yes
    Run native kernels                            No
    Sub-group independent forward progress        No
    Kernel execution timeout (NV)                 No
  Concurrent copy and kernel execution (NV)       Yes
    Number of async copy engines                  2
    IL version                                    
  printf() buffer size                            1048576 (1024KiB)
  Built-in kernels                                
  Device Extensions                               cl_khr_global_int32_base_atomics cl_khr_global_int32_extended_atomics cl_khr_local_int32_base_atomics cl_khr_local_int32_extended_atomics cl_khr_fp64 cl_khr_3d_image_writes cl_khr_byte_addressable_store cl_khr_icd cl_khr_gl_sharing cl_nv_compiler_options cl_nv_device_attribute_query cl_nv_pragma_unroll cl_nv_copy_opts cl_khr_gl_event cl_nv_create_buffer cl_khr_int64_base_atomics cl_khr_int64_extended_atomics cl_nv_kernel_attribute cl_khr_device_uuid cl_khr_pci_bus_info cl_khr_external_semaphore cl_khr_external_memory cl_khr_external_semaphore_opaque_fd cl_khr_external_memory_opaque_fd

NULL platform behavior
  clGetPlatformInfo(NULL, CL_PLATFORM_NAME, ...)  No platform
  clGetDeviceIDs(NULL, CL_DEVICE_TYPE_ALL, ...)   No platform
  clCreateContext(NULL, ...) [default]            No platform
  clCreateContext(NULL, ...) [other]              Success [NV]
  clCreateContextFromType(NULL, CL_DEVICE_TYPE_CPU)  No devices found in platform
  clCreateContextFromType(NULL, CL_DEVICE_TYPE_GPU)  No platform
  clCreateContextFromType(NULL, CL_DEVICE_TYPE_ACCELERATOR)  No devices found in platform
  clCreateContextFromType(NULL, CL_DEVICE_TYPE_CUSTOM)  No devices found in platform
  clCreateContextFromType(NULL, CL_DEVICE_TYPE_ALL)  No platform
	NOTE:	your OpenCL library only supports OpenCL 2.0,
		but some installed platforms support OpenCL 3.0.
		Programs using 3.0 features may crash
		or behave unexepectedly
=======================================
Wed Aug 30 17:43:23 2023       
+-----------------------------------------------------------------------------+
| NVIDIA-SMI 515.65.01    Driver Version: 515.65.01    CUDA Version: 11.7     |
|-------------------------------+----------------------+----------------------+
| GPU  Name        Persistence-M| Bus-Id        Disp.A | Volatile Uncorr. ECC |
| Fan  Temp  Perf  Pwr:Usage/Cap|         Memory-Usage | GPU-Util  Compute M. |
|                               |                      |               MIG M. |
|===============================+======================+======================|
|   0  NVIDIA RTX A6000    Off  | 00000000:C3:00.0 Off |                  Off |
| 30%   38C    P0    30W / 300W |      0MiB / 49140MiB |      2%      Default |
|                               |                      |                  N/A |
+-------------------------------+----------------------+----------------------+
                                                                               
+-----------------------------------------------------------------------------+
| Processes:                                                                  |
|  GPU   GI   CI        PID   Type   Process name                  GPU Memory |
|        ID   ID                                                   Usage      |
|=============================================================================|
|  No running processes found                                                 |
+-----------------------------------------------------------------------------+
=======================================
CUDA_VISIBLE_DEVICES = GPU-915f7ccd-ab30-fe7d-3203-a6af6fdedee5
NRP TEST Try 1
Wed Aug 30 17:43:27 UTC 2023
NRP TEST Start: 1693417407
grep: .machine.ad: No such file or directory
grep: .machine.ad: No such file or directory
grep: .machine.ad: No such file or directory
grep: .machine.ad: No such file or directory
grep: .machine.ad: No such file or directory
-----
grep: .machine.ad: No such file or directory
grep: .machine.ad: No such file or directory
grep: .machine.ad: No such file or directory
grep: .machine.ad: No such file or directory
grep: .machine.ad: No such file or directory
grep: .machine.ad: No such file or directory
grep: .machine.ad: No such file or directory
=====
iceprod loader starting at /root/icecube
Invalid option: --
Option parsing halted early.
Passing all other arguments on to i3exec.py
 
Using software at /cvmfs/icecube.opensciencegrid.org/iceprod/master
Evaluating setup.sh
python -m iceprod.core.i3exec --url https://iceprod2-api.icecube.wisc.edu --cfgfile task.cfg --offline --gzip-logs
{'cfgfile': 'task.cfg', 'url': 'https://iceprod2-api.icecube.wisc.edu', 'passkey': None, 'pilot_id': None, 'debug': False, 'offline': True, 'offline_transfer': False, 'logfile': None, 'dataset': None, 'job': None, 'jobs_submitted': None, 'task': None, 'gzip_logs': True}
Resources:
  cpu: 2.36
  memory: 1.69
  disk: 2.79
  gpu: 0.00
  time: 0.27
IceProd job took 971 secs

real	16m19.295s
user	25m20.487s
sys	6m17.417s
NRP TEST End: 1693418386
Wed Aug 30 17:59:46 UTC 2023
NRP TEST Try 2
Wed Aug 30 17:59:48 UTC 2023
NRP TEST Start: 1693418388
grep: .machine.ad: No such file or directory
grep: .machine.ad: No such file or directory
grep: .machine.ad: No such file or directory
grep: .machine.ad: No such file or directory
grep: .machine.ad: No such file or directory
-----
grep: .machine.ad: No such file or directory
grep: .machine.ad: No such file or directory
grep: .machine.ad: No such file or directory
grep: .machine.ad: No such file or directory
grep: .machine.ad: No such file or directory
grep: .machine.ad: No such file or directory
grep: .machine.ad: No such file or directory
=====
iceprod loader starting at /root/icecube
Invalid option: --
Option parsing halted early.
Passing all other arguments on to i3exec.py
 
Using software at /cvmfs/icecube.opensciencegrid.org/iceprod/master
Evaluating setup.sh
python -m iceprod.core.i3exec --url https://iceprod2-api.icecube.wisc.edu --cfgfile task.cfg --offline --gzip-logs
{'cfgfile': 'task.cfg', 'url': 'https://iceprod2-api.icecube.wisc.edu', 'passkey': None, 'pilot_id': None, 'debug': False, 'offline': True, 'offline_transfer': False, 'logfile': None, 'dataset': None, 'job': None, 'jobs_submitted': None, 'task': None, 'gzip_logs': True}
Resources:
  cpu: 2.36
  memory: 1.51
  disk: 2.41
  gpu: 0.00
  time: 0.24
IceProd job took 864 secs

real	14m23.834s
user	25m12.755s
sys	6m17.014s
NRP TEST End: 1693419252
Wed Aug 30 18:14:12 UTC 2023
