/dev/shm
Slot slot6
Fetching 1G_6.dat from stashcache.t2.ucsd.edu
Thu Oct  3 16:09:01 UTC 2019
RC 0
-rw-r--r--. 1 cuser6 cuser 1048576000 Oct  3 16:10 1G_6.dat
--- Mid run ---
Thu Oct  3 16:10:33 UTC 2019
RC 0
-rw-r--r--. 1 cuser6 cuser 1048576000 Oct  3 16:12 1G_6.dat
=== Mid run end ===
Thu Oct  3 16:12:21 UTC 2019
RC 0
-rw-r--r--. 1 cuser6 cuser 1048576000 Oct  3 16:14 1G_6.dat
Thu Oct  3 16:14:20 UTC 2019
RC 0
-rw-r--r--. 1 cuser6 cuser 1048576000 Oct  3 16:16 1G_6.dat
Thu Oct  3 16:16:20 UTC 2019
RC 0
-rw-r--r--. 1 cuser6 cuser 1048576000 Oct  3 16:17 1G_6.dat
Thu Oct  3 16:17:52 UTC 2019
RC 0
-rw-r--r--. 1 cuser6 cuser 1048576000 Oct  3 16:19 1G_6.dat
Thu Oct  3 16:19:00 UTC 2019
