Mon Sep 30 23:14:07 UTC 2019
Mon Sep 30 23:14:07 UTC 2019

real	0m5.510s
user	0m1.971s
sys	0m2.658s
Mon Sep 30 23:14:13 UTC 2019

real	0m5.770s
user	0m2.402s
sys	0m3.145s
Mon Sep 30 23:14:19 UTC 2019

real	0m4.822s
user	0m1.832s
sys	0m2.593s
--- Mid run ---
Mon Sep 30 23:14:24 UTC 2019

real	0m5.128s
user	0m2.003s
sys	0m2.870s
=== Mid run end ===
Mon Sep 30 23:14:29 UTC 2019

real	0m6.115s
user	0m2.079s
sys	0m2.785s
Mon Sep 30 23:14:35 UTC 2019

real	0m5.113s
user	0m1.841s
sys	0m2.255s
Mon Sep 30 23:14:41 UTC 2019
