Mon Sep 30 23:17:38 UTC 2019
Mon Sep 30 23:17:38 UTC 2019

real	0m4.621s
user	0m1.522s
sys	0m2.676s
Mon Sep 30 23:17:42 UTC 2019

real	0m7.527s
user	0m1.581s
sys	0m2.315s
Mon Sep 30 23:17:50 UTC 2019

real	0m5.712s
user	0m1.470s
sys	0m2.108s
--- Mid run ---
Mon Sep 30 23:17:56 UTC 2019

real	0m4.386s
user	0m1.552s
sys	0m2.280s
=== Mid run end ===
Mon Sep 30 23:18:00 UTC 2019

real	0m6.653s
user	0m1.672s
sys	0m2.562s
Mon Sep 30 23:18:07 UTC 2019

real	0m9.955s
user	0m1.486s
sys	0m2.500s
Mon Sep 30 23:18:17 UTC 2019
