Mon Sep 30 23:14:07 UTC 2019
Mon Sep 30 23:14:07 UTC 2019

real	0m5.191s
user	0m1.548s
sys	0m2.879s
Mon Sep 30 23:14:12 UTC 2019

real	0m6.739s
user	0m1.841s
sys	0m3.417s
Mon Sep 30 23:14:19 UTC 2019

real	0m5.048s
user	0m1.665s
sys	0m2.793s
--- Mid run ---
Mon Sep 30 23:14:24 UTC 2019

real	0m5.751s
user	0m1.860s
sys	0m2.922s
=== Mid run end ===
Mon Sep 30 23:14:30 UTC 2019

real	0m6.427s
user	0m1.837s
sys	0m2.898s
Mon Sep 30 23:14:37 UTC 2019

real	0m6.557s
user	0m1.871s
sys	0m3.293s
Mon Sep 30 23:14:43 UTC 2019
