Mon Sep 30 23:17:37 UTC 2019
Mon Sep 30 23:17:37 UTC 2019

real	0m5.163s
user	0m1.554s
sys	0m2.883s
Mon Sep 30 23:17:43 UTC 2019

real	0m7.543s
user	0m1.764s
sys	0m3.137s
Mon Sep 30 23:17:50 UTC 2019

real	0m9.125s
user	0m1.844s
sys	0m3.358s
--- Mid run ---
Mon Sep 30 23:18:00 UTC 2019

real	0m5.513s
user	0m1.737s
sys	0m2.780s
=== Mid run end ===
Mon Sep 30 23:18:05 UTC 2019

real	0m6.819s
user	0m1.667s
sys	0m2.564s
Mon Sep 30 23:18:12 UTC 2019

real	0m6.640s
user	0m1.791s
sys	0m3.271s
Mon Sep 30 23:18:19 UTC 2019
