Mon Sep 30 23:17:43 UTC 2019
Mon Sep 30 23:17:43 UTC 2019

real	0m8.461s
user	0m1.902s
sys	0m2.698s
Mon Sep 30 23:17:51 UTC 2019

real	0m6.056s
user	0m1.968s
sys	0m2.863s
Mon Sep 30 23:17:57 UTC 2019

real	0m10.543s
user	0m2.244s
sys	0m2.908s
--- Mid run ---
Mon Sep 30 23:18:08 UTC 2019

real	0m5.945s
user	0m1.814s
sys	0m2.693s
=== Mid run end ===
Mon Sep 30 23:18:14 UTC 2019

real	0m6.518s
user	0m1.695s
sys	0m2.019s
Mon Sep 30 23:18:21 UTC 2019

real	0m4.375s
user	0m1.441s
sys	0m1.753s
Mon Sep 30 23:18:25 UTC 2019
