Mon Sep 30 23:17:38 UTC 2019
Mon Sep 30 23:17:38 UTC 2019

real	0m6.599s
user	0m1.587s
sys	0m2.599s
Mon Sep 30 23:17:44 UTC 2019

real	0m7.679s
user	0m1.809s
sys	0m2.833s
Mon Sep 30 23:17:52 UTC 2019

real	0m7.583s
user	0m1.726s
sys	0m2.463s
--- Mid run ---
Mon Sep 30 23:18:00 UTC 2019

real	0m12.564s
user	0m1.789s
sys	0m2.421s
=== Mid run end ===
Mon Sep 30 23:18:13 UTC 2019

real	0m7.928s
user	0m1.669s
sys	0m2.598s
Mon Sep 30 23:18:21 UTC 2019

real	0m6.596s
user	0m1.614s
sys	0m2.501s
Mon Sep 30 23:18:27 UTC 2019
