/dev/shm
Tue Oct  1 15:44:30 UTC 2019
Job 46
Fetching https://prp-test-us-east1.S3.amazonaws.com/e_testa/data/1G_46.dat
Tue Oct  1 15:44:30 UTC 2019
RC 0
-rw-r--r--. 1 centos centos 1000000000 Oct  1 15:44 1G_46.dat
Tue Oct  1 15:44:40 UTC 2019
RC 0
-rw-r--r--. 1 centos centos 1000000000 Oct  1 15:44 1G_46.dat
Tue Oct  1 15:44:50 UTC 2019
RC 0
-rw-r--r--. 1 centos centos 1000000000 Oct  1 15:45 1G_46.dat
--- Mid run ---
Tue Oct  1 15:45:00 UTC 2019
RC 0
-rw-r--r--. 1 centos centos 1000000000 Oct  1 15:45 1G_46.dat
=== Mid run end ===
Tue Oct  1 15:45:10 UTC 2019
RC 0
-rw-r--r--. 1 centos centos 1000000000 Oct  1 15:45 1G_46.dat
Tue Oct  1 15:45:21 UTC 2019
RC 0
-rw-r--r--. 1 centos centos 1000000000 Oct  1 15:45 1G_46.dat
Tue Oct  1 15:45:31 UTC 2019
RC 0
-rw-r--r--. 1 centos centos 1000000000 Oct  1 15:45 1G_46.dat
Tue Oct  1 15:45:41 UTC 2019
RC 0
-rw-r--r--. 1 centos centos 1000000000 Oct  1 15:45 1G_46.dat
Tue Oct  1 15:45:52 UTC 2019
