Thu Oct  3 03:49:00 UTC 2019
Thu Oct  3 03:49:00 UTC 2019

real	0m5.183s
user	0m1.623s
sys	0m2.281s
Thu Oct  3 03:49:05 UTC 2019

real	0m5.640s
user	0m1.688s
sys	0m2.345s
Thu Oct  3 03:49:11 UTC 2019

real	0m4.803s
user	0m1.848s
sys	0m2.624s
--- Mid run ---
Thu Oct  3 03:49:16 UTC 2019

real	0m5.754s
user	0m1.858s
sys	0m3.041s
=== Mid run end ===
Thu Oct  3 03:49:22 UTC 2019

real	0m6.044s
user	0m1.942s
sys	0m3.067s
Thu Oct  3 03:49:28 UTC 2019

real	0m5.870s
user	0m2.003s
sys	0m3.179s
Thu Oct  3 03:49:34 UTC 2019
