Thu Oct  3 03:49:12 UTC 2019
Thu Oct  3 03:49:12 UTC 2019

real	0m5.645s
user	0m1.490s
sys	0m2.434s
Thu Oct  3 03:49:17 UTC 2019

real	0m8.877s
user	0m1.713s
sys	0m2.795s
Thu Oct  3 03:49:26 UTC 2019

real	0m6.437s
user	0m1.695s
sys	0m3.093s
--- Mid run ---
Thu Oct  3 03:49:33 UTC 2019

real	0m8.924s
user	0m1.790s
sys	0m2.840s
=== Mid run end ===
Thu Oct  3 03:49:42 UTC 2019

real	0m8.196s
user	0m1.733s
sys	0m2.613s
Thu Oct  3 03:49:50 UTC 2019

real	0m7.443s
user	0m1.608s
sys	0m2.599s
Thu Oct  3 03:49:58 UTC 2019
