Thu Oct  3 03:51:14 UTC 2019
Thu Oct  3 03:51:14 UTC 2019

real	0m4.927s
user	0m1.561s
sys	0m2.519s
Thu Oct  3 03:51:19 UTC 2019

real	0m6.720s
user	0m1.839s
sys	0m2.803s
Thu Oct  3 03:51:26 UTC 2019

real	0m5.643s
user	0m1.735s
sys	0m2.798s
--- Mid run ---
Thu Oct  3 03:51:32 UTC 2019

real	0m6.086s
user	0m1.788s
sys	0m3.216s
=== Mid run end ===
Thu Oct  3 03:51:38 UTC 2019

real	0m6.096s
user	0m1.604s
sys	0m2.357s
Thu Oct  3 03:51:44 UTC 2019

real	0m5.674s
user	0m1.437s
sys	0m2.134s
Thu Oct  3 03:51:50 UTC 2019
