Thu Oct  3 03:51:22 UTC 2019
Thu Oct  3 03:51:22 UTC 2019

real	0m6.590s
user	0m1.616s
sys	0m2.631s
Thu Oct  3 03:51:28 UTC 2019

real	0m8.454s
user	0m1.809s
sys	0m2.404s
Thu Oct  3 03:51:37 UTC 2019

real	0m6.699s
user	0m1.507s
sys	0m2.170s
--- Mid run ---
Thu Oct  3 03:51:44 UTC 2019

real	0m6.744s
user	0m1.606s
sys	0m2.210s
=== Mid run end ===
Thu Oct  3 03:51:51 UTC 2019

real	0m8.000s
user	0m1.475s
sys	0m1.733s
Thu Oct  3 03:51:59 UTC 2019

real	0m6.054s
user	0m1.345s
sys	0m1.534s
Thu Oct  3 03:52:05 UTC 2019
