Thu Oct  3 03:49:26 UTC 2019
Thu Oct  3 03:49:26 UTC 2019

real	0m8.810s
user	0m2.184s
sys	0m3.697s
Thu Oct  3 03:49:35 UTC 2019

real	0m11.642s
user	0m2.327s
sys	0m3.947s
Thu Oct  3 03:49:47 UTC 2019

real	0m8.666s
user	0m2.116s
sys	0m3.405s
--- Mid run ---
Thu Oct  3 03:49:56 UTC 2019

real	0m8.217s
user	0m2.069s
sys	0m2.881s
=== Mid run end ===
Thu Oct  3 03:50:04 UTC 2019

real	0m6.286s
user	0m1.814s
sys	0m2.512s
Thu Oct  3 03:50:10 UTC 2019

real	0m5.886s
user	0m1.720s
sys	0m2.020s
Thu Oct  3 03:50:16 UTC 2019
