Thu Oct  3 03:49:08 UTC 2019
Thu Oct  3 03:49:08 UTC 2019

real	0m5.575s
user	0m1.453s
sys	0m2.424s
Thu Oct  3 03:49:14 UTC 2019

real	0m8.620s
user	0m1.511s
sys	0m2.186s
Thu Oct  3 03:49:23 UTC 2019

real	0m7.745s
user	0m1.750s
sys	0m3.001s
--- Mid run ---
Thu Oct  3 03:49:31 UTC 2019

real	0m9.473s
user	0m1.775s
sys	0m2.882s
=== Mid run end ===
Thu Oct  3 03:49:40 UTC 2019

real	0m5.735s
user	0m1.533s
sys	0m2.605s
Thu Oct  3 03:49:46 UTC 2019

real	0m6.815s
user	0m1.621s
sys	0m2.238s
Thu Oct  3 03:49:53 UTC 2019
