Thu Oct  3 03:51:11 UTC 2019
Thu Oct  3 03:51:11 UTC 2019

real	0m6.434s
user	0m1.931s
sys	0m2.559s
Thu Oct  3 03:51:18 UTC 2019

real	0m6.150s
user	0m1.926s
sys	0m2.688s
Thu Oct  3 03:51:24 UTC 2019

real	0m7.821s
user	0m1.985s
sys	0m2.849s
--- Mid run ---
Thu Oct  3 03:51:32 UTC 2019

real	0m7.413s
user	0m1.896s
sys	0m2.936s
=== Mid run end ===
Thu Oct  3 03:51:39 UTC 2019

real	0m6.234s
user	0m1.852s
sys	0m2.406s
Thu Oct  3 03:51:46 UTC 2019

real	0m7.007s
user	0m1.814s
sys	0m2.623s
Thu Oct  3 03:51:53 UTC 2019
