Thu Oct  3 03:49:26 UTC 2019
Thu Oct  3 03:49:26 UTC 2019

real	0m6.210s
user	0m2.007s
sys	0m3.339s
Thu Oct  3 03:49:33 UTC 2019

real	0m5.902s
user	0m1.962s
sys	0m2.922s
Thu Oct  3 03:49:39 UTC 2019

real	0m5.042s
user	0m1.852s
sys	0m2.450s
--- Mid run ---
Thu Oct  3 03:49:44 UTC 2019

real	0m4.130s
user	0m1.784s
sys	0m2.154s
=== Mid run end ===
Thu Oct  3 03:49:48 UTC 2019

real	0m5.602s
user	0m2.021s
sys	0m2.863s
Thu Oct  3 03:49:54 UTC 2019

real	0m3.172s
user	0m1.355s
sys	0m1.709s
Thu Oct  3 03:49:57 UTC 2019
