Thu Oct  3 03:49:07 UTC 2019
Thu Oct  3 03:49:07 UTC 2019

real	0m3.493s
user	0m1.464s
sys	0m1.868s
Thu Oct  3 03:49:11 UTC 2019

real	0m4.490s
user	0m1.846s
sys	0m2.232s
Thu Oct  3 03:49:15 UTC 2019

real	0m4.965s
user	0m1.906s
sys	0m2.581s
--- Mid run ---
Thu Oct  3 03:49:20 UTC 2019

real	0m5.276s
user	0m1.929s
sys	0m2.480s
=== Mid run end ===
Thu Oct  3 03:49:26 UTC 2019

real	0m5.442s
user	0m2.058s
sys	0m2.813s
Thu Oct  3 03:49:31 UTC 2019

real	0m6.431s
user	0m2.012s
sys	0m2.979s
Thu Oct  3 03:49:38 UTC 2019
