Thu Oct  3 03:49:08 UTC 2019
Thu Oct  3 03:49:08 UTC 2019

real	0m3.512s
user	0m1.443s
sys	0m1.950s
Thu Oct  3 03:49:12 UTC 2019

real	0m5.447s
user	0m1.929s
sys	0m2.683s
Thu Oct  3 03:49:17 UTC 2019

real	0m5.377s
user	0m2.034s
sys	0m2.714s
--- Mid run ---
Thu Oct  3 03:49:23 UTC 2019

real	0m6.402s
user	0m2.175s
sys	0m3.267s
=== Mid run end ===
Thu Oct  3 03:49:29 UTC 2019

real	0m6.807s
user	0m2.230s
sys	0m3.494s
Thu Oct  3 03:49:36 UTC 2019

real	0m5.473s
user	0m2.107s
sys	0m2.746s
Thu Oct  3 03:49:42 UTC 2019
