Thu Oct  3 03:51:19 UTC 2019
Thu Oct  3 03:51:19 UTC 2019

real	0m6.081s
user	0m2.038s
sys	0m3.074s
Thu Oct  3 03:51:25 UTC 2019

real	0m7.738s
user	0m2.208s
sys	0m3.394s
Thu Oct  3 03:51:33 UTC 2019

real	0m4.574s
user	0m1.867s
sys	0m2.542s
--- Mid run ---
Thu Oct  3 03:51:38 UTC 2019

real	0m5.386s
user	0m2.012s
sys	0m2.880s
=== Mid run end ===
Thu Oct  3 03:51:43 UTC 2019

real	0m4.798s
user	0m1.972s
sys	0m2.673s
Thu Oct  3 03:51:48 UTC 2019

real	0m3.970s
user	0m1.830s
sys	0m1.979s
Thu Oct  3 03:51:52 UTC 2019
