Thu Oct  3 03:49:01 UTC 2019
Thu Oct  3 03:49:01 UTC 2019

real	0m5.368s
user	0m1.576s
sys	0m1.819s
Thu Oct  3 03:49:07 UTC 2019

real	0m5.884s
user	0m1.591s
sys	0m2.030s
Thu Oct  3 03:49:13 UTC 2019

real	0m4.934s
user	0m1.852s
sys	0m2.869s
--- Mid run ---
Thu Oct  3 03:49:18 UTC 2019

real	0m7.078s
user	0m1.896s
sys	0m2.702s
=== Mid run end ===
Thu Oct  3 03:49:25 UTC 2019

real	0m4.708s
user	0m1.962s
sys	0m2.590s
Thu Oct  3 03:49:30 UTC 2019

real	0m6.044s
user	0m1.974s
sys	0m3.170s
Thu Oct  3 03:49:36 UTC 2019
