Thu Oct  3 03:49:19 UTC 2019
Thu Oct  3 03:49:19 UTC 2019

real	0m5.840s
user	0m1.917s
sys	0m2.781s
Thu Oct  3 03:49:25 UTC 2019

real	0m5.510s
user	0m2.218s
sys	0m3.182s
Thu Oct  3 03:49:30 UTC 2019

real	0m6.030s
user	0m2.209s
sys	0m3.152s
--- Mid run ---
Thu Oct  3 03:49:37 UTC 2019

real	0m5.601s
user	0m2.067s
sys	0m3.269s
=== Mid run end ===
Thu Oct  3 03:49:42 UTC 2019

real	0m4.741s
user	0m2.012s
sys	0m2.611s
Thu Oct  3 03:49:47 UTC 2019

real	0m5.199s
user	0m1.813s
sys	0m2.732s
Thu Oct  3 03:49:53 UTC 2019
