Thu Oct  3 03:51:24 UTC 2019
Thu Oct  3 03:51:24 UTC 2019

real	0m6.515s
user	0m2.275s
sys	0m2.952s
Thu Oct  3 03:51:31 UTC 2019

real	0m6.158s
user	0m2.323s
sys	0m3.389s
Thu Oct  3 03:51:37 UTC 2019

real	0m5.264s
user	0m2.134s
sys	0m2.961s
--- Mid run ---
Thu Oct  3 03:51:43 UTC 2019

real	0m4.716s
user	0m1.888s
sys	0m2.232s
=== Mid run end ===
Thu Oct  3 03:51:48 UTC 2019

real	0m3.742s
user	0m1.554s
sys	0m2.025s
Thu Oct  3 03:51:51 UTC 2019

real	0m3.926s
user	0m1.780s
sys	0m2.054s
Thu Oct  3 03:51:56 UTC 2019
