Thu Oct  3 03:51:08 UTC 2019
Thu Oct  3 03:51:08 UTC 2019

real	0m5.410s
user	0m1.651s
sys	0m2.076s
Thu Oct  3 03:51:14 UTC 2019

real	0m6.166s
user	0m1.672s
sys	0m2.207s
Thu Oct  3 03:51:20 UTC 2019

real	0m7.102s
user	0m1.874s
sys	0m2.687s
--- Mid run ---
Thu Oct  3 03:51:27 UTC 2019

real	0m9.746s
user	0m2.118s
sys	0m2.789s
=== Mid run end ===
Thu Oct  3 03:51:37 UTC 2019

real	0m5.988s
user	0m1.936s
sys	0m2.811s
Thu Oct  3 03:51:43 UTC 2019

real	0m8.432s
user	0m2.052s
sys	0m2.736s
Thu Oct  3 03:51:52 UTC 2019
