Thu Oct  3 03:49:07 UTC 2019
Thu Oct  3 03:49:07 UTC 2019

real	0m4.177s
user	0m1.740s
sys	0m2.256s
Thu Oct  3 03:49:11 UTC 2019

real	0m5.114s
user	0m2.078s
sys	0m2.847s
Thu Oct  3 03:49:17 UTC 2019

real	0m5.448s
user	0m2.140s
sys	0m3.190s
--- Mid run ---
Thu Oct  3 03:49:22 UTC 2019

real	0m6.077s
user	0m2.111s
sys	0m2.845s
=== Mid run end ===
Thu Oct  3 03:49:28 UTC 2019

real	0m6.873s
user	0m2.286s
sys	0m4.031s
Thu Oct  3 03:49:36 UTC 2019

real	0m6.044s
user	0m2.099s
sys	0m2.990s
Thu Oct  3 03:49:42 UTC 2019
