Thu Oct  3 03:50:54 UTC 2019
Thu Oct  3 03:50:54 UTC 2019

real	0m3.616s
user	0m1.423s
sys	0m1.485s
Thu Oct  3 03:50:58 UTC 2019

real	0m3.445s
user	0m1.338s
sys	0m1.695s
Thu Oct  3 03:51:01 UTC 2019

real	0m4.377s
user	0m1.775s
sys	0m2.188s
--- Mid run ---
Thu Oct  3 03:51:06 UTC 2019

real	0m3.809s
user	0m1.610s
sys	0m1.845s
=== Mid run end ===
Thu Oct  3 03:51:10 UTC 2019

real	0m5.214s
user	0m2.172s
sys	0m2.845s
Thu Oct  3 03:51:15 UTC 2019

real	0m5.264s
user	0m2.054s
sys	0m2.640s
Thu Oct  3 03:51:20 UTC 2019
