Thu Oct  3 03:51:19 UTC 2019
Thu Oct  3 03:51:19 UTC 2019

real	0m5.358s
user	0m2.052s
sys	0m3.058s
Thu Oct  3 03:51:25 UTC 2019

real	0m5.522s
user	0m1.895s
sys	0m2.188s
Thu Oct  3 03:51:31 UTC 2019

real	0m4.497s
user	0m1.807s
sys	0m2.209s
--- Mid run ---
Thu Oct  3 03:51:35 UTC 2019

real	0m4.285s
user	0m1.737s
sys	0m2.298s
=== Mid run end ===
Thu Oct  3 03:51:40 UTC 2019

real	0m4.015s
user	0m1.672s
sys	0m2.084s
Thu Oct  3 03:51:44 UTC 2019

real	0m3.902s
user	0m1.529s
sys	0m1.941s
Thu Oct  3 03:51:48 UTC 2019
