Thu Oct  3 03:51:14 UTC 2019
Thu Oct  3 03:51:14 UTC 2019

real	0m5.491s
user	0m1.662s
sys	0m2.906s
Thu Oct  3 03:51:19 UTC 2019

real	0m6.517s
user	0m1.683s
sys	0m3.570s
Thu Oct  3 03:51:26 UTC 2019

real	0m6.249s
user	0m1.812s
sys	0m3.210s
--- Mid run ---
Thu Oct  3 03:51:33 UTC 2019

real	0m5.812s
user	0m1.631s
sys	0m3.365s
=== Mid run end ===
Thu Oct  3 03:51:39 UTC 2019

real	0m5.024s
user	0m1.553s
sys	0m2.943s
Thu Oct  3 03:51:44 UTC 2019

real	0m5.078s
user	0m1.364s
sys	0m2.116s
Thu Oct  3 03:51:49 UTC 2019
