Thu Oct  3 03:50:59 UTC 2019
Thu Oct  3 03:50:59 UTC 2019

real	0m5.093s
user	0m1.393s
sys	0m2.047s
Thu Oct  3 03:51:04 UTC 2019

real	0m4.383s
user	0m1.655s
sys	0m2.585s
Thu Oct  3 03:51:09 UTC 2019

real	0m5.127s
user	0m1.542s
sys	0m2.304s
--- Mid run ---
Thu Oct  3 03:51:14 UTC 2019

real	0m4.732s
user	0m1.514s
sys	0m2.439s
=== Mid run end ===
Thu Oct  3 03:51:19 UTC 2019

real	0m4.607s
user	0m1.670s
sys	0m2.686s
Thu Oct  3 03:51:24 UTC 2019

real	0m5.596s
user	0m1.750s
sys	0m2.586s
Thu Oct  3 03:51:29 UTC 2019
