Thu Oct  3 03:51:01 UTC 2019
Thu Oct  3 03:51:01 UTC 2019

real	0m4.530s
user	0m1.895s
sys	0m2.415s
Thu Oct  3 03:51:05 UTC 2019

real	0m4.020s
user	0m1.727s
sys	0m2.156s
Thu Oct  3 03:51:10 UTC 2019

real	0m5.110s
user	0m2.060s
sys	0m2.822s
--- Mid run ---
Thu Oct  3 03:51:15 UTC 2019

real	0m4.987s
user	0m1.878s
sys	0m2.643s
=== Mid run end ===
Thu Oct  3 03:51:20 UTC 2019

real	0m5.251s
user	0m2.029s
sys	0m2.904s
Thu Oct  3 03:51:25 UTC 2019

real	0m5.776s
user	0m2.156s
sys	0m3.451s
Thu Oct  3 03:51:31 UTC 2019
