Thu Oct  3 03:51:17 UTC 2019
Thu Oct  3 03:51:17 UTC 2019

real	0m9.237s
user	0m2.007s
sys	0m4.046s
Thu Oct  3 03:51:27 UTC 2019

real	0m7.075s
user	0m1.776s
sys	0m4.050s
Thu Oct  3 03:51:34 UTC 2019

real	0m7.856s
user	0m1.809s
sys	0m3.759s
--- Mid run ---
Thu Oct  3 03:51:42 UTC 2019

real	0m7.232s
user	0m1.694s
sys	0m3.372s
=== Mid run end ===
Thu Oct  3 03:51:49 UTC 2019

real	0m5.814s
user	0m1.589s
sys	0m3.041s
Thu Oct  3 03:51:55 UTC 2019

real	0m4.894s
user	0m1.344s
sys	0m2.482s
Thu Oct  3 03:52:00 UTC 2019
