Thu Oct  3 03:49:14 UTC 2019
Thu Oct  3 03:49:14 UTC 2019

real	0m7.451s
user	0m1.634s
sys	0m3.345s
Thu Oct  3 03:49:21 UTC 2019

real	0m7.477s
user	0m1.905s
sys	0m4.345s
Thu Oct  3 03:49:29 UTC 2019

real	0m6.708s
user	0m1.926s
sys	0m3.529s
--- Mid run ---
Thu Oct  3 03:49:36 UTC 2019

real	0m6.771s
user	0m1.915s
sys	0m4.087s
=== Mid run end ===
Thu Oct  3 03:49:43 UTC 2019

real	0m5.946s
user	0m1.650s
sys	0m3.311s
Thu Oct  3 03:49:49 UTC 2019

real	0m6.307s
user	0m1.541s
sys	0m3.042s
Thu Oct  3 03:49:55 UTC 2019
