Thu Oct  3 03:49:16 UTC 2019
Thu Oct  3 03:49:16 UTC 2019

real	0m7.091s
user	0m1.767s
sys	0m3.603s
Thu Oct  3 03:49:23 UTC 2019

real	0m7.756s
user	0m1.854s
sys	0m4.364s
Thu Oct  3 03:49:31 UTC 2019

real	0m8.226s
user	0m1.863s
sys	0m3.956s
--- Mid run ---
Thu Oct  3 03:49:39 UTC 2019

real	0m6.032s
user	0m1.803s
sys	0m3.553s
=== Mid run end ===
Thu Oct  3 03:49:46 UTC 2019

real	0m6.112s
user	0m1.595s
sys	0m2.823s
Thu Oct  3 03:49:52 UTC 2019

real	0m5.654s
user	0m1.486s
sys	0m2.533s
Thu Oct  3 03:49:58 UTC 2019
