Thu Oct  3 03:49:22 UTC 2019
Thu Oct  3 03:49:22 UTC 2019

real	0m5.727s
user	0m2.104s
sys	0m2.826s
Thu Oct  3 03:49:28 UTC 2019

real	0m6.122s
user	0m2.062s
sys	0m2.969s
Thu Oct  3 03:49:34 UTC 2019

real	0m5.008s
user	0m1.934s
sys	0m2.914s
--- Mid run ---
Thu Oct  3 03:49:40 UTC 2019

real	0m4.745s
user	0m1.762s
sys	0m2.452s
=== Mid run end ===
Thu Oct  3 03:49:44 UTC 2019

real	0m4.243s
user	0m1.890s
sys	0m2.267s
Thu Oct  3 03:49:49 UTC 2019

real	0m3.875s
user	0m1.715s
sys	0m2.010s
Thu Oct  3 03:49:53 UTC 2019
