Thu Oct  3 03:49:15 UTC 2019
Thu Oct  3 03:49:15 UTC 2019

real	0m5.938s
user	0m1.644s
sys	0m2.743s
Thu Oct  3 03:49:21 UTC 2019

real	0m6.862s
user	0m1.744s
sys	0m3.542s
Thu Oct  3 03:49:28 UTC 2019

real	0m7.408s
user	0m1.812s
sys	0m4.017s
--- Mid run ---
Thu Oct  3 03:49:35 UTC 2019

real	0m5.751s
user	0m1.705s
sys	0m3.204s
=== Mid run end ===
Thu Oct  3 03:49:41 UTC 2019

real	0m6.232s
user	0m1.761s
sys	0m3.221s
Thu Oct  3 03:49:48 UTC 2019

real	0m5.217s
user	0m1.710s
sys	0m3.205s
Thu Oct  3 03:49:53 UTC 2019
