Thu Oct  3 03:49:12 UTC 2019
Thu Oct  3 03:49:12 UTC 2019

real	0m5.817s
user	0m1.744s
sys	0m2.536s
Thu Oct  3 03:49:18 UTC 2019

real	0m5.663s
user	0m1.734s
sys	0m2.566s
Thu Oct  3 03:49:24 UTC 2019

real	0m7.703s
user	0m1.934s
sys	0m3.123s
--- Mid run ---
Thu Oct  3 03:49:31 UTC 2019

real	0m8.834s
user	0m2.039s
sys	0m2.864s
=== Mid run end ===
Thu Oct  3 03:49:40 UTC 2019

real	0m7.460s
user	0m2.006s
sys	0m3.034s
Thu Oct  3 03:49:48 UTC 2019

real	0m6.710s
user	0m1.925s
sys	0m2.595s
Thu Oct  3 03:49:55 UTC 2019
