Thu Oct  3 03:51:22 UTC 2019
Thu Oct  3 03:51:23 UTC 2019

real	0m6.575s
user	0m1.781s
sys	0m3.476s
Thu Oct  3 03:51:29 UTC 2019

real	0m6.535s
user	0m1.776s
sys	0m3.631s
Thu Oct  3 03:51:36 UTC 2019

real	0m6.226s
user	0m1.604s
sys	0m3.129s
--- Mid run ---
Thu Oct  3 03:51:42 UTC 2019

real	0m5.371s
user	0m1.650s
sys	0m2.848s
=== Mid run end ===
Thu Oct  3 03:51:48 UTC 2019

real	0m6.046s
user	0m1.639s
sys	0m2.848s
Thu Oct  3 03:51:54 UTC 2019

real	0m4.662s
user	0m1.359s
sys	0m2.136s
Thu Oct  3 03:51:59 UTC 2019
